---- Cluster id #1 ----
Size: 63
颁发 办法 保留 本 采矿 采矿权 出资 传销 党建 登记 发布 范围 供 公告 管理 国际象棋 国务院 华为 黄淮 会同 减 减免 缴纳 开采 勘查 矿产 拉那烈 冷空气 领取 免 名称 年度 欧佩克 平方公里 评估 起 气象台 日 塞拉利昂 申请 审批 手续 苏丹 探矿权 提交 天然气 铁 停止 投入 万达队 限期 小到中雨 许可证 延续 予以 原 暂行 招标 证书 转让 资料 资源 最低 
---- Cluster id #2 ----
Size: 23
澳 澳门 颁奖 比较 操作 撤销 丛书 代理 电脑 防伪 股 股东 股市 交易 两地 披露 申报 提醒 营业部 月球 指定 中文 抓获 
---- Cluster id #3 ----
Size: 43
帮扶 带领 地理 对口 防治 扶 扶贫 富裕 感人 攻坚 户 计划生育 艰苦创业 建 江西省 经济林 靠 老区 立足 路子 农田 怕 贫困 贫困户 贫困县 贫穷 穷 全村 全县 山区 省区 失学 受益 特困户 脱贫 温饱 物 县政府 消除 养殖 雨 致富 自力更生 
---- Cluster id #4 ----
Size: 100
案件 办案 暴力 爆炸 不够 财产 查办 呈 惩处 打击 当事人 递增 调节 懂 毒品 队伍 发票 罚 法官 法院 犯罪 犯罪分子 方略 干警 干扰 公共 公约 公正 够 航运 合法 贿赂 及时 加重 检察 件 建新 解释 金额 禁毒 纠纷 纠正 举报 来信 类 类型 立 力气 每年 民事 宁波 判处 判决 赔偿 破坏 抢劫 权益 人民法院 上升 涉嫌 审理 审判 售 受理 数额 思卿 司法 诉讼 贪污 危害 违法 违章 线索 效果 刑事 性质 严打 严厉 严肃 严重 一体 有力 增大 增多 正气 知识产权 职务 执法 执行 致使 制 制约 秩序 治安 治国 中级 宗旨 综合治理 最高 渎职 
---- Cluster id #5 ----
Size: 25
博物馆 长足 大门 个性 公众 观众 还 京城 令 齐全 上演 声 失 收藏 首都 思念 喜悦 戏 兴趣 寻找 演 依旧 忧虑 展 展览 
---- Cluster id #6 ----
Size: 30
伴随 北风 大地 锋 奉献 幅 感受 姑娘 号召 弘扬 集装箱 检测 雷 某部 派出所 青少年 清华 人生 社 事迹 送给 题词 现任 新人 学 一流 涌现 再现 展出 真情 
---- Cluster id #7 ----
Size: 20
不幸 度过 儿子 份 和谐 画家 艰辛 讲述 旅 美术 鸣 南极 平安 平静 室内 为何 英雄 勇敢 祝福 自然 
---- Cluster id #8 ----
Size: 112
班 报刊 暴露 倍 表演 拨 拨款 不足 步入 部 财力 藏 场所 出版 处于 传 纯收入 此前 达 大家庭 当地 得出 地 儿童 佛教 各类 攻击 公民 共有 固定 汉 黄金 级 继 价 监狱 建成 教 今 近年来 经 景象 境内 旧 开办 课题 拉萨 累计 列为 流行 论 论文 每 每周 免费 民间 年均 平方米 平均 瓶 权利 全国性 全区 人均 人口 人权 少数民族 设有 省市 使用 世 首要 所 特殊 同一 统计 文字 西藏 习惯 现有 县 享有 校 信仰 修复 悬挂 学术 严寒 拥有 语言 原始 遭受 占有 整理 政 证实 支援 之下 指责 中部 中期 中央政府 撰写 状况 自由 自治区 自主 宗教 总数 罪犯 尊重 座 
---- Cluster id #9 ----
Size: 44
北约 本国 波罗的海 大国 独联体 俄 俄罗斯 访 各国 各自 构想 哈 伙伴 吉 据说 科索沃 扩 理事会 联盟 谋求 欧洲 签署 渗透 首脑 守 条约 维和 乌 乌克兰 西方 西欧 宪章 削减 削弱 协定 演习 叶利钦 一体化 伊朗 伊斯兰 油气 元首 争夺 中亚 
---- Cluster id #10 ----
Size: 60
奥地利 长城 吃饭 春 春风 此时 大师 大厅 动 动人 感动 歌剧 攻 海口 惠芬 激情 技巧 间 惊人 乐观 乐团 历时 联手 梦 描绘 年轻人 评论 墙 热情 人间 弱 散 伤 试 手术 她 抬 题写 天地 天下 外地 维也纳 舞 舞台 县城 校园 心灵 雄厚 演出 演奏 一代 遗憾 艺术家 意志 音乐 音乐会 圆 这时 重返 闵 
---- Cluster id #11 ----
Size: 36
百分点 拆 拆借 筹资 存 存款 大于 低于 法定 法人 幅度 高于 工具 挂钩 机构 降低 结算 金融 考核 理顺 利率 利于 名义 哪些 投放 下调 下降 现行 一般 用于 有利于 月 这次 准备金 准备金率 资金 
---- Cluster id #12 ----
Size: 77
常委会 常务 程序 惩治 充实 筹备 代表 代表大会 地方 督促 法 法规 法律 法制 法治 赋予 改进 共计 规范 规则 规章制度 国家机关 候选人 划分 换届 汇报 季度 纪云 监督 检查 接待 借鉴 决定 框架 立法 力求 每次 难点 其余 起草 权威 热点 人大 人大代表 任期 日常 设立 审议 实施 实效 适合 市场经济 授权 特别 听取 委员会 宪法 信访 行使 行政区 修改 选出 选举 依据 议案 议会 有益 征求 征收 正当 职权 制定 中华人民共和国 诸 专门 组成 遵循 
---- Cluster id #13 ----
Size: 104
安 办事处 爆发 被动 才能 参与 策略 长征 朝鲜 成立 持久 初 初期 促成 打 担任 当选 党内 到达 德 敌人 抵制 奠定 动员 斗争 独立自主 夺取 发动 发起 翻译 风采 革命家 根据地 共产党员 国防 国民党 红军 后 后勤 进攻 经济基础 军 军队 军民 军事 抗日 抗日战争 抗战 联络 灵活 留给 率领 毛 南斯拉夫 篇 迫使 清除 人民军队 日报 善于 少奇 深厚 生涯 胜利 时期 事件 同志 退 拖 顽强 文选 我党 我军 无产阶级 武装 伍 协助 修权 拥护 运动 早 早期 泽东 占领 战场 战斗 战术 战役 战争 真理 争取 政权 之一 指挥 致力 中央军委 重任 主持 主观 著名 子文 总参谋长 总政治部 作战 
---- Cluster id #14 ----
Size: 40
安置 编者 出路 创业 第三产业 分流 扶持 富余 干 岗位 工会 缓 活 街道 就业 块 劳动力 劳务 没 门路 女工 培训 上岗 失业 市 税务 私营 特困 拓宽 武汉 武汉市 吸纳 系统工程 下岗 兴办 优惠 职工 职业 中心 转移 
---- Cluster id #15 ----
Size: 45
变成 表达 别的 别国 创立 打开 地域 定位 飞跃 概括 共产党人 共识 还要 回答 集体 建国 讲 阶段 经历 救 口号 历史性 领袖 毛泽东思想 前列 全党 确认 三中全会 甚 时候 逝世 唯一 为什么 文献 系列 鲜明 相同 以后 以前 勇气 造就 这个 正是 郑重 中山 
---- Cluster id #16 ----
Size: 91
安排 安装 本人 编制 表率 不正之风 不准 财税 财政 查处 赤字 初步 出台 处分 党风 党性 党员 党政 党政机关 得益 电话 对策 遏制 反 分子 腐败 负 负担 干部 公款 关税 好转 狠抓 会计 机 集资 纪检 纪律 纪委 监察 监控 坚决 艰苦奋斗 减少 健行 开支 考验 礼品 力度 廉洁自律 廉政 落实 蔓延 评议 强化 清理 庆典 全会 上级 奢侈浪费 实体 收费 收入 收支 税收 土壤 完成 违纪 尉 严格 严禁 一级 预防 预期 预算 元 源头 责任制 增幅 赠送 支出 制止 治理 抓好 专项 追究 准则 着重 自 自觉性 钻研 
---- Cluster id #17 ----
Size: 31
办学 抱 弊端 变革 部分 部委 陈旧 成人 封闭 高等 高等教育 高校 共建 国家教委 互补 价值观 教职工 据悉 浪费 类似 趋势 缺乏 人文 设置 所属 套 体制 消耗 学科 造福 重复 
---- Cluster id #18 ----
Size: 25
发出 饭店 风 感觉 古老 光明 寒冷 火 家中 渴望 冷 美丽 那 那个 那些 如此 深处 生命 添 温暖 喜欢 心情 言 怎样 种 
---- Cluster id #19 ----
Size: 25
云 邦国 表彰 布赫 长春 春耕 春云 大胆 代表团 动手 改制 光英 广东 贵鲜 海南 好处 技能 家宝 家华 菊 农垦 庆林 上下 收成 铁映 
---- Cluster id #20 ----
Size: 48
奔 楚政 床 地上 冬 断 富 根 工地 孤儿 好事 划 患 挤 家乡 建房 脚 进 举 开阔 可观 拉开 龙 冒 民兵 爬 彭 清 如同 双 睡 似 躺 趟 填 脱贫致富 碗 湘西 乡亲 羊 养猪 逾 镇 阵阵 州 仔细 自治州 足 
---- Cluster id #21 ----
Size: 51
奥运会 澳大利亚 比赛 冰球 冰雪 长野 成绩 出色 大赛 登 冬奥会 动作 对手 夺 夺得 夺冠 分 冠军 滑 滑雪 获得 角逐 教练 金牌 锦标赛 决赛 亮 枚 米 秒 名将 名列 男子 难度 女子 挪威 破 上届 世界杯 世界纪录 速滑 跳 铜 选手 亚军 意外 银 游泳 中国队 妍 缪 
---- Cluster id #22 ----
Size: 116
阿拉伯 阿盟 阿齐兹 埃及 安理会 安南 奥尔布赖特 巴格达 巴黎 白宫 报道 备忘录 本报 避免 编辑 场 常任 常驻 此间 磋商 达成 打电话 打算 大规模 担心 地点 电 调解 动武 动用 对付 发布会 发言人 法国 反对 否认 符 各方 公报 关切 国防部长 国务卿 果 海湾 号 核查 后果 获悉 记者 加紧 加剧 焦点 结束 解除 紧张 谨慎 警告 局势 拒绝 决议 开罗 科恩 科威特 理事国 利比亚 立场 联合国 罗马 美 美国 美军 美联社 穆巴拉克 普里马科夫 前往 谴责 情绪 认为 萨达姆 艘 态度 谈话 特使 特委会 通报 透露 途径 推迟 外长 外交 外交大臣 晚 威胁 危机 斡旋 武力 武器 希拉克 袭击 销毁 小组 协议 新华社 选择 寻求 伊 伊拉克 约旦 招待会 之前 旨在 制裁 准备 总统 总统府 最新 
---- Cluster id #23 ----
Size: 67
案 补充 材料 待 逮捕 调 法庭 该 公安 公安部 管辖 规定 机关 检察院 鉴定 结论 居住 可以 款 理由 立案 律师 秘密 批准 聘请 期间 期限 起诉 侵犯 轻 请求 权 认定 入 上述 涉及 审查 省级 事实 是否 释放 收到 收集 收取 属于 说明 随 提起 通知 同意 为由 委托 未能 嫌疑人 刑法 刑事诉讼法 姓名 修订 询问 延长 应当 在场 照片 侦查 证据 证明 罪 
---- Cluster id #24 ----
Size: 48
报 部门 称 处罚 措施 单位 地震 定价 罚款 防震 负责 干预 给予 构成 价格 监测 减灾 紧急 经营者 其他 情节 权限 人民政府 丧失 伤亡 商品 省 适用 损害 提供 条 违反 县级 相应 消费者 行为 行政 虚假 以外 有关 预报 灾害 造成 责令 章 指 主管 遵守 
---- Cluster id #25 ----
Size: 30
变动 产权 存量 分离 该书 工人 股份制 观点 邯钢 角度 阶层 经济效益 空间 另 流动 盘活 群体 身份 水准 特征 位置 显然 效应 移 有人 原有 运营 增值 之外 资本 
---- Cluster id #26 ----
Size: 58
必然 参考 参政议政 承办 出访 大局 代表性 党派 调研 对外 儿女 发言 反腐倡廉 反映 风貌 服从 稿 各界 规范化 汗水 好评 宏伟 活跃 机关干部 加深 交往 开拓 考察 履行 论坛 迈 侨胞 渠道 人士 荣 入手 提案 团体 拓展 围绕 委员 向前 象征 协商 邀请 毅仁 应邀 展望 章程 政协 职能 制订 制度化 周年 主动 专题 组 座谈会 
---- Cluster id #27 ----
Size: 47
朝 车站 春运 地处 对 发 分工 高速 公里 广 广州 果断 沪 火车 纪录 津 京 九 卡 开 开通 客车 客运 快速 昆 列 列车 临时 旅客 每天 南 商务 神 时刻 售票 提 铁道部 铁路 通道 图 为主 线 小时 沿线 涌 增收 增至 
---- Cluster id #28 ----
Size: 50
办公 不便 差距 长江 促 告诉 更新 购物 广场 机遇 集体经济 江苏 交给 交通 捐款 竣工 开工 空 库区 老百姓 面貌 民心 难题 凝聚 起步 企业界 前所未有 全市 人心 三峡 商店 上游 市政府 市中心 思路 停车 吸引 乡镇企业 修建 移民 优美 振奋 之内 直辖市 指挥部 中外 重庆 重庆市 主 自愿 
---- Cluster id #29 ----
Size: 38
查 长期以来 厂 厂长 串 此案 掉 工厂 功 罕见 辉煌 急需 佳 家人 奖金 金钱 巨额 苦 劳动模范 漏洞 妻子 荣誉 设 时健 受贿 外 辛苦 心态 烟 云南 账 知名 之后 赚 追 子女 总裁 褚 
---- Cluster id #30 ----
Size: 39
传来 村庄 大雪 抵 第一线 黑 家具 结成 救灾 捐赠 抗灾 肯 空前 扩展 连日来 脸 粮 路 牧民 那曲 难关 缺 烧 手 特大 通 物资 掀起 兄弟 修 畜 雪灾 衣服 运 灾 灾情 中南海 重建 自救 
---- Cluster id #31 ----
Size: 33
阿拉法特 巴 巴勒斯坦 撤军 冲突 辞职 打破 方案 分歧 华盛顿 进程 抗议 克林顿 恐怖 库克 黎 黎巴嫩 南部 内阁 内塔尼亚胡 前夕 设想 士兵 西岸 叙利亚 宣布 耶路撒冷 以 以色列 印 犹太人 约旦河 中东 
---- Cluster id #32 ----
Size: 56
背景 比如 表现 沉重 出生 创作 独特 多样化 发掘 反响 风格 关注 获奖 讲究 揭示 景观 具 刊物 可喜 栏目 理性 灵魂 门 年轻 浓 期待 期刊 情感 秋 散文 商 深 时尚 试图 收获 思考 题材 痛苦 推出 显 显示 现实 现实主义 写 心理 性格 扎实 崭新 展示 珍惜 诸如 专栏 姿态 尊严 作品 作者 
---- Cluster id #33 ----
Size: 91
Ａ 包袱 边界 表 表面 不如 成本 出去 出于 传递 大 代价 等于 动态 多元化 放弃 费用 分散 风险 改组 跟 功能 规模 国外 合并 衡量 机会 集团 家 兼并 简单 见解 节省 进出口 进入 经营 聚集 看来 可能 跨 亏损 扩张 浪潮 例如 联合 连续 垄断 目的 纽带 排 排名 企业 强 全新 如 实力 世界 收益 手段 数量 速度 维持 无法 限度 限制 销售 销售额 小 效率 行列 行业 迅速 业务 一样 营销 盈利 优势 运转 杂志 政府部门 值得 指明 中介 中小企业 专业化 追求 资产 总部 组合 最终 做法 
---- Cluster id #34 ----
Size: 136
啊 吧 八一队 搬 边 遍 唱 炒 吃 出 出来 穿 错 答应 大家 大姐 带 倒 读者 顿 翻 分钟 夫妇 父亲 感情 敢 告别 歌声 隔 给 跟着 古典 关怀 豪华 好像 红 湖 花 画 怀 荒山 回 回到 激动 记 记忆 见 将军 江南 饺子 叫 觉得 开会 看 看出 客人 快乐 啦 来到 里 了 留 流 落 妈妈 吗 忙 牡丹 哪 那么 那时 那天 呢 你 你们 弄 乒乓球 请 去 全家 让 人家 日子 塞 山 上面 深切 审美 声音 诗 诗歌 诗人 时节 什么 事 水 说 死 踢 天 听到 突然 托 挖 玩 完 忘 我 西安 西北 下来 香 想 想起 像 笑 些 欣赏 新村 心 心里 行 延安 样子 也 誉为 在 怎么 扎 照 真相 正好 知道 之 中国画 住 
---- Cluster id #35 ----
Size: 39
奥委会 本轮 博览会 产业化 传播 传媒 大众 公益 国家队 甲Ａ 教练员 居 俱乐部 篮球 联赛 辽宁队 媒介 媒体 男篮 男女 男排 宁 女排 排球 强劲 球 球队 球员 赛场 赛季 赛事 胜 体委 体育 用品 运动员 主场 主教练 足球 
---- Cluster id #36 ----
Size: 37
闭幕 表决 草案 次 大会 大会堂 光亚 国权 会场 会议 建议 开幕 鲁丽 名单 拟 全体 热烈 人选 日程 摄 提名 提请 铁木尔・达瓦买提 通过 推荐 伟长 响起 选平 议程 酝酿 掌声 兆国 正英 主持人 主席台 主席团 孚凌 
---- Cluster id #37 ----
Size: 29
班长 筹措 船 船舶 订 发射 份额 高速公路 公路 骨干 汉语 航天 火箭 建造 接 接轨 看好 卢布 农场 起点 全场 缩短 相比 消化 引进 造 周期 总公司 走访 
---- Cluster id #38 ----
Size: 22
病毒 波恩 成员国 德国 电信 非法 缓慢 警方 马克 难民 膨胀 评 人数 手机 投 土耳其 网上 希腊 意大利 因特网 载 周刊 
---- Cluster id #39 ----
Size: 12
爱尔兰 北爱 布莱尔 词 大中 和谈 伦敦 南北 贴 形象 英 英国 
---- Cluster id #40 ----
Size: 61
白酒 百姓 不见 不知 灿烂 此后 打下 大海 大小 当 道 道理 等 端 钢琴 国企 寒风 后者 话 甲醇 假 奖 借 酒 句 堪称 颗 口 来临 蓝 利润 临 难 您 捧 漂亮 山西 上任 剩下 世人 双手 说话 台 掏 天空 听说 同事 同行 童 喜 想法 呀 眼 爷爷 艺术品 意思 志成 珠江 自豪 总经理 帷幕 
---- Cluster id #41 ----
Size: 35
北方 草 草地 恶化 该县 攻关 公顷 贵州 国土 黄河 江西 棵 林业 流失 流域 绿化 绿色 面积 亩 南方 青海 人均收入 认可 生态 试验 树 水土 踏 细 小麦 畜牧业 养 造林 植树 中科院 
---- Cluster id #42 ----
Size: 48
本身 侧面 带有 单纯 导演 电视剧 对立 改编 沟通 规律 汉年 忽视 虎踞 话剧 话题 精彩 可能性 老虎 里面 描写 难免 闹 内在 能否 拍摄 青春 圈 热闹 使得 双重 思维 塑造 腿 文学 文艺 洗 戏剧 小说 写作 新兴 严谨 艺术 影视 诱惑 这部 真实 钟山 作家 
---- Cluster id #43 ----
Size: 19
长沙 大连 大楼 大厦 电器 福州 股份 昆明 南昌 商场 商厦 石家庄 实业 输出 徐州 有限 有限公司 郑州 珠海 
---- Cluster id #44 ----
Size: 53
比索 贬值 不利 出口 储备 传真 创汇 底 跌 东南亚 东亚 动荡 短期 兑 菲律宾 纷纷 服装 附加值 官方 韩国 汉城 合 回升 汇率 降 经常 拉美 流入 马来西亚 马尼拉 曼谷 贸易 美元 墨 墨西哥 人民币 收盘 顺差 泰国 通货膨胀率 外汇 外贸 外债 外资 委内瑞拉 下跌 雅加达 依赖 印度尼西亚 印尼盾 盈余 预计 至 
---- Cluster id #45 ----
Size: 34
把 保卫 部队 称号 称赞 担负 导弹 电厂 锻炼 海军 洪水 解放军 军委 空军 练 命名 庆祝 全军 热潮 认清 师 使命 司令员 透 忘记 武警 训练 研制 院校 战斗力 战士 中队 忠诚 组建 
---- Cluster id #46 ----
Size: 39
变为 差别 超越 成分 承认 当中 得 非公有制 公平 公有制 共产主义 股份合作制 归 红色 激发 经过 矿 劳动 量 马克思 煤 煤矿 没收 倾斜 融合 事实上 手里 私人 所有制 土地 细胞 消灭 宣言 要素 优先 原来 挣 资本主义 资产阶级 
---- Cluster id #47 ----
Size: 26
长官 繁荣 风暴 风波 港 回归 基本法 驾驭 建华 交接 两会 美好 内地 乔 社长 石 事务 市民 司长 特区 网球 为首 香港 信心 致以 驻 
---- Cluster id #48 ----
Size: 25
保健 病人 放心 管理局 哈佛 患者 疾病 健康 评为 社区 身体 卫生 卫生部 血 药 药品 医疗 医学 医药 右 治疗 中药 中医 中医药 注册 
---- Cluster id #49 ----
Size: 51
波兰 茶话会 阐述 出席 打假 调查 发表 反应 防火 赴 甘肃 纲要 高级 华清 柬埔寨 讲话 锦涛 举行 看望 列入 率 民工 强有力 日期 瑞典 瑞环 森林 声明 苏 苏联 讨论 题 希望工程 新鲜 研讨 研讨会 演讲 议题 迎春 与会 越 越南 障碍 正常化 指出 智利 驻地 着手 作 座谈 F基 
---- Cluster id #50 ----
Size: 38
帮 帮助 报名 岛 服务 服务队 妇联 妇女 个体 顾客 挂 柜台 互助 货 揭晓 卖 女性 牌子 蓬勃 青岛 青年 热心 商标 生意 实用 书法 司 他人 突尼斯 团中央 喜爱 新风 行动 依托 征文 志愿 志愿者 助 
---- Cluster id #51 ----
Size: 37
本领 崇高 错误 对象 犯 敢于 官僚主义 贵 集 角色 借助 境界 领导者 某种 判断 欠 清醒 权力 认识 生机 失败 事物 视野 手中 头脑 脱离 外部 一把手 意识 勇于 知 主体 资 自己 自身 自我 走过 
---- Cluster id #52 ----
Size: 18
采购 核 核电站 火灾 基建 可靠 批示 审计 投产 外国 外国人 下属 消防 新年伊始 验收 运行 专家 撞 
---- Cluster id #53 ----
Size: 37
报警 残疾人 超出 成熟 承诺 大队 歹徒 房间 高中 公安局 河南 价值 接到 警察 楼 民 民警 女士 平凡 桥 桥梁 取 热线 同类 危险 现场 小事 行人 巡警 一等奖 义务 议论 引发 找 这么 值 值班 
---- Cluster id #54 ----
Size: 31
薄 本地 长工 储量 创办 大庆 地质 典礼 东部 发现 光彩 光荣 何 华北 艰苦 劲 精力 勘探 品质 平原 普查 亲 区 深感 深受 石油 献身 油田 找到 直至 装备 
---- Cluster id #55 ----
Size: 113
爱 爱护 榜样 宝贵 伯伯 不顾 采访 策划 彻底 此事 大桥 诞辰 诞生 得知 典范 懂得 恩来 房子 风范 复杂 高尚 公仆 公认 国王 怀念 坏 极端 记得 坚定 艰难 接触 接见 杰出 尽 敬爱 久 老一辈 离开 历程 领导人 留下 每个 美德 缅怀 面前 名字 哪里 那样 那种 难忘 内外 内心 拍 朋友 品格 前后 侵略 亲属 青 倾听 情 去世 全世界 热爱 人格 身 身边 身上 深情 时 事情 思 他 替代 投身 伟人 位 文化大革命 牺牲 细致 献给 想象 写道 心血 心中 信念 休息 眼睛 一起 一生 遗产 以为 印象 颖超 永恒 忧 赞扬 战友 这样 政治家 之际 直到 智慧 中毒 中华民族 中间 周 装 卓越 字 最后 崛起 魅力 
---- Cluster id #56 ----
Size: 31
并非 补贴 出售 大树 抵押 房 分配 福利 工资 购 江淮 角 例 每月 派 配 实物 市场化 税 送 外来 务工青年 享受 消费 小区 需 增 住房 住宅 转 租 
---- Cluster id #57 ----
Size: 31
败 比分 斌 参赛 常 闯 段 番 获胜 击败 开幕式 轮 名人战 盘 棋 棋手 取胜 人民日报 赛 深圳市 通讯 围棋 讯 赢 预赛 遭 战 战胜 主办 子 昊 
---- Cluster id #58 ----
Size: 41
场面 冲 搭 顶 东北部 饭 奋战 赶 赶到 赶来 感慨 官兵 救援 军区 抗震救灾 脸上 路上 命令 某 派出 前线 抢险 亲人 摄氏度 射击 受伤 受灾 慰问 夜 医疗队 灾民 灾区 张北 张家口 帐篷 支队 直升机 只见 重 子弟兵 总队 
---- Cluster id #59 ----
Size: 12
报纸 被告 房地产 房屋 广告 合同 花园 交付 刊登 签订 商品房 特定 
---- Cluster id #60 ----
Size: 36
保存 杯 层 常州 大道 大街 地面 都市 繁华 风景 故居 喝 河 欢乐 佳节 节日 宽 旅游 名人 浓郁 啤酒 品位 气 气氛 气息 庆 缺少 市区 书画 数 文化 屋 喜庆 祥和 一派 营造 
---- Cluster id #61 ----
Size: 33
办理 保值 不满 财政部 持 持有 储蓄 到期 兑付 付 公布 购买 国债 计 计算 加 节 开始 利息 满 年利率 凭证式 期 事宜 提前 提问 网点 应付 营业 邮政 遇 债券 支付 
---- Cluster id #62 ----
Size: 46
巴基斯坦 边境 乘 抵达 定期 访问 夫人 富有 钢铁 国旗 荷 荷兰 会晤 交谈 琳 隆重 卢森堡 莫斯科 旁 陪同 鹏 频繁 切尔诺梅尔金 亲切 人群 三角洲 使馆 首相 书面 外经贸部 为期 鲜花 献 详细 协作 谢里夫 新华 冶金 仪式 迎接 友协 圆满 正式 祝愿 驻华 总理 
---- Cluster id #63 ----
Size: 51
安徽 班子 编者按 变 财务 成 从业 村 村干部 村里 村民 村委会 村务公开 大事 党支部 电价 干群 高低 供电 公开 河北 后面 怀疑 基层 交 困扰 乱 满意 明白 农村 农户 农民 盼 前面 求 全省 确实 任职 上访 说法 投票 推 推行 西部 县里 乡 乡村 咱 这项 阵地 整顿 
---- Cluster id #64 ----
Size: 63
财富 产业 成长 创新 带动 导向 到来 动力 多利 发达国家 发明 发展中国家 分为 改变 概念 高新技术 革新 获取 机器 积累 即 技术 进步 竞争力 具备 科技 科技界 科教兴国 科学技术 科研 可 克隆 劳动者 利用 论断 迈进 面临 能源 前沿 取决于 全球化 人工 人类 人力 生存 实验室 世纪之交 挑战 网络 信息 兴起 迅猛 研究 应用 原材料 真正 知识 知识经济 之上 智力 注入 转化 走向 
---- Cluster id #65 ----
Size: 32
背 边防 产 长 大棚 恶劣 盖 高原 公斤 海拔 基地 结 军分区 空白 领 们 培训班 偏 奇迹 气温 停留 头 土 雪 玉米 栽 栽培 种植 株 猪 驻军 足够 
---- Cluster id #66 ----
Size: 35
安全 标志 冰箱 不得 仓库 从事 地下 电力 发电 个人 奖励 距离 科龙 跨越 扩建 垃圾 内 器材 任何 如下 设施 施工 水库 损失 所在 条例 物品 线路 新建 兴建 延伸 移动 应 周围 作业 
---- Cluster id #67 ----
Size: 22
波黑 大选 封锁 古巴 国大党 国民 贺电 竞选 科尔 领先 麻烦 民主党 凝聚力 人民党 席位 选民 选票 议长 印度 阵线 政党 执政 
---- Cluster id #68 ----
Size: 62
北部 宾馆 不错 不怕 尝 充满 大学生 多少 返回 共和国 谷 观看 过来 过去 喊 合影 季节 井 兰州 离 连 连队 楼房 绿 门前 棉花 目光 年龄 农家 片 飘 拼搏 葡萄 前来 情景 上来 岁月 围 位于 乌鲁木齐 响 小平 新疆 心声 兴奋 匈牙利 选拔 阳光 一行 迎 迎来 幽默 犹如 油 远 摘 站 招 这块 震 主人 坐 
---- Cluster id #69 ----
Size: 37
阿根廷 波音 尝试 乘客 筹集 等待 东方 飞 飞机 飞行 风情 公司 管制 航班 航空 航线 机场 集团公司 架 蓝天 每人 民航 票 签 人次 上门 事故 授予 通用 外面 微笑 小姐 形 选 折 总局 租赁 
---- Cluster id #70 ----
Size: 27
包含 产品 抽查 创 达标 丢 合格 轰动 环保 环保局 机动车 激烈 竞争 空气 名牌 排放 牌 品牌 清洁 污染 兴 用户 优 优质 占据 指数 质量 
---- Cluster id #71 ----
Size: 37
城 创建 到位 道德 店 工商局 狗不理 活动 假货 假冒伪劣 精神文明 老板 理想 礼貌 利 联 连锁 评选 群众性 热水器 人人 商家 实 实实在在 实事 同 投诉 文明 无 舞剧 吸取 信誉 修养 引 载体 扎扎实实 真 
---- Cluster id #72 ----
Size: 24
不良 不惜 大藏省 倒闭 导致 东京 队 队员 法案 官员 国会 合资 回收 会员 开业 泡沫 桥本 日本 日元 厅 投机 有待 债权 职员 
---- Cluster id #73 ----
Size: 148
办公室 办公厅 北京 北京大学 北京市 毕业 博士 部长 参加 常委 常务委员 车间 成都 成员 冲击 出任 大学 党委 党校 党组 地委 东北 董事长 队长 分局 福建 福建省 副 干事 工程师 工商 工商联 工业部 工作组 共青团 顾问 广东省 国防部 国务委员 哈尔滨 汉族 黑龙江 黑龙江省 红旗 红十字会 湖北 湖北省 湖南 华南 化学 会长 获 吉林 吉林省 计委 加入 兼 教授 届 经理 救济 局 局长 科长 科学院 联合会 辽宁 辽宁省 秘书 秘书长 民革 名誉 男 纽约 其间 清华大学 全国 人事部 任 日内瓦 山东 上海 上海市 上将 沈阳 生 省长 省委 省政府 市长 市委 首席 受 书记 书记处 数学 水利部 四川 所长 天津 天津市 铁路局 团 外事 委员长 系 厦门 县委 相当 校长 协会 学位 学习 学员 学院 研究生 研究室 研究所 研究员 研究院 业余 议员 院 院长 院士 浙江 政法 政委 政治部 政治局 职 中共 中共中央 中华 中学 中央 中央委员 主编 主任 主任委员 主席 助理 住院 专业 总工会 总会 组长 组织部 
---- Cluster id #74 ----
Size: 44
巴金 背后 彼此 编 别人 初中 夫妻 父母 功夫 故事 过 孩子 贺卡 花钱 回家 回去 寄 家长 看见 老伴 老人 磊 拿 奶奶 女儿 上学 尚 少年 生日 师傅 收 送礼 算 岁 同学 退休 文章 信 学会 页 一家 丈夫 这儿 自行车 
---- Cluster id #75 ----
Size: 51
爱国 爱心 冰 病 参观 传达 打工 对方 封 负责人 告 工人阶级 家里 家属 紧 救助 捐 捐助 看看 民主党派 母亲 南京 迫害 启动 轻松 熟悉 提到 天安门 听 统一战线 统战 统战部 外出 文革 文件 无限 先生 显得 想到 消息 幸福 业绩 隐患 愉快 遭到 照顾 召集 知名人士 指示 资助 组委会 
---- Cluster id #76 ----
Size: 17
窗口 电影 氛围 高潮 工作者 关根 禁止 深度 示范 下功夫 新闻 新闻界 宣传 影片 舆论 职业道德 中宣部 
---- Cluster id #77 ----
Size: 31
爱好者 拜年 播出 电视台 歌 歌曲 歌舞 华侨 华人 节奏 京剧 剧目 来华 联欢 留学 留学生 迈向 明星 年会 年年 农历 色彩 少儿 社团 首 晚会 舞蹈 戏曲 相声 演唱 邮票 
---- Cluster id #78 ----
Size: 73
Ｄ 半岛 贝宁 比 比利时 表示 大臣 大使 丹麦 东盟 对话 对抗 多极化 访华 干涉 感 感到 感谢 高层 高兴 关系 广阔 国 浩田 合作 互访 互利 欢迎 回忆 会见 会谈 见面 建交 建设性 交换 介绍 经贸 看法 来访 联邦 领域 莫 莫桑比克 内政 签字 前景 潜力 瑞士 双边 双方 谈 探讨 图片 外交部 西班牙 相互 相似 相信 信任 也门 有助于 有着 友好 友谊 愿 愿意 赞赏 增进 真诚 之间 祝贺 卓有成效 岚清 
---- Cluster id #79 ----
Size: 28
菜 菜篮子 产销 产值 大中城市 短缺 副食品 格局 工程 供给 供应 鸡 急 郊区 流通 龙头 农业部 批发 肉 啥 食品 蔬菜 水果 销 鱼 占地 转向 总产值 
---- Cluster id #80 ----
Size: 46
档次 锭 纺织 非 分布 付出 工业 攻坚战 国有 过度 含量 济南 截至 解困 经贸委 净 举措 困境 离退休 理 力争 落后 扭亏 庞大 配置 破产 其它 契机 抢 敲 生产能力 升级 淘汰 突破口 退出 陷入 小型 压 压锭 压缩 沿海 有机 展开 重组 转换 壮大 
---- Cluster id #81 ----
Size: 30
采用 彩电 传输 大雨 电视 电视机 电台 多媒体 覆盖 广播 杭州 画面 接收 节目 结婚 竞赛 厘米 模拟 屏幕 铺 清晰 取代 数字 听众 图像 网 卫星 下乡 乡镇 信号 
---- Cluster id #82 ----
Size: 31
北大 本届 补 册 场地 出版社 出版物 灯 读 读书 杜绝 过年 加拿大 加元 精美 临近 另外 鲁迅 买 满足 民营 拍卖 日记 视 书 书店 书籍 水浒传 图书 问世 阅读 
---- Cluster id #83 ----
Size: 41
百富勤 摆 层层 城区 出租车 单一 到底 堆 岗 港元 过硬 海信 呼唤 毁 交警 街 街头 居委会 可贵 可谓 扣 理解 领导班子 那里 南宁 南宁市 启示 属 双拥 谁 司机 桶 脱颖而出 挖掘 新任 硬 用人 员工 在于 争 自律 
---- Cluster id #84 ----
Size: 446
安定 把握 摆脱 办 办事 包括 薄弱 保障 保证 报告 本质 必要 表明 不好 不可 不同 不懈 步 步伐 部署 采取 层次 差 产生 长期 倡导 成功 成果 成就 成为 成效 呈现 程度 承担 充分 初级阶段 出发 出现 处理 处在 传统 创造 创造性 此 促进 存在 带来 党 党中央 到 道路 得到 得以 邓小平理论 地区 点 调动 东西 动摇 独立 对待 对外开放 多 发达 发挥 发生 发扬 发展 繁重 方面 方式 方向 方针 防止 放 放在 奋斗 丰富 符合 富强 附 改革 改造 纲领 高举 搞 个 各 各地 各个 各级 各位 各项 各种 各族 根本 耕地 工作 公务员 巩固 贡献 共产党 共同 鼓舞 关键 关心 观念 贯彻 广大 广泛 轨道 国际 国家 国内外 国情 过程 过渡 海外 好 核心 环节 环境 还有 回顾 会 混乱 活力 基本 基础 积极 积极性 激励 极大 集中 计划经济 继承 加强 加速 加以 坚持 坚持不懈 坚定不移 坚强 坚实 肩负 艰巨 健全 建立 建设 江 教训 接受 结果 结合 解放 解放思想 解决 紧密 进行 近 精简 精神 精心 经济 经受 经验 局部 局面 举办 举世瞩目 巨大 具体 具有 决策 开辟 开创 开放 开拓进取 开展 看待 看到 考虑 克服 刻苦 客观 肯定 困难 来 来自 牢固 牢记 老 利益 力量 联系 良好 良性 了解 领导 路线 论述 马列主义 迈出 矛盾 没有 密切 面 面对 民主 民族 明确 模范 末 谋 目标 耐心 内部 内容 能 能够 能力 年 努力 排除 配合 批 批评 平等 迫切 普遍 普通话 期望 其 其中 旗帜 起到 起来 千方百计 前 前进 前提 前途 强大 强调 强烈 切实 清楚 情况 区域 取得 全 全方位 全局 全面 全心全意 确保 确定 确立 群众 人 人民 人员 任务 认真 容易 如何 上 少 社会 社会主义 深刻 深入 生产力 生动 生活 生命力 失误 十四大 十五大 时机 时间 实际 实践 实事求是 实现 实行 实质 使 世纪 事业 是 适应 视察 受到 树立 水平 顺利 思想 素质 缩小 所有 他们 它 台阶 探索 特点 特色 提倡 提出 提高 体会 体系 体现 条件 突出 突破 团结 推动 推进 推向 妥善 完全 完善 为 维护 伟大 稳定 问题 我国 我们 物质 物质文明 吸收 下 下决心 下去 先进 显著 现代化 项 协调 新 形成 形式 形势 需要 学者 严峻 要 要求 一定 一切 一致 依靠 依然 以来 意见 意义 意愿 因地制宜 因素 引起 应该 应有 赢得 影响 优良 优秀 有 有的 有利 有所 有效 有些 有序 遇到 原因 原则 运用 责任 泽民 增强 战略 掌握 召开 者 这 这些 这种 针对性 振兴 整个 整体 正常 正确 政策 政府 政治 支 支持 支柱 职责 直接 指标 指导 指引 至关重要 制度 治 中 中等 中国 忠实 种种 重大 重点 重视 重要 重要性 周边 主要 注意 注重 抓 抓紧 抓住 转变 准 准确 着眼 自觉 自治 综合国力 总结 总体 走 组成部分 组织 做 做出 做到 做好 作出 作风 作为 作用 
---- Cluster id #85 ----
Size: 46
步骤 长远 潮流 大陆 大业 当局 对此 分裂 海内外 海峡 和平 呼吁 回应 交流 警惕 两岸 领土 民众 企图 商谈 深远 势力 所谓 台湾 谈判 同胞 统一 完整 往来 务实 希望 现状 消极 心愿 一国两制 愿望 赞同 展现 政局 重申 主权 主张 状态 总书记 祖国 阻碍 
---- Cluster id #86 ----
Size: 36
北 变化 称为 承受 吹 大气 地球 东 度 厄尔尼诺 附近 海洋 毫米 环 家园 科学家 敏感 难得 暖 气候 气象 全球 热带 人们 上空 死亡 太平洋 太阳 天气 同样 西 现象 响应 辛勤 踊跃 预测 
---- Cluster id #87 ----
Size: 34
巴西 比例 此举 贷款 担保 等级 兑换 发放 菲 分类 分行 负债 该行 关闭 货币 金融业 客户 控制 来源 取消 商业 收回 苏哈托 现金 限额 信贷 信用 行长 银行 银行业 印尼 约束 这家 政策性 
---- Cluster id #88 ----
Size: 16
保 保险 该市 家庭 科 老年人 罗马尼亚 模式 陌生 社会化 推销 小康 研究会 养老 医生 与会者 
---- Cluster id #89 ----
Size: 25
白色 避孕 草原 动物 动物园 风光 故乡 汇 接近 镜头 农科教 生长 生物 水源 它们 太空 探亲 温馨 野生 引人注目 营养 游客 这里 植物 只 
---- Cluster id #90 ----
Size: 24
阿 阿尔及利亚 布鲁塞尔 差异 大使馆 非洲 国务 咖啡 科特迪瓦 冷战 南非 欧 欧盟 其琛 钱 世贸 外交部长 问候 西非 亚 亚洲 意 援助 转达 
---- Cluster id #91 ----
Size: 30
此次 答 大户 担 发行 方便 股票 挂牌 回报 基金 简称 交易所 开设 联网 买卖 区别 上市 上网 深圳 时报 投资 投资者 违规 问 运作 账户 证监会 证券 只能 资格 
---- Cluster id #92 ----
Size: 38
爱国主义 保护 布局 城市 档案 抵御 雕塑 感染 革命 光辉 规划 后人 记录 纪念 纪念馆 建筑 教堂 精品 经费 课堂 烈士 民政部 哪个 纳入 内涵 抢救 社会效益 神圣 贴近 统筹 维修 文化部 文物 娱乐 赞助 责任感 主题 庄严 
---- Cluster id #93 ----
Size: 18
ＶＣＤ 查获 厂家 盗版 该厂 光盘 国产 海关 海上 货物 家电 降价 净化 开发区 念头 软件 武术 走私 
---- Cluster id #94 ----
Size: 41
笔 笔者 便宜 长途 倡议 超 车 车辆 带头 党组织 短短 公园 换 火车站 姐妹 军人 军营 拉 累 利税 辆 门口 幕 跑 企业家 汽车 上班 盛 失去 随意 她们 挑 挑选 停 望 小伙子 意味着 游人 云龙 运河 最佳 
---- Cluster id #95 ----
Size: 42
安徽省 处 处长 歌舞团 广西 海南省 合肥 河北省 河南省 湖南省 检察长 江苏省 剧团 剧院 科教 科委 科协 蒙古 内蒙古 宁夏 农科院 任命 荣获 三下乡 山东省 山西省 陕西 陕西省 实验 四川省 太原 图书馆 团长 县长 宣传部 演员 医院 艺术团 云南省 浙江省 种子 自治县 
---- Cluster id #96 ----
Size: 105
版 包装 玻璃 彩色 测试 插 大型 地位 电子 独资 短 吨 防 辐射 服务业 港口 高档 高效 工 工艺 灌溉 光 国家级 含 化肥 化工 基因 机械 机组 激光 计算机 加工 检验 轿车 精 开发 抗 空中 控股 立方米 连接 良种 码头 煤炭 摩托车 年产 农 农药 配备 配套 品种 普通 期货 千瓦 认证 容量 沙漠 摄影 设备 设计 生产 生产线 输 数据 水电 水泥 饲料 塑料 隧道 特有 天然 通信 同步 脱 外商 系统 相关 新型 型 性能 循环 药物 仪 仪器 以上 以下 用 邮电 原料 允许 运输 占 珍贵 纸 致 制品 制造 制作 中方 主导 专利 专用 装置 咨询 综合 
---- Cluster id #97 ----
Size: 34
标准 当做 典型 定 方法 分析 否定 个别 估计 观察 阶级 经典 经济学 卷 科学 理论 历史 领会 论证 马克思主义 命运 某些 年代 偶然 评价 倾向 人物 时代 视为 原理 哲学 知识分子 著作 左 
---- Cluster id #98 ----
Size: 55
颁布 毕业生 编写 不行 财经 出国 代 待遇 邓 风气 该校 改 高度 高峰 高考 呼声 怀着 恢复 回国 回来 基金会 教材 教师 教学 教育 决心 考试 课 课程 老师 面向 年级 培养 普及 人才 人事 融入 上去 设计师 升 师生 什么样 西南 小学 新加坡 学生 学校 眼光 赞成 战线 招生 之中 中小学 中小学生 着 
---- Cluster id #99 ----
Size: 145
Ｂ 保持 本次 比重 产量 超过 城乡 城镇 承包 持续 充足 刺激 促使 达到 大中型 低 调控 调整 对外贸易 防范 放开 放松 分开 丰富多彩 丰收 改善 干旱 高产 搞好 搞活 根本性 供求 鼓励 固定资产 国民经济 国内 合理 宏观 化解 淮河 缓解 回落 基本建设 机电 机制 计划 继续 加大 加快 监管 减轻 减员增效 健身 节水 节约 结构 进口 进展 经济社会 境外 居民 抗旱 科普 快 扩大 粮食 零售 旅游业 买方 盲目 弥补 明显 农产品 农副产品 农业 徘徊 培育 平衡 平稳 浦东 趋 全民 全年 热 融资 上涨 深化 生产资料 生产总值 失业率 势头 适当 适度 适度从紧 适时 市场 试点 收购 水稻 水利 水资源 态势 停产 通货膨胀 通胀 同时 统计局 投向 推广 稳 稳妥 稳中求进 物价 下滑 相反 项目 消费品 效益 新增 需求 压力 以内 抑制 引导 优化 预定 原油 增产 增长 增长点 增长率 增加 增添 债务 战略性 涨幅 整治 政企 支撑 中西部 着力 资本金 总 总额 总量 
---- Cluster id #100 ----
Size: 167
白 柏林 包 毕 兵 波 蔡 藏族 曹 朝鲜族 陈 程 迟 川 崔 戴 单 刀 丁 董 杜 范 方 费 冯 傅 刚 高 葛 龚 古 顾 关 官 管 郭 海 韩 贺 洪 侯 胡 虎 华 华夏 黄 回族 霍 季 贾 健 姜 蒋 杰 解 金 锦华 晋 俊 康 克 孔 兰 乐 李 力 梁 廖 林 玲 刘 柳 卢 鲁 陆 吕 罗 马 满族 梅 蒙古族 孟 苗 苗族 敏 明 名 聂 牛 女 潘 平 齐 迁 秦 邱 曲 全有 群 邵 申 沈 施 史 舒 松 宋 孙 谭 汤 唐 涛 陶 田 土家族 万 万年 汪 王 韦 维吾尔族 伟 魏 温 文 闻 吴 武 席 夏 向 肖 谢 星 熊 徐 许 薛 严 阎 杨 扬 姚 叶 彝族 易 毅 尹 勇 游 于 余 俞 袁 跃 云 曾 张 赵 正 郑 志 钟 朱 祝 壮族 邹 
