---- Cluster id #1 ----
Size: 47
爱心 北爱 波黑 传销 打工 党建 感动 工程 公益 黄淮 将军 奖金 救助 具 捐 捐款 捐助 看见 渴望 老伴 老区 老人 磊 冷空气 美德 母亲 那天 那些 启动 气象台 情景 塞拉利昂 失学 算 岁 她们 同学 脱贫 希望工程 现任 献 小到中雨 心 信 幸福 资助 组委会 
---- Cluster id #2 ----
Size: 95
澳门 保障 表决 补充 草案 常委会 常务 程序 惩治 充实 抽查 筹备 代表 代表大会 地方 督促 法 法规 法律 法制 法治 繁重 赋予 附 改进 共计 规范 规则 规章制度 国家机关 候选人 划分 环保 换届 汇报 基本法 季度 纪云 检查 交 借鉴 居委会 决定 框架 立法 力求 每次 难点 拟 其余 起草 权威 热点 人大 人大代表 人民 任期 日常 设立 审议 实施 实效 适合 市场经济 授权 特别 提名 提请 听取 外国 完善 委员会 污染 宪法 香港 信访 行使 行政区 修订 修改 选出 选举 议案 议会 有益 原有 酝酿 征求 正当 职权 制定 中华人民共和国 专门 组成 遵循 
---- Cluster id #3 ----
Size: 22
大楼 大厦 电器 分配 股 股份 江淮 南昌 派 配 披露 啤酒 商厦 实业 税 送 有限 有限公司 增 郑州 珠海 转 
---- Cluster id #4 ----
Size: 389
把握 摆 摆脱 办 包括 本身 本质 变成 变为 标志 表明 不好 不可 不同 不懈 部分 财富 采取 层次 差 产生 长 长期 倡导 超越 成长 成分 成功 成就 成立 成熟 成为 程度 充分 初级阶段 出 出发 出现 处理 处于 处在 传统 创造 创造性 此 存在 错误 带来 代 党 党中央 到 道路 得 得到 得以 邓 邓小平理论 奠定 调动 定 动摇 独立 对待 多 发达 发挥 发扬 繁荣 犯 方法 方面 方向 方针 放 放在 非 非公有制 奋斗 符合 服务 富强 改变 改造 纲领 高潮 高举 搞 格局 个 个别 各 各地 各个 各种 各族 根本 公有制 贡献 共产党 共同 估计 鼓舞 关键 关心 关注 观点 观念 光辉 广大 广泛 规律 轨道 国家 国情 过程 过渡 好 核心 忽视 还有 回顾 会 混乱 基本 积极性 极大 集体 集中 继承 加速 加以 坚持 坚定不移 艰巨 建立 讲 教训 接受 阶段 结合 解放 解放思想 进行 近 精神 经受 经验 局面 巨大 具体 具有 句 决策 决心 开辟 开创 开放 开始 开拓进取 看待 看到 考虑 科学 科学技术 克服 客观 课题 肯定 空前 困难 来 理解 理想 力量 联系 了解 路线 矛盾 没有 每个 密切 面 面对 面前 民主 明确 模范 谋 目标 内部 内容 能 能够 年 年代 努力 批 平等 迫切 普遍 其 旗帜 起到 起来 前 前进 前提 前途 强大 强调 清楚 清醒 情况 全党 全局 全面 确立 群众 人 任务 认识 认为 如何 上 少 社会 社会主义 深刻 生产力 生动 失误 十四大 时代 时候 时机 时间 实际 实践 实事求是 实现 实行 实质 使 世纪 事情 事物 事业 是 适应 首要 受到 水平 思想 缩小 所有 它 态度 探索 特点 特色 特征 提倡 提出 提到 提供 体会 体现 条件 突出 突破 推动 推向 脱离 完全 为 为什么 伟大 文化 问题 我国 我们 物质 物质文明 吸取 吸收 系列 下 下功夫 下去 先进 现代化 消灭 小康 小平 新 形成 形式 形势 形象 需要 选择 学者 研究 要求 一定 一切 依靠 依然 以后 以来 意见 意义 因素 引起 应 应该 应有 赢得 影响 勇于 优良 优秀 有 有的 有所 有效 有些 遇到 原因 原则 运用 在于 早 怎样 扎实 展开 战略 召开 这 这个 这些 这样 这种 整个 正确 政策 支持 知识分子 之中 直接 指出 指导 指引 治 中 中国 种 种种 重大 重视 重要 重要性 主体 主要 著名 注意 注重 抓 抓住 壮大 准 准确 着眼 资本主义 资产阶级 自己 自觉 自身 总结 总体 走 走向 组成部分 做 做到 作出 作为 作用 
---- Cluster id #5 ----
Size: 27
北方 草 草地 当中 该县 攻关 贵州 湖北 江西 咖啡 里面 亩 南方 农业部 人工 人均收入 认可 试验 踏 同事 细 兴奋 畜 畜牧业 养 植物 中科院 
---- Cluster id #6 ----
Size: 18
长官 法案 风波 国会 驾驭 另外 罗马尼亚 美军 民主党 特区 条约 通货膨胀率 为首 削减 议员 预计 政局 执政 
---- Cluster id #7 ----
Size: 28
把 保卫 报警 部队 称号 称赞 大队 担负 公安局 警察 牢记 练 民警 年轻 期刊 热潮 认清 使命 双重 透 忘记 危险 武警 巡警 训练 战斗力 忠诚 组建 
---- Cluster id #8 ----
Size: 24
ＶＣＤ 厂家 调节 分为 份额 国产 激发 疾病 家电 理性 判断 品牌 期望 人们 生存 外部 外面 想法 心理 心灵 一把手 知名 之上 自我 
---- Cluster id #9 ----
Size: 13
毕业生 丢 购物 降价 普通 商 商场 商家 上学 手机 输出 招生 中等 
---- Cluster id #10 ----
Size: 19
波罗的海 不满 独联体 发射 防伪 航天 会员 火箭 理事会 卢布 渗透 网球 维和 乌克兰 削弱 一体化 元首 赞助 值 
---- Cluster id #11 ----
Size: 147
Ｄ 办公室 办公厅 北京 北京大学 北京市 毕业 博士 部长 常委 常务委员 车间 成都 成员 冲击 出任 处长 大学 党委 党校 党组 地委 东北 董事长 队长 发起 福建 福建省 副 干事 港 高中 工程师 工商联 工业部 工作组 共青团 顾问 管理局 广东省 哈尔滨 汉族 黑龙江 黑龙江省 湖北省 湖南 湖南省 华南 化学 会长 获 吉林 吉林省 计委 加入 兼 江苏省 教授 届 经理 救济 局 局长 军分区 科长 科委 科协 科学院 联合会 辽宁 辽宁省 伦敦 煤矿 秘书 秘书长 民革 名誉 男 其间 清华大学 全国 人事部 任 日内瓦 山东 山东省 陕西 上海 上海市 沈阳 生 省 省长 省委 市长 市委 首席 受 书记 书记处 数学 四川省 所长 天津 天津市 外事 委员 委员长 系 县委 相当 校长 协会 宣传部 学位 学习 学员 学院 研究生 研究室 研究所 研究员 研究院 业余 院长 院士 政法 政委 职 中共 中共中央 中华 中学 中央 中央委员 州 主编 主任 主任委员 主席 助理 专业 总工会 总会 总经理 组长 组织部 
---- Cluster id #12 ----
Size: 36
白酒 包含 北风 比 产业化 成果 船 船舶 到底 喝 集装箱 甲醇 检测 建造 接轨 酒 科研 论文 满足 漂亮 起点 清华 缺少 山西 缩短 托 系统 系统工程 验收 造 中毒 周期 抓获 转化 转换 总公司 
---- Cluster id #13 ----
Size: 118
班 保健 倍 拨 拨款 不足 部 灿烂 藏 册 场所 彻底 出版 传 纯收入 达 大家庭 当地 得出 地理 顶 对口 儿童 佛教 各类 公民 共有 固定 归 汉 河 黄金 基建 级 继 价 监狱 建成 交付 教 今 近年来 经 景象 旧 可观 拉萨 累计 列为 流行 落后 每 每周 免费 民间 民族 内地 年均 平方米 瓶 区域 权利 全国性 全区 人均 人口 人力 少数民族 设有 省市 使用 世 世人 事务 受灾 私人 所 特殊 同一 统计 网络 卫生 西藏 习惯 现有 县 县长 乡 享有 信仰 修复 学术 严寒 医疗 议论 影片 拥有 原始 遭受 占有 整理 政 证实 支援 之下 中期 中央政府 撰写 状况 自治 自治区 自治县 自治州 自主 宗教 罪犯 尊重 座 
---- Cluster id #14 ----
Size: 37
白色 背 边防 产 大门 大棚 恶劣 盖 高原 公斤 官兵 海拔 基地 艰苦创业 艰辛 结 军区 空白 良种 领 们 农场 农科院 气温 摄氏度 蔬菜 挑 停留 头 土 玉米 栽培 种植 种子 重 株 猪 
---- Cluster id #15 ----
Size: 38
菜 唱 乘 吃 待 倒 懂得 饭 风景 歌声 根 故事 官 湖 鸡 佳 加 快乐 临 描绘 闹 入 山 升 水 似 汤 通 碗 县城 也 迎春 犹如 油 鱼 原来 远 照 
---- Cluster id #16 ----
Size: 36
长期以来 厂 厂长 串 此案 工厂 功 过 罕见 辉煌 集 家人 金钱 巨额 劳动模范 漏洞 庞大 妻子 亲属 荣誉 设 时健 受贿 外 销 辛苦 心态 烟 样子 云南 云南省 账 追 子女 总裁 褚 
---- Cluster id #17 ----
Size: 30
不怕 冲 大学生 歹徒 刀 过硬 喊 呼唤 机动车 记 郊区 刻苦 连队 脸 脸上 玲 流 美丽 幕 派出所 评为 青春 邱 司机 掏 停车 围 鲜花 英雄 战士 
---- Cluster id #18 ----
Size: 112
包装 避孕 玻璃 采用 彩色 测试 插 大型 地位 电子 独资 短 吨 辐射 服务业 钢琴 港口 高档 工业 工艺 管制 光 含 核电站 黑 化肥 化工 基因 机械 机组 激光 技术 计算机 加工 检验 井 开发 空中 控股 矿 立方米 连接 码头 煤 煤炭 摩托车 年产 农 农药 配备 配套 品种 期货 千瓦 桥梁 认证 容量 摄影 设备 设计 生产 生产线 生物 水电 水果 水泥 饲料 塑料 隧道 天然 通信 同步 铜 童 脱 外商 相关 新型 性能 循环 养殖 药 药品 药物 医药 移动 仪 仪器 以上 以下 用 优 优质 邮电 原料 允许 运输 占 珍贵 纸 志成 制品 制造 制作 中方 中药 珠江 主导 专利 专用 装置 综合 
---- Cluster id #19 ----
Size: 208
Ｂ 安定 保持 备忘录 本次 必要 变化 不利 布局 步伐 产量 产品 产业 超过 城乡 城镇 承受 持续 充足 创新 促进 达到 带动 导向 第三产业 调控 调整 动力 对外开放 对外贸易 发达国家 发展 发展中国家 方式 放开 分开 丰收 该市 改革 改善 改组 干旱 高产 高效 高新技术 搞好 搞活 各位 根本性 鼓励 固定资产 国际 国民经济 国内 国内外 国有 海外 合理 宏观 化解 淮河 环境 回归 活力 基本建设 基础 机电 机制 积极 积累 急需 计划 计划经济 继续 加大 加快 减员增效 健康 交接 节约 结构 进步 进展 精简 经济 经济社会 经济效益 境外 竞争 居民 举世瞩目 科技 科教兴国 可 快 扩大 牢固 利用 力争 连锁 粮食 良好 量 零售 灵活 流通 迈出 迈进 盲目 棉花 面临 明显 能力 扭亏 农副产品 农田 培育 配置 膨胀 平衡 平稳 浦东 前沿 潜力 倾斜 清洁 取得 全 全方位 全年 全球化 社区 深化 生产能力 生产资料 生产总值 生活 升级 失业率 势头 适当 适度 适时 市场 试点 水稻 态势 提高 体系 体制 同时 投产 投入 投向 推广 推进 妥善 拓宽 外资 稳 稳定 稳妥 稳中求进 下决心 显著 项目 消费品 消化 效益 新增 信息 压力 要素 以内 因地制宜 引导 引进 隐患 优化 有利 预定 原材料 约束 运行 增产 增长 增长点 增长率 增加 增添 增值 债务 战略性 整治 政企 支撑 支柱 知识 知识经济 质量 中介 中西部 重点 注入 转变 着力 综合国力 总额 
---- Cluster id #20 ----
Size: 29
帮 帮助 报名 别人 吹 个体 顾客 挂 柜台 互助 货 季节 借 竞赛 礼貌 卖 牌子 青岛 啥 生意 司 所在 听众 修养 挣 征文 志愿 赚 帷幕 
---- Cluster id #21 ----
Size: 30
班长 伴随 背后 大厅 电厂 堆 毫米 洪水 环保局 黄河 机器 进 命令 爬 跑 青海 省区 时刻 水库 水源 睡 停 西北 遇 战友 这时 值班 中队 主 总队 
---- Cluster id #22 ----
Size: 40
遍 不知 称为 出生 村庄 风 姑娘 豪华 好像 红 红旗 花 荒山 劲 京城 举 开 落 没 牡丹 哪 呢 旁 飘 塞 散 神圣 时节 死 献给 香 像 延安 移 意思 雨 云 在 这儿 正好 
---- Cluster id #23 ----
Size: 58
保 场面 穿 春云 大雪 抵 第一线 奋战 赶来 感慨 寒风 寒冷 红十字会 家园 降 解放军 救援 救灾 抗灾 抗震救灾 肯 连日来 粮 路 路上 美好 牧民 那曲 难关 派出 拼搏 抢险 亲人 缺 烧 手 受伤 特大 慰问 物资 兄弟 雪 雪灾 夜 医疗队 衣服 灾 灾民 灾情 灾区 张北 张家口 帐篷 中南海 重建 子弟兵 自救 总书记 
---- Cluster id #24 ----
Size: 91
包袱 北大 边界 变动 波音 成本 初步 出去 出于 存量 大 代价 等于 动态 多元化 费用 分散 改制 概念 钢铁 功能 公司 规模 国外 过来 邯钢 合并 衡量 机会 集团 家 兼并 简单 节省 进入 经营 看来 可能 跨 亏损 扩展 扩张 浪潮 联合 连续 垄断 目的 能否 纽带 排 排名 企业 强 全新 如 如此 失败 实力 世界 收益 手段 数量 速度 下属 限度 销售 销售额 小 效率 兴起 行列 行业 迅速 一样 营销 盈利 优势 杂志 真正 政府部门 值得 指明 重组 专业化 追求 资本 资产 总部 组合 最终 做法 
---- Cluster id #25 ----
Size: 29
吃饭 搭 答应 大姐 道理 对付 饭店 赶 跟 跟着 过去 记忆 啦 联邦 人家 荣 沙漠 上班 上任 深受 声音 踢 推荐 退出 小伙子 新年伊始 毅仁 赢 着 
---- Cluster id #26 ----
Size: 29
病 病人 动物 动物园 高速公路 公路 孤儿 海南省 患者 急 交警 南宁 南宁市 前来 热带 山西省 生命 死亡 通道 图书馆 温馨 野生 一等奖 医院 艺术团 营养 只 治疗 撞 
---- Cluster id #27 ----
Size: 24
阿 阿尔及利亚 爱尔兰 布鲁塞尔 成员国 国王 国务 华 拉美 来华 留学 欧 欧盟 其琛 钱 世贸 外交部长 问候 亚 亚洲 意 有助于 祝愿 转达 
---- Cluster id #28 ----
Size: 21
不见 不正之风 仓库 查 该厂 敢于 工商 工商局 家具 卡 开业 科 盘活 评 特困 填 卫生部 兴办 阳光 医生 正 
---- Cluster id #29 ----
Size: 56
颁发 办法 保留 本 采矿 采矿权 出资 处 登记 发布 范围 供 公告 管理 国务院 会同 减 缴纳 开采 勘查 矿产 领取 没收 免 名称 年度 平方公里 评估 起 签订 情节 权限 日 申请 审批 手续 探矿权 提交 天然气 铁 停止 图 文件 限期 许可证 延续 义务 予以 原 暂行 招标 主管 转让 资料 资源 最低 
---- Cluster id #30 ----
Size: 28
爱好者 被告 当做 岛 等 儿子 封 夫妻 感人 隔 故乡 贺卡 患 回家 拿 农历 生日 收 手里 首 送礼 太原 投诉 完 邮票 丈夫 真情 之外 
---- Cluster id #31 ----
Size: 13
丛书 带头 公务员 领会 破产 普通话 书法 书面 文字 应用 语言 中文 字 
---- Cluster id #32 ----
Size: 47
安 薄 朝 车站 春耕 党组织 对 根据地 公里 共产党员 广 沪 汇 火车 借助 津 京 九 军民 开办 开通 抗日 客车 客运 昆 列车 每天 民 南 南北 日报 提 铁路 拖 顽强 为主 维持 线 小时 雄厚 沿线 踊跃 掌握 政权 支队 驻军 子文 
---- Cluster id #33 ----
Size: 24
办事处 长沙 电信 队 队员 观看 国民党 虎踞 华为 话剧 火 剧团 抗 南京 迫害 奇迹 前线 厅 武汉 戏剧 掀起 演出 钟山 崛起 
---- Cluster id #34 ----
Size: 147
啊 爱 吧 冰 伯伯 不错 采访 参观 炒 传达 此事 错 大家 大街 带 当 道 得知 端 顿 多少 发 翻 返回 房子 夫妇 父亲 附近 赶到 感到 告 告别 给 工人 关怀 话 怀念 坏 回 回去 激动 家里 家中 见 交谈 饺子 叫 接到 接见 结婚 介绍 敬爱 开会 看 看出 看看 口 来到 里 了 楼房 妈妈 吗 忙 目光 那 那么 那时 你 你们 您 弄 女儿 女工 女士 批示 亲切 请 去 去世 全家 让 人群 少年 身体 深切 师傅 时 什么 事 双手 说 说话 思念 送给 他们 天 天空 听 听到 听说 统战部 外出 玩 晚 忘 微笑 位 文革 我 西安 喜 先生 想 想到 想起 消息 笑 心里 心情 心中 休息 呀 眼 眼睛 爷爷 冶金 一家 一行 印象 迎 永恒 怎么 找 照顾 知道 知名人士 之后 之际 主人 住 装 仔细 总理 走访 最后 坐 
---- Cluster id #35 ----
Size: 26
比如 差异 出来 掉 东西 断 妇联 妇女 感情 高低 个性 后者 画 画家 江南 美术 鸣 南极 女性 突尼斯 喜欢 学 血 艺术 中国画 自然 
---- Cluster id #36 ----
Size: 31
冰雪 充满 春 大地 地处 丰富多彩 风光 国旗 虎 欢乐 佳节 街 街道 街头 节日 老虎 平安 气氛 庆 石家庄 视为 天安门 喜庆 祥和 象征 新村 一派 引人注目 迎来 阵阵 祝福 
---- Cluster id #37 ----
Size: 59
奥地利 长城 楚政 床 此时 冬 动 动人 歌剧 工地 海口 惠芬 激情 间 脚 拉 乐团 联手 冒 梦 民兵 年轻人 彭 评论 墙 抢 人间 试 手术 双 她 抬 躺 题写 天地 天下 脱贫致富 维也纳 舞 舞台 显得 湘西 乡亲 响 响起 校园 演奏 养猪 一代 遗憾 意志 音乐 音乐会 圆 扎 掌声 重返 足 闵 
---- Cluster id #38 ----
Size: 33
爱国主义 保存 保护 档案 抵御 感染 革命 工作者 记录 纪念 纪念馆 建筑 精品 经费 课堂 烈士 马列主义 民政部 纳入 抢救 社会效益 师生 收藏 特有 贴近 统筹 推出 维修 文物 文献 责任感 展览 庄严 
---- Cluster id #39 ----
Size: 25
大树 恶化 防火 防治 公顷 国土 火灾 棵 林业 流失 流域 绿 绿化 绿色 面积 青少年 全民 森林 生态 树 水土 栽 造福 造林 植树 
---- Cluster id #40 ----
Size: 15
草原 到来 富 古老 光彩 接近 镜头 颗 民营 明星 捧 生长 太空 星 这里 
---- Cluster id #41 ----
Size: 53
爆发 被动 参与 长征 朝鲜 持久 初期 创立 促成 当选 到达 敌人 独立自主 夺取 发动 丰富 风采 巩固 国防 红军 后勤 结成 进攻 经济基础 军队 军事 军委 抗日战争 毛 迫使 人民军队 生涯 胜利 时期 题词 文选 我军 武装 消极 协助 运动 泽东 占领 战斗 战术 战争 争取 指挥 致力 主观 自力更生 总政治部 作战 
---- Cluster id #42 ----
Size: 90
搬 不顾 不行 才能 策划 策略 初 传来 大桥 担任 党内 德 抵制 调 发言 翻译 放弃 风范 改 革命家 共产主义 共和国 果断 合影 后 恢复 回到 回国 会场 记得 接 接触 精力 久 抗战 兰州 离开 联络 留 留给 率领 哪里 那里 南斯拉夫 难忘 念头 农垦 偶然 排除 平静 葡萄 期间 千方百计 青 倾听 清除 上来 少奇 身边 深厚 事件 他 同志 退 我党 无产阶级 伍 下来 详细 新疆 修权 拥护 勇敢 赞扬 遭到 早期 战场 战役 站 招 真理 震 之一 指示 中间 重任 主持 卓越 总参谋长 左 
---- Cluster id #43 ----
Size: 30
博物馆 长足 陈旧 东北部 公众 故居 还 教堂 景观 困境 旅游 旅游业 难得 难免 片 齐全 人文 陕西省 失 首都 吸引 喜悦 兴趣 徐州 寻找 忧虑 游客 展 展出 展示 
---- Cluster id #44 ----
Size: 35
安全 北 操作 春运 地面 厄尔尼诺 放心 飞 飞机 飞行 广州 航班 火车站 纪录 奖 空 昆明 列 临时 旅客 民航 荣获 上空 神 事故 授予 售票 太平洋 铁道部 通报 涌 运 增收 增至 总局 
---- Cluster id #45 ----
Size: 107
阿拉伯 阿盟 阿齐兹 埃及 安理会 安南 奥尔布赖特 巴格达 巴黎 白宫 抱 报道 本报 避免 波恩 布莱尔 常任 常驻 此间 磋商 达成 打算 大规模 地点 电 调解 动武 动用 发布会 发言人 法国 反对 否认 符 各方 关切 国防部长 国务卿 果 海湾 核查 后果 获悉 记者 加紧 焦点 结束 解除 解决 紧张 谨慎 警告 局势 拒绝 据说 决议 开罗 科恩 科尔 科威特 理事国 立场 联合国 罗马 美 美联社 穆巴拉克 普里马科夫 前往 情绪 萨达姆 艘 特委会 透露 途径 推迟 外交 外交大臣 威胁 危机 斡旋 武力 武器 希拉克 袭击 销毁 小组 协议 新华社 新闻界 行动 寻求 伊 伊拉克 议长 英 英国 约旦 招待会 之前 旨在 制裁 诸如 准备 总统 总统府 最新 
---- Cluster id #46 ----
Size: 60
办学 编写 部委 财经 成人 待遇 电脑 风气 该校 高等 高等教育 高度 高考 高校 共建 国家教委 国民 合格 互补 回来 基金会 教材 教师 教学 教育 考试 科教 课 课程 老师 留学生 面向 年级 培养 普及 趋势 取决于 人才 人事 融入 设计师 设置 什么样 素质 西南 小学 新加坡 学科 学生 学校 眼光 优先 赞成 战线 智力 中小学 中小学生 重复 转向 岚清 
---- Cluster id #47 ----
Size: 16
便宜 乘客 窗口 高峰 告诉 麻烦 买 某部 耐心 票 签 确实 示范 享受 优惠 折 
---- Cluster id #48 ----
Size: 12
查获 出版物 盗版 非法 光盘 海关 海上 货物 净化 室内 挖 走私 
---- Cluster id #49 ----
Size: 45
澳大利亚 颁奖 本届 比赛 参赛 长野 成绩 出色 冬奥会 动作 夺 夺得 分 滑 滑雪 加拿大 角逐 金牌 决赛 枚 米 秒 名将 名列 男子 难度 女子 挪威 破 全场 赛场 上届 世界杯 世界纪录 速滑 天气 跳 选手 亚军 意外 银 游泳 摘 妍 缪 
---- Cluster id #50 ----
Size: 22
层层 尝 大小 店 繁华 狗不理 好转 缓 假 客人 老板 理 门口 门前 前后 商标 趟 贴 为何 悬挂 真 注册 
---- Cluster id #51 ----
Size: 15
大使馆 贺电 花园 华侨 华人 建交 南非 年会 庆祝 社团 问世 匈牙利 友协 驻 自豪 
---- Cluster id #52 ----
Size: 26
保险 不良 不惜 此前 大藏省 倒闭 导致 东京 对象 官员 合资 回收 泡沫 桥本 日本 日元 收购 手中 苏哈托 挑选 投机 土地 陷入 有待 债权 职员 
---- Cluster id #53 ----
Size: 45
步入 菜篮子 产销 刺激 促使 低 定价 放松 副食品 干预 高速 供给 供求 过度 缓解 回落 加剧 价格 紧急 经营者 买方 农产品 徘徊 趋 热 肉 商品 上去 上涨 适用 停产 通货膨胀 通胀 统计局 物价 下滑 相反 消费者 需求 虚假 抑制 涨幅 正常 政府 总 
---- Cluster id #54 ----
Size: 34
产权 产值 创 创汇 促 大胆 大中型 单一 服装 附加值 工 功夫 骨干 股份合作制 激烈 集体经济 江苏 名牌 牌 偏 热水器 融合 生命力 所有制 台阶 挑战 脱颖而出 乡村 乡镇企业 迅猛 严峻 涌现 中小企业 总产值 
---- Cluster id #55 ----
Size: 40
百富勤 报刊 本人 场地 撤销 答 大户 担 发行 方便 港元 股东 股票 国企 回报 基金 简称 交易 交易所 开设 刊登 联网 买卖 区别 上市 申报 深圳 提醒 投资 投资者 违规 问 营业部 运作 账户 证监会 证券 指定 只能 资格 
---- Cluster id #56 ----
Size: 34
本地 长工 储量 创办 大庆 地质 典礼 发现 供应 光荣 何 华北 艰苦 勘探 来临 乐观 利比亚 欧佩克 品质 平原 亲 区 深感 石油 实验室 添 委内瑞拉 献身 幽默 油田 原油 找到 直至 装备 
---- Cluster id #57 ----
Size: 48
弊端 冰箱 不如 大道 懂 读者 封闭 风情 富有 革新 古典 汉语 技巧 节奏 解 境界 堪称 科龙 那个 内在 凝聚 批评 桥 缺乏 审美 失去 诗 诗歌 诗人 视野 思 随意 无法 鲜明 欣赏 心声 行 严谨 言 艺术品 优美 右 誉为 崭新 者 这块 知 之 
---- Cluster id #58 ----
Size: 30
笔 边 倡议 超 短短 发出 非洲 福州 怀 家乡 军人 军营 看好 利税 培训 企业家 欠 盛 事迹 外地 外来 务工青年 校 意味着 跃 云龙 运河 浙江省 证书 最佳 
---- Cluster id #59 ----
Size: 43
边境 波兰 传递 打开 对抗 反应 访华 感 高级 轰动 回忆 柬埔寨 见面 来自 离 临近 敏感 某种 难民 契机 日期 声明 剩下 使馆 司长 苏 苏联 谈 谈话 特使 同 突然 外长 消除 新任 意大利 愿意 越 越南 障碍 真实 正常化 着手 
---- Cluster id #60 ----
Size: 29
奔 城 城区 创建 档次 到位 防 好事 活动 激励 假货 假冒伪劣 精神文明 联 评选 群众性 实 实实在在 实事 双拥 文明 无 舞剧 新风 信誉 引 载体 扎扎实实 中宣部 
---- Cluster id #61 ----
Size: 17
杯 冰球 分钟 攻 冠军 国际象棋 号 获得 教练员 节 锦标赛 乒乓球 赛 射击 运动员 中国队 组 
---- Cluster id #62 ----
Size: 28
百分点 筹资 存 存款 法定 法人 幅度 挂钩 划 机构 降低 经贸委 考核 理顺 利率 利于 名义 哪些 下调 下降 现行 一般 用于 有利于 月 这次 准备金 准备金率 
---- Cluster id #63 ----
Size: 50
安置 帮扶 残疾人 出路 动员 分流 扶 扶持 扶贫 富余 富裕 干 岗 岗位 工会 攻坚 户 挤 技能 江西省 就业 块 劳动力 劳务 立足 路子 门路 蒙古 贫困 贫困户 贫困县 贫穷 穷 上岗 生机 失业 市 私营 特困户 退休 温饱 温暖 武汉市 吸纳 下岗 行人 用人 职工 职业 中心 
---- Cluster id #64 ----
Size: 55
报 不得 部门 措施 单位 地下 地震 电力 发电 罚款 房屋 防震 负责 个人 给予 构成 规划 监测 减灾 奖励 境内 距离 跨越 扩建 内 其他 器材 人民政府 任何 丧失 伤亡 设施 施工 损害 损失 条 条例 违反 物品 县级 线路 消防 新建 延伸 有关 预报 预测 灾害 造成 责令 章 指 周围 遵守 作业 
---- Cluster id #65 ----
Size: 25
斌 拆 拆借 常 闯 段 番 开幕式 可谓 名人战 盘 棋 棋手 取胜 深圳市 淘汰 通讯 围棋 讯 预赛 遭 战胜 主办 子 昊 
---- Cluster id #66 ----
Size: 55
比索 贬值 出口 储备 传真 底 点 跌 东盟 东南亚 东亚 动荡 短期 兑 兑换 菲 菲律宾 纷纷 风暴 股市 官方 韩国 汉城 合 回升 汇率 经常 竞争力 流入 马来西亚 马尼拉 曼谷 贸易 美元 纽约 人民币 收盘 顺差 泰国 外汇 外贸 外债 下跌 信心 雅加达 印度尼西亚 印尼 印尼盾 盈余 援助 月球 指数 至 周边 助 
---- Cluster id #67 ----
Size: 55
比较 变革 标准 表达 别的 地域 定位 飞跃 分析 否定 概括 共产党人 共识 汉年 还要 回答 建国 阶级 经典 经历 救 卷 口号 理论 历史 历史性 领袖 论断 论证 马克思 马克思主义 毛泽东思想 命运 陌生 某些 评价 前列 倾向 确认 人物 三中全会 甚 逝世 套 唯一 以前 勇气 原理 再现 造就 哲学 这部 正是 中山 著作 
---- Cluster id #68 ----
Size: 69
背景 表现 不幸 沉重 创作 带有 单纯 导演 电影 独特 多样化 反响 氛围 改编 感觉 观察 话题 毁 获奖 讲究 角度 揭示 刊物 可能性 栏目 冷 灵魂 门 描写 某 拍摄 情感 秋 圈 群体 热闹 人生 散文 少儿 深 深度 时尚 收获 熟悉 思考 思维 塑造 题材 同行 痛苦 文学 洗 显 显示 现实 现实主义 小说 写 写作 新兴 性格 影视 阅读 专栏 姿态 尊严 作家 作品 作者 
---- Cluster id #69 ----
Size: 52
班子 编者按 变 财务 成 村 村干部 村里 村民 村委会 村务公开 大事 带领 党支部 干群 公开 公平 河北 河北省 后面 花钱 怀疑 基层 精 靠 困扰 乱 满意 明白 难 怕 盼 启示 前面 清 求 全村 全省 上访 说法 投 投票 推 推行 物 县里 修 意识 应付 咱 这项 致富 
---- Cluster id #70 ----
Size: 33
阿拉法特 巴 巴勒斯坦 撤军 冲突 辞职 打破 方案 分歧 和谈 华盛顿 进程 克林顿 恐怖 库克 黎 黎巴嫩 南部 内阁 内塔尼亚胡 前夕 设想 士兵 西岸 叙利亚 宣布 耶路撒冷 以 以色列 犹太人 约旦河 直升机 中东 
---- Cluster id #71 ----
Size: 44
步骤 长远 潮流 大陆 大业 当局 分离 分裂 构想 海内外 海峡 和平 呼吁 回应 寄 交流 警惕 两岸 领土 民众 企图 商谈 深远 势力 台湾 谈判 同胞 统一 完整 往来 希望 现状 心愿 一国两制 愿望 赞同 展现 郑重 重申 主权 主张 状态 祖国 阻碍 
---- Cluster id #72 ----
Size: 30
阿根廷 尝试 筹措 筹集 春风 等待 东方 短缺 航空 航线 合肥 机场 集团公司 架 惊人 举措 蓝天 利润 每人 上门 食品 实体 市区 受益 通用 厦门 小姐 选 逾 租赁 
---- Cluster id #73 ----
Size: 43
八一队 败 本轮 比分 场 对手 夺冠 负 国家队 河南 击败 甲Ａ 教练 精彩 居 俱乐部 篮球 联赛 辽宁队 轮 男篮 男排 女排 排球 强劲 轻松 球 球队 球员 弱 赛季 胜 输 四川 万达队 位置 占据 战 浙江 支 主场 主教练 足球 
---- Cluster id #74 ----
Size: 88
爱国 爱护 榜样 宝贵 差别 崇高 此后 诞辰 诞生 典范 度过 对方 恩来 锋 奉献 幅 复杂 付出 负责人 感受 高尚 工人阶级 公仆 极端 坚定 艰难 讲述 杰出 尽 苦 老一辈 雷 历程 领导人 领导者 留下 隆重 缅怀 民主党派 名字 那样 那种 内外 内心 朋友 品格 平凡 情 全世界 全心全意 热爱 人格 日子 善于 身 身上 深情 岁月 替代 统一战线 统战 投身 挖掘 伟人 文化大革命 无限 牺牲 细致 想象 心血 信念 业绩 一起 一生 遗产 颖超 忧 运转 政治家 直到 致 智慧 中华民族 忠实 周 周年 走过 魅力 
---- Cluster id #75 ----
Size: 90
Ａ 澳 巴基斯坦 半岛 贝宁 彼此 表示 大臣 大会堂 大使 大中 抵达 定期 对话 多极化 俄 俄罗斯 访 访问 夫人 感谢 高层 高兴 关系 国 浩田 荷 荷兰 合作 互访 互利 欢迎 会谈 会晤 伙伴 建设性 交换 经贸 看法 科索沃 扩 来访 琳 领域 卢森堡 莫桑比克 莫斯科 欧洲 陪同 鹏 频繁 期待 签署 签字 前景 切尔诺梅尔金 热烈 摄 首脑 首相 双边 双方 探讨 图片 外交部 外经贸部 为期 相互 相信 协定 协作 谢里夫 新华 信任 也门 叶利钦 一致 仪式 迎接 有着 友好 友谊 愿 赞赏 真诚 正式 之间 祝贺 驻华 卓有成效 
---- Cluster id #76 ----
Size: 33
编者 出版社 传播 服务队 甘肃 挂牌 怀着 建 揭晓 聚集 据悉 捐赠 科普 拉开 农家 暖 蓬勃 青年 热心 三下乡 社长 实用 团中央 喜爱 下乡 现场 响应 依托 赠送 只见 志愿者 专家 咨询 
---- Cluster id #77 ----
Size: 53
百姓 办案 薄弱 暴力 爆炸 表彰 不够 查办 打击 毒品 队伍 发票 罚 犯罪 干警 环节 缓慢 贿赂 获取 机关 监督 检察 解释 禁毒 纠正 举报 力气 判决 培训班 配合 起诉 抢劫 轻 上级 上下 涉嫌 审查 释放 受理 思卿 贪污 危害 线索 刑法 刑事 性质 一体 职务 职责 执法 治国 罪 渎职 
---- Cluster id #78 ----
Size: 16
表演 大连 大师 换 坚实 角色 京剧 剧目 论 迈向 苏丹 文化部 戏曲 形 振兴 阵地 
---- Cluster id #79 ----
Size: 44
报告 暴露 别国 称 承认 持 封锁 干涉 攻击 公认 公约 好处 红色 家属 截至 抗议 拉那烈 冷战 例如 美国 男女 内政 其它 谴责 侵犯 侵略 人权 事实上 所谓 他人 外国人 乌鲁木齐 显然 限制 相同 消耗 宣言 研究会 依据 预期 珍惜 指责 周刊 自由 
---- Cluster id #80 ----
Size: 44
云 邦国 布赫 参加 长春 代表团 动手 分局 关根 光英 广东 广西 贵鲜 国防部 国务委员 海南 河南省 济南 计划生育 家宝 家华 紧 菊 军 连 两地 旅 内蒙古 排放 庆林 上将 社 省政府 师 收成 司令员 所属 铁路局 铁映 团 团长 政治部 政治局 住院 
---- Cluster id #81 ----
Size: 69
案件 颁布 财产 呈 惩处 承包 承担 处罚 当事人 递增 发明 法官 法院 犯罪分子 方略 房地产 干扰 公正 够 航运 合法 合同 家庭 加重 件 建新 金额 纠纷 可靠 劳动者 类 类型 每年 民事 宁波 判处 赔偿 平均 破坏 权益 人民法院 上升 涉及 审理 审判 售 数额 司法 诉讼 同类 头脑 违章 维护 委托 严打 严厉 严肃 严重 增大 增多 知识产权 执行 致使 制 秩序 治安 中级 宗旨 最高 
---- Cluster id #82 ----
Size: 30
并非 补贴 出售 大中城市 抵押 房 福利 工资 购 股份制 即 建房 角 教职工 轿车 经济林 老年人 例 每月 社会化 实物 使得 市场化 消费 小区 需 养老 住房 住宅 租 
---- Cluster id #83 ----
Size: 28
北部 北约 本国 大国 担心 各国 各自 哈 吉 联盟 谋求 能源 试图 它们 桶 土耳其 乌 西班牙 西方 西欧 演习 依赖 伊朗 伊斯兰 油气 争 争夺 中亚 
---- Cluster id #84 ----
Size: 134
安装 办事 保证 本领 表率 宾馆 不准 部署 查处 成效 出台 处分 达标 党风 党性 党员 党政 党政机关 典型 电台 斗争 对策 遏制 发生 反 反腐倡廉 防止 分工 分子 腐败 负担 干部 各级 各项 工作 公款 官僚主义 贯彻 狠抓 会计 机 集资 及时 纪检 纪律 纪委 加强 监察 坚持不懈 坚决 坚强 肩负 艰苦奋斗 减轻 健全 健行 建设 接待 紧密 精心 开展 考验 浪费 礼品 立 力度 廉洁自律 廉政 领导 领导班子 落实 蔓延 评议 强化 强烈 切实 清理 庆典 权力 全会 确定 认真 奢侈浪费 深入 审计 十五大 树立 顺利 土壤 违法 违纪 尉 现象 项 效果 协调 行为 行政 宣传 选拔 严格 严禁 要 一级 硬 有力 有序 舆论 预防 源头 责任 责任制 增强 针对性 整体 正气 指标 制度 制约 制止 治理 抓好 抓紧 专项 追究 准则 着重 自 自觉性 综合治理 组织 钻研 做好 作风 
---- Cluster id #85 ----
Size: 166
白 柏林 包 毕 兵 波 蔡 藏族 曹 朝鲜族 陈 程 迟 川 崔 戴 单 丁 董 杜 范 方 费 冯 傅 刚 高 葛 龚 古 谷 顾 关 管 光明 贵 郭 韩 贺 洪 侯 胡 华夏 黄 回族 霍 贾 健 建华 姜 蒋 杰 金 锦华 晋 俊 康 孔 蓝 兰 乐 李 力 梁 亮 廖 林 刘 柳 龙 楼 卢 鲁 陆 吕 罗 马 满族 梅 蒙古族 孟 苗 苗族 敏 明 名 莫 聂 牛 女 潘 平 齐 迁 秦 曲 全有 群 尚 邵 申 沈 施 史 舒 松 宋 孙 谭 唐 涛 陶 田 铁木尔・达瓦买提 土家族 万 万年 汪 王 韦 维吾尔族 伟 魏 温 文 闻 吴 武 西 夏 宪章 向 肖 谢 新人 熊 徐 许 薛 严 阎 杨 扬 姚 叶 彝族 易 毅 尹 勇 游 于 余 俞 袁 曾 张 赵 郑 志 钟 朱 祝 壮族 资 邹 
---- Cluster id #86 ----
Size: 24
承办 发掘 分类 沟通 灌溉 呼声 节水 抗旱 拍卖 全县 热情 如同 山区 属 谁 水利 水利部 水资源 提案 小麦 小型 辛勤 兴建 致以 
---- Cluster id #87 ----
Size: 28
病毒 层 车辆 大海 地上 敢 公园 海 阶层 来信 累 另 流动 汽车 人民日报 上网 身份 深处 时报 网上 望 小事 写道 因特网 游人 有人 载 自行车 
---- Cluster id #88 ----
Size: 43
安排 编制 财力 财税 财政 采购 呈现 赤字 大于 得益 低于 锭 纺织 高于 攻坚战 关税 减免 减少 解困 进口 开支 弥补 其中 敲 确保 适度从紧 收入 收支 税收 税务 突破口 完成 相应 压 压锭 压缩 沿海 预算 元 增幅 征收 支出 转移 
---- Cluster id #89 ----
Size: 74
比利时 闭幕 茶话会 阐述 出席 次 打假 大会 地 调查 发表 赴 纲要 古巴 光亚 国权 号召 华清 会议 建议 江 讲话 锦涛 举行 开幕 看望 考察 科技界 历时 两会 列入 鲁丽 率 论坛 民工 名单 宁夏 强有力 乔 全体 人选 日程 瑞典 瑞环 瑞士 石 讨论 题 通过 伟长 希腊 新鲜 兴 选平 研讨 研讨会 演讲 议程 议题 与会 泽民 兆国 正英 智利 主持人 主席台 主席团 驻地 做出 作 座谈 座谈会 孚凌 F基 
---- Cluster id #90 ----
Size: 26
承诺 道德 杜绝 对立 多利 哈佛 价值 价值观 禁止 精美 局部 科学家 克隆 利 利益 人类 人人 实验 特定 图书 细胞 效应 新闻 羊 职业道德 自律 
---- Cluster id #91 ----
Size: 53
办公 不便 差距 长江 长途 车 出租车 打下 都市 更新 广场 机遇 交给 交通 姐妹 经济学 竣工 开工 空气 库区 老百姓 面貌 民心 难题 起步 气象 前所未有 全市 人心 任职 三峡 商店 上游 市民 市政府 市中心 思路 位于 屋 县政府 相比 修建 移民 运营 召集 振奋 整顿 之内 直辖市 指挥部 中外 重庆 重庆市 
---- Cluster id #92 ----
Size: 22
拜年 步 导弹 锻炼 海军 含量 核 净 可贵 克 空军 老 离退休 命名 全军 务实 型 学会 研制 院校 中央军委 诸 
---- Cluster id #93 ----
Size: 45
安徽 安徽省 比重 表 从事 从业 地区 电价 东 东部 分布 耕地 供电 公报 结果 科特迪瓦 快速 劳动 辆 龙头 末 年龄 农村 农户 农科教 农民 农业 批发 普查 人数 人员 如下 数 数据 台 西部 西非 以外 占地 镇 中部 中医 中医药 总量 总数 
---- Cluster id #94 ----
Size: 26
表面 城市 大气 地球 雕塑 度 风格 公共 海信 海洋 和谐 环 空间 垃圾 类似 模式 哪个 内涵 铺 气候 三角洲 太阳 引发 有机 员工 主题 
---- Cluster id #95 ----
Size: 35
常州 词 电视台 份 歌 歌舞 歌舞团 观众 剧院 宽 联欢 令 名人 年年 浓郁 品位 气 气息 色彩 上演 声 守 书画 晚会 舞蹈 戏 相声 演 演唱 演员 一流 艺术家 营造 院 至关重要 
---- Cluster id #96 ----
Size: 19
奥委会 奥运会 博览会 传媒 大赛 大众 健身 良性 媒介 媒体 宁 企业界 赛事 水准 体委 体育 武术 用品 与会者 
---- Cluster id #97 ----
Size: 48
巴西 比例 此举 代理 贷款 担保 等级 发放 防范 分行 风险 负债 该行 工具 关闭 货币 监管 监控 结算 金融 金融业 进出口 具备 客户 控制 来源 墨 墨西哥 取消 全球 融资 商品房 商业 收回 投放 推销 现金 限额 信贷 信用 行长 业务 银行 银行业 这家 政策性 资本金 资金 
---- Cluster id #98 ----
Size: 28
版 报纸 笔者 超出 初中 打 打电话 登 电话 房间 父母 歌曲 广告 孩子 家长 觉得 奶奶 热线 容易 上面 收费 用户 诱惑 愉快 娱乐 这么 真相 足够 
---- Cluster id #99 ----
Size: 34
播出 彩电 传输 创业 大雨 德国 电视 电视机 电视剧 多媒体 覆盖 广播 国家级 杭州 画面 接收 节目 开发区 厘米 马克 模拟 拍 屏幕 清晰 取代 软件 数字 水浒传 同样 图像 网 卫星 乡镇 信号 
---- Cluster id #100 ----
Size: 61
必然 参考 参政议政 侧面 出访 大局 代表性 调研 对外 儿女 反映 风貌 服从 稿 各界 广阔 规范化 汗水 好评 宏伟 弘扬 活跃 机关干部 加深 交往 举办 开阔 开拓 可喜 履行 论述 迈 侨胞 渠道 人士 入手 世纪之交 视察 团结 团体 腿 拓展 围绕 文艺 向前 协商 邀请 意愿 应邀 圆满 增进 展望 章程 政协 政治 职能 制订 制度化 主动 专题 自愿 
---- Cluster id #101 ----
Size: 55
案 材料 逮捕 法庭 该 公安 公安部 管辖 规定 会见 检察院 鉴定 结论 经过 居住 可以 扣 款 理由 立案 律师 秘密 聘请 期限 请求 取 权 认定 上述 省级 事实 是否 收到 收集 收取 属于 说明 随 提起 通知 同意 为由 未能 嫌疑人 刑事诉讼法 姓名 询问 延长 医学 应当 在场 照片 侦查 证据 证明 
---- Cluster id #102 ----
Size: 7
出国 检察长 批准 人次 任命 商务 探亲 
---- Cluster id #103 ----
Size: 28
巴金 编 编辑 补 灯 订 读 读书 该书 过年 后人 活 加元 见解 鲁迅 浓 篇 日记 伤 视 书 书店 书籍 文章 些 页 依旧 以为 
---- Cluster id #104 ----
Size: 22
此次 大选 丹麦 党派 对此 国大党 获胜 季 警方 竞选 领先 凝聚力 人民党 席 席位 相似 选民 选票 印 印度 阵线 政党 
---- Cluster id #105 ----
Size: 26
办理 保值 财政部 持有 储蓄 到期 兑付 付 公布 购买 国债 计 计算 利息 满 年利率 凭证式 期 事宜 提前 提问 网点 营业 邮政 债券 支付 
