---- Cluster id #1 ----
Size: 20
编辑 传销 大选 党建 东盟 股份制 国际象棋 国王 红色 回国 柬埔寨 轿车 拉那烈 曼谷 请求 塞拉利昂 声明 网球 迎春 政局 
---- Cluster id #2 ----
Size: 35
ＶＣＤ 不如 彩电 创业 此举 大小 盗版 电视 电视机 多媒体 份额 光盘 广播 广告 国产 杭州 画面 家电 降价 接收 厘米 模拟 品牌 屏幕 取代 软件 失 数字 同样 图像 推出 网 信号 研制 总经理 
---- Cluster id #3 ----
Size: 105
保健 报刊 倍 表演 拨 拨款 不足 藏 册 出版 处于 传 纯收入 此前 达 当地 得出 地 地理 顶 儿童 佛教 各类 公民 公顷 共有 固定 汉 好评 黄金 基建 继 家庭 价 监狱 建成 交付 教 节日 今 近年来 经 经典 境内 旧 科 可观 课题 拉萨 累计 列为 流行 论 免费 民间 内地 年代 年均 平方米 权利 全国性 全区 人均 人士 设有 省市 使用 世 首要 受灾 所 特殊 同一 卫生 文字 西藏 习惯 现有 享有 校 信仰 修复 悬挂 学术 严寒 医疗 医生 遗产 语言 原始 遭受 占有 整理 政 证实 支援 中央政府 撰写 状况 自治区 自主 宗教 罪犯 尊重 座 
---- Cluster id #4 ----
Size: 19
大连 大师 革新 华侨 华人 画家 坚实 京剧 旅 迈向 鸣 年会 女性 社团 苏丹 文化部 问世 形 艺术 
---- Cluster id #5 ----
Size: 18
本身 侧面 单纯 对立 规律 忽视 见解 具 里面 论述 内在 生命力 使得 双重 腿 文艺 真实 自觉 
---- Cluster id #6 ----
Size: 78
阿 澳 贝宁 比 比利时 边境 表示 布鲁塞尔 传递 对话 对抗 多极化 反应 访华 感 高层 高级 高兴 关系 国 浩田 合作 互访 华 回忆 会见 会晤 见面 建交 建设性 交换 经贸 看法 来访 罗马尼亚 敏感 莫桑比克 莫斯科 欧 欧盟 频繁 其琛 钱 热烈 日期 使馆 双边 双方 司长 苏 苏联 态度 谈 探讨 外长 外交部 外交部长 问候 相互 相信 协作 新任 信任 亚 有助于 有着 友谊 愿 愿意 越 越南 赞同 障碍 正常化 祝贺 转达 卓有成效 着手 
---- Cluster id #7 ----
Size: 89
本质 比较 表达 别的 不可 创立 创造性 错误 打开 道路 邓小平理论 地域 定位 东西 飞跃 丰富 否定 富强 概括 纲领 共产党 共产党人 共识 观察 国情 还要 回答 集体 继承 建国 讲 教训 阶段 阶级 结论 经济基础 经历 救 卷 科学 口号 理论 历史 历史性 领袖 马克思主义 毛泽东思想 面 命运 谋 判断 评价 旗帜 前列 前途 清楚 全党 确立 确认 人物 三中全会 社会主义 生产力 时代 时候 实践 逝世 它 套 特色 特征 唯一 为什么 伟大 系列 向前 以后 以前 勇气 原理 造就 怎样 这个 这样 正是 郑重 之下 中国 中山 
---- Cluster id #8 ----
Size: 44
报告 暴露 标准 别国 承认 持 抵制 封锁 干涉 耕地 攻击 公认 公约 好处 家属 冷战 例如 每周 美国 男女 内政 其它 侵犯 侵略 人权 事实 事实上 所谓 他人 天安门 统计 外国人 限制 相同 消耗 研究会 邮政 预期 遭到 珍惜 指责 中期 周刊 自由 
---- Cluster id #9 ----
Size: 36
编 不幸 差异 带有 导演 灯 电影 感觉 沟通 激动 角度 节奏 精彩 可能性 老虎 理 描写 某 闹 拍摄 圈 热闹 如同 上面 熟悉 思维 文学 洗 小说 写 写作 新兴 影视 诱惑 知名 作家 
---- Cluster id #10 ----
Size: 71
颁发 办法 办理 保留 本 补充 部门 采矿 采矿权 出资 处罚 登记 发布 罚款 范围 供 公告 管理 规定 国务院 会同 减 缴纳 开采 勘查 可以 款 矿产 领取 没收 免 名称 年度 批准 平方公里 起 签订 情节 权限 日 申请 审批 收到 收取 手续 探矿权 特定 提交 天然气 条 铁 停止 同意 违反 文件 限期 许可证 延长 延续 应当 予以 原 暂行 责令 招标 证书 主管 转让 资料 资源 最低 
---- Cluster id #11 ----
Size: 15
杯 倒 喝 河 黑 满 哪 啤酒 漂亮 瓶 室内 屋 眼睛 影片 这儿 
---- Cluster id #12 ----
Size: 27
歌剧 个性 观看 观众 轰动 虎踞 话剧 剧目 剧院 南京 念头 前线 上演 声 替代 舞剧 舞台 戏 戏剧 戏曲 演 演出 一流 艺术家 院 钟山 字 
---- Cluster id #13 ----
Size: 43
白色 保卫 背 边防 部队 菜 产 称赞 大棚 恶劣 发射 盖 高原 公斤 官兵 海拔 洪水 基地 结 军区 空白 领 们 农场 奇迹 摄氏度 蔬菜 停留 头 土 武警 乡亲 玉米 月 月球 栽 栽培 种植 种子 重 株 猪 足够 
---- Cluster id #14 ----
Size: 25
办学 弊端 部分 部委 成人 多利 高等教育 高校 互补 据悉 科学家 克隆 浪费 趋势 人文 设置 身份 实验 所属 细胞 学科 羊 造福 重复 岚清 
---- Cluster id #15 ----
Size: 62
保 场面 穿 春云 搭 大雪 抵 第一线 饭 奋战 赶到 赶来 感慨 寒冷 红十字会 家具 家园 解放军 救灾 捐赠 抗灾 抗震救灾 肯 粮 路 路上 美好 命令 牧民 哪里 那曲 难关 爬 派出 亲切 亲人 缺 热潮 烧 视 手 特大 慰问 物资 兄弟 雪灾 夜 医疗队 衣服 运 灾 灾民 灾情 灾区 张北 张家口 帐篷 中南海 重建 子弟兵 自救 总书记 
---- Cluster id #16 ----
Size: 80
Ａ 包袱 边界 表面 波音 成本 出去 出于 大 等于 动态 多元化 放弃 分散 风险 钢铁 跟 功能 公司 规模 国外 合并 衡量 缓慢 机会 集团 集团公司 家 兼并 简单 接轨 进出口 进入 经营 看来 可能 跨 宽 亏损 扩展 扩张 浪潮 联合 连续 垄断 纽带 排 排名 评 其 强 如 实力 世界 收益 手段 速度 同类 下属 限度 销售 销售额 行列 行业 迅速 业务 一样 营销 盈利 杂志 占据 政府部门 值得 专业化 追求 资产 总部 组合 组建 做法 
---- Cluster id #17 ----
Size: 24
乘客 冲 歹徒 刀 父亲 喊 划 记 连队 脸上 玲 美丽 幕 派出所 评为 青春 邱 塞 踢 停车 围 鲜花 英雄 赞扬 
---- Cluster id #18 ----
Size: 25
博览会 长足 传播 大众 订 封 焦点 来信 媒介 媒体 宁 人民日报 赛事 上网 时报 水准 体委 体育 网上 消息 写道 用品 阅读 中文 最新 
---- Cluster id #19 ----
Size: 30
比如 草原 出来 东北部 动物 动物园 断 风光 感情 港元 画 接近 咖啡 看出 旅游 旅游业 美术 生长 水源 它们 温馨 喜欢 阳光 野生 营养 游客 这里 只 中国画 自然 
---- Cluster id #20 ----
Size: 35
阿根廷 表彰 尝试 称号 筹措 筹集 筹资 大楼 等待 东方 短缺 飞 飞机 飞行 管制 航班 航空 航线 机场 技能 架 昆明 蓝天 绿化 每人 民航 起点 人次 首都 授予 小姐 选 逾 总局 租赁 
---- Cluster id #21 ----
Size: 14
长远 道德 价值观 局部 理想 礼貌 利 利益 人人 手机 提倡 吸取 效应 修养 
---- Cluster id #22 ----
Size: 151
Ｄ 办公室 办公厅 北京 北京大学 北京市 毕业 博士 部长 参加 常委 常务委员 车间 成都 成员 冲击 出任 大学 当选 党委 党校 党组 地委 东北 董事长 队长 分局 福建 福建省 副 负责人 干事 港 高中 工程师 工商联 工业部 工作组 共青团 顾问 管理局 广东省 国防部 国务委员 哈尔滨 汉族 黑龙江 黑龙江省 红旗 湖北省 湖南 化学 会长 获 吉林 吉林省 计委 加入 兼 检察长 教授 届 经理 局长 军分区 科长 科学院 联合会 辽宁 辽宁省 伦敦 煤矿 秘书 秘书长 民革 名誉 男 纽约 迫害 其间 清华大学 人事部 任 日内瓦 山东 上海 上海市 上将 沈阳 生 省 省长 省委 省政府 师 事务 市长 市委 受 书记 书记处 水利部 所长 天津 天津市 铁路局 团 外事 委员 委员长 系 厦门 县委 相当 校长 协会 学位 学习 学院 研究生 研究室 研究所 研究员 研究院 业余 议员 院长 院士 政法 政委 政治部 政治局 职 中共 中共中央 中华 中学 中央 中央委员 州 主任 主任委员 主席 助理 住院 专业 总队 总工会 总会 组长 组织部 
---- Cluster id #23 ----
Size: 9
差距 地处 利于 民营 倾斜 缩小 武术 西班牙 中西部 
---- Cluster id #24 ----
Size: 33
安徽 安徽省 奔 陈旧 电价 费用 负担 该市 高低 供电 公布 管 降 交 郊区 结算 龙头 每 农村 农户 农科教 农民 全省 全县 市 水稻 县 乡 乡村 小康 增收 整顿 中医药 
---- Cluster id #25 ----
Size: 26
帮 帮助 本领 别人 个体 顾客 挂 柜台 虎 互助 货 季节 借 临近 卖 没 牌子 热心 啥 生意 司 推销 学会 站 挣 赚 
---- Cluster id #26 ----
Size: 121
案 案件 办案 暴力 爆炸 不够 财产 查办 呈 打击 逮捕 当事人 递增 毒品 队伍 发票 罚 法庭 法院 犯罪 犯罪分子 方略 干警 干扰 公安 公正 管辖 航运 合法 合同 贿赂 机关 及时 检察 检察院 鉴定 件 建新 解释 金额 禁毒 纠纷 纠正 居住 举报 可靠 类 理由 立案 力气 律师 秘密 民事 宁波 判处 判决 培训班 赔偿 聘请 破坏 期限 起诉 抢劫 轻 权 权益 人民法院 上升 上述 涉及 涉嫌 审查 审理 审判 省级 是否 释放 收集 受理 属于 思卿 司法 诉讼 随 贪污 提起 通知 危害 委托 未能 嫌疑人 刑法 刑事 刑事诉讼法 性质 姓名 询问 严打 严厉 严肃 严重 一体 在场 增大 增多 照片 侦查 证据 证明 知识产权 职务 执法 执行 秩序 治安 中级 宗旨 走私 最高 罪 渎职 
---- Cluster id #27 ----
Size: 44
步入 刺激 促使 等级 低 定价 放松 干预 供给 供求 过度 后果 缓解 回落 加剧 价格 经营者 买方 农产品 徘徊 膨胀 趋 热 商品 上去 上涨 失业 适用 停产 通货膨胀 通胀 统计局 物价 下滑 显然 相反 需求 虚假 抑制 原因 涨幅 正 正常 总 
---- Cluster id #28 ----
Size: 48
帮扶 对口 发达 分行 风 扶 扶贫 富 富裕 妇联 妇女 攻坚 豪华 好像 户 花 荒山 鸡 建 江西省 京城 经济林 立足 牡丹 贫困 贫困户 贫困县 贫穷 穷 山 山区 时节 受益 死 特困 特困户 脱贫 脱贫致富 温饱 物 香 像 消除 延安 养殖 养猪 雨 自力更生 
---- Cluster id #29 ----
Size: 50
安 办事处 薄 冰 策略 传达 春耕 党组织 敌人 底 动员 发动 告 根据地 共产党员 汇 机关干部 节省 借助 军民 开办 开辟 抗日 累 留给 率领 民主党派 耐心 情绪 日报 填 统一战线 统战 统战部 顽强 维持 无限 细致 下乡 雄厚 严峻 应付 踊跃 运动 掌握 照顾 政权 忠诚 驻军 子文 
---- Cluster id #30 ----
Size: 71
安排 百分点 保值 比例 编制 财税 财政 财政部 采购 拆借 持有 赤字 储蓄 存 存款 大于 贷款 担保 到期 得益 低于 兑付 发放 法定 幅度 付 负债 该行 高于 关税 国债 机构 计 计算 加 减少 降低 节 客户 控制 利率 利息 名义 哪些 年利率 凭证式 期 取消 商业 适度从紧 收入 收支 数额 完成 网点 下调 现行 限额 信贷 银行 用于 预算 元 增幅 这次 政策性 支出 支付 准备金 准备金率 资金 
---- Cluster id #31 ----
Size: 25
变为 层 超越 成分 承诺 大海 杜绝 非公有制 公有制 归 海 海南 经过 另 平静 商家 上门 深处 手里 私人 私营 土地 消费者 消灭 资本主义 
---- Cluster id #32 ----
Size: 12
该书 哈佛 奖 揭晓 经济学 理性 某种 数学 消极 意外 哲学 著作 
---- Cluster id #33 ----
Size: 19
产业化 成果 到底 海关 集装箱 检测 建造 科研 论文 满足 清华 缺少 缩短 推荐 托 系统 系统工程 验收 转化 
---- Cluster id #34 ----
Size: 42
巴基斯坦 乘 大臣 大会堂 大使 大使馆 大中 抵达 定期 访问 夫人 国旗 荷 荷兰 互利 欢迎 琳 隆重 卢森堡 陪同 鹏 签字 摄 首相 书面 图片 外经贸部 为期 谢里夫 新华 邀请 仪式 应邀 迎接 友好 友协 圆满 正式 祝愿 驻 驻华 总公司 
---- Cluster id #35 ----
Size: 37
布赫 刚 官 光明 光英 华夏 家宝 贾 建华 杰 解 菊 举 军 克 兰 力 亮 柳 孟 敏 名 莫 迁 庆林 全有 群 申 松 万年 伟 向 星 易 勇 志 壮族 
---- Cluster id #36 ----
Size: 23
丹麦 党派 德国 对付 国大党 竞选 科尔 领先 麻烦 马克 人民党 投 为首 席 席位 相似 兴趣 选民 选票 印度 阵线 政党 执政 
---- Cluster id #37 ----
Size: 24
爱护 北大 待 导弹 典范 懂得 改造 感人 工人阶级 估计 红 回去 看待 另外 倾向 深受 视为 水库 吸收 赞成 真诚 知识分子 中间 资产阶级 
---- Cluster id #38 ----
Size: 21
北部 北风 大雨 东部 华北 华南 黄淮 级 江淮 江南 冷空气 两地 南部 偏 气温 气象台 天气 西北 小到中雨 移 预计 
---- Cluster id #39 ----
Size: 26
保险 变动 不良 大藏省 倒闭 导致 东京 官员 合资 回收 会员 价值 驾驭 开业 乐观 泡沫 桥本 日本 日元 苏哈托 厅 投机 信用 有待 债权 职员 
---- Cluster id #40 ----
Size: 35
阿拉法特 巴 巴勒斯坦 撤军 冲突 辞职 方案 分歧 和谈 华盛顿 会谈 进程 抗议 科索沃 库克 黎 黎巴嫩 联络 南斯拉夫 难民 内阁 内塔尼亚胡 前夕 设想 士兵 西岸 叙利亚 宣布 耶路撒冷 以 以色列 犹太人 约旦河 直升机 中东 
---- Cluster id #41 ----
Size: 46
摆 不行 长 初 出国 代 党中央 邓 丢 动摇 发起 风波 高潮 搞 果断 呼声 怀着 恢复 回来 混乱 经受 敬爱 决心 开创 牢记 离开 领会 留学生 缅怀 千方百计 倾听 清除 认清 融入 十四大 时刻 谈话 同志 详细 小平 拥护 早 指示 指引 重要性 左 
---- Cluster id #42 ----
Size: 27
长沙 大厦 电器 分配 福州 股 股份 缓 减免 南昌 派 配 披露 商场 商厦 实业 税 税收 税务 送 优惠 有限公司 增 征收 郑州 珠海 转 
---- Cluster id #43 ----
Size: 44
背景 变革 表现 沉重 创作 独特 多样化 反响 话题 获奖 讲究 揭示 景观 刊物 可喜 栏目 冷 灵魂 浓 期待 期刊 情感 秋 群体 人生 散文 深 试图 收获 思考 题材 痛苦 显 显示 现实 现实主义 寻找 展示 诸如 专栏 姿态 尊严 作品 作者 
---- Cluster id #44 ----
Size: 23
拆 城市 雕塑 风格 公共 公众 和谐 街道 聚集 空间 类似 模式 哪个 内涵 铺 三角洲 市中心 挖 希腊 喜爱 印象 有机 主题 
---- Cluster id #45 ----
Size: 45
潮流 大陆 大业 当局 对此 分离 分裂 构想 海内外 海峡 和平 呼吁 回应 加深 交流 竞赛 两岸 领土 迈 民众 企图 商谈 深远 世纪之交 势力 台湾 谈判 听众 同胞 统一 完整 往来 务实 希望 现状 心愿 一国两制 愿望 增进 重申 主权 主张 状态 祖国 阻碍 
---- Cluster id #46 ----
Size: 88
安装 颁布 办事 本人 表率 宾馆 不正之风 不准 查处 惩处 出台 处分 党风 党性 党员 党政 党政机关 电话 电台 斗争 对策 遏制 反 反腐倡廉 分子 腐败 干部 公款 狠抓 会计 机 集资 纪检 纪律 纪委 监察 监控 坚决 艰苦奋斗 减轻 健行 紧密 考验 礼品 立 廉洁自律 廉政 蔓延 配备 评议 强化 清理 庆典 全会 上级 奢侈浪费 审计 实体 收费 土壤 违法 违规 违纪 位置 尉 严格 严禁 一级 有序 娱乐 预防 源头 责任制 赠送 正气 制约 制止 抓好 专项 追究 准则 着重 自 自觉性 综合治理 钻研 遵守 作风 
---- Cluster id #47 ----
Size: 30
北方 草 草地 创汇 当中 服装 该县 攻关 贵州 湖北 江西 亩 南方 农业部 票 气息 签 人均收入 认可 设计师 试验 踏 细 小麦 兴奋 畜 畜牧业 养 鱼 折 
---- Cluster id #48 ----
Size: 19
病 病人 孤儿 患 患者 急 佳节 乐 绿色 蒙古 生命 死亡 通道 武汉 武汉市 艺术团 勇敢 愉快 治疗 
---- Cluster id #49 ----
Size: 51
百姓 报纸 波恩 灿烂 厂家 打下 档次 道 道理 端 放心 钢琴 海上 寒风 后者 句 堪称 颗 口 拉开 来临 蓝 利润 临 南北 难 难免 捧 清晰 上任 剩下 世人 说话 掏 天空 同事 同行 童 文章 喜 想法 销 眼 爷爷 艺术品 意思 原来 展 志成 珠江 帷幕 
---- Cluster id #50 ----
Size: 20
村庄 调节 冬 风景 该 欢乐 激发 疾病 落 飘 期望 人们 生存 外面 微笑 喜悦 心理 心灵 雪 祝福 
---- Cluster id #51 ----
Size: 26
斌 参赛 常 闯 段 番 获胜 开幕式 可谓 名人战 盘 棋 棋手 取胜 深圳市 淘汰 通讯 围棋 讯 赢 预赛 遭 战胜 主办 子 昊 
---- Cluster id #52 ----
Size: 41
班子 编者按 变 财务 村 村干部 村里 村民 村委会 村务公开 大事 带领 党支部 该厂 干 干群 公开 公平 河北 后面 怀疑 基层 困扰 乱 满意 明白 盼 前面 全村 上访 说法 投票 推 推行 县里 乡镇 修 咱 这项 阵地 致富 
---- Cluster id #53 ----
Size: 33
场地 此次 答 大户 担 发行 方便 份 购买 股票 挂牌 回报 基金 简称 交易所 开设 刊登 联网 买卖 区别 上市 深圳 提问 投资 投资者 问 现金 债券 账户 证监会 证券 只能 资格 
---- Cluster id #54 ----
Size: 59
不错 不见 不怕 尝 充满 地上 多少 返回 覆盖 共和国 谷 过来 过去 合影 挤 介绍 井 块 兰州 离 连 楼房 绿 门前 棉花 目光 那个 农家 旁 片 拼搏 葡萄 前来 全新 上来 双手 岁月 天地 位于 乌鲁木齐 响 辛苦 新疆 心声 匈牙利 选拔 一行 迎 迎来 涌 犹如 油 远 摘 招 这块 震 主人 坐 
---- Cluster id #55 ----
Size: 27
城 持久 创建 打假 大街 到位 店 防 好事 活动 假货 假冒伪劣 精神文明 联 评选 群众性 热水器 商店 实 实实在在 实事 投诉 无 信誉 引 载体 扎扎实实 
---- Cluster id #56 ----
Size: 43
被告 初中 大学生 儿女 儿子 法官 夫妻 父母 故乡 孩子 贺卡 回家 家长 将军 看看 渴望 课堂 老师 美德 拿 奶奶 内心 女儿 普通话 上班 上学 尚 少年 失学 收 双 岁 抬 太原 趟 贴 碗 希望工程 掀起 一等奖 丈夫 制作 中科院 
---- Cluster id #57 ----
Size: 81
本次 产量 城镇 承包 达到 调控 对外贸易 吨 防范 非法 分开 丰富多彩 改善 干旱 港口 高速公路 搞好 公路 固定资产 国内 宏观 化解 黄河 基本建设 机电 计划 继续 加大 监管 减员增效 健身 节约 进口 进展 经济社会 境外 居民 科普 快 扩大 劳务 牢固 理顺 力度 粮食 零售 弥补 培育 清洁 全年 融资 生产总值 失业率 势头 适当 适度 适时 试点 收购 输出 水利 同时 投产 投放 投向 稳 稳中求进 项目 消费品 新增 养老 以内 隐患 预定 增长 增长点 增加 债务 中介 资本金 总额 
---- Cluster id #58 ----
Size: 39
安全 标志 不得 仓库 地面 地下 电力 发电 个人 奖励 距离 跨越 扩建 垃圾 内 其他 器材 桥梁 任何 设施 施工 损害 损失 所在 条例 物品 线路 消防 新建 兴建 行为 延伸 一般 移动 应 章 植物 周围 作业 
---- Cluster id #59 ----
Size: 51
奥委会 奥运会 澳大利亚 本届 比赛 冰球 长野 成绩 打破 大赛 冬奥会 夺 夺得 分 冠军 贺电 滑 滑雪 获得 纪录 加拿大 角逐 金牌 锦标赛 决赛 枚 米 秒 名将 名列 男子 女子 挪威 乒乓球 破 赛 赛场 上届 射击 世界杯 世界纪录 速滑 铜 选手 亚军 银 游泳 运动员 中国队 妍 缪 
---- Cluster id #60 ----
Size: 128
白 柏林 毕 波 蔡 藏族 曹 朝鲜族 陈 程 迟 川 崔 戴 单 丁 董 杜 范 方 费 冯 傅 高 葛 龚 古 顾 关 贵鲜 郭 韩 贺 洪 侯 胡 黄 回族 霍 健 姜 蒋 金 锦华 晋 俊 康 孔 李 梁 廖 林 刘 龙 卢 鲁 陆 吕 罗 马 满族 梅 蒙古族 苗 苗族 明 聂 牛 女 彭 平 齐 秦 庆 曲 邵 沈 施 史 舒 宋 孙 谭 汤 唐 涛 陶 田 土家族 万 汪 王 韦 维吾尔族 魏 温 文 闻 吴 夏 肖 谢 熊 徐 许 薛 严 阎 杨 扬 姚 叶 毅 尹 游 于 余 俞 袁 云 曾 张 赵 郑 钟 朱 祝 邹 
---- Cluster id #61 ----
Size: 34
本地 长春 长工 储量 创办 大庆 地质 典礼 发现 光彩 光荣 何 艰苦 劲 勘探 利比亚 欧佩克 品质 平原 亲 清 区 深感 石油 添 为由 委内瑞拉 献身 油气 油田 原油 院校 找到 装备 
---- Cluster id #62 ----
Size: 65
比索 贬值 不利 出口 储备 传真 点 跌 东南亚 东亚 动荡 短期 兑 兑换 房地产 菲 菲律宾 纷纷 风暴 股市 挂钩 官方 韩国 汉城 合 回升 汇率 货币 金融 金融业 经常 拉美 来华 流入 马来西亚 马尼拉 贸易 美元 墨 墨西哥 人民币 世贸 收盘 顺差 泰国 通货膨胀率 外汇 外贸 外债 外资 为何 下跌 下降 信心 行长 雅加达 亚洲 印度尼西亚 印尼 印尼盾 影响 增长率 指数 至 周边 
---- Cluster id #63 ----
Size: 41
大道 懂 读 读书 读者 封闭 风情 富有 古典 加元 空前 鲁迅 凝聚 批评 篇 桥 缺乏 审美 失去 诗 诗歌 诗人 书 书店 书籍 思 随意 同 图书 无法 鲜明 欣赏 严谨 言 优美 右 誉为 载 崭新 之 种 
---- Cluster id #64 ----
Size: 20
补 传媒 此事 待遇 关怀 灌溉 花园 交谈 节水 名人 拍卖 批示 评估 时尚 书画 探亲 外国 致以 专家 咨询 
---- Cluster id #65 ----
Size: 102
版 包装 玻璃 材料 采用 彩色 测试 插 出版物 船舶 地位 电厂 电子 独资 短 辐射 服务业 高档 工 工艺 购 光 含 化肥 化工 基因 机械 机组 激光 计算机 加工 检验 精 开发 抗 控股 矿 立方米 连接 良种 码头 煤 煤炭 摩托车 年产 农 农药 品种 期货 汽车 千瓦 认证 容量 沙漠 摄影 设备 设计 生产 生产线 水电 水泥 饲料 塑料 隧道 特有 天然 通信 同步 透 外商 卫星 相关 新型 型 性能 药 药品 药物 医药 仪 仪器 以上 以下 应用 用 优 邮电 原料 允许 运输 珍贵 纸 致 制品 制造 中方 中药 主导 专利 专用 装置 综合 
---- Cluster id #66 ----
Size: 135
榜样 爆发 被动 不顾 才能 参与 策划 长征 朝鲜 成立 初期 此后 促成 大桥 担负 担任 诞辰 诞生 党内 到达 德 独立自主 夺取 恩来 风采 风范 复杂 革命家 公仆 共产主义 国防 国民党 国务 海军 红军 后 后勤 回到 会场 极端 坚定 艰难 接触 杰出 解放 进攻 尽 精力 久 军队 军事 军委 抗日战争 抗战 空军 老一辈 历程 领导人 留 留下 毛 那种 内外 排除 品格 迫使 期间 前后 青 情 全军 热爱 人格 人民军队 入 善于 身 身边 深厚 深情 生涯 胜利 时期 司令员 他 题词 投身 伟人 文化大革命 文选 我党 我军 无产阶级 武装 伍 西安 牺牲 献给 想象 协助 心血 信念 修权 业绩 一生 以为 忧 早期 泽东 占领 战场 战斗 战术 战役 战友 战争 真理 争取 政治家 之际 之一 直到 指挥 致力 智慧 中央军委 重任 周 主持 著名 卓越 总参谋长 总政治部 作战 魅力 
---- Cluster id #67 ----
Size: 39
笔 边 便宜 产值 倡议 超 传来 短短 发出 国家级 怀 火车 家乡 军人 开发区 看好 靠 昆 老区 利税 南 跑 企业家 欠 盛 挑 铁路 通 拖 脱 外地 小伙子 新年伊始 沿线 意味着 跃 云龙 运河 最佳 
---- Cluster id #68 ----
Size: 90
澳门 表决 草案 常委会 常务 长官 程序 惩治 充实 抽查 筹备 出访 丛书 大会 代表 代表大会 地方 督促 法 法规 法律 法制 法治 赋予 改进 规范 规则 规章制度 国家机关 候选人 换届 汇报 基本法 季度 纪云 监督 检查 接待 借鉴 决定 框架 老年人 立法 力求 每次 难点 拟 起草 权威 全国 热点 人大 人大代表 任命 任期 日常 设立 审议 实施 实效 市场经济 授权 特别 特区 提名 提请 听取 委员会 宪法 香港 信访 行使 行政区 修订 修改 选出 选举 依据 议案 议会 原有 征求 正当 职权 制定 治国 中华人民共和国 专门 组成 遵循 
---- Cluster id #69 ----
Size: 13
阿尔及利亚 阿拉伯 半岛 感谢 恐怖 理事会 谴责 突尼斯 卫生部 也 也门 赞赏 旨在 
---- Cluster id #70 ----
Size: 35
爱国主义 保存 保护 博物馆 档案 抵御 革命 工会 故居 规划 记录 纪念 纪念馆 建筑 精品 经费 烈士 民政部 纳入 气氛 抢救 青少年 少奇 社会效益 神圣 师生 收藏 贴近 统筹 维修 文物 文献 赞助 展览 庄严 
---- Cluster id #71 ----
Size: 50
遍 不惜 长城 春 春风 此时 动 动人 感染 敢 工地 海口 惠芬 激情 家人 间 惊人 觉得 历时 联手 练 冒 梦 描绘 年轻人 评论 人间 散 事宜 试 手术 她 躺 题写 天下 舞 县城 响起 校园 演奏 一代 意志 音乐 音乐会 有限 圆 酝酿 这时 重返 闵 
---- Cluster id #72 ----
Size: 41
爱尔兰 北爱 变成 布莱尔 朝 春运 调 对 发 分工 高速 公里 广 广州 沪 货物 津 京 九 卡 开 开通 客车 客运 列 列车 临时 旅客 每天 商务 神 石家庄 售票 提 铁道部 图 为主 线 小时 运行 增至 
---- Cluster id #73 ----
Size: 17
奥地利 大厅 饭店 幅 古老 教堂 精美 警方 据说 乐团 农历 全世界 维也纳 喜庆 掌声 这家 自豪 
---- Cluster id #74 ----
Size: 42
百富勤 比重 表 从事 从业 单位 法人 分布 公报 共计 划分 结果 居委会 快速 劳动 类型 辆 末 年龄 平均 普查 其中 人数 人员 如下 社区 数 数据 数量 台 西部 吸纳 小型 以外 营业 拥有 占 占地 镇 中部 总量 总数 
---- Cluster id #75 ----
Size: 35
班 伴随 笔者 长途 车 车站 大地 大树 带头 锋 奉献 感受 姑娘 号召 弘扬 换 火车站 姐妹 拉 雷 民兵 某部 热情 事迹 送给 挑选 停 现任 新人 学 涌现 与会者 再现 展出 真情 
---- Cluster id #76 ----
Size: 17
颁奖 氛围 高尚 工作者 关根 国民 禁止 深度 下功夫 祥和 新闻 新闻界 宣传 营造 舆论 职业道德 中宣部 
---- Cluster id #77 ----
Size: 33
彼此 长期 大家庭 地区 锻炼 对方 繁荣 各 各族 共建 光辉 加速 结成 景象 空 民族 凝聚力 平等 迫切 强大 区域 融合 少数民族 适合 铁木尔・达瓦买提 团结 沿海 至关重要 中华民族 自愿 自治 自治县 自治州 
---- Cluster id #78 ----
Size: 20
搬 播出 部 电视剧 改编 集 镜头 刻苦 门 拍 品位 确实 书法 水浒传 先生 议长 有益 中医 忠实 主持人 
---- Cluster id #79 ----
Size: 33
报警 超出 成熟 窗口 大队 当做 房间 公安部 公安局 接到 警察 老百姓 楼 民 民警 女士 平凡 取 热线 示范 受伤 危险 小事 行人 血 巡警 义务 议论 遇到 找 这么 值 值班 
---- Cluster id #80 ----
Size: 20
白宫 波黑 法案 非洲 国会 好转 花钱 开支 科特迪瓦 克林顿 联邦 美军 民主党 南非 维和 西非 削减 引人注目 盈余 援助 
---- Cluster id #81 ----
Size: 43
查 常州 长期以来 厂 厂长 串 此案 掉 工厂 功 狗不理 广东 罕见 核 核电站 辉煌 急需 佳 金钱 巨额 劳动模范 老板 令 漏洞 农垦 妻子 亲属 荣誉 设 时健 受贿 外 忘记 心态 烟 样子 云南 账 真 追 子女 总裁 褚 
---- Cluster id #82 ----
Size: 102
闭幕 必然 波兰 参政议政 茶话会 阐述 承办 出席 次 大局 代表性 调查 调研 对外 发表 防火 风貌 服从 赴 甘肃 纲要 稿 各界 古巴 光亚 规范化 国权 汗水 华清 会议 活跃 家华 建议 江 讲话 锦涛 举行 开幕 开拓 看望 考察 科技界 两会 列入 鲁丽 履行 率 论坛 民工 名单 强有力 乔 侨胞 全体 人选 日程 入手 瑞典 瑞环 瑞士 森林 商 石 讨论 提案 题 通过 团体 拓展 伟长 协商 新鲜 兴 选平 研讨 研讨会 演讲 议程 议题 与会 泽民 展望 章程 兆国 正英 政协 知名人士 职能 制度化 智利 周年 主席台 主席团 驻地 专题 组 作 座谈 座谈会 崛起 孚凌 F基 
---- Cluster id #83 ----
Size: 42
薄弱 毕业生 编写 财经 风气 该校 改 高等 高度 高考 国家教委 合格 基金会 教材 教师 教学 教育 考试 课 课程 面向 年级 培养 普及 普通 人才 什么样 素质 通用 外来 务工青年 西南 小学 新加坡 学生 学校 眼光 招生 中等 中小学 中小学生 着 
---- Cluster id #84 ----
Size: 35
层层 车辆 城区 承担 出租车 创 岗 机动车 加重 交警 交通 街 街头 扣 南宁 南宁市 怕 认定 伤 事故 市民 市区 双拥 司机 桶 违章 文明 现场 形象 责任 真相 整治 支队 撞 自行车 
---- Cluster id #85 ----
Size: 25
打 攻 国家队 击败 甲Ａ 教练 教练员 俱乐部 篮球 男篮 年轻 平安 强劲 球 球队 球员 弱 赛季 输 万达队 训练 遇 主教练 足 足球 
---- Cluster id #86 ----
Size: 27
爱心 巴金 差 打工 感动 工程 公益 还 艰辛 奖金 救助 捐 捐款 捐助 看见 苦 母亲 那天 那些 启动 她们 献 幸福 页 主编 资助 组委会 
---- Cluster id #87 ----
Size: 23
白酒 包 包含 查获 堆 工商 工商局 获悉 甲醇 假 饺子 酒 局 妈妈 弄 山西 山西省 收回 售 造 制 中毒 抓获 
---- Cluster id #88 ----
Size: 18
班长 兵 炒 翻译 汉语 军营 浓郁 其余 生日 武 象征 休息 彝族 战士 阵阵 直至 只见 中队 
---- Cluster id #89 ----
Size: 32
北 变化 称为 承受 吹 大气 地球 东 度 厄尔尼诺 附近 海洋 毫米 环 命名 难得 暖 气 气候 气象 全球 热带 上空 首席 太平洋 太阳 西 现象 响应 意 正好 致使 
---- Cluster id #90 ----
Size: 27
爱好者 拜年 唱 船 电视台 歌 歌曲 歌声 歌舞 湖 节目 快乐 联欢 留学 明星 年年 庆祝 少儿 首 睡 似 晚会 舞蹈 演唱 一派 邮票 展现 
---- Cluster id #91 ----
Size: 21
背后 不知 故事 过 过年 寄 老伴 老人 磊 买 身体 同学 退 退休 温暖 小 信 学员 一家 照 资 
---- Cluster id #92 ----
Size: 29
报 冰箱 称 地震 房屋 防震 负责 构成 华为 火灾 监测 减灾 紧急 救济 科龙 论证 抢险 人民政府 丧失 伤亡 县级 相应 引发 有关 预报 预测 灾害 造成 指 
---- Cluster id #93 ----
Size: 15
功夫 汉年 马克思 潘 全方位 色彩 社 事件 塑造 线索 性格 宣言 依旧 战线 这部 
---- Cluster id #94 ----
Size: 26
编者 词 单一 过硬 海信 呼唤 毁 开阔 考核 可贵 理解 领导班子 那里 启示 谁 他们 脱颖而出 挖掘 徐州 硬 用人 员工 在于 争 之外 自律 
---- Cluster id #95 ----
Size: 32
巴西 并非 补贴 菜篮子 产销 大中城市 抵押 房 福利 副食品 工资 供应 建房 角 教职工 来源 例 每月 批发 肉 商品房 实物 市场化 水果 享受 消费 小区 需 银行业 住房 住宅 租 
---- Cluster id #96 ----
Size: 26
报名 残疾人 场所 岛 服务 服务队 工具 公园 门口 蓬勃 青岛 青年 商标 实用 树 团中央 新风 行动 依托 游人 征文 植树 志愿 志愿者 助 注册 
---- Cluster id #97 ----
Size: 28
八一队 败 本轮 比分 场 队 队员 对手 夺冠 负 河南 江苏 居 联赛 辽宁队 轮 男排 女排 排球 轻松 升 胜 四川 提前 战 浙江 支 主场 
---- Cluster id #98 ----
Size: 13
冰雪 动作 技巧 季 空中 难度 全场 跳 相声 辛勤 印 幽默 者 
---- Cluster id #99 ----
Size: 135
Ｂ 布局 步伐 财力 产品 产权 产业 超过 城乡 充足 出售 创新 促 大胆 大型 大中型 带动 带来 导向 调整 对外开放 发明 发展 放开 扶持 附加值 改组 高产 高效 高新技术 根本性 鼓励 骨干 股份合作制 国民经济 国内外 含量 合理 活力 基础 机制 积累 激烈 集体经济 技术 加快 健康 交接 结构 进步 经济 竞争 竞争力 举世瞩目 抗旱 科技 劳动力 利用 力争 连锁 量 灵活 领域 流动 流通 盲目 门路 明显 名牌 能力 能源 农副产品 农田 农业 牌 配套 平衡 平稳 浦东 齐全 前景 潜力 全 全民 确保 社会化 深化 生产资料 升级 市场 收成 水平 水资源 所有制 台阶 态势 提高 体系 体制 挑战 投入 突破 推广 拓宽 稳妥 物质 乡镇企业 消化 效益 兴办 迅猛 压力 要素 因地制宜 引导 引进 优化 优势 优先 优质 原材料 约束 增产 增添 战略性 政企 支撑 支柱 职业 质量 中小企业 转变 着力 综合国力 总产值 
---- Cluster id #100 ----
Size: 156
啊 爱 吧 把 伯伯 采访 参观 成 吃 吃饭 出 楚政 床 错 答应 大家 大姐 大门 带 当 到 得 得知 等 定 度过 顿 翻 房子 分钟 夫妇 赶 感到 告别 告诉 隔 给 根 跟着 工人 后人 话 怀念 坏 还有 回 火 记得 记忆 家里 家中 见 讲述 脚 叫 接见 结婚 进 净化 开会 看 棵 客人 啦 来到 里 脸 了 流 吗 忙 每个 名字 那 那么 那时 那样 南极 难忘 呢 你 你们 您 女工 偶然 朋友 前 情景 请 去 去世 全家 让 人家 人群 日记 日子 荣 如此 身上 深切 声音 师傅 时 什么 事 水 说 思念 送礼 天 听 听到 听说 突然 外出 玩 完 望 忘 位 文革 我 下来 显得 湘西 想 想到 想起 笑 些 新村 心 心里 心情 心中 呀 冶金 一起 依然 遗憾 毅仁 颖超 永恒 有人 在 怎么 扎 知道 之后 住 装 仔细 总理 走访 最后 
---- Cluster id #101 ----
Size: 43
财富 操作 成长 到来 登 第三产业 动力 发达国家 发展中国家 分为 改变 概念 获取 机器 即 具备 科教兴国 科学技术 劳动者 论断 迈进 面临 前沿 求 取决于 全球化 人工 人类 人力 生物 实验室 太空 兴起 依赖 真正 知识 知识经济 之上 指明 智力 周期 注入 走向 
---- Cluster id #102 ----
Size: 35
出版社 处 处长 歌舞团 广西 海南省 合肥 河北省 河南省 湖南省 江苏省 剧团 科教 科委 科协 内蒙古 宁夏 农科院 青海 荣获 三下乡 山东省 陕西 陕西省 社长 四川省 图书馆 团长 县长 宣传部 演员 医学 医院 云南省 浙江省 
---- Cluster id #103 ----
Size: 40
云 避孕 持续 出生 达标 代价 动手 恶化 防治 高峰 各地 关闭 国土 淮河 环保 环保局 环境 计划生育 接 紧 可 空气 良性 林业 流失 流域 面积 排放 人口 生态 省区 水土 算 污染 下决心 循环 造林 治理 诸 抓紧 
---- Cluster id #104 ----
Size: 20
病毒 步 撤销 传输 代理 电脑 电信 防伪 股东 交易 申报 属 提醒 网络 信息 选择 因特网 营业部 用户 指定 
---- Cluster id #105 ----
Size: 34
宝贵 崇高 出色 典型 对象 发掘 犯 岗位 个别 贵 角色 境界 领导者 陌生 墙 清醒 权力 认识 甚 生机 失败 事物 视野 手中 头脑 脱离 外部 一把手 意识 知 主体 自己 自我 走过 
---- Cluster id #106 ----
Size: 376
爱国 安定 把握 摆脱 办 邦国 包括 保持 保障 保证 必要 表明 不好 不同 不懈 步骤 部署 采取 参考 层次 产生 倡导 彻底 成功 成就 成为 成效 呈现 程度 充分 初步 初级阶段 出发 出现 处理 处在 传统 创造 此 促进 存在 措施 代表团 党 得到 得以 奠定 调动 独立 对待 多 发挥 发生 发言 发扬 繁重 反对 反映 方法 方面 方式 方向 方针 防止 放 放在 分类 分析 奋斗 丰收 符合 附 改革 敢于 高举 格局 个 各个 各级 各位 各项 各种 给予 根本 工作 公务员 巩固 贡献 共同 够 鼓舞 关键 关心 关注 官僚主义 观点 观念 贯彻 广大 广泛 广阔 轨道 国际 国家 过程 过渡 海外 好 核心 宏伟 环节 回顾 回归 会 基本 积极 积极性 激励 极大 集中 加强 加以 坚持 坚持不懈 坚定不移 坚强 肩负 艰巨 艰苦创业 健全 建立 建设 交往 接受 阶层 结合 解放思想 解决 进行 近 精简 精神 精心 经验 警惕 局面 举办 巨大 具体 具有 决策 开放 开始 开拓进取 开展 看到 考虑 克服 客观 肯定 困难 来 来自 老 力量 联系 良好 了解 领导 路线 落实 马列主义 迈出 矛盾 没有 每年 密切 面对 面前 民主 明确 模范 某些 目标 目的 内部 内容 能 能够 年 努力 庞大 培训 配合 批 普遍 起到 起来 前进 前提 强调 强烈 切实 情况 渠道 取得 全局 全面 全心全意 确定 群众 人 人民 人事 任务 认真 容易 如何 上 少 社会 深刻 深入 生动 生活 失误 十五大 时机 时间 实际 实事求是 实现 实行 实质 使 使命 世纪 事情 事业 是 适应 视察 受到 树立 顺利 说明 思想 所有 探索 特点 提出 提到 提供 体会 体现 条件 铁映 突出 推动 推进 推向 妥善 完全 完善 围绕 为 维护 文化 稳定 问题 我国 我们 物质文明 下 下去 先进 显著 现代化 项 效果 协调 新 形成 形式 形势 行政 需要 学者 研究 要 要求 一定 一切 一致 依靠 以来 意见 意义 意愿 因素 引起 应该 应有 赢得 勇于 优良 优秀 有 有的 有利 有利于 有力 有所 有效 有些 原则 运用 运转 责任感 增强 扎实 展开 战斗力 战略 召开 这 这些 这种 针对性 整个 整体 正确 政策 政府 政治 支持 之间 之中 职责 直接 指标 指出 指导 制订 制度 治 中 中心 种种 重大 重点 重视 重要 主动 主观 主要 注意 注重 抓 抓住 准 准确 着眼 自身 总结 总体 走 组成部分 组织 做 做出 做到 做好 作出 作为 作用 
---- Cluster id #107 ----
Size: 60
安置 差别 出路 存量 锭 纺织 非 分流 付出 富余 改制 搞活 工业 攻坚战 国企 国有 邯钢 活 济南 计划经济 截至 解困 经济效益 经贸委 净 就业 举措 困境 离退休 路子 落后 能否 扭亏 盘活 配置 破产 企业 契机 抢 敲 上岗 生产能力 突破口 退出 下岗 陷入 效率 压 压锭 压缩 运作 增值 职工 重组 转换 转向 转移 壮大 资本 最终 
---- Cluster id #108 ----
Size: 44
北约 本国 波罗的海 不满 成员国 大国 独联体 俄 俄罗斯 访 各国 各自 哈 航天 伙伴 火箭 吉 扩 联盟 卢布 谋求 欧洲 签署 切尔诺梅尔金 渗透 首脑 守 条约 乌 乌克兰 西方 西欧 宪章 削弱 协定 演习 叶利钦 一体化 伊朗 伊斯兰 忧虑 元首 争夺 中亚 
---- Cluster id #109 ----
Size: 43
办公 不便 长江 都市 繁华 更新 购物 广场 机遇 交给 竣工 开工 库区 面貌 民心 难题 起步 企业界 前所未有 全市 人心 任职 三峡 上下 上游 市政府 思路 吸引 县政府 相比 修建 移民 运营 召集 振奋 振兴 之内 直辖市 指挥部 中外 重庆 重庆市 主 
---- Cluster id #110 ----
Size: 103
阿盟 阿齐兹 埃及 安理会 安南 奥尔布赖特 巴格达 巴黎 抱 报道 备忘录 本报 避免 常任 常驻 此间 磋商 达成 打电话 打算 大规模 担心 地点 电 调解 动武 动用 发布会 发言人 法国 否认 符 各方 关切 国防部长 国务卿 果 海湾 号 核查 记者 加紧 结束 解除 紧张 谨慎 警告 救援 局势 拒绝 决议 开罗 科恩 科威特 理事国 立场 联合国 连日来 罗马 美 美联社 穆巴拉克 普里马科夫 前往 认为 萨达姆 食品 艘 特使 特委会 通报 透露 途径 土耳其 推迟 外交 外交大臣 晚 威胁 危机 斡旋 武力 武器 希拉克 袭击 销毁 小组 协议 新华社 行 寻求 伊 伊拉克 意大利 英 英国 约旦 招待会 之前 制裁 准备 总统 总统府 
