---- Cluster id #1 ----
Size: 32
百富勤 层层 店 繁华 饭店 改 港元 狗不理 国际象棋 黄淮 江淮 客人 老板 冷空气 理 卢布 门口 门前 名人战 棋手 气象台 商标 贴 通货膨胀率 围棋 为何 小到中雨 赢 邮票 真 值 昊 
---- Cluster id #2 ----
Size: 36
本人 撤销 答 担 发行 方便 股 股东 挂牌 回报 基金 简称 交易 交易所 开设 刊登 联网 买卖 披露 区别 上市 申报 深圳 提醒 投资 投资者 违规 问 营业部 运作 账户 证监会 证券 指定 只能 资格 
---- Cluster id #3 ----
Size: 49
陈旧 楚政 床 带领 地上 冬 断 分行 奋战 扶贫 富 根 攻坚 划 患 挤 江西省 脚 进 开阔 啦 立足 路子 民兵 爬 彭 贫困户 贫困县 穷 人家 荣 如同 受益 双 水源 睡 趟 踢 脱贫致富 温饱 物 湘西 乡亲 血 毅仁 逾 阵阵 仔细 足 
---- Cluster id #4 ----
Size: 33
并非 补 补贴 出售 大中城市 单位 抵押 对象 房 分配 福利 个人 工资 购 购买 建房 角 教职工 例 每个 每月 商品房 实物 市场化 享受 消费 小区 新建 需 支付 住房 住宅 租 
---- Cluster id #5 ----
Size: 23
把 保卫 波黑 部队 称号 称赞 担负 牢记 练 美军 难民 认清 塞拉利昂 使命 透 忘记 维和 武警 西非 训练 意大利 忠诚 组建 
---- Cluster id #6 ----
Size: 34
版 被告 初中 打 打电话 登 电话 儿子 分钟 夫妻 父母 歌曲 广告 孩子 贺卡 回家 家长 举 觉得 可谓 拿 奶奶 普通话 热线 容易 上学 收费 送礼 用户 诱惑 愉快 娱乐 这么 足够 
---- Cluster id #7 ----
Size: 33
奔 城 出租车 创建 大街 防 岗 好事 活动 激励 假货 街 街头 精神文明 南宁 南宁市 评 评选 群众性 热水器 人人 实 实实在在 实事 市民 双拥 文明 无 舞剧 信誉 引 载体 扎扎实实 
---- Cluster id #8 ----
Size: 22
便宜 乘客 冲 歹徒 刀 过硬 喊 呼唤 刻苦 连队 脸上 玲 美丽 票 签 青春 邱 围 鲜花 现金 英雄 折 
---- Cluster id #9 ----
Size: 62
案 补充 材料 逮捕 调 法庭 该 公安 公安部 管辖 规定 机关 检察院 鉴定 结论 居住 可以 款 理由 立案 律师 秘密 批准 聘请 期限 起诉 轻 请求 取 权 上述 涉及 涉嫌 审查 省级 事实 是否 收到 收集 收取 受理 说明 随 提起 通知 同意 委托 未能 嫌疑人 刑法 刑事诉讼法 姓名 询问 延长 应当 原来 载 在场 侦查 证据 证明 罪 
---- Cluster id #10 ----
Size: 22
波音 布鲁塞尔 差异 成员国 电厂 封锁 革新 古巴 官员 华 咖啡 科特迪瓦 拉美 墨西哥 拟 欧 欧盟 欧洲 世贸 西欧 亚 亚洲 
---- Cluster id #11 ----
Size: 25
播出 部 大海 导演 电视剧 电影 东北部 改编 故事 关根 海 集 镜头 陌生 拍 拍摄 书法 水浒传 武术 形象 性格 演员 影片 忠实 主持人 
---- Cluster id #12 ----
Size: 30
彼此 长期 大家庭 对方 对口 繁荣 各 各族 共建 共同 光辉 加速 结成 景象 民族 凝聚力 平等 迫切 强大 区域 少数民族 适合 铁木尔・达瓦买提 团结 迎来 中华民族 自愿 自治 自治县 自治州 
---- Cluster id #13 ----
Size: 53
白色 遍 长城 春 春风 此时 动 动人 敢 歌剧 工地 海口 海南 惠芬 激情 家人 惊人 乐团 历时 联手 冒 梦 年轻人 评论 人间 散 试 手术 首 抬 躺 题写 天下 外地 维也纳 舞 舞台 县城 响起 校园 演奏 一代 艺术家 意志 音乐 音乐会 圆 酝酿 展示 掌声 这时 重返 闵 
---- Cluster id #14 ----
Size: 86
案件 办案 暴力 爆炸 财产 查办 呈 惩处 承包 打击 当事人 递增 懂 毒品 队伍 发票 法官 法院 犯罪 犯罪分子 方略 房地产 干警 干扰 公正 够 航运 合法 合同 贿赂 家庭 检察 件 建新 解释 金额 禁毒 纠纷 举报 可靠 类 类型 力气 每年 民事 宁波 判处 判决 培训班 赔偿 破坏 抢劫 权益 人民法院 上升 审理 审判 思卿 司法 诉讼 贪污 同类 头脑 危害 维护 刑事 性质 严打 严厉 严肃 严重 一体 增大 增多 知识产权 职务 执法 执行 致使 秩序 治安 治国 中级 宗旨 最高 渎职 
---- Cluster id #15 ----
Size: 14
班子 充实 传销 洪水 湖 获悉 经贸委 考核 领导班子 马克 人事 人事部 填 推荐 
---- Cluster id #16 ----
Size: 25
班长 兵 闯 大队 汉语 呼声 记 监控 交警 竞赛 军人 军营 明星 生日 市区 听众 违章 武 象征 休息 巡警 战士 支队 中队 总队 
---- Cluster id #17 ----
Size: 20
查获 盗版 非法 个体 工商 工商局 光盘 海关 海上 含量 货物 假 净 净化 酒 克 瓶 售 制 走私 
---- Cluster id #18 ----
Size: 27
北大 本届 采购 场地 出版社 出版物 灯 读 读书 杜绝 汉年 奖 精美 经济学 龙头 鲁迅 民营 鸣 某种 日记 社长 视 书 书店 书籍 图书 这部 
---- Cluster id #19 ----
Size: 26
爱尔兰 北爱 波恩 布莱尔 冲突 村庄 大中 东盟 对话 分子 国王 红色 回国 警察 局势 科索沃 恐怖 拉那烈 联络 伦敦 南北 南斯拉夫 谴责 声明 意 政局 
---- Cluster id #20 ----
Size: 19
儿女 故乡 合肥 激动 家乡 见面 两地 乔 亲 亲人 尚 少年 线索 薛 寻找 一家 一行 有人 走访 
---- Cluster id #21 ----
Size: 21
背后 不知 功夫 过 花钱 寄 老伴 老人 磊 买 内心 师傅 同学 退 退休 小 小事 信 学员 照 资 
---- Cluster id #22 ----
Size: 28
长沙 队 队员 歌舞团 观看 观众 轰动 虎踞 话剧 剧团 剧院 抗 幕 迫害 前线 上演 声 替代 厅 舞蹈 戏 戏剧 演 演出 一流 赞扬 遭 钟山 
---- Cluster id #23 ----
Size: 11
爱好者 巴黎 到位 防火 公顷 花园 火灾 家宝 森林 省区 消防 
---- Cluster id #24 ----
Size: 109
阿拉伯 阿盟 阿齐兹 埃及 安理会 安南 奥尔布赖特 巴格达 白宫 报道 备忘录 避免 常任 常驻 此间 磋商 达成 打算 大规模 德国 地点 电 调解 动武 动用 发布会 发言人 法国 反对 否认 符 各方 关切 国务卿 果 海湾 号 核查 后果 记者 加紧 加剧 接受 结束 解除 紧张 谨慎 警告 拒绝 决议 开罗 科尔 科威特 理事国 立场 联合国 连日来 罗马 美 美联社 穆巴拉克 派出 迫使 普里马科夫 前往 萨达姆 艘 态度 特使 特委会 提问 通报 透露 途径 推迟 外长 外交 外交大臣 威胁 危机 危险 为首 斡旋 武力 武器 希拉克 袭击 销毁 小组 协议 新华社 新闻界 行 行动 寻求 伊 伊拉克 英 英国 约旦 招待会 之前 旨在 制裁 诸如 准备 总统 总统府 最新 
---- Cluster id #25 ----
Size: 45
编者按 变 财务 村 村干部 村里 村民 村委会 村务公开 大事 党支部 该厂 干 干群 公开 河北 河北省 后面 怀疑 基层 交 困扰 乱 满意 明白 农村 盼 前面 全村 全省 全县 确实 任职 上访 说法 投票 推 推行 喜庆 县里 乡 意识 咱 这项 致富 
---- Cluster id #26 ----
Size: 36
阿根廷 安全 尝试 筹集 大楼 大厦 等待 地面 东方 短缺 飞 飞机 飞行 股份 管制 航班 航空 航线 机场 架 肩负 昆明 扩建 蓝天 每人 民航 人次 荣获 商厦 首都 授予 小姐 选 总局 租赁 最佳 
---- Cluster id #27 ----
Size: 13
办事处 城区 国家级 级 街道 居委会 开发区 篇 区 社区 石家庄 县政府 专栏 
---- Cluster id #28 ----
Size: 59
被动 布局 财富 操作 产业 成长 创新 带动 导向 到来 动力 发达国家 发明 发展中国家 分为 概念 赶 高新技术 获取 积累 即 技术 进步 竞争力 具备 科技 科技界 科教兴国 科学技术 劳动者 论断 迈进 面临 蓬勃 前沿 求 趋势 全球化 人工 人类 人力 软件 世纪之交 挑战 显示 消化 信息 兴起 迅猛 依赖 应用 知识 知识经济 之上 指明 智力 周期 注入 走向 
---- Cluster id #29 ----
Size: 39
云 保护 避孕 差 持续 出生 达标 代价 动手 恶化 防治 高峰 各地 关闭 淮河 环保 环保局 环境 计划生育 接 紧 经济林 可 空气 控制 良性 流域 排放 人口 生态 算 污染 下决心 循环 一把手 中南海 诸 抓紧 自然 
---- Cluster id #30 ----
Size: 21
巴金 报警 编 编辑 罚 公安局 见解 交给 警方 民警 派出所 收 手机 文章 武汉市 祥和 信访 页 以为 赞助 早期 
---- Cluster id #31 ----
Size: 37
朝 对 发 分工 高速 高速公路 公里 公路 广 沪 火车 津 京 九 距离 卡 开通 客车 客运 昆 老区 列车 每天 南 山 商务 提 铁路 为主 慰问 线 小时 兴建 沿线 以内 运行 运营 
---- Cluster id #32 ----
Size: 20
表彰 长远 成熟 艰苦创业 局部 来自 两会 谋 难题 全局 热 热潮 事物 手 物质文明 掀起 一派 硬 抓 自力更生 
---- Cluster id #33 ----
Size: 46
安徽 安徽省 办公 不便 长江 电价 都市 高低 更新 供电 购物 广场 降 郊区 竣工 开工 库区 老百姓 面貌 民心 农户 起步 前所未有 全市 人心 三峡 商店 上游 市政府 思路 投诉 吸引 相比 修建 移民 营业 振奋 整顿 之内 直辖市 值班 指挥部 中外 重庆 重庆市 主 
---- Cluster id #34 ----
Size: 32
承受 处罚 措施 等级 定价 罚款 服务 干预 各自 公布 公平 价格 紧急 经营者 没收 其他 权限 商品 适用 属于 损害 提供 违法 消费者 行为 虚假 有关 章 政府 指 自主 遵守 
---- Cluster id #35 ----
Size: 48
澳大利亚 比赛 冰球 冰雪 参赛 场面 长野 成绩 冬奥会 夺 夺得 分 冠军 贺电 滑 滑雪 获得 加拿大 角逐 金牌 锦标赛 决赛 枚 米 秒 名将 名列 男子 难度 女子 挪威 乒乓球 破 赛 赛场 上届 世界杯 世界纪录 速滑 跳 选手 亚军 银 游泳 运动员 中国队 妍 缪 
---- Cluster id #36 ----
Size: 52
安排 保值 编制 财力 财税 财政 财政部 超 呈现 持有 赤字 到期 得益 低于 兑付 付 关税 国债 计 计算 加 加元 减免 减少 节 开支 利息 满 弥补 年利率 凭证式 期 其中 欠 庆 确保 适度从紧 收入 收支 数额 税 税收 税务 完成 网点 相应 预算 元 增幅 债券 征收 支出 
---- Cluster id #37 ----
Size: 34
背 边防 产 搭 大棚 顶 恶劣 盖 高原 公斤 官兵 海拔 基地 艰辛 结 军分区 空白 领 们 配 奇迹 气温 摄氏度 蔬菜 挑 停留 土 玉米 栽培 帐篷 种植 重 株 猪 
---- Cluster id #38 ----
Size: 45
八一队 败 本轮 场 对手 夺冠 负 攻 国家队 河南 击败 甲Ａ 教练 教练员 居 俱乐部 篮球 联赛 辽宁队 轮 男篮 男排 年轻 女排 排球 强劲 球 球队 球员 取胜 弱 赛季 胜 输 四川 万达队 位置 遇 预赛 战 浙江 支 主场 主教练 足球 
---- Cluster id #39 ----
Size: 155
办公室 办公厅 北京 北京大学 北京市 毕业 博士 部长 参加 常委 常务委员 车间 成员 冲击 出任 处长 大学 代理 当选 党委 党校 党组 地委 东北 董事长 队长 分局 福建 福建省 副 干事 港 高中 工程师 工商联 工业部 工作组 共青团 顾问 管理局 广东省 广西 国务委员 哈尔滨 汉族 河南省 黑龙江 黑龙江省 红十字会 湖北省 湖南 湖南省 华南 化学 会长 获 吉林 吉林省 计委 加入 兼 检察长 江苏省 教授 届 经理 局长 科长 科委 科协 科学院 联合会 辽宁 辽宁省 秘书 秘书长 民革 民主党 名誉 男 内蒙古 纽约 其间 清华大学 任 山东 山东省 陕西 上海 上海市 沈阳 生 省 省长 省委 省政府 实业 事务 市长 市委 受 书记 书记处 数学 水利部 四川省 所长 天津 天津市 外事 委员长 系 厦门 县委 相当 校长 协会 宣传部 学位 学习 学院 研究生 研究室 研究所 研究员 研究院 业余 议员 友协 院 院长 院士 政法 政委 政治局 职 职员 中共 中共中央 中华 中学 中央 中央委员 州 主编 主任 主任委员 主席 助理 住院 专业 总工会 总会 组长 组织部 
---- Cluster id #40 ----
Size: 34
北 变化 表面 吹 大气 地球 度 厄尔尼诺 发射 附近 海洋 航天 毫米 环 火箭 家园 扩展 难得 暖 气候 气象 全球 热带 上空 生物 首席 太空 太平洋 太阳 天气 西 现象 响应 月球 
---- Cluster id #41 ----
Size: 24
拆 城市 雕塑 风格 该市 公共 公众 和谐 聚集 空间 垃圾 类似 美术 模式 哪个 内涵 铺 市中心 随意 挖 希腊 喜爱 之外 主题 
---- Cluster id #42 ----
Size: 29
爱心 打工 得以 地理 富裕 感动 公益 奖金 救助 捐 捐款 捐助 看见 渴望 美德 母亲 贫困 贫穷 启动 山区 生机 失学 脱贫 希望工程 献 消除 幸福 资助 组委会 
---- Cluster id #43 ----
Size: 16
产值 改制 广东 核 核电站 集团公司 教堂 农科教 农垦 上下 室内 苏丹 提前 投产 下属 新年伊始 
---- Cluster id #44 ----
Size: 56
办学 毕业生 编写 部委 财经 成人 出国 代 待遇 高等 高等教育 高度 高考 高校 国家教委 回来 基金会 奖励 教材 教师 教学 教育 考试 科教 课 课程 理想 留学生 面向 年级 培养 普及 普通 人才 人文 融入 上去 设置 什么样 通用 西南 小学 新加坡 学科 学生 学校 眼光 优先 战线 招生 中等 中小学 中小学生 重复 着 岚清 
---- Cluster id #45 ----
Size: 24
产业化 成果 到底 福州 集装箱 检测 经费 科研 论文 满足 清华 缺少 视察 缩短 团中央 外来 务工青年 系统 系统工程 校 验收 依托 转化 转换 
---- Cluster id #46 ----
Size: 44
策划 传递 传来 抵制 对付 对抗 翻译 反应 风采 高级 回忆 会场 家具 柬埔寨 开幕式 可贵 罗马尼亚 蒙古 敏感 派 平静 日期 深厚 使馆 司长 苏 苏联 谈话 特区 我党 我军 伍 香港 新任 修权 越 越南 战场 障碍 真实 正常化 重任 转向 着手 
---- Cluster id #47 ----
Size: 41
保 抱 变成 春运 大雪 抵 第一线 电脑 发出 广州 黑 纪录 抗灾 肯 粮 列 临时 路 旅客 麻烦 那曲 南昌 难关 飘 清除 缺 烧 神 售票 探亲 特大 铁道部 兄弟 雪 雪灾 夜 衣服 涌 运 运输 增收 
---- Cluster id #48 ----
Size: 24
产销 地处 短短 高产 寒冷 火 家中 假冒伪劣 检验 建造 良种 煤矿 农场 全场 啥 守 水稻 温暖 小麦 辛苦 辛勤 这块 种子 总书记 
---- Cluster id #49 ----
Size: 82
包袱 边界 不如 成本 初步 出去 出于 存量 大 大于 等于 动态 多元化 放弃 分散 风险 改组 钢铁 跟 功能 公司 规模 合并 合资 衡量 互补 集团 家 兼并 简单 接轨 进出口 进入 经济效益 经营 看来 可能 跨 亏损 扩张 浪潮 联合 连续 垄断 纽带 排 排名 其 企业 强 全新 如 失败 实力 世界 收益 手段 速度 无法 限度 销售 销售额 效率 行列 行业 迅速 业务 一样 营销 盈利 杂志 真正 政府部门 值得 中介 专业化 追求 资产 总部 总公司 组合 做法 
---- Cluster id #50 ----
Size: 20
宾馆 步入 车辆 承担 机动车 加重 交通 怕 认定 伤 深圳市 事故 司机 停车 现场 行人 责任 真相 撞 自行车 
---- Cluster id #51 ----
Size: 34
报 称 春云 地震 发生 房屋 防震 负责 监测 减灾 救济 救援 救灾 抗震救灾 抢险 人民政府 丧失 伤亡 损失 物资 县级 引发 预报 预测 灾害 灾民 灾情 灾区 造成 张北 张家口 重建 子弟兵 自救 
---- Cluster id #52 ----
Size: 23
病人 患者 急 佳节 贾 科 评为 上任 少儿 生命 通道 药 药品 医疗队 医生 医学 医院 艺术团 右 这家 治疗 中医 中医药 
---- Cluster id #53 ----
Size: 32
阿拉法特 巴 巴勒斯坦 撤军 辞职 打破 方案 分歧 和谈 华盛顿 进程 克林顿 库克 黎 黎巴嫩 南部 内阁 内塔尼亚胡 前夕 设想 士兵 受伤 西岸 叙利亚 宣布 耶路撒冷 以 以色列 犹太人 约旦河 直升机 中东 
---- Cluster id #54 ----
Size: 106
闭幕 必然 波兰 参政议政 茶话会 阐述 承办 出访 出席 次 打假 大会 大局 代表性 调查 调研 对外 发表 发言 反映 风貌 服从 赴 甘肃 纲要 稿 各界 光亚 规范化 国权 宏伟 华清 会议 活跃 家华 建议 江 讲话 交往 锦涛 举行 开幕 开拓 看望 考察 列入 鲁丽 履行 率 论坛 民工 名单 宁夏 强有力 侨胞 青海 渠道 全国 全体 人选 日程 入手 瑞环 商 石 讨论 提案 题 通过 拓展 委员 伟长 协商 新鲜 选平 研讨 演讲 邀请 议程 议题 与会 泽民 展望 章程 兆国 召开 正英 政协 政治 职能 致以 制订 制度化 智利 主席台 主席团 驻地 专家 专题 组 做出 作 座谈 座谈会 孚凌 F基 
---- Cluster id #55 ----
Size: 19
大树 当做 调节 激发 疾病 理性 平安 期望 情感 人们 社会化 生存 外部 外面 心理 心灵 这里 证实 自我 
---- Cluster id #56 ----
Size: 20
爱护 懂得 改造 感人 工人阶级 估计 鼓舞 回去 敬爱 看待 扣 另外 倾向 视为 水库 赞成 真诚 知识分子 中间 资产阶级 
---- Cluster id #57 ----
Size: 23
摆 菜 待 饭 官 鸡 佳 老师 描绘 棋 肉 入 升 时刻 水 汤 碗 一等奖 迎春 优美 鱼 制作 自 
---- Cluster id #58 ----
Size: 16
搬 党建 房间 故居 海外 华侨 华人 怀着 会员 年会 日子 少奇 社团 团体 问世 雨 
---- Cluster id #59 ----
Size: 123
保持 本次 不利 产量 超过 城乡 城镇 充足 出口 刺激 达到 低 调控 调整 对外贸易 防范 放开 放松 分开 丰富多彩 改善 干旱 供给 供求 固定资产 国民经济 国内 好转 合理 宏观 化解 缓解 回落 基本建设 机电 计划 继续 加大 加快 监管 减员增效 节约 结构 进口 进展 境外 居民 抗旱 科普 快 牢固 力度 连锁 粮食 零售 流通 旅游业 买方 盲目 明显 农产品 农副产品 徘徊 培育 膨胀 平衡 浦东 清洁 趋 全年 融资 上涨 深化 生产资料 生产总值 失业率 势头 适当 适度 适时 市场 试点 收购 水利 水资源 态势 通货膨胀 通胀 同时 统计局 投入 投向 外贸 外资 稳中求进 物价 下滑 相反 项目 消费品 效益 新增 需求 压力 抑制 优化 预定 原材料 约束 增产 增长 增长点 增长率 增加 增添 债务 涨幅 整治 政企 支撑 资本金 总 总额 
---- Cluster id #60 ----
Size: 17
国防部 解放军 军 军区 科恩 连 旅 上将 射击 社 师 司令员 铁路局 团 政治部 中央军委 总参谋长 
---- Cluster id #61 ----
Size: 22
带有 诞生 动物 动物园 多利 感染 哈佛 基因 据悉 科学家 克隆 牛 身份 实验 实验室 头 细胞 羊 野生 营养 只 子 
---- Cluster id #62 ----
Size: 61
背景 比如 笔 表现 沉重 创作 独特 多样化 反响 富有 感觉 沟通 话题 获奖 角度 揭示 节奏 景观 刊物 可能性 可喜 栏目 老虎 冷 灵魂 门 描写 某 闹 跑 秋 圈 群体 热闹 散文 深 深度 时尚 收获 思考 思维 题材 痛苦 文学 洗 显 现实 现实主义 小说 写 写作 严谨 艺术 影视 阅读 之中 姿态 尊严 作家 作品 作者 
---- Cluster id #63 ----
Size: 40
报告 暴露 标准 别国 承认 持 法案 干涉 攻击 公认 公约 国会 好处 抗议 冷战 例如 联邦 美国 男女 内政 其它 侵犯 侵略 人权 事实上 所谓 他人 外国人 显然 限制 相同 消耗 宣言 研究会 邮政 预期 执政 指责 周刊 自由 
---- Cluster id #64 ----
Size: 131
安装 办事 保证 表率 不正之风 不准 部署 查处 成效 出台 处分 党 党风 党性 党员 党政 党政机关 电台 斗争 遏制 发扬 反 反腐倡廉 防止 风气 腐败 负担 干部 各级 工作 公款 官僚主义 贯彻 贵鲜 狠抓 会计 机 集资 及时 纪检 纪律 纪委 加强 监察 监督 坚持 坚持不懈 坚决 坚强 艰苦奋斗 减轻 健全 健行 建设 接待 紧密 精心 纠正 决心 开展 考验 浪费 礼品 立 廉洁自律 廉政 领导 流失 路线 落实 蔓延 民主 配合 评议 强化 强烈 切实 清理 庆典 权力 全会 全心全意 确定 认真 上级 奢侈浪费 深入 审计 十五大 实体 树立 思想 铁映 土壤 违纪 围绕 尉 项 效果 行政 严格 严禁 要 有力 有序 预防 源头 责任制 赠送 战斗力 正气 职责 指标 指导 至关重要 制约 制止 治 治理 重要性 周围 抓好 专项 追究 准则 着重 自觉性 综合治理 组织 钻研 作风 
---- Cluster id #65 ----
Size: 25
澳 澳门 颁布 颁奖 比较 病毒 丛书 官方 过渡 回归 基本法 焦点 交接 来信 平稳 全世界 人民日报 上网 时报 实用 网上 写道 因特网 中文 珠海 
---- Cluster id #66 ----
Size: 31
冰箱 博物馆 成都 船 船舶 大门 电器 动作 果断 还 缓慢 科龙 论证 期刊 齐全 起点 迁 失 视野 输出 台 停产 同样 投 稳 喜悦 依旧 意味着 忧虑 展 中期 
---- Cluster id #67 ----
Size: 34
拜年 彩电 传输 此举 大小 大雨 电视 电视机 电视台 多媒体 覆盖 歌舞 广播 杭州 画面 接收 节目 厘米 联欢 模拟 屏幕 取代 色彩 数字 图像 推出 晚会 网 卫星 下乡 相声 乡镇 信号 演唱 
---- Cluster id #68 ----
Size: 58
比索 贬值 不良 储备 传真 大藏省 倒闭 点 跌 东京 东南亚 东亚 动荡 短期 兑 兑换 对策 菲律宾 纷纷 风暴 股市 国务 韩国 汉城 合 缓 回升 回收 汇率 经常 流入 旅游 马来西亚 马尼拉 曼谷 美元 桥本 人民币 日本 日元 收盘 顺差 苏哈托 泰国 外汇 外债 下跌 信心 雅加达 印度尼西亚 印尼 印尼盾 盈余 游客 援助 债权 指数 至 
---- Cluster id #69 ----
Size: 45
爱国 冰 病 参观 传达 得知 封 负责人 告 关怀 恢复 家属 间 交谈 隆重 民主党派 南京 浓 批示 亲切 轻松 去世 人群 人士 身体 熟悉 提到 天安门 听 统一战线 统战 统战部 外出 文革 文件 先生 显得 隐患 遭到 照顾 召集 知 知名人士 指示 总理 
---- Cluster id #70 ----
Size: 42
查 长期以来 厂 厂长 串 创汇 此案 工厂 功 罕见 辉煌 讲述 金钱 巨额 苦 劳动模范 利税 令 漏洞 妻子 企业家 亲属 荣誉 设 盛 时健 受贿 送 外 物品 心态 烟 云龙 云南 云南省 运河 账 浙江省 知名 追 总裁 褚 
---- Cluster id #71 ----
Size: 13
杯 比分 倒 菲 葛 顾客 喝 精彩 局 俊 楼 啤酒 屋 
---- Cluster id #72 ----
Size: 146
啊 吧 伯伯 不行 采访 成 出 出来 穿 此事 错 答应 大地 大家 大桥 带 当 到 得 等 度过 顿 翻 房子 风光 夫妇 赶到 感慨 感情 告别 告诉 歌声 给 跟着 工人 过年 后人 画 话 怀 怀念 坏 还有 回 回到 活 记得 记忆 见 将军 叫 接到 接见 结婚 句 开会 看 看出 快乐 来到 里 脸 了 留 留下 流 吗 名字 那 那么 那时 那天 那些 那样 南极 你 你们 您 女士 朋友 前 情 情景 请 去 让 如此 上面 身上 深处 深切 声音 时 时候 什么 事 释放 谁 说 岁 他们 谈 天 听到 听说 同 托 玩 完 晚 望 忘 位 我 西安 下来 想 想到 想起 消息 笑 些 新村 心 心里 呀 眼 眼睛 样子 冶金 依然 遗憾 在 怎么 扎 站 找 知道 之后 只见 中国画 住 装 字 最后 做 
---- Cluster id #73 ----
Size: 97
包装 玻璃 采用 彩色 测试 插 大型 地位 电子 独资 短 吨 发电 辐射 服务业 港口 高档 高效 工艺 光 含 化肥 化工 机械 机组 激光 计算机 加工 轿车 精 开发 空中 控股 矿 连接 码头 煤 煤炭 摩托车 年产 农 农药 配备 配套 品种 期货 汽车 千瓦 桥梁 认证 容量 沙漠 摄影 设备 设计 生产 生产线 水电 水果 水泥 饲料 塑料 隧道 特有 天然 通信 同步 铜 外商 相关 新型 性能 养殖 药物 医药 移动 仪 仪器 以上 以下 用 优良 邮电 原料 允许 珍贵 纸 制品 制造 中方 中药 主导 专利 专用 装置 咨询 综合 
---- Cluster id #74 ----
Size: 24
奥委会 奥运会 博览会 长足 承诺 传播 传媒 大赛 大众 健身 看好 媒介 媒体 宁 企业界 赛事 商家 水准 体委 体育 研讨会 用品 与会者 祝福 
---- Cluster id #75 ----
Size: 49
不错 不怕 尝 充满 大学生 多少 返回 谷 过来 过去 合影 靠 兰州 离 楼房 棉花 面积 目光 牧民 那个 那里 农家 农科院 片 拼搏 葡萄 前来 上来 双手 岁月 天地 位于 乌鲁木齐 响 新疆 心声 匈牙利 选拔 阳光 迎 迎接 犹如 誉为 远 摘 招 震 主人 坐 
---- Cluster id #76 ----
Size: 156
白 毕 边 斌 波 布赫 蔡 藏族 曹 常 朝鲜族 陈 程 川 崔 戴 单 丁 董 杜 段 范 方 费 冯 傅 刚 高 龚 古 顾 关 管 光英 贵 郭 海南省 韩 贺 洪 侯 胡 虎 华夏 黄 回族 霍 健 建华 姜 蒋 杰 解 金 锦华 菊 康 孔 兰 乐 李 力 梁 亮 廖 林 刘 柳 龙 卢 鲁 陆 吕 罗 马 满族 梅 蒙古族 孟 苗 苗族 敏 明 名 聂 女 潘 齐 秦 庆林 曲 全有 群 陕西省 邵 申 沈 施 史 舒 松 宋 孙 谭 唐 涛 陶 田 土家族 万 万年 汪 王 韦 维吾尔族 伟 魏 温 文 闻 吴 夏 向 肖 谢 星 熊 徐 许 严 阎 杨 扬 姚 叶 彝族 易 毅 尹 勇 游 于 余 俞 袁 跃 曾 张 赵 郑 志 钟 朱 祝 壮族 邹 
---- Cluster id #77 ----
Size: 24
朝鲜 迟 出色 导弹 锻炼 发起 国防部长 海军 浩田 后勤 晋 军委 空军 命名 平 庆祝 全军 事宜 所属 型 研制 一级 院校 战役 
---- Cluster id #78 ----
Size: 21
北部 本国 担心 各国 哈 吉 联盟 能源 试图 它们 土耳其 乌 西方 演习 伊朗 伊斯兰 应付 争 争夺 正 中亚 
---- Cluster id #79 ----
Size: 49
百姓 报纸 不见 不惜 灿烂 打下 道 道理 番 放心 赶来 钢琴 国企 寒风 后者 借 堪称 颗 口 拉开 来临 蓝 利润 临 难 难免 捧 漂亮 清晰 剩下 世人 说话 掏 天空 同事 同行 童 脱 喜 想法 销 爷爷 艺术品 展现 志成 珠江 自豪 总经理 帷幕 
---- Cluster id #80 ----
Size: 105
本质 表达 别的 不可 创立 创造性 错误 打开 道路 邓 邓小平理论 地域 定位 东西 动摇 发达 飞跃 否定 富强 概括 纲领 高潮 高举 共产党 共产党人 共识 观察 观点 还要 回答 集体 继承 建国 讲 教训 阶段 阶级 经济基础 经历 救 卷 开创 科学 理论 历史 历史性 联 领会 领袖 马克思 马克思主义 马列主义 毛泽东思想 面 命运 判断 评价 旗帜 前进 前列 前途 清楚 清醒 全党 确立 确认 人物 认识 三中全会 社会主义 甚 生产力 失误 十四大 时代 实践 实质 世纪 逝世 它 套 特色 唯一 为什么 伟大 文献 系列 小平 以后 以前 勇气 原理 造就 怎样 哲学 这个 这样 正是 郑重 之下 指引 中国 中山 著作 庄严 
---- Cluster id #81 ----
Size: 82
表决 草案 常委会 常务 长官 程序 惩治 筹备 代表 代表大会 地方 督促 法 法规 法律 法制 法治 繁重 赋予 改进 共计 规范 规则 规章制度 国家机关 候选人 划分 换届 汇报 季度 纪云 检查 借鉴 决定 框架 老年人 立法 力求 每次 其余 起草 权威 人大 人大代表 人民 任命 任期 日常 设立 审议 实施 实效 市场经济 授权 特别 提名 提请 听取 外国 委员会 宪法 行使 行政区 修订 修改 选出 选举 依据 议案 议会 有益 原有 灾 征求 正当 职权 制定 中华人民共和国 注册 专门 组成 遵循 
---- Cluster id #82 ----
Size: 24
北方 草 草地 草原 当中 该县 攻关 贵州 江西 亩 南方 农业部 人均收入 认可 试验 踏 细 兴奋 畜 畜牧业 养 优质 植物 中科院 
---- Cluster id #83 ----
Size: 29
持久 道德 典型 电信 对待 发掘 该书 高尚 个别 灌溉 邯钢 华为 讲究 阶层 节水 利 另 流动 墙 手中 特征 先进 效应 宣传 优 增值 针对性 资本 自律 
---- Cluster id #84 ----
Size: 25
巴西 变为 步 产权 超越 成分 单一 非公有制 公有制 股份合作制 股份制 归 价值观 经过 拍卖 破产 融合 手里 私人 所有制 同一 土地 乡村 消灭 资本主义 
---- Cluster id #85 ----
Size: 18
包 炒 吃 端 堆 隔 饺子 空 妈妈 弄 全家 日内瓦 瑞士 食品 似 温馨 西班牙 意外 
---- Cluster id #86 ----
Size: 25
爱 幅 父亲 个性 欢乐 技巧 家里 美好 缅怀 女儿 思念 挑选 微笑 伟人 喜欢 心中 印象 颖超 展出 丈夫 照片 珍惜 致 主办 子女 
---- Cluster id #87 ----
Size: 19
白酒 包含 北风 筹措 大户 户 季 甲醇 截至 扭亏 前后 山西 山西省 死亡 太原 印 造 中毒 抓获 
---- Cluster id #88 ----
Size: 38
安置 柏林 保险 菜篮子 出路 创业 第三产业 分流 扶持 副食品 富余 岗位 工程 工会 介绍 就业 开业 块 劳动力 劳务 门路 培训 上岗 失业 市 私营 特困 拓宽 网球 下岗 新兴 兴办 养老 用人 优惠 职工 职业 中心 
---- Cluster id #89 ----
Size: 21
此次 大选 丹麦 党派 对此 国大党 获胜 揭晓 竞选 口号 临近 领先 人民党 席 席位 相似 选民 选票 印度 阵线 政党 
---- Cluster id #90 ----
Size: 25
本地 长春 长工 创办 地质 典礼 发现 供应 光彩 光荣 何 华北 艰苦 品质 平原 清 深感 深受 添 为由 献身 幽默 找到 直至 装备 
---- Cluster id #91 ----
Size: 28
差别 纺织 非 付出 搞活 工业 攻坚战 国有 过度 解困 举措 困境 离退休 力争 庞大 配置 启示 契机 生产能力 升级 突破口 退出 陷入 沿海 永恒 有机 展开 最终 
---- Cluster id #92 ----
Size: 48
安 薄 不幸 策略 春耕 党组织 敌人 底 订 动员 发动 根据地 工 共产党员 海信 毁 汇 机关干部 节省 借助 军民 开办 开辟 抗日 空前 累 留给 率领 民 命令 模范 耐心 情绪 群众 日报 拖 顽强 维持 雄厚 严峻 踊跃 勇敢 员工 运动 掌握 政权 驻军 子文 
---- Cluster id #93 ----
Size: 73
颁发 办法 办理 保留 本 不得 部门 采矿 采矿权 出资 处 登记 地下 电力 发布 范围 费用 给予 供 公告 构成 管理 国务院 会同 缴纳 开采 勘查 跨越 矿产 领取 免 名称 内 年度 平方公里 评估 起 器材 签订 情节 日 设施 申请 审批 施工 手续 探矿权 特定 提交 天然气 条 条例 铁 停止 图 违反 限期 线路 许可证 延伸 延续 义务 予以 原 暂行 责令 招标 主管 转让 资料 资源 最低 作业 
---- Cluster id #94 ----
Size: 26
报名 仓库 岛 公园 国土 汗水 棵 林业 绿 绿化 绿色 青岛 青少年 全民 设计师 树 水土 所在 西北 游人 栽 造福 造林 征文 植树 志愿 
---- Cluster id #95 ----
Size: 36
比重 表 从事 从业 地区 东 东部 分布 耕地 公报 结果 快速 劳动 辆 末 年龄 平均 普查 人数 人员 如下 数 数据 数量 西部 吸纳 小型 以外 拥有 占 占地 镇 中部 中西部 总量 总数 
---- Cluster id #96 ----
Size: 38
ＶＣＤ 产品 厂家 抽查 创 促 丢 防伪 份额 服装 附加值 骨干 光明 国产 国外 合格 激烈 集体经济 家电 江苏 降价 竞争 名牌 牌 盘活 品牌 商场 台阶 乡镇企业 兴 涌现 有限 有限公司 占据 质量 中小企业 总产值 崛起 
---- Cluster id #97 ----
Size: 18
储量 大庆 黄河 井 勘探 老 利比亚 立方米 欧佩克 三角洲 石油 桶 委内瑞拉 削减 油 油气 油田 原油 
---- Cluster id #98 ----
Size: 27
帮 帮扶 帮助 别人 大姐 扶 服务队 妇联 妇女 挂 柜台 互助 画家 货 季节 捐赠 女性 牌子 青年 热心 三下乡 司 她 特困户 突尼斯 志愿者 助 
---- Cluster id #99 ----
Size: 128
榜样 宝贵 爆发 不顾 才能 参与 长 长征 彻底 成立 崇高 初 初期 此后 促成 担任 诞辰 党内 党中央 到达 德 典范 独立自主 夺取 恩来 风范 复杂 革命家 公仆 贡献 共产主义 共和国 国防 国民党 红军 后 极端 坚定 艰难 接触 杰出 解放 进攻 尽 精力 境界 久 军队 军事 抗日战争 抗战 老一辈 离开 领导人 领导者 路上 毛 哪里 那种 难忘 内外 偶然 排除 品格 期间 青 倾听 热爱 人格 人民军队 善于 身边 深情 生涯 胜利 时期 事件 事情 他 同志 投身 挖掘 文化大革命 文选 无产阶级 无限 武装 牺牲 细致 详细 想象 协助 心血 信念 业绩 一起 一生 赢得 拥护 忧 早 泽东 占领 战斗 战术 战友 战争 真理 争取 政治家 之际 之一 直到 指挥 致力 智慧 周 周年 主持 主观 著名 壮大 卓越 总政治部 走过 左 作战 魅力 
---- Cluster id #100 ----
Size: 24
本领 编者 吃饭 份 机会 技能 建 看看 忙 念头 女工 批发 全方位 上班 上门 身 生意 推销 小伙子 学会 养猪 战胜 挣 赚 
---- Cluster id #101 ----
Size: 20
本身 侧面 超出 单纯 对立 规律 忽视 角色 具 里面 论述 内在 能否 生命力 使得 双重 塑造 腿 文艺 自觉 
---- Cluster id #102 ----
Size: 347
Ｂ 安定 把握 摆脱 办 邦国 包括 薄弱 保障 必要 变革 标志 表明 不好 不同 不懈 不足 步伐 部分 采取 参考 层次 差距 产生 倡导 成功 成就 成为 程度 充分 初级阶段 出发 出现 处理 处在 传统 创造 此 促进 促使 存在 大胆 大中型 带来 代表团 得到 奠定 调动 定 独立 对外开放 多 发挥 发展 犯 方法 方面 方式 方向 方针 放 放在 分类 分析 奋斗 丰富 丰收 风波 符合 改变 改革 搞 搞好 格局 个 各个 各位 各项 各种 根本 根本性 公务员 巩固 鼓励 关键 关心 关注 观念 广大 广泛 广阔 规划 轨道 国际 国家 国民 国内外 国情 过程 好 核心 回顾 会 混乱 活力 基本 基础 机遇 机制 积极 积极性 极大 集中 急需 计划经济 加以 坚定不移 艰巨 健康 建立 结合 解放思想 解决 进行 近 精简 精神 经济 经济社会 经验 局面 举办 举世瞩目 巨大 具体 具有 决策 开放 开始 开拓进取 看到 考虑 克服 客观 肯定 困难 扩大 来 理解 利益 利用 力量 联系 良好 量 了解 灵活 迈出 矛盾 没有 密切 面对 面前 明确 某些 目标 目的 纳入 难点 内部 内容 能 能够 能力 年 农民 农田 农业 努力 批 普遍 起到 起来 千方百计 前提 强调 倾斜 情况 取得 全 全面 热点 人 任何 任务 如何 上 少 社会 深刻 生动 生活 时间 实际 实事求是 实现 实行 使 事业 是 适应 收成 受到 水平 顺利 素质 缩小 所有 探索 特点 提倡 提出 提高 体会 体系 体现 体制 条件 突出 突破 推动 推广 推进 推向 脱离 妥善 完全 完善 为 文化 稳定 稳妥 问题 我国 我们 物质 吸取 吸收 下 下去 显著 现代化 小康 协调 新 形成 形式 形势 需要 选择 学者 研究 要求 要素 一定 一切 依靠 以来 意见 意义 意愿 因地制宜 因素 引导 引进 引起 应 应该 应有 影响 勇于 优势 优秀 有 有的 有利 有所 有效 有些 遇到 原因 原则 运用 运转 在于 增强 扎实 崭新 战略 战略性 者 这 这些 这种 整个 整体 正常 正确 政策 支持 支柱 之间 直接 指出 制度 中 种 种种 重大 重点 重视 重要 周边 主体 主要 注意 注重 抓住 转 转变 转移 准 准确 着力 着眼 自己 自身 综合国力 总结 总体 走 组成部分 做到 做好 作出 作为 作用 
---- Cluster id #103 ----
Size: 14
表演 大连 大师 换 坚实 京剧 剧目 论 迈向 文化部 戏曲 形 振兴 阵地 
---- Cluster id #104 ----
Size: 22
弊端 变动 不够 窗口 导致 股票 环节 价值 驾驭 乐观 礼貌 泡沫 偏 取决于 示范 投机 突然 心情 信用 修养 有待 证书 
---- Cluster id #105 ----
Size: 22
Ｄ 巴基斯坦 贝宁 大会堂 大厅 感到 感谢 经受 来华 留学 莫 莫桑比克 气氛 团长 卫生部 谢里夫 讯 也 也门 友谊 愿 赞赏 
---- Cluster id #106 ----
Size: 42
爱国主义 大道 抵御 读者 封闭 风情 革命 工作者 古典 记录 纪念 纪念馆 建筑 精品 课堂 历程 烈士 民政部 凝聚 批评 抢救 桥 缺乏 社会效益 审美 师生 失去 诗 诗歌 诗人 收藏 思 贴近 统筹 维修 文物 鲜明 欣赏 言 责任感 展览 之 
---- Cluster id #107 ----
Size: 25
保存 层 常州 词 氛围 风景 该校 古老 河 禁止 宽 迈 名人 浓郁 品位 气 气息 书画 图书馆 下功夫 新闻 营造 舆论 职业道德 中宣部 
---- Cluster id #108 ----
Size: 104
奥地利 保健 报刊 倍 拨 拨款 藏 册 场所 出版 处于 传 纯收入 此前 达 当地 档案 得出 地 儿童 佛教 各类 公民 共有 固定 汉 好评 黄金 基建 继 价 监狱 建成 交付 教 节日 今 近年来 经 经典 境内 旧 可观 课题 拉萨 累计 列为 流行 每 每周 免费 民间 内地 年代 年均 盘 平方米 权利 全国性 全区 人均 设有 生长 省市 使用 世 首要 受灾 所 特殊 通讯 统计 网络 卫生 文字 西藏 习惯 现有 县 县长 享有 信仰 修复 悬挂 学术 严寒 医疗 遗产 议论 语言 原始 遭受 占有 整理 政 支援 中央政府 撰写 状况 自治区 宗教 罪犯 尊重 座 
---- Cluster id #109 ----
Size: 39
唱 称为 风 敢于 歌 豪华 好像 红 红旗 花 荒山 劲 京城 开 落 卖 没 牡丹 哪 呢 年年 旁 塞 神圣 时节 属 死 脱颖而出 献给 香 像 向前 修 延安 移 意思 云 这儿 正好 
---- Cluster id #110 ----
Size: 35
班 伴随 笔者 残疾人 长途 车 车站 带头 锋 奉献 感受 孤儿 姑娘 号召 弘扬 火车站 姐妹 拉 雷 某部 平凡 热情 人生 事迹 送给 她们 题词 停 现任 新风 新人 徐州 学 再现 真情 
---- Cluster id #111 ----
Size: 40
阿 阿尔及利亚 北约 本报 波罗的海 不满 倡议 大国 独联体 俄 俄罗斯 访 非洲 构想 伙伴 据说 扩 理事会 贸易 谋求 南非 其琛 签署 钱 切尔诺梅尔金 认为 瑞典 渗透 首脑 条约 外交部长 乌克兰 宪章 削弱 协定 叶利钦 一体化 引人注目 预计 元首 
---- Cluster id #112 ----
Size: 55
百分点 比例 拆借 筹资 储蓄 存 存款 贷款 担保 发放 法定 法人 幅度 负债 该行 高于 工具 挂钩 货币 机构 降低 接近 结算 金融 金融业 客户 来源 理顺 利率 利于 名义 墨 哪些 取消 商业 收回 投放 下调 下降 现行 限额 信贷 行长 一般 银行 银行业 用于 有利于 月 增 这次 政策性 准备金 准备金率 资金 
---- Cluster id #113 ----
Size: 43
步骤 潮流 大陆 大业 当局 分离 分裂 海内外 海峡 和平 呼吁 回应 加深 交流 警惕 两岸 领土 民众 农历 企图 商谈 深远 势力 台湾 谈判 同胞 统一 完整 往来 务实 希望 现状 消极 心愿 一国两制 愿望 赞同 重申 主权 主张 状态 祖国 阻碍 
---- Cluster id #114 ----
Size: 22
档次 掉 锭 湖北 机器 济南 减 江南 落后 抢 敲 时机 淘汰 通 武汉 压 压锭 压缩 增至 郑州 重组 主动 
---- Cluster id #115 ----
Size: 84
Ａ 半岛 比 比利时 边境 表示 乘 大臣 大使 大使馆 抵达 定期 多极化 访华 访问 夫人 附 感 高层 高兴 关系 国 国旗 荷 荷兰 合作 互访 互利 欢迎 会见 会谈 会晤 建交 建设性 交换 经贸 看法 来访 琳 领域 卢森堡 莫斯科 陪同 鹏 频繁 期待 签字 前景 潜力 热烈 摄 首相 书面 双边 双方 探讨 图片 外交部 外经贸部 为期 问候 相互 相信 协作 新华 信任 兴趣 一致 仪式 议长 应邀 有助于 有着 友好 圆满 愿意 增进 正式 祝贺 祝愿 驻 驻华 转达 卓有成效 
