---- Cluster id #1 ----
Size: 58
奥委会 冰球 不惜 产权 长城 春 此时 促 动 动人 歌剧 工地 国际象棋 海口 滑雪 回报 惠芬 激情 集体经济 江苏 惊人 拉 联手 练 梦 欧佩克 评论 气象台 人间 散 伤 世界纪录 试 手术 速滑 她 躺 题写 天地 天下 舞 舞剧 县城 乡镇企业 响 校园 亚军 演奏 一代 音乐 音乐会 邮票 有限 圆 扎 这时 重返 闵 
---- Cluster id #2 ----
Size: 23
ＶＣＤ 便宜 查获 厂家 出版物 盗版 非法 份额 光盘 广告 国产 海关 海上 画面 家电 降 降价 净化 品牌 食品 挖 知名 走私 
---- Cluster id #3 ----
Size: 34
北大 被告 病人 波 此案 大厦 大学生 地上 儿子 封 父母 顾客 孩子 贺卡 回家 家长 课堂 老师 楼 女儿 商标 上学 尚 少年 生日 时尚 收 手里 送礼 抬 趟 图 一等奖 值班 
---- Cluster id #4 ----
Size: 39
办理 保值 财政部 持 持有 储蓄 答 到期 兑付 方便 付 功 公布 购买 国债 计 计算 节 结算 劳动模范 利息 满 年利率 凭证式 期 设 时健 事宜 提前 提问 外 网点 问 烟 以前 云南 债券 支付 褚 
---- Cluster id #5 ----
Size: 39
奔 边 倡议 超 传来 闯 倒闭 短短 国家级 火车 家乡 军营 开发区 看好 昆 老区 利税 楼房 门前 南 跑 企业家 盛 挑 通 拖 外地 望 喜悦 小伙子 新年伊始 兴建 修建 沿线 意味着 云龙 证书 自豪 最佳 
---- Cluster id #6 ----
Size: 281
把握 摆 包括 保障 保证 报告 标志 表明 部署 采取 层次 长期 长远 倡导 成功 成就 成立 成为 成效 程度 充分 初步 初级阶段 出发 处理 处在 传统 创造 存在 措施 大胆 大局 带头 得以 地方 奠定 多 发挥 发生 发扬 繁重 方面 方向 方针 非 分裂 奋斗 符合 富强 附 改变 改造 纲领 高举 各 各个 各级 各项 各种 各族 根本 工作 工作者 公有制 巩固 贡献 共产主义 共同 鼓舞 骨干 关心 官僚主义 贯彻 光辉 广大 广泛 广阔 规划 规律 国家 国情 过程 过渡 好 核心 后 环节 活动 基本 极大 集中 及时 加以 坚持 坚持不懈 肩负 艰巨 健全 建立 建设 江 结合 解放 解放思想 解决 进行 精神 精神文明 精心 经费 经验 局部 局面 巨大 具体 具有 决策 开放 开展 考核 克服 客观 肯定 理解 利益 力量 联系 了解 领导 路线 论述 矛盾 密切 民主 明确 内容 能否 能够 年 配合 批 平等 迫切 普遍 期间 起到 起来 前进 强大 强调 强烈 清醒 情况 全局 全面 全心全意 确定 群众 人民 任何 任务 认识 认真 社会主义 深刻 深入 生产力 生动 生机 失误 十五大 实际 实践 实事求是 实效 实行 使 使命 事物 事业 适合 适应 视察 受到 树立 思想 所有 探索 特点 特色 提出 提供 体会 体现 统一 突出 团结 推动 推向 脱离 完全 完善 完整 围绕 为 维护 问题 我国 吸收 下 现代化 项 新 形成 形式 形势 需要 学者 研究 要 要求 一定 一切 一致 以来 意见 意义 应有 勇于 优良 有的 有利于 有力 有所 有些 遇到 原则 愿望 运用 责任感 泽民 展开 战斗力 召开 这些 整个 整体 正确 政治 直接 指标 指导 指引 至关重要 制度 中 中华民族 重大 重视 重要 周围 主体 注意 注重 抓住 专家 壮大 准 准确 着眼 自觉 自身 总结 组成部分 组织 尊重 做到 做好 作出 作为 作用 
---- Cluster id #7 ----
Size: 109
包装 玻璃 采用 彩色 测试 插 船 船舶 大型 地位 电视机 电子 独资 短 吨 多媒体 分离 辐射 服务业 港口 高档 高效 工业 工艺 管制 光 含 毫米 化工 基因 机械 机组 激光 技术 计算机 加工 检验 接近 开发 抗 空中 控股 矿 连接 码头 煤 煤炭 摩托车 年产 农 农药 配套 品种 普通 期货 千瓦 认证 容量 沙漠 摄影 设备 设计 生产 生产线 数字 水电 水果 水泥 饲料 塑料 隧道 特有 天然 同步 铜 图像 外商 卫星 相关 新型 型 性能 循环 养殖 药 药品 药物 医药 仪 仪器 以上 以下 银 用 优质 有机 原料 允许 占 珍贵 纸 制品 制造 中方 主导 专利 专用 装置 综合 
---- Cluster id #8 ----
Size: 44
北部 边境 传递 对抗 恶化 反应 访华 感 高级 公报 黑 轰动 华 回忆 会晤 柬埔寨 见面 来自 临近 敏感 企图 日期 声明 时机 实质 使馆 司长 苏 苏联 谈 谈话 特使 突然 外长 消除 新任 愿意 越 越南 障碍 珍惜 正常 正常化 着手 
---- Cluster id #9 ----
Size: 228
啊 吧 摆脱 报警 变 变为 表达 别人 不好 不见 不可 不如 不同 不行 残疾人 侧面 长 超出 潮流 炒 成 充满 出 出来 串 此 此后 错 答应 打开 大家 带 当 到 得 等 掉 东西 多少 发现 犯 夫妇 感到 感动 敢 搞 告别 告诉 个 给 跟着 工人 估计 观察 过 过来 过去 忽视 话 怀 还有 换 辉煌 恢复 回到 回来 会 活 记忆 见 讲 交给 叫 接 近 经历 句 觉得 开会 开始 看 看出 看待 看到 看来 考虑 苦 啦 来 来到 老 老百姓 离 离开 里 里面 了 令 留 吗 买 没 没有 每个 民警 拿 哪 那 那里 那么 那天 那些 呢 能 你 你们 女士 朋友 片 起 前 清楚 情景 请 去 让 热 热情 人家 人们 如 如此 如何 上 上面 少 深厚 声音 师傅 时 时候 时间 什么 事 事情 是 手 手中 熟悉 谁 说 岁 所在 他们 它 太阳 提到 天 贴 听 听到 听说 同 腿 玩 完 忘 忘记 危险 为什么 位 文艺 我 我们 喜欢 下来 详细 想 想到 想起 小 笑 些 心 心里 心情 巡警 呀 眼 一样 依然 遗憾 以后 引起 应该 幽默 有 原因 在 咱 赞成 怎么 怎样 站 找 这 这个 这里 这样 这种 真实 正是 知道 之后 之外 之中 只能 种 种种 住 装 追 资产阶级 自己 字 走 做 坐 
---- Cluster id #10 ----
Size: 116
爱护 榜样 宝贵 病 不顾 参观 崇高 出色 传达 大姐 诞辰 诞生 党内 导弹 得知 典范 度过 恩来 付出 负责人 赶到 感受 钢铁 工人阶级 关怀 罕见 后人 怀念 回去 极端 记得 记录 家属 坚定 艰难 交谈 接触 接到 接见 接收 杰出 结婚 尽 精力 敬爱 久 老一辈 历程 留下 名字 哪里 那时 那种 难忘 内外 品格 前后 亲 亲切 亲人 亲属 青 倾听 情 去世 热爱 人格 善于 身边 身体 深情 深受 事件 岁月 他 天安门 铁 挖掘 外出 晚 伟人 文革 文化大革命 无产阶级 细致 想象 心血 心中 信念 休息 冶金 业绩 一起 一生 颖超 永恒 忧 遭到 战友 照顾 真诚 政治家 知识分子 之际 直到 指示 致 中间 中南海 周 主持 著名 卓越 总理 最后 魅力 
---- Cluster id #11 ----
Size: 40
大道 懂 读 读书 读者 封闭 风情 富有 个性 古典 汉语 技巧 解 堪称 鲁迅 内在 凝聚 配 批评 桥 缺乏 日记 审美 失去 诗 诗歌 诗人 思 退 鲜明 欣赏 心理 心声 言 优美 右 誉为 者 之 作者 
---- Cluster id #12 ----
Size: 92
安装 办案 办事 本人 表率 宾馆 不正之风 不准 查处 出台 处分 党风 党性 党员 党政 党政机关 第一线 斗争 遏制 反 反腐倡廉 分子 腐败 负 干部 公款 狠抓 会计 机 集资 纪检 纪律 纪委 监察 坚决 艰苦奋斗 健行 接待 金钱 紧密 纠正 考验 礼品 立 廉洁自律 廉政 领导班子 漏洞 蔓延 配备 评议 强化 清理 庆典 全会 容易 上级 奢侈浪费 审计 实体 受贿 土壤 违法 违反 违规 违纪 位置 尉 行为 严格 严禁 一级 有序 预防 源头 责任 责任制 赠送 账 正气 制约 制止 治理 抓好 专项 追究 准则 着重 自 自觉性 钻研 作风 
---- Cluster id #13 ----
Size: 28
百富勤 操作 创 点 跌 分类 港元 告 股 股票 股市 国企 缓 缓慢 回升 开工 拉美 伦敦 面积 纽约 商品房 上升 收盘 下跌 下降 相比 指数 主 
---- Cluster id #14 ----
Size: 35
白酒 包含 报名 北风 本身 比 变成 表彰 层 技能 甲醇 假 竞赛 酒 青岛 人 人才 人力 人事 山西 山西省 素质 脱颖而出 文化 下功夫 优秀 造 摘 征文 植树 志愿 中毒 中宣部 重要性 抓获 
---- Cluster id #15 ----
Size: 19
播出 部 大树 电视剧 动手 改编 欢乐 集 镜头 军人 棵 迈 那个 拍 水浒传 献身 这么 忠实 主持人 
---- Cluster id #16 ----
Size: 0

---- Cluster id #17 ----
Size: 25
避孕 表面 冰 波黑 大桥 地球 发射 感慨 号 回 将军 美军 批示 释放 太空 探亲 托 维和 西安 修 样子 月 月球 证实 之内 
---- Cluster id #18 ----
Size: 21
产值 出售 创汇 创建 档次 服装 改制 购 挂钩 光彩 激励 林业 评 评选 群众性 人人 双拥 文明 小区 载体 中介 
---- Cluster id #19 ----
Size: 20
冰箱 撤销 代理 动作 股东 果断 交易 科龙 论证 秒 宁 起点 迁 申报 台 提醒 投资者 选择 营业部 指定 
---- Cluster id #20 ----
Size: 95
包袱 边界 变动 产品 成本 出去 出于 大 代价 单一 导致 等于 动态 多元化 放弃 分散 风险 跟 功能 股份 规模 国外 邯钢 合并 衡量 激烈 集团 集团公司 家 兼并 见解 进入 经营 竞争 聚集 可能 可谓 跨 快 亏损 扩展 扩张 浪潮 例如 联合 连续 垄断 目的 内部 纽带 排 排名 其 企业 强 全新 商厦 失败 实力 世界 视 收益 手段 数量 速度 无 无法 陷入 限度 限制 销售 销售额 效率 行列 行业 迅速 业务 营销 盈利 运转 占据 真正 争 政府部门 值得 指明 中小企业 重组 专业化 追求 资产 总部 组合 组建 做法 
---- Cluster id #21 ----
Size: 54
爱 把 搬 伯伯 采访 楚政 床 此事 大街 登 冬 房 房子 奋战 富 根 攻坚战 孤儿 好事 划 坏 患 挤 建房 讲述 脚 进 经过 流 绿色 冒 民兵 爬 彭 平凡 破 铺 如同 丧失 身上 双 睡 似 脱 脱贫致富 湘西 乡亲 眼睛 用品 阵阵 只见 仔细 自治州 足 
---- Cluster id #22 ----
Size: 49
背景 变革 表现 超越 沉重 春风 独特 多样化 氛围 工厂 关注 国土 呼唤 讲究 精品 开阔 刊物 可喜 空前 困境 栏目 冷 年轻 浓 期待 情感 群体 散文 深 时代 试图 收获 思考 题材 停留 同一 痛苦 推出 显 显示 现实 性格 寻找 扎实 崭新 专栏 转向 姿态 尊严 
---- Cluster id #23 ----
Size: 32
保存 常州 称 地震 防震 故居 汉 河 虎 监测 减灾 救灾 抗震救灾 名将 名人 品位 气 气息 抢险 热线 伤亡 视为 物资 象征 徐州 一派 营造 预报 跃 灾害 灾区 重建 
---- Cluster id #24 ----
Size: 40
拜年 表演 打破 电视台 歌 歌舞 歌舞团 观众 海南省 节目 剧团 剧院 宽 联欢 明星 年年 念头 浓郁 屏幕 庆祝 色彩 陕西省 上演 社长 声 首 晚会 舞蹈 舞台 戏 戏曲 相声 演 演唱 演员 一流 医院 艺术家 艺术团 云南省 
---- Cluster id #25 ----
Size: 11
初中 大使馆 高考 国家教委 考试 书面 卫生部 义务 中小学生 中医 中医药 
---- Cluster id #26 ----
Size: 40
安置 出路 创业 第三产业 分流 服务 富余 岗位 工程 街道 介绍 就业 劳动力 劳务 门路 蒙古 免 民营 庆林 上岗 社区 失业 市 市场化 市政府 私营 退休 拓宽 网球 武汉 武汉市 下岗 兴办 养老 用人 优惠 职工 职业 中心 自救 
---- Cluster id #27 ----
Size: 66
闭幕 草原 茶话会 阐述 出席 次 打假 地 调查 发表 赴 甘肃 纲要 含量 号召 呼吁 华清 会议 建议 讲话 锦涛 举行 看望 考察 历时 列入 率 民工 宁夏 挪威 谴责 强有力 抢救 乔 全体 日程 瑞典 瑞环 瑞士 石 水土 讨论 题 通过 伟长 文件 希腊 掀起 新鲜 心愿 研讨 研讨会 演讲 议题 与会 章程 招待会 正英 职业道德 指出 智利 驻地 做出 作 座谈 F基 
---- Cluster id #28 ----
Size: 118
班 保健 倍 拨 拨款 步入 菜篮子 藏 册 场所 城镇 出版 处于 传 传输 纯收入 此前 达 大家庭 得出 顶 丰富多彩 佛教 副食品 各类 公民 共有 归 获得 基建 继 价 监狱 建成 交付 教 节日 今 近年来 经 景象 境内 旧 竣工 可观 课题 拉萨 累计 量 列为 流行 论 落后 每 每周 免费 民间 内地 年代 年均 平方米 瓶 权利 全国性 全区 人均 人口 设有 生长 省市 使用 世 首要 受灾 书籍 私人 所 特大 特殊 通讯 统计 网络 西藏 习惯 现有 县 乡 享有 消灭 信仰 修复 悬挂 学术 严寒 医学 遗产 议论 影片 拥有 原始 遭受 占有 整理 政 支援 中期 中央政府 转 撰写 庄严 状况 状态 自由 自治区 自主 宗教 罪犯 座 
---- Cluster id #29 ----
Size: 56
八一队 败 本轮 比分 比赛 场 打 大赛 当中 对手 分 分钟 攻 冠军 国家队 击败 甲Ａ 教练 教练员 金牌 锦标赛 精彩 俱乐部 决赛 篮球 联赛 辽宁队 轮 男篮 男排 女排 排球 强劲 轻松 球 球队 球员 弱 赛 赛场 赛季 胜 输 体委 万达队 心态 训练 赢 遇 预赛 战 支 中国队 主场 主教练 足球 
---- Cluster id #30 ----
Size: 17
别国 疾病 阶层 可贵 流动 实事 使得 双重 水准 态度 务实 严谨 有人 治疗 中药 主观 资本主义 
---- Cluster id #31 ----
Size: 59
波恩 不知 彩电 灿烂 产销 打下 大小 道 道理 电视 店 都市 端 番 覆盖 赶来 钢琴 狗不理 寒风 核 核电站 后者 借 颗 口 来临 蓝 老板 理 利润 临 模拟 难免 捧 漂亮 清晰 上任 剩下 世人 双手 说话 掏 天空 同事 同行 童 网 喜 想法 销 爷爷 艺术品 展 展现 真 志成 珠江 总经理 帷幕 
---- Cluster id #32 ----
Size: 26
斌 参赛 常 段 房间 寄 老人 磊 名人战 盘 棋 棋手 取胜 赛事 商店 深圳市 淘汰 同学 围棋 信 选手 讯 遭 主办 子 昊 
---- Cluster id #33 ----
Size: 22
采购 仓库 打电话 电话 费 歌曲 工商 工商局 哈佛 获悉 节省 开业 盘活 收费 缩短 为何 虚假 阳光 娱乐 招标 真相 征收 
---- Cluster id #34 ----
Size: 21
本领 编者 吃饭 份 机会 家人 家中 建 看看 忙 门 批发 认清 上班 身 生意 学会 养猪 找到 挣 赚 
---- Cluster id #35 ----
Size: 34
安徽省 班子 编者按 财务 村 村干部 村里 村民 村委会 村务公开 党支部 电价 干群 供电 河北省 混乱 基层 激发 交 面貌 农村 农户 农民 清 求 全省 全县 任职 推行 乡村 乡镇 意识 这项 阵地 
---- Cluster id #36 ----
Size: 48
保卫 背 边防 部队 产 称赞 传播 大门 大棚 夺得 恶劣 盖 高原 公斤 官兵 光荣 海拔 寒冷 基地 艰辛 结 军区 空白 厘米 领 们 米 面前 模式 那曲 难题 偏 奇迹 气温 摄氏度 蔬菜 头 土 退出 武警 玉米 栽 栽培 种植 种子 重 株 猪 
---- Cluster id #37 ----
Size: 42
班长 遍 称为 村庄 大庆 大雨 风 敢于 姑娘 豪华 好像 红 红旗 花 荒山 轿车 劲 京城 井 举 开 脸 落 卖 煤矿 牡丹 奶奶 飘 前来 塞 时节 死 献给 香 像 小康 延安 移 意思 照 这儿 正好 
---- Cluster id #38 ----
Size: 78
本质 别的 成熟 初 创立 创造性 错误 代 党 党中央 道路 邓 邓小平理论 地域 丢 动摇 放在 飞跃 概括 高潮 共产党人 共识 观点 合影 还要 回答 集体 继承 坚强 建国 教训 阶段 经受 救 卷 开创 牢记 理论 历史性 联 领会 论断 马克思主义 马列主义 毛泽东思想 面 面对 命运 谋 排除 判断 旗帜 前列 前途 全党 全军 确立 确认 三中全会 十四大 时刻 世纪 逝世 特征 同志 伟大 文献 系列 小平 兴起 赢得 拥护 勇气 载 造就 真理 郑重 中山 
---- Cluster id #39 ----
Size: 16
杯 编制 风暴 管 喝 驾驭 精简 乐观 泡沫 膨胀 啤酒 取决于 甚 投机 屋 行人 
---- Cluster id #40 ----
Size: 37
程序 丛书 法 法规 法律 法制 法治 方略 赋予 改进 规范 纪云 监督 借鉴 框架 立法 力求 难点 权力 权威 任期 市场经济 体系 宪法 行使 行政 依据 意志 有益 原有 运作 职权 执法 制定 治国 诸 遵循 
---- Cluster id #41 ----
Size: 17
创新 防伪 该市 国民 会员 假冒伪劣 巨额 科 科特迪瓦 软件 损失 委内瑞拉 西非 下属 迅猛 与会者 赞助 
---- Cluster id #42 ----
Size: 14
版 冰雪 不幸 改 卢布 南极 平静 妻子 取代 商 通货膨胀率 医生 丈夫 值 
---- Cluster id #43 ----
Size: 17
白色 陈旧 风格 国旗 建筑 教堂 块 罗马 市中心 室内 苏丹 位于 西班牙 显得 献 匈牙利 夜 
---- Cluster id #44 ----
Size: 38
爱心 长途 车 大海 锋 奉献 幅 父亲 古老 海 弘扬 火 纪念馆 姐妹 捐 雷 某部 母亲 青少年 人生 事迹 送给 她们 题词 听众 无限 现任 新风 新人 幸福 学 再现 展出 展览 哲学 真情 志愿者 组委会 
---- Cluster id #45 ----
Size: 52
并非 传媒 创作 带有 单纯 导演 灯 电影 反响 感觉 沟通 关根 话题 毁 获奖 激动 奖 角度 揭示 揭晓 节奏 景观 老虎 理性 灵魂 描写 某 某种 闹 拍摄 圈 热闹 融合 少儿 深度 视野 思维 文学 洗 现实主义 小说 写 写作 新兴 以为 艺术 影视 诱惑 阅读 知 作家 作品 
---- Cluster id #46 ----
Size: 14
北京 背后 地理 附加值 公顷 管理局 合资 郊区 精美 良种 农垦 商务 上游 兴奋 
---- Cluster id #47 ----
Size: 44
承办 大中城市 单位 抵押 地下 电力 发电 法人 分布 分配 福利 个人 工资 划分 角 居委会 距离 跨越 绿化 每月 普查 器材 桥梁 如下 设施 实物 数 数据 提案 体育 条例 统计局 物品 吸纳 线路 消防 消费 新建 延伸 应 营业 住房 住宅 作业 
---- Cluster id #48 ----
Size: 23
场面 翻 风貌 扶 干 感人 户 季 家具 披露 评估 三角洲 实 实实在在 说法 特困户 挑选 现状 县长 一家 衣服 雨 咨询 
---- Cluster id #49 ----
Size: 25
云 颁奖 邦国 长春 春云 当地 夺 放 公益 光英 贵鲜 国内外 过年 海南 家华 捐款 捐赠 美德 拼搏 啥 失学 希望工程 信誉 眼光 资助 
---- Cluster id #50 ----
Size: 52
颁布 保护 财产 差 呈 惩处 承包 递增 调节 法官 法院 房地产 干扰 公约 够 航运 合法 合同 家庭 加重 奖金 金额 纠纷 劳动 劳动者 类 类型 每年 难度 宁波 平均 破产 前所未有 权益 审理 收回 售 数额 损害 同类 违章 物质 效果 协定 严打 严肃 增大 增多 知识产权 之下 制 子女 
---- Cluster id #51 ----
Size: 58
案 补 补充 材料 逮捕 法庭 该 公安 公安部 管辖 规定 会见 机关 检察院 鉴定 居住 可以 款 理由 立案 律师 秘密 批准 聘请 期限 起诉 请求 取 权 认定 上述 省级 事实 是否 收到 收集 收取 属于 税 说明 随 通知 同意 为由 未能 嫌疑人 刑事诉讼法 姓名 修订 询问 延长 应当 在场 照片 侦查 证据 证明 罪 
---- Cluster id #52 ----
Size: 25
巴金 报刊 报纸 笔者 编 编辑 订 发行 焦点 来信 缺 人民日报 上网 深感 时报 实用 随意 网上 文章 写道 新闻 页 因特网 杂志 中文 
---- Cluster id #53 ----
Size: 22
差距 地区 发达 扶持 贵州 环 黄淮 江淮 冷空气 利于 民族 青海 倾斜 区域 少数民族 缩小 小到中雨 沿海 原材料 中西部 自治 自治县 
---- Cluster id #54 ----
Size: 48
必然 博览会 博物馆 参考 参政议政 长足 出访 大业 调研 儿女 反映 规范化 海内外 汗水 好评 宏伟 还 活跃 机关干部 加深 交往 举办 开幕式 开拓 来源 履行 渠道 设计师 深远 失 收藏 思路 团体 拓展 武术 向前 邀请 意愿 应邀 展示 展望 职能 制订 制度化 主动 专题 自愿 组 
---- Cluster id #55 ----
Size: 17
爱好者 大藏省 法案 防火 妇女 公众 官员 国会 花园 火灾 罗马尼亚 民主党 森林 突尼斯 议员 职员 执政 
---- Cluster id #56 ----
Size: 46
比索 贬值 不良 储备 传真 东京 东南亚 东亚 动荡 短期 兑 兑换 对策 菲 菲律宾 纷纷 官方 韩国 汉城 合 汇率 基金 截至 经常 据悉 流入 马来西亚 马尼拉 美元 桥本 日本 日元 顺差 苏哈托 外汇 外债 信心 行长 雅加达 印度尼西亚 印尼 印尼盾 盈余 预计 援助 债权 
---- Cluster id #57 ----
Size: 22
比如 笔 断 对象 感情 画 画家 江南 精 具 美术 鸣 男女 女性 女子 拍卖 生命 书法 书画 投身 中国画 自然 
---- Cluster id #58 ----
Size: 18
此举 大选 东盟 国王 红色 回国 拉那烈 旅游 旅游业 曼谷 难关 泰国 吸引 削减 游客 政局 助 总裁 
---- Cluster id #59 ----
Size: 12
奥地利 大厅 饭店 华人 佳节 警方 乐团 两会 农历 维也纳 圆满 这家 
---- Cluster id #60 ----
Size: 19
阿 爱尔兰 巴 巴基斯坦 北爱 布莱尔 对方 对立 各方 和谈 间 据说 南北 契机 设想 谢里夫 印 英 英国 
---- Cluster id #61 ----
Size: 23
百姓 不够 查办 打击 队伍 罚 干警 检察 检察长 举报 培训班 轻 任命 上下 涉嫌 审查 思卿 线索 一体 扎扎实实 职务 职责 渎职 
---- Cluster id #62 ----
Size: 14
承诺 电信 杜绝 购物 假货 马克 其余 商家 上门 通信 消费者 移动 邮电 邮政 
---- Cluster id #63 ----
Size: 205
Ｂ 安定 办 保持 本次 必要 步伐 步骤 产量 长江 城乡 成绩 承受 持续 出现 促进 达到 大中型 带动 代表团 当局 导向 得到 抵御 调动 调整 发展 繁荣 方式 防止 放松 分开 丰收 风波 负担 改革 改善 改组 干旱 高产 高新技术 搞好 搞活 格局 各地 各位 根本性 鼓励 关键 观念 光明 广播 轨道 国民经济 国有 海外 海峡 好转 合理 化解 环境 回归 回应 活力 基本建设 基础 机电 机遇 机制 积极 积极性 积累 急需 计划 计划经济 继续 加大 加快 加强 监管 坚定不移 坚实 减轻 减员增效 健康 健身 交接 交流 节约 进展 经济 经济社会 经济效益 警惕 境外 举世瞩目 开拓进取 抗旱 可 扩大 牢固 离退休 力度 力争 连锁 良好 良性 两岸 灵活 流失 落实 迈出 盲目 美好 面临 明显 末 目标 纳入 能力 扭亏 农产品 农副产品 农田 农业 努力 庞大 配置 平稳 浦东 前提 潜力 切实 取得 全 全民 确保 三峡 商谈 社会 社会化 深化 生产资料 生活 生态 升级 实现 势头 适时 市场 试点 收成 水利 水资源 顺利 所有制 台阶 台湾 态势 提高 条件 铁映 同胞 投入 突破 推进 妥善 往来 稳定 稳妥 下决心 下去 显著 消极 效益 协调 要素 一国两制 依靠 因地制宜 引导 硬 优化 优势 有利 有效 预定 增产 增强 增添 战略性 振奋 政府 政企 支持 支柱 重点 主张 注入 抓紧 转变 着力 综合国力 总体 祖国 
---- Cluster id #64 ----
Size: 36
暴露 承认 从事 从业 该行 耕地 攻击 公认 好处 简称 交易所 开设 快速 冷战 辆 买卖 年龄 其它 侵犯 人权 人员 事实上 所谓 他人 外国人 相同 消耗 小型 研究会 以外 账户 证监会 证券 指责 中部 总量 
---- Cluster id #65 ----
Size: 18
达标 防治 淮河 环保 环保局 空气 流域 媒介 名牌 排放 清洁 全市 人群 天气 污染 用户 优 质量 
---- Cluster id #66 ----
Size: 54
澳门 表决 草案 常委会 常务 长官 惩治 充实 筹备 大会 代表大会 督促 共计 规则 规章制度 候选人 换届 汇报 基本法 检查 接轨 决定 老年人 每次 起草 全国 人大 人大代表 人选 设立 审议 实施 授权 特别 提名 提请 听取 外国 委员会 香港 信访 行政区 修改 选举 议程 议会 酝酿 灾 征求 正当 中华人民共和国 主席团 专门 组成 
---- Cluster id #67 ----
Size: 32
北约 本报 波罗的海 大国 大中 岛 俄 俄罗斯 发 否认 共和国 构想 贺电 扩 利比亚 联邦 领导人 领土 命令 莫斯科 谋求 签署 切尔诺梅尔金 认为 塞拉利昂 首脑 条约 乌克兰 叶利钦 议长 舆论 总统 
---- Cluster id #68 ----
Size: 30
办学 弊端 部分 部委 差别 成人 高等教育 高校 更新 共建 过度 互补 浪费 类似 买方 欠 趋势 人文 认可 设置 生产能力 属 所属 套 体制 统筹 学科 造成 造福 重复 
---- Cluster id #69 ----
Size: 25
本届 比较 场地 党建 多利 禁止 刊登 科普 科学家 克隆 另外 马克思 培育 期刊 身份 实验 实验室 书 书店 图书 图书馆 问世 细胞 宣言 羊 
---- Cluster id #70 ----
Size: 37
布局 步 财经 产业 到来 动力 发达国家 发明 赶 加速 进步 科技 科技界 科教兴国 科学 科学技术 能源 农科教 农科院 普通话 前沿 全球化 人工 生物 世纪之交 挑战 文字 信息 应用 迎接 语言 战略 知识 植物 智力 中等 妍 
---- Cluster id #71 ----
Size: 9
埃及 大陆 儿童 家宝 街 街头 决心 开罗 温 
---- Cluster id #72 ----
Size: 40
伴随 财富 彻底 成长 复杂 该书 概念 公仆 海信 获取 机器 即 价值 角色 谨慎 境界 具备 领导者 那样 难得 蓬勃 品质 全世界 人类 生存 外部 员工 在于 增值 战胜 知识经济 之上 智慧 资 资本 自律 自我 走向 足够 崛起 
---- Cluster id #73 ----
Size: 21
巴黎 打工 担 地处 电脑 法国 股份合作制 果 咖啡 亩 农场 女工 葡萄 全场 山区 守 水稻 投产 辛苦 这块 祝福 
---- Cluster id #74 ----
Size: 29
草 草地 产业化 成果 到底 该县 攻关 华为 集装箱 急 检测 建造 江西 科研 论文 满足 南方 清华 缺少 试验 踏 系统 细 畜 畜牧业 验收 养 转化 转换 
---- Cluster id #75 ----
Size: 80
颁发 办法 报 本 不得 部门 采矿 采矿权 出资 处 处罚 登记 地质 定价 发布 罚款 范围 费用 负责 干预 给予 供 公告 构成 关闭 管理 国务院 会同 价格 减 缴纳 紧急 经营者 开采 勘查 库区 矿产 领取 没收 民心 名称 内 年度 平方公里 其他 情节 权限 人民政府 日 商品 申请 审批 施工 适用 手续 探矿权 特定 提交 条 停止 县级 限期 许可证 延续 移民 有关 予以 原 暂行 责令 章 直辖市 重庆 重庆市 主管 转让 资料 资源 最低 遵守 
---- Cluster id #76 ----
Size: 15
创办 观看 海军 虎踞 话剧 空军 南京 前线 替代 戏剧 心灵 演出 院校 钟山 总书记 
---- Cluster id #77 ----
Size: 40
安排 补贴 财力 财税 财政 呈现 赤字 得益 抵 锭 纺织 高于 关税 济南 加 加元 减免 减少 开支 弥补 抢 敲 庆 收入 收支 税收 税务 突破口 完成 相应 消化 压 压锭 压缩 预期 预算 元 增幅 支出 转移 
---- Cluster id #78 ----
Size: 81
爱国主义 爆发 参与 策划 策略 长征 朝鲜 持久 初期 促成 担负 担任 到达 德 抵制 独立自主 夺取 发动 翻译 丰富 风采 风范 革命 革命家 国防 国务 红军 后勤 华北 纪念 结成 进攻 经济基础 军队 军事 军委 抗日战争 抗战 兰州 烈士 毛 篇 迫使 侵略 秋 热心 人民军队 社会效益 生涯 胜利 时期 谈判 贴近 文物 文选 我党 我军 武装 伍 袭击 协助 修权 引 勇敢 早 早期 泽东 占领 战场 战斗 战术 战役 战争 争取 之一 指挥 致力 重任 自力更生 总政治部 作战 
---- Cluster id #79 ----
Size: 25
北 吹 大气 东 度 厄尔尼诺 附近 海洋 命名 暖 气候 气象 全球 热带 上空 首席 太平洋 西 现象 响应 辛勤 意 踊跃 预测 运河 
---- Cluster id #80 ----
Size: 109
阿拉伯 阿盟 阿齐兹 安理会 安南 奥尔布赖特 巴格达 白宫 报道 备忘录 避免 波兰 常任 常驻 长野 此间 磋商 达成 打算 大规模 担心 德国 抵达 地点 电 调解 冬奥会 动武 动用 对付 发布会 发言人 反对 分歧 符 关切 国防部长 国务卿 海湾 核查 后果 华盛顿 记者 加紧 加剧 接受 结束 解除 紧张 警告 救援 局势 拒绝 决议 科威特 克林顿 理事国 立场 联合国 连日来 另 美 美国 美联社 秘书长 民众 穆巴拉克 派出 普里马科夫 前往 前夕 萨达姆 艘 特委会 通报 透露 途径 土耳其 外交 外交大臣 威胁 危机 为首 斡旋 武力 武器 希拉克 显然 销毁 小组 协议 新华社 新闻界 行 行动 寻求 伊 伊拉克 引人注目 约旦 之前 旨在 制裁 重申 诸如 主权 准备 总统府 最新 
---- Cluster id #81 ----
Size: 36
爱国 典礼 发言 非公有制 服从 稿 各界 工商联 共产党 光亚 国权 开幕 隆重 鲁丽 缅怀 民主党派 名单 侨胞 人士 荣 统一战线 统战 统战部 推荐 委员 协商 选平 毅仁 兆国 召集 政协 知名人士 致以 周年 座谈会 孚凌 
---- Cluster id #82 ----
Size: 38
不错 唱 乘 穿 大地 到位 顿 返回 风景 歌声 湖 快乐 拉开 绿 目光 您 农家 乒乓球 期望 气氛 人心 上来 深切 水 乌鲁木齐 西北 消息 新疆 选拔 印象 迎 原来 远 招 震 中外 主人 走过 
---- Cluster id #83 ----
Size: 96
Ａ 阿尔及利亚 澳 澳大利亚 半岛 贝宁 彼此 表示 不懈 大臣 大会堂 大使 定期 多极化 发展中国家 访 访问 非洲 夫人 干涉 感谢 高层 高兴 关系 国 国际 浩田 荷 荷兰 和平 合作 互访 互利 欢迎 回顾 会谈 伙伴 建交 建设性 交换 经贸 看法 客人 来访 琳 领域 卢森堡 莫 莫桑比克 南非 内政 陪同 鹏 频繁 其琛 企业界 签字 钱 前景 热烈 摄 首相 双边 双方 探讨 图片 外交部 外交部长 为期 问候 希望 相互 相信 协作 信任 兴趣 也门 一行 仪式 意大利 有助于 有着 友好 友谊 愿 赞赏 赞同 增进 正式 之间 中国 祝愿 驻 驻华 转达 卓有成效 
---- Cluster id #84 ----
Size: 31
不怕 称号 乘客 冲 歹徒 刀 过硬 喊 记 刻苦 连队 脸上 玲 美丽 幕 男子 派出所 评为 青春 邱 荣誉 世界杯 授予 踢 跳 围 先生 鲜花 英雄 赞扬 战士 
---- Cluster id #85 ----
Size: 14
不足 产生 促使 带来 独立 工具 理顺 哪些 其中 日常 银行 周刊 周期 主要 
---- Cluster id #86 ----
Size: 159
白 柏林 毕 兵 布赫 蔡 藏族 曹 查 朝鲜族 陈 程 迟 川 崔 戴 单 丁 董 杜 范 方 冯 傅 刚 高 葛 龚 古 谷 顾 关 贵 郭 韩 何 贺 洪 侯 胡 华夏 黄 回族 霍 贾 健 建华 姜 蒋 杰 金 锦华 晋 菊 俊 康 克 孔 兰 李 力 梁 亮 廖 林 刘 龙 卢 鲁 路 陆 吕 罗 马 满族 梅 蒙古族 孟 苗 苗族 敏 明 名 聂 牛 女 潘 平 齐 秦 曲 全有 群 邵 申 沈 施 史 舒 松 宋 孙 谭 唐 涛 陶 田 铁木尔・达瓦买提 土家族 万 万年 汪 王 韦 维吾尔族 伟 魏 文 闻 吴 武 夏 宪章 向 肖 谢 熊 徐 许 薛 严 阎 杨 扬 姚 叶 彝族 毅 尹 勇 游 于 余 俞 袁 云 曾 张 赵 正 郑 志 忠诚 钟 朱 祝 壮族 邹 缪 
---- Cluster id #87 ----
Size: 28
带领 繁华 工 故乡 艰苦创业 靠 肯 累 路子 难 内心 怕 旁 启示 全村 深处 深圳 市区 太原 停车 同样 投 物 县政府 依旧 易 致富 总产值 
---- Cluster id #88 ----
Size: 25
本地 窗口 典型 对待 发掘 高低 高尚 个别 功夫 扣 模范 墙 区别 生命力 示范 树 推广 系统工程 先进 效应 宣传 一般 涌现 针对性 抓 
---- Cluster id #89 ----
Size: 27
阿拉法特 巴勒斯坦 撤军 冲突 辞职 方案 进程 抗议 库克 黎 黎巴嫩 南部 难民 内阁 内塔尼亚胡 士兵 受伤 西岸 叙利亚 宣布 耶路撒冷 以 以色列 犹太人 约旦河 直升机 中东 
---- Cluster id #90 ----
Size: 24
此次 丹麦 党派 对此 国大党 获胜 角逐 竞选 居 科尔 可能性 口号 领先 媒体 凝聚力 派 人民党 席 席位 相似 选民 印度 阵线 政党 
---- Cluster id #91 ----
Size: 42
帮 帮扶 帮助 筹措 对口 分行 扶贫 富裕 妇联 个体 工会 攻坚 挂 柜台 互助 货 家里 江西省 解困 救济 救助 捐助 渴望 困难 立足 牌子 贫困 贫困户 贫困县 贫穷 启动 穷 受益 司 送 特困 脱贫 慰问 温饱 温暖 祥和 走访 
---- Cluster id #92 ----
Size: 21
包 动物 动物园 堆 隔 家园 饺子 净 妈妈 枚 弄 全家 日子 水源 思念 通道 温馨 野生 意外 营养 只 
---- Cluster id #93 ----
Size: 29
百分点 拆 拆借 存 存款 大于 担保 法定 分为 幅度 固定 灌溉 黄金 机构 降低 节水 客户 利率 例 名义 商场 输出 下调 现行 这次 指 准备金 准备金率 资金 
---- Cluster id #94 ----
Size: 16
爆炸 承担 房屋 患者 级 结论 签订 热点 事故 死亡 投诉 卫生 血 医疗 注册 最终 
---- Cluster id #95 ----
Size: 48
阿根廷 被动 尝试 长期以来 筹集 筹资 存量 大楼 等待 地面 东方 短缺 飞 飞机 飞行 公司 股份制 挂牌 航班 航空 航线 合肥 机场 架 举措 昆明 扩建 蓝天 每人 民航 名列 起步 签 人次 上市 首都 通用 外面 微笑 维修 小姐 星 选 逾 折 总局 租 租赁 
---- Cluster id #96 ----
Size: 29
本国 不满 大连 档案 独联体 各国 各自 哈 吉 京剧 剧目 理事会 联盟 迈向 社团 渗透 它们 文化部 西方 形 演习 一体化 伊朗 伊斯兰 忧虑 元首 振兴 争夺 中亚 
---- Cluster id #97 ----
Size: 28
朝 对 分工 高速 高速公路 公里 公路 广 沪 货物 津 京 九 卡 开通 客车 客运 列车 每天 山 提 为主 线 小时 信号 以内 运行 运营 
---- Cluster id #98 ----
Size: 83
比例 变化 不利 超过 刺激 贷款 等级 低 低于 调控 发放 防范 放开 负债 供给 供求 供应 固定资产 宏观 缓解 回落 货币 结构 金融 金融业 居民 控制 粮食 零售 流通 棉花 徘徊 平衡 取消 全年 融资 商业 上涨 生产总值 失业率 适当 适度 适度从紧 收购 通货膨胀 通胀 同时 投放 投向 投资 稳 稳中求进 物价 下滑 现金 限额 相反 项目 消费品 新增 信贷 信用 需求 压力 抑制 因素 引发 隐患 影响 用于 约束 造林 增长 增长点 增长率 增加 债务 涨幅 政策 政策性 支撑 资本金 总 
---- Cluster id #99 ----
Size: 25
城市 道德 雕塑 公共 和谐 河南 洪水 黄河 价值观 简单 空间 礼貌 利 哪个 内涵 水库 提倡 乌 喜爱 新加坡 修养 有待 治 主题 阻碍 
---- Cluster id #100 ----
Size: 19
比利时 布鲁塞尔 差异 成员国 大众 电厂 对话 革新 论坛 拟 年会 欧 欧盟 欧洲 世贸 西欧 亚 亚洲 岚清 
---- Cluster id #101 ----
Size: 58
安徽 办公厅 北京大学 博士 常委 常务委员 出任 地委 东北 董事长 港 公安局 顾问 哈尔滨 红十字会 华南 华侨 化学 会长 加拿大 届 军分区 联合会 辽宁 秘书 民革 名誉 区 日内瓦 上海 上海市 省 实业 市长 受 四川 外事 厦门 相当 协会 学习 业余 游泳 有限公司 院 院士 浙江 职 中共中央 中华 中学 州 主编 主任委员 主席 总队 总会 组织部 
---- Cluster id #102 ----
Size: 22
大队 国防部 航天 火箭 解放军 军 科恩 连 旅 上将 射击 社 师 司令员 铁路局 团 团长 研制 政治部 中队 中央军委 总参谋长 
---- Cluster id #103 ----
Size: 52
安 办事处 薄 长沙 党组织 敌人 底 动员 队 队员 发起 根据地 共产党员 国民党 汇 艰苦 借助 警察 军民 开办 开辟 抗日 科索沃 联络 留给 率领 民 耐心 南斯拉夫 迫害 情绪 日报 烧 少奇 势力 填 厅 土地 顽强 维持 牺牲 下乡 新华 雄厚 严峻 应付 运动 掌握 政权 支队 驻军 子文 
---- Cluster id #104 ----
Size: 11
奥运会 保 保险 病毒 不便 感染 回收 陌生 平安 推销 运动员 
---- Cluster id #105 ----
Size: 29
办公 薄弱 保留 层层 大雪 锻炼 夫妻 公务员 国家机关 经贸委 局 抗灾 两地 满意 民政部 牧民 农业部 人事部 入手 水利部 外经贸部 形象 兄弟 雪 雪灾 灾民 灾情 帐篷 总公司 
---- Cluster id #106 ----
Size: 27
菜 尝 吃 待 倒 懂得 饭 故事 官 鸡 佳 看见 柳 描绘 肉 入 升 汤 添 透 碗 也 迎春 犹如 鱼 愉快 制作 
---- Cluster id #107 ----
Size: 21
比重 表 长工 储量 东部 结果 勘探 立方米 平原 人数 省区 石油 天然气 西部 油 油气 油田 原油 占地 镇 装备 
---- Cluster id #108 ----
Size: 9
充足 春耕 东北部 风光 该校 化肥 牌 小麦 兴 
---- Cluster id #109 ----
Size: 47
毕业生 编写 出国 待遇 风气 高等 高度 高中 怀着 基金会 奖励 教材 教师 教学 教育 教职工 经济学 科教 课 课程 理想 留学 留学生 面向 年级 培养 普及 齐全 千方百计 趋 上去 师生 什么样 水平 停产 物质文明 西南 小学 学生 学校 优先 战线 招生 整顿 中小学 珠海 着 
---- Cluster id #110 ----
Size: 28
巴西 出口 对外 对外开放 对外贸易 国内 杭州 进出口 进口 竞争力 来华 利用 龙头 迈进 贸易 墨西哥 全方位 人民币 外贸 外资 吸取 削弱 依赖 银行业 引进 浙江省 至 总额 
---- Cluster id #111 ----
Size: 17
波音 抽查 电器 放心 服务队 岗 合格 滑 季度 监控 墨 青年 热水器 三下乡 手机 推迟 依托 
---- Cluster id #112 ----
Size: 40
抱 北方 车站 春运 搭 调 发出 高峰 广场 广州 火车站 季节 纪录 空 联网 列 临时 旅客 麻烦 南昌 票 清除 神 售票 特区 铁道部 铁路 停 需 医疗队 涌 运 运输 增 增收 增至 张北 张家口 郑州 子弟兵 
---- Cluster id #113 ----
Size: 20
传销 代表 代表性 当选 封锁 古巴 呼声 会场 上届 神圣 投票 响起 选出 选票 议案 掌声 主席台 祝贺 资格 总数 
---- Cluster id #114 ----
Size: 27
标准 成分 当做 定 定位 方法 分析 否定 汉年 阶级 经典 历史 领袖 某些 偶然 评价 倾向 热潮 人物 塑造 唯一 迎来 原理 这部 直至 著作 左 
---- Cluster id #115 ----
Size: 30
才能 出生 大户 大事 电台 该厂 公开 公平 河北 后面 花钱 怀疑 计划生育 紧 经济林 困扰 乱 明白 盼 前面 确实 人均收入 融入 上访 石家庄 算 推 喜庆 县里 一把手 
---- Cluster id #116 ----
Size: 42
Ｄ 车间 成都 冲击 出版社 福建 福建省 工业部 工作组 河南省 黑龙江 黑龙江省 湖北 湖北省 湖南省 吉林 吉林省 江苏省 经理 科委 科协 科学院 粮 辽宁省 陕西 沈阳 省长 省委 市委 四川省 天津 县委 新村 宣传部 学员 研究所 研究员 院长 政法 政委 助理 总工会 
---- Cluster id #117 ----
Size: 7
词 大师 老伴 乐 年轻人 数学 中科院 
---- Cluster id #118 ----
Size: 45
安全 案件 暴力 当事人 毒品 发票 犯罪 犯罪分子 公正 贿赂 件 建新 解释 禁毒 可靠 力气 民事 判处 判决 赔偿 破坏 抢劫 人民法院 涉及 审判 受理 司法 诉讼 贪污 提起 头脑 危害 委托 刑法 刑事 性质 严厉 严重 执行 致使 秩序 治安 中级 宗旨 最高 
---- Cluster id #119 ----
Size: 36
车辆 城 城区 出租车 夺冠 防 福州 公园 机动车 交警 交通 恐怖 垃圾 路上 门口 南宁 南宁市 培训 汽车 荣获 市民 司机 桶 团中央 外来 务工青年 现场 享受 小事 校 游人 整治 周边 撞 自行车 综合治理 
---- Cluster id #120 ----
Size: 64
办公室 北京市 毕业 部长 参加 厂 厂长 成员 处长 大学 党委 党校 党组 队长 分局 副 干事 工程师 共青团 广东 广东省 广西 国务委员 汉族 湖南 获 计委 加入 兼 教授 局长 科长 男 内蒙古 其间 清华大学 任 山东 山东省 生 省政府 事务 书记 书记处 所长 天津市 委员长 系 校长 学位 学院 研究生 研究室 研究院 友协 政治局 指挥部 中共 中央 中央委员 主任 住院 专业 组长 
