---- Cluster id #1 ----
Size: 45
贬值 储备 传销 刺激 党建 导致 东南亚 东亚 动荡 短期 兑换 多利 房地产 纷纷 风暴 官方 国际象棋 韩国 汇率 教训 金融业 经常 竞争力 来华 流入 旅游 马来西亚 墨西哥 欧佩克 人民币 塞拉利昂 顺差 泰国 投向 外汇 外债 外资 舞剧 吸引 削弱 信心 因素 引发 影响 周边 
---- Cluster id #2 ----
Size: 98
阿 阿尔及利亚 澳 半岛 比 比利时 边境 表示 布鲁塞尔 撤军 传递 此 大使 大中 对话 对抗 多极化 反应 访华 访问 感 感谢 高层 高级 高兴 关系 国 合作 互访 互利 华 欢迎 回忆 会见 会谈 会晤 伙伴 柬埔寨 见面 建设性 交换 经贸 看法 来访 领导人 领域 留学生 罗马尼亚 满意 敏感 莫斯科 欧 欧盟 其琛 签字 热烈 日期 摄 时机 使馆 双边 双方 司长 苏 苏联 谈 探讨 图片 外长 外交部 卫生部 问候 相互 相信 协定 协作 信任 亚 亚洲 也门 一致 意 有助于 有着 友好 友谊 愿 愿意 越 越南 赞赏 障碍 真诚 正常化 祝贺 祝愿 转达 着手 
---- Cluster id #3 ----
Size: 28
报名 残疾人 传播 岛 服务 服务队 工具 挂牌 难民 蓬勃 青岛 青年 三下乡 社长 实用 同学 团中央 喜爱 新风 行动 一家 依托 意大利 征文 植树 志愿 志愿者 助 
---- Cluster id #4 ----
Size: 19
北京 博物馆 长足 繁华 还 绿化 农垦 齐全 庆林 上游 失 首都 武术 喜悦 兴趣 依旧 忧虑 造林 展 
---- Cluster id #5 ----
Size: 161
Ｄ 安徽 办公室 办公厅 北京大学 北京市 毕业 博士 部长 财经 参加 常委 常务委员 成都 成员 冲击 出版社 处长 大学 代理 当选 党委 党校 党组 地委 东北 董事长 队长 福建 福建省 副 干事 甘肃 工程师 工商联 工业部 工作组 共青团 顾问 管理局 广东省 广西 哈尔滨 汉族 黑龙江 黑龙江省 红旗 湖北 湖北省 湖南 湖南省 化学 会长 获 吉林 吉林省 计委 加入 兼 江苏省 江西 教授 届 经理 救济 局长 军分区 科长 科委 科协 科学院 理事会 联合会 辽宁 辽宁省 秘书 秘书长 民主党 名誉 男 内蒙古 其间 清华大学 全国 人大 任 山东 山东省 陕西 上海 上海市 沈阳 生 省 省长 省委 市长 市委 首席 受 书记 书记处 数学 水利部 四川 四川省 所长 天津 天津市 外事 委员 委员长 委员会 西南 系 厦门 县委 相当 校长 协会 宣传部 学位 学习 学员 学院 研究生 研究室 研究所 研究员 研究院 业余 医院 议员 院 院长 院士 浙江 政法 政委 政治局 职 指挥部 中共 中共中央 中华 中学 中央 中央委员 州 主编 主任 主任委员 主席 助理 住院 专业 总队 总工会 总会 组长 组织部 
---- Cluster id #6 ----
Size: 29
白酒 查获 尝 个体 工商局 狗不理 假 酒 局 客人 老板 理 门前 前后 山西 山西省 商标 售 贴 推销 为何 悬挂 邮票 真 制 中毒 注册 抓获 总书记 
---- Cluster id #7 ----
Size: 76
颁发 办法 保留 报 本 部门 采矿 采矿权 出资 储量 处 登记 地震 发布 罚款 范围 防震 负责 给予 供 公告 构成 管理 国务院 会同 监测 减 减灾 缴纳 开采 勘查 款 矿产 领取 没收 免 名称 年度 批准 平方公里 评估 起 签订 抢险 情节 权限 人民政府 日 申请 审批 手续 授权 探矿权 特定 提交 天然气 条 铁 停产 停止 违反 县级 限期 许可证 延续 予以 预报 原 灾害 责令 直辖市 主管 转让 资料 资源 最低 
---- Cluster id #8 ----
Size: 28
步入 车辆 大队 恶劣 负 机动车 加重 交警 交通 怕 平安 认定 伤 事故 市区 司机 死亡 停车 违章 现场 心态 行人 责任 真相 支队 治疗 撞 自行车 
---- Cluster id #9 ----
Size: 37
安排 编制 补贴 财力 财税 财政 呈现 赤字 出国 大于 得益 低于 费用 风险 关税 国内外 会计 监控 减少 累 弥补 其中 确保 适度从紧 收入 收支 数额 完成 相应 压缩 有所 预算 元 增幅 债务 支出 专项 
---- Cluster id #10 ----
Size: 50
报告 暴露 被告 别国 不可 称 承认 持 出于 存在 当地 法案 干涉 攻击 公认 公约 好处 家属 抗议 冷战 例如 每周 男女 内政 其它 强烈 侵犯 侵略 人均 人权 事实 事实上 所谓 他人 外国人 乌鲁木齐 陷入 限制 相同 消耗 研究会 依据 邮政 预期 珍惜 之上 执政 指责 状况 自由 
---- Cluster id #11 ----
Size: 42
百富勤 承诺 存 贷款 等级 定价 发放 负债 干预 港元 各自 获取 价格 紧急 经营者 客户 控制 棉花 墨 取消 商品 商业 适用 收购 提供 现金 限额 消费者 信贷 信用 行长 行为 业务 银行 银行业 约束 章 政策性 政府 指 准备金率 遵守 
---- Cluster id #12 ----
Size: 11
采购 采用 传媒 获悉 节省 惊人 两地 缩短 虚假 一流 招标 
---- Cluster id #13 ----
Size: 50
编 不幸 差异 成 带来 导演 动 动态 反响 改编 感觉 沟通 画面 话题 激动 激烈 角度 精彩 看待 可能性 历时 良性 描写 某 闹 弄 跑 圈 热闹 深度 收获 熟悉 思维 踏 提醒 天下 挑 投身 文学 洗 小说 写 写作 新兴 一样 影视 站 知名 最终 作家 
---- Cluster id #14 ----
Size: 45
北 被动 参与 长征 初期 创立 促成 诞生 到达 德 等待 独立自主 独特 夺取 丰富 风采 革命家 巩固 国防 国务 红军 后勤 艰辛 进攻 灵活 毛 秋 人民军队 生涯 胜利 失败 时期 无产阶级 武装 协助 拥护 早 泽东 战术 真理 指挥 致力 主观 著名 作战 
---- Cluster id #15 ----
Size: 25
比索 创 点 跌 菲 菲律宾 分类 股市 缓慢 回升 纪录 开工 伦敦 马尼拉 面积 纽约 商品房 上升 收盘 通货膨胀率 下跌 下滑 下降 预测 指数 
---- Cluster id #16 ----
Size: 33
八一队 败 比分 冰球 场 打 对手 分钟 攻 号 击败 甲Ａ 教练 锦标赛 俱乐部 辽宁队 领先 轻松 球 球员 胜 输 踢 万达队 新任 赢 占据 战 中国队 主场 主教练 足球 组 
---- Cluster id #17 ----
Size: 0

---- Cluster id #18 ----
Size: 23
背景 变动 打工 带有 地理 工人 哈佛 阶层 渴望 劳动力 劳务 另 流动 民工 群体 身份 水准 特征 位置 显然 移 原有 之外 
---- Cluster id #19 ----
Size: 27
城 店 防 更新 购物 顾客 活动 货 假货 假冒伪劣 降价 民心 前所未有 前夕 热水器 商店 商家 食品 实实在在 投诉 无 信誉 修建 验收 中宣部 重庆 重庆市 
---- Cluster id #20 ----
Size: 14
波罗的海 出售 独联体 教堂 联 清除 渗透 室内 同 退 维和 修 一体化 元首 
---- Cluster id #21 ----
Size: 33
笔 边 产值 倡议 超 档案 短短 发出 国家级 怀 疾病 家乡 军人 军营 开发区 看好 利税 屏幕 企业家 生意 盛 脱 小伙子 新年伊始 优质 跃 云龙 运河 栽培 浙江省 中药 中医 转化 
---- Cluster id #22 ----
Size: 22
打电话 电话 儿子 父母 高考 故乡 广告 孩子 家长 觉得 考试 拿 奶奶 内心 上学 收费 忘 学生 诱惑 娱乐 这么 足够 
---- Cluster id #23 ----
Size: 18
病毒 病人 传真 对策 感染 挂钩 货币 抗旱 桥本 苏哈托 推迟 小麦 雅加达 印度尼西亚 印尼 印尼盾 迎春 援助 
---- Cluster id #24 ----
Size: 35
表率 不怕 不懈 错 掉 顿 反对 犯 饭 房间 干警 敢于 关 官僚主义 汗水 花钱 回来 讲究 接待 接收 劲 警惕 克服 浪费 哪里 派出所 平凡 破 倾听 权力 容易 危险 信访 值班 中南海 
---- Cluster id #25 ----
Size: 20
车间 分局 国防部 国务委员 河南省 济南 解放军 军 连 区 社 师 铁路局 团 团长 外来 务工青年 校 政治部 中队 
---- Cluster id #26 ----
Size: 26
保持 贝宁 步骤 充足 非洲 国际 好转 化解 缓解 混乱 计划经济 交接 看到 牢记 矛盾 前景 趋 势头 通货膨胀 稳定 下去 形势 有利 扎实 正常 卓有成效 
---- Cluster id #27 ----
Size: 49
班子 帮扶 帮助 纯收入 带领 对口 扶 扶贫 富 富裕 妇联 妇女 感人 攻坚 户 建 江西省 老区 立足 路子 农田 贫困 贫困户 贫困县 贫穷 穷 全村 全县 人均收入 山区 生机 失学 实 受益 特困户 脱贫 脱贫致富 温饱 物 县 县政府 消除 小区 养殖 雨 增收 致富 自力更生 自然 
---- Cluster id #28 ----
Size: 56
安置 办 保险 编者 承受 筹集 出路 创业 第三产业 分流 扶持 富余 干 岗位 工厂 工会 观念 活 机会 技能 介绍 就业 块 困境 困难 两会 没 门路 蒙古 民营 女工 破产 全市 上岗 社区 失业 市 市政府 收 私营 特困 退休 拓宽 网球 武汉 武汉市 下岗 兴办 养老 用人 找 挣 职工 职业 中心 转移 
---- Cluster id #29 ----
Size: 50
称为 出生 吹 大气 大树 地球 电信 度 厄尔尼诺 风 附近 海洋 豪华 毫米 好像 红 花 华为 荒山 京城 棵 科学家 卖 牡丹 哪 那么 呢 年年 暖 气候 热带 人们 散 上空 时节 死 太平洋 脱颖而出 西 细 现象 献给 香 响应 像 延安 也 在 这儿 正好 
---- Cluster id #30 ----
Size: 50
班长 楚政 床 村庄 冬 断 多少 奋战 隔 根 划 患 挤 记忆 建房 脚 进 可观 老伴 老人 流 落 民兵 那 爬 彭 飘 如同 尚 少年 双 睡 似 趟 托 碗 湘西 乡村 乡亲 心灵 雪 羊 养猪 咱 阵阵 只 中科院 住 仔细 足 
---- Cluster id #31 ----
Size: 16
北方 边防 搭 大棚 顶 赶到 官兵 军区 们 气温 摄氏度 士兵 天气 战士 张北 帐篷 
---- Cluster id #32 ----
Size: 21
奥运会 柏林 发射 工地 国家队 航天 画家 火箭 马克 南极 拼搏 全世界 赛 射击 设想 世界杯 试验 铁映 型 运动员 灾 
---- Cluster id #33 ----
Size: 23
北部 北风 大雨 贵州 华北 华南 黄淮 级 价值 驾驭 江淮 江南 局部 乐观 冷空气 南部 泡沫 偏 气象台 取决于 投机 小到中雨 心情 
---- Cluster id #34 ----
Size: 20
场所 钢铁 公园 后面 交谈 节奏 结婚 净化 空气 门口 汽车 入 突然 望 相声 小事 冶金 幽默 游人 只见 
---- Cluster id #35 ----
Size: 41
爱国主义 抵御 动物 动物园 革命 工作者 鼓舞 患者 记录 纪念 纪念馆 建筑 精品 经费 刊物 课堂 历程 烈士 绿色 媒介 免费 民政部 抢救 青少年 社会效益 神圣 师生 贴近 通道 维修 文化部 文物 文献 物质文明 野生 医疗队 责任感 展览 张家口 振奋 庄严 
---- Cluster id #36 ----
Size: 12
窗口 风貌 喝 老百姓 麻烦 满足 莫 莫桑比克 啤酒 示范 谁 屋 
---- Cluster id #37 ----
Size: 26
本身 侧面 长远 超出 单纯 对立 关注 规律 忽视 见解 角色 具 里面 论述 内在 能否 品格 丧失 生命力 使得 双重 腿 文艺 真实 自觉 左 
---- Cluster id #38 ----
Size: 37
把 保卫 本地 部队 长工 创办 大庆 担负 地质 典礼 光彩 光荣 话剧 艰苦 精力 勘探 练 平原 热潮 设 深 深感 石油 实验室 透 忘记 武警 献身 训练 用品 油田 院校 找到 直至 忠诚 装备 组建 
---- Cluster id #39 ----
Size: 18
澳大利亚 笔者 长途 车 车站 串 感慨 感受 歌 火车站 甲醇 姐妹 拉 牌子 时候 首 挑选 丈夫 
---- Cluster id #40 ----
Size: 119
白 毕 波 蔡 藏族 曹 朝鲜族 陈 川 崔 戴 单 丁 董 范 方 冯 傅 高 葛 龚 古 顾 管 贵 郭 韩 何 贺 洪 侯 胡 黄 回族 霍 健 姜 蒋 金 锦华 俊 康 孔 乐 黎 李 梁 廖 林 刘 龙 卢 陆 吕 罗 马 满族 梅 蒙古族 苗 苗族 明 聂 牛 女 潘 齐 秦 邵 沈 施 石 史 舒 宋 孙 谭 汤 唐 涛 陶 田 万 汪 王 韦 维吾尔族 文 闻 吴 武 夏 肖 谢 熊 徐 许 薛 严 阎 杨 扬 姚 叶 毅 尹 游 于 俞 袁 云 曾 张 赵 郑 钟 朱 祝 邹 
---- Cluster id #41 ----
Size: 27
场地 撤销 处罚 大户 发行 股东 股票 基金 交易 交易所 开设 买卖 区别 上市 申报 深圳 投资 投资者 违规 问 营业部 暂行 账户 证监会 证券 指定 只能 
---- Cluster id #42 ----
Size: 93
Ａ 摆脱 包括 北大 边界 产生 成本 成功 出去 大 大中型 代价 等于 独立 多元化 方向 改变 改组 功能 公司 规模 国外 衡量 互补 会 机器 积累 集体经济 集团 家 简单 进入 竞争 考虑 可能 跨 亏损 浪潮 类型 联合 连续 垄断 没有 每年 内部 能 能够 能力 纽带 排 排名 庞大 其 起步 企业 前提 强 如 实力 世界 世贸 是 市场 手段 速度 通用 完全 物质 想象 销售 小 行列 行业 迅速 一定 营销 有的 有些 遇到 原因 运转 增多 这种 真正 政府部门 值得 指明 智慧 中外 中小企业 追求 总部 做法 
---- Cluster id #43 ----
Size: 93
安徽省 包装 玻璃 彩色 测试 插 大型 地位 电厂 电价 电视机 独资 吨 辐射 服务业 港口 高档 工 供电 购 光 含 化工 基因 机械 机组 激光 技术 计算机 加工 检验 井 开发 空中 控股 立方米 码头 煤炭 摩托车 年产 农 农药 期货 千瓦 认证 容量 沙漠 摄影 设备 生产 生产线 水电 水泥 饲料 塑料 特有 天然 通信 同步 铜 图像 外商 卫星 系统 相关 新型 性能 循环 药 药品 药物 医药 仪 仪器 以上 以下 应用 用 邮电 原料 允许 珍贵 纸 致 制品 制造 中方 主导 专利 专用 装置 咨询 综合 
---- Cluster id #44 ----
Size: 34
摆 背 冰箱 产 产量 大门 盖 高效 高原 公斤 海拔 基地 结 经济林 科龙 空白 良种 领 论证 亩 难题 宁 培育 品种 投 头 土 退出 玉米 栽 种植 重 株 猪 
---- Cluster id #45 ----
Size: 28
巴金 爆发 持久 该书 经济基础 军队 军事 抗日战争 科研 命令 篇 迫使 全军 全有 认清 生动 题词 文选 消极 学会 页 引 忧 占领 战争 争取 中央军委 总政治部 
---- Cluster id #46 ----
Size: 28
本轮 彼此 长沙 当中 队 队员 国民党 教练员 剧团 篮球 联赛 男篮 男排 年轻 女排 排球 迫害 奇迹 前线 强劲 球队 赛季 甚 师傅 体委 厅 遇 支 
---- Cluster id #47 ----
Size: 39
比重 表 从事 从业 单位 地区 东 东部 法人 分布 公报 共有 结果 快速 劳动 辆 末 年龄 农村 普查 人数 人员 如下 数 数据 数量 台 西部 吸纳 显示 小型 以外 拥有 占 占地 镇 中部 总量 总数 
---- Cluster id #48 ----
Size: 21
播出 电视台 歌曲 古老 寒冷 火 家中 节目 栏目 冷 留学 深受 生命 添 晚会 温暖 喜欢 演唱 优美 与会者 子弟兵 
---- Cluster id #49 ----
Size: 94
爱护 安装 宝贵 本人 不准 才能 查处 长 崇高 出来 处分 处在 错误 打开 带头 担任 党 党风 党内 党性 党员 党政机关 党中央 斗争 遏制 恩来 反 放在 腐败 复杂 干部 共和国 极端 纪检 纪委 监察 坚定 坚强 艰难 健行 精心 久 看来 考验 离开 礼品 廉洁自律 廉政 领导 留给 路上 蔓延 面对 那种 内外 排除 配备 评议 清理 庆典 全会 善于 少奇 奢侈浪费 思想 他 同志 土壤 尉 文化大革命 牺牲 细致 详细 辛勤 心血 信念 严禁 一生 源头 赠送 战友 召开 之一 之中 制止 中间 重要性 主持 准则 卓越 自 走过 钻研 作风 
---- Cluster id #50 ----
Size: 102
Ｂ 保护 本次 不足 城乡 城镇 成果 承包 达标 达到 得到 动手 对外开放 防范 防治 放松 分开 改善 干旱 搞好 各地 各位 公务员 广播 规划 环保 环境 基本建设 急需 计划 计划生育 继续 加大 加强 坚持不懈 艰巨 减轻 健全 健身 节约 紧 进展 精简 经济社会 境外 居民 可 牢固 利用 力度 良好 量 林业 流失 流域 旅游业 盲目 纳入 能源 农副产品 排放 批 平稳 普及 潜力 倾斜 清洁 取得 全 全民 人口 社会化 生产资料 生活 生态 试点 水利 算 提高 体系 投产 投入 推广 稳妥 污染 项目 新增 因地制宜 引导 预定 责任制 增产 增添 整治 支持 质量 治理 中西部 重点 抓紧 着重 资本金 
---- Cluster id #51 ----
Size: 44
包含 变 财务 村 村干部 村里 村民 村委会 村务公开 大事 干群 公益 河北 河北省 画 怀疑 回报 基层 精 困扰 乱 面貌 明白 年轻人 拍卖 盼 前面 求 全省 确实 软件 上访 说法 填 投票 推行 县里 乡镇 选出 意识 应付 这项 阵地 中国画 
---- Cluster id #52 ----
Size: 36
查 长期以来 厂 厂长 此案 发展中国家 功 共产党 罕见 核 核电站 辉煌 佳 交给 金钱 巨大 漏洞 品牌 妻子 前途 人 如何 时健 受贿 体育 外 烟 云南省 账 这个 这样 之后 中国 种子 追 褚 
---- Cluster id #53 ----
Size: 18
啊 杯 河 河南 洪水 淮河 环保局 黄河 家具 楼 清 水库 水土 水资源 抬 依然 以为 治 
---- Cluster id #54 ----
Size: 28
比赛 斌 常 大赛 段 番 获胜 开幕式 可谓 磊 轮 名人 名人战 盘 棋 棋手 取胜 赛事 淘汰 通讯 围棋 讯 预赛 遭 战胜 主办 子 昊 
---- Cluster id #55 ----
Size: 33
爱尔兰 报警 北爱 波恩 波黑 冲突 此次 倒闭 恶化 发现 分行 分子 该行 关闭 监管 经过 警察 巨额 科索沃 恐怖 联络 民警 南 南北 南斯拉夫 女士 谴责 审计 声明 事件 损失 外部 巡警 
---- Cluster id #56 ----
Size: 40
搬 保存 表现 层 常州 出 传统 创作 大众 电视剧 富有 故居 汉年 虎踞 集 镜头 鸣 浓郁 女性 品位 缺少 散文 书法 水浒传 图书 推荐 文化 吸取 戏 下功夫 性格 艺术 营造 优秀 这部 至关重要 忠实 钟山 作品 崛起 
---- Cluster id #57 ----
Size: 30
爱好者 冰雪 大地 都市 罚 丰富多彩 公安局 挂 广场 国旗 欢乐 佳节 街道 节日 罗马 美好 欧洲 气氛 庆 喜庆 祥和 夜 一派 引人注目 迎来 愉快 这家 之际 周刊 祝福 
---- Cluster id #58 ----
Size: 48
奥委会 本届 场面 长野 成绩 打破 丹麦 党派 得 登 冬奥会 动作 夺 夺得 夺冠 分 冠军 贺电 滑 滑雪 获得 角逐 金牌 决赛 另外 枚 米 秒 名将 名列 男子 难度 女子 挪威 赛场 上届 世界纪录 速滑 跳 席 选票 选手 亚军 银 游泳 摘 妍 缪 
---- Cluster id #59 ----
Size: 85
榜样 伯伯 不顾 采访 此事 大会堂 诞辰 到 抵达 典范 定期 懂得 夫人 感到 感情 公仆 估计 荷 荷兰 怀念 坏 回到 回去 将军 接触 接见 琳 灵魂 留下 卢森堡 面前 那时 难忘 陪同 朋友 鹏 期待 切尔诺梅尔金 亲切 亲属 情 去世 热爱 人格 人群 如此 三角洲 身边 身上 深情 时 事 首相 说 岁月 外经贸部 为期 伟人 位 谢里夫 新华 心 心里 心中 眼睛 一起 仪式 迎 颖超 永恒 友协 圆满 赞成 正式 政治家 知识分子 直到 周 驻华 自己 字 总理 最后 做 魅力 
---- Cluster id #60 ----
Size: 169
办事 薄弱 保障 保证 表决 补充 采取 草案 常委会 常务 成立 成为 程序 承办 充实 筹备 初步 出访 处理 次 措施 大会 代表 代表大会 待 地方 奠定 调查 督促 法 法规 法律 法制 繁重 方案 方面 方针 奋斗 符合 附 改进 个 工作 贡献 关心 规范 规则 轨道 国家 国家机关 过程 候选人 后 还有 换届 会议 汇报 基本法 季度 加以 检查 建立 建设 建议 交 借鉴 进行 具体 决定 客观 肯定 来 老年人 利益 立法 力求 了解 每次 密切 明确 难点 内容 配合 期间 起草 起到 强调 情况 全心全意 确定 群众 热点 人大代表 人民 任期 任务 日常 上 设立 审议 时间 实施 使 事情 市场经济 受到 缩小 特别 提出 提请 体现 听取 通过 外国 完善 为 问题 我国 吸收 下 下来 宪法 项 行使 行政区 修订 修改 需要 选举 学者 邀请 要求 一切 意见 议案 议会 有 有关 有益 原则 这些 征求 整顿 正确 政治 职权 直接 指出 指导 制定 制度 中 中华人民共和国 重大 重要 主席团 主要 注意 专家 专门 准确 组成 组成部分 组织 遵循 做出 作 作出 作为 
---- Cluster id #61 ----
Size: 17
巴西 部 电影 东北部 故事 国产 好评 华人 拍 拍摄 普通话 社团 网 下乡 寻找 演员 影片 
---- Cluster id #62 ----
Size: 18
病 朝鲜 出色 动员 发起 合影 杰出 晋 军委 旅 率 平 热心 司令员 所属 一级 战斗 战役 
---- Cluster id #63 ----
Size: 22
博览会 创汇 大桥 大师 服装 高中 工艺 合 黑 技巧 揭晓 气息 桥 桥梁 全新 融入 色彩 设计 设计师 时尚 隧道 同类 
---- Cluster id #64 ----
Size: 62
不见 不惜 不知 灿烂 打下 大小 当 道 道理 等 端 放心 赶来 钢琴 国企 寒风 后者 回 截至 借 京剧 句 颗 口 来临 蓝 利润 每个 难 难免 念头 您 捧 漂亮 清晰 上任 剩下 世人 说话 掏 天空 听说 同事 同行 童 文章 喜 戏曲 想法 呀 眼 眼光 爷爷 艺术品 意思 怎么 展示 志成 珠江 自豪 总经理 帷幕 
---- Cluster id #65 ----
Size: 38
保 大雪 抵 第一线 覆盖 红十字会 救灾 捐赠 抗 抗灾 肯 粮 论坛 牧民 那曲 难关 年会 气象 缺 日内瓦 瑞士 手 手中 受灾 特大 通 物资 兄弟 畜 雪灾 衣服 运 灾民 灾情 灾区 直升机 重建 自救 
---- Cluster id #66 ----
Size: 33
标志 不得 地面 地下 电力 发电 房屋 个人 奖励 距离 跨越 扩建 内 器材 任何 设施 生长 施工 水源 损害 所在 条例 物品 线路 消防 新建 延伸 一般 移动 应 植物 周围 作业 
---- Cluster id #67 ----
Size: 26
办学 弊端 部委 成人 分散 高等 高等教育 高校 共建 过度 合并 买方 欠 趋势 人文 认可 设置 生产能力 属 体制 统筹 学科 学校 造成 中期 重复 
---- Cluster id #68 ----
Size: 51
变革 标准 表达 当做 道德 地域 定 方法 否定 改制 概括 共产党人 共识 观察 还要 集装箱 检测 阶级 经典 经济学 经历 救 克隆 口号 历史 历史性 利 领袖 某些 偶然 评价 倾向 清华 确认 人物 它 套 唯一 为什么 现实 现实主义 相反 以后 以前 应有 勇气 原理 展开 正是 政党 中山 
---- Cluster id #69 ----
Size: 32
并非 草 草地 促 抵押 房 福利 该县 工资 攻关 即 江苏 角 节水 例 每月 南方 农科院 配套 实物 市场化 停留 县城 乡镇企业 享受 消费 需 畜牧业 养 住房 住宅 租 
---- Cluster id #70 ----
Size: 19
巴 巴基斯坦 筹措 传输 大连 多媒体 高速公路 公路 海上 开通 联网 连接 宁波 热线 网络 微笑 兴建 用户 资 
---- Cluster id #71 ----
Size: 134
百分点 必要 变化 布局 步伐 产品 产业 超过 沉重 持续 筹资 出现 促使 存款 带动 导向 低 调控 调整 锭 方式 纺织 放开 幅度 负担 改革 改造 高新技术 高于 搞活 根本性 工业 攻坚战 供求 鼓励 股份合作制 固定资产 国民经济 国内 国有 合理 宏观 化肥 回落 活力 基础 机构 机制 集中 加快 减员增效 健康 降低 接近 结构 解困 金融 进步 经济 举措 考核 快 扩大 离退休 理顺 利率 利于 力争 粮食 零售 面临 明显 扭亏 农产品 农业 徘徊 膨胀 平衡 平均 浦东 契机 敲 全年 热 融资 上涨 深化 生产总值 升级 适度 水平 态势 通胀 同时 投放 突破 突破口 妥善 稳 稳中求进 物价 下调 消费品 效益 需求 压 压锭 压力 沿海 以内 抑制 用于 优化 有利于 增长 增长点 增长率 增加 战略性 涨幅 这次 整个 政策 政企 支撑 支柱 中介 注入 转变 转换 准备金 着力 资金 总 
---- Cluster id #72 ----
Size: 46
表明 潮流 大陆 大业 当局 对此 儿女 分裂 构想 海内外 海峡 和平 呼吁 回应 加深 交流 进程 两岸 领土 迈 民众 企图 商谈 深远 世纪之交 势力 台湾 谈判 同胞 统一 完整 往来 希望 希望工程 现状 心愿 一国两制 愿望 赞同 造福 郑重 主权 主张 状态 祖国 阻碍 
---- Cluster id #73 ----
Size: 18
澳门 参赛 初中 电台 教学 竞赛 据悉 课程 宽 年级 升 收回 听众 突尼斯 小学 踊跃 犹如 中小学生 
---- Cluster id #74 ----
Size: 57
安 办事处 薄 策划 策略 初 出任 传来 党组织 敌人 抵制 对付 发动 发言 翻译 放弃 风范 根据地 共产党员 会场 汇 借助 军民 开办 开辟 堪称 抗日 抗战 可贵 兰州 留 率领 民 耐心 频繁 平静 任命 日报 深厚 顽强 维持 我党 我军 伍 雄厚 修权 严峻 勇敢 运动 早期 战场 掌握 政权 重任 撰写 子文 总参谋长 
---- Cluster id #75 ----
Size: 14
国会 加 加拿大 加元 开支 来自 联邦 失业率 送礼 问世 削减 移民 盈余 主 
---- Cluster id #76 ----
Size: 42
爱 爱心 差 充满 东方 房子 付出 父亲 感动 华侨 家里 家人 奖金 饺子 救助 捐 捐款 捐助 看见 苦 老 妈妈 母亲 那天 那些 女儿 企业界 启动 情景 全家 生日 思念 岁 她们 外面 献 想到 辛苦 幸福 资助 子女 组委会 
---- Cluster id #77 ----
Size: 36
报刊 报纸 船 船舶 订 骨干 轰动 焦点 接轨 来信 媒体 起点 权威 人民日报 上网 少 时报 图书馆 推 推出 网上 相比 消化 消息 写道 信息 因特网 引进 杂志 造 中文 周期 专栏 总公司 走访 最新 
---- Cluster id #78 ----
Size: 76
案 案件 材料 财产 呈 逮捕 当事人 递增 法定 法官 法庭 法院 公安 公安部 管辖 规定 合同 家庭 检察院 鉴定 结论 金额 纠纷 居住 可以 类 理由 立案 律师 秘密 判处 聘请 期限 其他 请求 取 权 人民法院 上述 涉及 审理 审判 省级 是否 收到 收集 收取 受理 属于 说明 诉讼 随 提起 通知 同意 为由 委托 未能 嫌疑人 刑法 刑事诉讼法 姓名 询问 延长 医学 应当 在场 增大 照片 侦查 正当 证据 证明 中级 最高 罪 
---- Cluster id #79 ----
Size: 21
埃及 层层 城区 出租车 大街 到底 地上 儿童 岗 汉 街 街头 居委会 开罗 扣 南宁 南宁市 市民 桶 完 徐州 
---- Cluster id #80 ----
Size: 33
办理 保值 不满 财政部 持有 储蓄 答 到期 兑付 方便 付 公布 购买 国债 计 计算 节 结算 开始 利息 满 哪些 年利率 凭证式 期 上门 事宜 提前 提问 网点 营业 债券 支付 
---- Cluster id #81 ----
Size: 14
春耕 到位 防火 公顷 灌溉 花园 火灾 家宝 宁夏 庆祝 森林 省区 务实 原材料 
---- Cluster id #82 ----
Size: 19
ＶＣＤ 颁奖 便宜 出版 出版物 盗版 非法 光盘 获奖 奖 精美 警方 老师 论文 收藏 题写 一等奖 制作 最佳 
---- Cluster id #83 ----
Size: 26
不良 长官 迟 辞职 此前 大藏省 大臣 东京 兑 对象 该校 官员 国防部长 汉城 浩田 回收 内阁 日本 日元 上将 首脑 位于 一行 债权 职员 总裁 
---- Cluster id #84 ----
Size: 50
包 布赫 程 杜 费 刚 关根 官 光明 光英 海南省 华夏 贾 建国 建华 杰 菊 举 克 兰 力 亮 柳 鲁 路 孟 敏 名 迁 曲 群 陕西省 申 司 松 铁木尔・达瓦买提 土家族 万年 伟 魏 温 宪章 向 星 彝族 易 勇 余 志 壮族 
---- Cluster id #85 ----
Size: 35
城市 雕塑 风格 公共 公众 和谐 环 聚集 空间 垃圾 类似 美术 名牌 模式 某种 哪个 内涵 铺 市中心 素质 塑造 随意 题材 痛苦 脱离 挖 希腊 形象 印象 应该 有机 怎样 整体 主题 装 
---- Cluster id #86 ----
Size: 10
宾馆 承担 饭店 风光 贺卡 寄 上面 书面 温馨 义务 
---- Cluster id #87 ----
Size: 30
北约 本国 大国 俄 访 各国 哈 和谈 吉 扩 联盟 谋求 签署 试图 它们 条约 乌 乌克兰 西方 西欧 显 依赖 伊朗 伊斯兰 印 油气 争 争夺 中亚 总产值 
---- Cluster id #88 ----
Size: 15
比较 分析 份 该 含量 净 科普 期刊 收益 同一 统计 统计局 意味着 盈利 指标 
---- Cluster id #89 ----
Size: 16
差别 调节 杜绝 改 公平 缓 减免 禁毒 适当 适时 税 税收 税务 现行 优惠 征收 
---- Cluster id #90 ----
Size: 13
编者按 党支部 工商 监狱 经贸委 农科教 培训 任职 省政府 血 证书 主持人 资格 
---- Cluster id #91 ----
Size: 21
长春 抽查 大楼 大厦 电器 电子 福州 股份 杭州 合格 南昌 牌 青海 商厦 深圳市 实业 太原 有限 有限公司 郑州 珠海 
---- Cluster id #92 ----
Size: 140
安定 把握 本领 不好 不正之风 部署 参考 参政议政 草原 层次 长期 倡导 成效 充分 促进 大局 代表团 代表性 调动 调研 对外 多 发挥 发扬 反腐倡廉 反映 放 氛围 丰收 服从 稿 各个 各界 各项 各种 共计 共同 贯彻 广大 广泛 广阔 规范化 规章制度 过渡 海外 好 宏伟 环节 回归 活跃 机关干部 积极 积极性 艰苦奋斗 江 交往 结合 精神 经验 局面 举办 具有 开阔 开拓 开展 靠 可喜 来源 力量 联系 履行 落实 民主 目标 农民 努力 普遍 期望 起来 前进 侨胞 切实 渠道 全局 全体 入手 社会 深入 实际 实现 实效 适应 视察 顺利 思路 所有 台阶 探索 特点 提案 条件 团结 团体 推动 推进 拓展 围绕 香港 向前 效果 协调 协商 形式 宣传 要 意愿 应邀 优良 有效 泽民 增进 增强 展望 章程 政协 职能 制订 制度化 重视 主动 注重 专题 准 姿态 自身 自愿 总结 总体 做好 作用 
---- Cluster id #93 ----
Size: 26
菜 菜篮子 产销 产业化 程度 大中城市 短缺 副食品 格局 工程 供给 供应 急 连锁 流通 龙头 卢布 农户 农业部 批发 肉 蔬菜 水果 销 鱼 值 
---- Cluster id #94 ----
Size: 27
比例 布莱尔 彩电 此举 大选 电视 东盟 国大党 国王 红色 虎 回国 竞选 拉那烈 老虎 厘米 曼谷 模拟 取代 视为 数字 同样 席位 宣布 选民 印度 政局 
---- Cluster id #95 ----
Size: 96
保健 倍 拨 拨款 藏 彻底 处于 传 达 大家庭 得出 对方 繁荣 佛教 各 各族 公民 互助 黄金 基建 继 价 建成 交付 教 结成 解放 今 近年来 经 景象 境内 旧 课题 拉萨 累计 列为 流行 落后 民间 民族 内地 年代 年均 平等 瓶 迫切 区域 权利 全国性 全区 少数民族 设有 省市 实行 使用 世 事务 所 特殊 卫生 文字 西藏 习惯 现有 县长 乡 享有 信仰 修复 学术 严寒 医疗 以来 艺术团 议论 语言 原始 遭受 占有 整理 政 证实 支援 之内 中华民族 中央政府 自治 自治区 自治县 自治州 自主 宗教 罪犯 尊重 座 
---- Cluster id #96 ----
Size: 137
阿拉伯 阿拉法特 阿盟 阿齐兹 安理会 安南 奥尔布赖特 巴格达 巴勒斯坦 巴黎 白宫 抱 报道 备忘录 本报 避免 编辑 波兰 常任 常驻 成员国 此间 磋商 达成 打算 大规模 担心 德国 地点 电 调解 动武 动用 俄罗斯 发布会 发言人 法国 分歧 否认 符 各方 关切 国务卿 果 海湾 核查 后果 华盛顿 记者 加紧 加剧 接受 结束 解除 解决 紧张 谨慎 警告 救援 局势 拒绝 决议 科恩 科尔 科威特 克林顿 库克 黎巴嫩 理事国 利比亚 立场 联合国 连日来 美 美国 美军 美联社 穆巴拉克 内塔尼亚胡 派出 普里马科夫 前往 情绪 认为 萨达姆 伤亡 什么样 艘 态度 特使 特委会 透露 途径 土耳其 外交 外交大臣 威胁 危机 为首 斡旋 武力 武器 西岸 希拉克 袭击 销毁 小组 协议 新华社 新闻界 行 叙利亚 选择 寻求 耶路撒冷 叶利钦 伊 伊拉克 以 以色列 议长 引起 英 英国 舆论 约旦 约旦河 之间 之前 旨在 制裁 中东 重申 诸如 准备 总统 总统府 
---- Cluster id #97 ----
Size: 24
不利 出口 对外贸易 份额 附加值 海关 货物 机电 家电 降 进出口 进口 拉美 贸易 美元 其余 全球 外贸 相似 逾 预计 原油 至 总额 
---- Cluster id #98 ----
Size: 45
阿根廷 变成 朝 春运 调 对 发 分工 高速 公里 广 果断 航空 合肥 沪 火车 机场 津 京 九 卡 开 客车 客运 昆 列 列车 临时 旅客 每天 神 售票 提 铁道部 铁路 为主 线 小时 信号 沿线 涌 运输 运行 增至 租赁 
---- Cluster id #99 ----
Size: 98
吧 帮 不错 唱 炒 吃 吃饭 穿 答应 大家 大姐 带 倒 翻 返回 风景 夫妇 告别 歌声 给 跟 跟着 过来 过去 湖 话 怀着 见 叫 接 接到 敬爱 开会 看 快乐 拉开 啦 来到 里 了 临 令 楼房 绿 吗 忙 目光 你 你们 农家 片 乒乓球 葡萄 前 前来 请 去 让 人家 人心 荣 山 上班 上来 烧 深切 声音 什么 双手 水 太阳 天 听到 停 玩 晚 我 西安 西北 想 想起 笑 新疆 匈牙利 选拔 阳光 毅仁 油 游客 有人 原来 远 招 照 震 知道 主人 坐 
---- Cluster id #100 ----
Size: 11
背后 定位 丢 谷 开业 明星 难得 抢 商 商场 输出 
---- Cluster id #101 ----
Size: 55
闭幕 必然 茶话会 阐述 出席 打假 大使馆 发表 赴 纲要 光亚 国权 华清 建交 讲话 锦涛 举行 开幕 看望 考察 列入 鲁丽 南非 钱 强有力 乔 人事 人事部 日程 瑞典 瑞环 讨论 提名 题 外交部长 伟长 新鲜 兴 选平 研讨 研讨会 演讲 议程 议题 与会 招待会 兆国 正英 智利 周年 驻地 座谈 座谈会 孚凌 F基 
---- Cluster id #102 ----
Size: 27
安全 称号 飞 飞机 飞行 航班 航线 航运 架 景观 居 课 空 昆明 蓝天 每人 民航 人次 荣获 授予 天地 通报 小姐 意外 云南 招生 总局 
---- Cluster id #103 ----
Size: 11
毕业生 电脑 具备 培养 品质 普通 人力 思考 西班牙 新加坡 演习 
---- Cluster id #104 ----
Size: 102
百姓 颁布 办案 暴力 爆炸 查办 惩处 惩治 出台 打击 毒品 队伍 发票 发生 法治 犯罪 犯罪分子 方略 防止 赋予 干扰 各级 各类 公款 公正 够 合法 狠抓 贿赂 机关 集资 及时 纪律 监督 坚决 检察 检察长 件 建新 解释 纠正 举报 可靠 立 力气 民事 判决 培训班 赔偿 破坏 起诉 强化 抢劫 轻 权益 全面 认真 上级 上下 涉嫌 审查 释放 首要 思卿 司法 贪污 头脑 危害 违法 违纪 维护 线索 刑事 行政 严打 严格 严厉 严肃 严重 一体 有力 有序 预防 战斗力 正气 知识产权 职务 职责 执法 执行 致使 制约 秩序 治安 治国 专业化 追究 宗旨 综合治理 走私 尊严 渎职 
---- Cluster id #105 ----
Size: 68
编写 不同 步 部分 财富 创新 创造 到来 邓 动力 发达国家 发明 飞跃 分为 风气 概念 赶 高峰 观点 国情 基金会 极大 加速 教材 揭示 卷 科技 科技界 科教 科教兴国 科学 科学技术 劳动者 理论 领会 论断 马克思主义 毛泽东思想 面向 命运 前沿 全球化 人才 人工 人类 上去 生存 生物 失误 时代 太空 挑战 系列 兴起 研究 迎接 造就 战略 战线 哲学 知识 知识经济 智力 中等 中小学 著作 转向 走向 
---- Cluster id #106 ----
Size: 14
待遇 底 国家教委 国土 教师 教职工 竣工 南京 平方米 千方百计 下决心 新村 优先 岚清 
---- Cluster id #107 ----
Size: 17
操作 成长 导弹 锻炼 观看 海军 邯钢 空军 每 名义 命名 强大 全方位 深处 适合 研制 诸 
---- Cluster id #108 ----
Size: 37
比如 变为 表面 超越 成分 初级阶段 多样化 发达 非公有制 封锁 纲领 公有制 共产主义 古巴 股份制 归 价值观 轿车 阶段 禁止 理想 论 清楚 融合 手里 私人 所有制 无限 消灭 新闻 性质 月球 职业道德 种种 主体 资本主义 资产阶级 
---- Cluster id #109 ----
Size: 0

---- Cluster id #110 ----
Size: 26
厂家 词 该厂 公开 过硬 海信 呼唤 决策 刊登 理解 领导班子 领导者 马克思 名字 那里 启示 石家庄 他们 挖掘 宣言 一把手 员工 在于 正 之下 自律 
---- Cluster id #111 ----
Size: 29
奔 创建 档次 典型 对待 发掘 高尚 个别 功夫 激发 激励 美德 门 模范 评 评选 墙 群众性 人人 荣誉 树 苏丹 文明 系统工程 先进 选 针对性 自我 做到 
---- Cluster id #112 ----
Size: 13
表演 不便 乘 港 柜台 机 离 人民党 商务 手机 特区 阵线 驻 
---- Cluster id #113 ----
Size: 34
包袱 波音 产权 存量 地 分离 耕地 合资 兼并 经济效益 经营 扩展 扩张 目的 盘活 配置 实体 土地 限度 销售额 效率 效应 优 优势 运营 运作 载体 增值 重组 赚 壮大 资本 资产 组合 
---- Cluster id #114 ----
Size: 57
爱国 办公 冰 参观 传达 此后 得知 度过 封 负责人 告 工人阶级 关怀 恢复 记得 间 尽 看出 看看 隆重 缅怀 民革 民主党派 名单 凝聚力 浓 旁 批示 亲 青 人士 人选 身体 提倡 提到 天安门 听 统一战线 统战 统战部 拖 外出 外地 文革 文件 先生 显得 些 信 业绩 隐患 照顾 召集 知 知名人士 指示 中医药 
---- Cluster id #115 ----
Size: 18
避孕 表彰 不够 党政 讲 紧密 精神文明 礼貌 三峡 树立 探亲 突出 掀起 硬 有待 扎扎实实 抓 抓好 
---- Cluster id #116 ----
Size: 33
乘客 冲 大海 大学生 歹徒 刀 夫妻 告诉 广东 广州 海 喊 鸡 记 郊区 刻苦 连队 脸 脸上 玲 美丽 幕 票 评为 签 青春 邱 塞 围 鲜花 英雄 赞扬 折 
---- Cluster id #117 ----
Size: 62
奥地利 白色 遍 尝试 春 春风 此时 大厅 东西 动人 歌剧 歌舞 歌舞团 观众 海口 海南 惠芬 激情 讲述 剧目 剧院 乐团 联欢 联手 梦 描绘 陌生 评论 情感 热情 人间 日子 弱 上演 少儿 声 试 手术 她 躺 舞 舞蹈 舞台 戏剧 响 响起 校园 演 演出 演奏 一代 遗憾 艺术家 意志 音乐 音乐会 圆 酝酿 扎 这时 重返 闵 
---- Cluster id #118 ----
Size: 27
拜年 补 册 春云 丛书 灯 读 读书 过 过年 季节 家园 抗震救灾 鲁迅 买 亲人 日记 视 受伤 书 书店 书籍 双拥 慰问 致以 驻军 着 
---- Cluster id #119 ----
Size: 48
版 不如 大道 懂 读者 封闭 风情 革新 个性 古典 汉语 解 境界 空前 理性 凝聚 批评 缺乏 审美 失去 诗 诗歌 诗人 实验 视野 思 替代 无法 鲜明 欣赏 心理 心声 形 修养 严谨 言 样子 医生 营养 犹太人 右 誉为 阅读 崭新 者 之 种 作者 
---- Cluster id #120 ----
Size: 11
分配 股 集团公司 简称 拟 派 配 披露 送 增 转 
---- Cluster id #121 ----
Size: 33
兵 仓库 陈旧 称赞 担 单一 地处 高产 高低 季 艰苦创业 建造 据说 劳动模范 临近 冒 农场 农历 气 全场 啥 身 守 水稻 图 维也纳 兴奋 休息 月 展现 掌声 这块 这里 
---- Cluster id #122 ----
Size: 14
拆 拆借 长城 担保 短 堆 固定 后人 划分 毁 那个 象征 遗产 遭到 
---- Cluster id #123 ----
Size: 19
防伪 非 管制 国民 会员 咖啡 科 科特迪瓦 矿 煤 煤矿 委内瑞拉 西非 细胞 下属 现任 迅猛 要素 赞助 
---- Cluster id #124 ----
Size: 28
班 伴随 别人 锋 奉献 幅 孤儿 姑娘 好事 号召 弘扬 换 回家 老一辈 雷 某部 那样 人生 实事 事迹 书画 送给 新人 学 涌现 再现 展出 真情 
---- Cluster id #125 ----
Size: 114
云 邦国 本质 别的 不行 差距 长江 成就 成熟 出发 闯 创造性 大胆 代 道路 得以 邓小平理论 动摇 发展 风波 富强 该市 敢 高潮 高度 高举 搞 根本 关键 光辉 贵鲜 核心 呼声 回答 回顾 基本 机遇 集体 继承 纪云 家华 坚持 坚定不移 坚实 肩负 教育 解放思想 近 经受 举世瞩目 决心 开创 开放 开拓进取 库区 框架 路线 马列主义 迈出 迈进 迈向 面 谋 年 判断 旗帜 前列 清醒 全党 确立 认识 三中全会 社会主义 深刻 生产力 十四大 十五大 时刻 实践 实事求是 实质 使命 世纪 事物 事业 逝世 收成 谈话 特色 体会 推向 伟大 我们 显著 现代化 小康 小平 新 形成 依靠 意义 赢得 勇于 运用 载 这 振兴 指引 主席台 抓住 着眼 自觉性 综合国力 走 
