---- Cluster id #1 ----
Size: 96
爱国 部署 才能 成立 初 初期 传销 大局 带头 党 党建 党内 党中央 奠定 发扬 奋斗 负责人 改 各 工作 巩固 贡献 共产党 关心 光辉 国际象棋 核心 宏伟 后 恢复 坚强 江 解放 局面 决策 开创 肯定 牢记 老 领导 路线 论述 马列主义 缅怀 民主 民主党派 排除 配合 期间 起到 强调 人士 深入 生动 时刻 实事求是 事情 视察 受到 思想 提出 同志 统一战线 统战 团结 无产阶级 无限 性质 一切 意见 赢得 优良 有力 早 泽民 增进 召开 政治 指出 指导 指示 制订 重要性 周年 周围 主持 主动 主观 资产阶级 总结 组成部分 组织 左 做出 作 作出 
---- Cluster id #2 ----
Size: 14
笔 典礼 洪水 侯 湖南省 家乡 捐款 捐赠 上学 网球 相声 幽默 赞助 资 
---- Cluster id #3 ----
Size: 16
大桥 记得 将军 老区 目光 南京 批示 失学 释放 托 为首 西安 希望工程 心 修 样子 
---- Cluster id #4 ----
Size: 95
包装 玻璃 采用 彩色 测试 插 地位 电视机 电子 独资 短 吨 辐射 服务业 港口 高档 高效 工艺 管制 光 含 化肥 化工 基因 机械 机组 激光 技术 计算机 加工 检验 接近 开发 空中 控股 连接 良种 码头 煤炭 摩托车 年产 农 农药 品种 普通 期货 千瓦 认证 容量 摄影 设备 生产 生产线 输 水电 水泥 饲料 塑料 隧道 天然 通信 同步 铜 外商 卫星 相关 新型 性能 药 药品 药物 医药 仪 仪器 以上 以下 应用 用 邮电 有机 原料 允许 运输 占 珍贵 纸 制品 制造 制作 中方 中药 主导 专用 装置 综合 
---- Cluster id #5 ----
Size: 20
多利 狗不理 广告 哈佛 假 据悉 科学家 客人 老板 理 门前 商标 实验 贴 为何 细胞 悬挂 羊 真 注册 
---- Cluster id #6 ----
Size: 26
本地 窗口 典型 对待 发掘 高尚 个别 功夫 环 可贵 门 模范 墙 全局 示范 推广 系统工程 先进 效应 兄弟 宣传 选 涌现 针对性 抓 准 
---- Cluster id #7 ----
Size: 27
云 邦国 布赫 长春 春云 大胆 代表团 地理 东北部 改制 光英 广东 贵鲜 海南 家宝 家华 菊 旅游 旅游业 农垦 庆林 上下 特区 铁映 吸引 下功夫 游客 
---- Cluster id #8 ----
Size: 76
Ｂ 安置 布局 产业 超过 沉重 存量 大型 大中型 带动 导向 第三产业 调整 放开 分流 扶持 富余 改组 搞活 根本性 鼓励 股份制 国有 含量 活力 机制 积累 计划经济 减员增效 结构 经贸委 经营 就业 困境 劳动力 力争 灵活 盲目 门路 纳入 扭亏 配套 配置 破产 企业 全方位 上岗 社会化 升级 失业 市场 妥善 吸纳 下岗 小 效益 行业 迅速 压力 用人 优化 优势 约束 战略性 政企 支撑 支柱 职工 职业 中介 专业化 转换 转向 转移 壮大 总量 
---- Cluster id #9 ----
Size: 84
安装 办案 办事 本人 表率 不正之风 不准 查处 出台 处分 单位 党风 党性 党员 党政 党政机关 电话 斗争 对策 遏制 反 防止 腐败 干部 公款 狠抓 会计 机 集资 纪检 纪律 纪委 监察 坚决 艰苦奋斗 减轻 健全 健行 紧密 纠正 考验 礼品 廉洁自律 廉政 领导班子 落实 蔓延 配备 评议 强化 清理 庆典 全会 容易 上级 奢侈浪费 实体 收费 土壤 外地 违规 违纪 尉 严格 严禁 一级 有序 娱乐 预防 源头 责任制 赠送 正气 制约 制止 抓好 追究 准则 着重 自 自觉性 综合治理 钻研 作风 
---- Cluster id #10 ----
Size: 15
表彰 长足 承办 对此 反腐倡廉 分类 沟通 黄河 技能 评选 热情 提案 辛勤 优秀 撰写 
---- Cluster id #11 ----
Size: 9
初中 高考 国家教委 考试 任职 书面 证书 中小学生 资格 
---- Cluster id #12 ----
Size: 30
差别 调动 动摇 非 富裕 公平 红旗 积极性 激发 极大 经济效益 井 看好 矿 量 迈进 煤 煤矿 倾斜 荣获 生机 效率 寻找 要素 隐患 优先 原来 运转 总书记 最佳 
---- Cluster id #13 ----
Size: 33
把 保卫 部队 称号 称赞 担负 导弹 锻炼 光荣 海军 解放军 空军 练 命名 年轻 全军 热潮 认清 师 使命 司令员 透 团 忘记 武警 训练 研制 院校 战斗力 中央军委 忠诚 装备 组建 
---- Cluster id #14 ----
Size: 39
边境 传递 磋商 等待 对抗 反应 访华 感 高级 公报 关系 华 回忆 会晤 柬埔寨 见面 罗马尼亚 蒙古 敏感 某种 日期 时机 实质 使馆 司长 苏 苏联 谈 谈话 推 外长 新任 愿意 越 越南 障碍 真实 正常化 着手 
---- Cluster id #15 ----
Size: 61
不错 不怕 尝 充满 多少 返回 覆盖 共和国 谷 过来 过去 合影 块 拉开 蓝 兰州 离 连 楼房 路上 棉花 牧民 那个 那里 年龄 农家 旁 片 飘 拼搏 葡萄 前来 上来 市区 数 岁月 天地 铁木尔・达瓦买提 位于 乌鲁木齐 响 辛苦 新疆 兴奋 匈牙利 选拔 阳光 一行 迎 迎接 迎来 犹如 油 远 扎 摘 招 这块 震 主人 坐 
---- Cluster id #16 ----
Size: 30
巴金 编 编辑 参观 传达 告 画 精 看出 刻苦 美术 深厚 书法 书画 提到 天安门 统战部 外出 文章 先生 信 页 以为 议长 有益 照顾 知名人士 中国画 忠实 著作 
---- Cluster id #17 ----
Size: 22
百富勤 查获 产业化 成果 到底 盗版 短短 港元 光盘 海关 集装箱 检测 科研 论文 满足 清华 缺少 推荐 系统 验收 转化 走私 
---- Cluster id #18 ----
Size: 31
遍 称为 搭 对付 跟 跟着 豪华 好像 红 花 荒山 劲 开 牡丹 哪 荣 声音 时节 死 踢 献给 香 像 小伙子 新年伊始 延安 也 意思 毅仁 这儿 正好 
---- Cluster id #19 ----
Size: 37
安排 编制 补贴 财力 财税 财政 采购 超 呈现 赤字 大于 得益 低于 地方 高于 关税 国内外 减免 减少 开支 弥补 其中 欠 确保 适度从紧 收入 收支 税收 税务 完成 相应 预算 元 增幅 征收 支出 专项 
---- Cluster id #20 ----
Size: 20
表面 冰 地球 发射 飞行 航天 火箭 疾病 理性 品质 期望 人们 生存 太空 外面 心理 心灵 月 月球 证实 
---- Cluster id #21 ----
Size: 21
阿 阿尔及利亚 大使馆 贺电 华侨 华人 建交 咖啡 南非 宁夏 其琛 钱 庆祝 社团 外交部长 问候 意 招待会 祝贺 祝愿 转达 
---- Cluster id #22 ----
Size: 34
本次 表决 参考 大会 大会堂 代表 代表性 当选 发言 呼声 会场 建议 居委会 来自 两会 名单 热烈 人选 神圣 提名 投票 委员 响起 心声 选出 选票 议案 酝酿 掌声 兆国 主持人 主席台 主席团 总数 
---- Cluster id #23 ----
Size: 13
奥地利 出国 饭店 放心 管理局 人次 商务 苏丹 探亲 卫生部 小麦 中医 中医药 
---- Cluster id #24 ----
Size: 43
报 称 大雪 地震 第一线 发生 房屋 防震 奋战 负责 家园 监测 减灾 救济 救灾 抗灾 抗震救灾 那曲 难关 抢险 人民政府 丧失 伤亡 受伤 特大 慰问 物资 县级 雪灾 医疗队 预报 预测 灾害 灾民 灾情 灾区 造成 张北 张家口 帐篷 重建 子弟兵 自救 
---- Cluster id #25 ----
Size: 24
变 城 打假 到位 店 防 工商局 活动 假货 假冒伪劣 联 热水器 实 实实在在 实事 投诉 退 无 信誉 引 有利 载体 扎扎实实 中宣部 
---- Cluster id #26 ----
Size: 34
表演 风格 歌舞团 个性 观看 观众 轰动 虎踞 话剧 京剧 剧目 剧院 迈向 上演 声 替代 舞 舞蹈 舞剧 舞台 喜爱 戏 戏剧 献身 形 形象 演 演出 演员 一流 艺术 艺术家 院 钟山 
---- Cluster id #27 ----
Size: 20
层 大海 电视剧 国旗 海 欢乐 佳节 街头 节日 平静 气氛 庆 深处 武术 喜庆 祥和 一派 愉快 之际 祝福 
---- Cluster id #28 ----
Size: 35
对象 犯 岗位 海信 集 角色 谨慎 境界 开阔 肯 领导者 陌生 清醒 权力 认识 甚 失败 事物 手中 头脑 脱离 外部 危险 一把手 意识 议论 勇于 员工 在于 知 主体 自己 自律 自我 走过 
---- Cluster id #29 ----
Size: 22
菜篮子 产销 产值 大中城市 短缺 副食品 工程 供应 核 核电站 基建 开工 连锁 流通 农业部 批发 肉 审计 水果 销 鱼 中期 
---- Cluster id #30 ----
Size: 20
发出 风 感觉 古老 光明 寒冷 火 家中 渴望 冷 美丽 那 如此 生命 添 温暖 温馨 喜欢 心情 怎样 
---- Cluster id #31 ----
Size: 24
办学 弊端 变革 部委 财经 陈旧 成人 高等 高等教育 高校 共建 互补 经济学 课 浪费 趋势 人文 设置 所属 通用 戏曲 型 学科 重复 
---- Cluster id #32 ----
Size: 54
百姓 报纸 杯 不见 不惜 不知 灿烂 此后 打下 大小 道 道理 端 赶来 钢琴 国家级 国企 海上 寒风 河 后者 借 颗 口 来临 利润 临 难 捧 漂亮 清晰 上任 剩下 世人 双手 说话 掏 天空 停 同事 同行 童 脱 微笑 喜 想法 小姐 性格 爷爷 衣服 艺术品 志成 珠江 总经理 
---- Cluster id #33 ----
Size: 39
报告 暴露 标准 别国 承认 持 从事 干涉 耕地 攻击 公认 公约 好处 抗议 冷战 例如 每周 美国 男女 其它 侵犯 侵略 人权 人数 事实上 所谓 他人 统计 外国人 限制 相同 消耗 研究会 预期 珍惜 执政 指责 周刊 自由 
---- Cluster id #34 ----
Size: 13
步 撤销 代理 电脑 防伪 股东 会员 交易 申报 属 提醒 营业部 指定 
---- Cluster id #35 ----
Size: 42
步骤 长远 潮流 大陆 大业 当局 分离 分裂 构想 海内外 海峡 和平 回应 加深 交流 警惕 两岸 领土 民众 企图 商谈 深远 世纪之交 势力 台湾 谈判 同胞 统一 完整 往来 务实 希望 现状 心愿 一国两制 愿望 赞同 主权 主张 状态 祖国 阻碍 
---- Cluster id #36 ----
Size: 87
爱护 榜样 宝贵 不顾 采访 彻底 崇高 促成 诞辰 诞生 典范 恩来 风范 复杂 工人阶级 公仆 官僚主义 怀念 坏 极端 坚定 艰难 接触 接收 杰出 尽 精力 镜头 久 老一辈 离开 历程 领导人 留下 每个 哪里 那样 那种 难忘 内外 内心 朋友 品格 平凡 前后 亲属 青 情 去世 全世界 热爱 人格 人群 善于 身 身边 身上 深情 视为 他 投身 挖掘 伟人 文化大革命 牺牲 细致 想象 心血 信念 业绩 一生 遗产 忧 遭到 战友 这样 真诚 政治家 知识分子 之一 直到 智慧 中华民族 周 卓越 最后 魅力 
---- Cluster id #37 ----
Size: 31
档次 掉 锭 纺织 分布 付出 工业 攻坚战 济南 截至 解困 净 举措 昆明 离退休 落后 契机 抢 敲 生产能力 淘汰 突破口 退出 陷入 压 压锭 压缩 沿海 增至 郑州 重组 
---- Cluster id #38 ----
Size: 22
比 比利时 波音 布鲁塞尔 差异 电厂 革新 建设性 看法 联邦 论坛 拟 年会 欧 欧盟 日内瓦 瑞士 世贸 西欧 亚 亚洲 岚清 
---- Cluster id #39 ----
Size: 25
拜年 颁奖 播出 层层 唱 登 电视台 风光 歌 歌声 歌舞 湖 节目 节奏 快乐 联欢 闹 年年 农历 屏幕 山 首 晚会 演唱 展现 
---- Cluster id #40 ----
Size: 21
大选 丹麦 党派 东盟 国大党 国王 回国 季 竞选 拉那烈 领先 人民党 席 席位 相似 选民 印 印度 阵线 政党 政局 
---- Cluster id #41 ----
Size: 34
白色 背 边防 产 长 大棚 恶劣 盖 高原 公斤 官兵 海拔 基地 结 军区 空白 林业 领 们 农场 培训班 摄氏度 蔬菜 挑 头 土 玉米 栽培 种植 种子 重 株 猪 足够 
---- Cluster id #42 ----
Size: 17
奥委会 奥运会 传播 大赛 大众 公益 健身 媒介 媒体 宁 企业界 赛事 水准 体委 体育 用品 与会者 
---- Cluster id #43 ----
Size: 46
楚政 床 电台 顶 冬 断 富 根 工地 好事 划 患 挤 建房 脚 进 举 可观 扣 啦 流 龙 冒 民兵 爬 彭 清 如同 双 似 躺 趟 痛苦 脱贫致富 湘西 乡亲 养猪 逾 咱 镇 阵阵 只见 州 仔细 自治州 足 
---- Cluster id #44 ----
Size: 31
白酒 北 吹 大气 东 厄尔尼诺 附近 海洋 喝 机动车 甲醇 交通 酒 暖 全球 热带 山西 伤 上空 事故 司机 死亡 太平洋 西 现场 现象 响应 责任 真相 中毒 撞 
---- Cluster id #45 ----
Size: 33
八一队 长沙 打 当中 队 队员 对手 国家队 国民党 击败 甲Ａ 教练 教练员 俱乐部 抗 篮球 辽宁队 男篮 迫害 奇迹 前线 球 球队 球员 赛季 烧 厅 万达队 武汉 徐州 遇 主教练 足球 
---- Cluster id #46 ----
Size: 22
爱心 差 打工 感动 艰辛 奖金 救助 捐 捐助 看见 母亲 那天 启动 陕西 她们 题写 现任 献 幸福 这么 资助 组委会 
---- Cluster id #47 ----
Size: 10
版 红色 刊登 马克思 名字 问世 宣言 研讨会 主编 作者 
---- Cluster id #48 ----
Size: 37
长城 春风 此时 大厅 东方 动 动人 歌剧 海口 惠芬 激情 间 讲述 乐观 乐团 联手 梦 描绘 评论 人间 手术 她 抬 天下 维也纳 县城 校园 演奏 一代 遗憾 意志 音乐 音乐会 圆 这时 重返 闵 
---- Cluster id #49 ----
Size: 40
被动 财富 场面 成长 到来 动力 发达国家 发展中国家 分为 改变 获取 机器 即 具备 科教兴国 科学技术 劳动者 论断 面临 难得 农科教 蓬勃 求 取决于 全球化 人工 人类 人力 软件 生物 实验室 显示 兴起 知识 知识经济 之上 指明 智力 注入 走向 
---- Cluster id #50 ----
Size: 32
承诺 承受 处罚 措施 等级 定价 罚款 服务 干预 各自 价格 紧急 经营者 没收 其他 权限 商家 商品 适用 属于 损害 提供 违法 销毁 消费者 行为 有关 责令 章 政府 指 遵守 
---- Cluster id #51 ----
Size: 26
波恩 冲突 村庄 大中 对话 恶化 分子 封锁 古巴 官方 呼吁 警察 局势 科索沃 恐怖 理事会 联络 南斯拉夫 内政 普里马科夫 谴责 声明 袭击 小组 新闻界 行人 
---- Cluster id #52 ----
Size: 41
贬值 不利 出口 储备 导致 东南亚 东亚 动荡 短期 兑换 风暴 韩国 汇率 货币 经常 竞争力 来华 流入 卢布 马来西亚 贸易 墨西哥 泡沫 人民币 顺差 苏哈托 泰国 投机 外汇 外贸 外债 外资 下降 信心 依赖 因素 印度尼西亚 印尼 援助 值 周边 
---- Cluster id #53 ----
Size: 34
保护 避孕 持续 出生 达标 动手 防治 各地 淮河 环保 环保局 环境 计划生育 接 紧 可 控制 力气 良性 流域 排放 人口 生态 水土 算 污染 下决心 削减 循环 治理 中南海 诸 抓紧 自然 
---- Cluster id #54 ----
Size: 19
冰雪 不幸 对方 份 画家 回来 寄 科普 栏目 两地 南极 你 念头 期刊 睡 望 颖超 永恒 致 
---- Cluster id #55 ----
Size: 14
传来 当做 得以 电信 华为 监控 具 墨 手机 突尼斯 突破 营销 中间 崛起 
---- Cluster id #56 ----
Size: 149
啊 爱 吧 搬 被告 本领 编者 病 伯伯 不行 成 吃饭 出 出来 穿 错 答应 大家 大姐 带 当 到 得 等 东西 顿 翻 房子 飞 分钟 夫妇 夫妻 父亲 干 赶到 感到 感情 告别 告诉 给 故居 话 怀 还有 回到 回去 活 记忆 家里 见 叫 接到 句 觉得 开会 看 看看 来到 老人 里 脸 了 留 落 吗 买 忙 没 没有 拿 那么 那时 那些 奶奶 呢 你们 您 弄 女士 气 前 情景 请 去 全家 让 人 日子 上班 上面 少奇 身体 深切 师傅 时 时候 什么 事 收 手 说 思念 送礼 岁 他们 天 听 听到 听说 同学 突然 玩 完 忘 位 我 下来 显得 想 想到 想起 笑 些 新村 心里 心中 呀 眼 眼睛 一家 一起 意外 印象 在 怎么 丈夫 找 找到 照 照片 这里 挣 知道 之后 住 装 子女 字 做 
---- Cluster id #57 ----
Size: 60
爆发 参与 策划 长征 朝鲜 持久 担任 到达 德 抵制 独立自主 夺取 风采 革命家 国防 红军 后勤 家具 结成 进攻 经济基础 军 军队 军事 军委 抗日战争 抗战 毛 篇 迫使 清除 秋 人民军队 生涯 胜利 时期 文选 我党 我军 武装 伍 消极 协助 修权 早期 泽东 占领 战场 战斗 战术 战役 战争 争取 指挥 致力 重任 著名 总参谋长 总政治部 作战 
---- Cluster id #58 ----
Size: 21
报名 冰箱 成都 创办 电器 动作 发起 果断 竞赛 科龙 论证 迁 青岛 台 听众 同样 稳 意味着 征文 志愿 帷幕 
---- Cluster id #59 ----
Size: 37
毕业生 编写 代 风气 该校 高度 怀着 基金会 教材 教师 教学 教育 课程 课堂 老师 留学生 面向 年级 培养 普及 人才 人事 人事部 什么样 素质 西南 小学 新加坡 学生 学校 眼光 赞成 战线 招生 中等 中小学 着 
---- Cluster id #60 ----
Size: 35
比索 传真 创 点 跌 兑 菲 菲律宾 估计 股市 汉城 缓 缓慢 黄金 回升 拉美 利比亚 伦敦 马尼拉 曼谷 美元 纽约 欧佩克 破 收盘 通货膨胀率 桶 委内瑞拉 下跌 雅加达 印尼盾 盈余 原油 指数 至 
---- Cluster id #61 ----
Size: 10
波黑 军人 科 科特迪瓦 美军 塞 塞拉利昂 水稻 维和 西非 
---- Cluster id #62 ----
Size: 47
安 办事处 薄 策略 春 春耕 党组织 敌人 底 动员 发动 根据地 共产党员 毁 汇 机关干部 艰苦 节省 借助 军民 开办 开辟 堪称 抗日 累 留给 率领 每人 民 命令 耐心 情绪 日报 填 顽强 维持 下乡 雄厚 严峻 应付 踊跃 勇敢 运动 掌握 政权 驻军 子文 
---- Cluster id #63 ----
Size: 24
仓库 大地 大连 大树 感人 歌曲 国土 汗水 棵 留学 绿 绿化 绿色 平安 青少年 全民 树 西北 优美 栽 造福 造林 占地 植树 
---- Cluster id #64 ----
Size: 25
保 处 灌溉 节水 抗旱 来源 劳务 立方米 龙头 面积 农户 农民 拍卖 平原 全县 山区 谁 水 水库 水利 水源 水资源 小型 兴建 原有 
---- Cluster id #65 ----
Size: 28
答 大户 担 发行 方便 分散 风险 股票 挂牌 回报 基金 简称 交易所 开设 联网 买卖 区别 上市 深圳 投资 投资者 问 运作 账户 证监会 证券 只 只能 
---- Cluster id #66 ----
Size: 28
本质 比如 变为 超越 成分 初级阶段 处在 发达 非公有制 纲领 公有制 共产主义 归 艰苦创业 阶段 谋 判断 贫穷 清楚 生产力 手里 私人 土地 消除 消灭 种种 资本主义 自力更生 
---- Cluster id #67 ----
Size: 92
倍 拨 拨款 部 藏 场所 出版 处于 传 达 大家庭 当地 得出 儿童 佛教 各类 公民 共有 固定 汉 继 价 监狱 建成 交付 教 今 近年来 经 经典 景象 境内 旧 课题 拉萨 累计 列为 流行 论 每 免费 民间 民族 内地 年代 年均 平方米 瓶 普查 区域 权利 全国性 全区 人均 少数民族 设有 省市 使用 世 事务 首要 受灾 所 特殊 文字 西藏 习惯 现有 享有 信仰 修复 学术 严寒 拥有 语言 原始 遭受 占有 整理 政 支援 之下 中部 中央政府 状况 自治 自治区 自主 宗教 罪犯 尊重 座 
---- Cluster id #68 ----
Size: 22
博览会 创汇 服装 附加值 高中 合 黑 技巧 奖 揭晓 气息 桥 桥梁 全新 融入 色彩 设计 设计师 水浒传 同类 显 一等奖 
---- Cluster id #69 ----
Size: 37
彩电 朝 创业 地处 电视 对 发 分工 公里 广 沪 画面 货物 津 京 九 卡 开通 客车 客运 快速 厘米 列车 每天 模拟 取代 石家庄 数字 提 图 图像 网 为主 线 小时 信号 运行 
---- Cluster id #70 ----
Size: 11
此事 大楼 待遇 关怀 评估 亲 外国 致以 珠海 专家 咨询 
---- Cluster id #71 ----
Size: 29
比重 产权 创新 促 单一 该市 赶 工 股份合作制 集体经济 江苏 科技 科技界 利税 盘活 前沿 融合 生命力 所有制 台阶 挑战 脱颖而出 乡村 乡镇企业 兴办 迅猛 有限 中小企业 总产值 
---- Cluster id #72 ----
Size: 27
爱尔兰 北爱 北约 波罗的海 布莱尔 倡议 成员国 德国 非法 国务 警方 科尔 扩 马克 南北 难民 欧洲 首脑 守 土耳其 西班牙 希腊 宪章 意大利 引人注目 英国 载 
---- Cluster id #73 ----
Size: 23
操作 此次 倒闭 发现 分行 该 该行 关闭 国民 监管 教训 经过 巨额 空气 内部 事件 首席 松 损失 违章 未能 无法 业务 
---- Cluster id #74 ----
Size: 30
爱国主义 抵御 感染 革命 工会 工作者 规划 记录 纪念 纪念馆 建筑 精品 经费 刊物 烈士 民政部 抢救 散 社会效益 师生 收藏 特有 贴近 统筹 维修 文化部 文物 文献 责任感 庄严 
---- Cluster id #75 ----
Size: 26
不够 倡导 创建 道德 光彩 激励 讲 精神文明 可喜 理想 礼貌 利 美德 群众性 人人 双拥 提倡 文明 吸取 掀起 新风 修养 有待 有助于 职业道德 治 
---- Cluster id #76 ----
Size: 82
Ｄ 巴基斯坦 半岛 贝宁 彼此 乘 大臣 大使 抵 抵达 定期 多极化 俄 俄罗斯 访 访问 夫人 感谢 高层 高兴 国 荷 荷兰 合作 互访 互利 欢迎 会谈 伙伴 交换 介绍 经贸 来访 琳 领域 隆重 卢森堡 莫 莫桑比克 莫斯科 陪同 鹏 频繁 期待 签署 签字 潜力 切尔诺梅尔金 亲切 摄 首相 双边 双方 探讨 外交部 外经贸部 为期 相互 相信 协定 协作 谢里夫 新华 信任 也门 叶利钦 一致 仪式 应邀 有着 友好 友协 友谊 圆满 愿 赞赏 正式 驻 驻华 卓有成效 总局 总理 
---- Cluster id #77 ----
Size: 14
巴黎 大街 繁华 防火 公顷 火灾 教堂 罗马 美好 森林 室内 消防 夜 这家 
---- Cluster id #78 ----
Size: 38
办公 不便 差距 长江 出租车 都市 更新 广场 交给 禁止 竣工 库区 老百姓 面貌 民心 民营 难题 起步 前所未有 全市 人心 三峡 上游 市民 市政府 思路 新闻 修建 移民 召集 振奋 振兴 之内 直辖市 指挥部 重庆 重庆市 主 
---- Cluster id #79 ----
Size: 24
北部 北风 大雨 东部 华北 华南 黄淮 级 江淮 江南 局部 冷空气 南部 偏 气温 气象 气象台 弱 天气 小到中雨 雪 移 雨 预计 
---- Cluster id #80 ----
Size: 35
病人 处长 广西 海南省 合肥 河北省 河南省 患者 急 江苏省 剧团 科教 科委 科协 内蒙古 农科院 青海 三下乡 山东省 山西省 陕西省 社长 太原 通道 图书馆 团长 县长 宣传部 医学 医院 云南省 浙江省 治疗 住院 自治县 
---- Cluster id #81 ----
Size: 26
北大 补 册 场地 出版社 出版物 丛书 灯 读 读书 杜绝 加拿大 加元 精美 临近 另外 鲁迅 旅 鸣 浓 日记 视 书 书店 书籍 图书 
---- Cluster id #82 ----
Size: 87
保持 产量 城乡 城镇 充足 达到 调控 对外贸易 防范 分开 丰富多彩 丰收 改善 干旱 高产 高速公路 高新技术 搞好 固定资产 广播 国民经济 国内 合理 宏观 化解 基本建设 机电 计划 继续 加大 加快 交接 节约 进口 进展 经济社会 境外 居民 快 力度 粮食 零售 能源 农副产品 农田 农业 培育 平稳 浦东 清洁 全年 融资 深化 生产资料 生产总值 失业率 势头 适度 适时 试点 收成 收购 态势 投产 投入 投向 稳妥 稳中求进 项目 消费品 新增 养老 以内 预定 原材料 增产 增长 增长点 增长率 增加 增添 债务 整治 中西部 着力 资本金 总额 
---- Cluster id #83 ----
Size: 82
澳 闭幕 必然 参政议政 草原 茶话会 阐述 出访 出席 次 地 调查 调研 对外 发表 反映 风貌 服从 赴 甘肃 纲要 稿 各界 光亚 规范化 国权 好评 华清 会议 活跃 讲话 交往 锦涛 举行 开幕 开拓 看望 考察 列入 鲁丽 履行 率 强有力 乔 侨胞 全体 日程 入手 瑞典 瑞环 石 讨论 题 通过 团体 拓展 伟长 协商 新鲜 选平 研讨 演讲 邀请 议程 议题 迎春 与会 展望 章程 正英 政协 职能 制度化 智利 驻地 专题 姿态 组 座谈 座谈会 孚凌 F基 
---- Cluster id #84 ----
Size: 30
包 波 菜 吃 大学生 倒 懂得 堆 儿女 儿子 饭 父母 隔 故事 故乡 官 孩子 回 回家 家长 饺子 空 妈妈 女儿 啤酒 普通话 尚 少年 汤 碗 
---- Cluster id #85 ----
Size: 46
澳大利亚 本届 比赛 冰球 参赛 长野 成绩 出色 冬奥会 夺 夺得 分 冠军 滑 滑雪 获得 角逐 金牌 锦标赛 决赛 米 秒 名将 名列 男子 难度 女子 挪威 乒乓球 轻松 赛 赛场 上届 射击 世界杯 世界纪录 速滑 跳 选手 亚军 银 游泳 运动员 中国队 妍 缪 
---- Cluster id #86 ----
Size: 48
百分点 比例 拆借 筹资 存 存款 贷款 担保 发放 法定 法人 幅度 负债 工具 挂钩 合并 机构 降低 金融 金融业 考核 客户 理顺 利率 利于 名义 哪些 取消 商品房 商业 收回 投放 下调 现行 限额 信贷 信用 行长 一般 银行 银行业 用于 有利于 这次 政策性 准备金 准备金率 资金 
---- Cluster id #87 ----
Size: 43
安徽 安徽省 编者按 财务 从业 村 村干部 村里 村民 村委会 村务公开 大事 党支部 电价 该厂 干群 高低 供电 公开 河北 怀疑 基层 降 交 郊区 困扰 乱 满意 明白 农村 盼 前面 全省 上访 说法 推行 西部 县里 乡 乡镇 这项 阵地 整顿 
---- Cluster id #88 ----
Size: 152
白 柏林 毕 蔡 藏族 曹 朝鲜族 陈 程 迟 川 崔 戴 单 丁 董 杜 范 方 费 冯 傅 刚 高 葛 龚 古 顾 关 管 郭 韩 浩田 何 贺 洪 胡 虎 华夏 黄 回族 霍 贾 健 建华 姜 蒋 杰 金 锦华 晋 俊 康 克 孔 兰 李 力 梁 亮 廖 林 刘 柳 楼 卢 鲁 路 陆 吕 罗 马 满族 梅 蒙古族 孟 苗 苗族 敏 明 名 聂 牛 女 潘 平 齐 秦 曲 全有 群 邵 申 沈 施 史 舒 宋 孙 谭 唐 涛 陶 田 土家族 万 万年 汪 王 韦 维吾尔族 伟 魏 温 文 闻 吴 夏 向 肖 谢 熊 徐 许 薛 严 阎 杨 扬 姚 叶 易 毅 尹 勇 游 于 余 俞 袁 跃 云 曾 张 赵 郑 志 钟 朱 祝 壮族 邹 
---- Cluster id #89 ----
Size: 29
安全 标志 不得 地面 地下 电力 发电 个人 奖励 距离 跨越 扩建 垃圾 器材 任何 如下 设施 生长 施工 所在 条例 物品 线路 新建 延伸 移动 应 植物 作业 
---- Cluster id #90 ----
Size: 16
车辆 公园 后面 轿车 净化 辆 麻烦 门口 跑 汽车 入 啥 随意 小事 游人 自行车 
---- Cluster id #91 ----
Size: 80
案件 颁布 暴力 爆炸 财产 呈 惩处 承包 打击 当事人 递增 调节 毒品 队伍 发明 发票 法官 法院 犯罪分子 方略 房地产 干警 干扰 公正 够 航运 合法 合同 贿赂 家庭 加重 件 建新 解释 金额 禁毒 纠纷 可靠 劳动 类 类型 流失 迈 每年 民事 宁波 判处 赔偿 平均 破坏 抢劫 权益 人民法院 上升 涉及 审理 审判 售 数额 司法 诉讼 危害 维护 效果 严打 严厉 严肃 严重 增大 增多 知识产权 执行 致使 制 秩序 治安 中级 宗旨 租赁 最高 
---- Cluster id #92 ----
Size: 40
班子 帮扶 不如 残疾人 纯收入 带领 地上 对口 扶 扶贫 妇联 攻坚 户 鸡 建 江西省 经济林 靠 立足 路子 怕 贫困 贫困户 贫困县 启示 穷 全村 省区 受益 特困 特困户 通 投 脱贫 温饱 物 县 县政府 养殖 致富 
---- Cluster id #93 ----
Size: 50
表现 长工 创作 带有 导演 电影 独特 多样化 反响 氛围 改编 关根 话题 获奖 激动 揭示 景观 可能性 老虎 灵魂 描写 某 拍 拍摄 情感 圈 热闹 散文 少儿 深 深度 收获 熟悉 思考 思维 题材 文学 洗 现实 现实主义 小说 写 写作 新兴 影片 影视 诱惑 尊严 作家 作品 
---- Cluster id #94 ----
Size: 97
阿拉伯 阿盟 阿齐兹 埃及 安理会 安南 奥尔布赖特 巴格达 白宫 抱 报道 备忘录 本报 避免 表示 波兰 常任 常驻 此间 达成 打算 大规模 担心 地点 电 调解 动武 动用 发布会 发言人 法国 反对 否认 符 各方 关切 国防部长 国务卿 果 海湾 号 核查 获悉 记者 加紧 接受 结束 解除 紧张 警告 救援 拒绝 决议 科恩 科威特 理事国 立场 联合国 连日来 美 美联社 穆巴拉克 派出 前往 萨达姆 食品 态度 特使 特委会 通报 透露 途径 推迟 外交 外交大臣 威胁 危机 斡旋 武力 武器 希拉克 协议 新华社 行 行动 寻求 伊 伊拉克 英 约旦 之前 旨在 制裁 重申 准备 总统 总统府 
---- Cluster id #95 ----
Size: 11
笔者 度过 法案 非洲 纷纷 过 过年 好转 粮 缺 沙漠 
---- Cluster id #96 ----
Size: 20
巴西 本身 侧面 超出 单纯 对立 规律 忽视 见解 讲究 里面 内在 能否 使得 双重 塑造 腿 文艺 专利 自觉 
---- Cluster id #97 ----
Size: 18
便宜 乘客 闯 打电话 大厦 敢 高峰 航班 航线 解放思想 票 签 确实 试 停留 享受 优惠 折 
---- Cluster id #98 ----
Size: 24
病毒 传输 多媒体 封 海外 焦点 来信 偶然 权威 人民日报 上网 深感 时报 推出 网络 网上 消息 写道 信息 因特网 阅读 中文 专栏 最新 
---- Cluster id #99 ----
Size: 12
报刊 炒 传媒 贵 花园 立 明星 名人 时尚 武汉市 星 艺术团 
---- Cluster id #100 ----
Size: 84
澳门 补充 草案 常委会 常务 长官 程序 惩治 充实 筹备 代表大会 督促 法 法规 法律 法制 法治 赋予 改进 共计 规范 规则 规章制度 国家机关 候选人 划分 换届 汇报 基本法 季度 纪云 监督 检查 接待 借鉴 决定 框架 老年人 立法 力求 每次 难点 起草 全国 人大 人大代表 人民 任命 任期 日常 设立 审议 实施 实效 市场经济 授权 特别 提请 听取 委托 委员会 宪法 香港 信访 行使 行政 行政区 修订 修改 选举 依据 议会 灾 征求 正当 职权 职责 执法 制定 治国 中华人民共和国 专门 组成 遵循 
---- Cluster id #101 ----
Size: 71
阿根廷 包袱 边界 表 尝试 成本 筹集 初步 出于 大 大庆 等于 动态 多元化 飞机 功能 公司 规模 航空 衡量 机场 机会 集团 集团公司 家 架 兼并 简单 进出口 进入 看来 可能 跨 宽 亏损 扩展 扩张 蓝天 浪潮 联合 连续 垄断 民航 纽带 排 排名 评 其 强 实力 世界 收益 数据 数量 速度 下属 限度 销售 销售额 行列 一样 盈利 油田 杂志 真正 政府部门 值得 追求 资产 总部 组合 
---- Cluster id #102 ----
Size: 8
不好 词 大师 老伴 乐 年轻人 数学 中科院 
---- Cluster id #103 ----
Size: 23
败 本轮 比分 场 夺冠 负 河南 精彩 居 联赛 轮 男排 女排 排球 强劲 升 胜 四川 位置 战 浙江 支 主场 
---- Cluster id #104 ----
Size: 41
北方 奔 边 草 草地 车站 出去 春运 该县 攻关 公路 贵州 火车 纪录 江西 开发区 昆 列 临时 旅客 亩 南 南昌 南方 人均收入 认可 神 试验 售票 踏 铁道部 铁路 拖 细 畜 畜牧业 沿线 养 涌 运 增收 
---- Cluster id #105 ----
Size: 63
颁发 办法 保留 本 部门 采矿 采矿权 出资 储量 登记 地质 发布 范围 供 公告 构成 管理 国务院 会同 减 缴纳 开采 勘查 勘探 款 矿产 领取 免 名称 内 年度 批准 平方公里 起 签订 情节 日 申请 审批 石油 手续 探矿权 特定 提交 天然气 条 停止 违反 文件 限期 许可证 延续 以外 义务 予以 原 暂行 招标 主管 转让 资料 资源 最低 
---- Cluster id #106 ----
Size: 28
并非 出售 抵押 房 分配 福利 工资 股 股份 角 教职工 例 每月 派 配 商厦 实物 市场化 税 送 消费 小区 需 增 住房 住宅 转 租 
---- Cluster id #107 ----
Size: 43
步入 出路 刺激 促使 代价 低 放松 高速 供给 供求 过度 后果 缓解 回落 加剧 买方 农产品 徘徊 膨胀 平衡 趋 热 上去 上涨 停产 通货膨胀 通胀 统计局 物价 下滑 显然 相反 需求 虚假 依然 抑制 引发 原因 涨幅 正 正常 诸如 总 
---- Cluster id #108 ----
Size: 18
爱好者 背后 此举 岛 定位 丢 购 购物 据说 开业 枚 民工 商 商场 商店 输出 同 邮票 
---- Cluster id #109 ----
Size: 34
保存 拆 常州 城区 城市 雕塑 风景 福州 公共 杭州 街 街道 聚集 空间 类似 模式 哪个 南宁 南宁市 内涵 培训 品位 铺 热线 三角洲 深受 市中心 挖 外来 文化 务工青年 校 营造 主题 
---- Cluster id #110 ----
Size: 32
阿拉法特 巴 巴勒斯坦 撤军 辞职 打破 方案 分歧 妇女 和谈 华盛顿 进程 克林顿 库克 黎 黎巴嫩 内阁 内塔尼亚胡 女性 前夕 设想 士兵 西岸 叙利亚 宣布 耶路撒冷 以 以色列 犹太人 约旦河 直升机 中东 
---- Cluster id #111 ----
Size: 12
付 购买 国债 计 计算 利息 满 年利率 凭证式 提前 提问 营业 
---- Cluster id #112 ----
Size: 19
办理 保值 不满 财政部 持有 储蓄 到期 兑付 公布 加 节 结算 期 上门 事宜 网点 邮政 债券 支付 
---- Cluster id #113 ----
Size: 27
报警 冲 歹徒 刀 过硬 喊 呼唤 记 交警 连队 脸上 玲 民警 幕 派出所 评为 青春 邱 授予 停车 围 鲜花 现金 英雄 赞扬 支队 抓获 
---- Cluster id #114 ----
Size: 23
班 伴随 锋 奉献 幅 感受 孤儿 姑娘 号召 弘扬 换 雷 某部 亲人 人生 社 事迹 送给 题词 新人 学 再现 展出 
---- Cluster id #115 ----
Size: 21
筹措 船 船舶 订 岗 骨干 和谐 花钱 建造 接轨 开罗 起点 人家 艘 缩短 相比 消化 引进 造 周期 总公司 
---- Cluster id #116 ----
Size: 17
班长 兵 翻译 汉语 贺卡 军营 难免 浓郁 其余 生日 武 象征 休息 学会 彝族 战士 中队 
---- Cluster id #117 ----
Size: 30
大道 懂 读者 封闭 风情 富有 古典 汉年 解 凝聚 批评 缺乏 审美 失去 诗 诗歌 诗人 视野 思 鲜明 欣赏 严谨 言 营养 右 誉为 崭新 者 这部 之 
---- Cluster id #118 ----
Size: 21
保健 保险 不良 此前 大藏省 东京 费用 官员 国会 回收 披露 桥本 日本 日元 社区 卫生 血 医疗 医生 债权 职员 
---- Cluster id #119 ----
Size: 67
案 材料 查办 待 逮捕 罚 法庭 犯罪 公安 公安部 管辖 规定 会见 机关 检察 检察院 鉴定 结论 居住 举报 可以 理由 立案 律师 秘密 判决 聘请 期限 起诉 轻 请求 取 权 认定 上述 涉嫌 审查 省级 事实 是否 收到 收集 收取 受理 说明 思卿 随 贪污 提起 通知 同意 为由 嫌疑人 线索 刑法 刑事 刑事诉讼法 姓名 延长 应当 在场 侦查 证据 证明 职务 罪 渎职 
---- Cluster id #120 ----
Size: 32
背景 变动 变化 度 该书 概念 观点 邯钢 毫米 合资 价值 价值观 驾驭 角度 阶层 另 流动 气候 群体 认为 身份 私营 太阳 特征 同一 有人 运营 增值 真理 之外 种 资本 
---- Cluster id #121 ----
Size: 29
本国 大国 动物 动物园 独联体 各国 哈 吉 联盟 谋求 倾向 渗透 试图 它们 条约 乌 乌克兰 西方 削弱 演习 野生 一体化 伊朗 伊斯兰 油气 元首 争 争夺 中亚 
---- Cluster id #122 ----
Size: 328
Ａ 安定 把握 摆 摆脱 办 包括 薄弱 保障 保证 必要 表明 不同 不懈 不足 步伐 部分 采取 层次 产生 长期 成功 成就 成为 成效 程度 承担 充分 出发 出现 处理 传统 创造 此 促进 存在 带来 得到 地区 定 独立 对外开放 多 发挥 发展 繁荣 繁重 方法 方面 方式 方向 方针 放 放弃 放在 分析 丰富 风波 符合 负担 附 改革 改造 敢于 高举 搞 格局 个 各个 各级 各位 各项 各种 各族 给予 根本 公务员 共同 鼓舞 关键 关注 观念 贯彻 广大 广泛 广阔 轨道 国际 国家 国情 过程 过渡 好 环节 回顾 回归 会 混乱 基本 基础 机遇 积极 集中 及时 加强 加速 加以 坚持 坚持不懈 坚定不移 坚实 肩负 艰巨 健康 建立 建设 结果 结合 解决 进步 进行 近 精简 精神 精心 经济 经验 举办 举世瞩目 巨大 具体 具有 决心 开放 开始 开拓进取 开展 看待 看到 考虑 克服 客观 困难 扩大 来 牢固 理解 利益 利用 力量 联系 良好 了解 迈出 矛盾 密切 面对 面前 明确 明显 末 某些 目标 目的 内容 能 能够 能力 年 凝聚力 努力 庞大 批 平等 迫切 普遍 起来 千方百计 前景 前提 强大 强烈 切实 情况 渠道 取得 全 全面 全心全意 确定 群众 热点 人员 任务 认真 如 如何 上 少 社会 社会主义 深刻 生活 失误 十五大 时间 实际 实现 实行 使 世纪 事业 是 适当 适合 适应 手段 树立 水平 顺利 缩小 所有 探索 特点 提高 体会 体系 体现 体制 条件 同时 突出 图片 推动 推进 推向 拓宽 完全 完善 围绕 为 稳定 问题 我国 我们 物质 物质文明 吸收 下 下去 显著 现代化 项 小康 协调 新 形成 形式 形势 需要 选择 学者 研究 要 要求 一定 依靠 以来 意义 意愿 因地制宜 引导 引起 应该 应有 影响 硬 有 有的 有所 有效 有些 舆论 遇到 原则 运用 增强 扎实 展开 战略 这 这些 这种 整个 整体 正确 政策 支持 之间 之中 直接 指引 至关重要 制度 中 中外 中心 重大 重点 重视 重要 主要 注意 注重 抓住 转变 准确 着眼 自身 自愿 综合国力 总体 走 做到 做法 做好 作为 作用 
---- Cluster id #123 ----
Size: 25
ＶＣＤ 包含 产品 厂家 抽查 份额 国产 国外 合格 激烈 家电 降价 竞争 名牌 牌 品牌 推销 兴 用户 优 优质 占据 知名 质量 最终 
---- Cluster id #124 ----
Size: 40
查 长期以来 厂 厂长 串 此案 大队 工厂 功 公安局 罕见 辉煌 急需 佳 家人 金钱 苦 劳动模范 令 漏洞 妻子 企业家 荣誉 设 盛 时健 受贿 退休 外 心态 巡警 烟 云龙 云南 运河 账 赚 追 总裁 褚 
---- Cluster id #125 ----
Size: 32
宾馆 档案 得知 调 感慨 钢铁 工人 攻 后人 家属 交谈 接见 结婚 惊人 敬爱 空前 历时 倾听 全场 铁 晚 文革 屋 详细 询问 冶金 真情 直至 值班 指标 自豪 走访 
---- Cluster id #126 ----
Size: 144
办公室 办公厅 北京 北京大学 北京市 毕业 博士 部长 参加 常委 常务委员 车间 成员 冲击 出任 大学 党委 党校 党组 地委 东北 董事长 队长 分局 福建 福建省 副 干事 港 工程师 工商 工商联 工业部 工作组 共青团 顾问 广东省 广州 国防部 国务委员 哈尔滨 汉族 黑龙江 黑龙江省 红十字会 湖北 湖北省 湖南 化学 会长 获 吉林 吉林省 计委 加入 兼 检察长 教授 届 经理 局 局长 军分区 科长 科学院 联合会 辽宁 辽宁省 秘书 秘书长 民革 民主党 名誉 男 其间 清华大学 区 任 山东 上海 上海市 上将 沈阳 生 省 省长 省委 省政府 实业 市 市长 市委 受 书记 书记处 水利部 四川省 所长 天津 天津市 铁路局 外事 委员长 系 厦门 县委 相当 校长 协会 学位 学习 学员 学院 研究生 研究室 研究所 研究员 研究院 业余 议员 有限公司 院长 院士 政法 政委 政治部 政治局 职 中共 中共中央 中华 中学 中央 中央委员 主任 主任委员 主席 助理 专业 总队 总工会 总会 组长 组织部 
---- Cluster id #127 ----
Size: 17
博物馆 大门 公众 还 京城 女工 齐全 失 首都 喜悦 兴趣 一体 依旧 忧虑 展 展览 展示 
---- Cluster id #128 ----
Size: 78
比较 变成 表达 别的 不可 成熟 创立 创造性 错误 打开 道路 邓 邓小平理论 地域 飞跃 否定 富强 概括 高潮 共产党人 共识 观察 还要 回答 集体 继承 建国 阶级 经历 经受 救 卷 科学 口号 理论 历史 历史性 领会 领袖 马克思主义 毛泽东思想 面 命运 评价 旗帜 前进 前列 前途 全党 确立 确认 人物 三中全会 十四大 时代 实践 逝世 它 套 特色 唯一 为什么 伟大 系列 向前 小平 以后 以前 拥护 勇气 原理 造就 哲学 这个 正是 郑重 中国 中山 
---- Cluster id #129 ----
Size: 26
斌 常 段 番 房间 获胜 开幕式 可谓 克隆 磊 名人战 盘 棋 棋手 取胜 深圳市 通讯 围棋 讯 赢 预赛 遭 战胜 主办 子 昊 
---- Cluster id #130 ----
Size: 29
帮 帮助 别人 长途 车 服务队 个体 顾客 挂 柜台 互助 火车站 货 季节 姐妹 拉 卖 牌子 青年 热心 生意 实用 司 挑选 团中央 依托 站 志愿者 助 
