---- Cluster id #1 ----
Size: 33
北爱 博览会 传销 船 船舶 创汇 大桥 订 服装 高中 骨干 国际象棋 揭晓 接轨 具 欧佩克 配 起点 气息 桥 桥梁 全新 塞拉利昂 设计 设计师 时尚 缩短 同类 舞剧 一等奖 月球 造 周期 
---- Cluster id #2 ----
Size: 37
白酒 查获 尝 城 打假 到位 店 防 工商 工商局 狗不理 好转 甲醇 假 假货 假冒伪劣 酒 局 老板 门前 前后 热水器 山西 商标 实 实实在在 售 贴 为何 无 悬挂 真 制 中毒 种子 注册 抓获 
---- Cluster id #3 ----
Size: 19
北约 波罗的海 布莱尔 大国 党建 东 华侨 华人 扩 年会 欧洲 社团 首脑 守 团体 西班牙 宪章 匈牙利 引人注目 
---- Cluster id #4 ----
Size: 23
变革 标准 冰箱 常州 当做 电器 定 分析 阶级 经典 科龙 论证 宁 偶然 评价 迁 倾向 人物 台 意味着 营造 原理 著作 
---- Cluster id #5 ----
Size: 22
爱 伯伯 采访 大街 房子 国王 坏 讲述 禁止 灵魂 拍 情 热爱 人格 身上 新闻 眼睛 舆论 职业道德 中宣部 最终 魅力 
---- Cluster id #6 ----
Size: 64
阿盟 埃及 奥尔布赖特 抱 避免 编辑 出访 打算 大规模 担心 地点 动武 动用 发布会 发出 法国 否认 关切 国防部长 国务卿 果 海湾 号 后果 加紧 结束 紧张 警告 局势 拒绝 据说 开罗 科恩 科威特 立场 罗马 美 美国 美联社 穆巴拉克 普里马科夫 情绪 萨达姆 艘 态度 特使 途径 土耳其 外交 威胁 危机 为首 斡旋 武力 袭击 伊 伊拉克 伊朗 英 英国 制裁 诸如 准备 最新 
---- Cluster id #7 ----
Size: 27
保 传来 大雪 抵 第一线 寒冷 黑 捐赠 抗灾 肯 连日来 脸 粮 路 牧民 那曲 飘 烧 手 特大 兄弟 雪灾 一家 衣服 运 灾情 自救 
---- Cluster id #8 ----
Size: 25
北大 本届 册 场地 出版社 出版物 传媒 丛书 读 加拿大 精美 临近 另外 民营 鸣 名人 品位 书 书店 书籍 图书 网上 问世 相似 阅读 
---- Cluster id #9 ----
Size: 62
安装 本人 宾馆 不准 查处 处分 党风 党性 党员 党政机关 斗争 对策 遏制 反 腐败 功 公款 会计 机 集资 纪检 纪律 纪委 监察 健行 金钱 考验 礼品 廉洁自律 廉政 漏洞 蔓延 配备 评议 清理 庆典 权力 全会 上级 奢侈浪费 审计 时健 实体 受贿 土壤 外 外地 违法 违反 违纪 尉 烟 严禁 源头 赠送 账 制止 追究 准则 自 钻研 褚 
---- Cluster id #10 ----
Size: 47
安 办事处 薄 策略 出任 春耕 党组织 敌人 抵制 底 动员 发动 翻译 根据地 共产党员 汇 借助 军民 开办 开辟 堪称 抗日 抗战 兰州 留给 率领 民 耐心 日报 退 顽强 维持 我党 伍 雄厚 修权 严峻 应付 勇敢 战场 战斗 战役 掌握 政权 驻军 撰写 子文 
---- Cluster id #11 ----
Size: 20
比如 出来 发射 风光 感情 高低 航天 画 画家 火箭 空间 美术 女性 拼搏 生命 卫星 型 研制 中国画 自然 
---- Cluster id #12 ----
Size: 21
处 窗口 灌溉 节水 立方米 拍卖 盘活 齐全 全县 山区 示范 书画 谁 水 水利 水资源 小型 兴建 验收 一派 原有 
---- Cluster id #13 ----
Size: 12
阿 阿尔及利亚 阿拉伯 村庄 分子 妇女 恐怖 理事会 谴责 突尼斯 伊斯兰 致以 
---- Cluster id #14 ----
Size: 38
表现 沉重 创作 独特 多样化 氛围 话题 获奖 揭示 景观 刊物 可喜 栏目 冷 期待 期刊 情感 秋 人生 散文 深 时代 试图 收获 思考 题材 痛苦 显 显示 现实 现实主义 展示 争 专栏 姿态 尊严 作品 作者 
---- Cluster id #15 ----
Size: 26
澳 澳门 颁布 颁奖 病毒 长官 繁荣 风波 港 过渡 回归 基本法 鸡 驾驭 建华 交接 两地 美好 内地 平稳 事务 特区 香港 信心 中文 珠海 
---- Cluster id #16 ----
Size: 13
版 改 广东 核 核电站 可靠 卢布 批示 投产 外国 下属 值 专家 
---- Cluster id #17 ----
Size: 24
并非 城市 出售 大中城市 抵押 雕塑 房 分配 福利 工资 公共 购 角 教职工 例 每个 每月 哪个 实物 市场化 消费 需 住房 住宅 
---- Cluster id #18 ----
Size: 34
安置 出路 第三产业 分流 扶持 富余 岗位 工程 工会 就业 困难 两会 门路 年龄 女工 培训 上岗 社区 失业 特困 退休 拓宽 网球 温暖 武汉 武汉市 吸纳 下岗 祥和 兴办 职工 职业 中心 走访 
---- Cluster id #19 ----
Size: 32
大道 懂 读者 封闭 风情 富有 古典 汉语 解 凝聚 批评 缺乏 审美 失去 诗 诗歌 诗人 视野 思 围 鲜明 欣赏 心声 信任 严谨 言 样子 优美 右 誉为 崭新 之 
---- Cluster id #20 ----
Size: 35
白色 邦国 产业化 长足 丰收 贵鲜 急需 家宝 家华 咖啡 科特迪瓦 劳务 连接 龙头 农产品 农副产品 农户 农家 农科教 农民 农业 批发 深度 生物 收成 水稻 太空 铁映 稳 西非 因地制宜 营养 增产 增收 植物 
---- Cluster id #21 ----
Size: 22
典型 对待 发掘 高尚 个别 功夫 门 模范 墙 全局 生命力 树 推广 系统工程 先进 效应 宣传 选 一般 涌现 针对性 抓 
---- Cluster id #22 ----
Size: 107
保持 本次 不利 产品 超过 城乡 城镇 充足 出口 达到 导向 调控 调整 对外开放 对外贸易 放开 分开 丰富多彩 附加值 改善 干旱 高产 高新技术 搞好 搞活 鼓励 固定资产 国民经济 国内 合理 宏观 化解 缓解 基本建设 机电 计划 继续 加大 加快 减员增效 节约 结构 进出口 进口 进展 经济社会 境外 居民 抗旱 科普 快 扩大 拉美 利用 力争 连锁 粮食 零售 流通 盲目 明显 能源 培育 平衡 浦东 清洁 全年 融资 社会化 深化 生产资料 失业率 势头 适当 适度 适时 市场 试点 收购 态势 同时 投入 投向 外贸 外资 稳妥 稳中求进 项目 消费品 效益 新增 压力 养老 以内 引进 优化 预定 增长 增长点 增加 增添 债务 支撑 着力 资本金 总额 总量 
---- Cluster id #23 ----
Size: 19
带有 动物 动物园 多利 防伪 哈佛 会员 基因 焦点 科学家 克隆 名牌 实验 实验室 头 细胞 羊 野生 只 
---- Cluster id #24 ----
Size: 20
本轮 队 队员 夺冠 负 国家队 河南 联赛 轮 男排 女排 排球 升 胜 四川 厅 战 浙江 支 主场 
---- Cluster id #25 ----
Size: 15
比较 表 产量 居 旅游业 平方公里 普通话 前列 强劲 生产总值 统计局 图 位 增长率 指标 
---- Cluster id #26 ----
Size: 32
本地 长工 储量 创办 大庆 地质 典礼 发现 工厂 供应 光彩 光荣 何 艰苦 勘探 品质 平原 普查 区 石油 添 献身 用品 幽默 油 油气 油田 原油 院校 找到 直至 装备 
---- Cluster id #27 ----
Size: 26
北 变化 承诺 承受 吹 大气 地球 度 厄尔尼诺 附近 海洋 毫米 环 难得 暖 气候 全球 热带 上空 太平洋 太阳 西 现象 响应 辛勤 踊跃 
---- Cluster id #28 ----
Size: 29
巴西 比例 拆 拆借 长期以来 贷款 担保 等级 发放 负债 货币 客户 控制 来源 取消 商品房 商业 投放 现金 限额 信贷 信用 行长 银行 银行业 约束 增 政策性 资金 
---- Cluster id #29 ----
Size: 17
采购 出台 档案 放心 分类 管理局 缓慢 获悉 节省 开工 墨 委内瑞拉 卫生部 招 招标 中医 中医药 
---- Cluster id #30 ----
Size: 135
啊 吧 编者 不错 不幸 不知 唱 成 充满 出 此案 大家 带 当 到 得 等 掉 东西 多少 儿子 翻 夫妻 敢 告别 告诉 歌声 给 过 过年 过去 贺卡 湖 话 怀 还有 回 回到 回去 活 寄 记 记忆 家里 见 叫 句 觉得 看 看出 看见 块 快乐 啦 来到 老人 里 了 令 流 吗 买 忙 没 拿 哪 那 那么 那天 那些 南极 呢 你 你们 您 跑 片 妻子 气 前 情景 请 去 让 上来 上学 少年 师傅 时候 什么 事 首 说 送 送礼 岁 他们 天 听到 听说 托 玩 完 望 忘 我 喜欢 下来 想 想起 像 小 笑 些 新村 心 心里 心情 呀 眼 一行 医生 远 在 怎么 扎 丈夫 找 照 知道 之后 住 装 字 坐 
---- Cluster id #31 ----
Size: 23
案 毒品 犯罪 贿赂 机关 解释 立案 判决 起诉 轻 涉嫌 审查 省级 释放 受理 贪污 提起 危害 刑法 刑事 性质 走私 罪 
---- Cluster id #32 ----
Size: 81
毕 曹 程 迟 崔 丁 杜 费 刚 高 葛 谷 顾 洪 华夏 霍 贾 蒋 杰 菊 克 孔 兰 李 力 柳 卢 鲁 罗 马 满族 孟 苗族 敏 名 牛 女 秦 曲 全有 群 尚 申 史 舒 松 宋 孙 汤 涛 陶 土家族 万年 汪 维吾尔族 伟 魏 温 闻 武 夏 向 许 薛 杨 姚 彝族 毅 尹 勇 游 于 余 云 曾 张 赵 志 钟 朱 壮族 
---- Cluster id #33 ----
Size: 19
ＶＣＤ 长春 大楼 大厦 丢 福州 购物 股份 光盘 降价 南昌 商场 商家 商厦 石家庄 输出 有限 有限公司 郑州 
---- Cluster id #34 ----
Size: 27
表决 布赫 草案 大会 大会堂 光英 会场 开幕 名单 拟 热烈 人选 摄 提名 提请 铁木尔・达瓦买提 通过 推荐 响起 议程 酝酿 掌声 兆国 主持 主持人 主席台 主席团 
---- Cluster id #35 ----
Size: 38
爱国 冰 病 参观 传达 此后 封 负责人 告 工人阶级 家中 看看 隆重 民主党派 南京 浓 迫害 亲 青 轻松 人士 身体 熟悉 天安门 听 统一战线 统战 统战部 外出 文革 文件 显得 信 涌 照顾 召集 知名人士 指示 
---- Cluster id #36 ----
Size: 41
场面 冲 穿 春云 搭 顶 饭 房屋 奋战 赶到 赶来 感慨 红十字会 家园 救灾 抗震救灾 冒 命令 派出 前线 抢险 亲人 缺 食品 受伤 挖 危险 慰问 物资 医疗队 灾 灾民 灾区 张北 张家口 帐篷 直升机 只见 重建 子弟兵 总队 
---- Cluster id #37 ----
Size: 49
楚政 床 登 冬 断 份 富 根 工地 孤儿 好事 划 患 挤 建房 脚 进 举 开阔 拉开 龙 民兵 年级 爬 彭 清 如同 双 水源 睡 似 躺 趟 填 脱贫致富 碗 湘西 乡亲 血 养猪 夜 逾 镇 阵阵 中期 州 仔细 足 组 
---- Cluster id #38 ----
Size: 22
北部 北风 大雨 东北部 东部 华北 华南 黄淮 级 江淮 江南 局部 冷空气 南部 偏 气温 气象 气象台 天气 西北 小到中雨 预计 
---- Cluster id #39 ----
Size: 27
安全 乘 乘客 飞 飞机 飞行 高峰 管制 航班 航线 空 昆明 蓝天 旅客 民航 票 签 人次 荣获 售票 探亲 享受 小姐 优惠 云南 折 总局 
---- Cluster id #40 ----
Size: 33
包含 差距 长期 大家庭 地区 锻炼 对方 各 各族 共建 光辉 加速 结成 景象 棉花 民族 那个 凝聚力 平等 迫切 区域 融合 少数民族 适合 团结 新疆 迎来 中西部 主人 自愿 自治 自治县 自治州 
---- Cluster id #41 ----
Size: 41
百富勤 暴露 不良 操作 撤销 大藏省 代理 倒闭 导致 电脑 法案 防范 分行 风险 该行 港元 股东 关闭 国民 回收 监管 交易 教训 金融 金融业 巨额 开业 墨西哥 泡沫 披露 日本 申报 事件 损失 提醒 新加坡 信誉 业务 债权 职员 指定 
---- Cluster id #42 ----
Size: 136
办 办事 薄弱 保障 保证 表率 不正之风 部署 成效 处理 措施 带头 单位 党 党政 发挥 发扬 法制 繁重 反腐倡廉 方针 防止 放在 风气 负担 干部 各级 各位 各项 各种 工作 巩固 关根 贯彻 广大 规范 狠抓 环节 活动 及时 加强 坚持 坚持不懈 坚决 坚强 肩负 艰巨 艰苦奋斗 减轻 健全 建设 结合 紧密 精神 精心 举办 开拓进取 开展 牢固 立 力度 联系 良好 领导 路线 落实 密切 民主 内容 配合 起来 强化 强烈 切实 情况 权威 全面 全心全意 确定 群众 人员 任务 认真 深入 十五大 实事求是 实效 树立 顺利 思想 突出 推进 完善 围绕 维护 项 效果 协调 行为 行政 严格 要 要求 一级 意愿 硬 优良 有力 有序 责任制 增强 扎实 扎扎实实 召开 整体 指导 至关重要 制度 治 治理 重点 重要性 周围 主动 抓好 专项 着重 自觉 自觉性 自身 综合治理 总结 组织 做好 作风 作为 
---- Cluster id #43 ----
Size: 42
边境 传递 等待 对抗 反应 访华 感 高级 固定 轰动 华 回忆 会晤 柬埔寨 见面 来自 离 罗马尼亚 敏感 莫斯科 日期 声明 实质 使馆 司长 苏 苏联 谈 谈话 同 突然 推 外长 外交部 新任 愿意 越 越南 障碍 真实 正常化 着手 
---- Cluster id #44 ----
Size: 19
保险 便宜 仓库 股份制 建造 轿车 劳动模范 辆 麻烦 陌生 农场 汽车 全场 啥 随意 推销 维修 这家 这块 
---- Cluster id #45 ----
Size: 13
波黑 当选 对付 候选人 科尔 美军 收回 投票 维和 宣布 选出 选票 执政 
---- Cluster id #46 ----
Size: 32
称为 歹徒 刀 风 喊 好像 红 花 荒山 京城 开 连队 脸上 玲 美丽 牡丹 幕 派出所 评为 前来 青春 邱 塞 神圣 时节 死 鲜花 香 延安 也 英雄 正好 
---- Cluster id #47 ----
Size: 28
插 差别 非 富裕 公平 红旗 积极性 激发 经济效益 井 看好 矿 量 煤 煤矿 煤炭 倾斜 生机 实事 寻找 迅猛 要素 隐患 优先 原来 载体 总书记 最佳 
---- Cluster id #48 ----
Size: 89
贝宁 本报 比 比利时 彼此 表示 布鲁塞尔 此次 大臣 大使 丹麦 定期 对话 多极化 访 访问 夫人 感到 感谢 高层 高兴 关系 国 国旗 浩田 荷 荷兰 合作 互访 互利 欢迎 会见 伙伴 建设性 交换 介绍 经贸 看法 来访 琳 领域 卢森堡 贸易 莫 莫桑比克 欧 欧盟 陪同 鹏 频繁 气氛 签署 签字 前景 潜力 切尔诺梅尔金 三角洲 世贸 首相 双边 双方 探讨 图片 外经贸部 为期 西欧 相互 相信 协作 新华 兴趣 亚 也门 一致 仪式 有助于 有着 友好 友谊 愿 赞赏 增进 正式 之间 致力 祝愿 驻 驻华 卓有成效 
---- Cluster id #49 ----
Size: 37
办公 不便 长江 都市 更新 估计 广场 交给 库区 老百姓 民心 难题 起步 前所未有 全市 人心 三峡 商店 上游 市政府 市中心 思路 投诉 吸引 修建 移民 圆满 真诚 振奋 知识分子 之内 直辖市 值班 指挥部 重庆 重庆市 主 
---- Cluster id #50 ----
Size: 26
帮扶 产值 打下 对口 扶 扶贫 妇联 攻坚 户 江西省 立足 蒙古 农田 贫困 贫困户 贫困县 贫穷 葡萄 省区 受益 特困户 脱贫 温饱 消除 养殖 自力更生 
---- Cluster id #51 ----
Size: 32
百分点 筹资 存 存款 独联体 俄 俄罗斯 法定 法人 幅度 挂钩 降低 接近 理顺 利率 利于 名义 谋求 哪些 条约 乌 乌克兰 下调 现行 叶利钦 一体化 用于 有利于 元首 这次 准备金 准备金率 
---- Cluster id #52 ----
Size: 12
奥委会 被告 处罚 大连 大众 法庭 广告 花园 环保局 利比亚 小区 占地 
---- Cluster id #53 ----
Size: 35
波恩 德国 对象 犯 非法 敢于 贵 角色 警方 境界 科索沃 联络 马克 某种 南斯拉夫 难民 评论 清醒 认识 失败 事物 手中 头脑 脱离 外部 希腊 一把手 意大利 意识 勇于 知 主体 资 自己 自我 
---- Cluster id #54 ----
Size: 31
爱国主义 保存 保护 博物馆 布局 抵御 革命 工作者 记录 纪念 纪念馆 建筑 精品 经费 课堂 烈士 马列主义 民政部 纳入 抢救 社会效益 师生 收藏 特有 贴近 统筹 文物 赞助 责任感 展览 庄严 
---- Cluster id #55 ----
Size: 20
步入 车辆 承担 繁华 机动车 加重 交通 认定 伤 事故 司机 死亡 停车 现场 行人 责任 真相 治疗 撞 自行车 
---- Cluster id #56 ----
Size: 26
背景 变动 波 对此 工人 观点 合资 角度 阶层 劳动力 另 流动 强有力 群体 商 身份 水准 私营 缩小 特征 位置 显然 移 有人 占据 之外 
---- Cluster id #57 ----
Size: 21
保留 弊端 编制 部 发言 方案 干 公务员 管 规划 化肥 机构 机关干部 精简 经贸委 庞大 膨胀 冶金 运转 政企 制订 
---- Cluster id #58 ----
Size: 16
包 吃 电信 端 堆 隔 华为 火 饺子 妈妈 弄 全家 日子 温馨 学员 意外 
---- Cluster id #59 ----
Size: 23
不怕 菜 错 顿 反对 房间 关 官僚主义 汗水 家具 讲究 接待 接收 劲 警惕 浪费 类似 哪里 平凡 破 倾听 容易 信访 
---- Cluster id #60 ----
Size: 23
报名 残疾人 岛 服务 服务队 工具 弘扬 蓬勃 青岛 青年 热线 实用 书法 同学 团中央 喜爱 新风 行动 依托 征文 志愿 志愿者 助 
---- Cluster id #61 ----
Size: 68
常委会 常务 程序 惩治 充实 抽查 筹备 代表 代表大会 地方 督促 法 法规 法律 法治 赋予 改进 共计 规则 规章制度 国家机关 划分 换届 季度 纪云 检查 借鉴 决定 框架 老年人 立法 力求 每次 难点 其余 起草 热点 人大 人大代表 人民 任命 任期 日常 设立 审议 实施 市场经济 授权 特别 听取 委员会 宪法 行使 行政区 修订 修改 选举 选民 议案 议会 征求 正当 职权 制定 中华人民共和国 专门 组成 遵循 
---- Cluster id #62 ----
Size: 23
搬 播出 电视剧 感人 汉年 和谐 集 精彩 拍摄 潘 全方位 色彩 深感 水浒传 塑造 线索 形象 性格 犹如 月 再现 战线 这部 
---- Cluster id #63 ----
Size: 49
安理会 安南 巴格达 巴黎 白宫 报道 备忘录 波兰 常任 常驻 成员国 此间 磋商 导弹 抵达 电 调解 发言人 返回 符 官员 核查 记者 接受 解除 救援 据悉 决议 理事国 联合国 前往 特委会 通报 透露 晚 武器 希拉克 销毁 小组 新华社 新闻界 行 寻求 约旦 旨在 重申 总统 总统府 遵守 
---- Cluster id #64 ----
Size: 28
北方 草 草地 草原 当中 该县 攻关 贵州 湖北 江西 可观 亩 南方 农业部 破产 人均收入 认可 试验 踏 细 小麦 兴奋 畜 畜牧业 养 优质 鱼 中科院 
---- Cluster id #65 ----
Size: 63
案件 暴力 财产 呈 惩处 承包 当事人 递增 调节 法官 法院 犯罪分子 方略 房地产 干扰 公正 够 航运 合法 合同 家庭 件 建新 金额 纠纷 考试 来信 劳动 类 类型 迈 每年 民事 宁波 判处 赔偿 平均 破坏 权益 人民法院 上升 涉及 审理 审判 数额 司法 诉讼 委托 协定 严打 严厉 严肃 严重 增大 增多 知识产权 执行 致使 秩序 治安 中级 宗旨 最高 
---- Cluster id #66 ----
Size: 35
安徽省 处长 歌舞团 广西 海南省 合肥 河北省 河南省 湖北省 湖南省 江苏省 剧团 科教 科委 科协 内蒙古 宁夏 农科院 青海 三下乡 山东省 山西省 陕西 陕西省 社长 四川省 太原 团长 县长 宣传部 医学 医院 艺术团 云南省 浙江省 
---- Cluster id #67 ----
Size: 18
巴基斯坦 表彰 参赛 称号 电台 技能 奖励 竞赛 来华 留学 留学生 评选 荣誉 授予 挑选 听众 谢里夫 中南海 
---- Cluster id #68 ----
Size: 36
办学 部委 财经 陈旧 成人 该校 高等 高等教育 高校 国家教委 海关 合格 互补 集装箱 检测 教学 科研 课 课程 老师 论文 培养 普通 清华 缺少 人文 设置 套 学科 学生 学校 招生 中等 重复 转化 岚清 
---- Cluster id #69 ----
Size: 23
阿根廷 产权 尝试 筹集 促 东方 短缺 公司 股 股份合作制 航空 机场 集体经济 架 江苏 空前 利税 联盟 乡镇企业 增至 中小企业 租 租赁 
---- Cluster id #70 ----
Size: 23
背后 恶化 防火 公顷 国土 黄河 火灾 棵 林业 流失 绿 绿化 绿色 面积 青少年 庆林 全民 森林 生态 首都 水土 造林 植树 
---- Cluster id #71 ----
Size: 48
比索 贬值 储备 传真 点 跌 东京 东盟 东南亚 短期 兑 兑换 纷纷 股市 官方 合 红色 缓 回升 汇率 经常 拉那烈 流入 旅游 曼谷 美元 纽约 桥本 人民币 日元 时报 收盘 顺差 苏哈托 泰国 投机 外汇 下跌 削减 雅加达 印度尼西亚 印尼 印尼盾 盈余 游客 援助 指数 至 
---- Cluster id #72 ----
Size: 102
爱护 榜样 宝贵 不顾 策划 彻底 崇高 初期 此事 促成 担任 诞辰 诞生 党内 得知 典范 懂得 度过 恩来 风范 复杂 革命家 公仆 共和国 鼓舞 关怀 国民党 后 后人 怀念 极端 坚定 艰难 交谈 接触 接见 杰出 解放 尽 精力 镜头 久 老一辈 离开 领导人 留 留下 面前 名字 目光 那样 难忘 内外 排除 朋友 品格 亲切 亲属 清除 去世 人群 善于 身 身边 深情 时 事情 视察 他 投身 伟人 无产阶级 无限 西安 牺牲 细致 写道 心血 心中 信念 休息 业绩 一起 一生 迎 赞扬 遭到 战友 政治家 之际 之一 智慧 中间 忠实 周 周年 著名 卓越 总理 最后 做 崛起 
---- Cluster id #73 ----
Size: 56
颁发 办法 本 部门 采矿 采矿权 出资 登记 发布 罚款 范围 供 公告 管理 国务院 会同 减 缴纳 开采 勘查 矿产 领取 没收 免 名称 年度 评估 起 签订 情节 权限 日 申请 审批 手续 探矿权 特定 提交 天然气 条 铁 停止 限期 许可证 延续 以外 予以 原 暂行 责令 证书 主管 转让 资料 资源 最低 
---- Cluster id #74 ----
Size: 22
爱尔兰 变为 超越 成分 初级阶段 处在 发达 非公有制 纲领 公有制 共产主义 归 阶段 经过 手里 私人 所有制 土地 消灭 种种 资本主义 资产阶级 
---- Cluster id #75 ----
Size: 7
层 大海 海 海南 平静 深处 手机 
---- Cluster id #76 ----
Size: 28
班 笔者 病人 长途 车 车站 串 大地 锋 奉献 感受 姑娘 号召 换 回家 火车站 姐妹 拉 雷 某部 事迹 送给 她们 题词 停 现任 新人 学 
---- Cluster id #77 ----
Size: 42
安徽 编者按 变 财务 从业 村 村干部 村里 村民 村委会 村务公开 大事 电价 该厂 干群 供电 公开 河北 后面 怀疑 基层 降 郊区 困扰 乱 满意 明白 农村 盼 前面 全省 确实 上访 说法 推行 喜庆 县里 乡 乡村 咱 这项 整顿 
---- Cluster id #78 ----
Size: 23
答应 大姐 代表团 饭店 夫妇 跟 跟着 开会 客人 联邦 那时 人家 荣 沙漠 上班 深受 声音 踢 喜悦 小伙子 新年伊始 毅仁 着 
---- Cluster id #79 ----
Size: 36
安排 比重 补贴 财力 财税 财政 呈现 赤字 大于 得益 低于 高于 关税 加 减免 减少 开支 弥补 其中 欠 庆 确保 适度从紧 收入 收支 税 税收 税务 完成 相应 预算 元 增幅 征收 支出 转移 
---- Cluster id #80 ----
Size: 41
爆发 参与 长征 持久 到达 德 独立自主 夺取 风采 该书 国防 国务 海军 红军 后勤 进攻 军队 军事 军委 抗日战争 空军 篇 迫使 全军 人民军队 生涯 胜利 时期 文选 我军 武装 消极 协助 引 早期 占领 战术 战争 争取 指挥 作战 
---- Cluster id #81 ----
Size: 21
帮 帮助 本领 别人 个体 顾客 挂 柜台 互助 货 季节 借 卖 牌子 热心 生意 司 学会 站 挣 赚 
---- Cluster id #82 ----
Size: 73
白 柏林 边 兵 蔡 藏族 查 朝鲜族 陈 川 戴 单 董 范 方 冯 傅 龚 郭 韩 贺 侯 胡 黄 回族 吉 季 健 姜 锦华 晋 俊 康 乐 梁 廖 林 刘 陆 吕 梅 蒙古族 苗 明 聂 平 齐 邵 沈 施 谭 唐 田 万 王 韦 文 吴 席 肖 谢 熊 徐 严 阎 扬 叶 俞 袁 正 郑 祝 邹 
---- Cluster id #83 ----
Size: 36
锭 纺织 分布 付出 工业 攻坚战 国有 过度 含量 济南 截至 解困 净 举措 困境 离退休 落后 扭亏 配置 契机 抢 敲 生产能力 升级 淘汰 突破口 退出 陷入 压 压锭 压缩 沿海 忧虑 有机 重组 转换 
---- Cluster id #84 ----
Size: 37
菜篮子 产销 刺激 促使 低 定价 放松 副食品 干预 供给 供求 回落 加剧 价格 经营者 买方 徘徊 趋 热 肉 商品 上涨 适用 水果 停产 通货膨胀 通胀 物价 下滑 相反 消费者 需求 虚假 抑制 涨幅 正常 总 
---- Cluster id #85 ----
Size: 69
变成 表达 别的 创立 错误 打开 道路 邓小平理论 地域 定位 飞跃 否定 富强 概括 共产党 共产党人 共识 观察 光明 还要 回答 集体 继承 建国 讲 经历 救 卷 口号 理论 历史 历史性 联 领袖 论述 马克思 马克思主义 毛 毛泽东思想 面 命运 内涵 前途 全党 确立 确认 三中全会 逝世 拖 唯一 为什么 伟大 文献 系列 向前 以后 以前 勇气 造就 泽东 哲学 这个 正是 政党 郑重 之下 中国 中山 重任 
---- Cluster id #86 ----
Size: 97
保健 报刊 倍 拨 拨款 藏 场所 出版 处于 传 此前 达 当地 得出 地 地理 儿童 佛教 各类 公民 共有 基建 继 价 监狱 建成 交付 教 节日 今 近年来 经 境内 旧 竣工 科 课题 拉萨 累计 历时 列为 流行 论 每 每周 免费 民间 年均 平方米 瓶 权利 全国性 全区 人均 设有 省市 使用 世 首要 受灾 数 所 特殊 同一 统计 卫生 文字 西藏 习惯 现有 县 享有 信仰 修复 学术 严寒 医疗 影片 拥有 语言 原始 遭受 占有 整理 政 证实 支援 中部 中央政府 转 状况 自治区 自主 宗教 总数 罪犯 座 
---- Cluster id #87 ----
Size: 43
步骤 潮流 大陆 大业 当局 儿女 分离 分裂 构想 海内外 海峡 和平 呼吁 回应 加深 交流 两岸 领土 民众 企图 商谈 深远 势力 台湾 谈判 同胞 统一 完整 往来 务实 希望 现状 心愿 一国两制 愿望 赞同 造福 政局 主权 主张 状态 祖国 阻碍 
---- Cluster id #88 ----
Size: 21
半岛 朝鲜 大中 杜绝 发起 国会 韩国 汉城 豪华 虎 黄金 结婚 金 老虎 难关 平安 视为 象征 跃 运动 祝福 
---- Cluster id #89 ----
Size: 14
大学生 地上 封锁 公园 古 古巴 汉 净化 空气 门口 入 小事 徐州 游人 
---- Cluster id #90 ----
Size: 17
笔 波音 电厂 东亚 动荡 菲 菲律宾 风暴 革新 洪水 马来西亚 马尼拉 通货膨胀率 推迟 外债 下降 亚洲 
---- Cluster id #91 ----
Size: 35
朝 春运 对 发 分工 高速 高速公路 公里 公路 广 广州 沪 货物 津 京 九 卡 开通 客车 客运 快速 列车 临时 每天 商务 神 提 铁道部 铁路 通道 为主 线 小时 沿线 运行 
---- Cluster id #92 ----
Size: 15
幅 父亲 改制 欢乐 技巧 缅怀 农垦 女儿 生日 思念 微笑 印象 展出 照片 子女 
---- Cluster id #93 ----
Size: 46
奥地利 遍 长城 春 春风 此时 大厅 动 动人 感染 歌剧 海口 惠芬 激情 家人 间 惊人 乐观 乐团 联手 梦 描绘 年轻人 热情 人间 散 试 手术 她 题写 天地 天下 维也纳 县城 响 校园 演奏 一代 遗憾 意志 音乐 音乐会 圆 这时 重返 闵 
---- Cluster id #94 ----
Size: 21
倡导 大树 道德 故乡 患者 疾病 价值 价值观 理性 礼貌 利 人们 生存 提倡 外面 吸取 心理 心灵 修养 有待 真理 
---- Cluster id #95 ----
Size: 136
Ｄ 办公室 办公厅 北京 北京大学 北京市 毕业 博士 部长 参加 常委 常务委员 厂 厂长 车间 成都 成员 冲击 大学 党委 党校 党组 地委 东北 董事长 队长 分局 福建 福建省 副 干事 工程师 工商联 工业部 工作组 共青团 顾问 广东省 国务委员 哈尔滨 汉族 黑龙江 黑龙江省 湖南 化学 会长 获 吉林 吉林省 计委 加入 兼 教授 届 经理 局长 科长 科学院 联合会 辽宁 辽宁省 伦敦 秘书 秘书长 民革 民主党 名誉 男 其间 清华大学 全国 任 山东 上海 上海市 沈阳 生 省 省长 省委 省政府 实业 市长 市委 首席 受 书记 书记处 数学 水利部 所长 天津 天津市 外事 委员 委员长 系 厦门 县委 校长 协会 学位 学习 学院 研究生 研究室 研究所 研究员 研究院 业余 议员 友协 院 院长 院士 政法 政委 政治局 职 中共 中共中央 中华 中学 中央 中央委员 主编 主任 主任委员 主席 助理 住院 专业 总工会 总会 组长 组织部 
---- Cluster id #96 ----
Size: 91
闭幕 必然 参政议政 茶话会 阐述 承办 出席 次 大局 代表性 党派 调查 调研 对外 发表 反映 风貌 服从 赴 甘肃 纲要 稿 各界 光亚 规范化 国权 好评 宏伟 华清 会议 活跃 建议 江 讲话 交往 锦涛 举行 开拓 看望 考察 列入 鲁丽 履行 率 论坛 民工 乔 侨胞 渠道 全体 日程 入手 瑞典 瑞环 瑞士 石 讨论 提案 题 拓展 伟长 协商 新鲜 兴 选平 研讨 研讨会 演讲 邀请 议题 应邀 迎春 与会 泽民 展望 章程 正英 政协 政治 职能 制度化 智利 主题 驻地 专题 做出 作 座谈 座谈会 孚凌 F基 
---- Cluster id #97 ----
Size: 32
电视台 风格 歌 歌舞 个性 观看 观众 虎踞 话剧 佳节 剧院 联欢 年年 念头 浓郁 农历 上演 声 晚会 舞 舞蹈 舞台 戏 戏剧 相声 演 演唱 演出 演员 一流 艺术家 钟山 
---- Cluster id #98 ----
Size: 29
标志 不得 地面 地下 电力 发电 个人 距离 跨越 扩建 垃圾 内 器材 任何 如下 设施 生长 施工 水库 损害 条例 物品 线路 消防 新建 延伸 移动 应 作业 
---- Cluster id #99 ----
Size: 24
词 单一 高潮 高度 官 过硬 海信 呼唤 考核 可贵 理解 领导班子 领导者 那里 人才 人事 人事部 脱颖而出 挖掘 选拔 用人 员工 自律 总裁 
---- Cluster id #100 ----
Size: 22
班长 国防部 解放军 军 军区 军人 连 旅 上将 射击 社 师 双拥 司令员 所属 铁路局 团 战士 政治部 中队 中央军委 总参谋长 
---- Cluster id #101 ----
Size: 22
奥运会 报警 传播 大队 公安局 健身 接到 媒介 媒体 民警 女士 乒乓球 企业界 赛事 体委 体育 巡警 义务 议论 与会者 运动员 追 
---- Cluster id #102 ----
Size: 40
班子 不如 差 炒 吃饭 纯收入 带领 党支部 地处 短 短短 工 花钱 艰苦创业 建 靠 累 路子 迈进 面貌 难 农药 怕 启示 穷 全村 山 抬 挑 通 同样 投 物 县政府 修 依旧 易 者 致富 总产值 
---- Cluster id #103 ----
Size: 31
云 避孕 持续 筹措 出生 达标 动手 防治 各地 淮河 环保 环境 计划生育 接 紧 经济林 可 良性 流域 满足 排放 人口 算 外来 污染 务工青年 下决心 校 循环 诸 抓紧 
---- Cluster id #104 ----
Size: 27
超出 读书 罕见 急 苦 历程 鲁迅 落 那种 内心 全世界 任职 日记 日内瓦 视 岁月 替代 文化大革命 献给 想象 雪 遗产 以为 忧 直到 中华民族 走过 
---- Cluster id #105 ----
Size: 11
阿齐兹 达成 各方 公报 加元 谨慎 书面 外交大臣 消息 协议 之前 
---- Cluster id #106 ----
Size: 26
报 称 地震 发生 防震 负责 给予 构成 监测 减灾 紧急 救济 其他 人民政府 丧失 伤亡 西部 县级 引发 有关 预报 预测 灾害 造成 章 指 
---- Cluster id #107 ----
Size: 29
答 大户 担 发行 方便 股票 挂牌 基金 简称 交易所 开设 刊登 联网 买卖 区别 上市 上网 深圳 投资 投资者 违规 问 营业部 运作 账户 证监会 证券 只能 资格 
---- Cluster id #108 ----
Size: 18
杯 长沙 闯 倒 喝 监控 交警 楼 啤酒 铺 市区 室内 图书馆 违章 屋 这儿 支队 中小学生 
---- Cluster id #109 ----
Size: 37
背 边防 产 大门 大棚 恶劣 盖 高原 公斤 古老 官兵 海拔 基地 纪录 艰辛 结 军分区 空白 领 们 模式 派 旁 奇迹 摄氏度 蔬菜 塑料 停留 土 玉米 栽 栽培 种植 重 株 猪 足够 
---- Cluster id #110 ----
Size: 68
Ａ Ｂ 包袱 表面 成本 出去 出于 存量 大型 代价 等于 多元化 放弃 费用 分散 改组 钢铁 功能 规模 国外 过来 邯钢 合并 机会 集团 兼并 经营 竞争 聚集 看来 可能 扩展 扩张 浪潮 垄断 目的 内部 纽带 企业 甚 收益 手段 数量 无法 限度 销售 销售额 效率 行列 行业 迅速 营销 盈利 优势 运营 增值 战略性 政府部门 值得 指明 中介 专业化 追求 资本 资产 总部 组合 做法 
---- Cluster id #111 ----
Size: 291
安定 把握 摆脱 包括 毕业生 必要 表明 不好 不可 不同 不懈 不足 步 步伐 部分 采取 参考 层次 产生 长 长远 成功 成果 成就 成立 成熟 成为 程度 充分 出发 出现 传统 创造 创造性 此 促进 存在 大胆 大中型 带来 党中央 得到 得以 奠定 调动 独立 多 发展 方法 方面 方式 方向 放 奋斗 丰富 符合 附 改变 改革 改造 格局 个 各个 各国 各自 根本 根本性 贡献 共同 关键 关心 关注 观念 广泛 广阔 轨道 国际 国家 国内外 国情 过程 海外 好 核心 回顾 会 活力 基本 基础 机遇 机制 积极 极大 集中 计划经济 加以 坚定不移 健康 建立 结果 解放思想 解决 进行 近 经济 经受 经验 局面 举世瞩目 巨大 具体 具有 决策 开创 开放 开始 看待 看到 考虑 科学 克服 客观 肯定 来 理想 利益 力量 了解 灵活 迈出 矛盾 没有 面对 明确 末 某些 目标 能 能够 能力 年 年代 努力 批 普遍 期望 起到 前进 前提 强大 强调 取得 全 人 认为 如 如何 上 少 社会 社会主义 深刻 生动 生活 失误 时机 时间 实际 实践 实现 实行 使 世纪 事业 是 适应 受到 属 水平 素质 所有 它 台阶 探索 特点 特色 提出 提到 提高 提供 体会 体系 体现 体制 条件 突破 推动 推向 妥善 完全 为 文化 稳定 问题 我国 我们 物质 物质文明 吸收 下 下功夫 下去 显著 现代化 削弱 小康 新 形成 形式 形势 需要 选择 学者 研究 一定 一切 依靠 以来 意见 意义 因素 引导 引起 应该 应有 赢得 影响 优秀 有 有的 有利 有所 有效 有些 有益 遇到 原因 原则 运用 在于 怎样 展开 战略 这 这些 这样 这种 整个 正确 政策 政府 支持 支柱 直接 指出 指引 质量 中 中外 种 重大 重视 重要 周边 主观 主要 注意 注重 抓住 转变 壮大 准 着眼 综合国力 总体 走 组成部分 尊重 做到 作出 作用 
---- Cluster id #112 ----
Size: 31
八一队 败 比分 场 打 对手 分钟 攻 击败 甲Ａ 教练 教练员 俱乐部 篮球 辽宁队 领先 男篮 年轻 球 球队 球员 弱 赛季 输 万达队 心态 依然 赢 遇 主教练 足球 
---- Cluster id #113 ----
Size: 32
边界 初步 大 动态 衡量 激烈 集团公司 家 简单 进入 跨 宽 亏损 联合 连续 排 排名 评 其 强 如此 实力 世界 数据 速度 通用 相当 一样 杂志 真正 周刊 总公司 
---- Cluster id #114 ----
Size: 32
爱好者 办理 保值 不满 财政部 持有 储蓄 到期 兑付 付 公布 购买 国债 计 计算 节 结算 利息 满 年利率 凭证式 期 上门 事宜 提前 提问 网点 营业 邮票 邮政 债券 支付 
---- Cluster id #115 ----
Size: 13
拜年 表演 大师 坚实 京剧 剧目 老 迈向 文化部 戏曲 形 振兴 阵地 
---- Cluster id #116 ----
Size: 33
彩电 传输 创业 此举 电视 电视机 电子 多媒体 份额 覆盖 广播 国产 国家级 杭州 画面 辉煌 家电 节目 开发区 厘米 模拟 品牌 屏幕 取代 失 数字 图像 推出 网 位于 下乡 乡镇 信号 
---- Cluster id #117 ----
Size: 33
差异 导演 灯 电影 反响 改编 感觉 沟通 故事 毁 激动 节奏 可能性 理 描写 某 闹 圈 热闹 上面 少儿 思维 它们 文学 洗 小说 写 写作 新兴 艺术 影视 知名 作家 
---- Cluster id #118 ----
Size: 30
奔 层层 城区 出租车 创 创建 档次 到底 岗 火车 激励 街 街道 街头 精神文明 居委会 扣 昆 楼房 路上 南 南宁 南宁市 群众性 人人 市民 桶 文明 西方 整治 
---- Cluster id #119 ----
Size: 16
初中 打电话 电话 歌曲 家长 交 每人 市 收 收费 收取 用户 诱惑 愉快 娱乐 这么 
---- Cluster id #120 ----
Size: 17
大使馆 非洲 贺电 建交 南非 其琛 钱 庆祝 外交部长 问候 武术 意 议长 招待会 这里 祝贺 转达 
---- Cluster id #121 ----
Size: 20
把 保卫 部队 称赞 担负 练 热潮 认清 设 使命 苏丹 透 忘记 武警 掀起 辛苦 训练 战斗力 忠诚 组建 
---- Cluster id #122 ----
Size: 84
包装 玻璃 采用 彩色 测试 地位 独资 吨 辐射 服务业 港口 高档 高效 工艺 光 含 化工 机械 机组 激光 计算机 加工 检验 精 开发 抗 空中 控股 良种 码头 摩托车 年产 农 配套 品种 期货 千瓦 认证 容量 摄影 设备 生产 生产线 水电 水泥 饲料 隧道 天然 通信 同步 铜 外商 系统 相关 新型 性能 药 药品 药物 医药 仪 仪器 以上 以下 用 优 邮电 原料 允许 运输 占 珍贵 纸 制品 制造 制作 中方 中药 主导 专利 专用 装置 咨询 综合 
---- Cluster id #123 ----
Size: 21
巴金 本质 编 动摇 高举 搞 故居 经济基础 谋 判断 旗帜 清楚 少奇 生产力 时刻 所在 文章 页 雨 载 准确 
---- Cluster id #124 ----
Size: 50
补 补充 材料 待 逮捕 调 该 公安 公安部 管辖 规定 检察院 鉴定 结论 居住 可以 款 理由 列 律师 秘密 批准 聘请 期间 期限 请求 取 权 上述 事实 是否 收到 收集 属于 说明 随 通知 同意 为由 未能 嫌疑人 刑事诉讼法 姓名 询问 延长 应当 在场 侦查 证据 证明 
---- Cluster id #125 ----
Size: 30
百姓 办案 爆炸 不够 查办 打击 队伍 发票 罚 干警 监督 检察 检察长 禁毒 纠正 举报 力气 培训班 抢劫 上下 思卿 一体 预防 正气 职务 职责 执法 制约 治国 渎职 
---- Cluster id #126 ----
Size: 48
澳大利亚 比赛 冰球 冰雪 长野 成绩 出色 冬奥会 动作 夺 夺得 分 冠军 哈 滑 滑雪 获得 角逐 金牌 锦标赛 决赛 亮 枚 米 秒 名将 名列 男子 难度 女子 挪威 赛场 上届 世界杯 世界纪录 速滑 跳 选手 亚军 演习 银 游泳 摘 争夺 中国队 中亚 妍 缪 
---- Cluster id #127 ----
Size: 58
伴随 被动 财富 产业 成长 创新 带动 到来 盗版 动力 发达国家 发明 发展中国家 分为 概念 赶 获取 机器 积累 即 技术 进步 竞争力 具备 科技 科技界 科教兴国 科学技术 劳动者 论断 面临 前沿 求 趋势 取决于 全球化 人工 人类 人力 软件 世纪之交 挑战 网络 相比 消化 信息 兴起 依赖 应用 迎接 原材料 知识 知识经济 之上 智力 注入 转向 走向 
---- Cluster id #128 ----
Size: 23
父母 公益 孩子 回报 记得 将军 渴望 刻苦 老伴 老区 美德 明星 命名 奶奶 深厚 失学 希望工程 先生 小学 星 真情 资助 总政治部 
---- Cluster id #129 ----
Size: 47
摆 编写 不行 才能 初 出国 代 待遇 邓 高考 果断 合影 呼声 怀着 恢复 回国 回来 汇报 混乱 基金会 教材 教师 教育 敬爱 决心 牢记 领会 面向 普及 千方百计 融入 上去 深切 十四大 什么样 同志 西南 小平 眼光 阳光 拥护 赞成 早 震 之中 中小学 左 
---- Cluster id #130 ----
Size: 51
报纸 不见 不惜 灿烂 厂家 大小 道 道理 风景 钢琴 国企 海上 寒风 河 后者 颗 口 来临 蓝 利润 临 南北 难免 牌 捧 漂亮 清晰 上任 渗透 剩下 世人 双手 说话 掏 天空 同事 同行 童 喜 想法 销 爷爷 艺术品 意思 展 展现 志成 珠江 自豪 总经理 帷幕 
---- Cluster id #131 ----
Size: 44
报告 本国 别国 承认 持 从事 该市 干涉 耕地 攻击 公认 公约 公众 好处 佳 家属 教堂 警察 抗议 冷战 例如 男女 内政 其它 侵犯 侵略 人权 人数 事实上 所谓 他人 外国人 乌鲁木齐 限制 相同 消耗 宣言 研究会 依据 因特网 预期 珍惜 指责 自由 
---- Cluster id #132 ----
Size: 26
斌 常 大赛 段 番 获胜 开幕式 可谓 磊 名人战 盘 棋 棋手 取胜 人民日报 赛 深圳市 通讯 围棋 讯 预赛 遭 战胜 主办 子 昊 
---- Cluster id #133 ----
Size: 21
本身 侧面 大选 单纯 对立 规律 国大党 忽视 见解 竞选 里面 内在 能否 人民党 使得 双重 腿 文艺 席位 印度 阵线 
---- Cluster id #134 ----
Size: 30
阿拉法特 巴 巴勒斯坦 撤军 冲突 辞职 打破 分歧 和谈 华盛顿 会谈 进程 克林顿 库克 黎 黎巴嫩 内阁 内塔尼亚胡 前夕 设想 士兵 西岸 叙利亚 耶路撒冷 以 以色列 印 犹太人 约旦河 中东 
---- Cluster id #135 ----
Size: 30
爱心 倡议 超 打工 感动 还 家乡 奖 奖金 经济学 救助 捐 捐款 捐助 军营 母亲 企业家 启动 盛 脱 献 详细 想到 幸福 颖超 永恒 云龙 运河 致 组委会 
