---- Cluster id #1 ----
Size: 46
爆发 参与 长征 朝鲜 持久 到达 独立自主 夺取 国防 国际象棋 海军 红军 后勤 解放军 进攻 经济基础 军 军队 军事 抗日战争 空军 篇 迫使 全军 人民军队 塞拉利昂 生涯 胜利 师 时期 题词 文选 武装 消极 协助 研制 占领 战术 战争 指挥 致力 中央军委 主持 主观 总政治部 作战 
---- Cluster id #2 ----
Size: 11
仓库 大树 故乡 后人 记忆 棵 美好 平安 树 痛苦 栽 
---- Cluster id #3 ----
Size: 35
报告 暴露 别国 承认 持 促 多利 干涉 耕地 攻击 公认 公约 好处 抗议 冷战 每周 男女 内政 其它 侵犯 人权 事实上 所谓 他人 统计 细胞 相同 乡镇企业 消耗 研究会 预期 珍惜 执政 指责 自由 
---- Cluster id #4 ----
Size: 22
道德 典型 对待 发掘 高尚 个别 环 节奏 理想 门 模范 墙 全局 推广 系统工程 先进 效应 宣传 选 涌现 针对性 抓 
---- Cluster id #5 ----
Size: 37
保 场面 大雪 第一线 奋战 赶到 寒冷 家园 结成 救灾 抗 抗灾 肯 脸 路 路上 牧民 那曲 难关 派出 缺 烧 受灾 特大 物资 兄弟 雪灾 医疗队 灾 灾民 灾情 灾区 张北 帐篷 中南海 重建 自救 
---- Cluster id #6 ----
Size: 53
办学 薄弱 毕业生 编写 部委 财经 成人 初中 出国 风气 该校 高等 高等教育 高度 高考 高校 共建 国家教委 合格 怀着 家长 奖励 教材 教师 教学 教育 考试 课 课程 课堂 老师 留学生 面向 年级 培养 普及 人才 人文 设置 什么样 素质 西南 新加坡 型 学科 学生 学校 眼光 一等奖 战线 招生 中等 中小学 
---- Cluster id #7 ----
Size: 79
闭幕 必然 参政议政 茶话会 阐述 出访 出席 次 大局 党派 地 调查 调研 对外 发表 风貌 服从 赴 甘肃 纲要 稿 各界 光亚 规范化 国权 好评 华清 会议 活跃 建议 讲话 锦涛 举行 开拓 看望 考察 列入 鲁丽 履行 率 论坛 强有力 乔 侨胞 全体 日程 瑞典 瑞环 商 石 讨论 题 通过 拓展 伟长 协商 新鲜 兴 选平 研讨 研讨会 演讲 邀请 议题 与会 展望 章程 正英 政协 职能 制度化 智利 驻地 专题 作 座谈 座谈会 孚凌 F基 
---- Cluster id #8 ----
Size: 21
巴西 菜 东北部 繁华 故事 官 黑 佳 奖 景象 旅游 旅游业 水准 汤 碗 寻找 眼睛 影片 游客 鱼 最佳 
---- Cluster id #9 ----
Size: 35
不怕 不懈 顿 反对 饭 房间 敢于 关 官僚主义 花钱 机关干部 家具 讲究 接待 接收 节省 劲 警惕 克服 浪费 哪里 难得 平凡 破 普通 倾听 权力 容易 陕西 睡 危险 形象 勇敢 勇于 指标 
---- Cluster id #10 ----
Size: 13
大选 东盟 国王 红色 回国 刊登 拉那烈 马克思 曼谷 请求 宣言 迎春 政局 
---- Cluster id #11 ----
Size: 33
搬 策划 传来 大海 德 抵制 对付 翻译 风采 改 海 科索沃 可贵 恐怖 兰州 联络 卢布 南斯拉夫 派 平静 侵略 热心 深厚 我党 我军 伍 袭击 修权 战场 值 重任 自愿 总参谋长 
---- Cluster id #12 ----
Size: 32
ＶＣＤ 百富勤 传输 电脑 电信 纷纷 港元 国企 海外 华为 火 火车 集资 降价 焦点 昆 来自 名牌 南 人民日报 上网 时报 网络 网上 消息 写道 延伸 因特网 用户 中文 主 崛起 
---- Cluster id #13 ----
Size: 29
彩电 唱 大小 电视 电视机 电视台 多媒体 歌 歌曲 歌舞 杭州 画面 节目 厘米 联欢 留学 模拟 年年 屏幕 取代 色彩 首 数字 图像 推出 晚会 网 信号 演唱 
---- Cluster id #14 ----
Size: 17
变革 标准 当做 对立 方法 分析 否定 价值观 阶级 经典 某些 偶然 评价 人物 迎来 原理 左 
---- Cluster id #15 ----
Size: 16
阿 阿尔及利亚 本国 大使馆 非洲 贺电 花园 建交 南非 其琛 钱 外交部长 问候 赞同 招待会 转达 
---- Cluster id #16 ----
Size: 27
白酒 帮扶 产值 打下 对口 扶贫 妇联 妇女 攻坚 户 甲醇 假 江西省 经济林 酒 立足 女性 贫困户 贫困县 山西 省区 受益 突尼斯 脱贫 温饱 养殖 中毒 
---- Cluster id #17 ----
Size: 60
Ｄ 巴基斯坦 贝宁 比 比利时 表示 大使 丹麦 对话 感到 感谢 高层 高兴 广阔 国 浩田 合作 互访 欢迎 会见 会谈 建设性 交换 介绍 经贸 客人 来华 莫 莫桑比克 签字 前景 瑞士 世贸 双边 双方 探讨 外交部 外经贸部 为期 卫生部 西班牙 相互 相似 相信 谢里夫 新华 也 也门 一行 仪式 印 有着 友好 友谊 愿 赞赏 祝贺 驻 卓有成效 岚清 
---- Cluster id #18 ----
Size: 26
抱 车站 春运 调 短短 发出 高速公路 公路 广州 季节 纪录 空 列 临时 旅客 麻烦 南昌 清除 神 售票 铁道部 铁路 停 涌 运 运输 
---- Cluster id #19 ----
Size: 62
案 补充 材料 逮捕 地下 电力 法庭 该 公安 公安部 管辖 规定 机关 检察院 鉴定 结论 居住 可以 跨越 款 理由 立案 律师 秘密 内 聘请 期限 起诉 器材 轻 取 权 上述 涉及 设施 审查 省级 事实 是否 收到 收集 收取 说明 随 提起 条例 通知 同意 未能 嫌疑人 线路 刑事诉讼法 姓名 询问 延长 应当 在场 侦查 证据 证明 罪 作业 
---- Cluster id #20 ----
Size: 30
表决 布赫 大会 大会堂 代表性 当选 发言 光英 会场 开幕 名单 全场 热烈 人选 摄 提名 铁木尔・达瓦买提 投票 响起 心声 宣布 选出 选票 议程 酝酿 掌声 兆国 主持人 主席台 主席团 
---- Cluster id #21 ----
Size: 12
爱好者 奥委会 参赛 创 揭晓 乒乓球 评选 铺 赛事 世界纪录 运动员 争 
---- Cluster id #22 ----
Size: 26
背后 博览会 册 场地 出版社 创汇 灯 读 读书 服装 感慨 国家级 加拿大 加元 精美 开发区 鲁迅 日记 设计师 时尚 输出 书 书店 书籍 图书 阅读 
---- Cluster id #23 ----
Size: 22
大地 度过 丰富多彩 风光 过 过年 贺卡 欢乐 佳节 节日 快乐 气氛 庆 贴 外国人 喜庆 祥和 夜 一派 愉快 周刊 祝福 
---- Cluster id #24 ----
Size: 30
持续 达标 动手 恶化 防治 各地 关闭 淮河 环保 环保局 环境 紧 可 空气 良性 林业 流失 流域 排放 清洁 生态 水土 算 污染 下决心 循环 质量 治理 诸 自然 
---- Cluster id #25 ----
Size: 47
百姓 报纸 不见 不惜 不知 灿烂 厂家 此后 道 道理 端 赶来 钢琴 寒风 后者 借 堪称 颗 口 拉开 来临 蓝 利润 难免 捧 漂亮 清晰 剩下 世人 说话 掏 天空 同事 同行 童 脱 喜 想法 销 眼 爷爷 艺术品 意思 志成 珠江 总经理 帷幕 
---- Cluster id #26 ----
Size: 266
把握 摆 办 包括 保障 保证 标志 部署 参考 层次 长期 倡导 成就 成为 成效 程度 充分 出发 处理 处在 创造 促进 存在 大胆 党 党中央 得到 奠定 调动 发挥 发扬 繁荣 繁重 反映 方面 方向 方针 放在 奋斗 符合 富强 高举 各 各个 各级 各项 各种 各族 根本 工作 巩固 贡献 共同 鼓舞 关键 关心 观念 贯彻 广大 广泛 国家 国情 过程 好 核心 宏伟 回顾 基本 积极性 激励 集中 及时 加强 加速 加以 坚持 坚持不懈 坚定不移 坚强 肩负 艰巨 健全 建立 建设 江 交往 结合 解放思想 紧密 进行 精神 精神文明 精心 经验 局面 举办 举世瞩目 巨大 具体 具有 决策 开创 开放 开拓进取 开展 客观 肯定 牢记 利益 力量 联系 领导 路线 落实 迈出 矛盾 密切 民主 明确 目标 内容 能够 年 努力 排除 配合 批 平等 迫切 普遍 期间 期望 起到 起来 前进 强大 强调 切实 情况 渠道 取得 全面 全心全意 确定 群众 人民 任务 认真 社会主义 深刻 深入 生动 十五大 时刻 实际 实事求是 实现 实效 实行 使 世纪 事业 视察 首要 受到 树立 顺利 思想 所有 探索 特点 特色 提倡 提出 体会 体现 条件 同志 突出 团结 推动 推进 推向 完善 围绕 为 维护 问题 我国 下 显著 现代化 项 小康 协调 新 形成 形式 形势 需要 学者 研究 要 要求 一切 一致 依靠 意见 意义 意愿 应 应有 赢得 硬 优良 有力 有效 原则 运用 泽民 增强 崭新 战略 召开 整个 整体 正确 政策 政治 支持 职责 直接 指出 指导 至关重要 制订 制度 治 中 重大 重视 重要 重要性 周围 主动 主要 注意 注重 抓紧 抓住 准 准确 着眼 自觉 自身 综合国力 总结 总体 组成部分 组织 做出 做到 做好 作出 作为 作用 
---- Cluster id #27 ----
Size: 82
班 报刊 倍 拨 拨款 藏 场所 出版 处于 传 达 大家庭 得出 佛教 各类 公民 共有 汉 继 价 监狱 建成 交付 教 今 近年来 经 境内 旧 课题 拉萨 累计 列为 流行 论 免费 民间 民族 内地 年均 平方米 瓶 区域 权利 全国性 全区 少数民族 设有 省市 使用 世 事务 所 特殊 文字 西藏 习惯 现有 县长 享有 信仰 修复 悬挂 学术 严寒 以来 语言 原始 整理 政 支援 之下 中央政府 状况 自治 自治区 自治县 自主 宗教 罪犯 尊重 座 
---- Cluster id #28 ----
Size: 52
背景 表现 差异 沉重 创作 带有 独特 多样化 反响 氛围 感觉 关注 话题 获奖 角度 揭示 景观 刊物 可能性 可喜 栏目 冷 理性 灵魂 期刊 情感 秋 群体 人生 散文 试图 收获 思考 塑造 题材 文学 显 显示 现实 现实主义 小说 写 写作 诱惑 展示 诸如 专栏 姿态 尊严 作家 作品 作者 
---- Cluster id #29 ----
Size: 31
查 长期以来 厂 厂长 串 此案 工厂 功 罕见 辉煌 家人 金钱 巨额 劳动模范 漏洞 妻子 企业家 荣誉 设 时健 受贿 外 物品 心态 烟 云南 账 赚 追 总裁 褚 
---- Cluster id #30 ----
Size: 28
办理 保值 不满 财政部 持有 储蓄 到期 兑付 付 公布 购买 国债 计 计算 节 利息 满 年利率 凭证式 期 上门 事宜 提前 提问 网点 邮政 债券 支付 
---- Cluster id #31 ----
Size: 19
弊端 变动 不够 导致 防伪 股票 环节 价值 驾驭 乐观 例如 墨 念头 泡沫 取决于 投机 突然 心情 有待 
---- Cluster id #32 ----
Size: 77
安装 办事 本人 表率 宾馆 不正之风 不准 查处 出台 处分 党风 党性 党员 党政 党政机关 斗争 遏制 反 反腐倡廉 防止 分子 腐败 干部 公款 狠抓 会计 机 纪检 纪律 纪委 监察 坚决 健行 纠正 考验 礼品 立 廉洁自律 廉政 蔓延 配备 评议 强化 清理 庆典 全会 上级 奢侈浪费 实体 收费 土壤 外地 违反 违规 违纪 尉 严格 严禁 一级 有序 娱乐 预防 源头 责任制 赠送 正气 制约 制止 抓好 追究 准则 着重 自 自觉性 综合治理 钻研 作风 
---- Cluster id #33 ----
Size: 12
党建 华侨 华人 会员 鸣 年会 庆祝 摄影 社团 团体 匈牙利 学会 
---- Cluster id #34 ----
Size: 43
表达 成立 错误 打开 道路 地域 定位 飞跃 丰富 概括 共产党 共产党人 共识 光明 还要 集体 建国 讲 解放 经历 救 口号 历史 历史性 领袖 毛 前列 确认 套 唯一 文献 以后 以前 拥护 勇气 有助于 造就 泽东 正是 政党 郑重 中国 中山 
---- Cluster id #35 ----
Size: 27
八一队 打 对手 攻 国家队 击败 甲Ａ 教练 教练员 俱乐部 篮球 辽宁队 男篮 年轻 强劲 球 球队 球员 弱 赛季 输 体委 万达队 赢 遇 主教练 足球 
---- Cluster id #36 ----
Size: 33
伴随 报名 岛 锋 奉献 服务 号召 弘扬 雷 命名 某部 奶奶 青岛 青年 热线 商标 社 事迹 送给 同学 温馨 新风 新人 行动 学 与会者 再现 真情 征文 志愿 志愿者 助 注册 
---- Cluster id #37 ----
Size: 21
白宫 波黑 波音 担心 封锁 古巴 国会 解除 克隆 联邦 美 美国 美军 谴责 强烈 维和 显然 限制 削减 伊朗 意味着 
---- Cluster id #38 ----
Size: 35
班子 编者按 财务 村 村干部 村里 村民 村委会 村务公开 大事 该厂 干群 公开 公平 河北 河北省 后面 怀疑 基层 困扰 乱 满意 明白 农村 盼 前面 任职 上访 说法 推 推行 县里 乡镇 这项 阵地 
---- Cluster id #39 ----
Size: 37
办公 不便 差距 长江 都市 更新 购物 广场 机遇 竣工 开工 库区 民心 难题 凝聚 起步 企业界 前所未有 全市 人心 三峡 上下 上游 市政府 思路 吸引 修建 移民 振奋 振兴 之内 直辖市 值班 指挥部 中外 重庆 重庆市 
---- Cluster id #40 ----
Size: 34
阿根廷 安全 尝试 筹集 地面 丢 东方 短缺 飞 飞机 飞行 管制 国大党 航班 航空 航线 机场 架 竞选 昆明 扩建 蓝天 联盟 每人 民航 人次 人民党 荣获 授予 席位 印度 阵线 总局 租赁 
---- Cluster id #41 ----
Size: 31
本质 变为 初级阶段 对象 发达 犯 纲领 共产主义 贵 角色 境界 领导者 谋 判断 清楚 清醒 认识 失误 事物 手中 头脑 脱离 外部 一把手 意识 在于 知 种种 主体 资 自我 
---- Cluster id #42 ----
Size: 56
产品 产权 存量 大型 大中型 带动 单一 分散 改组 搞活 国外 国有 含量 积累 激烈 集体经济 计划经济 兼并 经济效益 经营 竞争 考核 困境 连锁 灵活 领导班子 目的 内部 能力 扭亏 牌 盘活 配置 破产 企业 前提 市场 收购 手段 销售 效率 行业 选择 迅速 营销 优 优势 运营 战略性 政企 支柱 中介 中小企业 壮大 追求 资产 
---- Cluster id #43 ----
Size: 35
安排 编制 财力 财税 财政 超 呈现 赤字 大于 得益 低于 抵 关税 加 减免 减少 开支 弥补 其中 欠 适度从紧 收入 收支 税 税收 税务 完成 相应 预算 元 增幅 征收 支出 专项 转移 
---- Cluster id #44 ----
Size: 14
巴金 编 编辑 电台 功夫 见解 交给 看法 少儿 文章 页 以为 早期 主编 
---- Cluster id #45 ----
Size: 14
采购 待遇 发电 核 核电站 黄金 可靠 投产 外国 网球 下属 新年伊始 赞助 专家 
---- Cluster id #46 ----
Size: 20
处 灌溉 建 节水 抗旱 面积 拍卖 全县 热潮 山区 谁 水 水利 水源 水资源 小麦 小型 新建 兴建 原有 
---- Cluster id #47 ----
Size: 26
爱 爱尔兰 爱心 北爱 布莱尔 幅 父亲 感动 家里 奖金 救助 捐 捐助 母亲 南北 女儿 启动 生日 思念 外面 现任 献 幸福 照片 子女 组委会 
---- Cluster id #48 ----
Size: 31
阿拉法特 巴 巴勒斯坦 撤军 冲突 辞职 打破 方案 分歧 和谈 华盛顿 进程 克林顿 库克 黎 黎巴嫩 南部 内阁 内塔尼亚胡 前夕 设想 士兵 西岸 叙利亚 耶路撒冷 以 以色列 犹太人 约旦河 直升机 中东 
---- Cluster id #49 ----
Size: 21
传播 传媒 邯钢 汉年 激发 禁止 看好 矿 煤 煤矿 媒介 媒体 全方位 体育 新闻 要素 运作 增值 这部 职业道德 资本 
---- Cluster id #50 ----
Size: 27
北 变 变化 吹 大气 地球 东 度 厄尔尼诺 附近 海洋 毫米 暖 气 气候 气象 全球 热带 上空 首席 太平洋 太阳 西 现象 响应 辛勤 咱 
---- Cluster id #51 ----
Size: 15
病毒 查获 出版物 盗版 非法 光盘 广东 海关 海上 货物 鸡 净化 农垦 挖 走私 
---- Cluster id #52 ----
Size: 37
表演 大师 风格 个性 观看 观众 轰动 虎踞 话剧 京剧 剧目 剧院 迈向 前线 上演 声 视野 替代 舞 舞蹈 舞剧 舞台 喜爱 戏 戏剧 戏曲 献身 象征 心灵 演 演出 演员 一流 艺术 艺术家 院 钟山 
---- Cluster id #53 ----
Size: 34
撤销 此次 答 大户 担 发行 方便 股东 挂牌 基金 简称 交易 交易所 开设 联网 买卖 披露 区别 上市 申报 深圳 提醒 投资 投资者 委托 问 营业部 账户 证监会 证券 指定 只 只能 资格 
---- Cluster id #54 ----
Size: 29
班长 冲 大学生 歹徒 刀 夫妻 过硬 海信 喊 呼唤 记 军营 刻苦 连队 脸上 玲 美丽 幕 派出所 青春 邱 停车 围 鲜花 英雄 员工 赞扬 战士 中队 
---- Cluster id #55 ----
Size: 19
储量 大庆 电厂 黄河 井 勘探 利比亚 立方米 欧佩克 青海 三角洲 石油 桶 委内瑞拉 油 油气 油田 原油 足够 
---- Cluster id #56 ----
Size: 7
该书 改制 股份合作制 股份制 轿车 社会化 资本主义 
---- Cluster id #57 ----
Size: 34
不如 吃饭 纯收入 带领 带头 党支部 地处 地上 短 工 靠 累 路子 迈进 面貌 能否 农药 怕 启示 穷 全村 山 抬 通 同样 投 物 县政府 修 依旧 易 者 致富 总产值 
---- Cluster id #58 ----
Size: 20
产业化 成果 到底 基建 集装箱 检测 科研 论文 满足 宁夏 清华 缺少 审计 系统 项目 消防 验收 转化 转换 咨询 
---- Cluster id #59 ----
Size: 28
播出 部 导演 电视剧 电影 改编 关根 国产 集 家电 精彩 镜头 描写 某 闹 拍 拍摄 品牌 圈 热闹 水浒传 思维 洗 新兴 性格 影视 知名 忠实 
---- Cluster id #60 ----
Size: 19
便宜 不可 乘客 打电话 饭店 高峰 军人 买 票 签 确实 师生 探亲 停留 享受 小姐 优惠 折 转 
---- Cluster id #61 ----
Size: 19
北部 北风 大雨 华北 华南 黄淮 级 江淮 江南 街道 局部 冷空气 偏 气温 气象台 天气 小到中雨 移 预计 
---- Cluster id #62 ----
Size: 36
边境 传递 磋商 对抗 反应 访华 感 高级 关系 华 回忆 会晤 柬埔寨 见面 临近 罗马尼亚 敏感 日期 身份 声明 时机 使馆 司长 苏 苏联 谈 谈话 同 外长 新任 愿意 越 越南 障碍 正常化 着手 
---- Cluster id #63 ----
Size: 22
报警 长沙 大队 罚 公安局 监控 交警 接到 警察 楼 民警 明星 女士 市区 手机 违章 巡警 义务 议论 支队 中小学生 抓获 
---- Cluster id #64 ----
Size: 9
福州 教堂 民工 室内 苏丹 团中央 外来 务工青年 校 
---- Cluster id #65 ----
Size: 17
拆 城市 雕塑 该市 公共 和谐 聚集 空间 类似 美术 门前 模式 哪个 内涵 市中心 有机 主题 
---- Cluster id #66 ----
Size: 150
办公室 办公厅 北京 北京大学 北京市 毕业 博士 部长 参加 常委 常务委员 车间 成员 冲击 出任 处长 大学 代理 党委 党校 党组 地委 东北 董事长 队长 分局 福建 福建省 副 干事 港 高中 工程师 工商联 工业部 工作组 共青团 顾问 管理局 广东省 广西 国防部 国务委员 哈尔滨 汉族 黑龙江 黑龙江省 红旗 湖北省 湖南 湖南省 化学 会长 获 吉林 吉林省 计委 加入 兼 教授 届 经理 局 局长 军分区 科长 科学院 理事会 联合会 辽宁 辽宁省 伦敦 秘书 秘书长 民革 民主党 名誉 男 内蒙古 其间 清华大学 全国 任 日内瓦 山东 上海 上海市 上将 沈阳 生 省 省长 省委 省政府 实业 市长 市委 受 书记 书记处 数学 水利部 四川省 所长 天津 天津市 铁路局 团 外事 委员 委员长 系 厦门 县委 校长 协会 学位 学习 学院 研究生 研究室 研究所 研究员 研究院 业余 议员 友协 院长 院士 政法 政委 政治部 政治局 职 中共 中共中央 中华 中学 中央 中央委员 主任 主任委员 主席 助理 专业 总队 总工会 总会 组长 组织部 
---- Cluster id #67 ----
Size: 86
案件 办案 暴力 爆炸 查办 呈 惩处 打击 当事人 递增 毒品 队伍 发票 法官 法院 犯罪 犯罪分子 方略 房地产 干警 干扰 公正 够 航运 合法 合同 贿赂 家庭 检察 件 建新 解释 金额 禁毒 纠纷 举报 类 类型 力气 每年 民事 宁波 判处 判决 赔偿 平均 破坏 抢劫 权益 人民法院 上升 涉嫌 审理 审判 售 受理 数额 思卿 司法 诉讼 贪污 危害 线索 效果 刑法 刑事 性质 严打 严厉 严肃 严重 一体 增大 增多 知识产权 职务 执法 执行 致使 制 秩序 治安 中级 宗旨 最高 渎职 
---- Cluster id #68 ----
Size: 27
城 承诺 创建 打假 到位 店 杜绝 防 活动 假货 假冒伪劣 联 群众性 热水器 商店 商家 实实在在 实事 投诉 退 无 消费者 信誉 引 载体 扎扎实实 中宣部 
---- Cluster id #69 ----
Size: 9
保险 不良 大中 法案 回收 垃圾 陌生 推销 债权 
---- Cluster id #70 ----
Size: 35
保健 儿童 歌舞团 海南省 合肥 河南省 江苏省 剧团 科 科教 科委 科协 农科院 三下乡 山东省 山西省 陕西省 社长 社区 食品 太原 图书馆 团长 微笑 卫生 宣传部 血 医疗 医生 医院 艺术团 云南省 浙江省 中医 中医药 
---- Cluster id #71 ----
Size: 23
杯 船 船舶 订 份额 骨干 喝 建造 接 接轨 接近 具 啤酒 起点 艘 缩短 屋 相比 消化 引进 造 周期 总公司 
---- Cluster id #72 ----
Size: 14
笔 冰箱 成都 此前 电器 动作 果断 科龙 论证 宁 迁 台 徐州 中期 
---- Cluster id #73 ----
Size: 26
本地 长春 长工 创办 地质 典礼 供应 光彩 光荣 何 艰苦 精力 乐 品质 平原 区 深感 深受 实验室 添 为由 用品 院校 找到 直至 装备 
---- Cluster id #74 ----
Size: 32
贬值 储备 东南亚 东亚 动荡 短期 风暴 官方 韩国 汇率 阶层 经常 竞争力 流动 流入 马来西亚 墨西哥 人民币 使得 顺差 泰国 外汇 外债 外资 吸取 削弱 信心 亚洲 因素 引发 影响 周边 
---- Cluster id #75 ----
Size: 21
爱护 待 导弹 懂得 改造 感人 工人阶级 估计 回去 敬爱 看待 另外 倾向 视为 水库 吸收 雪 赞成 真诚 知识分子 中间 
---- Cluster id #76 ----
Size: 32
称为 风 狗不理 顾客 挂 柜台 豪华 好像 红 互助 花 荒山 货 京城 理 落 卖 牡丹 牌子 旁 飘 时节 司 死 脱颖而出 献给 香 像 延安 这儿 真 正好 
---- Cluster id #77 ----
Size: 15
表面 发射 轨道 航天 火箭 科学家 拟 深处 太空 掀起 相声 幽默 月 月球 证实 
---- Cluster id #78 ----
Size: 15
笔者 表彰 长途 车 承办 分类 沟通 姑娘 火车站 姐妹 拉 热情 她们 提案 向前 
---- Cluster id #79 ----
Size: 88
榜样 宝贵 伯伯 不顾 才能 采访 崇高 初期 此事 促成 担任 诞辰 诞生 典范 独立 恩来 风范 复杂 革命家 公仆 共和国 国民党 怀念 坏 极端 急 坚定 艰难 接触 接见 杰出 尽 久 老一辈 离开 历程 领导人 留下 缅怀 那种 难忘 内外 内心 朋友 品格 前后 亲属 全世界 热爱 人格 人群 善于 身边 身上 深情 岁月 他 投身 挖掘 伟人 文化大革命 无产阶级 无限 牺牲 细致 想象 心血 心中 信念 休息 业绩 一生 遗产 永恒 忧 战友 争取 政治家 之际 之一 直到 智慧 中华民族 周 周年 卓越 走过 魅力 
---- Cluster id #80 ----
Size: 77
草案 常委会 常务 长官 程序 惩治 充实 抽查 筹备 代表 代表大会 地方 督促 法 法规 法律 法制 法治 赋予 改进 规范 规则 规章制度 国家机关 候选人 换届 汇报 季度 纪云 监督 检查 借鉴 决定 框架 老年人 立法 力求 每次 难点 起草 权威 热点 人大 人大代表 任期 日常 设立 审议 实施 适合 市场经济 授权 特别 提请 听取 委员会 宪法 香港 行使 行政区 修订 修改 选举 选民 依据 议案 议会 有益 征求 正当 职权 制定 治国 中华人民共和国 专门 组成 遵循 
---- Cluster id #81 ----
Size: 14
车辆 当地 公园 辆 门口 农场 跑 汽车 入 啥 生长 随意 为何 游人 
---- Cluster id #82 ----
Size: 45
安 办事处 薄 策略 春耕 村庄 党组织 敌人 底 动员 发动 根据地 共产党员 毁 汇 借助 军民 开办 开辟 抗日 抗战 空前 留给 旅 率领 民 命令 耐心 情绪 日报 拖 顽强 维持 下乡 雄厚 严峻 应付 踊跃 运动 战斗 掌握 政权 驻军 撰写 子文 
---- Cluster id #83 ----
Size: 22
报 部门 称 地震 发生 房屋 防震 负责 构成 监测 减灾 抢险 人民政府 丧失 伤亡 损失 县级 行政 预报 预测 灾害 造成 
---- Cluster id #84 ----
Size: 48
Ａ 包袱 包含 成本 出去 出于 代价 等于 动态 多元化 放弃 功能 固定 规模 过来 合并 合资 机会 集团 看来 可能 扩展 扩张 浪潮 垄断 某种 纽带 配 全新 塞 甚 失败 收益 无法 限度 销售额 行列 盈利 运转 占据 政府部门 值得 指明 专业化 总部 组合 最终 做法 
---- Cluster id #85 ----
Size: 32
安置 柏林 筹措 第三产业 分流 扶持 富余 岗位 工程 工会 技能 救济 就业 开业 困难 劳动力 劳务 门路 女工 失业 市 特困 退休 温暖 武汉 武汉市 下岗 兴办 用人 职工 职业 中心 
---- Cluster id #86 ----
Size: 31
背 边防 大棚 动物 动物园 恶劣 盖 高原 公斤 官兵 海拔 基地 艰辛 结 军区 空白 领 奇迹 摄氏度 蔬菜 挑 头 土 野生 玉米 栽培 种植 种子 重 株 猪 
---- Cluster id #87 ----
Size: 51
别的 成熟 创立 创造性 代 邓 邓小平理论 动摇 高潮 观察 观点 光辉 回答 继承 教训 阶段 经受 卷 决心 科学 理论 领会 论述 马克思主义 马列主义 毛泽东思想 面 命运 旗帜 前途 全党 确立 人事 人事部 三中全会 十四大 时代 实践 实质 逝世 特征 伟大 系列 鲜明 小平 兴起 展现 哲学 真理 指引 著作 
---- Cluster id #88 ----
Size: 11
云 出生 故居 计划生育 庞大 人均 人口 融入 少奇 优先 雨 
---- Cluster id #89 ----
Size: 22
百分点 筹资 存 存款 法定 幅度 高于 挂钩 降低 理顺 利率 利于 两会 名义 下调 现行 一般 用于 有利于 这次 准备金 准备金率 
---- Cluster id #90 ----
Size: 32
白色 邦国 代表团 放 放松 丰收 贵鲜 海南 急需 家宝 家华 坚实 科特迪瓦 龙头 农产品 农民 农业 千方百计 确保 深度 生物 收成 铁映 突破 稳 西非 因地制宜 营养 增产 增收 扎实 植物 
---- Cluster id #91 ----
Size: 21
澳 澳门 颁布 颁奖 比较 丛书 大楼 大厦 股份 回归 基本法 交接 竞赛 两地 商场 商厦 特区 听众 有限 有限公司 珠海 
---- Cluster id #92 ----
Size: 42
步骤 长远 潮流 大陆 大业 当局 对此 儿女 分离 分裂 海内外 海峡 和平 呼吁 回应 加深 交流 两岸 领土 民众 农历 企图 商谈 深远 势力 台湾 谈判 同胞 统一 完整 往来 务实 希望 现状 心愿 一国两制 愿望 主权 主张 状态 祖国 阻碍 
---- Cluster id #93 ----
Size: 36
本身 侧面 大道 单纯 懂 读者 封闭 风情 古典 规律 汉语 忽视 里面 内在 批评 缺乏 审美 生命力 失去 诗 诗歌 诗人 实验 双重 思 腿 文艺 欣赏 心理 形 修养 严谨 言 优美 誉为 之 
---- Cluster id #94 ----
Size: 25
并非 补 补贴 出售 大中城市 抵押 房 分配 福利 个人 工资 购 角 教职工 例 每月 实物 市场化 消费 小区 需 邮票 住房 住宅 租 
---- Cluster id #95 ----
Size: 30
不得 处罚 措施 等级 定价 罚款 干预 各自 给予 价格 紧急 经营者 其他 情节 权限 任何 商品 适用 属于 损害 提供 条 违法 行为 有关 责令 章 政府 指 遵守 
---- Cluster id #96 ----
Size: 97
阿拉伯 阿盟 阿齐兹 埃及 安理会 安南 奥尔布赖特 巴格达 巴黎 报道 本报 避免 波兰 常任 常驻 此间 达成 打算 大规模 地点 电 调解 动武 动用 发布会 发言人 法国 否认 符 各方 国防部长 国务卿 果 海湾 号 核查 记者 加紧 接受 结束 解决 紧张 谨慎 警告 救援 局势 拒绝 据悉 决议 开罗 科恩 科威特 理事国 立场 联合国 连日来 罗马 美联社 穆巴拉克 普里马科夫 前往 萨达姆 特使 特委会 通报 透露 途径 推迟 外交 外交大臣 晚 威胁 危机 为首 斡旋 武力 武器 希拉克 销毁 小组 协议 新华社 新闻界 寻求 伊 伊拉克 英 英国 约旦 之间 旨在 制裁 重申 准备 总统 总统府 最新 
---- Cluster id #97 ----
Size: 17
传销 发起 服务队 工商 工商局 获悉 健身 经贸委 老板 培训 培训班 普通话 生意 实用 武术 学员 依托 
---- Cluster id #98 ----
Size: 41
边 不错 尝 大姐 返回 覆盖 赶 跟 跟着 谷 关切 过去 合影 连 棉花 农家 葡萄 前来 全家 荣 上班 上来 声音 双手 踢 位于 乌鲁木齐 响 小伙子 新疆 选拔 阳光 毅仁 迎 犹如 远 摘 招 震 主人 坐 
---- Cluster id #99 ----
Size: 153
白 毕 兵 波 蔡 藏族 曹 朝鲜族 陈 程 迟 川 崔 戴 单 丁 董 杜 范 方 费 冯 傅 刚 高 葛 龚 古 顾 郭 韩 贺 洪 侯 胡 华夏 黄 回族 霍 吉 季 贾 健 建华 蒋 杰 解 金 锦华 晋 菊 俊 康 克 孔 兰 李 力 梁 亮 廖 林 刘 柳 卢 鲁 陆 吕 罗 马 满族 梅 蒙古族 孟 苗 苗族 敏 明 名 聂 牛 女 潘 秦 曲 全有 群 尚 邵 申 沈 施 史 舒 松 宋 孙 谭 唐 涛 陶 田 土家族 万 万年 汪 王 韦 维吾尔族 伟 魏 温 文 闻 吴 武 席 夏 向 肖 谢 星 熊 徐 许 薛 严 阎 杨 扬 姚 叶 彝族 毅 尹 勇 游 于 余 俞 袁 跃 云 曾 张 赵 郑 志 钟 朱 祝 壮族 邹 
---- Cluster id #100 ----
Size: 33
比重 表 从事 从业 单位 地区 东部 法人 分布 公报 共计 划分 结果 居委会 快速 末 年龄 普查 人数 人员 如下 数 数据 数量 西部 吸纳 以外 营业 拥有 占地 中部 总量 总数 
---- Cluster id #101 ----
Size: 49
被动 财富 操作 产业 成长 创新 到来 动力 发达国家 发明 发展中国家 分为 改变 概念 获取 机器 即 技术 进步 具备 科技 科技界 科教兴国 科学技术 劳动者 论断 面临 蓬勃 前沿 求 趋势 全球化 人工 人类 人力 软件 生产力 生存 世纪之交 挑战 信息 迅猛 应用 知识 知识经济 之上 智力 注入 走向 
---- Cluster id #102 ----
Size: 197
摆脱 帮 帮助 被告 本领 比如 变成 别人 不好 不同 不行 步 部分 差 产生 长 彻底 成 成功 充满 初 出 出来 此 大家 大门 带 当 到 得 等 电话 掉 东西 多 多少 儿子 发现 房子 份 父母 附 感受 搞 告别 告诉 个 给 孩子 后 话 怀 还有 换 回家 会 激动 极大 见 讲述 叫 近 据说 句 觉得 开 开会 开始 看 看出 看到 看看 考虑 苦 块 来 来到 老 离 理解 里 了 了解 另 令 留 没有 每个 们 面对 面前 名字 拿 哪 那 那个 那里 那么 那些 那样 难 呢 能 你们 年代 弄 片 起 前 情景 请 去 让 人 人家 人们 日子 如 如此 如何 上 上面 少 身 深 时 时候 时间 什么 事 事情 是 手 书法 属 说 送礼 岁 所在 他们 它 提到 天 听 听到 图片 完 完全 忘 为什么 位 我们 下来 下去 详细 小 些 辛苦 一起 依然 衣服 引起 应该 有 有的 有人 有些 遇到 载 在 早 怎么 怎样 站 找 这 这个 这块 这里 这么 这些 这样 这种 真实 知道 之后 之前 之外 之中 种 著名 住 自己 字 走 最后 做 
---- Cluster id #103 ----
Size: 46
吧 包 冰雪 不幸 炒 吃 倒 翻 夫妇 感情 敢 歌声 隔 虎 画 画家 回 回到 回来 寄 饺子 看见 老虎 临 妈妈 吗 忙 那天 南极 你 您 情 少年 生命 玩 望 我 喜欢 想 想到 想起 笑 行 印象 照 中国画 
---- Cluster id #104 ----
Size: 47
奥地利 遍 长城 春 春风 此时 大厅 动 动人 感染 歌剧 工地 海口 惠芬 激情 技巧 惊人 乐团 历时 联手 梦 描绘 年轻人 评论 人间 散 试 手术 她 躺 题写 天地 天下 维也纳 县城 校园 演奏 一代 遗憾 意志 音乐 音乐会 圆 扎 这时 重返 闵 
---- Cluster id #105 ----
Size: 19
波恩 布鲁塞尔 成员国 大众 德国 独联体 革新 缓慢 警方 科尔 马克 难民 欧盟 土耳其 希腊 一体化 意 意大利 元首 
---- Cluster id #106 ----
Size: 18
安徽 安徽省 电价 费用 高低 供电 管 降 交 郊区 每 农户 全省 县 乡 乡村 镇 整顿 
---- Cluster id #107 ----
Size: 31
档次 锭 纺织 非 付出 工业 攻坚战 过度 济南 截至 解困 净 举措 离退休 落后 契机 抢 敲 生产能力 升级 淘汰 突破口 退出 陷入 压 压锭 压缩 沿海 展开 郑州 重组 
---- Cluster id #108 ----
Size: 138
Ｂ 安定 半岛 保持 备忘录 本次 必要 不足 布局 步伐 采取 城乡 城镇 承包 承受 充足 出现 达到 带来 导向 调节 调控 调整 对外开放 发展 方式 放开 分开 风波 负担 改革 改善 干旱 高产 高新技术 搞好 各位 根本性 公务员 鼓励 固定资产 广播 国际 国民经济 国内外 好转 合理 宏观 化解 混乱 活力 基本建设 基础 机制 积极 计划 继续 加大 加快 减轻 减员增效 健康 节约 结构 进展 经济 经济社会 境外 居民 科普 快 扩大 牢固 利用 力度 力争 粮食 良好 零售 领域 流通 盲目 明显 能源 农副产品 农田 培育 平衡 平稳 浦东 潜力 倾斜 全 社会 深化 生产资料 生活 势头 适当 适度 适时 适应 试点 水平 缩小 台阶 态势 提高 体系 体制 同时 投入 妥善 拓宽 稳定 稳妥 稳中求进 物质 消费品 效益 压力 养老 一定 引导 优化 有利 有所 预定 增长点 增加 增添 债务 支撑 中西部 重点 重复 转变 着力 
---- Cluster id #109 ----
Size: 37
北约 表明 波罗的海 倡议 大国 多极化 俄 俄罗斯 访 各国 构想 伙伴 扩 莫斯科 谋求 欧 欧洲 签署 切尔诺梅尔金 认为 渗透 首脑 守 它们 条约 乌 乌克兰 西方 西欧 宪章 协定 协作 信任 亚 叶利钦 引人注目 舆论 
---- Cluster id #110 ----
Size: 30
朝 点 对 发 分工 高速 公里 股市 广 沪 津 京 九 卡 开通 客车 客运 列车 每天 纽约 商务 石家庄 提 为主 线 小时 沿线 以内 运行 指数 
---- Cluster id #111 ----
Size: 44
奥运会 澳大利亚 本届 比赛 冰球 长野 成绩 出色 冬奥会 夺 夺得 分 冠军 滑 滑雪 获得 角逐 金牌 锦标赛 决赛 领先 枚 米 秒 名将 名列 男子 难度 女子 挪威 赛场 上届 世界杯 速滑 跳 铜 选手 亚军 意外 银 游泳 中国队 妍 缪 
---- Cluster id #112 ----
Size: 12
得以 地理 富裕 哈 贫困 贫穷 生机 消除 演习 伊斯兰 争夺 中亚 
---- Cluster id #113 ----
Size: 32
爱国主义 保护 传统 档案 抵御 革命 工作者 规划 记录 纪念 纪念馆 建筑 精品 经费 礼貌 烈士 民政部 纳入 抢救 社会效益 神圣 收藏 特有 贴近 统筹 维修 文化部 文物 物质文明 责任感 展览 庄严 
---- Cluster id #114 ----
Size: 29
不利 产量 超过 出口 对外贸易 附加值 国内 机电 进出口 进口 居 咖啡 拉美 贸易 美元 全年 生产总值 失业率 通货膨胀率 投向 外贸 下降 新增 移动 原材料 增长 增长率 至 总额 
---- Cluster id #115 ----
Size: 10
创业 打工 钢铁 股 艰苦创业 艰苦奋斗 结婚 铁 冶金 自力更生 
---- Cluster id #116 ----
Size: 37
步入 菜篮子 产销 刺激 促使 低 副食品 格局 供给 供求 后果 缓解 回落 加剧 买方 徘徊 批发 趋 热 肉 上去 上涨 水果 通货膨胀 通胀 统计局 物价 下滑 相反 需求 虚假 抑制 原因 涨幅 正 正常 总 
---- Cluster id #117 ----
Size: 23
把 保卫 部队 称号 称赞 担负 锻炼 军委 练 平 认清 射击 使命 司令员 所属 透 忘记 武警 训练 战斗力 战役 忠诚 组建 
---- Cluster id #118 ----
Size: 30
比索 传真 大藏省 跌 东京 兑 兑换 对策 菲 菲律宾 官员 国务 汉城 合 缓 回升 马尼拉 桥本 日本 日元 收盘 苏哈托 下跌 雅加达 印度尼西亚 印尼 印尼盾 盈余 援助 职员 
---- Cluster id #119 ----
Size: 21
穿 春云 搭 洪水 红十字会 湖 湖北 姜 抗震救灾 拼搏 亲切 亲人 视 受伤 填 慰问 遭受 张家口 致以 子弟兵 总书记 
---- Cluster id #120 ----
Size: 87
版 包装 避孕 玻璃 采用 彩色 测试 插 地位 电子 独资 吨 辐射 服务业 港口 高档 高效 工艺 光 广告 含 化肥 化工 基因 机械 机组 激光 计算机 加工 检验 精 开发 空中 控股 连接 良种 码头 煤炭 摩托车 年产 农 配套 品种 期货 千瓦 桥梁 认证 容量 沙漠 设备 设计 生产 生产线 水电 水泥 饲料 塑料 隧道 天然 通信 同步 外商 卫星 相关 新型 性能 医药 仪 仪器 以上 以下 用 邮电 原料 允许 占 珍贵 纸 制品 制造 制作 中方 主导 专利 专用 装置 综合 
---- Cluster id #121 ----
Size: 24
北方 草 草地 草原 当中 该县 攻关 贵州 江西 可观 亩 南方 农业部 人均收入 认可 试验 踏 细 兴奋 畜 畜牧业 养 优质 中科院 
---- Cluster id #122 ----
Size: 26
斌 常 闯 大赛 段 番 获胜 开幕式 可谓 磊 名人战 盘 棋 棋手 取胜 赛 深圳市 通讯 围棋 讯 预赛 遭 战胜 主办 子 昊 
---- Cluster id #123 ----
Size: 49
颁发 办法 保留 本 采矿 采矿权 出资 登记 发布 范围 供 公告 管理 国务院 会同 缴纳 开采 勘查 矿产 领取 免 名称 年度 平方公里 评估 签订 日 申请 审批 施工 手续 探矿权 特定 提交 天然气 停止 图 限期 许可证 延续 予以 原 暂行 招标 主管 转让 资料 资源 最低 
---- Cluster id #124 ----
Size: 24
病人 窗口 分钟 哈佛 患者 疾病 评为 齐 上任 示范 收 挑选 同类 问世 药 药品 药物 医学 右 增至 这家 证书 治疗 中药 
---- Cluster id #125 ----
Size: 28
财产 差别 超出 超越 成分 非公有制 个体 公有制 归 过渡 经过 劳动 量 没收 民营 融合 手里 私人 私营 所有制 态度 同一 土地 消灭 占有 挣 着 资产阶级 
---- Cluster id #126 ----
Size: 28
彼此 乘 大臣 抵达 定期 访问 夫人 富有 国旗 荷 荷兰 互利 琳 隆重 卢森堡 陪同 鹏 频繁 首相 书面 议长 应邀 迎接 圆满 增进 正式 祝愿 驻华 
---- Cluster id #127 ----
Size: 15
大连 国土 汗水 绿 绿化 绿色 蒙古 青少年 庆林 全民 通道 西北 造福 造林 植树 
---- Cluster id #128 ----
Size: 41
比例 拆借 此举 贷款 担保 倒闭 发放 防范 分行 风险 负债 该行 工具 货币 机构 监管 结算 金融 金融业 客户 控制 来源 取消 融资 商品房 商业 收回 投放 现金 限额 信贷 信用 行长 业务 银行 银行业 约束 增 政策性 资本金 资金 
---- Cluster id #129 ----
Size: 24
保存 层 常州 词 大街 风景 古老 国民 河 利税 名人 浓郁 品位 气息 盛 书画 推荐 文化 下功夫 营造 优秀 云龙 运河 自豪 
---- Cluster id #130 ----
Size: 25
大桥 放心 公益 回报 基金会 记得 家乡 将军 捐款 捐赠 渴望 美德 目光 批示 桥 失学 释放 托 西安 希望工程 小学 心 样子 资助 自律 
---- Cluster id #131 ----
Size: 31
北大 边界 初步 大 公司 衡量 互补 集团公司 家 简单 进入 经济学 距离 跨 宽 亏损 联合 连续 排 排名 评 其 强 实力 世界 速度 通用 相当 一样 杂志 真正 
---- Cluster id #132 ----
Size: 9
产 定 减 精简 利 膨胀 入手 原来 转向 
---- Cluster id #133 ----
Size: 29
啊 拜年 病 残疾人 错 答应 关怀 呼声 来访 来信 老百姓 老区 粮 楼房 迈 哪些 上学 深切 送 听说 停产 小事 新村 心里 信访 呀 一家 住院 装 
---- Cluster id #134 ----
Size: 17
编者 陈旧 出路 等待 扶 干 工人 活 没 期待 上岗 师傅 实 特困户 依赖 丈夫 走访 
---- Cluster id #135 ----
Size: 46
奔 楚政 床 登 顶 冬 断 富 根 孤儿 好事 划 患 挤 建房 脚 进 举 开阔 啦 老伴 老人 流 龙 冒 民兵 爬 彭 清 如同 双 似 趟 脱贫致富 湘西 乡亲 羊 养猪 逾 阵阵 只见 州 仔细 自治州 足 组 
---- Cluster id #136 ----
Size: 6
公顷 检察长 农科教 批准 任命 水稻 
---- Cluster id #137 ----
Size: 30
层层 城区 承担 出租车 堆 岗 机动车 加重 交通 街 街头 扣 南宁 南宁市 人人 认定 伤 事故 市民 双拥 司机 死亡 文明 现场 行人 责任 真相 整治 撞 自行车 
---- Cluster id #138 ----
Size: 46
爱国 冰 参观 传达 党内 得知 对方 封 负责人 告 恢复 家属 家中 间 交谈 民主党派 那时 南京 凝聚力 浓 迫害 亲 青 轻松 去世 人士 身体 事件 熟悉 天安门 统一战线 统战 统战部 外出 文革 文件 先生 显得 信 隐患 遭到 照顾 召集 知名人士 指示 总理 
---- Cluster id #139 ----
Size: 25
败 本轮 比分 场 队 队员 夺冠 负 河南 江苏 联赛 轮 男排 女排 排球 其余 升 胜 四川 厅 位置 战 浙江 支 主场 
---- Cluster id #140 ----
Size: 17
博物馆 长足 防火 公众 还 火灾 齐全 森林 失 首都 喜悦 兴趣 颖超 忧虑 展 展出 致 
