---- Cluster id #1 ----
Size: 29
爱尔兰 成分 存量 党建 非公有制 分离 公有制 股份制 归 国际象棋 轿车 经过 经济效益 量 民营 气象台 塞拉利昂 社会化 手里 所有制 土地 消灭 小到中雨 形式 要素 优 增值 资本 资本主义 
---- Cluster id #2 ----
Size: 24
大选 党派 东盟 国大党 国王 红色 回国 警方 竞选 科尔 拉那烈 领先 曼谷 能否 请求 人民党 席 席位 选民 选票 印度 阵线 政党 政局 
---- Cluster id #3 ----
Size: 9
爱好者 防火 公顷 花园 火灾 农科教 森林 省区 消防 
---- Cluster id #4 ----
Size: 28
贬值 不利 出口 储备 东南亚 动荡 短期 官方 汇率 经常 竞争力 流入 墨西哥 人民币 顺差 泰国 投向 外汇 外贸 外资 吸取 下降 削弱 亚洲 依赖 因素 影响 周边 
---- Cluster id #5 ----
Size: 17
传播 传媒 大众 健身 来华 留学 留学生 媒介 媒体 企业界 赛事 体委 体育 网球 武术 与会者 赞助 
---- Cluster id #6 ----
Size: 12
采购 采用 出于 获悉 家具 节省 两地 明星 星 颖超 招标 致 
---- Cluster id #7 ----
Size: 19
部分 大树 奠定 分析 该书 经典 经济学 卷 课题 马克思主义 年代 时代 视为 原理 再现 展现 哲学 主编 著作 
---- Cluster id #8 ----
Size: 40
澳大利亚 比赛 成绩 出色 打破 大赛 夺 夺得 分 冠军 滑 获得 角逐 教练 金牌 锦标赛 决赛 另外 枚 米 秒 名将 名列 男子 女子 挪威 破 赛场 上届 射击 世界杯 世界纪录 速滑 铜 选手 亚军 银 游泳 中国队 妍 
---- Cluster id #9 ----
Size: 22
阿 阿尔及利亚 巴金 大使馆 非洲 华侨 华人 建交 南非 其琛 钱 庆祝 社团 外交部长 问候 相声 页 意 幽默 有着 祝愿 转达 
---- Cluster id #10 ----
Size: 37
初中 堆 儿子 父母 故乡 过 孩子 合肥 贺卡 花钱 寄 老人 磊 拿 奶奶 内心 女儿 亲 亲人 青岛 上学 尚 少年 师傅 收 思念 送礼 岁 同学 文章 小 信 薛 寻找 一家 征文 志愿 
---- Cluster id #11 ----
Size: 25
本人 操作 撤销 此次 代理 倒闭 分行 该 该行 股东 关闭 国民 监管 交易 巨额 申报 事件 首席 属 损失 提醒 未能 选择 营业部 指定 
---- Cluster id #12 ----
Size: 21
长江 船 船舶 典礼 订 骨干 航运 建造 接轨 开工 起点 三角洲 艘 缩短 相比 消化 引进 运河 造 周期 总公司 
---- Cluster id #13 ----
Size: 20
表彰 仓库 大地 国土 汗水 黄河 棵 兰州 绿 绿化 绿色 青少年 全民 树 水库 西北 栽 造福 造林 植树 
---- Cluster id #14 ----
Size: 22
奔 层层 城区 出租车 创建 大街 激励 精神文明 扣 礼貌 南宁 南宁市 评选 群众性 人人 实事 市民 双拥 文明 务实 修养 引人注目 
---- Cluster id #15 ----
Size: 43
安 办事处 薄 不幸 策略 春 党性 党员 党组织 敌人 底 动员 发动 发起 根据地 共产党员 汇 借助 军民 开办 开辟 抗日 抗战 留给 率领 民 命令 耐心 情绪 日报 拖 顽强 维持 雄厚 严峻 应付 踊跃 勇敢 运动 掌握 政权 驻军 子文 
---- Cluster id #16 ----
Size: 79
颁发 办法 办理 保留 本 补充 采矿 采矿权 出资 逮捕 登记 法庭 范围 公安 公告 管辖 规定 机关 检察院 鉴定 缴纳 结论 居住 开采 勘查 可以 款 矿产 理由 领取 律师 秘密 名称 内 年度 批准 聘请 平方公里 期限 签订 权 日 上述 申请 审批 省级 是否 收到 收集 收取 手续 说明 随 探矿权 提交 天然气 铁 停止 通知 同意 嫌疑人 限期 刑事诉讼法 姓名 许可证 询问 延长 延续 应当 予以 原 在场 暂行 照片 侦查 证据 证明 转让 最低 
---- Cluster id #17 ----
Size: 44
百分点 比例 拆借 长期以来 存 存款 贷款 担保 发放 法定 幅度 负债 工具 挂钩 机构 降低 结算 金融 金融业 考核 理顺 利率 利于 名义 哪些 取消 商品房 商业 投放 下调 现金 现行 限额 信贷 行长 一般 银行 用于 有利于 这次 政策性 准备金 准备金率 资金 
---- Cluster id #18 ----
Size: 42
不满 不懈 步骤 潮流 大陆 大业 当局 分裂 共同 构想 关系 海内外 海峡 和平 呼吁 回应 交流 警惕 两岸 领土 民众 企图 商谈 深远 势力 台湾 谈判 同胞 统一 推动 完整 往来 希望 现状 心愿 愿望 赞同 主权 主张 状态 祖国 阻碍 
---- Cluster id #19 ----
Size: 33
比索 传真 跌 东亚 兑 兑换 菲 菲律宾 纷纷 风暴 韩国 汉城 缓 回升 据悉 马来西亚 马尼拉 贸易 美元 苏哈托 通货膨胀率 外债 下跌 雅加达 印度尼西亚 印尼 印尼盾 盈余 预计 援助 月 增长率 至 
---- Cluster id #20 ----
Size: 15
安全 称号 杜绝 飞行 管制 航班 空中 昆明 两会 民航 难度 荣获 授予 通报 总局 
---- Cluster id #21 ----
Size: 22
斌 常 段 番 获胜 可谓 名人 名人战 盘 棋 棋手 取胜 深圳市 通讯 围棋 讯 预赛 遭 战胜 主办 子 昊 
---- Cluster id #22 ----
Size: 16
大楼 大厦 狗不理 股份 老板 门前 南昌 商标 商场 商厦 贴 为何 有限 有限公司 真 注册 
---- Cluster id #23 ----
Size: 23
病人 分钟 管理局 哈佛 患者 疾病 批示 评为 挑选 同类 外国 问世 药 药品 药物 医学 增至 证书 治疗 中药 中医 中医药 专家 
---- Cluster id #24 ----
Size: 13
便宜 查获 出版物 盗版 非法 光盘 海关 海上 净化 软件 室内 挖 走私 
---- Cluster id #25 ----
Size: 26
处 灌溉 罕见 黄淮 抗旱 来源 立方米 路子 面积 拍卖 全县 热潮 山区 谁 水 水利 水源 水资源 投 小麦 小型 兴建 严禁 一派 雨 原有 
---- Cluster id #26 ----
Size: 31
阿拉法特 巴 巴勒斯坦 撤军 冲突 分歧 和谈 华盛顿 会谈 进程 克林顿 库克 黎 黎巴嫩 南部 内阁 内塔尼亚胡 前夕 设想 士兵 西岸 叙利亚 宣布 耶路撒冷 以 以色列 印 犹太人 约旦河 直升机 中东 
---- Cluster id #27 ----
Size: 27
班 伴随 锋 奉献 幅 服务队 感受 姑娘 弘扬 纪念馆 雷 命名 某部 派出所 青年 人生 事迹 首都 送给 题词 祥和 新风 新人 学 展出 真情 志愿者 
---- Cluster id #28 ----
Size: 23
包含 比如 变为 初级阶段 处在 发达 富 纲领 共产主义 国情 基本 阶段 刻苦 谋 判断 清楚 认清 失误 忘记 无限 至关重要 治 准确 
---- Cluster id #29 ----
Size: 28
朝 对 分工 公里 广 核 核电站 沪 货物 津 京 九 卡 开通 客车 客运 列车 每天 其余 石家庄 提 图 为主 线 小时 以内 运行 运营 
---- Cluster id #30 ----
Size: 18
长沙 大庆 队 队长 队员 国民党 剧团 抗 幕 迫害 前线 烧 厅 掀起 油田 遇 遭到 直至 
---- Cluster id #31 ----
Size: 9
包装 被告 儿童 广告 吉 家长 精美 身体 食品 
---- Cluster id #32 ----
Size: 89
倍 拨 拨款 不足 藏 册 场所 出版 处于 传 纯收入 达 得出 地 佛教 各类 公民 共有 固定 汉 黄金 基建 级 继 价 监狱 建成 交付 教 节日 今 近年来 经 境内 旧 拉萨 累计 历时 列为 流行 论 每 免费 民间 年均 平方米 平均 瓶 权利 全国性 全区 人均 设有 省市 使用 世 首要 受灾 所 特殊 图书 卫生 西藏 习惯 现有 县 享有 信仰 修复 悬挂 学术 严寒 遗产 拥有 原始 遭受 占有 整理 政 证实 支援 中央政府 助 撰写 状况 自治区 罪犯 尊重 座 
---- Cluster id #33 ----
Size: 30
长期 大家庭 抵御 地区 对方 各 各族 共建 光辉 加速 结成 景象 民族 凝聚力 平等 迫切 强大 区域 少数民族 适合 团结 迎来 之下 中华民族 中西部 忠实 自愿 自治 自治县 自治州 
---- Cluster id #34 ----
Size: 14
波音 成员国 估计 观众 剧院 利比亚 欧佩克 上演 石油 桶 委内瑞拉 戏 演 原油 
---- Cluster id #35 ----
Size: 23
白酒 北风 查 工商 工商局 故居 甲醇 假 酒 局 咖啡 煤矿 山西 山西省 少奇 收回 售 死亡 摘 制 中毒 抓获 总书记 
---- Cluster id #36 ----
Size: 41
层 常州 承办 大道 懂 读者 封闭 风情 富有 高中 革新 个性 沟通 古典 堪称 凝聚 批评 品位 桥 桥梁 缺乏 审美 失去 诗歌 诗人 实验 思 提案 文化 欣赏 心理 心声 严谨 言 营造 优秀 右 誉为 崭新 者 之 
---- Cluster id #37 ----
Size: 40
八一队 败 本轮 比分 场 打 对手 夺冠 负 击败 甲Ａ 教练员 精彩 居 俱乐部 篮球 联赛 辽宁队 轮 男篮 男排 女排 排球 强劲 球 球队 球员 弱 赛季 升 胜 输 四川 万达队 位置 战 浙江 主场 主教练 足球 
---- Cluster id #38 ----
Size: 24
本地 长工 储量 创办 地质 发现 工厂 供应 光荣 何 华北 艰苦 勘探 乐 品质 平原 区 实验室 为由 献身 依旧 找到 装备 子女 
---- Cluster id #39 ----
Size: 40
乘 大臣 抵 抵达 定期 访问 夫人 钢铁 国旗 荷 荷兰 欢迎 交换 琳 隆重 卢森堡 欧 欧盟 旁 陪同 鹏 频繁 期待 前来 亲切 人群 首相 书面 外经贸部 为期 相互 兴趣 亚 迎接 友好 友协 圆满 正式 驻华 总理 
---- Cluster id #40 ----
Size: 25
班长 兵 补 灯 电厂 读 读书 感慨 过年 汉语 洪水 记 鲁迅 买 难免 日记 生日 视 书 书店 书籍 武 战士 中队 总队 
---- Cluster id #41 ----
Size: 26
抱 车站 春运 公路 广州 火车 纪录 开发区 昆 老区 列 临时 旅客 麻烦 南 神 售票 探亲 铁道部 铁路 通道 沿线 涌 运 运输 增收 
---- Cluster id #42 ----
Size: 12
病毒 长官 放心 港 供 活 鸡 建华 社长 司长 特区 驻 
---- Cluster id #43 ----
Size: 35
厂 此案 地面 地下 电力 发电 个人 功 奖励 金钱 距离 跨越 扩建 漏洞 妻子 器材 任何 荣誉 设施 施工 时健 所在 条例 外 物品 线路 新建 烟 延伸 应 云南 账 追 作业 褚 
---- Cluster id #44 ----
Size: 143
白 毕 蔡 藏族 曹 朝鲜族 陈 程 川 崔 戴 单 丁 董 杜 范 方 费 冯 傅 刚 高 葛 古 谷 顾 关 郭 韩 贺 洪 侯 胡 华夏 黄 回族 霍 季 贾 健 姜 蒋 杰 解 金 锦华 晋 俊 克 孔 兰 李 力 梁 亮 廖 林 刘 柳 卢 鲁 陆 吕 罗 马 满族 梅 蒙古族 孟 苗 苗族 敏 明 名 聂 牛 女 潘 平 齐 秦 曲 全有 群 邵 申 沈 施 史 舒 松 宋 孙 谭 汤 唐 涛 陶 田 土家族 万 万年 汪 王 韦 维吾尔族 伟 魏 文 闻 吴 夏 向 肖 谢 熊 徐 许 严 阎 杨 扬 姚 叶 彝族 易 毅 尹 勇 游 于 余 俞 袁 曾 张 赵 郑 钟 朱 祝 壮族 邹 
---- Cluster id #45 ----
Size: 18
本身 侧面 超出 单纯 对立 规律 忽视 见解 具 里面 论述 内在 使得 双重 腿 文艺 自觉 左 
---- Cluster id #46 ----
Size: 14
ＶＣＤ 百富勤 厂家 电信 港元 国企 华为 集资 降价 惊人 可观 伊朗 知名 崛起 
---- Cluster id #47 ----
Size: 37
安置 柏林 出路 创业 第三产业 分流 扶持 服务 富余 该厂 干 岗位 工程 技能 介绍 就业 困难 劳动力 劳务 没 门路 免 女工 上岗 社区 失业 市 特困 退休 武汉市 下岗 用人 优惠 职工 职业 中心 走访 
---- Cluster id #48 ----
Size: 11
巴西 储蓄 看好 客户 迈进 水准 私人 随意 银行业 影片 这家 
---- Cluster id #49 ----
Size: 20
笔者 长途 车 公园 换 火车站 姐妹 拉 辆 门口 农场 汽车 全场 入 啥 挑 停 维修 游人 这块 
---- Cluster id #50 ----
Size: 99
阿盟 阿齐兹 安理会 安南 奥尔布赖特 巴格达 巴黎 白宫 报道 本报 避免 编辑 表示 波兰 布莱尔 常任 常驻 此间 达成 打电话 打算 大规模 担心 地点 电 电话 调解 动武 动用 发布会 发言人 法国 反对 否认 符 各方 关切 国务卿 果 海湾 号 核查 记者 加紧 接受 结束 解决 紧张 谨慎 警告 救援 局势 拒绝 科恩 科威特 理事国 立场 联合国 连日来 罗马 美 美联社 穆巴拉克 普里马科夫 前往 萨达姆 特使 特委会 透露 途径 土耳其 推迟 外交 晚 威胁 危机 斡旋 武力 武器 希拉克 销毁 小组 协议 新华社 行 行动 寻求 伊 伊拉克 英 英国 约旦 之前 制裁 重申 准备 总统 总统府 最新 
---- Cluster id #51 ----
Size: 132
办公室 办公厅 北京 北京大学 北京市 毕业 博士 部长 参加 常委 常务委员 厂长 车间 成都 成员 冲击 出任 大学 当选 党委 党校 党组 地委 东北 董事长 分局 福建 福建省 副 干事 工程师 工商联 工业部 工作组 共青团 顾问 广东省 国务委员 哈尔滨 汉族 黑龙江 黑龙江省 湖北省 湖南 华南 化学 会长 获 吉林 吉林省 计委 加入 兼 检察长 教授 届 经理 局长 军分区 科长 科学院 联合会 辽宁 辽宁省 秘书 秘书长 民政部 民主党 名誉 男 其间 清华大学 人事部 任 山东 上海 上海市 沈阳 生 省 省长 省委 省政府 实业 市长 市委 受 书记 书记处 数学 水利部 所长 天津 天津市 外事 委员 委员长 系 县委 校长 协会 学位 学习 学院 研究生 研究室 研究所 研究员 研究院 业余 议员 院长 院士 政法 政委 政治局 职 中共 中共中央 中华 中学 中央 中央委员 主任 主任委员 主席 助理 住院 专业 总会 组长 组织部 
---- Cluster id #52 ----
Size: 26
爱心 得以 地理 富裕 感动 公益 家里 救助 捐 捐款 捐助 美德 母亲 那天 贫困 贫穷 启动 失学 她们 希望工程 现任 献 消除 幸福 资助 自力更生 
---- Cluster id #53 ----
Size: 29
笔 边 倡议 超 闯 此举 大海 短短 国家级 海 怀 家乡 杰出 军人 军营 累 利税 平静 企业家 欠 深处 生意 盛 脱 望 意味着 云龙 这时 最佳 
---- Cluster id #54 ----
Size: 56
被动 财富 产业 成长 创新 创造 带动 到来 动力 发达国家 发明 发展中国家 分为 改变 赶 获取 积累 即 技术 进步 具备 科技 科技界 科教兴国 科学技术 劳动者 论断 面临 蓬勃 前沿 求 趋势 全球化 人工 人类 人力 生产力 生存 世纪之交 挑战 显著 兴起 迅猛 研究 应用 优先 在于 战略 知识 知识经济 之上 智力 注入 转向 综合国力 走向 
---- Cluster id #55 ----
Size: 23
车辆 承担 繁华 机动车 加重 交警 交通 怕 抢救 认定 伤 事故 司机 停车 违章 现场 心态 行人 责任 真相 支队 撞 自行车 
---- Cluster id #56 ----
Size: 22
比 比利时 布鲁塞尔 传销 丹麦 高层 国务 互访 会见 建设性 联邦 连锁 论坛 年会 日内瓦 瑞士 世贸 输出 外交大臣 西班牙 新华 岚清 
---- Cluster id #57 ----
Size: 12
出访 国家队 加 加拿大 加元 监控 拉美 墨 削减 有助于 智利 主 
---- Cluster id #58 ----
Size: 32
北大 边界 初步 大 公司 衡量 互补 集团公司 家 简单 进出口 进入 跨 宽 亏损 联合 连续 排 排名 评 其 强 实力 世界 速度 通用 下属 相当 一样 有的 杂志 真正 
---- Cluster id #59 ----
Size: 13
拜年 工会 关根 佳节 健行 开幕 劳动模范 庆林 摄 尉 致以 主席台 总工会 
---- Cluster id #60 ----
Size: 44
薄弱 毕业生 编写 财经 出国 代 待遇 风气 该校 高等 高度 高考 国家教委 怀着 回来 基金会 教材 教师 教学 教育 考试 课 课程 课堂 老师 面向 年级 培养 普及 普通 人才 师生 什么样 素质 西南 小学 新加坡 学生 学校 战线 招生 中等 中小学 中小学生 
---- Cluster id #61 ----
Size: 45
编 变革 表现 部 沉重 创作 独特 多样化 父亲 感人 汉年 获奖 讲究 精品 刊物 栏目 门 期刊 倾向 情感 秋 人物 散文 深 试图 收获 思考 塑造 题材 贴近 痛苦 舞蹈 舞剧 显 显示 现实 线索 形象 性格 这部 专栏 姿态 尊严 作品 作者 
---- Cluster id #62 ----
Size: 43
步入 刺激 促使 代价 低 放松 高低 高速 供给 供求 过度 后果 缓解 回落 加剧 看出 买方 农产品 徘徊 膨胀 趋 热 上去 上涨 停产 通货膨胀 通胀 统计局 物价 下滑 显然 相反 消费品 需求 虚假 抑制 引发 原因 涨幅 正 正常 诸如 总 
---- Cluster id #63 ----
Size: 11
版 发射 改 航天 火箭 货币 急需 卢布 太空 研制 值 
---- Cluster id #64 ----
Size: 24
档次 掉 锭 湖北 机器 济南 减 江南 截至 老 离退休 落后 抢 敲 淘汰 通 武汉 压 压锭 压缩 郑州 重组 主动 抓住 
---- Cluster id #65 ----
Size: 17
背后 村庄 东北部 风景 欢乐 季节 记忆 旅游 旅游业 落 飘 微笑 喜悦 心灵 雪 阳光 游客 
---- Cluster id #66 ----
Size: 50
把 陈旧 楚政 床 带领 地上 冬 断 份 根 工地 孤儿 好事 划 患 急 挤 建房 脚 进 举 开阔 拉开 啦 流 龙 冒 民兵 爬 彭 清 如同 双 睡 似 躺 趟 脱贫致富 碗 湘西 乡亲 血 养猪 逾 扎 阵阵 只见 州 仔细 足 
---- Cluster id #67 ----
Size: 31
办公 大雨 地处 岗 挂牌 光彩 喝 回家 毁 记录 奖金 郊区 解除 空 块 老伴 年轻 奇迹 上班 设 深感 市区 洗 相似 徐州 验收 一流 员工 跃 支 资 
---- Cluster id #68 ----
Size: 21
澳 澳门 颁布 丛书 发言 繁荣 过渡 回归 基本法 交接 竞赛 美好 内地 平稳 事务 听众 为首 香港 信心 一国两制 珠海 
---- Cluster id #69 ----
Size: 25
并非 补贴 出售 大中城市 德国 抵押 房 分配 福利 工资 购 角 例 马克 每月 实物 市场化 享受 消费 小区 需 支付 住房 住宅 租 
---- Cluster id #70 ----
Size: 14
股 化肥 江淮 节水 经济林 拟 派 配 披露 税 送 增 指标 转 
---- Cluster id #71 ----
Size: 263
啊 爱 爱护 摆脱 榜样 包括 宝贵 编者 病 伯伯 不顾 不好 不同 不行 步 才能 采访 产生 长 倡导 彻底 成 成功 成立 成为 初 初期 出 出来 此 此后 此事 存在 错 打开 大家 大门 带 诞辰 当 到 得 典范 调 东西 懂得 度过 多 恩来 房子 复杂 附 改造 感情 搞 个 给 公仆 贡献 鼓舞 关怀 关心 关注 官僚主义 过程 好 后 话 怀念 还有 恢复 回顾 会 汇报 极大 极端 记得 加以 坚定 间 艰难 见 交谈 叫 接触 接见 近 尽 精力 经历 敬爱 久 巨大 具体 觉得 决心 开始 看待 看到 靠 肯定 苦 来 老一辈 离 离开 理解 里 历程 力量 了 了解 领导人 令 留下 没有 每个 面对 面前 明确 名字 哪里 那里 那么 那样 那种 难 难忘 内外 能 排除 朋友 期间 期望 起 起到 前 前后 亲属 倾听 情 情景 请 去 去世 确实 让 热爱 热情 人 人格 人们 日子 如 如此 如何 善于 上 少 身 身边 身上 深刻 深切 深情 深受 生动 时 时机 时间 什么 使 事 事情 是 视察 受到 说 岁月 他 他们 它 态度 提到 体现 听说 同志 投身 图片 挖掘 完 完全 为什么 伟人 位 问题 我们 无产阶级 牺牲 细致 下 下来 下去 详细 想到 想象 些 心 心里 心血 心中 信念 休息 学会 样子 冶金 一起 一切 一生 依然 以为 引起 应该 赢得 忧 有 有些 遇到 在 赞成 早 怎样 战友 站 找 这 这些 这样 这种 政治家 知识分子 之后 之际 之一 之中 直到 只能 智慧 中 中间 种种 周 著名 住 卓越 资产阶级 自己 字 走 最后 做 做到 魅力 
---- Cluster id #72 ----
Size: 24
冰箱 产品 抽查 电器 动作 份额 国产 果断 合格 激烈 家电 科龙 空气 论证 名牌 牌 品牌 迁 台 同样 稳 兴 用户 质量 
---- Cluster id #73 ----
Size: 32
报 不得 部门 称 地震 发布 房屋 防震 负责 给予 构成 规划 国务院 会同 监测 减灾 其他 情节 人民政府 丧失 伤亡 条 违反 县级 有关 预报 预测 灾害 造成 责令 指 主管 
---- Cluster id #74 ----
Size: 21
办学 部委 成人 点 分类 高等教育 高校 股市 教职工 浪费 伦敦 纽约 人文 设置 收盘 所属 新村 学科 月球 指数 重复 
---- Cluster id #75 ----
Size: 14
阿拉伯 埃及 街 街头 结婚 开罗 恐怖 冷空气 理事会 谴责 人家 苏丹 鱼 旨在 
---- Cluster id #76 ----
Size: 27
差别 纺织 非 付出 工业 攻坚战 国有 含量 解困 净 举措 困境 理 扭亏 庞大 配置 契机 生产能力 升级 突破口 退出 陷入 沿海 永恒 有机 展开 整个 
---- Cluster id #77 ----
Size: 22
吧 吃饭 搭 答应 大姐 对付 饭店 夫妇 夫妻 跟 跟着 开会 那时 荣 声音 踢 推荐 小伙子 新年伊始 毅仁 赢 周年 
---- Cluster id #78 ----
Size: 31
白色 背 边防 产 称赞 大棚 恶劣 盖 高原 公斤 官兵 海拔 基地 艰辛 结 军区 空白 领 们 棉花 气温 摄氏度 蔬菜 土 玉米 栽培 种植 种子 重 株 猪 
---- Cluster id #79 ----
Size: 27
Ｄ 巴基斯坦 贝宁 大会堂 大使 感到 感谢 高兴 经受 客人 来访 莫 莫桑比克 气氛 签字 探讨 卫生部 相信 谢里夫 也 也门 仪式 友谊 愿 赞赏 真诚 卓有成效 
---- Cluster id #80 ----
Size: 43
安徽 班子 编者按 财务 村 村干部 村里 村民 村委会 村务公开 大事 党支部 电价 干群 供电 公开 管 河北 后面 呼声 怀疑 基层 降 交 龙头 乱 满意 明白 农村 农户 农民 盼 前面 全省 任职 上访 说法 投票 推行 县里 乡 这项 整顿 
---- Cluster id #81 ----
Size: 60
Ａ 包袱 表面 不如 成本 出去 大型 等于 多元化 方向 费用 分散 功能 规模 国外 海信 合并 缓慢 机会 集团 兼并 经营 竞争 看来 可能 扩展 扩张 浪潮 垄断 目的 内部 纽带 破产 企业 甚 收益 无法 限度 销售 销售额 效率 行列 行业 迅速 业务 营销 盈利 运转 政府部门 值得 指明 中介 专业化 赚 追求 资产 总部 组合 最终 做法 
---- Cluster id #82 ----
Size: 90
案 案件 办案 暴力 爆炸 财产 查办 呈 惩处 打击 当事人 递增 毒品 队伍 发票 罚 法官 法院 犯罪 犯罪分子 方略 房地产 干警 干扰 公正 够 合法 合同 贿赂 检察 件 解释 金额 禁毒 纠纷 举报 可靠 类 类型 立案 力气 每年 民事 宁波 判处 判决 培训班 赔偿 破坏 起诉 抢劫 轻 权益 人民法院 上升 涉及 涉嫌 审查 审理 审判 受理 数额 思卿 司法 诉讼 贪污 提起 危害 维护 刑法 刑事 性质 严打 严厉 严肃 严重 一体 增大 增多 知识产权 职务 执法 执行 秩序 治安 中级 宗旨 最高 罪 渎职 
---- Cluster id #83 ----
Size: 34
爱国 冰 参观 传达 党内 得知 负责人 告 工人阶级 纪念 看看 缅怀 民革 民主党派 浓 青 轻松 人士 提倡 天安门 统一战线 统战 统战部 外出 文革 文件 先生 显得 业绩 隐患 照顾 召集 知名人士 指示 
---- Cluster id #84 ----
Size: 58
保卫 爆发 部队 参与 长征 朝鲜 持久 促成 担负 诞生 导弹 到达 独立自主 锻炼 夺取 巩固 共和国 国防 海军 红军 后勤 解放军 进攻 经济基础 军队 军事 军委 抗日战争 空军 练 篇 迫使 全军 人民军队 生涯 胜利 时期 文选 武警 武装 消极 协助 训练 院校 占领 战斗 战斗力 战术 战役 战争 争取 指挥 中央军委 忠诚 壮大 总政治部 组建 作战 
---- Cluster id #85 ----
Size: 23
拆 城市 雕塑 风格 感染 公共 公众 和谐 建筑 街道 聚集 空间 垃圾 类似 模式 哪个 内涵 铺 市中心 喜爱 印象 主题 装 
---- Cluster id #86 ----
Size: 20
不怕 乘客 冲 歹徒 刀 告诉 过硬 喊 句 连队 脸上 玲 南极 你 青春 邱 围 鲜花 英雄 宗教 
---- Cluster id #87 ----
Size: 97
爱国主义 比较 变成 标志 表达 别的 不可 成就 创立 创造性 错误 党中央 道路 邓 邓小平理论 地域 定位 动摇 飞跃 丰富 否定 富强 概括 高潮 革命 共产党 共产党人 共识 观察 核心 还要 回答 集体 继承 建国 讲 教训 解放 救 科学 口号 理论 历史 历史性 烈士 领袖 马克思 马列主义 毛 毛泽东思想 面 命运 能够 评价 旗帜 前进 前列 前途 全党 确立 确认 三中全会 社会主义 十四大 实践 世纪 逝世 套 特色 唯一 伟大 文化大革命 文物 文献 物质文明 系列 鲜明 小平 形成 以后 以来 以前 意义 拥护 勇气 有益 运用 造就 泽东 这个 真理 正是 郑重 指引 中国 中山 庄严 
---- Cluster id #88 ----
Size: 42
安排 编制 财力 财税 财政 呈现 赤字 大于 得益 低于 高于 关税 国内外 会计 艰苦创业 减免 减少 节 进口 开支 粮食 弥补 其中 庆 确保 生产总值 适度从紧 收入 收支 税收 税务 完成 相应 有所 预算 元 增长 增幅 债务 征收 支出 转移 
---- Cluster id #89 ----
Size: 42
保值 财政部 场地 持有 答 大户 到期 兑付 发行 方便 付 购买 国债 基金 计 计算 简称 交易所 开设 刊登 利息 联网 买卖 满 年利率 凭证式 期 区别 上市 深圳 事宜 提前 提问 投资者 网点 违规 问 债券 账户 证监会 证券 资格 
---- Cluster id #90 ----
Size: 86
玻璃 材料 彩色 测试 插 地位 电子 独资 短 吨 辐射 服务业 港口 高档 工艺 光 含 化工 机械 机组 激光 计算机 加工 检验 开发 控股 矿 连接 良种 码头 煤 煤炭 摩托车 年产 农 农药 配备 品种 期货 千瓦 认证 容量 沙漠 摄影 设备 生产 生产线 水电 水果 水泥 饲料 塑料 隧道 特有 天然 通信 同步 透 外商 相关 新型 型 性能 医药 移动 仪 仪器 以上 以下 用 邮电 娱乐 原料 允许 占 珍贵 纸 制品 制造 制作 中方 主导 专利 专用 装置 综合 
---- Cluster id #91 ----
Size: 26
帮 帮扶 帮助 打下 对口 扶 扶贫 攻坚 挂 柜台 互助 户 货 建 江西省 立足 牌子 贫困户 贫困县 穷 受益 司 特困户 脱贫 温饱 养殖 
---- Cluster id #92 ----
Size: 61
不错 菜 尝 炒 吃 充满 穿 大桥 倒 顿 多少 翻 返回 告别 官 过来 过去 回 回到 回去 将军 井 看 看见 来到 临 楼房 吗 忙 目光 你们 您 农家 片 乒乓球 葡萄 上来 时刻 释放 天 玩 位于 我 乌鲁木齐 西安 想 想起 笑 辛苦 新疆 匈牙利 选拔 迎 犹如 油 远 招 震 知道 主人 坐 
---- Cluster id #93 ----
Size: 31
保存 承受 处罚 措施 等级 定价 罚款 干预 各自 公布 公平 价格 紧急 经营者 没收 权限 商品 适用 收费 属于 损害 特定 提供 违法 消费者 行为 章 政府 资料 自主 遵守 
---- Cluster id #94 ----
Size: 12
别人 长远 大局 当地 服从 价值观 局部 考虑 利益 强烈 全局 着眼 
---- Cluster id #95 ----
Size: 14
大学生 福州 公安部 邯钢 杭州 经贸委 科特迪瓦 培训 团中央 外来 务工青年 西非 校 依托 
---- Cluster id #96 ----
Size: 34
搬 策划 传来 担任 德 抵制 翻译 放弃 风采 风范 革命家 康 可贵 联络 领会 留 南斯拉夫 普通话 侵略 清除 热心 深厚 文字 我党 我军 伍 袭击 校园 修权 语言 早期 战场 重任 总参谋长 
---- Cluster id #97 ----
Size: 18
奥委会 奥运会 报名 本届 冰球 冰雪 参赛 长野 冬奥会 滑雪 开幕式 空前 拼搏 赛 手机 运动员 组委会 缪 
---- Cluster id #98 ----
Size: 30
长城 春风 此时 动 动人 攻 海口 惠芬 激情 家人 联手 梦 描绘 人间 试 手术 她 抬 题写 天下 外地 舞台 响 演奏 一代 艺术家 意志 圆 重返 闵 
---- Cluster id #99 ----
Size: 14
草原 动物 动物园 基因 接近 老虎 生长 它们 头 羊 野生 营养 这里 只 
---- Cluster id #100 ----
Size: 15
产业化 成果 到底 集装箱 检测 经费 科研 论文 满足 清华 缺少 托 系统 转化 转换 
---- Cluster id #101 ----
Size: 44
报告 暴露 标准 别国 承认 持 对话 干涉 耕地 攻击 公认 公约 好处 佳 家属 抗议 冷战 例如 每周 美国 男女 内政 其它 侵犯 人权 事实 事实上 所谓 他人 统计 外国人 限制 相同 消耗 宣言 研究会 邮政 预期 珍惜 执政 指责 中期 周刊 自由 
---- Cluster id #102 ----
Size: 27
北方 草 草地 当中 该县 攻关 贵州 江西 林业 流失 亩 南方 农业部 人均收入 认可 肉 试验 水稻 水土 踏 细 畜 畜牧业 养 优质 植物 中科院 
---- Cluster id #103 ----
Size: 19
变 残疾人 打工 丢 龚 交给 精 捐赠 评估 气 全村 物 眼光 咱 挣 致富 祝福 着 咨询 
---- Cluster id #104 ----
Size: 30
背景 变化 波 程度 动态 对此 概念 个体 工人 观点 合资 角度 阶层 阶级 克隆 另 流动 强有力 群体 认为 身份 私营 缩小 特征 同一 移 有人 占据 之外 种 
---- Cluster id #105 ----
Size: 204
安装 把握 摆 办事 保证 表率 不正之风 不准 部署 查处 成效 充分 出发 出台 处分 处理 传统 带头 党 党风 党政 党政机关 电台 调动 斗争 对策 遏制 发挥 发生 发扬 繁重 反 反腐倡廉 方法 方针 防止 放在 分子 奋斗 腐败 负担 干部 高举 各个 各级 各项 各种 根本 工作 公款 贯彻 广大 广泛 狠抓 机 积极性 及时 纪检 纪律 纪委 加强 监察 监督 坚持 坚持不懈 坚定不移 坚决 坚强 艰巨 艰苦奋斗 减轻 健全 建设 接待 结合 解放思想 紧密 进行 精神 精心 经验 纠正 局面 具有 决策 开放 开拓进取 开展 考验 克服 礼品 立 联系 廉洁自律 廉政 领导 领导班子 路线 落实 蔓延 密切 民主 内容 努力 配合 评议 普遍 起来 强调 强化 切实 清理 情况 庆典 全会 全面 全心全意 确定 群众 人事 任务 认真 容易 上级 奢侈浪费 深入 审计 十五大 实际 实事求是 实效 事业 树立 顺利 思想 特点 提出 体会 突出 土壤 推向 违纪 为 现代化 项 效果 协调 新 形势 行政 需要 严格 要 要求 一级 意见 应有 硬 优良 有力 有序 预防 原则 源头 责任制 增强 赠送 扎实 召开 整体 正气 正确 职责 直接 指导 制度 制约 制止 重大 重视 重要 重要性 周围 主观 主要 注意 注重 抓好 专项 追究 准则 着重 自 自觉性 综合治理 总结 总体 组织 钻研 做好 作出 作风 作为 作用 
---- Cluster id #106 ----
Size: 9
超过 担 风险 回报 收藏 投资 吸引 运作 争 
---- Cluster id #107 ----
Size: 21
典型 定 对待 发掘 高尚 个别 功夫 环 激发 节奏 模范 墙 推广 系统工程 先进 效应 宣传 涌现 针对性 抓 准 
---- Cluster id #108 ----
Size: 197
Ｂ 安定 办 保持 备忘录 本次 必要 布局 步伐 采取 层次 产量 城乡 城镇 承包 充足 出现 促进 达到 带来 导向 得到 调节 调控 调整 独立 对外开放 对外贸易 发展 方式 防范 放开 分开 丰富多彩 风波 符合 该市 改革 改善 改组 干旱 高产 高效 高新技术 搞好 搞活 格局 各位 根本性 公务员 鼓励 固定资产 关键 观念 管理 轨道 国际 国民经济 国内 好转 合理 宏观 化解 混乱 活力 基本建设 基础 机电 机制 积极 集中 计划 计划经济 继续 加大 加快 肩负 减员增效 健康 建立 节约 结构 进展 精简 经济 经济社会 境外 居民 科普 控制 快 困扰 扩大 牢固 利用 力度 力争 良好 零售 灵活 领域 流通 迈出 盲目 矛盾 明显 某些 目标 纳入 能力 能源 年 农副产品 农田 农业 培育 配套 批 平衡 浦东 前提 潜力 倾斜 取得 全 全方位 全年 融资 社会 深化 生产资料 生活 失业率 实现 实行 实用 势头 适当 适度 适时 适应 市场 试点 收购 手段 水平 所有 态势 提高 体系 体制 条件 同时 统筹 投产 投入 突破 推进 妥善 拓宽 稳定 稳妥 稳中求进 我国 物质 吸收 项目 小康 效益 新增 压力 一定 依靠 因地制宜 引导 优化 有利 有效 预定 原材料 约束 增产 增长点 增加 增添 战略性 整治 政策 政企 支撑 支持 支柱 重点 转变 着力 资本金 总额 
---- Cluster id #109 ----
Size: 11
长足 大中 发 妇联 妇女 贺电 女性 突尼斯 选出 议长 祝贺 
---- Cluster id #110 ----
Size: 15
颁奖 观看 虎踞 话剧 奖 科学家 南京 评论 替代 戏剧 学员 演出 一等奖 赞扬 钟山 
---- Cluster id #111 ----
Size: 44
茶话会 阐述 出席 调查 发表 赴 甘肃 纲要 号召 合影 华清 江 讲话 锦涛 举行 看法 看望 考察 列入 鲁丽 率 民工 瑞典 瑞环 商 讨论 题 伟长 新鲜 研讨 研讨会 演讲 议题 迎春 与会 泽民 招待会 指出 驻地 做出 作 座谈 座谈会 F基 
---- Cluster id #112 ----
Size: 28
播出 彩电 传输 大小 电视 电视机 电视台 多媒体 覆盖 歌舞 广播 画面 接收 节目 厘米 联欢 模拟 屏幕 取代 数字 图像 晚会 网 卫星 下乡 乡镇 信号 演唱 
---- Cluster id #113 ----
Size: 40
北部 边境 传递 磋商 对抗 反应 访华 感 高级 轰动 华 回忆 会晤 柬埔寨 见面 来自 临近 罗马尼亚 蒙古 敏感 难民 日期 声明 实质 使馆 苏 苏联 谈 谈话 推 外长 外交部 新任 意大利 愿意 越 越南 障碍 正常化 着手 
---- Cluster id #114 ----
Size: 30
北 博物馆 吹 大气 地球 东 度 厄尔尼诺 附近 海洋 毫米 还 难得 暖 齐全 气候 全球 热带 上空 失 太平洋 太阳 西 现象 响应 辛勤 忧虑 邮票 展览 致使 
---- Cluster id #115 ----
Size: 54
必然 参考 参政议政 代表性 调研 对外 儿女 反映 风貌 稿 各界 广阔 规范化 好评 宏伟 活跃 机关干部 加深 建议 交往 举办 开创 开拓 可喜 履行 迈 侨胞 渠道 入手 视野 探索 团体 拓展 围绕 向前 象征 协商 选平 学者 邀请 意愿 应邀 责任感 增进 展望 章程 政协 政治 职能 制订 制度化 专题 组 组成部分 
---- Cluster id #116 ----
Size: 44
场面 春云 大雪 第一线 顶 饭 奋战 赶到 红十字会 家园 救灾 抗灾 抗震救灾 肯 脸 粮 路 路上 牧民 那曲 难关 派出 抢险 缺 手 特大 慰问 物资 兄弟 雪灾 夜 医疗队 衣服 灾 灾民 灾情 灾区 张北 张家口 帐篷 中南海 重建 子弟兵 自救 
---- Cluster id #117 ----
Size: 21
表演 大连 画 画家 辉煌 坚实 京剧 剧目 迈向 美术 鸣 书法 书画 文化部 戏曲 形 艺术 院 振兴 阵地 中国画 
---- Cluster id #118 ----
Size: 20
唱 岛 风光 歌 歌曲 歌声 湖 快乐 山 诗 时候 首 填 跳 忘 县城 优美 原来 载 丈夫 
---- Cluster id #119 ----
Size: 28
阿根廷 尝试 筹措 筹集 筹资 等待 东方 短缺 飞 飞机 航空 航线 机场 架 蓝天 联盟 每人 票 签 人次 上门 实体 外面 厦门 小姐 选 折 租赁 
---- Cluster id #120 ----
Size: 26
包 发出 风 感觉 古老 光明 寒冷 火 家中 饺子 渴望 冷 妈妈 美丽 那 那个 那些 弄 全家 生命 添 温暖 温馨 喜欢 眼睛 意外 
---- Cluster id #121 ----
Size: 30
报警 波黑 成熟 承诺 串 大队 当做 房间 公安局 河南 呼唤 接到 警察 楼 美军 民警 女士 平凡 取 热线 商家 受伤 危险 维和 小事 巡警 义务 议论 这么 值班 
---- Cluster id #122 ----
Size: 53
百姓 报纸 波恩 不见 不惜 不知 灿烂 道 道理 等 端 赶来 钢琴 寒风 河 后人 后者 借 颗 口 来临 蓝 利润 南北 捧 漂亮 清晰 上任 剩下 世人 双手 说话 掏 天空 听到 同事 同行 童 喜 想法 销 呀 眼 爷爷 艺术品 意思 怎么 展 志成 珠江 自豪 总经理 帷幕 
---- Cluster id #123 ----
Size: 5
登 坏 理想 念头 志 
---- Cluster id #124 ----
Size: 36
杯 比重 表 从事 从业 单位 东部 法人 分布 公报 划分 结果 居委会 快速 劳动 末 年龄 批发 啤酒 普查 人数 人员 如下 数 数据 数量 屋 西部 吸纳 以外 营业 占地 镇 中部 总量 总数 
---- Cluster id #125 ----
Size: 19
弊端 变动 不够 档案 导致 股票 环节 价值 驾驭 乐观 泡沫 偏 取决于 投机 突然 心情 信用 有待 足够 
---- Cluster id #126 ----
Size: 14
词 带有 氛围 话题 揭示 景观 理性 灵魂 某种 偶然 品格 时尚 现实主义 真实 
---- Cluster id #127 ----
Size: 23
不良 迟 辞职 此前 大藏省 东京 法案 官员 国防部长 国会 浩田 回收 开业 桥本 日本 日元 上将 受贿 一行 愉快 债权 职员 总裁 
---- Cluster id #128 ----
Size: 33
安徽省 出版社 处长 歌舞团 广西 海南省 河北省 河南省 湖南省 江苏省 科教 科委 科协 内蒙古 宁夏 农科院 青海 三下乡 山东省 陕西 陕西省 四川省 太原 天地 图书馆 团长 县长 宣传部 演员 医院 艺术团 云南省 浙江省 
---- Cluster id #129 ----
Size: 25
报刊 电脑 防伪 封 封锁 高速公路 古巴 海外 会员 焦点 来信 权威 人民日报 商务 上网 时报 推出 网络 网上 消息 写道 信息 因特网 阅读 中文 
---- Cluster id #130 ----
Size: 76
保障 常委会 常务 程序 惩治 充实 筹备 代表 代表大会 待 地方 督促 法 法规 法律 法制 法治 方案 方面 赋予 改进 共计 规范 规则 规章制度 国家 国家机关 候选人 换届 季度 检查 借鉴 决定 框架 立法 力求 每次 难点 起草 全国 热点 人大 人大代表 人民 任期 日常 设立 审议 实施 使命 市场经济 授权 特别 听取 完善 委托 委员会 宪法 信访 行使 行政区 修订 修改 选举 依据 议案 议会 征求 正当 职权 制定 治国 中华人民共和国 专门 组成 遵循 
---- Cluster id #131 ----
Size: 24
云 邦国 布赫 长春 春耕 代表团 放 丰收 光英 贵鲜 海南 纪云 家宝 家华 建新 菊 举世瞩目 气象 千方百计 收成 天气 铁映 温 优势 
---- Cluster id #132 ----
Size: 19
博览会 超越 创汇 大师 服装 附加值 合 黑 技巧 揭晓 宁 气息 全新 融入 色彩 设计 设计师 用品 展示 
---- Cluster id #133 ----
Size: 13
保 保健 保险 家庭 救济 科 老年人 陌生 平安 推销 养老 医疗 医生 
---- Cluster id #134 ----
Size: 52
半岛 北约 本国 彼此 表明 波罗的海 大国 独联体 多极化 俄 俄罗斯 访 各国 国 哈 合作 互利 伙伴 经贸 科索沃 扩 莫斯科 谋求 欧洲 签署 前景 切尔诺梅尔金 渗透 首脑 守 双边 双方 条约 乌 乌克兰 西方 西欧 宪章 协定 协作 信任 演习 叶利钦 一体化 一致 伊斯兰 油气 元首 争夺 之间 致力 中亚 
---- Cluster id #135 ----
Size: 11
窗口 道德 工作者 禁止 利 示范 新闻 新闻界 舆论 职业道德 自律 
---- Cluster id #136 ----
Size: 32
差异 导演 电视剧 电影 反响 改编 故事 激动 镜头 可能性 描写 某 闹 拍 拍摄 跑 圈 热闹 上面 少儿 深度 熟悉 水浒传 思维 文学 小说 写 写作 新兴 影视 诱惑 作家 
---- Cluster id #137 ----
Size: 22
奥地利 大厅 歌剧 隔 讲述 教堂 据说 乐团 年轻人 浓郁 农历 全世界 声 听 维也纳 舞 喜庆 兴奋 遗憾 音乐 音乐会 掌声 
---- Cluster id #138 ----
Size: 14
改制 广东 国防部 军 连 旅 农垦 启示 社 师 司令员 铁路局 团 政治部 
---- Cluster id #139 ----
Size: 36
保护 避孕 差 持续 出生 达标 动手 恶化 防治 高峰 各地 淮河 环保 环保局 环境 计划生育 接 紧 可 良性 流域 排放 清洁 人口 社会效益 生态 生物 算 污染 下决心 循环 治理 诸 抓紧 资源 自然 
---- Cluster id #140 ----
Size: 24
城 打假 到位 店 防 顾客 虎 活动 假货 假冒伪劣 联 热水器 商店 实 实实在在 同 投诉 退 无 信誉 引 载体 扎扎实实 中宣部 
---- Cluster id #141 ----
Size: 21
产权 产值 创 促 大胆 大中型 单一 工 股份合作制 集体经济 江苏 盘活 融合 生命力 台阶 停留 乡村 乡镇企业 兴办 中小企业 总产值 
---- Cluster id #142 ----
Size: 33
本领 本质 崇高 对象 犯 敢于 贵 集 角色 境界 客观 牢记 领导者 清醒 权力 认识 生机 失败 事物 手中 头脑 脱离 外部 希腊 下功夫 一把手 意识 勇于 知 主体 自身 自我 走过 
---- Cluster id #143 ----
Size: 35
不便 菜篮子 差距 产销 都市 副食品 更新 购物 广场 机遇 竣工 库区 老百姓 面貌 民心 难题 起步 前所未有 全市 人心 三峡 上下 上游 市政府 思路 县政府 修建 移民 振奋 之内 直辖市 指挥部 中外 重庆 重庆市 
---- Cluster id #144 ----
Size: 32
北爱 闭幕 表决 草案 次 大会 光亚 国权 会场 会议 决议 名单 乔 全体 热烈 人选 任命 日程 石 提名 提请 铁木尔・达瓦买提 通过 响起 议程 酝酿 兆国 正英 主持 主持人 主席团 孚凌 
---- Cluster id #145 ----
Size: 35
遍 宾馆 称为 多利 敢 豪华 好像 红 红旗 花 荒山 劲 京城 开 卖 牡丹 哪 呢 年年 塞 散 神圣 时节 死 脱颖而出 细胞 献给 香 像 修 延安 云 照 这儿 正好 
