---- Cluster id #1 ----
Size: 45
保 场面 春云 大雪 党建 第一线 顶 奋战 赶到 赶来 国王 红色 红十字会 救灾 抗灾 抗震救灾 拉那烈 粮 路上 命令 哪里 那曲 难关 派出 抢险 缺 受伤 特大 慰问 物资 兄弟 雪灾 医疗队 灾 灾害 灾民 灾情 灾区 遭受 张北 张家口 帐篷 重建 子弟兵 自救 
---- Cluster id #2 ----
Size: 7
边防 边境 该厂 海上 越 越南 抓获 
---- Cluster id #3 ----
Size: 31
摆脱 帮 帮扶 帮助 残疾人 对口 发达 扶 扶贫 攻坚 挂 柜台 互助 户 货 江西省 立足 路子 蒙古 贫困 贫困户 贫困县 穷 省区 受益 司 特困 特困户 脱贫 温饱 养殖 
---- Cluster id #4 ----
Size: 11
电器 股 拟 派 配 披露 税 送 下乡 增 转 
---- Cluster id #5 ----
Size: 24
包 初中 打电话 大学生 电话 堆 儿子 隔 孩子 家长 饺子 老师 妈妈 奶奶 女儿 全家 上班 上学 尚 少年 收费 图 娱乐 这么 
---- Cluster id #6 ----
Size: 32
奥地利 长城 此时 大厅 动 动人 歌剧 海口 海南 惠芬 技巧 惊人 乐团 联手 梦 年轻人 农历 墙 人间 手术 天下 维也纳 舞 响起 演奏 一代 音乐 音乐会 圆 这时 重返 闵 
---- Cluster id #7 ----
Size: 24
报刊 电脑 电信 订 封 高速公路 海外 焦点 来信 权威 人民日报 商务 上网 深感 时报 网络 网上 消息 写道 信访 信息 因特网 用户 中文 
---- Cluster id #8 ----
Size: 23
班 伴随 笔者 长途 车 锋 奉献 姑娘 号召 弘扬 换 火车站 姐妹 拉 雷 某部 事迹 送给 题词 现任 新人 学 真情 
---- Cluster id #9 ----
Size: 43
爱国 爱护 冰 病 参观 传达 党内 得知 典范 负责人 钢铁 告 工人阶级 估计 关怀 家属 交谈 接见 结婚 隆重 民主党派 人士 视为 熟悉 天安门 统一战线 统战 统战部 外出 文革 文件 显得 信任 冶金 遭到 照顾 召集 真诚 知名人士 知识分子 指示 资产阶级 总理 
---- Cluster id #10 ----
Size: 17
报名 服务 服务队 揭晓 蓬勃 青岛 青年 热心 实用 团中央 新风 行动 依托 征文 志愿 志愿者 助 
---- Cluster id #11 ----
Size: 26
产权 产值 创 促 大胆 大中型 单一 改制 工 骨干 激烈 集体经济 江苏 利税 融合 生命力 所有制 台阶 停留 乡村 乡镇企业 协作 兴办 涌现 中小企业 总产值 
---- Cluster id #12 ----
Size: 27
爱国主义 保存 抵御 感染 革命 工作者 规划 记录 纪念 纪念馆 建筑 精品 经费 烈士 马列主义 民政部 抢救 社会效益 师生 特有 贴近 统筹 维修 文物 文献 责任感 庄严 
---- Cluster id #13 ----
Size: 19
阿 阿尔及利亚 大使馆 非洲 封锁 古巴 贺电 华侨 华人 建交 南非 其琛 钱 庆祝 社团 外交部长 问候 意 转达 
---- Cluster id #14 ----
Size: 40
比索 贬值 不利 出口 储备 跌 东南亚 短期 兑 兑换 菲 菲律宾 官方 汉城 合 汇率 降 进出口 进口 经常 竞争力 拉美 利比亚 流入 马尼拉 贸易 美元 欧佩克 人民币 顺差 外汇 外贸 外债 外资 委内瑞拉 下跌 依赖 意味着 原油 至 
---- Cluster id #15 ----
Size: 14
巴西 东北部 奖 教堂 经济学 克隆 室内 水准 私人 苏丹 意外 银行业 影片 最佳 
---- Cluster id #16 ----
Size: 17
保险 不良 此前 大藏省 倒闭 东京 法案 官员 国会 浩田 回收 开业 日本 日元 盈余 债权 职员 
---- Cluster id #17 ----
Size: 26
比如 表演 大连 大师 风采 风格 个性 画 京剧 剧目 剧院 迈向 美术 上演 文化部 舞台 喜爱 戏 戏曲 献身 形 艺术 艺术家 院 振兴 中国画 
---- Cluster id #18 ----
Size: 78
产量 超过 城镇 达到 调控 调整 对外贸易 吨 防范 分开 丰富多彩 干旱 港口 公路 固定资产 国民经济 国内 好转 宏观 化解 基本建设 计划 继续 加大 加快 监管 结构 锦华 进展 经济社会 境外 居民 快 扩大 力度 粮食 零售 明显 纳入 能源 培育 平衡 平稳 清洁 全年 融资 深化 生产总值 失业率 势头 适当 适度 适时 试点 收购 态势 同时 投放 投向 稳中求进 项目 消费品 效益 新增 引进 优化 优质 预定 增长 增长点 增长率 债务 战略性 政企 支撑 着力 资本金 总额 
---- Cluster id #19 ----
Size: 21
奔 边 车站 出去 传来 大小 贵州 火车 开发区 昆 老区 南 跑 铁路 通 通道 拖 沿线 运 运营 崭新 
---- Cluster id #20 ----
Size: 18
大地 公顷 国土 汗水 棵 兰州 绿 绿化 绿色 青少年 庆林 全民 树 西北 栽 造福 造林 植树 
---- Cluster id #21 ----
Size: 22
城区 出租车 大中 得以 地理 岗 韩国 虎 艰苦创业 街 街头 老虎 南宁 南宁市 贫穷 平安 提到 桶 象征 消除 跃 自力更生 
---- Cluster id #22 ----
Size: 17
比 比利时 布鲁塞尔 丹麦 会见 监控 建设性 交警 企业家 日内瓦 市区 外交大臣 违章 西班牙 新华 支队 岚清 
---- Cluster id #23 ----
Size: 19
发出 风 感觉 古老 光明 寒冷 火 家中 渴望 冷 美丽 念头 农垦 生命 添 温暖 温馨 喜欢 心情 
---- Cluster id #24 ----
Size: 48
财富 操作 产业 成长 创新 到来 动力 发达国家 发明 发展中国家 分为 附加值 概念 获取 机器 积累 即 技术 进步 具备 科技 科技界 科教兴国 科学技术 劳动者 论断 面临 前沿 取决于 全球化 人工 人类 人力 生产力 实验室 世纪之交 挑战 投入 消化 兴起 应用 迎接 知识 知识经济 之上 智力 注入 走向 
---- Cluster id #25 ----
Size: 38
班子 编者按 财务 村 村干部 村里 村民 村委会 村务公开 大事 党支部 干群 公开 河北 后面 花钱 怀疑 基层 困扰 乱 满意 明白 盼 前面 求 全村 全省 上访 说法 投 投票 推 推行 物 县里 这项 阵地 致富 
---- Cluster id #26 ----
Size: 20
差 长江 典礼 高中 官僚主义 邯钢 航运 讲究 接轨 节约 每 桥 桥梁 全方位 适合 同类 效率 运河 增值 周期 
---- Cluster id #27 ----
Size: 17
儿女 父母 故乡 回家 家乡 军人 军营 迈 内心 平凡 气息 深处 深圳 太原 天地 真实 之外 
---- Cluster id #28 ----
Size: 27
巴金 北大 编 编辑 出版 出版社 丛书 读 读书 见解 禁止 精美 鲁迅 鸣 篇 日记 社 视 书 书店 书籍 图书 文章 新闻 页 职业道德 主编 
---- Cluster id #29 ----
Size: 35
Ｂ 安定 半岛 备忘录 本次 城乡 充足 对外开放 改善 改组 高新技术 各位 鼓励 合理 互利 机电 减员增效 精简 老年人 流失 盲目 农副产品 农田 铺 浦东 潜力 社会化 生产资料 推广 稳妥 养老 原材料 增加 增添 中西部 
---- Cluster id #30 ----
Size: 21
变革 标准 成分 当做 定 方法 分析 否定 阶级 经典 堪称 论证 某些 偶然 评价 倾向 人物 迎来 原理 著作 左 
---- Cluster id #31 ----
Size: 17
笔 菜 吃 倒 懂得 顿 饭 放在 故事 官 佳 看见 描绘 汤 碗 迎春 制作 
---- Cluster id #32 ----
Size: 42
波恩 不见 不知 灿烂 打下 道 道理 端 放心 钢琴 国企 寒风 河 后人 后者 颗 口 拉开 来临 利润 临 难免 捧 漂亮 剩下 世人 说话 天空 同事 同行 童 喜 先生 想法 眼 爷爷 艺术品 志成 珠江 自豪 总经理 帷幕 
---- Cluster id #33 ----
Size: 36
安排 编制 财力 财税 财政 呈现 赤字 大于 得益 低于 抵 高于 关税 国内外 加 加元 减免 减少 开支 弥补 其中 欠 确保 适度从紧 收入 收支 税收 税务 完成 相应 预算 元 增幅 征收 支出 专项 
---- Cluster id #34 ----
Size: 17
博物馆 长足 大门 当地 公众 观众 还 齐全 失 首都 喜悦 兴趣 依旧 忧虑 展 展览 展示 
---- Cluster id #35 ----
Size: 23
抱 变成 春运 短短 广州 季节 计算机 纪录 紧急 空 列 临时 旅客 麻烦 起到 清除 神 售票 铁道部 夜 涌 有序 运输 
---- Cluster id #36 ----
Size: 14
ＶＣＤ 出版物 盗版 非法 份额 光盘 国产 家电 降价 净化 品牌 软件 输出 知名 
---- Cluster id #37 ----
Size: 14
安装 承诺 杜绝 购物 顾客 热线 塞 塞拉利昂 商家 上门 抬 维和 西非 消费者 
---- Cluster id #38 ----
Size: 14
比较 充实 多利 经贸委 据悉 考核 领导班子 人事 人事部 实验 推荐 细胞 研讨会 羊 
---- Cluster id #39 ----
Size: 91
保健 倍 拨 拨款 不足 部 藏 册 场所 处于 传 纯收入 达 大家庭 得出 儿童 佛教 各类 公民 共有 固定 汉 好评 黄金 基建 级 继 价 监狱 建成 教 今 近年来 经 景象 境内 旧 课题 拉萨 累计 列为 流行 每周 免费 民间 年均 平方米 瓶 权利 全国性 全区 人均 设有 省市 使用 世 首要 受灾 所 特殊 同一 卫生 西藏 习惯 现有 县 乡 享有 消灭 校 信仰 修复 悬挂 学术 严寒 医疗 拥有 原始 占有 整理 政 证实 支援 中央政府 状况 自治区 自主 宗教 罪犯 尊重 座 
---- Cluster id #40 ----
Size: 21
白酒 包含 层层 工商 工商局 狗不理 甲醇 假 酒 局 老板 门前 前后 山西 商标 售 造 真 制 中毒 注册 
---- Cluster id #41 ----
Size: 23
布局 菜篮子 产销 大中城市 导向 短缺 放开 副食品 格局 工程 供给 供应 连锁 流通 农药 批发 肉 啥 蔬菜 水果 销 中期 转向 
---- Cluster id #42 ----
Size: 12
病毒 待 供 黑 活 鸡 入 升 眼睛 也 优美 鱼 
---- Cluster id #43 ----
Size: 40
北约 本国 波罗的海 大国 独联体 俄 俄罗斯 访 各国 各自 哈 伙伴 吉 扩 理事会 联盟 莫斯科 谋求 欧洲 签署 渗透 首脑 守 条约 乌 乌克兰 西方 宪章 协定 演习 叶利钦 一体化 伊朗 伊斯兰 引人注目 油气 舆论 元首 争夺 中亚 
---- Cluster id #44 ----
Size: 26
阿根廷 百富勤 尝试 筹措 筹集 等待 东方 飞 飞机 飞行 管制 航空 航线 机场 架 昆明 蓝天 每人 民航 人次 荣获 授予 小姐 选 总局 租赁 
---- Cluster id #45 ----
Size: 73
表达 别的 创立 创造性 道路 邓小平理论 地域 定位 飞跃 丰富 富强 概括 纲领 高潮 共产党人 共识 观察 光辉 还要 回答 集体 继承 建国 讲 教训 阶段 解放 经历 救 卷 科学 理论 历史 历史性 领袖 论述 马克思 马克思主义 毛泽东思想 面 民族 命运 旗帜 清楚 区域 全党 确立 确认 三中全会 少数民族 时代 实践 逝世 它 特色 为什么 伟大 系列 鲜明 以后 以前 意义 勇气 有助于 造就 哲学 这个 正是 之下 中国 中山 资本主义 自治 
---- Cluster id #46 ----
Size: 12
便宜 不可 乘客 高峰 航班 买 票 签 确实 享受 优惠 折 
---- Cluster id #47 ----
Size: 43
陈旧 楚政 床 带领 地上 冬 断 富 根 孤儿 划 患 挤 建房 脚 举 开阔 扣 老伴 龙 冒 民兵 爬 彭 清 如同 双 水源 似 躺 趟 脱贫致富 湘西 乡亲 血 养猪 逾 阵阵 只见 州 仔细 自治州 足 
---- Cluster id #48 ----
Size: 28
创作 氛围 感人 功夫 汉年 获奖 揭示 精彩 景观 灵魂 门 潘 秋 色彩 事件 塑造 题材 舞蹈 舞剧 现实主义 线索 形象 性格 再现 战线 这部 作品 作者 
---- Cluster id #49 ----
Size: 34
云 保护 持续 出生 达标 动手 防治 各地 关闭 淮河 环保 环保局 环境 计划生育 接 紧 可 空气 控制 良性 流域 排放 人口 生态 算 污染 下决心 削减 循环 治理 中南海 诸 抓紧 自然 
---- Cluster id #50 ----
Size: 31
查 长期以来 厂 厂长 串 此案 港元 工厂 功 罕见 华为 辉煌 家人 金钱 巨额 劳动模范 漏洞 品质 妻子 荣誉 设 时健 受贿 外 辛苦 心态 烟 云南 账 赚 褚 
---- Cluster id #51 ----
Size: 21
灌溉 洪水 黄河 节水 立方米 拍卖 平原 青海 全县 三角洲 书画 谁 水 水库 水利 水利部 水土 水资源 小型 兴建 治 
---- Cluster id #52 ----
Size: 21
奥委会 奥运会 博览会 传播 大赛 大众 健身 咖啡 媒介 媒体 宁 企业界 赛事 体委 体育 网球 用品 与会者 运动员 赞助 中介 
---- Cluster id #53 ----
Size: 24
班长 兵 播出 唱 电视台 歌 歌曲 歌声 歌舞 汉语 节目 节奏 快乐 联欢 年年 浓郁 生日 首 晚会 相声 演唱 展现 战士 主持人 
---- Cluster id #54 ----
Size: 30
本身 侧面 大道 单纯 懂 读者 封闭 风情 古典 规律 忽视 里面 内在 批评 缺乏 审美 失去 诗 诗歌 诗人 使得 双重 思 腿 文艺 欣赏 修养 严谨 誉为 之 
---- Cluster id #55 ----
Size: 12
报纸 被告 厂家 房屋 广告 合同 花园 家具 交付 刊登 签订 特定 
---- Cluster id #56 ----
Size: 15
度过 国际象棋 画家 激情 艰辛 讲述 节 乐 旅 南极 少儿 为何 校园 勇敢 中科院 
---- Cluster id #57 ----
Size: 35
档次 锭 纺织 付出 搞活 工业 攻坚战 国有 过度 济南 截至 解困 净 举措 困境 力争 落后 扭亏 庞大 配置 契机 抢 敲 生产能力 升级 淘汰 突破口 退出 陷入 压 压锭 压缩 沿海 展开 重组 
---- Cluster id #58 ----
Size: 50
百分点 比例 拆借 筹资 存 存款 贷款 担保 发放 法定 法人 分行 幅度 负债 该行 工具 挂钩 货币 机构 降低 结算 金融 金融业 客户 理顺 利率 利于 名义 墨 哪些 取消 商业 收回 下调 现金 现行 限额 信贷 信用 行长 一般 银行 用于 有利于 这次 这家 政策性 准备金 准备金率 资金 
---- Cluster id #59 ----
Size: 7
颁奖 伯伯 话剧 评论 替代 戏剧 演 
---- Cluster id #60 ----
Size: 25
层 常州 道德 对立 国民 价值 价值观 乐观 理性 利 泡沫 品位 期望 人们 生存 提倡 投机 外面 文化 吸取 下功夫 效应 心理 营造 资本 
---- Cluster id #61 ----
Size: 21
并非 补 补贴 出售 抵押 房 分配 福利 工资 角 教职工 例 每月 实物 市场化 消费 新村 需 住房 住宅 租 
---- Cluster id #62 ----
Size: 33
表现 超越 沉重 春风 独特 多样化 发掘 具 刊物 看出 科普 可喜 栏目 年轻 浓 期待 期刊 情感 人生 散文 深 试图 收获 思考 痛苦 推出 显 显示 现实 有待 专栏 姿态 尊严 
---- Cluster id #63 ----
Size: 38
柏林 办公 不便 差距 德国 都市 更新 工地 广场 交给 库区 老百姓 马克 面貌 民心 民营 难民 难题 凝聚 起步 前所未有 全市 人心 三峡 上游 市政府 思路 修建 移民 意大利 振奋 之内 直辖市 指挥部 中外 重庆 重庆市 主 
---- Cluster id #64 ----
Size: 69
补充 常委会 常务 程序 惩治 抽查 筹备 代表大会 地方 督促 法 法规 法律 法制 法治 赋予 改进 共计 规范 规则 规章制度 国家机关 候选人 划分 换届 季度 纪云 检查 借鉴 决定 框架 立法 力求 每次 难点 起草 人大 人民 任命 任期 日常 设立 审议 实施 实效 市场经济 授权 特别 提请 听取 外国 宪法 行使 行政区 修订 修改 选举 依据 议会 有益 针对性 征求 正当 职权 制定 中华人民共和国 专门 组成 遵循 
---- Cluster id #65 ----
Size: 17
拆 城市 雕塑 风景 该市 公共 和谐 聚集 空间 类似 模式 哪个 内涵 市中心 挖 有机 主题 
---- Cluster id #66 ----
Size: 18
冲 歹徒 刀 喊 记 刻苦 连队 脸上 玲 流 青春 邱 她 掏 围 鲜花 医生 英雄 
---- Cluster id #67 ----
Size: 12
炒 传媒 贵 立 明星 名称 名人 时尚 实 星 言 阅读 
---- Cluster id #68 ----
Size: 108
阿拉伯 阿盟 阿齐兹 埃及 安理会 安南 奥尔布赖特 巴格达 巴黎 白宫 报道 本报 避免 表示 常任 常驻 此间 磋商 达成 打算 大规模 地点 电 调解 动武 动用 发布会 发言人 法国 反对 否认 符 各方 关切 国防部长 国务卿 果 海湾 号 核查 记者 加紧 接受 结束 解除 紧张 谨慎 警告 救援 局势 拒绝 决议 开罗 科恩 科索沃 科威特 理事国 立场 联合国 罗马 美 美联社 穆巴拉克 南斯拉夫 普里马科夫 前往 认为 萨达姆 声明 艘 特使 特委会 通报 透露 途径 土耳其 外长 外交 晚 威胁 危机 斡旋 武力 武器 希拉克 袭击 销毁 小组 协议 新华社 新闻界 寻求 伊 伊拉克 议长 英 英国 约旦 招待会 之前 旨在 制裁 重申 诸如 准备 总统 总统府 最新 
---- Cluster id #69 ----
Size: 18
此次 大选 党派 国大党 季 竞选 口号 领先 人民党 席 席位 相似 选民 选票 印 印度 阵线 政党 
---- Cluster id #70 ----
Size: 22
变 变化 变为 承受 大气 档案 地球 度 分布 辐射 含量 毫米 环 家园 敏感 难得 气候 事物 太阳 同样 唯一 物质 
---- Cluster id #71 ----
Size: 73
办事 本人 表率 宾馆 不正之风 不准 查处 处分 单位 党风 党性 党员 党政 党政机关 斗争 遏制 反 反腐倡廉 分子 腐败 干部 公款 会计 机 集资 纪检 纪律 纪委 监察 坚决 艰苦奋斗 减轻 健行 接待 考验 礼品 廉洁自律 廉政 蔓延 配备 评议 强化 清理 庆典 全会 容易 奢侈浪费 审计 实体 土壤 外地 违法 违规 违纪 尉 行为 严格 严禁 一级 源头 责任制 赠送 制约 制止 抓好 追究 准则 着重 自 自觉性 钻研 遵守 作风 
---- Cluster id #72 ----
Size: 32
澳门 布赫 参加 草案 代表性 非公有制 甘肃 工商联 共产党 光亚 光英 国权 届 秘书长 名单 全国 人选 省 受 提名 铁木尔・达瓦买提 外事 委员 委员长 委员会 兆国 中共中央 中央 主席台 主席团 组 孚凌 
---- Cluster id #73 ----
Size: 16
爱尔兰 北爱 布莱尔 合肥 见面 两地 南北 乔 亲 亲人 思念 薛 寻找 一家 一行 找到 
---- Cluster id #74 ----
Size: 48
澳大利亚 本届 比赛 冰球 长野 超出 成绩 出色 登 冬奥会 动作 夺 夺得 分 冠军 滑 滑雪 获得 加拿大 角逐 金牌 锦标赛 决赛 亮 另外 米 秒 名将 名列 男子 难度 女子 挪威 全场 赛 赛场 上届 世界杯 世界纪录 速滑 跳 选手 亚军 银 游泳 中国队 妍 缪 
---- Cluster id #75 ----
Size: 20
点 房地产 分类 缓 缓慢 回升 居 竣工 开工 来源 面积 商品房 收盘 统计 统计局 下降 相比 销售 指标 指数 
---- Cluster id #76 ----
Size: 44
步骤 长远 潮流 大陆 大业 当局 分离 分裂 共同 构想 关系 海内外 海峡 和平 呼吁 回应 加深 交流 警惕 两岸 领土 民众 企图 商谈 深远 势力 台湾 谈判 同胞 统一 完整 往来 希望 现状 心愿 愿望 赞同 政局 郑重 主权 主张 状态 祖国 阻碍 
---- Cluster id #77 ----
Size: 22
斌 参赛 常 段 番 获胜 开幕式 名人战 盘 棋 棋手 取胜 深圳市 通讯 围棋 讯 赢 预赛 战胜 主办 子 昊 
---- Cluster id #78 ----
Size: 24
病人 分钟 管理局 国家级 哈佛 患者 疾病 评为 起点 挑选 卫生部 问世 学会 药 药品 药物 医学 右 增至 治疗 中药 中医 中医药 专家 
---- Cluster id #79 ----
Size: 44
成熟 初 出国 传递 打开 代 邓 反应 高级 搞 果断 恢复 回国 回忆 汇报 柬埔寨 敬爱 决心 离 留学生 年代 倾听 日期 融入 时刻 什么样 实质 使馆 苏 苏联 态度 谈 谈话 同志 小平 新任 拥护 愿意 赞成 早 障碍 正常化 重要性 着手 
---- Cluster id #80 ----
Size: 15
差异 成员国 对话 多极化 华 看法 论坛 年会 欧 欧盟 瑞士 世贸 双边 西欧 亚 
---- Cluster id #81 ----
Size: 32
场地 撤销 答 大户 发行 方便 股东 股票 挂牌 回报 基金 简称 交易 交易所 开设 联网 买卖 区别 上市 申报 提醒 投资 投资者 问 营业部 运作 账户 证监会 证券 指定 只能 资格 
---- Cluster id #82 ----
Size: 6
查获 海关 货物 任职 证书 走私 
---- Cluster id #83 ----
Size: 22
词 过硬 海信 呼唤 毁 决策 可贵 可谓 理解 论 那里 凝聚力 启示 挖掘 务实 硬 用人 员工 在于 争 至关重要 自律 
---- Cluster id #84 ----
Size: 22
北部 北风 村庄 大雨 华北 华南 黄淮 江淮 江南 局部 冷空气 落 偏 飘 气温 气象台 天气 微笑 小到中雨 心灵 雪 预计 
---- Cluster id #85 ----
Size: 14
草原 大海 动物 动物园 防火 海 火灾 家宝 森林 生长 它们 野生 这里 只 
---- Cluster id #86 ----
Size: 31
安置 出路 创业 第三产业 分流 扶持 富余 岗位 工会 技能 街道 就业 劳务 门路 培训 上岗 社区 失业 市 推销 退休 拓宽 外来 武汉市 务工青年 吸纳 下岗 职工 职业 中心 转移 
---- Cluster id #87 ----
Size: 27
朝 对 发 分工 高速 公里 广 归 沪 津 京 九 卡 开通 客车 客运 列车 每天 其余 山 石家庄 提 为主 线 小时 以内 运行 
---- Cluster id #88 ----
Size: 13
采购 采用 广东 核 核电站 获悉 节省 可靠 缩短 投产 下属 一流 招标 
---- Cluster id #89 ----
Size: 65
Ａ Ｄ 巴基斯坦 贝宁 乘 大臣 大会堂 大使 抵达 定期 访华 访问 夫人 富有 感到 感谢 高层 高兴 国 荷 荷兰 合作 互访 欢迎 会谈 会晤 交换 介绍 经贸 来访 琳 卢森堡 莫 莫桑比克 陪同 鹏 频繁 签字 切尔诺梅尔金 亲切 热烈 摄 首相 双方 探讨 图片 外交部 外经贸部 相互 相信 谢里夫 也门 仪式 有着 友好 友谊 圆满 愿 赞赏 增进 正式 祝贺 祝愿 驻华 卓有成效 
---- Cluster id #90 ----
Size: 145
白 毕 蔡 藏族 曹 朝鲜族 陈 程 迟 川 崔 戴 单 丁 董 杜 范 方 费 冯 傅 刚 高 葛 龚 古 顾 关 管 郭 韩 何 贺 洪 侯 胡 华夏 黄 回族 霍 贾 健 姜 蒋 杰 解 金 晋 菊 俊 康 克 孔 兰 李 力 梁 廖 林 刘 柳 卢 鲁 陆 吕 罗 马 满族 梅 蒙古族 孟 苗族 敏 明 名 聂 女 平 齐 迁 秦 曲 群 邵 申 沈 施 史 舒 松 宋 孙 谭 唐 涛 陶 田 土家族 万 万年 汪 王 韦 维吾尔族 伟 魏 温 文 闻 吴 武 夏 向 肖 谢 熊 徐 许 严 阎 杨 扬 姚 叶 彝族 易 毅 尹 勇 游 于 余 俞 袁 曾 张 赵 正 郑 志 钟 朱 祝 壮族 邹 
---- Cluster id #91 ----
Size: 139
啊 摆 本领 编者 别人 不好 不如 不行 采访 长 成 充满 出 出来 穿 船 错 大家 带 当 到 得 掉 东西 发现 翻 房子 放弃 份 附 干 感情 感受 个 给 过 喝 后 话 怀 还有 回 回到 回来 会 激动 家里 间 建 叫 借 进 句 觉得 开始 看 看到 看看 看来 苦 块 来到 里 了 令 留 路 没有 每个 们 面前 目光 拿 哪 那些 难 呢 你们 弄 平静 破 起 气 前 情 去 让 热情 人 如此 少 身上 生意 师傅 时 时候 时间 什么 事 事情 收 手 说 送礼 岁 他们 天 贴 听 听说 同 突然 脱 位 下来 详细 小 些 心里 呀 一起 衣服 在 怎样 扎 站 找 这 这样 挣 之后 之中 种 住 装 自己 走 最后 做 
---- Cluster id #92 ----
Size: 46
冰箱 产品 刺激 促使 等级 低 定价 放松 干预 供求 缓解 回落 加剧 价格 经营者 竞争 科龙 买方 名牌 牌 徘徊 膨胀 趋 热 商品 上去 上涨 适用 市场 停产 通货膨胀 通胀 物价 下滑 相反 需求 虚假 压力 依然 抑制 原因 约束 涨幅 正常 质量 总 
---- Cluster id #93 ----
Size: 56
博士 常务委员 成都 出任 代理 东北 福建 福建省 工业部 工作组 顾问 哈尔滨 黑龙江 黑龙江省 湖北 湖北省 化学 会长 吉林 吉林省 郊区 经理 救济 军分区 科学院 联合会 辽宁 辽宁省 伦敦 秘书 上海 上海市 沈阳 省长 实业 市长 数学 厦门 相当 协会 研究员 业余 议员 院长 院士 政法 政委 职 中华 中学 主任委员 主席 助理 总队 总工会 总会 
---- Cluster id #94 ----
Size: 65
百姓 办案 暴力 爆炸 表彰 不够 查办 出台 打击 毒品 队伍 发票 犯罪 狠抓 环节 贿赂 机关 及时 监督 检察 检察长 件 解释 禁毒 纠正 举报 开展 力气 判决 培训班 配合 破坏 起诉 抢劫 轻 认真 上级 上下 涉嫌 审查 受理 思卿 贪污 危害 刑法 刑事 行政 性质 严厉 严重 一体 有力 预防 整治 正气 职务 职责 执法 秩序 治安 治国 宗旨 综合治理 罪 渎职 
---- Cluster id #95 ----
Size: 25
报警 闯 大队 丢 罚 干警 敢 公安局 接到 警察 警方 楼 民警 牛 女士 派出所 试 手机 小事 巡警 义务 议论 值班 中队 追 
---- Cluster id #96 ----
Size: 49
案件 颁布 财产 呈 惩处 处罚 当事人 递增 调节 法官 法院 犯罪分子 方略 干扰 公正 够 合法 家庭 建新 金额 纠纷 类 类型 每年 民事 宁波 判处 赔偿 平均 权益 人民法院 上升 涉及 审理 审判 数额 司法 诉讼 委托 效果 严打 严肃 增大 增多 知识产权 执行 致使 中级 最高 
---- Cluster id #97 ----
Size: 12
爱好者 背后 岛 购 轰动 据说 蓝 枚 收藏 岁月 邮票 邮政 
---- Cluster id #98 ----
Size: 45
安 薄 不幸 策略 春 春耕 党组织 敌人 底 动员 发动 发起 根据地 共产党员 汇 机关干部 艰苦 借助 军民 开办 开辟 抗日 抗战 空前 累 留给 率领 民 耐心 情绪 日报 退 顽强 维持 雄厚 严峻 应付 踊跃 运动 战斗 战役 掌握 政权 撰写 子文 
---- Cluster id #99 ----
Size: 20
长春 倡议 超 创汇 大楼 大庆 大厦 服装 福州 股份 股份制 南昌 商场 商厦 盛 有限 有限公司 云龙 郑州 珠海 
---- Cluster id #100 ----
Size: 30
背 产 大棚 大树 恶劣 盖 高原 公斤 官兵 海拔 基地 结 军区 空白 领 农场 摄氏度 双拥 塑料 挑 头 土 玉米 栽培 种植 重 株 猪 驻军 足够 
---- Cluster id #101 ----
Size: 13
传真 对策 国务 科尔 恐怖 灵活 桥本 苏哈托 雅加达 印度尼西亚 印尼 印尼盾 援助 
---- Cluster id #102 ----
Size: 24
表决 参考 承办 大会 代表 当选 发言 呼声 建议 交 居委会 来自 历时 两会 热点 人大代表 神圣 心声 选出 意见 议案 酝酿 掌声 走访 
---- Cluster id #103 ----
Size: 7
避孕 妇联 妇女 女性 探亲 突尼斯 小区 
---- Cluster id #104 ----
Size: 76
办公室 办公厅 北京 北京大学 北京市 毕业 部长 常委 车间 成员 冲击 大学 党委 党校 党组 地委 董事长 分局 副 干事 工程师 共青团 广东省 国防部 国务委员 汉族 红旗 湖南 获 计委 加入 兼 教授 局长 科长 民革 民主党 名誉 男 其间 清华大学 区 任 山东 上将 生 省委 省政府 师 市委 书记 书记处 所长 天津 天津市 铁路局 系 县委 校长 学位 学习 学院 研究生 研究室 研究所 研究院 友协 政治部 政治局 中共 中央委员 主任 住院 专业 组长 组织部 
---- Cluster id #105 ----
Size: 26
北 表面 吹 东 厄尔尼诺 附近 海洋 科学家 扩展 暖 气象 全球 热带 上空 首席 太平洋 为期 西 现象 响应 辛勤 一等奖 预报 预测 月 月球 
---- Cluster id #106 ----
Size: 27
遍 称为 敢于 豪华 好像 红 花 劲 京城 开 卖 牡丹 旁 散 时节 死 脱颖而出 献给 香 像 向前 延安 意思 云 载 这儿 正好 
---- Cluster id #107 ----
Size: 12
波兰 创办 反响 观看 虎踞 连日来 全有 武术 学员 演出 赞扬 钟山 
---- Cluster id #108 ----
Size: 19
北方 草 草地 当中 该县 攻关 江西 可观 南方 农业部 人均收入 认可 试验 踏 细 兴奋 畜 畜牧业 养 
---- Cluster id #109 ----
Size: 20
爱 幅 父亲 贺卡 寄 老人 磊 缅怀 身体 同学 心中 信 印象 颖超 永恒 展出 照 照片 致 子女 
---- Cluster id #110 ----
Size: 25
背景 变动 波 对此 个体 工人 观点 合资 角度 阶层 劳动力 另 流动 强有力 群体 商 身份 私营 缩小 特征 显然 移 有人 原有 占据 
---- Cluster id #111 ----
Size: 72
包袱 边界 成本 初步 出于 大 代价 等于 动态 多元化 分散 风险 功能 公司 规模 国外 合并 衡量 机会 集团 集团公司 家 兼并 简单 进入 经营 可能 跨 宽 亏损 扩张 浪潮 联合 连续 垄断 目的 纽带 排 排名 破产 其 企业 强 全新 如 实力 世界 收益 手段 数量 速度 无法 限度 销售额 行列 行业 迅速 业务 一样 营销 盈利 杂志 真正 政府部门 值得 指明 专业化 追求 资产 总部 组合 做法 
---- Cluster id #112 ----
Size: 17
此事 大桥 感 感慨 回去 将军 南京 批示 前途 释放 托 为首 西安 细致 心 修 样子 
---- Cluster id #113 ----
Size: 29
城 创建 大街 到位 店 光彩 好事 活动 激励 假货 假冒伪劣 精神文明 礼貌 联 评选 群众性 热水器 人人 商店 实实在在 实事 投诉 文明 无 信誉 引 载体 扎扎实实 中宣部 
---- Cluster id #114 ----
Size: 46
吧 杯 等 夫妇 告别 告诉 过年 会场 记得 见 啦 联络 脸 吗 忙 没 名字 那 那么 那天 那样 你 您 朋友 啤酒 乒乓球 情景 请 上面 声 听到 停 玩 完 望 我 想 想到 想起 笑 行 遗憾 应邀 怎么 丈夫 知道 
---- Cluster id #115 ----
Size: 54
案 材料 逮捕 调 法庭 该 公安 公安部 管辖 规定 检察院 鉴定 结论 经过 居住 可以 款 理由 立案 律师 秘密 聘请 期间 期限 请求 取 权 上述 省级 事实 是否 收到 收集 收取 属于 说明 随 提起 通知 同意 为由 未能 嫌疑人 刑事诉讼法 姓名 询问 延长 应当 在场 章 侦查 证据 证明 指 
---- Cluster id #116 ----
Size: 25
办学 弊端 部分 部委 成人 高等教育 高校 共建 互补 科 来华 浪费 留学 普通 趋势 人文 设置 所属 套 体制 学科 眼光 招生 中等 重复 
---- Cluster id #117 ----
Size: 49
爆发 被动 才能 参与 长征 朝鲜 持久 到达 德 独立自主 夺取 该书 国防 红军 后勤 结成 进攻 经济基础 军 军队 军事 军委 抗日战争 毛 迫使 全军 人民军队 生涯 胜利 时期 文选 我军 武装 消极 协助 早期 泽东 占领 战术 战争 真理 指挥 致力 中央军委 主持 主观 装备 壮大 作战 
---- Cluster id #118 ----
Size: 74
颁发 办法 保留 报 本 部门 采矿 采矿权 长工 出资 储量 处 登记 地震 地质 发布 罚款 范围 防震 费用 负责 给予 公告 构成 管理 国务院 会同 监测 减 减灾 缴纳 开采 勘查 勘探 矿产 领取 没收 免 内 年度 批准 平方公里 评估 其他 情节 权限 人民政府 日 伤亡 申请 审批 石油 手续 探矿权 提交 天然气 条 铁 停止 违反 县级 限期 许可证 延续 有关 予以 原 暂行 责令 主管 转让 资料 资源 最低 
---- Cluster id #119 ----
Size: 19
产业化 成果 到底 该校 高低 集装箱 检测 建造 科研 论文 满足 清华 缺少 系统 系统工程 学校 验收 转化 转换 
---- Cluster id #120 ----
Size: 31
安全 标志 不得 仓库 地面 地下 电力 发电 个人 奖励 距离 跨越 扩建 垃圾 器材 任何 设施 施工 损害 损失 所在 条例 物品 线路 消防 新建 延伸 移动 应 周围 作业 
---- Cluster id #121 ----
Size: 21
冰雪 东盟 风光 国旗 欢乐 节日 旅游 旅游业 曼谷 气氛 庆 泰国 吸引 喜庆 祥和 徐州 一派 游客 愉快 祝福 总裁 
---- Cluster id #122 ----
Size: 25
彩电 传输 此举 电视 电视机 电台 多媒体 覆盖 广播 杭州 画面 接收 竞赛 厘米 模拟 屏幕 清晰 取代 数字 听众 图像 网 卫星 乡镇 信号 
---- Cluster id #123 ----
Size: 31
毕业生 编写 财经 风气 高等 高度 高考 国家教委 合格 教材 教师 教学 教育 考试 课 课程 课堂 面向 年级 培养 普及 人才 素质 通用 西南 小学 新加坡 型 学生 中小学 中小学生 
---- Cluster id #124 ----
Size: 29
白色 邦国 丰收 高产 贵鲜 家华 经济林 科特迪瓦 良种 龙头 农产品 农户 农科教 农民 农业 深度 生物 食品 收成 水稻 太空 铁映 拓展 稳 营养 增产 增收 植物 种子 
---- Cluster id #125 ----
Size: 25
承包 存量 打工 担 地 地处 纷纷 耕地 股份合作制 湖 荒山 开发 林业 苗 亩 女工 盘活 山区 填 土地 掀起 县城 县政府 咱 这块 
---- Cluster id #126 ----
Size: 30
带有 导演 灯 电视剧 电影 改编 沟通 话题 镜头 看待 可能性 理 描写 某 闹 拍 拍摄 圈 热闹 水浒传 思维 文学 洗 小说 写 写作 影视 诱惑 最终 作家 
---- Cluster id #127 ----
Size: 41
不错 不怕 尝 窗口 多少 返回 共和国 谷 过来 过去 合影 连 楼房 棉花 牧民 那个 农家 农科院 片 拼搏 葡萄 前来 上来 示范 双手 位于 乌鲁木齐 响 新疆 匈牙利 选拔 阳光 迎 幽默 犹如 油 远 招 震 主人 坐 
---- Cluster id #128 ----
Size: 15
搬 房间 故居 怀着 肯 临近 罗马尼亚 民工 牌子 日子 少奇 属 屋 雨 摘 
---- Cluster id #129 ----
Size: 9
拜年 茶话会 待遇 佳节 老 离退休 忘 致以 总政治部 
---- Cluster id #130 ----
Size: 34
阿拉法特 巴 巴勒斯坦 波黑 撤军 冲突 辞职 打破 方案 分歧 和谈 华盛顿 进程 克林顿 库克 黎 黎巴嫩 美军 南部 内阁 内塔尼亚胡 前夕 设想 士兵 西岸 叙利亚 宣布 耶路撒冷 以 以色列 犹太人 约旦河 直升机 中东 
---- Cluster id #131 ----
Size: 43
八一队 败 本轮 比分 场 打 对手 夺冠 负 攻 国家队 河南 击败 甲Ａ 教练 教练员 俱乐部 篮球 联赛 辽宁队 轮 男篮 男排 女排 排球 强劲 轻松 球 球队 球员 弱 赛季 胜 输 四川 万达队 位置 战 浙江 支 主场 主教练 足球 
---- Cluster id #132 ----
Size: 30
安徽省 处长 歌舞团 广西 海南省 河北省 河南省 湖南省 江苏省 科教 科委 科协 内蒙古 宁夏 三下乡 山东省 山西省 陕西 陕西省 四川省 图书馆 团长 县长 宣传部 演员 医院 艺术团 云南省 浙江省 自治县 
---- Cluster id #133 ----
Size: 71
闭幕 必然 参政议政 阐述 出席 次 打假 大局 调查 调研 对外 发表 风貌 服从 赴 纲要 稿 各界 华清 会议 活跃 江 讲话 交往 锦涛 举行 开幕 开拓 看望 考察 列入 鲁丽 履行 率 侨胞 全体 日程 入手 瑞典 瑞环 讨论 提案 题 通过 团体 伟长 协商 新鲜 兴 选平 研讨 演讲 邀请 议程 议题 与会 泽民 展望 章程 正英 政协 职能 制度化 智利 驻地 专题 做出 作 座谈 座谈会 F基 
---- Cluster id #134 ----
Size: 354
把握 办 包括 薄弱 保持 保障 保证 必要 表明 不同 不懈 步 步伐 部署 采取 层次 产生 长期 倡导 成功 成就 成立 成为 成效 程度 充分 初级阶段 出发 出现 处理 处在 传统 创造 此 促进 存在 措施 带动 带来 党 党中央 得到 抵制 典型 奠定 调动 独立 对待 多 发挥 发生 发扬 发展 繁重 反映 方面 方式 方向 方针 防止 放 奋斗 符合 负担 改变 改革 改造 高举 搞好 个别 各 各个 各级 各项 各种 各族 根本 根本性 工作 巩固 贡献 鼓舞 关根 关键 关心 关注 观念 贯彻 广大 广泛 广阔 国际 国家 国情 过程 过渡 好 核心 宏伟 回顾 混乱 活力 基本 基础 机遇 机制 积极 集中 计划经济 加强 加速 加以 坚持 坚持不懈 坚定不移 坚强 坚实 肩负 艰巨 健康 健全 建立 建设 结合 解放思想 解决 紧密 进行 近 精神 精心 经济 经受 经验 局面 举办 举世瞩目 巨大 具体 具有 开创 开放 开拓进取 考虑 靠 克服 客观 肯定 困难 来 牢固 牢记 理想 利益 利用 力量 联系 良好 了解 领导 领域 路线 落实 迈出 矛盾 密切 面对 民主 明确 模范 目标 内部 内容 能 能否 能够 能力 年 努力 批 平等 迫切 普遍 起来 千方百计 前进 前景 前列 前提 强大 强调 强烈 切实 情况 渠道 取得 全 全局 全面 全心全意 确定 群众 任务 如何 上 社会 社会主义 深刻 深入 生动 生活 失误 十四大 十五大 时机 实际 实事求是 实现 实行 使 世纪 事业 是 适应 视察 受到 树立 水平 顺利 思想 所有 探索 特点 提出 提高 提供 体会 体系 体现 条件 突出 突破 团结 推动 推进 推向 妥善 完全 完善 围绕 为 维护 稳定 问题 我国 我们 物质文明 吸收 下 下去 先进 显著 现代化 项 小康 协调 新 形成 形式 形势 需要 宣传 选择 学者 研究 要 要求 一定 一切 一致 依靠 以来 意愿 因地制宜 因素 引导 引起 应该 应有 赢得 影响 勇于 优良 优势 优秀 有 有的 有利 有所 有效 有些 遇到 原则 运用 增强 扎实 战略 召开 者 这些 这种 整个 整体 正确 政策 政府 政治 支持 支柱 之间 直接 指出 指导 指引 制订 制度 中 重大 重点 重视 重要 主动 主要 注意 注重 抓 抓住 转变 准 准确 着眼 自觉 自身 自愿 综合国力 总结 总体 组成部分 组织 做到 做好 作出 作为 作用 
---- Cluster id #135 ----
Size: 28
吃饭 出访 搭 答应 大姐 代表团 对付 饭店 夫妻 赶 跟 跟着 记忆 开会 客人 联邦 那时 人家 荣 沙漠 上任 深受 声音 踢 小伙子 新年伊始 毅仁 着 
---- Cluster id #136 ----
Size: 22
办事处 彼此 不惜 长沙 队 队长 队员 国民党 剧团 抗 幕 迫害 奇迹 前线 烧 睡 厅 团 武汉 遇 遭 直至 
---- Cluster id #137 ----
Size: 39
报告 暴露 别国 称 承认 持 对抗 干涉 攻击 公认 公约 好处 抗议 冷战 例如 美国 男女 内政 评 其它 谴责 侵犯 侵略 人权 事实上 所谓 他人 外国人 限制 相同 消耗 宣言 研究会 预期 珍惜 执政 指责 周刊 自由 
---- Cluster id #138 ----
Size: 15
传销 发射 防伪 改 轨道 航天 会员 火箭 急需 卢布 设计师 通货膨胀率 研制 值 总公司 
---- Cluster id #139 ----
Size: 26
步入 车辆 承担 对方 繁华 公园 机动车 加重 交通 门口 怕 汽车 认定 伤 事故 司机 死亡 随意 停车 现场 行人 游人 责任 真相 撞 自行车 
---- Cluster id #140 ----
Size: 22
澳 长官 繁荣 风波 港 回归 基本法 驾驭 建华 交接 美好 内地 社长 石 事务 市民 司长 特区 香港 信心 一国两制 驻 
---- Cluster id #141 ----
Size: 30
本质 错误 对象 犯 集 角色 境界 领导者 陌生 谋 清醒 权力 认识 甚 生机 失败 视野 手中 头脑 脱离 外部 危险 希腊 一把手 意识 意志 知 主体 资 自我 
---- Cluster id #142 ----
Size: 32
安徽 比重 表 从事 从业 地区 电价 东部 供电 公报 结果 快速 劳动 辆 末 年龄 农村 普查 人数 人员 如下 数 数据 台 西部 以外 占地 镇 整顿 中部 总量 总数 
---- Cluster id #143 ----
Size: 29
差别 动摇 非 富裕 公平 公有制 积极性 激发 极大 经济效益 井 看好 抗旱 矿 量 迈进 煤 煤矿 倾斜 丧失 手里 小麦 迅猛 要素 隐患 优先 原来 运转 总书记 
---- Cluster id #144 ----
Size: 10
带头 公务员 规范化 领会 普通话 书法 书面 文字 语言 字 
---- Cluster id #145 ----
Size: 25
办理 保值 不满 财政部 持有 储蓄 到期 兑付 付 公布 购买 国债 计 计算 利息 满 年利率 凭证式 期 事宜 提前 提问 网点 营业 债券 
---- Cluster id #146 ----
Size: 95
榜样 宝贵 不顾 策划 彻底 崇高 初期 此后 促成 担任 诞辰 诞生 恩来 翻译 风范 复杂 高尚 革命家 公仆 共产主义 后果 怀念 坏 极端 急 坚定 艰难 接触 杰出 尽 精力 久 老一辈 离开 历程 领导人 留下 那种 难忘 内外 排除 品格 亲属 青 去世 全世界 热爱 人格 人群 善于 身 身边 深厚 深切 深情 他 投身 伟人 文化大革命 我党 无产阶级 无限 伍 牺牲 想象 心血 信念 休息 修权 业绩 一生 遗产 以为 忧 战场 战友 争取 政治家 之际 之一 直到 智慧 中华民族 中间 忠实 种种 重任 周 周年 著名 卓越 总参谋长 走过 崛起 魅力 
---- Cluster id #147 ----
Size: 21
爱心 感动 公益 基金会 奖金 救助 捐 捐款 捐赠 捐助 美德 母亲 启动 失学 她们 题写 希望工程 献 幸福 资助 组委会 
---- Cluster id #148 ----
Size: 24
本地 波音 担心 导致 电厂 东亚 动荡 恶化 风暴 革新 股市 马来西亚 墨西哥 某种 纽约 判断 推迟 削弱 新兴 亚洲 引发 造成 支付 周边 
---- Cluster id #149 ----
Size: 27
把 保卫 部队 称号 称赞 担负 导弹 锻炼 光荣 海军 解放军 空军 练 命名 热潮 认清 射击 使命 司令员 透 忘记 武警 训练 院校 战斗力 忠诚 组建 
---- Cluster id #150 ----
Size: 84
版 包装 玻璃 彩色 测试 插 船舶 大型 地位 电子 独资 短 防 服务业 高档 高效 工艺 光 含 化肥 化工 基因 机械 机组 激光 加工 检验 轿车 接近 精 空中 控股 连接 码头 煤炭 摩托车 年产 农 配套 品种 期货 千瓦 认证 容量 摄影 设备 设计 生产 生产线 水电 水泥 饲料 隧道 天然 通信 同步 铜 外商 相关 新型 性能 医药 仪 仪器 以上 以下 用 优 邮电 油田 原料 允许 占 珍贵 纸 制品 制造 中方 主导 专利 专用 装置 咨询 综合 
