---- Cluster id #1 ----
Size: 17
爱尔兰 北爱 布莱尔 此举 大选 东盟 国际象棋 国王 红色 回国 柬埔寨 拉那烈 曼谷 南北 请求 英国 政局 
---- Cluster id #2 ----
Size: 17
便宜 乘客 打电话 饭店 高峰 告诉 买 耐心 票 签 确实 师生 停留 享受 优惠 折 之前 
---- Cluster id #3 ----
Size: 23
办学 弊端 部委 财经 陈旧 封闭 高等 高等教育 高校 共建 教学 课 浪费 面向 趋势 人文 设置 所属 套 通用 型 学科 重复 
---- Cluster id #4 ----
Size: 30
歌舞团 海南省 合肥 河北省 河南省 湖南省 江苏省 江西省 剧团 科教 科委 科协 宁夏 农科院 农药 青海 三下乡 山西省 陕西 陕西省 社长 四川省 天地 图书馆 团长 宣传部 医院 云南省 浙江省 自治县 
---- Cluster id #5 ----
Size: 20
爱护 待 懂得 改造 感人 工人阶级 估计 鼓舞 敬爱 看待 另外 倾向 视为 水库 吸收 赞成 真诚 知识分子 中间 资产阶级 
---- Cluster id #6 ----
Size: 27
班 笔者 长途 车 带头 锋 奉献 姑娘 弘扬 换 火车站 姐妹 捐赠 拉 雷 某部 亲人 人生 事迹 送给 她们 题词 停 现任 新人 学 真情 
---- Cluster id #7 ----
Size: 33
采用 产品 产业 传输 带动 电子 多媒体 发明 分为 概念 高速 国外 技术 计算机 接近 开发 牌 人民日报 软件 升级 失业率 网络 网上 显示 写道 信息 因特网 应用 用户 优 原材料 支撑 支柱 
---- Cluster id #8 ----
Size: 40
安 薄 不幸 策略 春 党组织 敌人 底 动员 发动 发起 根据地 工 共产党员 汇 艰苦 借助 军民 开办 开辟 抗日 留给 率领 命令 情绪 日报 土地 顽强 维持 牺牲 下乡 雄厚 严峻 应付 踊跃 运动 掌握 政权 驻军 子文 
---- Cluster id #9 ----
Size: 14
爱好者 观看 轰动 虎踞 话剧 南京 前线 全有 替代 戏剧 学员 演出 赞扬 钟山 
---- Cluster id #10 ----
Size: 72
安装 办事 本人 表率 宾馆 不正之风 不准 查处 出台 处分 单位 党风 党性 党员 党政 党政机关 斗争 对策 遏制 反 反腐倡廉 腐败 干部 公款 狠抓 会计 机 集资 纪检 纪律 纪委 监察 坚决 艰苦奋斗 健行 考验 礼品 立 廉洁自律 廉政 蔓延 配备 评议 强化 清理 庆典 全会 奢侈浪费 实体 土壤 外地 违反 违规 违纪 尉 严格 严禁 一级 源头 责任制 赠送 制约 制止 抓好 追究 准则 着重 自 自觉性 综合治理 钻研 作风 
---- Cluster id #11 ----
Size: 24
博览会 传播 大赛 大众 份额 服装 激烈 媒介 媒体 名牌 宁 品牌 企业界 全新 赛事 设计师 水准 体委 体育 用品 与会者 占据 知名 中介 
---- Cluster id #12 ----
Size: 75
补充 常委会 常务 长官 程序 惩治 充实 抽查 筹备 代表 代表大会 地方 督促 法 法规 法律 法治 改进 共计 规范 规则 规章制度 国家机关 划分 换届 汇报 季度 检查 接待 借鉴 决定 框架 立法 力求 每次 民族 难点 起草 区域 全国 热点 人大 人大代表 任期 日常 少数民族 设立 审议 实施 适合 市场经济 授权 特别 听取 委员会 宪法 香港 信访 行使 行政区 修改 选举 依据 议案 议会 灾 征求 正当 职权 制定 中华人民共和国 专门 自治 组成 遵循 
---- Cluster id #13 ----
Size: 19
倒闭 分行 该行 关闭 广东 核 核电站 基建 监管 可靠 审计 事件 松 投产 无法 下属 消防 信誉 验收 
---- Cluster id #14 ----
Size: 23
澳 澳门 颁布 比较 丛书 电台 动物 动物园 多利 过渡 回归 基本法 基因 交接 竞赛 两地 平稳 实验 特区 听众 细胞 羊 野生 
---- Cluster id #15 ----
Size: 10
成人 打工 大学生 放弃 赶到 高考 篮球 石家庄 县城 资助 
---- Cluster id #16 ----
Size: 83
爱国 榜样 宝贵 冰 伯伯 不顾 参观 侧面 传达 此后 此事 诞辰 得知 典范 度过 恩来 封 负责人 告 公仆 关怀 坚定 讲述 交谈 接触 接见 结婚 尽 老一辈 历程 留下 民主党派 那时 那种 难忘 品格 亲 亲切 亲属 青 去世 热爱 人格 荣 身体 深情 天安门 统一战线 统战 统战部 投身 腿 外出 伟人 文革 文化大革命 文艺 无限 细致 想象 消息 心血 休息 冶金 业绩 一生 毅仁 颖超 永恒 忧 遭到 照顾 召集 政治家 知名人士 之际 直到 指示 致 周 周年 总理 魅力 
---- Cluster id #17 ----
Size: 16
报名 岛 工具 青岛 清洁 市民 受益 书法 所在 同学 温馨 行动 业余 征文 志愿 志愿者 
---- Cluster id #18 ----
Size: 44
财富 操作 成长 创新 到来 动力 发达国家 发展中国家 赶 获取 机器 积累 即 价值 进步 具备 科技 科教兴国 科学技术 劳动者 论断 迈进 面临 蓬勃 前沿 求 取决于 全球化 人工 人类 人力 生存 实验室 挑战 兴起 真正 知识 知识经济 之上 指明 智力 注入 转向 走向 
---- Cluster id #19 ----
Size: 20
病 病人 罚 孤儿 光彩 患者 急 乐 每人 生命 市 收 收取 死亡 通道 武汉 武汉市 心灵 艺术团 勇敢 
---- Cluster id #20 ----
Size: 46
百分点 比例 拆借 筹资 存 存款 贷款 发放 法定 法人 幅度 负债 挂钩 货币 机构 降低 结算 金融 金融业 考核 客户 理顺 利率 利于 名义 哪些 取消 商业 收回 投放 下调 现行 限额 信贷 信用 行长 一般 银行 银行业 用于 有利于 这次 政策性 准备金 准备金率 资金 
---- Cluster id #21 ----
Size: 36
薄弱 毕业生 编写 出国 促 代 待遇 风气 该校 高度 国民 基金会 集体经济 教材 教师 教育 考试 课程 课堂 理想 年级 培养 普及 人才 人事 人事部 融入 素质 文化 西南 乡镇企业 小学 学生 学校 中小学 重要性 
---- Cluster id #22 ----
Size: 26
把 保卫 部队 称赞 担负 导弹 锻炼 光荣 海军 解放军 空军 练 命名 全军 使命 司令员 透 忘记 武警 训练 研制 院校 战斗力 忠诚 装备 组建 
---- Cluster id #23 ----
Size: 21
冰箱 彩电 创办 电器 电视 电视机 果断 画面 科龙 厘米 论证 模拟 迁 取代 数字 台 同样 图像 推出 网 信号 
---- Cluster id #24 ----
Size: 13
电影 高中 关根 描绘 普通话 桥 桥梁 同类 文字 影片 语言 中文 字 
---- Cluster id #25 ----
Size: 29
阿拉法特 巴勒斯坦 撤军 辞职 方案 分歧 和谈 华盛顿 进程 克林顿 库克 黎 黎巴嫩 南部 内阁 内塔尼亚胡 前夕 设想 士兵 西岸 叙利亚 宣布 耶路撒冷 以 以色列 犹太人 约旦河 直升机 中东 
---- Cluster id #26 ----
Size: 33
笔 边 仓库 产值 倡议 超 闯 创汇 地处 短短 奋战 国家级 怀 家乡 家中 讲究 军人 军营 看好 累 利税 企业家 欠 盛 脱 望 小伙子 新年伊始 意味着 迎来 跃 云龙 运河 
---- Cluster id #27 ----
Size: 26
本地 出生 传销 达标 动手 防治 该厂 各地 公众 淮河 环保 环保局 环境 计划生育 接 紧 力气 流域 排放 人口 算 污染 下决心 削减 治理 抓紧 
---- Cluster id #28 ----
Size: 11
巴 巴基斯坦 典礼 对方 妇联 妇女 高速公路 突尼斯 谢里夫 印 致以 
---- Cluster id #29 ----
Size: 10
北大 蔡 光辉 刊登 马克思 名字 通 宣言 言 主编 
---- Cluster id #30 ----
Size: 10
版 改 构想 据悉 卢布 品质 通货膨胀率 投诉 新加坡 值 
---- Cluster id #31 ----
Size: 32
不得 处罚 措施 等级 定价 罚款 干预 各自 给予 价格 紧急 经营者 没收 其他 情节 权限 商品 适用 属于 损害 提供 条 违法 消费者 行为 有关 责令 章 政府 指 自主 遵守 
---- Cluster id #32 ----
Size: 20
搬 北部 北风 大雨 故居 华南 怀着 黄淮 江淮 江南 肯 冷空气 偏 气温 气象台 日子 少奇 天气 小到中雨 雨 
---- Cluster id #33 ----
Size: 8
产权 评估 清晰 委托 项目 珠海 转让 咨询 
---- Cluster id #34 ----
Size: 32
比重 表 从事 从业 地区 东 东部 分布 公报 结果 快速 劳动 末 年龄 平均 普查 人数 人员 如下 数 数据 数量 西部 吸纳 以外 占 占地 镇 中部 中西部 总量 总数 
---- Cluster id #35 ----
Size: 143
白 毕 兵 藏族 曹 朝鲜族 陈 程 川 崔 戴 单 丁 董 杜 范 方 费 冯 傅 刚 高 葛 龚 古 顾 关 管 郭 韩 何 贺 洪 侯 胡 华夏 黄 回族 霍 贾 健 建华 姜 蒋 杰 解 金 晋 俊 孔 兰 李 力 梁 亮 廖 林 刘 柳 卢 鲁 陆 罗 马 满族 梅 蒙古族 孟 苗 苗族 敏 明 名 莫 聂 牛 女 平 齐 秦 曲 群 邵 申 沈 施 史 舒 宋 孙 谭 汤 唐 涛 陶 田 土家族 万 汪 王 韦 维吾尔族 伟 魏 文 闻 吴 武 夏 向 肖 谢 星 熊 徐 许 薛 严 阎 杨 扬 姚 叶 彝族 易 毅 尹 勇 游 于 余 俞 袁 曾 张 赵 郑 志 钟 朱 祝 壮族 邹 
---- Cluster id #36 ----
Size: 24
报警 超出 成熟 承诺 大队 房间 公安局 接到 救 楼 民 民警 女士 平凡 商家 受伤 危险 小事 巡警 义务 议论 值班 中队 抓获 
---- Cluster id #37 ----
Size: 14
奥委会 奥运会 澳大利亚 夺得 冠军 获得 锦标赛 乒乓球 赛 射击 世界杯 世界纪录 游泳 运动员 
---- Cluster id #38 ----
Size: 17
背后 带有 话题 监控 揭示 景观 理性 两会 林业 灵魂 墨 某种 时尚 世纪之交 现实主义 再现 真实 
---- Cluster id #39 ----
Size: 23
背景 变动 波 对此 工人 观点 合资 角度 阶层 劳动力 另 流动 强有力 群体 身份 双重 私营 特征 位置 显然 移 有人 之外 
---- Cluster id #40 ----
Size: 17
办事处 保健 服务 级 街道 警方 居委会 区 热线 上门 社区 网球 卫生 血 医疗 医药 中医药 
---- Cluster id #41 ----
Size: 19
大桥 发射 航天 虎 黄河 火箭 记得 将军 渴望 目光 批示 师 失学 团 西安 希望工程 修 样子 总政治部 
---- Cluster id #42 ----
Size: 244
把握 办 保障 保证 标志 部署 采取 层次 长期 成就 成效 充分 初步 出发 处理 促进 大胆 大局 党 党中央 得到 得以 奠定 调动 发挥 发扬 法制 繁荣 繁重 方面 方向 方针 防止 放 奋斗 符合 服从 负担 富强 高举 各 各个 各级 各项 各种 各族 根本 工作 巩固 贡献 共产党 共同 关键 关心 观念 贯彻 广大 广泛 广阔 规律 轨道 国家 好 核心 回顾 混乱 机遇 积极性 激励 集中 及时 加强 加速 加以 坚持 坚持不懈 坚定不移 坚强 坚实 肩负 艰巨 健全 建立 建设 结合 解放思想 紧密 进行 精神 精心 经验 局部 局面 举办 举世瞩目 具有 决策 决心 开创 开放 开拓进取 开展 客观 肯定 牢固 牢记 老 利益 力量 联系 领导 领导班子 路线 落实 迈出 矛盾 密切 民主 明确 目标 内容 年 努力 配合 批 平等 迫切 普遍 起来 前进 强大 强调 强烈 切实 情况 取得 权威 全面 全心全意 确定 群众 人民 任务 认真 社会主义 深刻 深入 十五大 实际 实事求是 实现 实行 世纪 事业 适应 视察 树立 顺利 思想 所有 探索 特点 特色 提倡 提出 体会 体现 条件 突出 团结 推动 推进 推向 完善 围绕 为 维护 问题 我国 下 显著 现代化 项 消极 小康 协调 新 形成 形式 形势 行政 研究 要 要求 一切 一致 依靠 意见 意愿 应有 赢得 硬 优良 有力 有效 原则 运用 增强 战略 召开 者 振兴 整体 正确 政策 政治 支持 直接 指出 指导 指引 制度 中华民族 重大 重视 重要 周围 主要 注意 注重 抓住 着眼 自觉 综合国力 总结 总体 组成部分 组织 做出 做到 做好 作出 作为 作用 
---- Cluster id #43 ----
Size: 22
拆 城市 城镇 雕塑 公共 和谐 聚集 空间 垃圾 类似 模式 哪个 铺 三角洲 使得 市中心 喜爱 显得 乡村 小 有机 主题 
---- Cluster id #44 ----
Size: 124
办公室 办公厅 北京大学 毕业 博士 部长 参加 常委 常务委员 车间 成都 成员 冲击 出任 大学 党委 党校 党组 地委 东北 董事长 队长 福建 福建省 副 干事 港 工程师 工商联 工业部 工作组 共青团 顾问 管理局 广东省 国防部 国务委员 哈尔滨 汉族 黑龙江 黑龙江省 红十字会 湖北省 湖南 化学 会长 获 吉林 吉林省 加入 兼 教授 届 经理 局长 军分区 科长 科学院 联合会 辽宁 辽宁省 秘书 秘书长 民革 名誉 男 其间 任 日内瓦 上海 上海市 沈阳 生 省 省长 省委 实业 事务 市长 市委 受 书记 书记处 数学 水利部 所长 天津 外事 系 厦门 县委 相当 校长 协会 学位 学习 学院 研究室 研究所 研究员 议员 院长 院士 政法 政委 政治部 政治局 职 中共 中共中央 中华 中学 中央 中央委员 主任 主任委员 主席 助理 专业 总队 总工会 总会 组长 组织部 
---- Cluster id #45 ----
Size: 11
冰雪 参赛 动作 技巧 季 决赛 空中 难度 全场 跳 预赛 
---- Cluster id #46 ----
Size: 187
摆 摆脱 包括 本身 变成 表明 不好 不可 不如 不同 不懈 不行 步 部分 采访 差 产生 长 彻底 成 成功 成为 程度 初 出 出来 出现 创造 此 存在 错误 打开 大家 带来 单纯 当 到 得 掉 独立 多 发现 附 改变 感到 感受 搞 个 关注 官僚主义 观察 过程 忽视 话 还有 恢复 会 极大 间 建国 叫 近 经历 巨大 具体 句 觉得 开始 看 看到 看来 考虑 靠 克服 苦 来 离 理解 里面 了解 路 没有 每个 面对 面前 目的 那些 那样 难 呢 能 能否 能够 年代 期望 其 起 起到 前 全世界 人 人们 任何 认为 容易 如 如此 如何 上 少 身上 深 生动 失误 时 时候 时机 时间 什么 什么样 使 世界 事情 是 受到 熟悉 说 他们 它 提到 听 同 图片 完全 唯一 为什么 位 我们 下来 下去 详细 形象 需要 寻找 眼光 一定 一起 一样 以后 意义 引起 应 应该 有 有的 有些 遇到 在 在于 怎样 站 找 这 这个 这里 这些 这样 这种 争 整个 正是 之 之后 之间 之下 之中 只能 智慧 中 中国 种 种种 著名 自己 走 最后 做 
---- Cluster id #47 ----
Size: 30
安徽 安徽省 朝 电价 对 分工 高低 供电 公里 广 沪 降 交 郊区 津 京 九 卡 开通 客运 每 每天 农户 提 为主 线 小时 以内 运行 整顿 
---- Cluster id #48 ----
Size: 19
本领 编者 吃饭 份 敢于 机会 建 看看 忙 年轻人 批发 上班 身 推销 学会 养猪 找到 挣 赚 
---- Cluster id #49 ----
Size: 65
表现 差异 沉重 创作 大道 独特 读者 多样化 反响 风情 富有 改编 感觉 沟通 古典 汉语 节奏 空前 栏目 冷 描写 某 内在 凝聚 批评 期刊 情感 秋 圈 缺乏 热闹 散文 少儿 审美 失去 诗 诗歌 诗人 视野 收获 思 思考 思维 题材 文学 洗 现实 小说 写 写作 欣赏 心理 严谨 营养 影视 优美 诱惑 誉为 阅读 崭新 专栏 尊严 作家 作品 作者 
---- Cluster id #50 ----
Size: 32
遍 称为 风 豪华 好像 红 花 荒山 鸡 劲 京城 开 落 牡丹 哪 飘 散 山 神圣 时节 死 脱颖而出 献给 香 像 雪 延安 鱼 云 照 这儿 正好 
---- Cluster id #51 ----
Size: 33
安置 出路 创业 第三产业 分流 扶持 富余 干 岗位 工程 工会 活 介绍 就业 块 困难 劳务 门路 女工 破产 千方百计 上岗 失业 特困 温暖 下岗 新兴 兴办 用人 职工 职业 中心 走访 
---- Cluster id #52 ----
Size: 13
查获 出版物 盗版 非法 光盘 海关 海上 货物 净化 任职 挖 证书 走私 
---- Cluster id #53 ----
Size: 19
白酒 包含 店 狗不理 甲醇 假 酒 局 老板 理 门前 前后 山西 售 贴 为何 真 制 中毒 
---- Cluster id #54 ----
Size: 34
本届 比赛 冰球 场面 长野 成绩 出色 打破 登 冬奥会 夺 分 滑 滑雪 加拿大 角逐 金牌 枚 米 秒 名将 名列 男子 女子 挪威 破 赛场 上届 速滑 选手 亚军 银 中国队 缪 
---- Cluster id #55 ----
Size: 15
本国 成员国 东亚 法案 非洲 风暴 关税 好转 拉美 贸易 其余 全球 预计 援助 增长率 
---- Cluster id #56 ----
Size: 7
封锁 古巴 国务 解除 利比亚 伊朗 制裁 
---- Cluster id #57 ----
Size: 18
颁奖 表彰 称号 杜绝 获奖 技能 奖 奖励 揭晓 科学家 评选 首席 授予 挑选 一等奖 优秀 中南海 最佳 
---- Cluster id #58 ----
Size: 31
车辆 城区 承担 出租车 倒 堆 岗 机动车 加重 交警 交通 南宁 南宁市 怕 认定 伤 事故 市区 司机 停车 桶 违章 现场 行人 责任 真相 整治 支队 中小学生 撞 自行车 
---- Cluster id #59 ----
Size: 11
分配 股 拟 派 配 披露 税 送 增 指标 转 
---- Cluster id #60 ----
Size: 58
闭幕 茶话会 阐述 出席 次 打假 调查 发表 赴 甘肃 纲要 光亚 国权 华清 会议 江 讲话 锦涛 举行 开幕 看望 考察 科技界 列入 鲁丽 率 论坛 乔 全体 日程 瑞典 瑞环 商 石 讨论 题 伟长 掀起 新鲜 兴 选平 研讨 研讨会 演讲 议题 迎春 与会 泽民 兆国 正英 智利 驻地 作 座谈 座谈会 崛起 孚凌 F基 
---- Cluster id #61 ----
Size: 23
表决 草案 大会 电信 候选人 华为 会场 决议 马克 名单 热烈 人选 提名 提请 铁木尔・达瓦买提 通过 响起 议程 酝酿 掌声 主持人 主席台 主席团 
---- Cluster id #62 ----
Size: 55
颁发 办法 保留 本 部门 采矿 采矿权 长工 出资 储量 登记 地质 发布 范围 供 公告 构成 管理 国务院 会同 减 缴纳 开采 勘查 勘探 矿产 领取 免 名称 内 年度 平方公里 签订 日 申请 审批 石油 手续 探矿权 特定 提交 天然气 铁 停止 图 文件 限期 许可证 延续 予以 原 暂行 主管 资料 最低 
---- Cluster id #63 ----
Size: 20
不良 迟 此前 大藏省 东京 官员 国防部长 国会 浩田 回收 开业 桥本 日本 日元 上将 苏哈托 印度尼西亚 印尼 债权 职员 
---- Cluster id #64 ----
Size: 11
地域 工商局 广告 精 经济林 商标 舞蹈 舞剧 学术 学者 注册 
---- Cluster id #65 ----
Size: 22
持久 窗口 典型 对待 发掘 高尚 个别 门 模范 墙 全局 生命力 树 推广 系统工程 先进 效应 兄弟 宣传 涌现 针对性 抓 
---- Cluster id #66 ----
Size: 31
查 长期以来 厂 厂长 串 此案 工厂 功 罕见 辉煌 佳 金钱 巨额 劳动模范 漏洞 妻子 荣誉 设 时健 受贿 外 物品 销 辛苦 心态 烟 云南 账 追 总裁 褚 
---- Cluster id #67 ----
Size: 10
福州 工商 杭州 经贸委 培训 团中央 外来 务工青年 校 依托 
---- Cluster id #68 ----
Size: 16
产业化 成果 大型 到底 电厂 集装箱 检测 科研 论文 满足 清华 缺少 托 系统 转化 转换 
---- Cluster id #69 ----
Size: 32
北方 草 草地 草原 持续 当中 该县 攻关 江西 可 利用 良性 流失 南方 内涵 农业部 人均收入 生态 生物 试验 水土 踏 细 畜 畜牧业 循环 养 优质 植物 中科院 诸 资源 
---- Cluster id #70 ----
Size: 15
公园 欢乐 佳节 节日 辆 门口 气氛 汽车 入 啥 随意 突然 喜庆 游人 祝福 
---- Cluster id #71 ----
Size: 27
抱 车站 春运 调 发出 公路 广州 纪录 客车 空 列 列车 临时 旅客 麻烦 民工 难民 神 时刻 售票 铁道部 铁路 意大利 涌 有序 运 运输 
---- Cluster id #72 ----
Size: 30
杯 长城 春风 此时 动 动人 海口 喝 惠芬 激情 家人 惊人 联手 梦 啤酒 人间 试 手术 她 抬 题写 天下 屋 校园 演奏 一代 圆 展示 重返 闵 
---- Cluster id #73 ----
Size: 18
幅 父亲 家里 镜头 缅怀 女儿 拍摄 轻松 身边 生日 思念 喜欢 心中 引人注目 印象 展出 照片 子女 
---- Cluster id #74 ----
Size: 41
办公 帮扶 不便 残疾人 差距 长江 打下 地理 对口 扶 扶贫 更新 攻坚 广场 库区 老百姓 立足 面貌 民心 贫困 贫困户 贫困县 贫穷 前所未有 全市 人心 三峡 商店 上游 市政府 思路 特困户 脱贫 温饱 消除 修建 移民 之内 直辖市 重庆 重庆市 
---- Cluster id #75 ----
Size: 36
步骤 长远 潮流 大陆 大业 当局 分离 分裂 海内外 海峡 和平 回应 交流 两岸 领土 民众 企图 商谈 深远 势力 台湾 谈判 同胞 统一 完整 往来 希望 现状 心愿 一国两制 愿望 主权 主张 状态 祖国 阻碍 
---- Cluster id #76 ----
Size: 15
博物馆 长足 后面 还 居 齐全 失 喜悦 相声 兴趣 依旧 幽默 忧虑 展 妍 
---- Cluster id #77 ----
Size: 10
埃及 病毒 儿童 国产 家电 街 街头 开罗 微笑 直至 
---- Cluster id #78 ----
Size: 10
采购 国家教委 计委 节省 普通 上学 一流 招标 招生 中等 
---- Cluster id #79 ----
Size: 76
阿 阿尔及利亚 比 比利时 边境 表示 布鲁塞尔 传递 丹麦 对抗 多极化 反应 访华 感 高层 高级 关系 国 合作 互访 互利 华 回忆 会见 会谈 会晤 见面 建交 建设性 交换 经贸 看法 莫桑比克 莫斯科 南非 欧 欧盟 频繁 其琛 钱 前景 日期 瑞士 使馆 世贸 双边 双方 司长 苏 苏联 谈 谈话 探讨 外长 外交部 外交部长 问候 西班牙 相互 相信 新任 信任 亚 有助于 有着 愿 愿意 越 越南 赞同 障碍 正常化 驻 转达 着手 岚清 
---- Cluster id #80 ----
Size: 19
波恩 波黑 冲突 村庄 对话 恶化 分子 官方 呼吁 警察 局势 科索沃 恐怖 联络 南斯拉夫 内政 谴责 声明 意 
---- Cluster id #81 ----
Size: 72
Ａ 包袱 边界 表面 成本 出去 出于 存量 大 单一 等于 动态 多元化 费用 分散 风险 钢铁 跟 功能 规模 邯钢 合并 衡量 互补 集团 集团公司 家 兼并 进入 经营 可能 跨 亏损 扩展 扩张 浪潮 联合 连续 垄断 内部 纽带 排 排名 企业 前提 强 实力 收益 手段 限度 销售 销售额 效率 行列 行业 迅速 业务 营销 盈利 优势 运转 杂志 政府部门 值得 中小企业 专业化 追求 资产 总部 组合 最终 做法 
---- Cluster id #82 ----
Size: 25
拜年 伴随 播出 层层 唱 导演 电视台 歌 歌声 歌舞 节目 快乐 联欢 明星 闹 年年 拍 屏幕 首 水浒传 晚会 演唱 演员 游客 展现 
---- Cluster id #83 ----
Size: 20
败 本轮 比分 场 夺冠 负 河南 江苏 联赛 轮 男排 女排 排球 升 胜 四川 讯 战 浙江 主场 
---- Cluster id #84 ----
Size: 31
爱国主义 保护 档案 抵御 革命 规划 记录 纪念 纪念馆 建筑 精品 经费 刊物 烈士 民政部 纳入 抢救 社会效益 收藏 特有 贴近 统筹 维修 文物 文献 物质文明 赞助 责任感 展览 振奋 庄严 
---- Cluster id #85 ----
Size: 47
报纸 不知 灿烂 厂家 道 道理 端 放心 赶来 钢琴 国企 寒风 黑 后人 后者 颗 口 拉开 来临 蓝 利润 临 难免 捧 漂亮 上任 剩下 世人 双手 说话 掏 天空 同事 同行 童 喜 想法 眼 爷爷 衣服 艺术品 意思 志成 珠江 自豪 总经理 帷幕 
---- Cluster id #86 ----
Size: 38
班子 编者按 变 财务 村 村干部 村里 村民 村委会 村务公开 大事 党支部 干群 公开 河北 呼声 怀疑 基层 困扰 乱 满意 明白 农村 盼 前面 清 全村 全省 上访 说法 投票 推 推行 县里 乡 乡镇 这项 阵地 
---- Cluster id #87 ----
Size: 28
本质 比如 变为 超越 成分 初级阶段 处在 发达 非公有制 纲领 公有制 共产主义 光明 归 国情 合格 基本 阶段 谋 判断 清楚 认清 融合 生产力 手里 所有制 消灭 准确 
---- Cluster id #88 ----
Size: 13
Ｄ 半岛 贝宁 大会堂 感谢 客人 深感 卫生部 也 也门 友谊 赞赏 卓有成效 
---- Cluster id #89 ----
Size: 36
贬值 不利 出口 储备 导致 东南亚 动荡 短期 风波 附加值 合 汇率 进出口 经常 竞争力 流入 旅游 墨西哥 泡沫 人民币 顺差 泰国 投机 外汇 外贸 外资 吸引 下降 削弱 信心 亚洲 依赖 因素 影响 周边 资本 
---- Cluster id #90 ----
Size: 13
大中 当选 发 共和国 贺电 联邦 领导人 苏丹 小麦 选出 议长 祝贺 总统 
---- Cluster id #91 ----
Size: 10
大使馆 党建 海外 华侨 华人 会员 年会 庆祝 社团 团体 
---- Cluster id #92 ----
Size: 82
玻璃 彩色 测试 地位 地下 电力 独资 短 吨 发电 防 辐射 服务业 港口 高档 工艺 管制 光 含 化肥 化工 机械 机组 激光 加工 检验 控股 跨越 连接 码头 摩托车 年产 农 配套 期货 器材 千瓦 容量 沙漠 摄影 设备 设计 设施 生产 生产线 水电 水果 水泥 饲料 隧道 天然 条例 通信 同步 铜 外商 卫星 线路 相关 新型 性能 延伸 养殖 移动 仪 仪器 以上 以下 用 邮电 原料 允许 珍贵 纸 制品 制造 中方 主导 专用 装置 综合 作业 
---- Cluster id #93 ----
Size: 21
百富勤 冲 歹徒 刀 港元 喊 记 连队 脸上 玲 流 美丽 幕 派出所 青春 邱 踢 围 鲜花 现金 英雄 
---- Cluster id #94 ----
Size: 17
大连 大楼 大庆 大厦 丢 购物 股份 昆明 南昌 商场 商厦 输出 徐州 邮票 有限 有限公司 郑州 
---- Cluster id #95 ----
Size: 45
楚政 床 大雪 带领 地上 冬 断 富 根 好事 划 患 挤 建房 脚 结成 进 举 扣 老伴 龙 冒 民兵 爬 彭 穷 如同 双 水源 睡 似 躺 趟 脱贫致富 碗 湘西 乡亲 逾 咱 阵阵 只见 州 仔细 自治州 足 
---- Cluster id #96 ----
Size: 21
处长 分局 广西 红旗 民主党 内蒙古 农科教 清华大学 山东 山东省 省政府 天津市 铁路局 委员长 县长 研究生 研究院 友协 指挥部 住院 组 
---- Cluster id #97 ----
Size: 10
公顷 咖啡 科 科特迪瓦 民营 塞 塞拉利昂 水稻 维和 西非 
---- Cluster id #98 ----
Size: 12
公益 号召 怀念 刻苦 深厚 先生 响应 有益 愉快 忠实 诸如 专利 
---- Cluster id #99 ----
Size: 33
崇高 对象 犯 贵 集 角色 境界 领导者 难题 评论 清醒 权力 认识 生机 失败 事物 手中 痛苦 头脑 脱离 外部 希腊 一把手 意识 意志 勇于 知 制作 主体 资 自身 自我 走过 
---- Cluster id #100 ----
Size: 21
帮 帮助 别人 服务队 个体 顾客 挂 柜台 互助 货 季节 借 卖 难关 牌子 青年 热心 生意 实用 司 助 
---- Cluster id #101 ----
Size: 26
处 灌溉 户 毁 节水 抗旱 来源 联 路子 面积 亩 拍卖 盘活 全县 山区 谁 水 水利 水资源 投 物 小型 新建 兴建 原有 致富 
---- Cluster id #102 ----
Size: 15
北京 北京市 风貌 改制 哈佛 空气 来华 良种 留学 留学生 农场 农垦 人群 首都 武术 
---- Cluster id #103 ----
Size: 13
氛围 工作者 禁止 尚 少年 深度 示范 下功夫 新闻 新闻界 舆论 职业道德 中宣部 
---- Cluster id #104 ----
Size: 27
被告 初中 儿子 夫妻 父母 故事 故乡 过 过年 孩子 贺卡 回家 回去 寄 家长 克隆 老人 老师 磊 拿 内心 送礼 岁 太原 退休 信 一家 
---- Cluster id #105 ----
Size: 39
报告 暴露 别国 承认 持 该市 干涉 攻击 公认 公约 好处 家属 抗议 冷战 例如 粮 每周 美国 男女 评 其它 侵犯 人权 事实上 所谓 他人 统计 外国人 限制 相同 消耗 研究会 预期 珍惜 执政 指责 中期 周刊 自由 
---- Cluster id #106 ----
Size: 58
案件 财产 呈 惩处 承包 当事人 递增 调节 懂 法官 法院 犯罪分子 方略 房地产 干扰 公正 够 航运 合法 合同 件 建新 金额 纠纷 来访 来信 类 类型 每年 民事 宁波 判处 赔偿 权益 人民法院 上升 涉及 审理 审判 数额 司法 诉讼 效果 严打 严厉 严肃 严重 增大 增多 知识产权 执行 致使 秩序 治安 中级 中外 宗旨 最高 
---- Cluster id #107 ----
Size: 24
保存 层 常州 超过 传媒 词 地面 风景 古老 河 花园 宽 令 名人 浓 浓郁 品位 气 气息 深受 推荐 一派 营造 至关重要 
---- Cluster id #108 ----
Size: 9
巴金 编 编辑 见解 交给 文选 文章 页 以为 
---- Cluster id #109 ----
Size: 18
此次 党派 国大党 竞选 科尔 可能性 口号 领先 凝聚力 人民党 席 席位 相似 选民 选票 印度 阵线 政党 
---- Cluster id #110 ----
Size: 12
不见 耕地 洪水 湖 湖北 获悉 立方米 吕 热潮 缩小 填 着 
---- Cluster id #111 ----
Size: 18
巴西 电视剧 东北部 功夫 汉年 精彩 警惕 潘 全方位 认可 色彩 私人 塑造 线索 性格 右 战线 这部 
---- Cluster id #112 ----
Size: 12
撤销 代理 电脑 防伪 股东 交易 申报 属 提醒 选择 营业部 指定 
---- Cluster id #113 ----
Size: 47
班长 不错 不怕 尝 充满 多少 返回 覆盖 高兴 谷 过来 过去 合影 兰州 连 楼房 棉花 牧民 那个 那里 农家 片 拼搏 葡萄 前来 上来 岁月 位于 乌鲁木齐 响 新疆 心声 匈牙利 选拔 阳光 一行 迎 犹如 油 远 摘 战士 招 这块 震 主人 坐 
---- Cluster id #114 ----
Size: 26
奥地利 不惜 大师 大厅 风格 感慨 歌剧 观众 剧院 乐观 乐团 农历 热情 上演 声 声音 维也纳 舞 舞台 戏 献身 演 艺术家 音乐 音乐会 院 
---- Cluster id #115 ----
Size: 8
大海 海 罗马尼亚 奶奶 平静 深处 手机 载 
---- Cluster id #116 ----
Size: 39
报 称 搭 地震 第一线 发生 房屋 防震 负责 监测 减灾 救灾 抗灾 抗震救灾 那曲 抢险 缺 人民政府 丧失 伤亡 损失 特大 物资 县级 雪灾 医疗队 预报 预测 灾害 灾民 灾情 灾区 造成 张北 张家口 帐篷 重建 子弟兵 自救 
---- Cluster id #117 ----
Size: 31
八一队 长沙 打 队 队员 对手 攻 国家队 击败 甲Ａ 教练 教练员 俱乐部 抗 辽宁队 男篮 年轻 迫害 球 球队 球员 弱 赛季 输 厅 万达队 赢 遇 支 主教练 足球 
---- Cluster id #118 ----
Size: 22
奔 当地 贵州 过硬 海信 呼唤 火车 价值观 距离 开发区 昆 老区 南 跑 启示 拖 挖掘 慰问 沿线 员工 准 自律 
---- Cluster id #119 ----
Size: 43
步入 菜篮子 产销 刺激 促使 代价 低 放松 副食品 供给 供求 过度 后果 缓解 回落 加剧 买方 徘徊 膨胀 强劲 趋 热 肉 上去 上涨 速度 停产 通货膨胀 通胀 统计局 物价 下滑 相反 需求 虚假 依然 抑制 引发 原因 涨幅 正 正常 总 
---- Cluster id #120 ----
Size: 34
彼此 乘 大臣 大使 抵 抵达 定期 访问 夫人 国旗 荷 荷兰 欢迎 琳 隆重 卢森堡 旁 陪同 鹏 期待 签字 摄 首相 书面 外经贸部 为期 新华 仪式 迎接 友好 圆满 正式 祝愿 驻华 
---- Cluster id #121 ----
Size: 14
柏林 东西 该书 工地 股份制 坏 轿车 可贵 哪里 念头 施工 实事 务实 资本主义 
---- Cluster id #122 ----
Size: 89
啊 爱 吧 包 炒 吃 穿 错 答应 大地 大姐 带 等 顿 翻 饭 房子 夫妇 感情 敢 告别 隔 给 跟着 回 回到 回来 火 激动 记忆 见 饺子 开会 看出 啦 来到 老虎 里 脸 了 妈妈 吗 没 那 那么 那天 你 你们 您 弄 朋友 情 情景 请 去 全家 让 上面 烧 深切 师傅 事 手 天 听到 听说 玩 完 忘 我 想 想到 想起 笑 些 新村 心 心里 心情 行 呀 眼睛 遗憾 意外 怎么 丈夫 知道 住 装 
---- Cluster id #123 ----
Size: 25
并非 补贴 出售 大中城市 担保 抵押 房 福利 个人 工资 供应 购 角 教职工 例 每月 商品房 实物 市场化 消费 小区 需 住房 住宅 租 
---- Cluster id #124 ----
Size: 36
白色 背 边防 菜 产 大门 大棚 恶劣 盖 高原 公斤 官兵 海拔 寒冷 基地 结 军区 空白 领 们 奇迹 摄氏度 蔬菜 塑料 挑 头 土 玉米 栽 栽培 种植 种子 重 株 猪 足够 
---- Cluster id #125 ----
Size: 81
爆发 被动 才能 参与 长征 朝鲜 成立 初期 促成 担任 党内 到达 德 独立自主 夺取 丰富 复杂 革命家 国防 国民党 红军 后 后勤 华北 极端 艰难 杰出 解放 进攻 精力 经济基础 久 军 军队 军事 军委 抗日战争 抗战 离开 路上 毛 内外 排除 平原 迫使 期间 倾听 人民军队 善于 生涯 胜利 时期 他 同志 退 无产阶级 武装 协助 信念 引 拥护 早 泽东 占领 战斗 战术 战役 战友 战争 真理 争取 之一 指挥 致力 中央军委 主持 主观 壮大 卓越 左 作战 
---- Cluster id #126 ----
Size: 29
城 创建 到位 放在 丰收 活动 急需 假货 假冒伪劣 精神文明 龙头 农产品 农民 农业 群众性 热水器 实 实实在在 实效 书画 太空 突破 稳 无 载体 增产 增收 扎实 扎扎实实 
---- Cluster id #127 ----
Size: 90
报刊 倍 拨 拨款 不足 部 藏 场所 处于 传 纯收入 达 大家庭 得出 地 顶 佛教 各类 公民 共有 固定 汉 继 价 监狱 建成 交付 教 今 近年来 经 景象 境内 旧 竣工 可观 课题 拉萨 累计 历时 列为 流行 论 免费 民间 内地 年均 平方米 瓶 权利 全国性 全区 人均 设有 生长 省市 使用 世 首要 受灾 所 特殊 同一 西藏 习惯 现有 县 享有 信仰 修复 悬挂 严寒 遗产 以来 拥有 原始 遭受 占有 整理 政 证实 支援 中央政府 撰写 状况 自治区 宗教 罪犯 尊重 座 
---- Cluster id #128 ----
Size: 24
包装 避孕 插 分钟 含量 疾病 净 克 来自 品种 评为 食品 探亲 外国 问世 药 药品 药物 医学 增至 治疗 中药 中医 专家 
---- Cluster id #129 ----
Size: 20
筹措 船 船舶 订 骨干 花钱 建造 接轨 具 起点 人家 认证 艘 缩短 相比 消化 引进 造 周期 总公司 
---- Cluster id #130 ----
Size: 19
表演 风光 革新 个性 画 画家 艰辛 京剧 剧目 旅 迈向 美术 女性 文化部 戏曲 形 艺术 中国画 自然 
---- Cluster id #131 ----
Size: 23
云 邦国 布赫 长春 春耕 春云 代表团 防火 光英 贵鲜 海南 火灾 纪云 家宝 家华 驾驭 菊 森林 省区 收成 铁映 万年 温 
---- Cluster id #132 ----
Size: 24
变革 标准 当做 定 定位 对立 方法 分析 否定 阶级 经典 经济学 卷 堪称 历史 领袖 马克思主义 某些 偶然 评价 人物 原理 哲学 著作 
---- Cluster id #133 ----
Size: 49
表达 别的 创立 创造性 道路 邓 邓小平理论 动摇 飞跃 概括 高潮 共产党人 共识 还要 回答 集体 继承 教训 经受 科学 理论 历史性 领会 论述 马列主义 毛泽东思想 面 命运 旗帜 前列 前途 全党 确立 确认 三中全会 十四大 时代 实践 实质 逝世 伟大 系列 鲜明 小平 以前 勇气 造就 郑重 中山 
---- Cluster id #134 ----
Size: 153
Ｂ 安定 保持 备忘录 本次 必要 布局 步伐 产量 城乡 充足 达到 大中型 导向 调控 调整 对外开放 对外贸易 发展 方式 防范 放开 分开 丰富多彩 改革 改善 改组 干旱 高产 高效 高新技术 搞好 搞活 格局 各位 根本性 公务员 鼓励 股份合作制 固定资产 广播 国际 国民经济 国内 国内外 合理 宏观 化解 活力 基本建设 基础 机电 机制 积极 计划 计划经济 继续 加大 加快 减轻 减员增效 健康 健身 节约 结构 锦华 进展 精简 经济 经济社会 境外 竞争 居民 科普 控制 快 扩大 力度 力争 连锁 粮食 良好 零售 灵活 领域 流通 旅游业 盲目 明显 能力 能源 农副产品 农田 培育 配置 平衡 浦东 潜力 全 全年 融资 社会 深化 生产资料 生产总值 生活 势头 适当 适度 适时 市场 试点 收购 水平 台阶 态势 提高 体系 体制 同时 投入 投向 妥善 拓宽 稳定 稳妥 稳中求进 物质 消费品 效益 新增 压力 因地制宜 引导 优化 有利 有所 预定 约束 增长 增长点 增加 增添 增值 债务 战略性 政企 质量 重点 转变 着力 资本金 总额 
---- Cluster id #135 ----
Size: 23
ＶＣＤ 补 册 场地 出版 出版社 读 读书 加元 降价 精美 鲁迅 鸣 篇 日记 商务 社 视 书 书店 书籍 添 图书 
---- Cluster id #136 ----
Size: 40
北约 波罗的海 大国 独联体 俄 俄罗斯 访 各国 哈 伙伴 吉 据说 扩 理事会 联盟 谋求 欧洲 签署 切尔诺梅尔金 渗透 试图 首脑 守 它们 条约 乌 乌克兰 西方 西欧 宪章 协定 协作 演习 叶利钦 一体化 伊斯兰 油气 元首 争夺 中亚 
---- Cluster id #137 ----
Size: 24
北 变化 承受 吹 大气 地球 度 厄尔尼诺 附近 海洋 毫米 环 家园 难得 暖 气候 气象 热带 上空 太平洋 太阳 西 现象 辛勤 
---- Cluster id #138 ----
Size: 30
档次 锭 纺织 付出 工业 攻坚战 国有 济南 截至 解困 举措 困境 离退休 落后 扭亏 庞大 契机 抢 敲 生产能力 淘汰 突破口 退出 陷入 压 压锭 压缩 沿海 展开 重组 
---- Cluster id #139 ----
Size: 51
案 百姓 办案 暴力 爆炸 不够 查办 打击 毒品 队伍 发票 犯罪 赋予 干警 环节 贿赂 机关 监督 检察 检察长 解释 禁毒 纠正 举报 判决 培训班 破坏 起诉 抢劫 轻 上级 上下 涉嫌 审查 释放 受理 思卿 贪污 危害 刑法 刑事 性质 一体 预防 正气 职务 职责 执法 治国 罪 渎职 
---- Cluster id #140 ----
Size: 20
爱心 大树 电话 感动 歌曲 奖金 救助 捐 捐款 捐助 看见 母亲 启动 收费 外面 献 幸福 娱乐 这么 组委会 
---- Cluster id #141 ----
Size: 34
安排 编制 财力 财税 财政 呈现 赤字 大于 得益 低于 高于 加 减免 减少 进口 开支 弥补 其中 庆 确保 适度从紧 收入 收支 税收 税务 完成 相应 预算 元 增幅 征收 支出 专项 转移 
---- Cluster id #142 ----
Size: 48
材料 逮捕 法庭 该 公安 公安部 管辖 规定 检察院 鉴定 结论 经过 居住 可以 款 理由 立案 律师 秘密 批准 聘请 期限 取 权 上述 省级 事实 是否 收到 收集 说明 随 提起 通知 同意 为由 未能 嫌疑人 刑事诉讼法 姓名 修订 询问 延长 应当 在场 侦查 证据 证明 
---- Cluster id #143 ----
Size: 38
比索 传真 创 点 跌 兑 兑换 菲 菲律宾 分类 纷纷 股市 韩国 汉城 缓 缓慢 黄金 回升 开工 伦敦 马来西亚 马尼拉 美元 纽约 欧佩克 时报 收盘 外债 委内瑞拉 下跌 雅加达 印尼盾 盈余 原油 月 月球 指数 至 
---- Cluster id #144 ----
Size: 28
策划 传来 道德 抵制 对付 翻译 风采 风范 官 家具 接收 康 利 留 侵略 清除 任命 我党 我军 伍 袭击 显 修权 早期 战场 重任 自愿 总参谋长 
---- Cluster id #145 ----
Size: 15
倡导 传统 简单 讲 可喜 礼貌 美德 人人 双拥 文明 吸取 新风 修养 有待 治 
---- Cluster id #146 ----
Size: 10
保 保险 家庭 救济 老年人 陌生 平安 社会化 养老 医生 
---- Cluster id #147 ----
Size: 27
答 大户 担 发行 方便 股票 挂牌 回报 基金 简称 交易所 开设 联网 买卖 区别 上市 上网 深圳 投资 投资者 问 运作 账户 证监会 证券 只 资格 
---- Cluster id #148 ----
Size: 29
阿根廷 安全 波音 尝试 筹集 等待 东方 短缺 飞 飞机 飞行 公司 航班 航空 航线 机场 架 扩建 蓝天 民航 起步 人次 荣获 小姐 选 油田 运营 总局 租赁 
---- Cluster id #149 ----
Size: 23
巴黎 大街 大小 诞生 灯 都市 繁华 感染 教堂 临近 罗马 美好 南极 甚 室内 祥和 象征 兴奋 夜 扎 这家 这时 主 
---- Cluster id #150 ----
Size: 20
斌 常 段 番 获胜 开幕式 可谓 名人战 盘 棋 棋手 取胜 深圳市 通讯 围棋 遭 战胜 主办 子 昊 
---- Cluster id #151 ----
Size: 97
阿拉伯 阿盟 阿齐兹 安理会 安南 奥尔布赖特 巴格达 白宫 报道 本报 避免 波兰 常任 常驻 此间 磋商 达成 打算 大规模 担心 德国 地点 电 调解 动武 动用 发布会 发言人 法国 反对 否认 符 各方 关切 国务卿 果 海湾 号 核查 记者 加紧 焦点 接受 结束 解决 紧张 谨慎 警告 救援 拒绝 科恩 科威特 理事国 立场 联合国 连日来 美 美联社 敏感 穆巴拉克 派出 普里马科夫 前往 萨达姆 态度 特使 特委会 通报 透露 途径 土耳其 推迟 外交 外交大臣 晚 威胁 危机 为首 斡旋 武力 武器 希拉克 销毁 小组 协议 新华社 寻求 伊 伊拉克 英 约旦 招待会 旨在 重申 准备 总统府 最新 
---- Cluster id #152 ----
Size: 28
办理 保值 不满 财政部 持有 储蓄 到期 兑付 付 公布 购买 国债 计 计算 节 利息 满 年利率 凭证式 期 事宜 提前 提问 网点 营业 邮政 债券 支付 
---- Cluster id #153 ----
Size: 17
国土 汗水 艰苦创业 棵 绿 绿化 绿色 美军 蒙古 青少年 庆林 全民 西北 造福 造林 植树 自力更生 
---- Cluster id #154 ----
Size: 45
必然 参考 参政议政 承办 出访 代表性 调研 对外 儿女 发言 反映 稿 各界 规范化 好评 宏伟 活跃 机关干部 加深 建议 交往 开拓 履行 迈 侨胞 渠道 人士 入手 提案 拓展 委员 向前 协商 邀请 应邀 增进 展望 章程 政协 职能 制订 制度化 主动 专题 姿态 
---- Cluster id #155 ----
Size: 22
差别 非 富裕 公平 激发 经济效益 井 开阔 矿 量 煤 煤矿 煤炭 倾斜 县政府 迅猛 要素 隐患 优先 原来 总产值 总书记 
