---- Cluster id #1 ----
Size: 48
爆发 参与 长征 朝鲜 持久 到达 独立自主 夺取 风采 国防 国际象棋 红军 后勤 进攻 经济基础 军队 军事 军委 抗日战争 冷空气 名人战 篇 迫使 气象台 人民军队 塞拉利昂 生涯 胜利 时期 文选 我军 武装 消极 小到中雨 协助 引 早 占领 战术 战役 战争 争取 指挥 致力 主观 壮大 总政治部 作战 
---- Cluster id #2 ----
Size: 20
产权 产值 促 大胆 单一 跟 工 骨干 集体经济 江苏 利税 融合 生命力 所有制 脱颖而出 乡村 乡镇企业 兴办 中小企业 总产值 
---- Cluster id #3 ----
Size: 235
把握 办 包括 保障 保证 不懈 步骤 部署 层次 倡导 成就 成为 成效 程度 充分 出发 处理 创造 存在 大局 代表团 党 党中央 得到 奠定 调动 动摇 对待 发挥 繁重 方面 方向 方针 防止 放 放在 奋斗 符合 负担 高举 各个 各级 各项 各种 根本 工作 巩固 贡献 鼓舞 关键 关心 观念 贯彻 广大 广泛 国家 过程 好 核心 回顾 积极性 激励 集中 及时 加强 加以 坚持 坚持不懈 坚定不移 坚强 坚实 肩负 艰巨 健全 建立 建设 结合 紧密 进行 精神 精心 经受 经验 警惕 局面 举世瞩目 巨大 具体 具有 决策 决心 开创 开放 开拓进取 开展 客观 肯定 牢固 牢记 力量 联系 领导 路线 落实 迈出 矛盾 密切 民主 明确 目标 内容 能够 年 努力 配合 批 普遍 起到 起来 千方百计 前进 强调 强烈 切实 情况 取得 全局 全面 全心全意 确定 群众 任务 认真 社会主义 深刻 深入 十五大 实际 实现 实行 使 世纪 事业 视察 树立 顺利 思想 所有 探索 特点 特色 提出 体会 体现 条件 突出 突破 推动 推进 推向 完善 围绕 为 维护 问题 我国 物质文明 吸收 下 现代化 项 协调 新 形成 形式 形势 需要 学者 研究 要 要求 一切 一致 依靠 意见 意义 意愿 应有 硬 优良 有力 有所 原则 运用 增强 扎实 扎扎实实 战略 召开 针对性 整个 整体 正确 政策 政治 直接 指出 指导 指引 至关重要 制度 中 重大 重视 重要 重要性 周围 主要 注意 注重 抓 抓住 准 着眼 自身 总结 总体 组成部分 组织 做出 做到 做好 作出 作为 作用 
---- Cluster id #4 ----
Size: 28
办公 不便 差距 长江 都市 更新 广场 机遇 竣工 老百姓 面貌 民心 难题 起步 前所未有 全市 人心 商店 市政府 市中心 思路 修建 振奋 之内 直辖市 指挥部 重庆 重庆市 
---- Cluster id #5 ----
Size: 32
奥运会 澳大利亚 大赛 动作 夺得 分 冠军 获得 教练 锦标赛 决赛 咖啡 亮 米 名将 名列 难度 棋手 全场 赛场 世界杯 跳 铜 围棋 选手 亚军 银 游泳 预赛 中国队 妍 昊 
---- Cluster id #6 ----
Size: 34
报告 暴露 别国 承认 持 干涉 攻击 公认 公约 好处 抗议 冷战 例如 每周 男女 其它 侵犯 侵略 人权 事实上 所谓 他人 统计 外国人 限制 相同 消耗 宣言 研究会 预期 珍惜 执政 指责 自由 
---- Cluster id #7 ----
Size: 22
病毒 传输 电脑 电视 电视机 电子 高速 画面 计算机 厘米 模拟 取代 全世界 软件 深圳市 手机 数字 图像 网络 信息 因特网 用户 
---- Cluster id #8 ----
Size: 13
阿 阿尔及利亚 巴 巴基斯坦 对方 和谈 会谈 间 据悉 双边 谢里夫 印 政局 
---- Cluster id #9 ----
Size: 21
长春 大连 大厦 服装 股份 江淮 昆明 南昌 派 配 商场 商厦 设计师 实业 送 徐州 有限 有限公司 增 郑州 转 
---- Cluster id #10 ----
Size: 9
笔 可贵 宁夏 庆祝 省区 实事 投 务实 原材料 
---- Cluster id #11 ----
Size: 18
巴金 编 编辑 功夫 见解 落 商标 书法 同一 文章 相声 雪 页 以为 幽默 早期 主编 注册 
---- Cluster id #12 ----
Size: 18
布莱尔 草原 词 动物 动物园 接近 据说 深感 生长 它们 贴 温馨 形象 野生 英国 营养 这里 只 
---- Cluster id #13 ----
Size: 19
变动 筹集 导致 股东 股票 环节 价值 价值观 驾驭 乐观 墨 泡沫 偏 取决于 投机 突然 心情 信用 有待 
---- Cluster id #14 ----
Size: 12
比例 此举 负债 高中 控制 桥 桥梁 取消 同类 限额 一等奖 约束 
---- Cluster id #15 ----
Size: 93
阿拉伯 阿盟 阿齐兹 埃及 安理会 安南 奥尔布赖特 巴格达 巴黎 白宫 报道 本报 避免 波兰 常任 常驻 此间 达成 打算 大规模 地点 电 调解 动武 动用 对付 发布会 发言人 法国 反对 否认 符 各方 关切 国务卿 果 海湾 核查 加紧 接受 结束 解除 解决 紧张 谨慎 警告 救援 拒绝 决议 开罗 科尔 科威特 理事国 立场 联合国 连日来 罗马 美联社 穆巴拉克 派出 普里马科夫 前往 萨达姆 艘 态度 特使 特委会 透露 途径 土耳其 推迟 外交 外交大臣 威胁 危机 斡旋 武力 武器 希拉克 协议 新华社 行动 寻求 伊 伊拉克 英 之间 旨在 制裁 重申 准备 总统 总统府 
---- Cluster id #16 ----
Size: 36
薄弱 毕业生 编写 财经 代 待遇 风气 该校 高度 高考 国家教委 回国 教材 教师 教学 教育 考试 科教 课 课程 课堂 老师 面向 年级 培养 普及 人才 人事 人事部 融入 西南 小学 新加坡 学生 学校 中小学 
---- Cluster id #17 ----
Size: 117
Ｂ 安定 半岛 保持 备忘录 本次 必要 布局 步伐 采取 城乡 持续 充足 出现 促进 带来 导向 调节 调控 调整 对外开放 发展 方式 防范 放开 分开 改革 改善 搞好 各位 根本性 公务员 鼓励 国际 国民经济 国内外 合理 宏观 化解 混乱 活力 基础 机制 积极 继续 加快 减轻 健康 健身 节约 结构 精简 经济 经济社会 快 扩大 力争 良好 量 领域 盲目 明显 能力 农副产品 配套 配置 平衡 浦东 前提 潜力 倾斜 全 全民 社会 深化 生产资料 生活 势头 适当 适度 适时 适应 收成 水平 台阶 态势 提高 体系 同时 投入 推广 妥善 拓宽 稳 稳定 稳妥 稳中求进 物质 显著 效益 一定 因地制宜 引导 优化 优势 有利 有效 增添 战略性 政企 支撑 支持 重点 主体 转变 着力 综合国力 
---- Cluster id #18 ----
Size: 41
步入 出路 刺激 促使 代价 低 放松 供给 供求 过度 后果 化肥 缓解 回落 加剧 买方 徘徊 膨胀 趋 热 上去 上涨 失业 停产 通货膨胀 通胀 统计局 物价 下滑 显然 相反 需求 虚假 抑制 引发 原因 运行 涨幅 正 正常 总 
---- Cluster id #19 ----
Size: 32
比重 表 从事 从业 单位 东部 法人 分布 公报 划分 结果 快速 劳动 末 年龄 普查 人数 人员 如下 数 数据 数量 私营 西部 吸纳 以外 营业 占地 镇 中部 总量 总数 
---- Cluster id #20 ----
Size: 24
播出 场面 出色 电视剧 电视台 改编 感人 汉年 和谐 集 精彩 拍 潘 全方位 色彩 水浒传 塑造 线索 性格 依旧 战线 这部 忠实 主持人 
---- Cluster id #21 ----
Size: 28
北约 表明 波罗的海 大国 独联体 俄 俄罗斯 访 伙伴 扩 理事会 莫斯科 谋求 签署 切尔诺梅尔金 渗透 首脑 条约 乌 乌克兰 宪章 削弱 协定 协作 叶利钦 一体化 忧虑 元首 
---- Cluster id #22 ----
Size: 20
迟 国防部 国防部长 浩田 解放军 军 军区 科恩 连 上将 射击 社 师 司令员 铁路局 团 团长 政治部 中央军委 总参谋长 
---- Cluster id #23 ----
Size: 30
宾馆 得知 调 番 赶到 感慨 钢铁 工人 后人 家属 交谈 接见 结婚 惊人 敬爱 空前 历时 倾听 铁 外面 晚 详细 询问 呀 冶金 遇 真情 直至 指标 走访 
---- Cluster id #24 ----
Size: 18
承受 等级 定价 服务 干预 各自 价格 紧急 经营者 权限 热线 商品 适用 提供 销毁 章 政府 自主 
---- Cluster id #25 ----
Size: 46
安 办事处 薄 策略 出任 春耕 党组织 敌人 抵制 底 动员 发动 翻译 根据地 共产党员 汇 借助 军民 开办 开辟 堪称 抗日 抗战 留给 率领 民 耐心 情绪 日报 拖 顽强 维持 我党 伍 雄厚 修权 严峻 应付 勇敢 运动 战斗 掌握 政权 驻军 撰写 子文 
---- Cluster id #26 ----
Size: 13
财税 差别 杜绝 公平 缓 减免 欠 税 税收 税务 优惠 征收 治 
---- Cluster id #27 ----
Size: 30
奥委会 本届 冰球 波黑 参赛 长野 成绩 冬奥会 夺 滑 滑雪 技巧 角逐 金牌 另外 鲁 枚 美军 秒 男子 女子 挪威 破 赛 上届 世界纪录 速滑 维和 运动员 缪 
---- Cluster id #28 ----
Size: 19
波恩 冲突 村庄 对话 分子 官方 警察 局势 科索沃 恐怖 联络 南斯拉夫 内政 谴责 声明 通报 袭击 小组 新闻界 
---- Cluster id #29 ----
Size: 16
唱 乘 风光 感受 歌 歌声 黑 快乐 轻松 山 时候 首 似 眼睛 原来 丈夫 
---- Cluster id #30 ----
Size: 41
不惜 不知 灿烂 打下 道 道理 端 放心 赶来 钢琴 寒风 后者 颗 口 来临 蓝 南北 难免 捧 漂亮 上任 剩下 世人 说话 掏 天空 同事 同行 童 喜 想法 眼 爷爷 衣服 艺术品 意思 展 志成 珠江 总经理 帷幕 
---- Cluster id #31 ----
Size: 25
典型 发掘 锋 奉献 个别 姑娘 号召 弘扬 雷 模范 某部 平凡 墙 人生 事迹 树 送给 题词 先进 现任 新风 新人 学 涌现 展出 
---- Cluster id #32 ----
Size: 17
观看 虎踞 话剧 火车 昆 老区 南 前线 慰问 文化部 戏剧 心灵 沿线 演出 艺术团 赞扬 钟山 
---- Cluster id #33 ----
Size: 32
云 邦国 参加 处长 党校 分局 工程师 光英 广东 广西 贵鲜 国务委员 红旗 湖南 家华 民主党 内蒙古 清华大学 山东 山东省 省政府 天津市 铁映 委员长 系 研究生 研究院 友协 政治局 中共中央 中央 住院 
---- Cluster id #34 ----
Size: 37
边境 传递 磋商 等待 对抗 反应 访华 感 高级 关系 轰动 华 回忆 会晤 柬埔寨 见面 拉那烈 罗马尼亚 敏感 日期 身份 使馆 守 司长 苏 苏联 谈 谈话 推 外长 新任 愿意 越 越南 障碍 正常化 着手 
---- Cluster id #35 ----
Size: 34
报 不得 部门 称 处罚 措施 罚款 负责 给予 构成 规划 国务院 会同 没收 内 其他 情节 人民政府 省 损害 条 违法 违反 县级 行为 行政 义务 有关 予以 造成 责令 指 主管 遵守 
---- Cluster id #36 ----
Size: 27
避孕 出生 达标 动手 防治 该厂 各地 公众 关闭 花钱 淮河 环保 环保局 环境 计划生育 接 紧 空气 力气 流域 排放 算 污染 下决心 治理 中南海 抓紧 
---- Cluster id #37 ----
Size: 15
保存 常州 大街 风景 国民 河 名人 浓郁 品位 气息 书画 素质 文化 下功夫 营造 
---- Cluster id #38 ----
Size: 16
出国 创汇 东北部 东盟 核 核电站 旅游 旅游业 曼谷 人次 泰国 探亲 外国 吸引 游客 专家 
---- Cluster id #39 ----
Size: 22
包 堆 儿子 父母 孩子 贺卡 回家 回去 寄 家长 饺子 老人 磊 妈妈 内心 全家 上学 师傅 岁 同学 退休 一家 
---- Cluster id #40 ----
Size: 36
百分点 拆借 筹资 存 存款 贷款 担保 发放 法定 分行 幅度 该行 工具 挂钩 机构 降低 金融 金融业 理顺 利率 利于 名义 商业 下调 现行 信贷 行长 一般 银行 用于 有利于 这次 政策性 准备金 准备金率 资金 
---- Cluster id #41 ----
Size: 35
传媒 大道 懂 读者 封闭 风情 富有 革新 古典 汉语 节奏 解 凝聚 批评 缺乏 审美 失去 诗 诗歌 诗人 思 同 退 鲜明 欣赏 心理 信任 严谨 言 优美 右 誉为 崭新 者 之 
---- Cluster id #42 ----
Size: 74
榜样 宝贵 不顾 才能 崇高 初期 促成 担任 诞辰 党内 德 典范 懂得 恩来 风范 复杂 高尚 革命家 公仆 国民党 极端 坚定 艰难 接触 杰出 尽 久 老一辈 离开 历程 领导人 留下 那种 难忘 内外 排除 品格 品质 前后 情 热爱 人格 善于 身上 深情 深受 事件 他 替代 投身 挖掘 文化大革命 无产阶级 牺牲 想象 心血 信念 休息 一生 遗产 忧 战场 政治家 知识分子 之一 直到 中间 周年 主持 著名 卓越 资产阶级 走过 魅力 
---- Cluster id #43 ----
Size: 17
插 大雨 覆盖 广播 接收 节目 看好 明星 清晰 睡 网 卫星 下乡 乡镇 小 信号 星 
---- Cluster id #44 ----
Size: 9
俱乐部 库区 企业界 三峡 上下 上游 使命 移民 振兴 
---- Cluster id #45 ----
Size: 21
并非 补贴 出售 抵押 房 分配 福利 工资 购 角 教职工 例 每月 实物 市场化 消费 小区 需 住房 住宅 租 
---- Cluster id #46 ----
Size: 117
办公室 办公厅 北京大学 北京市 毕业 博士 部长 常委 常务委员 车间 成员 冲击 大学 代理 党委 党组 地委 东北 董事长 队长 福建 福建省 副 干事 工商联 工业部 工作组 共青团 顾问 管理局 广东省 哈尔滨 汉族 黑龙江 黑龙江省 红十字会 湖北省 湖南省 华南 化学 会长 获 吉林 吉林省 计委 加入 兼 教授 经理 局长 军分区 科长 科委 科学院 联合会 辽宁 辽宁省 秘书 秘书长 民革 名誉 男 迫害 其间 区 任 日内瓦 上海 上海市 沈阳 生 省长 省委 市长 市委 首席 受 书记 书记处 数学 四川省 所长 天津 外事 厦门 县委 校长 协会 宣传部 学位 学习 学员 学院 研究室 研究所 研究员 业余 议员 院长 院士 政法 政委 职 中共 中华 中学 中央委员 主任 主任委员 主席 助理 专业 总队 总工会 总会 组长 组织部 
---- Cluster id #47 ----
Size: 57
案 补充 材料 待 逮捕 法庭 非法 该 公安 公安部 管辖 规定 会见 机关 检察院 鉴定 结论 经过 居住 可以 款 理由 立案 律师 秘密 批准 聘请 期间 期限 请求 取 权 入 上述 省级 事实 是否 收到 收集 属于 说明 随 提起 通知 同意 为由 未能 嫌疑人 刑法 刑事诉讼法 姓名 延长 应当 在场 侦查 证据 证明 
---- Cluster id #48 ----
Size: 18
白酒 包含 北风 比 甲醇 假 酒 局 煤矿 山西 山西省 收回 售 死亡 制 中毒 抓获 总书记 
---- Cluster id #49 ----
Size: 52
Ａ 包袱 成本 出去 出于 等于 多元化 放弃 费用 分工 分散 风险 功能 规模 合并 合资 机会 集团 节省 经营 看来 可能 扩展 扩张 浪潮 垄断 某种 目的 内部 纽带 甚 失败 收益 无法 限度 销售额 行列 迅速 业务 盈利 运转 政府部门 值得 指明 中介 专业化 资产 子 总部 组合 最终 做法 
---- Cluster id #50 ----
Size: 20
点 跌 菲 菲律宾 分类 股市 缓慢 回升 纪录 开工 伦敦 马尼拉 纽约 强劲 商品房 上升 收盘 下跌 相比 指数 
---- Cluster id #51 ----
Size: 56
吧 遍 不幸 炒 吃 答应 等 顿 翻 饭 飞 夫妇 告别 隔 跟着 官 红 虎 回 回到 回来 记忆 见 看见 老虎 临 吗 忙 没 那 那天 你 散 上面 烧 少年 声 声音 死 玩 完 碗 忘 我 想 想到 想起 像 笑 心 行 也 移 怎么 正好 知道 
---- Cluster id #52 ----
Size: 43
背景 表现 沉重 创作 独特 多样化 氛围 话题 获奖 讲究 揭示 景观 刊物 可喜 栏目 灵魂 门 年代 期待 期刊 情感 秋 散文 时代 试图 收获 思考 题材 痛苦 喜悦 显 显示 现实 现实主义 再现 展示 哲学 诸如 专栏 姿态 尊严 作品 作者 
---- Cluster id #53 ----
Size: 29
表决 布赫 草案 次 当选 光亚 国权 会场 会议 届 名单 拟 全国 全体 人选 提名 铁木尔・达瓦买提 通过 推荐 委员会 选票 议程 酝酿 掌声 兆国 正英 主席台 主席团 孚凌 
---- Cluster id #54 ----
Size: 11
北京 繁华 风貌 粮 良种 农场 农垦 清洁 水稻 武术 西班牙 
---- Cluster id #55 ----
Size: 12
福州 杭州 民工 培训 团中央 外地 外来 务工青年 校 依托 优先 证书 
---- Cluster id #56 ----
Size: 26
爱 伯伯 采访 此事 房子 幅 父亲 国王 坏 家里 讲述 镜头 缅怀 女儿 拍摄 亲属 深切 生日 思念 挑选 伟人 心中 印象 永恒 照片 子女 
---- Cluster id #57 ----
Size: 22
承包 打工 担 地处 股 股份合作制 荒山 艰苦创业 经济林 开发 苗 亩 农科院 女工 山区 投产 掀起 县政府 有机 这块 资 综合 
---- Cluster id #58 ----
Size: 8
湖 湖北 获悉 立方米 热潮 缩小 填 造 
---- Cluster id #59 ----
Size: 25
报名 层层 城区 出租车 创 岛 岗 居委会 扣 路上 南宁 南宁市 青岛 人人 荣获 市民 受益 双拥 文明 校园 引人注目 征文 整治 植树 志愿 
---- Cluster id #60 ----
Size: 40
常委会 程序 督促 法 法规 法律 法制 法治 赋予 改进 规范 国家机关 季度 纪云 检查 借鉴 框架 立法 力求 难点 权力 权威 人大 任期 审议 实施 实效 市场经济 提请 听取 宪法 信访 行使 依据 意志 有益 职权 制定 治国 遵循 
---- Cluster id #61 ----
Size: 10
大使馆 当地 华侨 华人 会员 年会 啥 社团 团体 问世 
---- Cluster id #62 ----
Size: 28
彼此 长期 大家庭 地区 各 各族 共同 光辉 加速 景象 空 民族 凝聚力 平等 迫切 强大 区域 少数民族 适合 团结 兄弟 之下 中华民族 中西部 自愿 自治 自治县 自治州 
---- Cluster id #63 ----
Size: 78
表达 别的 成立 成熟 创立 创造性 错误 打开 道路 邓 邓小平理论 地域 定位 飞跃 丰富 富强 概括 高潮 共产党 共产党人 共识 观察 观点 还要 回答 集体 继承 建国 讲 教训 解放 经历 救 卷 科学 口号 理论 历史 历史性 领会 领袖 马克思 马克思主义 马列主义 毛 毛泽东思想 面 命运 旗帜 前列 前途 全党 确立 确认 三中全会 十四大 实践 逝世 特征 同志 唯一 伟大 系列 小平 以后 以前 赢得 拥护 勇气 造就 泽东 真理 正是 政党 郑重 中国 中山 重任 
---- Cluster id #64 ----
Size: 16
导弹 锻炼 对此 海军 海上 空军 命名 全军 型 学会 研制 院校 战斗力 诸 专利 装备 
---- Cluster id #65 ----
Size: 11
巴西 封锁 古巴 客户 水准 私人 随意 寻找 银行业 影片 最佳 
---- Cluster id #66 ----
Size: 25
北 变化 称为 吹 大气 地球 东 度 厄尔尼诺 附近 海洋 毫米 暖 气候 气象 全球 热带 上空 太平洋 太阳 天气 西 现象 响应 辛勤 
---- Cluster id #67 ----
Size: 17
搬 大桥 房间 故居 怀着 将军 肯 临近 批示 日子 少奇 释放 西安 献 修 样子 雨 
---- Cluster id #68 ----
Size: 31
阿拉法特 巴勒斯坦 撤军 辞职 打破 方案 分歧 华盛顿 进程 克林顿 库克 黎 黎巴嫩 南部 内阁 内塔尼亚胡 前夕 设想 士兵 西岸 叙利亚 宣布 演习 耶路撒冷 以 以色列 犹太人 约旦 约旦河 直升机 中东 
---- Cluster id #69 ----
Size: 23
北部 本国 担心 电信 独立 各国 国会 哈 吉 居 联邦 联盟 贸易 美 美国 西方 西欧 削减 伊朗 伊斯兰 预计 争夺 中亚 
---- Cluster id #70 ----
Size: 18
被告 初中 打 打电话 电话 防火 歌曲 广告 花园 火灾 家宝 刊登 可谓 森林 收费 诱惑 娱乐 这么 
---- Cluster id #71 ----
Size: 26
长沙 车辆 承担 高速公路 公路 机动车 加重 监控 交警 交通 怕 认定 伤 事故 市区 司机 停车 违章 现场 行人 责任 真相 支队 中小学生 撞 自行车 
---- Cluster id #72 ----
Size: 18
爱尔兰 北爱 变革 标准 当做 方法 分析 否定 阶级 经典 某些 偶然 评价 倾向 人物 原理 著作 左 
---- Cluster id #73 ----
Size: 16
罚 工商 工商局 公安局 开业 每人 派出所 市 收 收取 网球 为何 武汉 武汉市 赞助 照 
---- Cluster id #74 ----
Size: 16
冰箱 成都 创办 此前 电器 发起 果断 科龙 论证 宁 起点 迁 视野 台 同样 意味着 
---- Cluster id #75 ----
Size: 21
变 残疾人 船 丢 龚 还 建造 交给 精 齐全 气 全村 人家 物 献给 相似 眼光 咱 挣 致富 着 
---- Cluster id #76 ----
Size: 52
爱国 爱护 病 参观 传达 此后 得以 度过 负责人 敢于 告 工人阶级 关怀 官僚主义 怀念 恢复 隆重 民主党派 那时 南京 女士 乒乓球 亲 亲切 青 去世 人群 身边 身体 视为 熟悉 统一战线 统战 统战部 外出 文革 文件 无限 细致 先生 信 业绩 颖超 遭到 照顾 召集 知名人士 之际 指示 致 周 总理 
---- Cluster id #77 ----
Size: 27
背 边防 产 大门 大棚 恶劣 盖 高原 公斤 官兵 海拔 基地 艰辛 结 空白 领 气温 摄氏度 塑料 土 玉米 栽 种植 重 株 猪 足够 
---- Cluster id #78 ----
Size: 41
被动 财富 成长 创新 到来 第三产业 动力 发达国家 发展中国家 改变 赶 获取 机器 积累 即 进步 具备 科技 科教兴国 科学技术 劳动者 论断 迈进 面临 难得 蓬勃 前沿 求 全球化 人工 人类 人力 生存 实验室 挑战 兴起 知识 知识经济 之上 注入 走向 
---- Cluster id #79 ----
Size: 14
长足 承办 大会 代表性 发言 沟通 呼声 开幕 两会 热情 神圣 提案 委员 圆满 
---- Cluster id #80 ----
Size: 63
Ｄ 贝宁 表示 此次 大臣 大会堂 大使 抵达 定期 多极化 访问 夫人 感谢 高层 高兴 国 荷 荷兰 合作 互访 互利 欢迎 建设性 交换 介绍 经贸 来访 琳 卢森堡 莫 莫桑比克 陪同 鹏 频繁 签字 热烈 摄 首相 书面 双方 探讨 图片 外交部 外经贸部 为期 相互 相信 新华 兴趣 也门 仪式 有着 友好 友谊 愿 赞赏 真诚 正式 祝贺 祝愿 驻华 卓有成效 总局 
---- Cluster id #81 ----
Size: 30
操作 产品 附加值 改造 国内 国外 邯钢 合格 激烈 接轨 经济效益 竞争 灵活 市场 手段 外部 外资 效率 效应 压力 要素 引进 营销 优 运作 增值 质量 追求 资本 崛起 
---- Cluster id #82 ----
Size: 16
补 大姐 东方 感动 歌剧 家人 来华 老 脸 留学 留学生 那个 奶奶 年轻 她 小姐 
---- Cluster id #83 ----
Size: 42
朝 春运 对 飞机 公里 广 广州 航空 合肥 沪 货物 机场 架 津 京 九 卡 开通 客车 客运 蓝天 列 列车 临时 旅客 民航 棋 神 售票 提 铁道部 铁路 为主 线 小时 选 涌 运 运输 运营 增至 租赁 
---- Cluster id #84 ----
Size: 13
保 保险 传销 黄淮 抗旱 老年人 陌生 平安 水源 投诉 推销 小麦 养老 
---- Cluster id #85 ----
Size: 20
爱心 诞生 儿童 公益 基金会 街 街头 救助 捐款 捐赠 捐助 美德 描绘 深厚 失学 食品 苏丹 微笑 希望工程 资助 
---- Cluster id #86 ----
Size: 26
班长 伴随 报警 传来 大队 大树 电厂 分钟 号 洪水 接到 进 棵 民警 命令 南极 爬 跑 青海 生命 时刻 西北 巡警 战友 值班 中队 
---- Cluster id #87 ----
Size: 24
不良 传真 大藏省 倒闭 东京 对策 法案 官员 国务 汉城 回收 披露 桥本 日本 日元 苏哈托 雅加达 印度尼西亚 印尼 印尼盾 盈余 援助 债权 职员 
---- Cluster id #88 ----
Size: 10
抽查 故乡 国家级 家乡 开发区 名牌 牌 太原 兴 占据 
---- Cluster id #89 ----
Size: 45
不错 不怕 尝 大学生 多少 返回 共和国 谷 过来 过去 合影 井 兰州 棉花 牧民 旁 片 飘 拼搏 葡萄 前来 全新 上来 双手 岁月 天地 位于 乌鲁木齐 响 新疆 心声 匈牙利 选拔 阳光 一行 迎 迎接 犹如 油 远 摘 招 震 主人 坐 
---- Cluster id #90 ----
Size: 22
菜 菜篮子 产销 大中城市 短缺 副食品 格局 工程 供应 鸡 连锁 流通 农药 农业部 批发 肉 蔬菜 水果 销 鱼 中期 转向 
---- Cluster id #91 ----
Size: 13
便宜 乘客 窗口 高峰 航班 航线 麻烦 票 签 确实 示范 享受 折 
---- Cluster id #92 ----
Size: 27
安徽 安徽省 本地 长工 储量 大庆 典礼 电价 供电 光彩 光荣 华北 艰苦 降 交 郊区 勘探 利比亚 欧佩克 平原 石油 桶 油气 油田 原油 找到 整顿 
---- Cluster id #93 ----
Size: 22
不正之风 城 打假 店 狗不理 好转 活动 假货 假冒伪劣 禁止 客人 老板 联 实 实实在在 无 新闻 信誉 载体 真 职业道德 中宣部 
---- Cluster id #94 ----
Size: 48
产量 超过 城镇 达到 对外贸易 吨 丰收 干旱 港口 固定资产 基本建设 机电 计划 加大 监管 锦华 进口 进展 境外 居民 科普 力度 粮食 零售 农产品 农业 全年 融资 陕西 生产总值 失业率 试点 收购 投放 投向 项目 消费品 新增 以内 增产 增长 增长点 增长率 增加 增收 债务 资本金 总额 
---- Cluster id #95 ----
Size: 69
办事 本人 表率 不准 查处 出台 处分 党风 党性 党员 党政 党政机关 斗争 遏制 反 反腐倡廉 腐败 干部 公款 会计 机 集资 纪检 纪律 纪委 监察 坚决 艰苦奋斗 健行 奖金 考验 礼品 立 廉洁自律 廉政 蔓延 配备 评议 强化 清理 庆典 全会 容易 上级 奢侈浪费 审计 实体 土壤 违规 违纪 位置 尉 严格 严禁 一级 有序 源头 责任制 赠送 制约 制止 抓好 追究 准则 着重 自 自觉性 钻研 作风 
---- Cluster id #96 ----
Size: 154
白 毕 边 斌 兵 波 蔡 藏族 曹 常 朝鲜族 陈 程 川 崔 戴 单 丁 董 杜 段 范 方 费 冯 傅 刚 葛 古 顾 关 管 贵 郭 韩 何 贺 洪 侯 胡 华夏 黄 回族 霍 贾 健 姜 蒋 杰 金 晋 菊 俊 康 克 孔 兰 乐 李 力 梁 廖 林 刘 柳 卢 陆 吕 罗 马 满族 梅 蒙古族 孟 苗族 敏 明 名 聂 牛 女 平 齐 秦 曲 全有 群 尚 邵 申 沈 施 史 舒 松 宋 孙 谭 汤 唐 涛 陶 田 土家族 万 万年 汪 王 韦 维吾尔族 伟 魏 温 文 闻 吴 武 席 夏 向 肖 谢 熊 徐 许 薛 严 阎 杨 扬 姚 叶 彝族 易 毅 尹 勇 游 于 余 俞 袁 跃 云 曾 张 赵 郑 志 钟 朱 祝 壮族 邹 
---- Cluster id #97 ----
Size: 28
北方 草 草地 大选 当中 该县 攻关 贵州 国大党 获胜 江西 竞选 拉开 领先 南方 人均收入 人民党 认可 试验 踏 席位 细 兴奋 畜 畜牧业 养 印度 阵线 
---- Cluster id #98 ----
Size: 30
帮 帮助 别人 传播 大众 服务队 个体 挂 柜台 互助 货 季节 揭晓 借 卖 媒介 媒体 牌子 青年 热心 赛事 三下乡 生意 实用 司 体委 体育 用品 志愿者 助 
---- Cluster id #99 ----
Size: 34
尝试 长城 春 春风 此时 德国 动 动人 攻 海口 华为 惠芬 激情 联手 马克 梦 年轻人 评论 奇迹 人间 手术 抬 题写 天下 舞 响起 演奏 一代 音乐 音乐会 扎 这时 重返 闵 
---- Cluster id #100 ----
Size: 47
百姓 办案 暴力 爆炸 不够 查办 打击 毒品 队伍 发票 犯罪 干警 狠抓 贿赂 监督 检察 检察长 解释 禁毒 纠正 举报 判决 培训班 破坏 起诉 抢劫 轻 涉嫌 审查 受理 思卿 贪污 危害 刑事 性质 严重 一体 预防 正气 职务 职责 执法 治安 宗旨 综合治理 罪 渎职 
---- Cluster id #101 ----
Size: 35
安置 摆脱 大型 大中型 分流 扶持 富余 改组 岗位 搞活 国企 国有 海信 计划经济 减员增效 截至 经贸委 就业 考核 困境 劳动力 领导班子 门路 扭亏 破产 企业 上岗 下岗 行业 选择 用人 员工 职工 职业 中心 
---- Cluster id #102 ----
Size: 20
把 保卫 部队 称号 称赞 担负 捐 练 母亲 启动 透 忘记 武警 辛苦 幸福 训练 忠诚 种子 组建 组委会 
---- Cluster id #103 ----
Size: 18
闯 发扬 该市 敢 关根 激发 解放思想 劲 迈 清除 实事求是 事物 试 停留 宣传 勇于 舆论 与会者 
---- Cluster id #104 ----
Size: 18
比如 差异 出来 东西 断 对象 感情 港元 高低 个性 画 画家 江南 美术 女性 艺术 中国画 自然 
---- Cluster id #105 ----
Size: 13
ＶＣＤ 安装 厂家 承诺 短短 购物 家具 降价 热水器 商家 上门 消费者 隐患 
---- Cluster id #106 ----
Size: 37
比索 贬值 波音 不利 出口 储备 东南亚 东亚 动荡 短期 兑 纷纷 风暴 估计 韩国 合 汇率 货币 经常 竞争力 流入 马来西亚 美元 墨西哥 人民币 顺差 外汇 外贸 外债 下降 信心 亚洲 依赖 因素 影响 至 周边 
---- Cluster id #107 ----
Size: 90
班 倍 拨 拨款 不足 部 藏 场所 出版 处于 传 纯收入 达 丹麦 得出 顶 佛教 各类 公民 共有 固定 汉 黄金 基建 级 继 价 监狱 建成 交付 教 今 近年来 经 境内 旧 可观 课题 拉萨 累计 列为 流行 论 免费 民间 年均 盘 平方米 瓶 权利 全国性 全区 人均 设有 省市 使用 世 首要 受灾 所 特殊 通讯 文字 西藏 习惯 现有 县长 享有 信仰 修复 悬挂 学术 严寒 以来 议论 拥有 语言 原始 遭受 占有 整理 政 支援 中央政府 状况 自治区 宗教 罪犯 尊重 座 
---- Cluster id #108 ----
Size: 38
搭 大雪 地震 第一线 发生 房屋 防震 奋战 家园 监测 减灾 救灾 抗灾 抗震救灾 那曲 难关 抢险 缺 丧失 伤亡 受伤 特大 物资 雪灾 医疗队 预报 预测 灾害 灾民 灾情 灾区 战胜 张北 张家口 帐篷 重建 子弟兵 自救 
---- Cluster id #109 ----
Size: 20
筹措 发出 风 感觉 工会 古老 光明 寒冷 红色 火 家中 救济 渴望 困难 冷 美丽 特困 添 温暖 喜欢 
---- Cluster id #110 ----
Size: 26
笔者 长途 倡议 车 车站 带头 公园 后面 火车站 姐妹 净化 军人 拉 辆 门口 汽车 亲人 盛 她们 挑 停 望 小事 游人 云龙 运河 
---- Cluster id #111 ----
Size: 38
陈旧 楚政 床 带领 登 冬 富 根 孤儿 好事 划 患 挤 建房 脚 开阔 啦 老伴 流 龙 冒 民兵 彭 清 如同 双 躺 趟 脱贫致富 湘西 乡亲 养猪 逾 阵阵 只见 州 仔细 足 
---- Cluster id #112 ----
Size: 25
查获 产业化 成果 到底 盗版 光盘 海关 集装箱 检测 科研 论文 满足 念头 清华 缺少 塞 缩短 托 系统 系统工程 验收 中科院 转化 转换 走私 
---- Cluster id #113 ----
Size: 32
边界 初步 大 大小 公司 衡量 集团公司 家 兼并 简单 进出口 进入 跨 宽 亏损 联合 连续 排 排名 评 其 强 实力 世界 速度 通用 下属 相当 一样 杂志 真正 总公司 
---- Cluster id #114 ----
Size: 37
长远 潮流 大陆 大业 当局 分裂 构想 海内外 海峡 和平 呼吁 回应 交流 两岸 领土 民众 企图 商谈 深远 势力 台湾 谈判 同胞 统一 完整 往来 希望 现状 心愿 一国两制 愿望 赞同 主权 主张 状态 祖国 阻碍 
---- Cluster id #115 ----
Size: 19
奔 季 结成 结算 劳务 利润 龙头 农 农户 农家 农民 启示 全县 实质 头 县 乡 销售 小康 
---- Cluster id #116 ----
Size: 14
版 北大 采购 策划 场地 出版社 出版物 党建 精美 旅 鸣 商务 书店 图书 
---- Cluster id #117 ----
Size: 16
澳 澳门 颁布 颁奖 比较 丛书 大楼 电台 过渡 基本法 交接 竞赛 两地 平稳 听众 珠海 
---- Cluster id #118 ----
Size: 25
本质 变为 超越 成分 初级阶段 处在 发达 非公有制 纲领 公有制 共产主义 归 国情 基本 阶段 谋 判断 清楚 认清 生产力 失误 手里 消灭 种种 准确 
---- Cluster id #119 ----
Size: 21
拆 城市 雕塑 公共 豪华 好像 花 街道 京城 举 聚集 类似 模式 牡丹 哪个 内涵 时节 挖 香 延安 主题 
---- Cluster id #120 ----
Size: 16
长官 繁荣 风波 港 回归 建华 美好 内地 乔 社长 石 事务 特区 为首 香港 驻 
---- Cluster id #121 ----
Size: 21
布鲁塞尔 成员国 非洲 建交 科特迪瓦 南非 难民 欧 欧盟 欧洲 其琛 钱 前景 外交部长 问候 西非 新年伊始 亚 意 意大利 转达 
---- Cluster id #122 ----
Size: 30
爱国主义 保护 博物馆 档案 抵御 感染 革命 工作者 记录 纪念 纪念馆 建筑 精品 经费 烈士 民政部 纳入 抢救 社会效益 师生 收藏 特有 贴近 统筹 维修 文物 文献 责任感 展览 庄严 
---- Cluster id #123 ----
Size: 22
创建 道德 多利 精神文明 局部 科学家 克隆 理想 礼貌 利 利益 培育 评选 群众性 实验 特定 提倡 吸取 细胞 修养 羊 自律 
---- Cluster id #124 ----
Size: 15
背后 恶化 公顷 国土 良性 林业 流失 绿色 面积 农科教 农田 生态 世纪之交 水土 栽培 
---- Cluster id #125 ----
Size: 28
白色 采用 产业 传统 带动 发明 防伪 分离 分为 概念 高 高产 高效 高新技术 技术 可 利用 能源 生物 升级 消化 迅猛 应用 优质 支柱 植物 智力 周期 
---- Cluster id #126 ----
Size: 11
啊 杯 倒 顾客 喝 楼 楼房 啤酒 屋 圆 这儿 
---- Cluster id #127 ----
Size: 16
表面 冰 发射 飞行 改 管制 轨道 航天 火箭 空间 卢布 太空 月 月球 证实 值 
---- Cluster id #128 ----
Size: 76
包装 玻璃 彩色 测试 船舶 地位 独资 短 防 辐射 服务业 高档 工艺 光 含 化工 基因 机械 机组 激光 加工 检验 抗 空中 控股 矿 连接 码头 煤 煤炭 摩托车 年产 品种 期货 千瓦 认证 容量 沙漠 摄影 设备 设计 生产 生产线 水电 水泥 饲料 隧道 天然 通信 同步 脱 外商 相关 新型 性能 循环 药物 仪 仪器 以上 以下 用 邮电 原料 允许 占 珍贵 纸 制品 制造 制作 中方 主导 专用 装置 咨询 
---- Cluster id #129 ----
Size: 53
案件 财产 呈 惩处 当事人 递增 法官 法院 犯罪分子 方略 房地产 干扰 公正 够 航运 合法 合同 家庭 件 建新 金额 纠纷 可靠 类 类型 每年 民事 宁波 判处 赔偿 平均 权益 人民法院 涉及 审理 审判 数额 司法 诉讼 头脑 委托 效果 严打 严厉 严肃 增大 增多 知识产权 执行 致使 秩序 中级 最高 
---- Cluster id #130 ----
Size: 18
表彰 处 灌溉 黄河 技能 节水 来源 拍卖 三角洲 谁 水 水库 水利 水利部 水资源 小型 兴建 原有 
---- Cluster id #131 ----
Size: 10
该书 股份制 哈佛 奖 轿车 经济学 理性 社会化 意外 资本主义 
---- Cluster id #132 ----
Size: 13
奥地利 大厅 饭店 教堂 警方 乐团 农历 室内 维也纳 委内瑞拉 议长 这家 自豪 
---- Cluster id #133 ----
Size: 45
颁发 办法 保留 本 采矿 采矿权 出资 登记 地质 发布 范围 供 公告 管理 减 缴纳 开采 勘查 矿产 领取 免 名称 年度 平方公里 评估 签订 日 申请 审批 手续 探矿权 提交 天然气 停止 图 限期 许可证 延续 原 暂行 招标 转让 资料 资源 最低 
---- Cluster id #134 ----
Size: 16
春云 存量 地 耕地 汗水 绿 绿化 盘活 青少年 庆林 首都 授予 土地 县城 一流 造林 
---- Cluster id #135 ----
Size: 24
办学 弊端 部分 部委 成人 高等 高等教育 高校 共建 互补 浪费 普通 趋势 人文 设置 所属 套 体制 学科 造福 招生 中等 重复 岚清 
---- Cluster id #136 ----
Size: 41
常务 惩治 充实 筹备 代表 代表大会 地方 共计 规则 规章制度 候选人 换届 汇报 接待 决定 每次 其余 起草 热点 人大代表 人民 任命 日常 设立 授权 特别 行政区 修订 修改 选出 选举 选民 议案 议会 灾 征求 正当 中华人民共和国 主办 专门 组成 
---- Cluster id #137 ----
Size: 28
帮扶 地理 对口 扶 扶贫 富裕 妇联 妇女 攻坚 户 江西省 立足 路子 蒙古 贫困 贫困户 贫困县 贫穷 穷 人口 生机 特困户 突尼斯 脱贫 温饱 消除 养殖 自力更生 
---- Cluster id #138 ----
Size: 46
八一队 败 本轮 比分 比赛 场 队 队员 对手 夺冠 负 河南 击败 甲Ａ 教练员 篮球 联赛 辽宁队 轮 男篮 男排 女排 排球 球 球队 球员 取胜 荣 弱 赛季 胜 输 四川 踢 厅 万达队 小伙子 讯 毅仁 赢 战 浙江 支 主场 主教练 足球 
---- Cluster id #139 ----
Size: 29
带有 导演 电影 动态 反响 毁 激动 角度 阶层 可能性 理 流动 描写 某 闹 圈 群体 热闹 少儿 深度 思维 文学 洗 小说 写 写作 新兴 影视 作家 
---- Cluster id #140 ----
Size: 12
博览会 彩电 创业 多媒体 份额 国产 家电 品牌 失 输出 推出 知名 
---- Cluster id #141 ----
Size: 15
柏林 层 大海 地上 改制 工地 海 海南 门前 平静 铺 深处 载 争 之前 
---- Cluster id #142 ----
Size: 15
册 灯 读 读书 过年 鲁迅 买 浓 日记 时尚 视 书 书籍 夜 遗憾 
---- Cluster id #143 ----
Size: 26
办理 保值 不满 财政部 持有 储蓄 到期 兑付 付 公布 购买 国债 计 计算 节 利息 满 年利率 凭证式 期 事宜 提前 网点 邮政 债券 支付 
---- Cluster id #144 ----
Size: 28
档次 锭 纺织 非 付出 工业 攻坚战 济南 解困 净 举措 离退休 落后 契机 抢 敲 生产能力 淘汰 通 突破口 退出 陷入 压 压锭 压缩 沿海 展开 重组 
---- Cluster id #145 ----
Size: 16
本身 侧面 超出 单纯 对立 规律 忽视 具 里面 论述 内在 能否 双重 腿 文艺 自觉 
---- Cluster id #146 ----
Size: 23
大中 到位 定 兑换 贺电 记者 看法 哪些 您 庞大 期望 时机 使得 世贸 提问 通货膨胀率 踊跃 预定 赞成 遭 招待会 致以 中外 
---- Cluster id #147 ----
Size: 33
班子 编者按 财务 村 村干部 村里 村民 村委会 村务公开 大事 党支部 干群 公开 河北 河北省 怀疑 基层 困扰 乱 满意 明白 农村 盼 前面 全省 任职 上访 说法 投票 推行 县里 这项 阵地 
---- Cluster id #148 ----
Size: 195
摆 抱 本领 编者 变成 不好 不见 不可 不如 不同 不行 步 差 产生 长 彻底 成 成功 吃饭 初 出 穿 此 错 大家 带 当 到 得 掉 多 发 发现 犯 份 附 干 感到 搞 告诉 个 给 故事 关注 过 后 话 怀 还有 换 会 活 极大 记得 建 叫 近 精力 境界 句 觉得 开 开会 开始 看 看出 看待 看到 看看 考虑 靠 克服 苦 块 来 来到 离 理解 里 了 了解 领导者 令 留 路 没有 每 每个 们 面对 面前 名字 目光 拿 哪 哪里 那里 那么 那些 那样 难 呢 能 你们 弄 朋友 起 前 清醒 情景 请 去 让 人 人们 认识 认为 如 如此 如何 上 上班 少 身 深 生动 时 时间 什么 什么样 事 事情 是 手 手中 受到 属 说 送礼 他们 它 提到 天 听 听到 听说 脱离 完全 危险 为什么 位 我们 下来 下去 显得 些 心里 一把手 一起 依然 意识 引起 应该 优秀 有 有的 有人 有些 遇到 在 在于 怎样 站 找 这 这个 这些 这样 这种 真实 知 之后 之外 之中 只能 智慧 种 住 装 自己 自我 字 走 最后 做 
---- Cluster id #149 ----
Size: 20
报刊 报纸 订 封 海外 焦点 来信 另 每天 普通话 人民日报 上网 时报 图书馆 网上 消息 写道 阅读 中文 最新 
---- Cluster id #150 ----
Size: 33
拜年 表演 大师 风格 歌舞 歌舞团 观众 角色 京剧 剧目 剧团 剧院 联欢 迈向 年年 屏幕 上演 晚会 舞蹈 舞剧 舞台 喜爱 戏 戏曲 献身 形 演 演唱 演员 艺术家 邮票 院 展现 
---- Cluster id #151 ----
Size: 46
比利时 闭幕 茶话会 阐述 出席 调查 发表 赴 甘肃 纲要 含量 华清 环 江 讲话 锦涛 举行 看望 考察 科技界 列入 鲁丽 率 强有力 日程 瑞典 瑞环 瑞士 商 讨论 题 伟长 希腊 新鲜 研讨 研讨会 演讲 议题 迎春 与会 泽民 驻地 作 座谈 座谈会 F基 
---- Cluster id #152 ----
Size: 32
查 长期以来 厂 厂长 串 此案 工厂 功 罕见 辉煌 急需 佳 金钱 巨额 劳动模范 漏洞 妻子 企业家 荣誉 设 时健 受贿 外 心态 烟 云南 云南省 账 赚 追 总裁 褚 
---- Cluster id #153 ----
Size: 28
保健 病人 海南省 河南省 患者 急 疾病 江苏省 科 科协 陕西省 社区 通道 卫生 卫生部 血 药 药品 医疗 医生 医学 医药 医院 浙江省 治疗 中药 中医 中医药 
---- Cluster id #154 ----
Size: 46
必然 参考 参政议政 党派 调研 对外 儿女 反映 服从 稿 各界 广阔 规范化 好评 宏伟 活跃 机关干部 加深 建议 交往 举办 开幕式 开拓 履行 论坛 侨胞 渠道 人士 入手 拓展 向前 象征 协商 选平 邀请 应邀 增进 展望 章程 政协 职能 制订 制度化 主动 专题 组 
---- Cluster id #155 ----
Size: 22
冲 歹徒 刀 夫妻 过硬 喊 呼唤 记 军营 刻苦 连队 脸上 玲 幕 评为 青春 邱 围 鲜花 现金 英雄 战士 
---- Cluster id #156 ----
Size: 29
百富勤 撤销 答 大户 发行 方便 挂牌 回报 基金 简称 交易 交易所 开设 联网 买卖 区别 上市 申报 深圳 提醒 投资 投资者 问 营业部 账户 证监会 证券 指定 资格 
---- Cluster id #157 ----
Size: 28
安全 标志 仓库 地面 地下 电力 发电 个人 奖励 距离 跨越 扩建 垃圾 器材 任何 设施 施工 损失 所在 条例 物品 线路 消防 新建 延伸 移动 应 作业 
---- Cluster id #158 ----
Size: 22
爱好者 冰雪 充满 大地 丰富多彩 国旗 欢乐 佳节 节日 气氛 庆 升 石家庄 天安门 喜庆 祥和 新村 一派 迎来 愉快 周刊 祝福 
---- Cluster id #159 ----
Size: 12
阿根廷 出访 国家队 加 加拿大 加元 拉美 来自 民营 有助于 智利 主 
---- Cluster id #160 ----
Size: 30
安排 编制 财力 财政 超 呈现 赤字 大于 得益 低于 抵 高于 关税 减少 开支 累 弥补 其中 确保 适度从紧 收入 收支 完成 相应 预算 元 增幅 支出 专项 转移 
