---- Cluster id #1 ----
Size: 52
百姓 报纸 不惜 不知 灿烂 厂家 大师 道 道理 端 放心 钢琴 国际象棋 国企 寒风 河 后人 后者 堪称 颗 口 拉开 来临 蓝 利润 临 捧 清晰 上任 剩下 世人 说话 掏 天空 同事 同行 童 脱 喜 想法 消息 小姐 眼 爷爷 艺术品 意思 展现 志成 珠江 自豪 总经理 帷幕 
---- Cluster id #2 ----
Size: 12
便宜 乘客 高峰 买 票 签 确实 停留 享受 优惠 折 之前 
---- Cluster id #3 ----
Size: 32
春运 调 对 分工 高速 公里 广 广州 沪 货物 津 京 九 开通 客车 客运 列 列车 临时 旅客 每天 神 时刻 售票 提 铁道部 铁路 图 为主 线 小时 涌 
---- Cluster id #4 ----
Size: 15
病 病毒 病人 感染 患者 急 科 生命 抬 通道 医生 医院 值班 治疗 住院 
---- Cluster id #5 ----
Size: 40
百分点 拆借 筹资 存 存款 贷款 担保 发放 法定 幅度 负债 工具 挂钩 机构 降低 客户 来源 理顺 利率 利于 名义 哪些 取消 商业 投放 下调 下降 现行 限额 信贷 信用 银行 银行业 用于 有利于 这次 政策性 准备金 准备金率 资金 
---- Cluster id #6 ----
Size: 25
帮 帮扶 产值 打下 地处 对口 扶 扶贫 攻坚 户 江西省 立足 农场 农垦 贫困 贫困户 贫困县 穷 失学 实 受益 特困户 脱贫 温饱 养殖 
---- Cluster id #7 ----
Size: 25
冲 大队 大学生 歹徒 刀 夫妻 过硬 喊 记 刻苦 连队 脸 脸上 玲 美丽 民警 幕 派出所 青春 邱 停车 围 鲜花 巡警 英雄 
---- Cluster id #8 ----
Size: 17
版 闯 发射 改 干警 敢 公安局 航天 火箭 可贵 卢布 鸣 牛 试 务实 勇于 值 
---- Cluster id #9 ----
Size: 25
把 保卫 部队 称赞 担负 导弹 锻炼 海军 解放军 空军 练 命名 全军 热潮 认清 射击 使命 透 忘记 武警 训练 院校 战斗力 忠诚 组建 
---- Cluster id #10 ----
Size: 26
比例 单位 店 独立 法人 分布 个 各类 共计 狗不理 划分 活动 假货 禁止 居委会 普查 社区 数 数据 数量 团体 吸纳 新闻 营业 真 职业道德 
---- Cluster id #11 ----
Size: 12
杯 储蓄 大街 倒 喝 教堂 楼 卢森堡 啤酒 室内 屋 这家 
---- Cluster id #12 ----
Size: 21
本地 长工 创办 大庆 地质 供应 光荣 何 艰苦 开会 乐 品质 平原 深感 深受 实验室 添 为由 找到 直至 装备 
---- Cluster id #13 ----
Size: 23
部 才能 出色 动员 发起 国防部 后勤 晋 军 军区 军委 旅 平 上将 社 师 司令员 所属 团 一级 战役 政治部 中央军委 
---- Cluster id #14 ----
Size: 21
并非 补贴 抵押 房 福利 工资 建房 角 教职工 例 每月 商品房 实物 市场化 消费 小区 新村 需 住房 住宅 租 
---- Cluster id #15 ----
Size: 19
菜篮子 产销 筹集 大中城市 短缺 副食品 格局 工程 航空 机场 流通 每人 批发 肉 啥 水果 销 选 租赁 
---- Cluster id #16 ----
Size: 25
八一队 比分 对手 分钟 击败 甲Ａ 教练 教练员 决赛 篮球 辽宁队 领先 男篮 轻松 球 球队 球员 赛季 输 万达队 赢 遇 占据 主教练 妍 
---- Cluster id #17 ----
Size: 53
场面 穿 搭 大雪 第一线 顶 饭 房屋 奋战 赶到 赶来 感慨 寒冷 黑 家园 救援 救灾 捐赠 抗灾 抗震救灾 肯 粮 路上 命令 那曲 难关 派出 抢险 亲人 缺 烧 受伤 受灾 特大 慰问 物资 兄弟 雪灾 医疗队 运 灾 灾民 灾情 灾区 张北 张家口 帐篷 支队 直升机 重建 子弟兵 自救 总队 
---- Cluster id #18 ----
Size: 23
云 邦国 长春 长江 春云 大胆 代表团 典礼 放 光英 贵鲜 海南 航运 纪云 家宝 家华 菊 开工 浦东 庆林 收成 铁映 下功夫 
---- Cluster id #19 ----
Size: 28
长城 春风 此时 动 动人 惠芬 激情 家人 惊人 军营 联手 梦 描绘 墙 人间 伤 手术 她 题写 天下 校园 演奏 一代 圆 酝酿 这时 重返 闵 
---- Cluster id #20 ----
Size: 17
报刊 此次 答 担 发行 份 挂牌 回报 基金 刊登 联网 上网 提问 投资 投资者 问 现金 
---- Cluster id #21 ----
Size: 74
闭幕 必然 参政议政 茶话会 阐述 出席 次 打假 调查 调研 对外 发表 赴 甘肃 稿 各界 光亚 规范化 国权 华清 会议 活跃 建议 讲话 锦涛 举行 开拓 看望 考察 列入 鲁丽 履行 率 民工 名单 强有力 侨胞 全国 全体 日程 入手 瑞典 瑞环 商 讨论 题 通过 拓展 伟长 希望工程 协商 新鲜 兴 选平 演讲 邀请 议题 迎春 与会 展望 章程 兆国 正英 政协 职能 制度化 驻地 专题 作 座谈 座谈会 崛起 孚凌 F基 
---- Cluster id #22 ----
Size: 24
彩电 传输 此举 电视 电视机 多媒体 覆盖 光盘 广播 杭州 画面 接收 节目 厘米 模拟 屏幕 取代 数字 图像 推出 网 卫星 信号 研制 
---- Cluster id #23 ----
Size: 6
彼此 大臣 荷 荷兰 首相 书面 
---- Cluster id #24 ----
Size: 33
巴金 档次 锭 纺织 付出 工业 攻坚战 过度 济南 截至 解困 净 举措 困境 离退休 理 落后 契机 抢 敲 生产能力 升级 淘汰 突破口 退出 陷入 压 压锭 压缩 沿海 页 展开 重组 
---- Cluster id #25 ----
Size: 40
澳大利亚 本届 比赛 成绩 打破 夺 夺得 分 冠军 滑 滑雪 获得 角逐 金牌 锦标赛 精彩 枚 米 秒 名将 名列 男子 女子 挪威 乒乓球 破 赛 赛场 上届 世界杯 世界纪录 速滑 跳 铜 选手 亚军 银 游泳 中国队 缪 
---- Cluster id #26 ----
Size: 193
啊 摆脱 被告 变成 不好 不见 不同 不行 步 差 产生 长 彻底 成 成功 充满 出 出来 此 错 打开 大家 大门 带 当 到 得 等 掉 东西 读 多 儿子 翻 干 感情 感受 搞 告别 告诉 给 故乡 过 话 怀 还有 回到 会 活 激动 记得 记忆 家乡 见 叫 近 句 觉得 开始 看 看出 看到 考虑 苦 来 来到 老 离 理解 里 了 了解 另 令 留 留下 流 没有 每个 们 面对 拿 哪 哪里 那 那么 那些 那样 难 呢 内心 能 你们 您 弄 跑 朋友 篇 起 前 前后 情景 请 去 让 人 人家 认为 日子 如 如此 如何 入 上 少 身 深 时 时候 时机 时间 什么 事 事情 是 是否 手 谁 水 说 送礼 岁 他们 它 提到 天 贴 听 听说 突然 完 完全 望 为什么 位 文章 我们 喜欢 下来 下去 想到 些 辛苦 心 心里 心情 样子 一起 依然 衣服 遗憾 以为 引起 应该 有 有的 有人 有些 遇到 月 在 在于 怎么 怎样 站 这 这个 这块 这里 这些 这样 这种 真实 之后 之外 之中 只能 种 住 自己 走 最后 做 
---- Cluster id #27 ----
Size: 18
阿 阿尔及利亚 欢乐 佳节 节日 其琛 气氛 钱 庆 外交部长 问候 喜庆 祥和 一派 赞同 祝福 祝愿 转达 
---- Cluster id #28 ----
Size: 16
拆 城市 雕塑 公共 环 聚集 空间 垃圾 类似 美术 模式 哪个 市中心 挖 有机 主题 
---- Cluster id #29 ----
Size: 20
波黑 冲突 村庄 对话 恶化 分子 官方 警察 局势 科索沃 恐怖 联络 美军 南斯拉夫 内政 声明 维和 袭击 新闻界 行人 
---- Cluster id #30 ----
Size: 40
步骤 长远 潮流 大陆 大业 当局 儿女 分裂 构想 海内外 海峡 和平 呼吁 回应 加深 交流 警惕 两岸 领土 迈 民众 企图 商谈 深远 势力 台湾 谈判 同胞 统一 完整 往来 希望 现状 心愿 愿望 主权 主张 状态 祖国 阻碍 
---- Cluster id #31 ----
Size: 20
风采 个性 观看 轰动 虎踞 画家 话剧 京剧 剧目 迈向 南京 前线 替代 文化部 戏剧 形 演出 艺术 这部 钟山 
---- Cluster id #32 ----
Size: 65
表达 别的 不可 创立 创造性 错误 道路 邓 邓小平理论 地域 定位 飞跃 丰富 富强 概括 共产党人 共识 观察 观点 还要 回答 集体 继承 建国 讲 经历 救 卷 科学 口号 理论 历史 历史性 领袖 马克思主义 毛泽东思想 面 命运 旗帜 前列 前途 全党 确立 确认 三中全会 十四大 时代 实践 逝世 套 特征 唯一 伟大 系列 鲜明 向前 小平 以后 以前 勇气 造就 正是 郑重 中国 中山 
---- Cluster id #33 ----
Size: 20
承诺 窗口 管理局 哈佛 麻烦 评为 商家 示范 挑选 卫生部 问世 药 药品 药物 医学 医药 增至 中药 中医 中医药 
---- Cluster id #34 ----
Size: 22
保险 不良 辞职 此前 大藏省 导致 东京 法案 官员 合资 回收 会员 乐观 泡沫 桥本 日本 日元 收购 投机 信誉 债权 职员 
---- Cluster id #35 ----
Size: 37
安 办事处 薄 不幸 春 党组织 敌人 底 发动 根据地 共产党员 毁 汇 机关干部 借助 军民 开办 开辟 抗日 空前 留给 率领 民 耐心 情绪 日报 顽强 维持 雄厚 严峻 应付 踊跃 勇敢 运动 掌握 政权 子文 
---- Cluster id #36 ----
Size: 11
奥委会 奥运会 冰球 冰雪 参赛 长野 冬奥会 开幕式 人数 运动员 组委会 
---- Cluster id #37 ----
Size: 11
倡导 道德 可喜 理想 礼貌 利 提倡 吸取 修养 有待 自律 
---- Cluster id #38 ----
Size: 11
柏林 大楼 大桥 东北部 繁华 干旱 工地 两地 新兴 运河 珠海 
---- Cluster id #39 ----
Size: 26
安置 出路 第三产业 分流 扶持 富余 岗位 工会 介绍 就业 困难 劳动力 劳务 门路 上岗 失业 市 私营 武汉 武汉市 下岗 兴办 用人 职工 职业 中心 
---- Cluster id #40 ----
Size: 15
笔 冰箱 产量 成都 电器 动作 果断 科龙 论证 宁 迁 视野 台 同样 意味着 
---- Cluster id #41 ----
Size: 122
榜样 宝贵 爆发 被动 不顾 参与 策划 策略 长征 成立 持久 崇高 初 初期 此后 促成 担任 诞辰 诞生 党内 到达 德 抵制 典范 独立自主 读书 夺取 恩来 翻译 风范 复杂 高尚 革命家 公仆 国防 国民党 红军 后 恢复 极端 坚定 艰难 接触 杰出 解放 进攻 尽 精力 久 军队 军事 抗日战争 抗战 老一辈 离开 历程 毛 名字 那种 内外 排除 品格 迫使 期间 青 倾听 清除 人民军队 善于 身边 深厚 生涯 时期 他 同志 投身 文化大革命 文选 我党 我军 无产阶级 武装 伍 牺牲 细致 想象 协助 心血 信念 休息 修权 业绩 一生 引 赢得 拥护 忧 早 早期 泽东 占领 战场 战斗 战术 战友 战争 争取 之一 直到 指挥 智慧 重任 周 周年 主持 主观 著名 卓越 总参谋长 总政治部 左 作战 
---- Cluster id #42 ----
Size: 11
份额 高新技术 国产 国家级 黄河 家电 开发区 品牌 三角洲 水资源 知名 
---- Cluster id #43 ----
Size: 14
笔者 打 打电话 电话 歌曲 广告 家长 老板 收费 用户 诱惑 愉快 娱乐 这么 
---- Cluster id #44 ----
Size: 40
本国 比索 储备 传真 跌 东亚 动荡 短期 兑 兑换 菲 菲律宾 纷纷 风暴 韩国 汉城 合 缓 汇率 货币 据悉 马来西亚 马尼拉 曼谷 美元 苏哈托 泰国 通货膨胀率 外汇 外债 下跌 削减 雅加达 印度尼西亚 印尼 印尼盾 盈余 援助 至 助 
---- Cluster id #45 ----
Size: 51
爱心 吧 炒 吃 吃饭 答应 大姐 顿 感动 跟 跟着 官 回 家里 将军 接到 救助 捐 捐助 看见 渴望 客人 啦 吗 忙 母亲 那时 那天 南极 你 平静 启动 全家 日记 荣 声音 踢 玩 晚 忘 我 西安 献 想 想起 笑 行 幸福 毅仁 丈夫 知道 
---- Cluster id #46 ----
Size: 83
安装 办案 办事 本人 表率 宾馆 不准 查处 惩处 出台 处分 党风 党性 党员 党政 党政机关 斗争 对策 遏制 反 反腐倡廉 防止 腐败 干部 公款 狠抓 会计 机 集资 纪检 纪律 纪委 监察 监督 坚决 艰苦奋斗 健全 健行 接待 纠正 考验 礼品 立 廉洁自律 廉政 蔓延 配备 评议 强化 清理 庆典 全会 容易 上级 奢侈浪费 实体 土壤 外地 违法 违反 违规 违纪 尉 行政 严格 严禁 有序 预防 源头 责任 责任制 赠送 正气 制约 制止 抓好 追究 准则 着重 自 自觉性 钻研 作风 
---- Cluster id #47 ----
Size: 21
唱 大小 电视台 歌 歌声 歌舞 火车 军人 快乐 昆 老区 联欢 南 年年 少儿 首 拖 晚会 沿线 演唱 艺术团 
---- Cluster id #48 ----
Size: 7
半岛 朝 朝鲜 充足 春耕 化肥 农药 
---- Cluster id #49 ----
Size: 27
帮助 别人 出版社 出版物 传播 服务队 挂 柜台 互助 货 季节 揭晓 科普 卖 牌子 青年 热心 三下乡 生意 实用 书 书店 司 图书 下乡 依托 志愿者 
---- Cluster id #50 ----
Size: 15
安徽 安徽省 陈旧 电价 费用 高低 供电 降 交 郊区 每 农户 全省 镇 整顿 
---- Cluster id #51 ----
Size: 35
安排 编制 财力 财税 财政 超 呈现 赤字 大于 得益 低于 地方 高于 关税 减免 减少 开支 弥补 其中 欠 确保 适度从紧 收入 收支 数额 税收 完成 相应 预算 元 增幅 征收 支出 专项 转移 
---- Cluster id #52 ----
Size: 31
操作 撤销 倒闭 发现 防范 防伪 分行 风险 该 该行 关闭 国民 监管 监控 交易 教训 结算 金融 金融业 巨额 墨 内部 申报 审计 事件 损失 违章 未能 行长 业务 指定 
---- Cluster id #53 ----
Size: 9
大使馆 度过 非洲 过年 华侨 华人 南非 庆祝 社团 
---- Cluster id #54 ----
Size: 6
党建 具 刊物 研讨 研讨会 阅读 
---- Cluster id #55 ----
Size: 13
阿拉伯 埃及 儿童 街 街头 开罗 理事会 谴责 食品 苏丹 演习 约旦 旨在 
---- Cluster id #56 ----
Size: 12
该书 洪水 湖 湖北 奖 经济学 明星 某种 缩小 填 星 意外 
---- Cluster id #57 ----
Size: 16
点 封锁 妇联 妇女 古巴 股市 回升 纪录 伦敦 纽约 女性 上升 时报 收盘 突尼斯 指数 
---- Cluster id #58 ----
Size: 47
北京 北京大学 北京市 毕业 常务委员 冲击 大学 地委 董事长 队长 副 干事 共青团 广东省 汉族 红旗 湖南 获 教授 局长 科学院 名誉 男 其间 清华大学 山东 生 省委 省政府 市委 所长 天津 天津市 铁路局 委员长 县委 校长 学位 研究生 研究室 研究所 研究员 研究院 院长 主任 组长 组织部 
---- Cluster id #59 ----
Size: 26
办理 保值 不满 财政部 持有 到期 兑付 付 公布 购买 国债 计 计算 节 利息 满 年利率 凭证式 期 期限 事宜 提前 网点 邮政 债券 支付 
---- Cluster id #60 ----
Size: 15
表彰 成长 纲要 高潮 技能 培养 评选 人才 人事 人事部 深度 脱颖而出 先生 优秀 中宣部 
---- Cluster id #61 ----
Size: 17
差异 调节 对立 激发 疾病 价值 价值观 理性 期望 情感 人们 生存 外面 物质 心理 心灵 真理 
---- Cluster id #62 ----
Size: 22
产业化 成果 到底 海关 集装箱 检测 科研 来信 论文 漂亮 清华 缺少 人民日报 托 网上 系统 系统工程 写道 因特网 中科院 转化 转换 
---- Cluster id #63 ----
Size: 15
采购 电厂 呼唤 获悉 奖金 节省 块 老伴 年轻 奇迹 徐州 验收 一流 员工 招标 
---- Cluster id #64 ----
Size: 25
表决 布赫 大会 大会堂 当选 会场 开幕 乔 亲 全场 热烈 人选 摄 石 提名 铁木尔・达瓦买提 网球 响起 信访 宣布 议程 掌声 主持人 主席台 主席团 
---- Cluster id #65 ----
Size: 39
颁发 办法 本 采矿 采矿权 出资 登记 发布 范围 公告 管理 国务院 会同 减 缴纳 开采 矿产 免 名称 批准 评估 签订 日 申请 审批 收到 手续 特定 提交 铁 限期 许可证 义务 予以 原 暂行 主管 资料 资源 
---- Cluster id #66 ----
Size: 18
贬值 不利 出口 东盟 东南亚 对外贸易 附加值 红色 机电 进出口 进口 经常 竞争力 拉那烈 流入 人民币 顺差 外贸 
---- Cluster id #67 ----
Size: 113
案 案件 暴力 爆炸 不够 财产 查办 呈 打击 逮捕 当事人 递增 毒品 队伍 发票 罚 法官 法庭 法院 犯罪 犯罪分子 方略 房地产 干扰 公安 公正 够 管辖 合法 合同 贿赂 机关 及时 检察 检察院 鉴定 件 结论 解释 金额 禁毒 纠纷 居住 举报 类 理由 立案 律师 每年 秘密 民事 宁波 判处 判决 培训班 赔偿 聘请 破坏 起诉 抢劫 轻 请求 取 权益 人民法院 上述 涉及 涉嫌 审查 审理 审判 省级 释放 收集 受理 思卿 司法 诉讼 随 贪污 提起 通知 危害 委托 嫌疑人 线索 刑法 刑事 刑事诉讼法 性质 姓名 严打 严厉 严肃 严重 一体 在场 增大 侦查 证据 证明 知识产权 职务 执法 执行 致使 秩序 中级 宗旨 走私 最高 罪 渎职 
---- Cluster id #68 ----
Size: 40
办公室 办公厅 部长 参加 常委 车间 成员 党委 党校 党组 工程师 工商联 共产党 国务委员 计委 加入 兼 届 科长 秘书长 民革 任 省 受 书记 书记处 外事 委员 系 学习 学院 政委 政治局 中共 中共中央 中央 中央委员 主席 专业 组 
---- Cluster id #69 ----
Size: 91
阿盟 阿齐兹 安理会 安南 奥尔布赖特 巴格达 巴黎 白宫 抱 报道 本报 避免 编辑 常任 常驻 此间 达成 打算 大规模 担心 地点 电 调解 动武 动用 发布会 发出 发言人 法国 反对 否认 符 各方 关切 国务卿 果 海湾 号 核查 记者 加紧 焦点 接受 结束 解除 解决 紧张 谨慎 警告 拒绝 决议 科威特 理事国 立场 联合国 连日来 美 美联社 穆巴拉克 普里马科夫 前往 萨达姆 态度 特使 特委会 透露 途径 外交 外交大臣 威胁 危机 斡旋 武力 武器 希拉克 销毁 小组 协议 新华社 寻求 伊 伊拉克 英 英国 招待会 制裁 重申 诸如 准备 总统府 最新 
---- Cluster id #70 ----
Size: 115
白 毕 边 波 蔡 藏族 曹 朝鲜族 陈 程 川 崔 戴 单 丁 董 杜 范 方 冯 傅 高 葛 古 顾 关 管 郭 韩 贺 洪 侯 胡 黄 回族 霍 健 姜 蒋 金 锦华 俊 康 孔 李 梁 廖 林 刘 卢 陆 吕 罗 马 满族 梅 蒙古族 苗 苗族 明 聂 女 潘 齐 秦 邵 沈 史 舒 宋 孙 谭 汤 唐 涛 陶 田 土家族 万 汪 王 韦 维吾尔族 魏 文 闻 吴 武 夏 肖 谢 熊 徐 许 薛 严 阎 杨 扬 姚 叶 毅 尹 游 于 俞 袁 曾 张 赵 郑 钟 朱 祝 邹 
---- Cluster id #71 ----
Size: 10
得以 地理 富裕 艰苦创业 美德 蒙古 贫穷 生机 消除 自力更生 
---- Cluster id #72 ----
Size: 15
大连 大厦 购物 股份 顾客 南昌 拍卖 商场 商厦 石家庄 输出 书画 有限 有限公司 郑州 
---- Cluster id #73 ----
Size: 29
巴西 边界 初步 大 公司 衡量 集团公司 家 兼并 简单 进入 跨 宽 亏损 联合 连续 排 排名 评 其 强 实力 世界 视 速度 通用 一样 杂志 真正 
---- Cluster id #74 ----
Size: 70
补充 草案 常委会 常务 程序 惩治 抽查 筹备 代表 代表大会 督促 法 法规 法律 法制 法治 赋予 改进 规范 规则 规章制度 国家机关 候选人 换届 汇报 季度 检查 借鉴 决定 框架 老年人 立法 力求 每次 难点 起草 权威 人大 人大代表 任命 任期 日常 设立 审议 实施 市场经济 授权 特别 提请 听取 委员会 宪法 行使 行政区 修订 修改 选举 依据 议会 有益 原有 征求 正当 职权 制定 治国 中华人民共和国 专门 组成 遵循 
---- Cluster id #75 ----
Size: 15
动物 动物园 虎 老虎 平安 热水器 视为 属 微笑 温馨 象征 野生 营养 跃 只 
---- Cluster id #76 ----
Size: 253
把握 摆 包括 保障 保证 表明 部署 成就 成为 成效 程度 充分 出发 处理 传统 创造 促进 存在 大局 党 党中央 奠定 调动 发挥 发生 发扬 繁重 反映 方面 方向 方针 奋斗 符合 服从 附 高举 个别 各个 各级 各项 各种 各族 根本 工作 巩固 贡献 共同 鼓舞 关根 关键 关心 观念 贯彻 广大 广泛 轨道 国家 过程 好 核心 宏伟 弘扬 环节 回顾 基本 积极性 激励 集中 加强 加以 坚持 坚持不懈 坚定不移 坚强 坚实 肩负 艰巨 建立 建设 江 交往 解放思想 紧密 进行 精神 精心 经受 经验 局面 举办 举世瞩目 巨大 具体 具有 决策 开创 开放 开拓进取 开展 克服 客观 肯定 牢固 牢记 利益 力量 联系 领导 路线 落实 马列主义 迈出 矛盾 密切 民主 明确 模范 目标 内容 能够 年 努力 配合 批 普遍 起到 起来 千方百计 前进 强大 强调 强烈 切实 情况 渠道 取得 全局 全面 全心全意 确定 群众 人民 任务 认真 社会主义 深刻 深入 生动 十五大 实际 实事求是 实现 实效 使 世纪 事业 适应 视察 受到 树立 顺利 说明 思想 素质 所有 探索 特点 特色 提出 体会 体现 条件 突出 团结 推动 推进 推向 完善 围绕 为 维护 问题 我国 下 先进 现代化 项 消极 效果 新 形成 形式 形势 需要 宣传 要 要求 一切 一致 依靠 意见 意义 意愿 应有 影响 优良 有力 有效 原则 运用 泽民 增强 扎实 扎扎实实 召开 针对性 整个 整体 正确 政策 政治 职责 直接 指出 指导 指引 制订 制度 治 中 重大 重视 重要 重要性 周围 主动 主要 注意 注重 抓 抓住 准 准确 着眼 总结 组成部分 组织 做出 做到 做好 作出 作为 作用 
---- Cluster id #77 ----
Size: 35
北约 波罗的海 倡议 大国 独联体 俄 俄罗斯 访 各国 各自 哈 吉 扩 联盟 谋求 签署 渗透 试图 首脑 守 它们 条约 乌 乌克兰 西方 削弱 协定 叶利钦 一体化 伊朗 伊斯兰 舆论 元首 争夺 中亚 
---- Cluster id #78 ----
Size: 9
充实 公顷 结合 经贸委 考核 领导班子 农科教 推荐 载体 
---- Cluster id #79 ----
Size: 18
大地 风貌 国土 汗水 棵 兰州 绿 绿化 绿色 青少年 全民 首都 树 西北 栽 造福 造林 植树 
---- Cluster id #80 ----
Size: 25
搬 表演 电视剧 风格 歌舞团 观众 镜头 剧院 浓郁 色彩 上演 舞 舞蹈 舞剧 舞台 喜爱 戏 献身 演 演员 艺术家 院 至关重要 装 追求 
---- Cluster id #81 ----
Size: 11
广东 核 核电站 黄金 可靠 批示 投产 外国 下属 新年伊始 专家 
---- Cluster id #82 ----
Size: 34
大道 懂 读者 封闭 风情 富有 攻 古典 汉语 技巧 节奏 解 凝聚 批评 桥 缺乏 审美 失去 诗 诗歌 诗人 实验 思 随意 欣赏 严谨 言 优美 右 誉为 崭新 者 之 作者 
---- Cluster id #83 ----
Size: 30
拜年 乘 得知 抵 定期 夫人 钢铁 官僚主义 国旗 交谈 接见 结婚 琳 隆重 女士 旁 陪同 鹏 期待 切尔诺梅尔金 亲切 人群 摄影 为期 详细 冶金 应邀 圆满 正式 总理 
---- Cluster id #84 ----
Size: 47
报 部门 称 处罚 措施 等级 地震 定价 罚款 防震 负责 干预 给予 构成 规定 价格 监测 减灾 紧急 经营者 可以 款 没收 其他 情节 权 权限 人民政府 认定 伤亡 商品 适用 收取 属于 提供 条 县级 消费者 行为 应当 有关 预报 灾害 责令 章 指 遵守 
---- Cluster id #85 ----
Size: 18
参考 长足 承办 代表性 对此 发掘 分类 沟通 呼声 热点 热情 神圣 提案 议案 赞扬 致以 撰写 走访 
---- Cluster id #86 ----
Size: 20
安全 称号 地面 东方 杜绝 飞 飞机 飞行 管制 航班 航线 架 空中 昆明 蓝天 民航 荣获 授予 通报 总局 
---- Cluster id #87 ----
Size: 15
不正之风 仓库 分局 该厂 个体 工商 工商局 卡 开业 上门 税务 特困 为何 戏曲 阳光 
---- Cluster id #88 ----
Size: 30
背 边防 菜 产 大棚 恶劣 盖 高原 公斤 官兵 海拔 基地 艰辛 结 空白 领 摄氏度 蔬菜 塑料 头 土 玉米 栽培 战士 中队 种植 重 株 猪 驻军 
---- Cluster id #89 ----
Size: 28
长期 大家庭 地区 对方 各 共建 光辉 花园 加速 结成 景象 空 民族 凝聚力 平等 迫切 区域 融合 少数民族 适合 文化 之下 中华民族 中西部 自愿 自治 自治县 自治州 
---- Cluster id #90 ----
Size: 79
包装 玻璃 材料 彩色 测试 插 地位 电子 独资 吨 辐射 服务业 港口 高档 高效 工艺 光 含 化工 基因 机械 机组 激光 计算机 加工 检验 轿车 开发 抗 控股 连接 良种 码头 煤炭 摩托车 年产 农 品种 期货 千瓦 认证 容量 沙漠 设备 设计 生产 生产线 水电 水泥 饲料 隧道 天然 通信 同步 外商 相关 新型 型 性能 仪 仪器 以上 以下 用 邮电 原料 允许 运输 珍贵 纸 制品 制造 中方 主导 专利 专用 装置 咨询 综合 
---- Cluster id #91 ----
Size: 16
避孕 传媒 大赛 大众 公益 健身 媒介 媒体 企业界 赛事 体委 体育 颖超 用品 与会者 致 
---- Cluster id #92 ----
Size: 21
财务 村干部 村务公开 大事 干群 公开 河北 后面 怀疑 困扰 乱 明白 盼 前面 上访 说法 推 推行 县里 这项 阵地 
---- Cluster id #93 ----
Size: 15
包 创建 词 海信 火 家中 饺子 精 精神文明 妈妈 群众性 实事 挖掘 温暖 硬 
---- Cluster id #94 ----
Size: 17
长沙 大选 党派 队 队员 国大党 华为 竞选 人民党 厅 席 席位 选民 选票 印度 阵线 政党 
---- Cluster id #95 ----
Size: 17
长官 发言 繁荣 风波 港 回归 驾驭 建华 美好 内地 社长 事务 特区 为首 香港 信心 一国两制 
---- Cluster id #96 ----
Size: 24
ＶＣＤ 北方 草 草地 草原 当中 该县 攻关 贵州 江西 降价 可观 南方 农业部 人均收入 认可 试验 水准 踏 细 兴奋 畜 畜牧业 养 
---- Cluster id #97 ----
Size: 41
楚政 床 登 冬 断 富 根 好事 划 患 挤 脚 进 举 开阔 龙 冒 民兵 爬 彭 清 如同 双 睡 似 躺 趟 脱贫致富 碗 湘西 乡亲 血 呀 养猪 逾 扎 阵阵 只见 州 仔细 足 
---- Cluster id #98 ----
Size: 52
伴随 财富 产业 创新 到来 盗版 动力 发达国家 发明 发展中国家 分为 改变 概念 赶 获取 机器 即 技术 进步 具备 科技 科技界 科教兴国 科学技术 劳动者 论断 迈进 面临 蓬勃 前沿 求 取决于 全球化 人工 人力 软件 世纪之交 挑战 网络 信息 兴起 迅猛 研究 应用 战略 知识 知识经济 之上 智力 注入 转向 走向 
---- Cluster id #99 ----
Size: 27
爱国主义 保存 保护 抵御 革命 工作者 规划 记录 纪念 纪念馆 建筑 精品 经费 烈士 民政部 纳入 抢救 社会效益 特有 贴近 统筹 维修 文物 文献 赞助 责任感 庄严 
---- Cluster id #100 ----
Size: 62
Ａ Ｄ 贝宁 表示 迟 大使 多极化 访华 访问 感到 感谢 高层 高兴 关系 广阔 国 国防部长 浩田 合作 互访 互利 欢迎 会见 会谈 伙伴 建交 建设性 交换 经贸 看法 科恩 来访 领域 莫 莫桑比克 频繁 签字 前景 双边 双方 探讨 图片 外交部 相互 相似 相信 协作 信任 也 也门 仪式 有助于 有着 友好 友谊 愿 赞赏 增进 之间 致力 驻华 卓有成效 
---- Cluster id #101 ----
Size: 27
遍 称为 大树 风 敢于 豪华 好像 红 花 荒山 劲 京城 开 牡丹 塞 散 山 时节 死 献给 香 像 延安 移 云 这儿 正好 
---- Cluster id #102 ----
Size: 22
北部 北风 大雨 华北 华南 黄淮 级 江淮 江南 街道 局部 冷空气 落 偏 气温 气象 气象台 弱 天气 小到中雨 雪 雨 
---- Cluster id #103 ----
Size: 21
斌 常 段 番 获胜 可谓 名人战 盘 棋 棋手 取胜 深圳市 通讯 围棋 讯 预赛 遭 战胜 主办 子 昊 
---- Cluster id #104 ----
Size: 140
Ｂ 安定 保持 备忘录 本次 必要 变化 不足 布局 步伐 采取 城乡 城镇 成人 承包 承担 承受 出现 达到 带来 导向 得到 调控 调整 对外开放 发展 方式 分开 丰富多彩 负担 改革 改善 搞好 各位 根本性 鼓励 国际 国民经济 国内 国内外 海外 好转 合理 宏观 化解 混乱 活力 基本建设 基础 积极 计划 继续 加大 加快 减轻 减员增效 健康 节约 结构 进展 精简 经济 经济社会 境外 居民 快 扩大 利用 力度 力争 粮食 良好 盲目 明显 能力 能源 农副产品 农田 庞大 培育 配套 前提 潜力 全 融资 社会 社会化 深化 生产资料 生产总值 生活 实行 势头 适当 适度 适时 试点 水平 台阶 态势 提高 体系 体制 同时 投向 妥善 拓宽 外资 稳定 稳妥 稳中求进 显著 项目 效益 新增 压力 养老 一定 以内 引导 有利 有所 预定 原材料 增长点 增多 增加 增添 债务 政府 支持 质量 中介 重点 转变 着力 资本金 综合国力 总额 总体 
---- Cluster id #105 ----
Size: 22
层层 城 城区 出租车 创 堆 岗 功夫 交警 扣 门前 南宁 南宁市 人人 市民 市区 双拥 听到 文明 形象 引人注目 争 
---- Cluster id #106 ----
Size: 16
保 补 存量 地 耕地 海口 抗旱 面积 亩 农科院 盘活 水源 土地 掀起 县城 小麦 
---- Cluster id #107 ----
Size: 59
层次 产品 产权 促 大型 大中型 带动 单一 放开 分离 分散 改制 改组 搞活 股份合作制 股份制 国外 国有 邯钢 含量 互补 机制 积累 激烈 集体经济 计划经济 经济效益 经营 竞争 灵活 目的 扭亏 牌 配置 破产 企业 全方位 市场 手段 所有制 乡镇企业 效率 效应 选择 营销 涌现 优 优化 优势 约束 运营 运作 增值 战略性 政企 支柱 中小企业 壮大 资本 
---- Cluster id #108 ----
Size: 26
本领 编者 不如 传来 串 创业 夫妇 附近 工人 光彩 建 借 没 女工 上班 师傅 施 收 推销 小伙子 夜 勇 找 挣 赚 自行车 
---- Cluster id #109 ----
Size: 30
编写 代 待遇 短短 风气 高度 高考 汉年 怀着 回国 回来 基金会 奖励 教材 教师 教育 决心 面向 普及 融入 上去 师生 什么样 物质文明 西南 学者 眼光 战线 中小学 着 
---- Cluster id #110 ----
Size: 22
白色 放在 丰收 高产 灌溉 急需 节水 科特迪瓦 龙头 农产品 农民 农业 水稻 水利 太空 突破 推广 因地制宜 优质 增产 增收 植物 
---- Cluster id #111 ----
Size: 31
查 长期以来 厂 厂长 创汇 此案 工厂 功 罕见 辉煌 佳 金钱 劳动模范 利税 漏洞 妻子 企业家 荣誉 设 盛 时健 受贿 外 心态 烟 云龙 云南 账 追 总裁 褚 
---- Cluster id #112 ----
Size: 10
背后 到位 防火 火灾 咖啡 林业 流失 森林 水土 消防 
---- Cluster id #113 ----
Size: 16
比 比利时 波音 布鲁塞尔 成员国 革新 华 看好 拟 欧 欧盟 欧洲 推迟 西欧 亚 亚洲 
---- Cluster id #114 ----
Size: 27
处 处长 广西 海南省 合肥 河北省 河南省 湖南省 江苏省 剧团 科教 科委 科协 内蒙古 宁夏 青海 山东省 陕西 陕西省 四川省 太原 图书馆 团长 县长 宣传部 云南省 浙江省 
---- Cluster id #115 ----
Size: 24
班子 办 奔 编者按 村 村里 村民 村委会 党支部 该市 基层 满意 农村 全县 任职 山区 投票 县 县政府 乡 乡村 乡镇 小康 证书 
---- Cluster id #116 ----
Size: 21
本身 侧面 超出 单纯 关注 规律 忽视 见解 里面 论述 名牌 难免 内在 能否 生命力 使得 双重 塑造 腿 文艺 自觉 
---- Cluster id #117 ----
Size: 46
包袱 变动 表面 成本 出去 出于 代价 等于 动态 多元化 放弃 功能 规模 合并 机会 集团 看来 可能 扩展 扩张 浪潮 类型 垄断 纽带 全新 甚 收益 同类 无 无法 限度 销售额 行列 行业 迅速 盈利 运转 政府部门 值得 指明 专业化 资产 总部 组合 最终 做法 
---- Cluster id #118 ----
Size: 22
变革 标准 层 大海 当做 定 方法 分析 否定 故居 海 阶级 经典 名人 某些 偶然 评价 人物 少奇 深处 原理 著作 
---- Cluster id #119 ----
Size: 24
爱护 北大 待 懂得 对待 改造 感人 工人阶级 估计 回去 敬爱 看待 另外 倾向 设想 水库 吸收 学会 鱼 赞成 真诚 知识分子 中间 资产阶级 
---- Cluster id #120 ----
Size: 10
巴基斯坦 波兰 风光 贺卡 季 上面 武术 谢里夫 印 政局 
---- Cluster id #121 ----
Size: 18
场地 大户 方便 股东 股票 简称 交易所 开设 买卖 区别 上市 深圳 提醒 营业部 账户 证监会 证券 资格 
---- Cluster id #122 ----
Size: 55
背景 编 表现 沉重 成熟 创作 带有 导演 灯 电影 独特 多样化 反响 氛围 感觉 话题 讲究 角度 揭示 景观 可能性 栏目 冷 灵魂 门 描写 某 闹 期刊 秋 圈 群体 热闹 散文 时尚 收获 思考 思维 题材 痛苦 文学 洗 显 显示 现实 现实主义 小说 写 写作 影视 专栏 姿态 尊严 作家 作品 
---- Cluster id #123 ----
Size: 28
爱国 冰 参观 传达 封 负责人 告 关怀 看看 民主党派 浓 迫害 人士 熟悉 天安门 统一战线 统战 统战部 外出 文革 文件 询问 隐患 遭到 照顾 召集 知名人士 指示 
---- Cluster id #124 ----
Size: 13
防 福州 公安部 建新 培训 团中央 外来 务工青年 校 整治 治安 周边 综合治理 
---- Cluster id #125 ----
Size: 19
筹措 船 船舶 订 骨干 花钱 建造 接轨 接近 念头 起点 艘 缩短 相比 消化 引进 造 周期 总公司 
---- Cluster id #126 ----
Size: 33
班长 兵 费 刚 光明 华夏 贾 杰 克 兰 力 亮 柳 鲁 路 孟 敏 名 曲 全有 群 尚 申 松 万年 伟 温 宪章 向 彝族 余 志 壮族 
---- Cluster id #127 ----
Size: 26
阿拉法特 巴 巴勒斯坦 撤军 方案 分歧 和谈 华盛顿 进程 克林顿 库克 黎 黎巴嫩 南部 内阁 内塔尼亚胡 前夕 士兵 西岸 叙利亚 耶路撒冷 以 以色列 犹太人 约旦河 中东 
---- Cluster id #128 ----
Size: 14
大中 发 共和国 国会 贺电 两会 领导人 民主党 塞拉利昂 西非 选出 议长 祝贺 总统 
---- Cluster id #129 ----
Size: 18
报警 报名 出售 岛 服务 购 经济林 联 青岛 热线 商标 他人 同 行动 悬挂 征文 志愿 注册 
---- Cluster id #130 ----
Size: 26
出生 达标 动手 防治 各地 淮河 环保 环保局 环境 计划生育 接 紧 空气 控制 力气 流域 排放 清洁 人口 省区 算 污染 下决心 治理 中南海 抓紧 
---- Cluster id #131 ----
Size: 29
本质 差别 成分 动摇 非 非公有制 公平 公有制 归 极大 经过 经济基础 矿 量 马克思 煤 煤矿 谋 倾斜 清楚 生产力 手里 私人 消灭 要素 优先 原来 资本主义 最佳 
---- Cluster id #132 ----
Size: 27
百富勤 比重 表 传销 从事 从业 东 东部 港元 公报 结果 快速 劳动 辆 末 年龄 人员 如下 投诉 西部 小型 以外 占 占地 中部 总量 总数 
---- Cluster id #133 ----
Size: 11
阿根廷 出访 国家队 加 加拿大 加元 拉美 墨西哥 依赖 智利 主 
---- Cluster id #134 ----
Size: 48
不错 不怕 尝 地上 多少 返回 风景 谷 过来 过去 合影 井 连 楼房 棉花 目光 牧民 那个 那里 农家 片 飘 拼搏 葡萄 前来 上来 实实在在 双手 天地 挑 位于 乌鲁木齐 响 新疆 心声 匈牙利 选拔 一行 迎 迎接 迎来 犹如 远 摘 招 震 主人 坐 
---- Cluster id #135 ----
Size: 14
残疾人 储量 房间 海上 勘探 立方米 难度 胜利 稳 寻找 油 油气 油田 足够 
---- Cluster id #136 ----
Size: 50
博士 出任 代理 东北 福建 福建省 工业部 工作组 顾问 哈尔滨 黑龙江 黑龙江省 红十字会 湖北省 化学 会长 吉林 吉林省 检察长 经理 救济 军分区 联合会 辽宁 辽宁省 秘书 上海 上海市 沈阳 省长 实业 市长 首席 数学 水利部 厦门 相当 协会 业余 议员 院士 政法 职 中华 中学 主编 主任委员 助理 总工会 总会 
---- Cluster id #137 ----
Size: 29
班 长途 车 车站 带头 锋 奉献 姑娘 号召 换 回家 火车站 姐妹 拉 雷 某部 奶奶 人生 事迹 送给 她们 题词 停 现任 新风 新人 学 再现 真情 
---- Cluster id #138 ----
Size: 29
对象 犯 贵 集 角色 境界 领导者 陌生 判断 评论 清醒 权力 认识 失败 事物 手中 头脑 脱离 外部 危险 一把手 意识 意志 知 主体 资 自身 自我 走过 
---- Cluster id #139 ----
Size: 23
办学 弊端 部委 财经 常州 车辆 高等 高等教育 高校 公园 净化 浪费 门口 品位 汽车 趋势 人文 设置 小事 学科 营造 游人 重复 
---- Cluster id #140 ----
Size: 46
步入 超过 刺激 促使 低 放松 供给 供求 固定资产 后果 缓解 回落 加剧 零售 买方 徘徊 膨胀 平衡 趋 全年 热 上涨 失业率 停产 通货膨胀 通胀 统计局 物价 下滑 显然 相反 消费品 需求 虚假 抑制 因素 引发 原因 运行 增长 增长率 涨幅 正 正常 支撑 总 
---- Cluster id #141 ----
Size: 36
办公 不便 差距 都市 更新 广场 机遇 交给 捐款 竣工 库区 老百姓 面貌 民心 民营 难题 起步 前所未有 全市 人心 三峡 商店 上下 上游 市政府 思路 修建 移民 振奋 振兴 之内 直辖市 指挥部 中外 重庆 重庆市 
---- Cluster id #142 ----
Size: 16
波恩 德国 对付 非法 缓慢 警方 科尔 罗马 马克 难民 土耳其 希腊 意 意大利 友协 载 
---- Cluster id #143 ----
Size: 12
电信 利比亚 贸易 欧佩克 其余 全球 石油 手机 桶 委内瑞拉 预计 原油 
---- Cluster id #144 ----
Size: 17
打工 父母 孤儿 故事 寄 老人 磊 身体 同学 退 退休 小 信 学员 一家 照 资助 
---- Cluster id #145 ----
Size: 28
标志 不得 地下 典型 电力 发电 个人 距离 跨越 扩建 内 器材 桥梁 任何 设施 生长 施工 损害 所在 条例 物品 线路 新建 延伸 一般 移动 应 作业 
---- Cluster id #146 ----
Size: 25
北 吹 大气 厄尔尼诺 海洋 机动车 加重 假冒伪劣 交通 暖 热带 上空 事故 司机 太平洋 西 现场 现象 响应 辛勤 预测 造成 真相 种子 撞 
---- Cluster id #147 ----
Size: 90
保健 倍 拨 拨款 不懈 藏 册 场所 出版 处于 传 纯收入 达 当地 得出 佛教 公民 共有 固定 汉 好评 基建 继 家庭 价 监狱 建成 交付 教 今 近年来 经 境内 旧 课题 拉萨 累计 历时 列为 流行 论 免费 民间 年代 年均 平方米 平均 瓶 权利 全国性 全区 人均 设有 省市 使用 世 首要 所 特殊 同一 卫生 西藏 习惯 现有 享有 信仰 修复 学术 严寒 医疗 遗产 以来 议论 影片 拥有 原始 遭受 占有 整理 政 证实 支援 中央政府 状况 自治区 自主 宗教 罪犯 尊重 座 
---- Cluster id #148 ----
Size: 38
报告 暴露 别国 承认 持 干涉 攻击 公认 公约 好处 家属 抗议 冷战 例如 每周 美国 男女 其它 侵犯 侵略 人权 事实 事实上 所谓 统计 外国人 限制 相同 消耗 宣言 研究会 预期 珍惜 执政 指责 中期 周刊 自由 
---- Cluster id #149 ----
Size: 27
采用 持续 地球 度 多利 毫米 和谐 间 科学家 可 克隆 良性 满足 难得 内涵 气候 人类 生态 生物 太阳 细胞 协调 循环 羊 月球 诸 自然 
---- Cluster id #150 ----
Size: 17
白酒 包含 查获 甲醇 假 酒 局 山西 山西省 收回 售 死亡 销售 制 中毒 抓获 总书记 
---- Cluster id #151 ----
Size: 10
分配 股 派 配 披露 税 送 增 指标 转 
---- Cluster id #152 ----
Size: 16
博物馆 档案 公众 还 鲁迅 齐全 失 收藏 喜悦 兴趣 忧虑 邮票 展 展出 展览 展示 
---- Cluster id #153 ----
Size: 34
边境 传递 磋商 等待 对抗 反应 感 高级 回忆 会晤 柬埔寨 见面 来自 临近 罗马尼亚 敏感 莫斯科 日期 实质 使馆 司长 苏 苏联 谈 谈话 同意 外长 新任 愿意 越 越南 障碍 正常化 着手 
---- Cluster id #154 ----
Size: 26
变 带领 丢 短 工 龚 家具 阶层 靠 累 流动 路子 怕 启示 气 全村 身份 通 投 物 修 依旧 易 咱 致富 总产值 
---- Cluster id #155 ----
Size: 13
出国 俱乐部 来华 留学 留学生 旅游 旅游业 人次 商务 探亲 吸引 游客 足球 
---- Cluster id #156 ----
Size: 16
丹麦 抵达 国务 鸡 联邦 连锁 论坛 年会 日内瓦 瑞士 世贸 外经贸部 西班牙 新华 驻 岚清 
---- Cluster id #157 ----
Size: 18
爱好者 奥地利 尝试 大厅 饭店 歌剧 隔 古老 精美 据说 乐团 年轻人 农历 全世界 声 维也纳 音乐 音乐会 
---- Cluster id #158 ----
Size: 17
爱尔兰 北爱 播出 布莱尔 改编 高速公路 公路 画 南北 拍 水浒传 岁月 显得 兴建 性格 中国画 忠实 
---- Cluster id #159 ----
Size: 21
败 本轮 场 夺冠 负 河南 江苏 居 联赛 轮 男排 女排 排球 强劲 胜 四川 位置 战 浙江 支 主场 
---- Cluster id #160 ----
Size: 14
保留 供 勘查 领取 年度 平方公里 探矿权 天然气 停止 投入 延长 延续 转让 最低 
---- Cluster id #161 ----
Size: 15
澳 澳门 颁布 颁奖 比较 丛书 电台 过渡 基本法 交接 竞赛 平稳 区 书籍 听众 
---- Cluster id #162 ----
Size: 10
公务员 领会 普通话 书法 文字 相声 幽默 语言 中文 字 
---- Cluster id #163 ----
Size: 39
爱 伯伯 采访 此事 房子 幅 父亲 国王 怀念 坏 讲述 缅怀 面前 难忘 女儿 拍摄 平凡 铺 亲属 情 去世 热爱 人格 丧失 身上 深切 深情 生日 思念 伟人 心中 眼睛 印象 永恒 照片 政治家 之际 子女 魅力 
---- Cluster id #164 ----
Size: 29
薄弱 毕业生 初中 电脑 该校 高中 国家教委 孩子 获奖 教学 考试 课 课程 课堂 老师 年级 普通 上学 少年 升 小学 新加坡 学生 学校 一等奖 招生 制作 中等 中小学生 
---- Cluster id #165 ----
Size: 20
比如 变为 博览会 部分 超越 初级阶段 处在 发达 服装 纲领 共产主义 国情 合格 阶段 气息 设计师 失误 无限 哲学 种种 
