---- Cluster id #1 ----
Size: 26
长期 大家庭 地区 锻炼 对方 各 各族 光辉 国际象棋 加速 结成 民族 凝聚力 平等 迫切 区域 融合 少数民族 适合 团结 中华民族 中西部 自愿 自治 自治县 自治州 
---- Cluster id #2 ----
Size: 15
奥委会 奥运会 博览会 传播 大赛 大众 健身 媒介 媒体 宁 赛事 体委 体育 用品 与会者 
---- Cluster id #3 ----
Size: 33
查 长期以来 厂 厂长 串 此案 工厂 功 罕见 辉煌 佳 家人 金钱 巨额 劳动模范 漏洞 农场 妻子 荣誉 设 时健 受贿 外 销 心态 烟 样子 云南 账 赚 追 总裁 褚 
---- Cluster id #4 ----
Size: 42
不错 不怕 大学生 多少 返回 谷 过来 过去 合影 季节 兰州 楼房 棉花 目光 农家 农科院 片 拼搏 葡萄 前来 上来 双手 天地 位于 乌鲁木齐 响 新疆 匈牙利 选拔 阳光 一行 迎 迎接 犹如 油 誉为 远 摘 招 震 主人 坐 
---- Cluster id #5 ----
Size: 39
爆发 朝鲜 持久 到达 独立自主 夺取 封锁 国防 海军 红军 后勤 进攻 经济基础 军队 军事 军委 抗日战争 空军 临时 篇 迫使 全军 人民军队 生涯 时期 文选 武装 消极 协助 占领 战斗 战术 战役 战争 争取 指挥 主观 总政治部 作战 
---- Cluster id #6 ----
Size: 24
摆脱 帮扶 残疾人 地理 对口 扶 扶贫 富裕 攻坚 户 江西省 立足 贫困 贫困户 贫困县 贫穷 生机 受益 特困 特困户 脱贫 温饱 消除 自力更生 
---- Cluster id #7 ----
Size: 22
北 吹 大气 地球 东 度 厄尔尼诺 附近 海洋 毫米 命名 暖 气候 气象 全球 热带 上空 太平洋 太阳 西 现象 响应 
---- Cluster id #8 ----
Size: 11
股 含量 净 克 派 配 披露 税 送 增 转 
---- Cluster id #9 ----
Size: 13
国防部 解放军 军 连 旅 奶奶 社 师 司令员 铁路局 团 政治部 中央军委 
---- Cluster id #10 ----
Size: 16
菜 吃 倒 顿 饭 公园 故事 官 门口 描绘 跑 汽车 啥 随意 碗 游人 
---- Cluster id #11 ----
Size: 16
表 从事 从业 耕地 结果 快速 年龄 人数 人员 台 西部 占地 中部 种子 总量 总数 
---- Cluster id #12 ----
Size: 21
爱护 导弹 懂得 改造 干涉 感人 工人阶级 估计 鼓舞 回去 看待 另外 倾向 视为 水库 学会 赞成 真诚 知识分子 中间 资产阶级 
---- Cluster id #13 ----
Size: 54
办事 薄弱 保障 措施 地方 发生 法规 法制 法治 方略 防止 赋予 各级 各类 各位 规范 规章制度 狠抓 环节 及时 加强 监督 健全 接待 解释 开展 力气 配合 破坏 权力 权威 认真 市场经济 突出 完善 违法 维护 效果 行使 行为 行政 严重 整体 整治 职责 执法 制度 制约 秩序 治 治安 治国 专项 综合治理 
---- Cluster id #14 ----
Size: 140
啊 吧 帮 编者 别人 病 不好 不行 不知 出 出来 错 大家 大门 带 当 到 得 等 掉 东西 翻 夫妇 干 感到 感情 感受 敢 高兴 告别 告诉 给 过 过年 画 话 还有 回 回到 回来 会 活 激动 寄 记得 家里 见 叫 尽 觉得 开会 看 看看 来到 老人 里 了 令 流 吗 买 忙 没 没有 每个 名字 拿 哪 那么 那时 那天 那样 难得 呢 你 你们 您 朋友 前 情景 请 去 让 人 日子 如 如此 散 时 时候 什么 事 收 手 说 送礼 岁 他们 谈 提到 天 听到 听说 同学 突然 玩 完 忘 位 文章 我 下来 想 想到 想起 笑 些 心 心里 心情 眼 一家 一起 依然 遗憾 有人 在 怎么 扎 站 丈夫 找 这样 知道 之后 之中 住 自己 最后 做 
---- Cluster id #15 ----
Size: 51
Ａ 伴随 包袱 变动 表面 成本 出去 出于 传递 代价 等于 多元化 放弃 概念 功能 规模 合并 合资 机会 集团 见解 节省 看来 可能 扩展 扩张 浪潮 例如 垄断 纽带 全新 失败 收益 同类 无法 限度 限制 销售额 行列 业务 盈利 运转 政府部门 值得 指明 制作 种 专业化 总部 组合 做法 
---- Cluster id #16 ----
Size: 17
吃饭 答应 大姐 代表团 对付 夫妻 跟 跟着 人家 荣 上班 深受 声音 踢 毅仁 赢 着 
---- Cluster id #17 ----
Size: 24
北方 草 草地 春运 当中 该县 攻关 湖北 江西 亩 南方 农业部 人均收入 认可 神 试验 售票 踏 细 兴奋 畜 畜牧业 养 增收 
---- Cluster id #18 ----
Size: 22
巴金 比重 单位 法人 分布 服务业 公报 共计 划分 居委会 开业 批发 普查 如下 社区 数 数据 数量 统计局 吸纳 以外 营业 
---- Cluster id #19 ----
Size: 32
班子 编者按 财务 村 村干部 村里 村民 村委会 村务公开 大事 该厂 干群 公开 河北 后面 怀疑 基层 困扰 乱 满意 明白 农村 盼 前面 确实 任职 上访 说法 推行 县里 乡村 这项 
---- Cluster id #20 ----
Size: 17
典型 定 对待 发掘 高尚 个别 功夫 门 模范 墙 推广 系统工程 先进 宣传 涌现 针对性 抓 
---- Cluster id #21 ----
Size: 19
保存 层 常州 大道 当做 风景 国民 河 冷战 浓郁 品位 气 气息 热线 书画 文化 下功夫 研究会 营造 
---- Cluster id #22 ----
Size: 30
本地 长工 储量 创办 大庆 地质 典礼 发现 供应 光彩 光荣 何 艰苦 精力 勘探 利比亚 欧佩克 品质 平原 区 深感 石油 委内瑞拉 献身 油气 油田 原油 院校 找到 装备 
---- Cluster id #23 ----
Size: 17
保 春耕 促 丰收 干旱 化肥 抗旱 苗 南极 秋 热潮 省政府 石家庄 水源 掀起 小麦 遭受 
---- Cluster id #24 ----
Size: 23
城区 出租车 创建 档次 岗 激励 街 街头 精神文明 扣 礼貌 南宁 南宁市 群众性 人人 市民 双拥 桶 文明 新风 新人 修养 有待 
---- Cluster id #25 ----
Size: 18
歹徒 刀 喊 记 刻苦 连队 脸上 玲 幕 评为 青春 邱 她 掏 围 洗 鲜花 英雄 
---- Cluster id #26 ----
Size: 145
白 毕 波 藏族 曹 朝鲜族 陈 程 川 崔 戴 单 丁 董 杜 范 方 费 冯 傅 刚 高 葛 龚 古 顾 关 贵 郭 韩 贺 洪 侯 胡 华 华夏 黄 回族 霍 吉 季 贾 健 姜 蒋 杰 解 金 晋 菊 俊 康 孔 兰 李 力 梁 亮 廖 林 刘 柳 卢 鲁 陆 吕 罗 马 满族 梅 蒙古族 孟 苗族 敏 明 名 莫 聂 牛 女 潘 平 秦 曲 全有 群 邵 申 沈 施 史 舒 松 宋 孙 谭 唐 涛 陶 田 土家族 万 万年 汪 王 韦 维吾尔族 伟 魏 温 文 闻 吴 武 夏 向 肖 谢 熊 徐 许 薛 严 阎 杨 扬 姚 叶 毅 尹 勇 游 于 余 俞 袁 曾 张 赵 郑 钟 朱 祝 壮族 邹 
---- Cluster id #27 ----
Size: 20
变 处 灌溉 家具 建 节水 立方米 龙头 农民 拍卖 全县 山区 谁 水利 水资源 头 小型 兴建 原有 咱 
---- Cluster id #28 ----
Size: 20
安徽 安徽省 陈旧 电价 费用 高低 供电 管 降 交 郊区 每 农户 农科教 全省 市 县 乡 镇 整顿 
---- Cluster id #29 ----
Size: 34
云 保护 避孕 持续 出生 达标 动手 防治 高峰 各地 关闭 淮河 环保 环保局 环境 计划生育 接 紧 可 良性 流域 排放 清洁 人口 生态 算 污染 下决心 消耗 循环 治理 诸 抓紧 自然 
---- Cluster id #30 ----
Size: 30
安排 编制 财力 财税 财政 采购 呈现 得益 低于 抵 关税 减免 减少 节 弥补 其中 确保 适度从紧 收入 收支 税收 完成 相应 预期 元 增幅 征收 支出 之外 转移 
---- Cluster id #31 ----
Size: 42
不满 不懈 步骤 潮流 大陆 大业 当局 对此 分离 分裂 共同 关系 海内外 海峡 和平 回应 交流 两岸 领土 民众 企图 商谈 深远 势力 台湾 谈判 同胞 统一 推动 完整 往来 希望 现状 心愿 一国两制 愿望 赞同 主权 主张 状态 祖国 阻碍 
---- Cluster id #32 ----
Size: 43
报纸 不见 不惜 灿烂 厂家 打下 道 道理 端 放心 钢琴 国企 寒风 后者 借 堪称 颗 口 拉开 来临 蓝 利润 南北 难免 捧 漂亮 剩下 世人 说话 天空 同事 同行 童 喜 先生 想法 爷爷 艺术品 展现 志成 珠江 总经理 帷幕 
---- Cluster id #33 ----
Size: 16
产业化 成果 到底 集装箱 检测 经费 科研 论文 满足 清华 缺少 系统 学校 验收 转化 转换 
---- Cluster id #34 ----
Size: 26
杯 背景 本身 侧面 超出 单纯 对立 规律 喝 忽视 讲究 角色 具 里面 论述 内在 啤酒 生命力 使得 书法 双重 腿 文艺 屋 真实 自觉 
---- Cluster id #35 ----
Size: 47
本届 比赛 冰球 长野 成绩 出色 打破 冬奥会 动作 夺 夺得 分 冠军 滑 滑雪 获得 加拿大 角逐 金牌 锦标赛 决赛 枚 米 秒 名将 名列 男子 难度 女子 挪威 乒乓球 破 赛 赛场 上届 世界杯 世界纪录 速滑 跳 选手 亚军 银 游泳 运动员 中国队 妍 缪 
---- Cluster id #36 ----
Size: 19
城市 雕塑 风格 该市 公共 公众 和谐 聚集 空间 类似 美术 模式 哪个 内涵 铺 市中心 喜爱 主题 装 
---- Cluster id #37 ----
Size: 20
步入 车辆 承担 高速公路 公路 机动车 加重 交通 认定 伤 事故 司机 提醒 停车 现场 行人 责任 真相 撞 自行车 
---- Cluster id #38 ----
Size: 9
班 夫人 孤儿 姑娘 民兵 亲人 热心 她们 献 
---- Cluster id #39 ----
Size: 53
榜样 宝贵 崇高 初期 此后 诞辰 诞生 典范 度过 恩来 公仆 公认 官僚主义 后果 极端 急 杰出 境界 苦 老一辈 离开 历程 领导人 留下 罗马尼亚 缅怀 哪里 那种 难忘 内外 内心 品格 前后 全世界 身 身边 投身 伟人 文化大革命 牺牲 细致 想象 心血 页 业绩 一生 颖超 忧 直到 周 周年 走过 崛起 
---- Cluster id #40 ----
Size: 26
储蓄 贷款 等级 对象 发放 分行 风险 该行 工具 货币 结算 客户 来源 卢布 卢森堡 商业 投放 现金 信贷 信用 行长 银行 银行业 这家 政策性 资金 
---- Cluster id #41 ----
Size: 14
该书 改制 股份制 驾驭 轿车 经济效益 效应 优 运营 运作 载体 增值 资本 资本主义 
---- Cluster id #42 ----
Size: 7
出国 检察长 批准 人次 任命 商务 探亲 
---- Cluster id #43 ----
Size: 25
报 冰箱 称 地震 防震 负责 构成 监测 减灾 紧急 救济 科龙 论证 其他 人民政府 丧失 伤亡 县级 有关 预报 预测 灾害 造成 章 指 
---- Cluster id #44 ----
Size: 13
编 纲要 高潮 高度 领会 难民 人才 人事 人事部 脱颖而出 意 意大利 友协 
---- Cluster id #45 ----
Size: 57
表现 差异 沉重 创作 带有 独特 读者 多样化 反响 风情 富有 古典 话题 获奖 角度 揭示 节奏 可喜 描写 某种 批评 桥 情感 圈 缺乏 群体 热闹 散文 少儿 深 审美 失去 诗 诗歌 诗人 视野 试图 收获 思 思维 题材 文学 现实 现实主义 小说 写 写作 欣赏 严谨 艺术 影视 知 专栏 尊严 作家 作品 作者 
---- Cluster id #46 ----
Size: 12
仓库 处罚 封 工商 工商局 商标 尚 少年 属 他人 中科院 注册 
---- Cluster id #47 ----
Size: 17
奔 车站 大桥 公里 贵州 火车 开发区 昆 老区 南 施工 隧道 铁道部 铁路 拖 沿线 运 
---- Cluster id #48 ----
Size: 11
巴基斯坦 妇联 妇女 画家 男女 女性 突尼斯 谢里夫 运河 致以 中国画 
---- Cluster id #49 ----
Size: 136
Ｄ 办公室 办公厅 北京 北京大学 北京市 毕业 博士 部长 参加 常委 常务委员 车间 成都 成员 冲击 出任 大学 代理 党委 党校 党组 地委 东北 董事长 队长 分局 福建 福建省 副 干事 高中 工程师 工商联 工业部 工作组 共青团 顾问 广东 广东省 广州 国务委员 哈尔滨 汉族 黑龙江 黑龙江省 湖北省 湖南 化学 会长 获 吉林 吉林省 计委 加入 兼 教授 届 经理 局长 军分区 科长 科学院 联合会 辽宁 辽宁省 秘书 秘书长 民革 名誉 男 其间 清华大学 全国 任 日内瓦 山东 上海 上海市 沈阳 生 省 省长 省委 市长 市委 首席 受 书记 书记处 数学 水利部 所长 天津 天津市 外事 委员长 系 厦门 县委 校长 协会 学位 学习 学院 研究生 研究室 研究所 研究员 研究院 业余 议员 院 院长 院士 政法 政委 政治局 职 中共 中共中央 中华 中学 中央 中央委员 主编 主任 主任委员 主席 助理 住院 专业 总工会 总会 组长 组织部 
---- Cluster id #50 ----
Size: 32
编写 财经 代 高等 高考 国家教委 基金会 教材 教师 教学 教育 考试 课 课程 课堂 老师 面向 年级 培养 普及 师生 什么样 素质 西南 戏曲 小学 型 学生 战线 招生 中等 中小学 
---- Cluster id #51 ----
Size: 16
表彰 长沙 称号 技能 监控 奖励 交警 评选 市区 授予 挑选 违章 一流 右 支队 中小学生 
---- Cluster id #52 ----
Size: 12
呈 房地产 分类 缓慢 回升 竣工 开工 面积 商品房 下降 相比 销售 
---- Cluster id #53 ----
Size: 21
册 场地 出版 出版社 党建 灯 读 读书 服务队 精美 经典 鲁迅 鸣 日记 视 书 书店 书籍 图书 图书馆 宣言 
---- Cluster id #54 ----
Size: 44
被动 财富 操作 成长 创新 到来 动力 发达国家 发明 发展中国家 分为 风气 改变 赶 获取 机器 积累 即 进步 科技 科技界 科教兴国 科学技术 劳动者 论断 面临 蓬勃 前沿 求 取决于 全球化 人类 人力 世纪之交 挑战 显示 兴起 战略 知识 知识经济 之上 智力 注入 走向 
---- Cluster id #55 ----
Size: 14
白宫 赤字 国会 花钱 加 加元 开支 联邦 民主党 税务 削减 新增 盈余 预算 
---- Cluster id #56 ----
Size: 13
巴西 东北部 风光 风貌 教堂 景观 景象 旅游 旅游业 沙漠 水准 私人 游客 
---- Cluster id #57 ----
Size: 49
必然 参考 参政议政 出访 代表性 调研 对外 儿女 反映 服从 稿 各界 广阔 规范化 好评 宏伟 活跃 机关干部 加深 建议 交往 举办 开拓 履行 论坛 迈 侨胞 渠道 人士 团体 围绕 委员 向前 协商 选平 邀请 应邀 圆满 增进 展望 章程 政协 职能 制订 制度化 主动 专题 姿态 组 
---- Cluster id #58 ----
Size: 37
安置 帮助 报名 出路 创业 第三产业 分流 服务 富余 岗位 个体 工会 柜台 互助 货 介绍 就业 块 劳动力 门路 女工 青年 上岗 失业 私营 司 退休 网球 下岗 新兴 兴办 征文 职工 职业 志愿 志愿者 中心 
---- Cluster id #59 ----
Size: 37
长 打开 邓 丢 对抗 反应 访华 感 高级 果断 恢复 回忆 汇报 柬埔寨 见面 经受 牢记 离 年代 日期 实质 使馆 事情 苏 苏联 谈话 同志 小平 新任 愿意 越 越南 扎扎实实 障碍 正常化 着手 左 
---- Cluster id #60 ----
Size: 31
笔 边 便宜 产值 倡议 超 闯 倒闭 短短 国家级 怀 家乡 军人 军营 看好 利税 企业家 欠 上任 生意 盛 脱 望 小伙子 新年伊始 意味着 跃 云龙 这时 证书 最佳 
---- Cluster id #61 ----
Size: 21
发出 风 感觉 古老 光明 寒冷 火 家中 渴望 冷 美丽 那 那个 那些 生命 守 特有 添 温暖 喜欢 怎样 
---- Cluster id #62 ----
Size: 7
爱尔兰 兵 红十字会 拟 通报 推荐 中南海 
---- Cluster id #63 ----
Size: 40
茶话会 阐述 出席 打假 地 调查 发表 赴 甘肃 古巴 华清 讲话 锦涛 举行 看望 考察 列入 率 民工 强有力 瑞典 瑞环 瑞士 商 讨论 题 希腊 新鲜 研讨 研讨会 演讲 议题 迎春 与会 智利 驻地 作 座谈 座谈会 F基 
---- Cluster id #64 ----
Size: 23
唱 待 岛 歌 歌声 湖 快乐 临 闹 入 山 升 首 水 似 汤 天下 填 透 县城 优美 鱼 照 
---- Cluster id #65 ----
Size: 2
环 三角洲 
---- Cluster id #66 ----
Size: 24
澳门 百富勤 颁奖 长官 丛书 繁荣 港 港元 官员 过渡 回归 基本法 鸡 建华 交接 来自 两地 美好 内地 社长 司长 特区 香港 驻 
---- Cluster id #67 ----
Size: 81
半岛 北约 贝宁 本报 彼此 边境 波罗的海 大臣 大国 大使 抵达 定期 独联体 多极化 俄 俄罗斯 访 访问 高层 各国 各自 国 哈 荷 荷兰 合作 互访 互利 欢迎 会晤 伙伴 建设性 交换 经贸 看法 扩 琳 莫桑比克 莫斯科 谋求 陪同 鹏 频繁 期待 签署 签字 切尔诺梅尔金 渗透 首脑 首相 双边 双方 探讨 条约 外交部 外经贸部 为期 乌 乌克兰 西方 西欧 宪章 相互 相信 协定 协作 新华 信任 叶利钦 一体化 仪式 有着 友好 友谊 元首 愿 赞赏 正式 中亚 驻华 卓有成效 
---- Cluster id #68 ----
Size: 29
边界 初步 大 大小 动态 公司 衡量 集团公司 家 简单 进入 跨 宽 亏损 联合 连续 排 排名 评 其 强 实力 世界 通用 下属 相当 一样 杂志 真正 
---- Cluster id #69 ----
Size: 27
爱 伯伯 不顾 采访 此事 大街 房子 怀念 坏 讲述 灵魂 偶然 平凡 亲属 情 去世 热爱 人格 身上 深情 题词 眼睛 意外 永恒 政治家 最终 魅力 
---- Cluster id #70 ----
Size: 7
版 登 该校 海口 海南 天安门 周刊 
---- Cluster id #71 ----
Size: 21
保卫 长远 大局 担负 道德 价值 价值观 局部 理想 利 利益 全局 群众 事物 武警 训练 一把手 意识 忠诚 主体 自我 
---- Cluster id #72 ----
Size: 51
办理 保值 财政部 撤销 持有 答 大户 到期 兑付 发行 方便 付 公布 购买 股东 股票 挂牌 国债 回报 基金 计 计算 简称 交易 交易所 开设 利息 联网 买卖 满 哪些 年利率 凭证式 期 区别 上市 申报 深圳 事宜 提前 提问 投资 投资者 网点 问 营业部 债券 账户 证监会 证券 指定 
---- Cluster id #73 ----
Size: 14
澳 澳大利亚 保险 迟 传销 德国 国防部长 浩田 老年人 马克 陌生 上将 推销 养老 
---- Cluster id #74 ----
Size: 71
变成 表达 别的 别国 不可 创立 创造性 道路 邓小平理论 地域 定位 飞跃 否定 概括 共产党 共产党人 共识 观察 还要 回答 集体 继承 建国 讲 阶级 经历 救 卷 科学 口号 理论 历史 历史性 领袖 马克思主义 毛泽东思想 面 命运 某些 评价 旗帜 前途 全党 确立 确认 人物 三中全会 时代 实践 逝世 它 特征 唯一 为什么 文献 系列 鲜明 相同 以后 以前 勇气 有助于 原理 造就 哲学 这个 正是 郑重 中国 中山 著作 
---- Cluster id #75 ----
Size: 21
报警 成熟 大队 罚 房间 公安局 接到 老百姓 楼 民警 女士 派出所 手机 武汉市 小事 信访 巡警 义务 议论 赞助 值 
---- Cluster id #76 ----
Size: 19
ＶＣＤ 歌剧 个性 观看 轰动 虎踞 话剧 降价 南京 前线 上演 替代 舞剧 戏 戏剧 学员 演出 赞扬 钟山 
---- Cluster id #77 ----
Size: 12
被告 比较 份 广告 刊登 看出 科普 栏目 期刊 同一 统计 指标 
---- Cluster id #78 ----
Size: 7
大海 大树 记忆 面前 平安 迁 痛苦 
---- Cluster id #79 ----
Size: 14
白酒 包含 获悉 甲醇 假 酒 局 山西 山西省 售 死亡 制 中毒 抓获 
---- Cluster id #80 ----
Size: 76
保持 变化 不足 布局 产量 超过 城镇 出现 调控 调整 防范 放开 放松 供给 国民经济 国内 宏观 化解 缓解 计划 加大 监管 减轻 健康 阶层 节约 结构 锦华 经济 经济社会 经济学 境外 居民 快 扩大 粮食 零售 流动 流通 明显 农产品 膨胀 平衡 平稳 全年 融资 生产总值 失业率 势头 适当 适度 适时 试点 收购 水平 速度 态势 通货膨胀率 同时 投向 稳 稳中求进 项目 消费品 效益 需求 压力 因素 引起 增长 增长点 增长率 增加 债务 支撑 总额 
---- Cluster id #81 ----
Size: 18
导演 电影 发言 幅 父亲 关根 奖 女儿 拍 拍摄 思念 心中 寻找 印象 影片 照片 珍惜 子女 
---- Cluster id #82 ----
Size: 33
办公 不便 差距 长江 都市 广场 机遇 交给 库区 民心 民营 难题 凝聚 起步 企业界 前所未有 全市 人心 三峡 上游 市政府 思路 吸引 修建 移民 振奋 之内 直辖市 指挥部 中外 重庆 重庆市 主 
---- Cluster id #83 ----
Size: 31
闭幕 表决 布赫 草案 次 大会 光亚 光英 贵鲜 国权 号召 会议 鲁丽 名单 乔 全体 人选 日程 摄 石 提名 提请 铁木尔・达瓦买提 通过 伟长 议程 酝酿 兆国 正英 主席团 孚凌 
---- Cluster id #84 ----
Size: 22
百分点 筹资 存 存款 法定 幅度 高于 挂钩 机构 降低 理顺 利率 利于 名义 下调 现行 一般 用于 有利于 这次 准备金 准备金率 
---- Cluster id #85 ----
Size: 24
办学 抱 弊端 变革 部分 部委 成人 封闭 高等教育 高校 共建 互补 浪费 趋势 人文 设置 所属 套 体制 学科 眼光 重复 转向 岚清 
---- Cluster id #86 ----
Size: 13
春风 感谢 井 脸 煤矿 停产 托 辛苦 辛勤 新村 信 隐患 总书记 
---- Cluster id #87 ----
Size: 12
福州 杭州 经济林 经贸委 欧洲 培训 融入 团中央 外来 务工青年 校 依托 
---- Cluster id #88 ----
Size: 33
穿 春云 大雪 第一线 家园 救援 救灾 抗 抗灾 抗震救灾 肯 连日来 粮 牧民 那曲 难关 派出 缺 烧 手中 受灾 特大 慰问 物资 兄弟 雪灾 衣服 灾 灾民 灾情 灾区 重建 自救 
---- Cluster id #89 ----
Size: 18
保健 管理局 科 农垦 卫生 卫生部 血 药 药品 药物 医疗 医生 医学 医药 治疗 中药 中医 中医药 
---- Cluster id #90 ----
Size: 16
波恩 冲突 对话 分子 官方 呼吁 警察 局势 科索沃 恐怖 理事会 联络 南斯拉夫 内政 声明 新闻界 
---- Cluster id #91 ----
Size: 12
村庄 该 海 激情 落 飘 平静 深处 岁月 微笑 喜悦 雪 
---- Cluster id #92 ----
Size: 26
锭 纺织 付出 工业 攻坚战 过度 济南 解困 举措 离退休 落后 其它 契机 抢 敲 生产能力 淘汰 突破口 退出 武汉 陷入 压 压锭 压缩 沿海 重组 
---- Cluster id #93 ----
Size: 70
安装 本领 本人 表率 不正之风 不准 查处 出台 处分 党风 党性 党员 党政 党政机关 斗争 遏制 反 反腐倡廉 腐败 干部 公款 会计 机 集资 纪检 纪律 纪委 监察 坚决 艰苦奋斗 健行 考验 礼品 廉洁自律 廉政 落实 蔓延 配备 评议 强化 清理 庆典 全会 奢侈浪费 审计 实体 土壤 外地 违反 违规 违纪 尉 严格 严禁 一级 有序 预防 源头 责任制 赠送 制止 抓好 追究 准则 着重 自 自觉性 钻研 遵守 作风 
---- Cluster id #94 ----
Size: 18
公顷 国土 汗水 棵 绿 绿化 绿色 青少年 庆林 全民 首都 树 武术 西北 栽 造福 造林 植树 
---- Cluster id #95 ----
Size: 21
白色 长足 对策 更新 能源 人工 深度 生物 食品 水稻 饲料 塑造 太空 拓展 迅猛 养殖 引人注目 应用 营养 栽培 植物 
---- Cluster id #96 ----
Size: 15
表演 大连 大师 革新 换 坚实 京剧 剧目 论 迈向 苏丹 文化部 形 振兴 阵地 
---- Cluster id #97 ----
Size: 16
大会堂 当选 两会 票 全场 热烈 收回 投票 响起 心声 宣布 选出 选票 掌声 主持人 庄严 
---- Cluster id #98 ----
Size: 98
安定 邦国 备忘录 本次 必要 步伐 城乡 承受 充足 促进 达到 带来 导向 得到 对外开放 发展 分开 扶持 负担 改革 改善 高产 高新技术 搞好 格局 根本性 鼓励 观念 国际 国内外 合理 混乱 活力 基本建设 基础 积极 积极性 急需 计划经济 继续 家华 加快 坚定不移 减员增效 进展 精简 利用 力度 力争 连锁 良好 领域 迈出 盲目 纳入 农副产品 农田 农业 庞大 浦东 前景 潜力 倾斜 取得 全 社会 社会化 深化 生活 收成 缩小 台阶 提高 条件 铁映 投入 突破 推进 妥善 拓宽 稳定 稳妥 物质 显著 因地制宜 引导 有利 预定 增产 增强 增添 政府 支持 重点 转变 着力 综合国力 总体 
---- Cluster id #99 ----
Size: 10
班长 参赛 歌曲 汉语 竞赛 生日 听众 休息 彝族 战士 
---- Cluster id #100 ----
Size: 13
彩电 电信 份额 国产 华为 家电 年轻人 品牌 软件 投诉 研制 营销 知名 
---- Cluster id #101 ----
Size: 8
毕业生 电脑 构想 具备 临近 普通 思考 新加坡 
---- Cluster id #102 ----
Size: 14
产品 抽查 创 合格 激烈 名牌 欧 欧盟 牌 兴 亚 用户 优质 质量 
---- Cluster id #103 ----
Size: 57
颁发 办法 保留 本 部门 采矿 采矿权 出资 登记 发布 罚款 范围 供 公告 管理 国务院 会同 减 缴纳 开采 勘查 矿产 领取 没收 免 名称 年度 平方公里 评估 起 签订 情节 权限 日 申请 审批 手续 探矿权 特定 提交 天然气 条 停止 限期 许可证 延续 予以 原 暂行 责令 招标 主管 转让 资格 资料 资源 最低 
---- Cluster id #104 ----
Size: 7
柏林 工地 来华 乐 留学 留学生 齐 
---- Cluster id #105 ----
Size: 42
案 百姓 办案 暴力 爆炸 不够 查办 打击 毒品 队伍 发票 犯罪 干警 贿赂 机关 检察 禁毒 纠正 举报 判决 培训班 起诉 抢劫 侵犯 轻 上级 上下 涉嫌 审查 受理 思卿 贪污 危害 线索 刑法 刑事 性质 一体 正气 职务 罪 渎职 
---- Cluster id #106 ----
Size: 32
阿拉法特 巴 巴勒斯坦 北爱 布莱尔 撤军 辞职 方案 防伪 分歧 和谈 华盛顿 会谈 进程 抗议 克林顿 库克 黎 黎巴嫩 内阁 内塔尼亚胡 前夕 设想 士兵 西岸 耶路撒冷 以 以色列 印 犹太人 约旦河 中东 
---- Cluster id #107 ----
Size: 26
本质 比如 变为 超越 初级阶段 处在 发达 富 纲领 搞 共产主义 国情 基本 阶段 谋 判断 清楚 清醒 认清 生产力 时刻 忘记 无限 至关重要 种种 准确 
---- Cluster id #108 ----
Size: 82
暴露 倍 拨 拨款 部 藏 场所 处于 传 此前 达 当地 得出 儿童 佛教 攻击 公民 共有 汉 好处 基建 继 价 监狱 建成 交付 教 今 近年来 经 境内 旧 刊物 课题 拉萨 累计 列为 流行 每周 免费 民间 年均 平方米 瓶 权利 全国性 全区 人均 人权 设有 省市 使用 世 首要 所 特殊 西藏 习惯 现有 享有 信仰 修复 严寒 拥有 优惠 原始 整理 政 证实 支援 之下 指责 中期 中央政府 助 状况 自由 自治区 自主 罪犯 尊重 座 
---- Cluster id #109 ----
Size: 14
博物馆 待遇 核 核电站 还 齐全 失 投产 外国 外国人 兴趣 忧虑 展 专家 
---- Cluster id #110 ----
Size: 19
词 过硬 海信 呼唤 考核 可贵 可谓 理解 领导班子 领导者 那里 青岛 挖掘 硬 用人 员工 在于 争 自律 
---- Cluster id #111 ----
Size: 11
拆 拆借 长城 大于 担保 堆 固定 毁 遗产 遭到 资 
---- Cluster id #112 ----
Size: 14
长春 大楼 大厦 电器 股份 南昌 商场 商厦 实业 输出 有限 有限公司 郑州 珠海 
---- Cluster id #113 ----
Size: 16
笔者 长途 车 奉献 故居 怀着 火车站 姐妹 拉 辆 牌子 少奇 停 雨 再现 这块 
---- Cluster id #114 ----
Size: 14
北大 蔡 持 句 马克思 入手 甚 提倡 学术 言 也 以为 之 志 
---- Cluster id #115 ----
Size: 24
并非 补 补贴 出售 大中城市 抵押 房 分配 福利 工资 购 角 教职工 例 每月 实物 市场化 享受 消费 小区 需 住房 住宅 租 
---- Cluster id #116 ----
Size: 35
爱国 冰 参观 传达 负责人 告 关怀 间 将军 路 民主党派 浓 批示 迫害 亲 亲切 轻松 摄影 身体 熟悉 听 统一战线 统战 统战部 外出 文革 文件 西安 显得 照顾 召集 知名人士 之际 指示 总理 
---- Cluster id #117 ----
Size: 28
城 承诺 窗口 到位 杜绝 防 购物 顾客 活动 假货 假冒伪劣 联 热水器 商店 商家 商品 上门 实 实实在在 实事 示范 同 退 无 消费者 信誉 引 中宣部 
---- Cluster id #118 ----
Size: 57
Ｂ 层次 产权 存量 大胆 大型 大中型 带动 单一 分散 改组 搞活 股份合作制 国外 国有 邯钢 机制 集体经济 兼并 江苏 经营 竞争 困境 灵活 末 目的 内部 能力 扭亏 盘活 配套 配置 破产 企业 全方位 市场 手段 所有制 外部 乡镇企业 小 效率 行业 选择 迅速 优化 优势 原因 战略性 政企 支柱 中介 中小企业 壮大 追求 资产 组建 
---- Cluster id #119 ----
Size: 21
采用 传输 电视 电视机 电台 发射 覆盖 广播 航天 火箭 接收 节目 屏幕 清晰 睡 网 卫星 下乡 乡镇 信号 星 
---- Cluster id #120 ----
Size: 29
刺激 促使 低 定价 干预 供求 回落 加剧 价格 经营者 买方 徘徊 趋 热 上去 上涨 适用 通货膨胀 通胀 物价 下滑 显然 相反 虚假 抑制 涨幅 正 正常 总 
---- Cluster id #121 ----
Size: 23
报刊 病毒 病人 多媒体 海外 患者 焦点 来信 另 人民日报 上网 实用 通道 推出 网络 网上 消息 写道 一代 因特网 阅读 中文 最新 
---- Cluster id #122 ----
Size: 29
爱国主义 档案 抵御 锋 感染 革命 工作者 弘扬 记录 纪念 纪念馆 建筑 精品 雷 烈士 民政部 某部 抢救 人生 社会效益 事迹 收藏 贴近 统筹 维修 文物 学 展出 展览 
---- Cluster id #123 ----
Size: 50
补充 材料 逮捕 法庭 公安 公安部 管辖 规定 会见 检察院 鉴定 结论 居住 可以 款 理由 立案 列 律师 秘密 聘请 期限 请求 取 权 上述 省级 事实 是否 收到 收集 收取 属于 说明 随 提起 通知 同意 为由 未能 嫌疑人 刑事诉讼法 姓名 修订 延长 应当 在场 侦查 证据 证明 
---- Cluster id #124 ----
Size: 30
阿根廷 尝试 乘 乘客 筹集 等待 东方 短缺 飞 飞机 飞行 管制 航班 航空 航线 机场 架 昆明 蓝天 旅客 每人 民航 签 荣获 小姐 选 涌 折 总局 租赁 
---- Cluster id #125 ----
Size: 23
初中 打 打电话 电话 儿子 分钟 父母 故乡 孩子 贺卡 回家 家长 容易 上面 上学 少 收费 太原 一等奖 诱惑 娱乐 这么 足够 
---- Cluster id #126 ----
Size: 21
爱心 感动 工程 公益 奖金 救助 捐 捐款 捐助 看见 老 美德 母亲 启动 失学 题写 希望工程 现任 幸福 资助 组委会 
---- Cluster id #127 ----
Size: 35
贬值 担心 导致 东南亚 东亚 动荡 恶化 纷纷 风暴 风波 教训 金融 金融业 经常 拉美 乐观 流入 马来西亚 墨 墨西哥 泡沫 人民币 世贸 泰国 投机 外资 吸取 削弱 信心 亚洲 依赖 引发 影响 支付 周边 
---- Cluster id #128 ----
Size: 284
把握 摆 办 包括 保证 报告 标准 表明 不同 步 部署 采取 产生 倡导 彻底 成功 成就 成立 成为 成效 程度 充分 出发 处理 传统 创造 此 存在 党 党中央 得以 奠定 调动 动摇 独立 多 发挥 发扬 繁重 犯 方法 方面 方式 方向 方针 放 放在 分析 奋斗 丰富 符合 富强 附 敢于 高举 个 各个 各项 各种 给予 根本 工作 巩固 贡献 关键 关心 关注 观点 贯彻 广大 广泛 规划 轨道 国家 过程 好 核心 回顾 极大 集中 加以 坚持 坚持不懈 坚强 肩负 艰巨 建立 建设 江 接受 结合 解放思想 紧密 进行 近 精神 精心 经验 警惕 局面 举世瞩目 巨大 具体 具有 决策 决心 开创 开放 开始 开拓进取 看到 考虑 克服 客观 肯定 困难 来 牢固 力量 联系 了解 领导 路线 马列主义 矛盾 密切 面对 民主 明确 目标 内容 能 能够 年 努力 排除 批 普遍 起到 起来 千方百计 前进 前列 前提 强大 强调 强烈 切实 情况 全面 全心全意 确定 人民 任务 认识 如何 上 社会主义 深刻 深入 生动 失误 十四大 十五大 时机 时间 实际 实事求是 实现 实行 使 使命 世纪 事业 是 适应 视察 受到 树立 顺利 思想 所有 探索 特点 特色 提出 提供 体会 体系 体现 图片 推向 脱离 完全 为 伟大 问题 我国 我们 物质文明 吸收 下 下去 现代化 项 小康 协调 新 形成 形式 形势 形象 需要 学者 研究 要 要求 一定 一切 一致 依靠 以来 意见 意义 意愿 意志 应该 应有 赢得 勇于 优良 优秀 有 有的 有力 有所 有效 有些 遇到 原则 运用 责任感 泽民 扎实 崭新 展开 战斗力 召开 者 这 这些 这种 整个 正确 政策 政治 直接 指出 指导 指引 只能 智慧 中 重大 重视 重要 重要性 主要 注意 注重 抓住 准 着眼 自身 总结 走 组成部分 组织 做出 做到 做好 作出 作为 作用 
---- Cluster id #129 ----
Size: 18
传媒 多利 花园 据悉 科特迪瓦 科学家 克隆 立 明星 名人 培育 身份 时尚 实验 实验室 所谓 细胞 羊 
---- Cluster id #130 ----
Size: 17
草原 动物 动物园 防火 黄河 火灾 家宝 据说 青海 森林 生长 它们 温馨 徐州 野生 这里 只 
---- Cluster id #131 ----
Size: 23
差别 成分 承认 非 非公有制 公平 公有制 归 经过 矿 劳动 量 煤 生产资料 事实上 手里 土地 消灭 要素 优先 原来 占有 挣 
---- Cluster id #132 ----
Size: 9
背后 林业 流失 宁夏 庆祝 省区 水土 务实 原材料 
---- Cluster id #133 ----
Size: 16
层层 尝 店 繁华 狗不理 好转 缓 客人 老板 理 门前 师傅 贴 为何 悬挂 真 
---- Cluster id #134 ----
Size: 27
此次 大选 丹麦 党派 东盟 国大党 国王 红色 回国 揭晓 竞选 科尔 可能性 拉那烈 领先 麻烦 人民党 席 席位 相似 选民 印度 阵线 争夺 政党 政局 执政 
---- Cluster id #135 ----
Size: 29
爱好者 拜年 搬 播出 成 电视剧 电视台 改编 歌舞 观众 汉年 集 精彩 镜头 年年 色彩 声 水浒传 晚会 舞蹈 相声 性格 演 演唱 演员 幽默 邮票 这部 忠实 
---- Cluster id #136 ----
Size: 23
朝 对 分工 高速 广 沪 货物 津 京 九 卡 开通 客车 客运 列车 每天 提 图 为主 线 小时 以内 运行 
---- Cluster id #137 ----
Size: 9
测试 公务员 沟通 普通话 书面 文字 校园 语言 字 
---- Cluster id #138 ----
Size: 21
波音 不利 出口 创汇 电子 对外贸易 服装 附加值 机电 进出口 进口 竞争力 贸易 蒙古 其余 设计师 外贸 信息 严峻 增至 至 
---- Cluster id #139 ----
Size: 37
不如 差 炒 纯收入 带领 带头 担 党支部 地处 地上 短 改 工 艰苦创业 靠 累 路子 迈进 面貌 难 能否 农药 怕 启示 穷 全村 抬 通 同样 投 物 县政府 修 依旧 易 致富 总产值 
---- Cluster id #140 ----
Size: 76
包装 玻璃 彩色 插 地位 独资 辐射 港口 高档 高效 工艺 光 含 化工 基因 机械 机组 激光 技术 计算机 加工 检验 精 开发 空中 控股 连接 良种 码头 煤炭 摩托车 年产 农 品种 期货 千瓦 容量 设备 设计 生产 生产线 水电 水果 水泥 天然 通信 同步 铜 外商 相关 新型 性能 仪 仪器 以上 以下 用 邮电 邮政 有机 原料 允许 运输 占 珍贵 纸 致 制品 制造 中方 主导 专利 专用 装置 咨询 综合 
---- Cluster id #141 ----
Size: 19
筹措 船 船舶 订 吨 骨干 建造 接轨 接近 起点 认证 艘 缩短 推 消化 引进 造 周期 总公司 
---- Cluster id #142 ----
Size: 55
案件 颁布 财产 惩处 承包 当事人 递增 调节 懂 法官 法院 犯罪分子 干扰 公约 公正 够 航运 合法 合同 家庭 件 建新 金额 纠纷 可靠 来访 类 类型 每年 民事 宁波 判处 赔偿 平均 权益 人民法院 涉及 审理 审判 数额 司法 诉讼 头脑 委托 严打 严厉 严肃 增大 增多 知识产权 执行 致使 中级 宗旨 最高 
---- Cluster id #143 ----
Size: 56
常委会 常务 程序 惩治 充实 筹备 代表 代表大会 督促 法 法律 改进 规则 国家机关 候选人 换届 季度 纪云 检查 借鉴 决定 框架 立法 力求 每次 难点 起草 热点 人大 人大代表 任期 日常 设立 审议 实施 实效 授权 特别 听取 委员会 宪法 行政区 修改 选举 依据 议案 议会 有益 征求 正当 职权 制定 中华人民共和国 专门 组成 遵循 
---- Cluster id #144 ----
Size: 23
斌 常 段 番 黑 获胜 开幕式 磊 名人战 盘 棋 棋手 取胜 深圳市 通讯 围棋 讯 预赛 遭 战胜 主办 子 昊 
---- Cluster id #145 ----
Size: 31
安全 标志 不得 地面 地下 电力 发电 个人 距离 跨越 扩建 垃圾 内 器材 桥梁 任何 射击 设施 损害 损失 所在 条例 物品 线路 消防 新建 延伸 移动 应 周围 作业 
---- Cluster id #146 ----
Size: 14
虎 激发 疾病 空气 老虎 理性 期望 人们 人群 生存 外面 象征 心理 心灵 
---- Cluster id #147 ----
Size: 9
比例 此举 负债 固定资产 控制 取消 限额 约束 资本金 
---- Cluster id #148 ----
Size: 13
波黑 点 股市 黄金 纪录 伦敦 美军 纽约 上升 时报 收盘 月球 指数 
---- Cluster id #149 ----
Size: 47
八一队 败 本轮 比分 场 队 队员 对手 夺冠 负 攻 国家队 河南 击败 甲Ａ 教练 教练员 居 俱乐部 篮球 联赛 辽宁队 轮 男篮 男排 年轻 女排 排球 强劲 球 球队 球员 弱 赛季 胜 输 四川 厅 万达队 位置 遇 战 浙江 支 主场 主教练 足球 
---- Cluster id #150 ----
Size: 35
安 办事处 薄 不幸 策略 党组织 敌人 底 动员 发动 发起 根据地 共产党员 汇 借助 军民 开办 开辟 抗日 留给 率领 民 耐心 情绪 日报 顽强 维持 雄厚 应付 踊跃 运动 掌握 政权 撰写 子文 
---- Cluster id #151 ----
Size: 98
阿拉伯 阿盟 阿齐兹 埃及 安理会 安南 奥尔布赖特 巴格达 巴黎 报道 避免 编辑 表示 波兰 常任 常驻 成员国 此间 磋商 达成 打算 大规模 地点 电 调解 动武 动用 发布会 发言人 法国 反对 否认 符 各方 关切 国务卿 果 海湾 号 核查 记者 加紧 结束 解除 解决 紧张 谨慎 警告 拒绝 决议 开罗 科恩 理事国 立场 联合国 罗马 美 美国 美联社 敏感 穆巴拉克 普里马科夫 前往 认为 态度 特使 特委会 透露 途径 推迟 外长 外交 外交大臣 威胁 危机 斡旋 武力 武器 希拉克 销毁 小组 协议 新华社 行 行动 寻求 伊 伊拉克 英 英国 招待会 之间 之前 旨在 制裁 诸如 准备 总统府 
---- Cluster id #152 ----
Size: 27
遍 称为 豪华 好像 红 红旗 花 荒山 劲 京城 开 卖 牡丹 旁 塞 神圣 时节 死 献给 香 像 延安 意思 云 载 这儿 正好 
---- Cluster id #153 ----
Size: 8
饭店 哈佛 会场 捐赠 开幕 联欢 隆重 主席台 
---- Cluster id #154 ----
Size: 20
阿 阿尔及利亚 本国 不良 大藏省 大使馆 法案 非洲 回收 建交 南非 其琛 钱 日本 外交部长 问候 债权 职员 祝愿 转达 
---- Cluster id #155 ----
Size: 24
场面 冲 搭 顶 房屋 奋战 赶到 赶来 路上 命令 某 抢险 受伤 送给 危险 夜 医疗队 张北 张家口 帐篷 直升机 只见 子弟兵 总队 
---- Cluster id #156 ----
Size: 59
才能 参与 策划 长征 初 传来 促成 错误 担任 党内 德 抵制 翻译 风采 风范 复杂 革命家 国民党 后 坚定 艰难 接触 解放 久 抗战 留 毛 期间 侵略 青 清除 善于 深厚 深切 胜利 事件 他 我党 我军 无产阶级 伍 显 信念 修权 拥护 勇敢 早 早期 泽东 战场 战友 真理 之一 致力 重任 主持 著名 卓越 总参谋长 
---- Cluster id #157 ----
Size: 33
比索 储备 传真 大中 跌 东京 短期 兑 兑换 菲 菲律宾 国务 韩国 汉城 合 汇率 截至 马尼拉 曼谷 美元 桥本 日元 顺差 苏哈托 外汇 外债 下跌 雅加达 印度尼西亚 印尼 印尼盾 援助 月 
---- Cluster id #158 ----
Size: 27
宾馆 得知 调 感慨 钢铁 工人 后人 家属 交谈 接见 结婚 惊人 敬爱 空前 历时 倾听 铁 晚 详细 询问 呀 冶金 真情 直至 值班 自豪 走访 
---- Cluster id #159 ----
Size: 27
处长 歌舞团 广西 海南省 合肥 河北省 河南省 湖南省 江苏省 剧团 剧院 科教 科委 科协 内蒙古 三下乡 山东省 陕西 陕西省 四川省 团长 县长 宣传部 医院 艺术团 云南省 浙江省 
---- Cluster id #160 ----
Size: 15
包 隔 画面 饺子 空 厘米 妈妈 模拟 弄 取代 全家 数字 图像 西班牙 也门 
---- Cluster id #161 ----
Size: 13
比 比利时 布鲁塞尔 电厂 洪水 华侨 华人 会员 咖啡 年会 社团 问世 中队 
---- Cluster id #162 ----
Size: 13
打工 发 共和国 贺电 劳务 念头 塞拉利昂 维和 西非 伊斯兰 议长 祝贺 总统 
---- Cluster id #163 ----
Size: 36
把 楚政 床 冬 断 根 好事 划 患 挤 建房 脚 进 举 开阔 可观 啦 老伴 龙 冒 爬 彭 清 如同 双 躺 趟 脱贫致富 湘西 乡亲 养猪 逾 阵阵 州 仔细 足 
---- Cluster id #164 ----
Size: 29
奥地利 承办 此时 大厅 动 动人 惠芬 技巧 乐团 联手 练 梦 农历 评论 热情 人间 试 手术 提案 维也纳 舞台 演奏 艺术家 音乐 音乐会 圆 展示 重返 闵 
---- Cluster id #165 ----
Size: 20
北部 北风 大雨 东部 华北 华南 黄淮 级 江淮 江南 街道 冷空气 南部 偏 气温 气象台 天气 小到中雨 移 预计 
---- Cluster id #166 ----
Size: 11
查获 出版物 盗版 非法 光盘 海关 海上 净化 室内 挖 走私 
---- Cluster id #167 ----
Size: 10
产业 氛围 禁止 升级 事务 新闻 舆论 职业道德 重申 宗教 
---- Cluster id #168 ----
Size: 19
冰雪 充满 春 大地 丰富多彩 挂 国旗 欢乐 佳节 节日 气氛 庆 舞 喜庆 祥和 一派 迎来 愉快 祝福 
---- Cluster id #169 ----
Size: 15
呼声 警方 科威特 联盟 谴责 萨达姆 释放 土耳其 为首 袭击 叙利亚 演习 伊朗 约旦 占据 
---- Cluster id #170 ----
Size: 36
背 边防 部队 菜篮子 产 产销 称赞 大棚 恶劣 副食品 盖 高原 公斤 官兵 海拔 基地 艰辛 结 军区 空白 领 们 奇迹 肉 摄氏度 蔬菜 塑料 挑 停留 土 玉米 种植 重 株 猪 驻军 
