---- Cluster id #1 ----
Size: 19
变为 超越 成分 船 船舶 非公有制 公有制 归 接轨 经过 没收 消灭 引进 运河 挣 周期 资本主义 资产阶级 总公司 
---- Cluster id #2 ----
Size: 16
兵 闯 地理 发明 分为 高 高产 鸡 建造 礼品 农场 全场 啥 守 这块 智力 
---- Cluster id #3 ----
Size: 30
搬 策划 传来 抵制 东北 翻译 放弃 风采 风范 开阔 康 可贵 联络 留 侵略 清除 热心 深厚 我党 我军 伍 袭击 修权 勇敢 赞扬 早期 战场 重 重任 总参谋长 
---- Cluster id #4 ----
Size: 21
此举 贷款 担保 发放 符合 负债 固定资产 进出口 具备 控制 来源 取消 商业 限额 相反 信贷 信用 行长 约束 政策性 资本金 
---- Cluster id #5 ----
Size: 16
白酒 包含 工商 工商局 甲醇 假 酒 棉花 山西 山西省 售 死亡 销售 制 中毒 抓获 
---- Cluster id #6 ----
Size: 10
波黑 非洲 过年 好转 美军 塞 塞拉利昂 沙漠 维和 西非 
---- Cluster id #7 ----
Size: 28
北方 草 草地 草原 当中 到来 动物 动物园 该县 攻关 江西 亩 南方 农业部 人均收入 认可 生长 试验 踏 投 细 兴奋 畜 畜牧业 养 野生 这里 只 
---- Cluster id #8 ----
Size: 28
朝 地处 对 发 分工 高速公路 公里 公路 广 沪 货物 津 京 九 卡 客车 客运 列车 每天 南北 其余 山 提 为主 线 小时 以内 运行 
---- Cluster id #9 ----
Size: 20
办学 毕业生 弊端 部委 成人 高等教育 高校 培训 普通 趋势 人文 设置 团中央 外来 务工青年 校 学科 招生 中等 重复 
---- Cluster id #10 ----
Size: 34
北约 本国 倡议 大国 独联体 俄 俄罗斯 访 各国 攻 哈 伙伴 吉 扩 联盟 谋求 欧洲 签署 切尔诺梅尔金 渗透 首脑 它们 条约 乌 乌克兰 西方 协定 演习 叶利钦 一体化 伊斯兰 元首 争夺 中亚 
---- Cluster id #11 ----
Size: 36
保护 持续 出生 达标 动手 恶化 防治 淮河 环保 环保局 环境 黄河 计划生育 接 紧 可 空气 良性 林业 流失 流域 绿化 绿色 排放 清洁 生态 生物 水土 算 污染 下决心 循环 造林 治理 中南海 抓紧 
---- Cluster id #12 ----
Size: 25
答 大户 担 发行 方便 挂牌 回报 基金 简称 交易所 开设 联网 买卖 区别 上市 投资 投资者 违规 问 运作 账户 证监会 证券 只能 资格 
---- Cluster id #13 ----
Size: 14
本领 比例 底 地 个 各地 级 建 街道 农科教 区 市 县 县政府 
---- Cluster id #14 ----
Size: 127
办公室 办公厅 北京 北京大学 北京市 毕业 博士 部长 参加 常委 常务委员 车间 成员 冲击 出任 大学 党委 党校 党组 地委 董事长 分局 福建 福建省 副 干事 工程师 工商联 工业部 工作组 共产党 共青团 顾问 管理局 广东省 国务委员 哈尔滨 汉族 黑龙江 黑龙江省 红旗 湖北省 湖南 华南 化学 会长 获 吉林 吉林省 计委 加入 兼 教授 届 经理 局长 科长 科学院 联合会 辽宁 辽宁省 秘书 秘书长 民革 名誉 男 其间 清华大学 任 日内瓦 山东 上海 上海市 沈阳 生 省 省长 省委 省政府 市长 市委 受 书记 书记处 数学 水利部 所长 天津 天津市 外事 委员长 系 县委 校长 协会 学位 学习 学院 研究生 研究室 研究所 研究员 研究院 业余 议员 院长 院士 政法 政委 政治局 职 中共 中共中央 中华 中学 中央 中央委员 主任 主任委员 主席 助理 住院 专业 总工会 总会 组长 组织部 
---- Cluster id #15 ----
Size: 80
爱 爱护 榜样 宝贵 伯伯 不顾 采访 崇高 促成 诞辰 诞生 典范 懂得 恩来 复杂 高尚 革命家 公仆 后果 怀念 坏 极端 坚定 艰难 接触 杰出 解放 尽 精力 境界 久 老一辈 历程 领导人 留下 那样 那种 难忘 品格 平凡 亲属 青 情 全世界 热爱 人格 善于 身 身边 身上 深情 他 投身 挖掘 伟人 文化大革命 无产阶级 无限 牺牲 细致 想象 心血 心中 信念 业绩 一生 遗产 忧 战友 政治家 之际 之一 直到 中间 忠实 周 周年 卓越 走过 魅力 
---- Cluster id #16 ----
Size: 17
奥委会 奥运会 博览会 传播 传媒 大赛 大众 健身 媒介 媒体 宁 企业界 赛事 体委 体育 武术 用品 
---- Cluster id #17 ----
Size: 5
该校 国旗 哈佛 捐赠 象征 
---- Cluster id #18 ----
Size: 15
本人 避孕 步 撤销 代理 股东 交易 申报 属 提醒 网球 选择 营业部 赞助 指定 
---- Cluster id #19 ----
Size: 25
摆脱 帮 帮扶 对口 扶 扶贫 富裕 妇联 攻坚 户 江西省 立足 蒙古 农田 贫困 贫困户 贫困县 贫穷 生机 特困 特困户 脱贫 温饱 消除 养殖 
---- Cluster id #20 ----
Size: 29
产值 促 大胆 大中型 单一 工 骨干 股份合作制 股份制 集体经济 江苏 轿车 量 融合 社会化 生命力 所有制 台阶 挑战 停留 乡村 乡镇企业 小 协作 形式 因地制宜 涌现 中小企业 总产值 
---- Cluster id #21 ----
Size: 34
报告 暴露 别国 承认 持 干涉 攻击 公认 公约 好处 抗议 冷战 例如 每周 男女 内政 其它 侵犯 人权 事实上 所谓 他人 统计 外国人 限制 相同 消耗 研究会 依据 预期 珍惜 指责 中期 自由 
---- Cluster id #22 ----
Size: 22
爱尔兰 北爱 布莱尔 差异 对立 激发 价值 价值观 理性 期望 人们 生存 事物 提倡 外部 外面 物质 心理 一把手 真理 主体 自我 
---- Cluster id #23 ----
Size: 31
八一队 败 本轮 比分 场 夺冠 负 河南 击败 甲Ａ 联赛 辽宁队 轮 男篮 男排 女排 排球 强劲 轻松 球 球队 弱 赛季 升 胜 四川 万达队 战 浙江 支 主场 
---- Cluster id #24 ----
Size: 12
春风 发言 感谢 汗水 激动 井 脸 煤矿 辛苦 新村 信 总书记 
---- Cluster id #25 ----
Size: 19
变动 导致 股票 环节 即 驾驭 来信 乐观 泡沫 偏 取决于 人民日报 上网 投机 写道 心情 有待 中文 自 
---- Cluster id #26 ----
Size: 19
产业化 成果 到底 短短 集装箱 检测 科研 论文 满足 清华 缺少 缩短 托 系统 系统工程 学校 验收 转化 转换 
---- Cluster id #27 ----
Size: 9
公园 两会 辆 门口 汽车 入 随意 望 游人 
---- Cluster id #28 ----
Size: 151
啊 吧 编者 病 不好 不行 不知 成 充满 出 出来 此事 错 大家 带 当 到 得 等 掉 东西 度过 顿 翻 房子 夫妇 感到 感动 感情 感受 敢 告别 告诉 给 过 话 怀 还有 回 回到 回去 会 活 记 记得 见 将军 讲述 叫 句 觉得 开会 看 看出 来到 老 里 了 流 吗 买 忙 没 没有 每个 名字 拿 哪 那么 那天 那些 南极 难得 呢 你 你们 您 朋友 气 前 前后 情景 请 去 让 人 如 如此 散 上面 少 身体 深切 师傅 时 时候 什么 事 手 熟悉 说 岁 他们 天 听 听说 突然 玩 完 忘 我 西安 下来 想 想到 想起 像 消息 笑 些 心 心里 行 休息 修 呀 眼 眼睛 样子 一家 一起 依然 引起 在 咱 怎么 站 丈夫 找 这么 这样 知道 之后 之中 住 自己 字 走 走访 最后 做 
---- Cluster id #29 ----
Size: 15
导弹 电信 锻炼 海军 华为 具 空白 空军 命名 全军 型 研制 院校 诸 装备 
---- Cluster id #30 ----
Size: 33
档次 锭 纺织 非 付出 工业 攻坚战 国有 过度 济南 截至 解困 举措 困境 离退休 落后 扭亏 配置 契机 抢 敲 生产能力 升级 淘汰 突破口 退出 陷入 压 压锭 压缩 沿海 展开 重组 
---- Cluster id #31 ----
Size: 35
爆发 参与 长征 朝鲜 持久 到达 独立自主 夺取 丰富 国防 红军 后勤 经济基础 军队 军事 军委 抗日战争 篇 迫使 人民军队 生涯 胜利 时期 文选 武装 消极 协助 占领 战术 战争 争取 指挥 致力 总政治部 作战 
---- Cluster id #32 ----
Size: 17
保存 层 常州 词 电视剧 汉年 河 令 名人 浓郁 品位 气息 塑造 文化 下功夫 营造 这部 
---- Cluster id #33 ----
Size: 14
巴基斯坦 国民 奖 揭晓 经济学 来华 留学 留学生 某种 首席 谢里夫 一等奖 意外 永恒 
---- Cluster id #34 ----
Size: 13
采用 发射 轨道 航天 火箭 急需 颗 空间 卢布 明星 太空 卫星 星 
---- Cluster id #35 ----
Size: 25
帮助 报名 岛 服务队 个体 顾客 挂 柜台 互助 货 季节 牌子 蓬勃 青岛 青年 生意 实用 书法 司 行动 依托 征文 志愿 志愿者 助 
---- Cluster id #36 ----
Size: 16
班长 国防部 解放军 军 军区 连 旅 上将 射击 社 师 司令员 铁路局 团 政治部 中央军委 
---- Cluster id #37 ----
Size: 30
边界 初步 大 公司 衡量 互补 集团公司 家 简单 江南 进入 跨 宽 亏损 联合 连续 排 排名 评 其 强 实力 世界 手段 速度 通用 下属 相当 一样 真正 
---- Cluster id #38 ----
Size: 147
白 柏林 毕 波 蔡 藏族 曹 朝鲜族 陈 程 迟 川 崔 戴 单 丁 董 杜 范 方 费 冯 傅 刚 龚 古 顾 关 贵 郭 韩 何 贺 洪 侯 胡 华夏 黄 回族 霍 贾 健 姜 蒋 杰 金 锦华 孔 兰 乐 李 力 梁 亮 廖 林 刘 柳 卢 鲁 路 陆 吕 罗 马 满族 梅 蒙古族 孟 苗 苗族 敏 明 名 聂 牛 女 潘 秦 曲 全有 群 邵 申 沈 施 史 舒 松 宋 孙 谭 唐 涛 陶 田 土家族 万 万年 汪 王 韦 维吾尔族 伟 魏 温 文 闻 吴 武 夏 向 肖 谢 熊 徐 许 薛 严 阎 杨 扬 姚 叶 彝族 易 毅 尹 勇 游 于 余 俞 袁 跃 云 曾 张 赵 正 郑 志 钟 朱 祝 壮族 邹 
---- Cluster id #39 ----
Size: 23
报警 成熟 承诺 大队 当做 服务 公安局 广告 接到 警察 楼 民警 女士 热线 商标 商家 危险 小事 巡警 义务 议论 值 注册 
---- Cluster id #40 ----
Size: 11
巴金 比较 编 编辑 见解 交给 同一 文章 页 以为 指标 
---- Cluster id #41 ----
Size: 18
百富勤 操作 倒闭 分行 该行 港元 国企 海外 基建 集资 监管 惊人 巨额 审计 事件 损失 业务 主 
---- Cluster id #42 ----
Size: 9
分配 股 派 配 披露 税 送 增 转 
---- Cluster id #43 ----
Size: 20
包 别人 炒 吃 堆 父母 父亲 隔 孩子 家长 家里 饺子 妈妈 弄 女儿 全家 日子 思念 学会 子女 
---- Cluster id #44 ----
Size: 26
爱国主义 抵御 感染 革命 工作者 记录 纪念 纪念馆 建筑 精品 经费 烈士 民政部 纳入 抢救 青少年 社会效益 收藏 特有 贴近 统筹 维修 文化部 文物 文献 责任感 
---- Cluster id #45 ----
Size: 33
报 部门 称 措施 单位 地震 罚款 防震 负责 给予 构成 规划 国务院 会同 监测 减灾 其他 情节 人民政府 丧失 伤亡 条 违反 县级 引发 有关 预报 灾害 造成 责令 指 主管 追究 
---- Cluster id #46 ----
Size: 25
差别 导演 动态 改编 角度 阶层 看待 可能性 另 流动 描写 某 闹 拍摄 圈 群体 热闹 思维 洗 写作 新兴 移 影视 有人 作家 
---- Cluster id #47 ----
Size: 17
吃饭 出访 答应 大姐 饭店 赶 跟 跟着 庆典 人家 荣 声音 踢 小伙子 新年伊始 毅仁 着 
---- Cluster id #48 ----
Size: 34
阿拉法特 巴 巴勒斯坦 半岛 撤军 冲突 分歧 和平 和谈 进程 科索沃 库克 黎 黎巴嫩 南部 南斯拉夫 内阁 内塔尼亚胡 前夕 认为 设想 士兵 提问 西岸 叙利亚 耶路撒冷 以 以色列 犹太人 约旦河 招待会 之间 中东 中国 
---- Cluster id #49 ----
Size: 6
班子 充实 经贸委 考核 领导班子 推荐 
---- Cluster id #50 ----
Size: 31
贬值 波音 不利 出口 刺激 东南亚 动荡 短期 附加值 官方 韩国 汇率 经常 竞争力 流入 旅游 旅游业 贸易 人民币 顺差 泰国 外汇 外贸 外债 吸引 亚洲 因素 影响 游客 预计 周边 
---- Cluster id #51 ----
Size: 38
常委会 常务 筹备 代表 代表大会 当选 方案 共计 规则 换届 决定 每次 拟 起草 全国 热点 人大 人大代表 日常 设立 审议 授权 特别 听取 委托 委员会 信访 行政区 修改 选出 选举 议案 议会 征求 正当 中华人民共和国 专门 组成 
---- Cluster id #52 ----
Size: 13
产量 国土 居 科特迪瓦 平方公里 前列 生产总值 统计局 图 位 西班牙 增长率 总额 
---- Cluster id #53 ----
Size: 20
道德 灌溉 节水 劳务 利 龙头 农民 拍卖 全县 山区 书画 水利 头 小型 兴建 严禁 原有 增产 中医药 自律 
---- Cluster id #54 ----
Size: 12
补 大楼 甘肃 军人 军营 模范 某部 评估 双拥 珠海 驻军 咨询 
---- Cluster id #55 ----
Size: 18
伴随 奔 打工 儿女 该市 故乡 家乡 肯 迈进 内心 普通话 深圳 太原 小康 优美 与会者 崭新 之外 
---- Cluster id #56 ----
Size: 19
布鲁塞尔 成员国 对话 多极化 国务 华 警方 看好 难民 欧 欧盟 世贸 双边 西欧 希腊 亚 意 意大利 印 
---- Cluster id #57 ----
Size: 29
比索 储备 传真 跌 东亚 兑 兑换 对策 菲律宾 纷纷 风暴 汉城 合 缓 货币 马来西亚 马尼拉 美元 苏哈托 通货膨胀率 下跌 宣布 雅加达 印度尼西亚 印尼 印尼盾 盈余 援助 至 
---- Cluster id #58 ----
Size: 18
把 保卫 部队 称赞 担负 电厂 练 认清 使命 透 忘记 武警 训练 战斗力 战士 中队 忠诚 组建 
---- Cluster id #59 ----
Size: 17
云 邦国 长春 代表团 光英 广东 贵鲜 核 核电站 家宝 家华 菊 农垦 庆林 上下 收成 铁映 
---- Cluster id #60 ----
Size: 83
案件 办案 爆炸 财产 查办 呈 惩处 打击 当事人 递增 毒品 队伍 发票 罚 法院 犯罪 犯罪分子 干警 干扰 公正 够 合法 合同 狠抓 贿赂 检察 件 建新 解释 金额 禁毒 纠纷 纠正 举报 可靠 类 类型 力气 每年 民事 宁波 判处 判决 赔偿 破坏 抢劫 权益 人民法院 上级 审理 审判 受理 数额 思卿 司法 诉讼 贪污 头脑 危害 违法 维护 线索 刑事 性质 严打 严厉 严肃 严重 一体 预防 增大 增多 知识产权 职务 执行 致使 制约 秩序 治安 宗旨 综合治理 最高 渎职 
---- Cluster id #61 ----
Size: 14
查获 出版物 创汇 盗版 非法 服装 光盘 海关 海上 贺卡 净化 设计师 挖 走私 
---- Cluster id #62 ----
Size: 23
北 吹 大气 地球 东 度 厄尔尼诺 附近 海洋 毫米 暖 气候 气象 全球 热带 上空 太平洋 太阳 天气 西 现象 响应 预测 
---- Cluster id #63 ----
Size: 14
称号 出国 丢 航班 开通 空 昆明 人次 荣获 商务 授予 探亲 天地 总局 
---- Cluster id #64 ----
Size: 72
Ｄ 阿 阿尔及利亚 贝宁 表示 乘 大臣 大使 大使馆 抵达 定期 访问 夫人 高层 高兴 国 荷 荷兰 合作 互访 互利 欢迎 会见 会谈 建交 建设性 交换 介绍 经贸 看法 来访 琳 卢森堡 莫 莫桑比克 陪同 鹏 频繁 期待 其琛 签字 钱 摄 首相 书面 双方 探讨 图片 外交部 外交部长 外经贸部 为期 问候 相互 相信 新华 也门 仪式 有助于 有着 友好 友谊 愿 赞赏 增进 正式 祝贺 祝愿 驻 驻华 转达 卓有成效 
---- Cluster id #65 ----
Size: 14
仓库 长江 大树 典礼 航运 棵 口 平安 树 西北 栽 造福 植树 自然 
---- Cluster id #66 ----
Size: 45
颁发 办法 保留 本 采矿 采矿权 出资 登记 地质 发布 范围 供 公告 管理 减 缴纳 开采 勘查 矿产 领取 免 名称 年度 起 签订 日 申请 审批 手续 探矿权 特定 提交 天然气 停止 限期 许可证 延续 予以 原 暂行 招标 转让 资料 资源 最低 
---- Cluster id #67 ----
Size: 25
爱好者 冰雪 大地 都市 丰富多彩 风光 欢乐 佳节 教堂 节日 罗马 美好 气氛 庆 舞 喜庆 献 祥和 夜 一派 迎来 愉快 这家 周刊 祝福 
---- Cluster id #68 ----
Size: 14
比如 表彰 成长 纲要 高度 技能 领会 评选 人才 人事 人事部 深度 脱颖而出 优秀 
---- Cluster id #69 ----
Size: 26
爱国 参观 传达 负责人 告 工人阶级 看看 隆重 民主党派 南京 人士 提到 天安门 统一战线 统战 统战部 外出 文件 先生 显得 遭到 照顾 召集 知 知名人士 指示 
---- Cluster id #70 ----
Size: 31
白色 背 边防 产 大棚 恶劣 盖 高原 公斤 官兵 海拔 基地 艰辛 结 军分区 领 们 徘徊 培训班 气温 摄氏度 蔬菜 塑料 挑 土 玉米 栽培 种植 株 猪 足够 
---- Cluster id #71 ----
Size: 16
比 比利时 大选 丹麦 东盟 国王 贺电 红色 回国 拉那烈 曼谷 请求 苏丹 议长 政局 岚清 
---- Cluster id #72 ----
Size: 13
洪水 湖 湖北 获悉 立方米 热潮 剩下 水资源 缩小 填 武汉 武汉市 造 
---- Cluster id #73 ----
Size: 13
促使 存量 该书 耕地 经济效益 盘活 破产 土地 效应 运营 增值 资 资本 
---- Cluster id #74 ----
Size: 40
安 薄 不幸 策略 春 党性 党员 党组织 敌人 动员 发动 根据地 共产党员 毁 汇 机关干部 借助 军民 开办 开辟 抗日 抗战 累 留给 率领 民 耐心 情绪 日报 顽强 维持 下乡 雄厚 严峻 应付 踊跃 运动 掌握 政权 子文 
---- Cluster id #75 ----
Size: 12
巴西 东北部 加剧 客户 墨西哥 收购 收回 水准 私人 外资 依赖 债务 
---- Cluster id #76 ----
Size: 17
打 大小 繁华 狗不理 故居 虎 客人 老板 老虎 理 门前 少奇 视为 贴 为何 雨 真 
---- Cluster id #77 ----
Size: 63
本质 别的 初级阶段 创造性 道路 邓小平理论 典型 动摇 发达 富强 纲领 高潮 高举 搞 个别 共产主义 观察 观点 国情 回答 基本 继承 讲 阶段 解放思想 经受 科学 理论 路线 马列主义 毛泽东思想 谋 判断 旗帜 前途 清楚 清醒 全党 确立 认识 三中全会 社会主义 生产力 十四大 实践 实事求是 逝世 它 特色 特征 脱离 为什么 伟大 兴起 载 怎样 这个 正是 指引 种种 庄严 准确 自觉性 
---- Cluster id #78 ----
Size: 23
编者按 大事 该厂 干 公开 公平 河北 后面 花钱 怀疑 季度 困扰 乱 明白 盼 前面 确实 上访 石家庄 说法 推 县里 有的 
---- Cluster id #79 ----
Size: 20
点 房地产 分类 股市 缓慢 回升 教职工 竣工 开工 伦敦 面积 纽约 商品房 上升 时报 收盘 下滑 下降 相比 指数 
---- Cluster id #80 ----
Size: 14
部分 经典 卷 课题 马克思主义 命运 年代 期刊 时代 再现 展现 哲学 之下 著作 
---- Cluster id #81 ----
Size: 18
发出 风 感觉 古老 光明 寒冷 火 家中 渴望 冷 美丽 那 那个 生命 添 温暖 温馨 喜欢 
---- Cluster id #82 ----
Size: 13
表面 冰 灯 发现 机器 面 水 土壤 掀起 月 月球 扎 证实 
---- Cluster id #83 ----
Size: 28
处 处长 歌舞团 广西 海南省 合肥 河北省 河南省 湖南省 江苏省 剧团 科教 科委 科协 内蒙古 青海 三下乡 山东省 陕西 陕西省 四川省 团长 县长 宣传部 医院 艺术团 云南省 浙江省 
---- Cluster id #84 ----
Size: 33
变革 标准 表达 地域 定 定位 飞跃 分析 否定 概括 共产党人 共识 还要 阶级 经历 救 历史 历史性 领袖 论断 某些 偶然 评价 倾向 确认 人物 套 唯一 以前 勇气 原理 造就 中山 
---- Cluster id #85 ----
Size: 9
版 报刊 报纸 党建 订 刊物 图书馆 县城 杂志 
---- Cluster id #86 ----
Size: 32
奥地利 长城 此时 大厅 动 动人 歌剧 惠芬 激情 家人 间 乐团 联手 梦 年轻人 评论 墙 人间 试 手术 她 题写 天下 外地 维也纳 演奏 一代 音乐 音乐会 这时 重返 闵 
---- Cluster id #87 ----
Size: 48
北部 不错 不怕 尝 大学生 多少 返回 覆盖 共和国 谷 过来 过去 合影 块 拉开 蓝 兰州 离 楼房 绿 目光 牧民 那里 旁 片 拼搏 前来 上来 岁月 位于 乌鲁木齐 响 心声 匈牙利 选拔 阳光 一行 迎 迎接 幽默 犹如 油 远 摘 招 震 主人 坐 
---- Cluster id #88 ----
Size: 27
安置 出路 创业 第三产业 分流 扶持 富余 岗位 工程 工会 救济 就业 困难 劳动力 门路 女工 上岗 社区 失业 私营 拓宽 下岗 兴办 用人 职工 职业 中心 
---- Cluster id #89 ----
Size: 14
爱心 儿童 公益 基金会 救助 捐款 捐助 美德 描绘 失学 食品 希望工程 小学 资助 
---- Cluster id #90 ----
Size: 10
大海 海 环 获取 面对 陌生 平静 人类 深处 之上 
---- Cluster id #91 ----
Size: 23
抱 便宜 不可 乘客 春运 高峰 广州 纪录 列 临时 旅客 票 签 神 售票 铁道部 享受 涌 优惠 邮票 增收 折 之前 
---- Cluster id #92 ----
Size: 96
阿拉伯 阿盟 阿齐兹 埃及 安理会 安南 奥尔布赖特 巴格达 巴黎 报道 备忘录 本报 避免 常任 常驻 此间 达成 打算 大规模 地点 电 调解 动武 动用 发布会 发言人 法国 否认 符 各方 关切 国防部长 国务卿 果 海湾 号 核查 记者 加紧 焦点 结束 紧张 谨慎 警告 救援 局势 拒绝 据说 开罗 科恩 科威特 理事国 立场 联合国 连日来 美联社 穆巴拉克 普里马科夫 前往 谴责 萨达姆 艘 态度 特委会 通报 透露 途径 土耳其 推迟 外交 外交大臣 威胁 危机 为首 斡旋 武力 武器 希拉克 销毁 小组 协议 新华社 新闻界 寻求 伊 伊拉克 英 英国 约旦 旨在 制裁 重申 准备 总统 总统府 最新 
---- Cluster id #93 ----
Size: 47
被动 才能 长 成立 初 初期 处在 创立 错误 打开 担任 党内 党中央 德 邓 犯 关怀 后 怀着 恢复 混乱 坚强 建国 教训 局面 决心 开创 牢记 离开 毛 缅怀 内外 念头 起到 千方百计 时刻 事情 同志 系列 小平 以后 赢得 拥护 早 泽东 著名 左 
---- Cluster id #94 ----
Size: 61
Ａ 包袱 不如 成本 出去 出于 代价 等于 多元化 分散 风险 改组 概念 功能 规模 国外 机会 集团 兼并 经营 看来 可能 扩展 扩张 垄断 目的 内部 纽带 企业 全新 热 甚 失败 收益 数量 同类 无法 限度 销售额 行列 行业 迅速 营销 盈利 优势 原来 运转 政府部门 值得 指明 中介 种 专业化 转向 壮大 追求 资产 总部 组合 最终 做法 
---- Cluster id #95 ----
Size: 19
笔 冰箱 成都 电器 动作 果断 科龙 论证 起点 迁 全球化 认证 生产线 视野 台 停产 同样 投产 稳 
---- Cluster id #96 ----
Size: 171
Ｂ 安定 保持 本次 变化 布局 步伐 产业 超过 承包 充足 出现 创新 达到 带动 带来 导向 低 调控 调整 动力 对外开放 对外贸易 发达国家 发展 发展中国家 方式 防范 放开 放松 分开 丰收 改革 改善 干旱 高新技术 搞好 搞活 各位 根本性 供给 公务员 鼓励 关键 国际 国民经济 国内 国内外 合理 宏观 化解 缓解 回落 活力 基本建设 基础 机电 机制 积极 积累 技术 计划 继续 加大 加快 减轻 减员增效 健康 节约 结构 进步 进展 精简 经济 经济社会 境外 科技 科教兴国 科普 科学技术 快 扩大 劳动者 利用 力度 力争 连锁 粮食 良好 零售 灵活 领域 流通 买方 盲目 面临 明显 墨 能力 能源 农产品 农副产品 农业 膨胀 平衡 浦东 前景 前提 前沿 潜力 倾斜 全 全民 全年 人工 融资 社会 深化 生产资料 势头 适当 适度 适时 市场 试点 水平 态势 提高 体系 体制 通货膨胀 通胀 同时 投入 投向 推广 妥善 稳定 稳妥 稳中求进 物价 显著 项目 消费品 消化 效益 新增 需求 压力 抑制 引导 优化 有利 有所 预定 增长 增长点 增加 增添 战略性 涨幅 政企 支撑 支柱 知识 知识经济 重点 注入 转变 着力 综合国力 
---- Cluster id #97 ----
Size: 9
杯 倒 喝 啤酒 室内 屋 形 圆 这儿 
---- Cluster id #98 ----
Size: 23
澳 澳门 颁布 颁奖 长官 丛书 繁荣 风波 港 过渡 回归 基本法 建华 交接 两地 内地 平稳 社长 事务 特区 香港 信心 一国两制 
---- Cluster id #99 ----
Size: 24
变 财务 村 村干部 村里 村民 村委会 村务公开 党支部 干群 基层 满意 矛盾 民主 农村 评议 求 任职 投票 推行 乡镇 意识 这项 阵地 
---- Cluster id #100 ----
Size: 24
阿根廷 尝试 筹措 筹集 东方 短缺 飞 飞机 飞行 管制 航空 航线 机场 架 肩负 蓝天 每人 民航 上门 实体 厦门 小姐 选 租赁 
---- Cluster id #101 ----
Size: 46
澳大利亚 比赛 冰球 长野 成绩 出色 打破 冬奥会 夺 夺得 分 冠军 滑 滑雪 获得 技巧 角逐 金牌 锦标赛 决赛 另外 枚 米 秒 名将 名列 男子 难度 女子 挪威 破 赛 赛场 上届 世界杯 世界纪录 速滑 跳 选手 亚军 银 游泳 运动员 中国队 妍 缪 
---- Cluster id #102 ----
Size: 45
保障 程序 惩治 督促 法 法规 法律 法制 法治 繁重 方略 赋予 改进 规范 规章制度 国家机关 划分 纪云 监督 检查 健全 接待 借鉴 框架 立法 力求 难点 权力 权威 任期 实施 实效 市场经济 完善 宪法 行使 行政 意志 有益 职权 职责 执法 制定 治国 遵循 
---- Cluster id #103 ----
Size: 23
步入 车辆 承担 机动车 加重 监控 交警 交通 怕 认定 伤 事故 市区 司机 停车 违章 现场 行人 责任 真相 支队 撞 自行车 
---- Cluster id #104 ----
Size: 17
边 车站 大桥 贵州 火车 开发区 昆 老区 南 跑 施工 隧道 铁路 通 拖 沿线 运 
---- Cluster id #105 ----
Size: 28
办公 不便 更新 广场 机遇 库区 老百姓 面貌 民心 起步 前所未有 全市 人心 三峡 上游 市政府 思路 修建 移民 振奋 振兴 之内 直辖市 值班 指挥部 中外 重庆 重庆市 
---- Cluster id #106 ----
Size: 16
此次 党派 国大党 季 竞选 口号 领先 人民党 席 席位 相似 选民 选票 印度 阵线 政党 
---- Cluster id #107 ----
Size: 18
安徽 安徽省 差 陈旧 电价 费用 高低 供电 管 降 交 郊区 角 每 农户 全省 乡 整顿 
---- Cluster id #108 ----
Size: 9
不够 窗口 麻烦 名牌 示范 谁 推销 占据 争 
---- Cluster id #109 ----
Size: 10
产品 抽查 合格 检验 牌 兴 优 优质 质量 专利 
---- Cluster id #110 ----
Size: 23
编写 代 待遇 风气 改 高考 回来 教材 教师 教育 面向 普及 融入 上去 师生 什么样 西南 眼光 优先 赞成 战线 制订 中小学 
---- Cluster id #111 ----
Size: 17
拆 城市 雕塑 风貌 公共 和谐 垃圾 美术 哪个 内涵 铺 深受 市中心 印象 有机 主题 装 
---- Cluster id #112 ----
Size: 7
安装 厂家 家具 热水器 使用 隐患 用户 
---- Cluster id #113 ----
Size: 13
包装 北风 大雨 海口 海南 含量 黄淮 江淮 净 克 冷空气 气象台 小到中雨 
---- Cluster id #114 ----
Size: 21
被告 儿子 法官 封 夫妻 感人 回家 课堂 农历 上班 上学 尚 少儿 少年 生日 收 手里 送礼 抬 校园 中科院 
---- Cluster id #115 ----
Size: 20
倡导 创建 激励 禁止 精 精神文明 理想 礼貌 群众性 实事 文明 物质文明 吸取 新风 新闻 修养 硬 扎扎实实 职业道德 抓 
---- Cluster id #116 ----
Size: 10
关闭 合并 加元 接近 金融业 浪潮 瑞士 时尚 迅猛 银行业 
---- Cluster id #117 ----
Size: 31
百分点 拆借 筹资 存 存款 法定 法人 幅度 高于 工具 挂钩 机构 降低 结算 金融 理顺 利率 利于 名义 哪些 投放 下调 现行 一般 银行 用于 有利于 这次 准备金 准备金率 资金 
---- Cluster id #118 ----
Size: 76
玻璃 彩色 插 大型 地位 电子 独资 短 吨 辐射 服务业 港口 高档 高效 工艺 光 含 化肥 化工 机械 机组 激光 加工 开发 空中 控股 连接 良种 码头 煤炭 摩托车 年产 农 农药 配备 配套 品种 期货 千瓦 容量 设备 设计 生产 水电 水泥 饲料 天然 通信 同步 铜 外商 相关 新型 性能 医药 仪 仪器 以上 以下 应用 用 邮电 原料 允许 运输 占 珍贵 纸 制品 制造 制作 中方 主导 专用 装置 综合 
---- Cluster id #119 ----
Size: 76
闭幕 必然 参政议政 茶话会 阐述 出席 次 大局 调查 调研 对外 发表 服从 赴 稿 各界 光亚 规范化 国权 华清 会议 活跃 建议 江 讲话 锦涛 举行 开拓 看望 考察 科技界 列入 鲁丽 履行 率 论坛 民工 强有力 乔 侨胞 全体 日程 入手 瑞典 瑞环 商 石 讨论 题 拓展 伟长 协商 新鲜 选平 研讨 演讲 邀请 议题 迎春 与会 泽民 展望 章程 正英 政协 职能 制度化 智利 驻地 专题 做出 作 座谈 座谈会 孚凌 F基 
---- Cluster id #120 ----
Size: 19
冲 歹徒 刀 过硬 喊 呼唤 刻苦 连队 脸上 玲 幕 派出所 青春 邱 水浒传 围 鲜花 现金 英雄 
---- Cluster id #121 ----
Size: 9
波恩 大中 对付 候选人 检察长 科尔 民主党 任命 执政 
---- Cluster id #122 ----
Size: 29
遍 称为 妇女 豪华 好像 红 花 画家 荒山 劲 捐 开 苦 卖 牡丹 母亲 女性 启动 时节 死 她们 突尼斯 献给 香 幸福 延安 也 正好 组委会 
---- Cluster id #123 ----
Size: 46
保 场面 穿 春云 搭 大雪 第一线 顶 饭 房屋 奋战 赶到 赶来 感慨 红十字会 家园 救灾 抗灾 抗震救灾 粮 命令 那曲 难关 派出 抢险 亲人 缺 受伤 特大 慰问 物资 兄弟 雪灾 医疗队 灾 灾民 灾情 灾区 张北 张家口 帐篷 直升机 重建 子弟兵 自救 总队 
---- Cluster id #124 ----
Size: 20
层层 城区 出租车 创 大街 岗 功夫 街 街头 居委会 扣 路上 南宁 南宁市 人人 市民 受益 听到 形象 整治 
---- Cluster id #125 ----
Size: 9
房间 官僚主义 艰苦创业 艰苦奋斗 节省 警惕 浪费 哪里 自力更生 
---- Cluster id #126 ----
Size: 45
背景 表现 沉重 创作 带有 独特 多样化 反响 氛围 关注 话题 获奖 讲究 揭示 景观 可喜 栏目 灵魂 门 年轻 情感 散文 深 试图 收获 思考 题材 痛苦 文学 显 显示 现实 现实主义 小说 写 性格 诱惑 阅读 展示 诸如 专栏 姿态 尊严 作品 作者 
---- Cluster id #127 ----
Size: 27
并非 补贴 菜篮子 产销 出售 大中城市 抵押 房 福利 副食品 工资 供应 购 经济林 例 每月 批发 肉 实物 市场化 水果 消费 小区 需 住房 住宅 租 
---- Cluster id #128 ----
Size: 23
本地 长工 储量 创办 大庆 光彩 光荣 华北 极大 勘探 抗旱 矿 煤 品质 平原 三角洲 深感 小麦 要素 油气 油田 找到 中级 
---- Cluster id #129 ----
Size: 39
步骤 长远 潮流 大陆 大业 当局 分裂 构想 海内外 海峡 呼吁 回应 加深 交流 两岸 领土 迈 民众 企图 商谈 深远 势力 台湾 谈判 同胞 统一 完整 往来 希望 现状 心愿 愿望 赞同 郑重 主权 主张 状态 祖国 阻碍 
---- Cluster id #130 ----
Size: 23
城 传销 打假 到位 店 防 防伪 活动 假货 假冒伪劣 联 商店 实 实实在在 同 投诉 退 无 信誉 引 载体 中宣部 种子 
---- Cluster id #131 ----
Size: 16
财经 初中 高等 高中 国家教委 坚实 教学 考试 课 课程 老师 年级 培养 新加坡 学生 中小学生 
---- Cluster id #132 ----
Size: 13
大连 大厦 福州 购物 股份 南昌 商场 商厦 实业 输出 有限 有限公司 郑州 
---- Cluster id #133 ----
Size: 23
病人 分钟 患者 急 疾病 批示 评为 齐 挑选 通道 外国 卫生部 药 药品 药物 医学 增至 证书 治 治疗 中药 中医 专家 
---- Cluster id #134 ----
Size: 24
保健 不足 残疾人 城乡 城镇 纯收入 当地 海信 家庭 居民 科 老年人 庞大 平均 人均 人口 生活 卫生 徐州 养老 医疗 医生 员工 状况 
---- Cluster id #135 ----
Size: 11
春耕 防火 花园 火灾 宁夏 庆祝 森林 省区 务实 消防 原材料 
---- Cluster id #136 ----
Size: 35
表演 大师 风格 个性 观看 观众 轰动 虎踞 画 话剧 角色 京剧 剧目 剧院 迈向 上演 声 替代 舞蹈 舞剧 舞台 喜爱 戏 戏剧 戏曲 献身 演 演出 演员 一流 艺术 艺术家 院 中国画 钟山 
---- Cluster id #137 ----
Size: 25
承受 处罚 等级 调节 定价 干预 各自 供求 价格 紧急 经营者 趋 权限 商品 上涨 适用 损害 消费者 行为 虚假 章 政府 自主 总 遵守 
---- Cluster id #138 ----
Size: 18
财富 参考 承办 代表性 对此 发掘 反腐倡廉 沟通 呼声 热情 神圣 提案 委员 向前 辛勤 圆满 致以 撰写 
---- Cluster id #139 ----
Size: 27
彻底 待 对待 改造 关心 汇报 局部 具体 肯定 空前 利益 联系 了解 领导者 难题 期间 倾听 全心全意 群众 人民 吸收 意见 意愿 真诚 针对性 知识分子 智慧 
---- Cluster id #140 ----
Size: 29
安全 标志 不得 地面 地下 电力 发电 个人 奖励 距离 跨越 扩建 内 器材 桥梁 任何 设施 水库 所在 条例 物品 线路 新建 延伸 移动 应 植物 周围 作业 
---- Cluster id #141 ----
Size: 19
保险 不良 辞职 此前 大藏省 东京 对象 法案 官员 浩田 合资 回收 开业 桥本 日本 日元 手中 债权 职员 
---- Cluster id #142 ----
Size: 9
估计 黄金 拉美 利比亚 欧佩克 石油 桶 委内瑞拉 原油 
---- Cluster id #143 ----
Size: 31
大道 懂 读者 封闭 风情 富有 革新 古典 汉语 节奏 解 凝聚 批评 桥 缺乏 审美 失去 诗 诗歌 诗人 思 鲜明 欣赏 信任 严谨 言 营养 右 誉为 者 之 
---- Cluster id #144 ----
Size: 8
暴力 差距 恐怖 理事会 农家 农科院 葡萄 新疆 
---- Cluster id #145 ----
Size: 24
表决 布赫 草案 大会 大会堂 会场 决议 开幕 名单 热烈 人选 提名 提请 铁木尔・达瓦买提 通过 响起 议程 酝酿 掌声 兆国 主持 主持人 主席台 主席团 
---- Cluster id #146 ----
Size: 21
背后 菜 电影 故事 关根 官 寄 佳 看见 老人 磊 拍 汤 同学 退休 碗 学员 寻找 影片 鱼 照 
---- Cluster id #147 ----
Size: 11
村庄 等待 风景 该 记忆 落 飘 双 微笑 心灵 雪 
---- Cluster id #148 ----
Size: 27
班 笔者 长途 车 带头 锋 奉献 幅 姑娘 号召 弘扬 换 火车站 姐妹 拉 雷 奶奶 人生 事迹 送给 题词 停 现任 新人 学 展出 真情 
---- Cluster id #149 ----
Size: 10
产权 读 读书 分离 鲁迅 浓 清晰 日记 视 遗憾 
---- Cluster id #150 ----
Size: 13
华侨 华人 会员 刊登 马克思 年会 社团 团体 问世 宣言 学术 学者 主编 
---- Cluster id #151 ----
Size: 33
拜年 播出 彩电 唱 电视 电视机 电视台 多媒体 歌 歌曲 歌声 歌舞 广播 杭州 画面 接收 节目 快乐 厘米 联欢 模拟 年年 屏幕 取代 色彩 首 数字 推出 晚会 网 相声 信号 演唱 
---- Cluster id #152 ----
Size: 15
博物馆 长足 大门 公众 还 京城 齐全 失 首都 喜悦 兴趣 依旧 忧虑 展 展览 
---- Cluster id #153 ----
Size: 27
办理 保值 不满 财政部 持有 储蓄 到期 兑付 付 公布 购买 国债 计 计算 开始 利息 满 年利率 凭证式 期 事宜 提前 网点 营业 邮政 债券 支付 
---- Cluster id #154 ----
Size: 38
安排 编制 财力 财税 财政 超 呈现 赤字 大于 得益 低于 抵 地方 关税 会计 加 减免 减少 进口 开支 弥补 其中 欠 确保 适度从紧 收入 收支 税收 税务 完成 相应 预算 元 增幅 征收 支出 专项 转移 
---- Cluster id #155 ----
Size: 52
楚政 床 带领 登 地上 电台 冬 断 份 富 根 工地 孤儿 好事 划 患 挤 建房 脚 进 举 啦 老伴 龙 路子 冒 民兵 爬 彭 清 穷 全村 如同 水源 睡 似 躺 趟 脱贫致富 物 湘西 乡亲 血 养猪 逾 阵阵 只见 致富 州 仔细 足 组 
---- Cluster id #156 ----
Size: 304
把握 摆 办 办事 包括 薄弱 保证 必要 变成 表率 表明 不同 不懈 不正之风 不准 部署 采取 层次 查处 产生 成功 成就 成为 成效 程度 充分 出发 出台 处分 处理 传统 创造 此 促进 存在 党 党风 党政 党政机关 得到 得以 奠定 调动 斗争 独立 多 遏制 发挥 发生 发扬 反 反对 反映 方法 方面 方向 方针 防止 放 放在 分子 奋斗 腐败 负担 附 改变 干部 敢于 格局 各个 各级 各项 各种 根本 工作 巩固 贡献 鼓舞 观念 贯彻 广大 广泛 广阔 国家 过程 好 核心 宏伟 回顾 机 积极性 集体 集中 及时 计划经济 纪检 纪律 加强 加以 监察 坚持 坚持不懈 坚定不移 坚决 艰巨 健行 建立 建设 交往 接受 结合 解决 紧密 进行 近 精神 精心 经验 举办 举世瞩目 巨大 具有 决策 开放 开拓进取 开展 看到 考虑 考验 靠 克服 客观 来 牢固 理解 立 力量 廉洁自律 廉政 领导 落实 迈出 蔓延 密切 面前 明确 目标 内容 能 能够 年 努力 排除 配合 批 普遍 起来 前进 强大 强调 强化 强烈 切实 清理 情况 渠道 取得 全会 全局 全面 确定 任务 认真 容易 如何 上 奢侈浪费 深刻 深入 生动 十五大 时间 实际 实现 实行 使 世纪 世纪之交 事业 是 适应 视察 受到 树立 顺利 思想 素质 所有 探索 特点 提出 提供 体会 体现 条件 突出 突破 推动 推进 推向 完全 围绕 为 位置 尉 问题 我国 我们 下 下去 先进 现代化 项 削弱 效果 协调 新 形成 形势 需要 宣传 严格 研究 要 要求 一定 一切 一致 依靠 意义 应该 应有 勇于 优良 有 有力 有效 有些 有序 遇到 原因 原则 源头 运用 在于 责任制 增强 赠送 扎实 战略 召开 这 这些 这种 整个 整体 正气 正确 政策 政治 支持 直接 指出 指导 制度 制止 中 重大 重视 重要 重要性 主动 主观 主要 注意 注重 抓好 抓住 准 准则 着眼 着重 自身 总结 总体 组成部分 组织 钻研 做到 做好 作出 作风 作为 作用 
---- Cluster id #157 ----
Size: 15
北大 本届 采购 册 场地 出版社 杜绝 加拿大 精美 民营 鸣 书 书店 书籍 图书 
---- Cluster id #158 ----
Size: 25
宾馆 得知 钢铁 工人 后人 家属 交谈 接见 结婚 敬爱 镜头 那时 乒乓球 亲 亲切 去世 人群 摄影 铁 晚 文革 详细 冶金 友协 总理 
---- Cluster id #159 ----
Size: 11
多利 基因 据悉 科学家 克隆 培育 身份 实验 实验室 细胞 羊 
---- Cluster id #160 ----
Size: 61
案 补充 材料 逮捕 调 法庭 公安 公安部 管辖 规定 机关 检察院 鉴定 结论 居住 可以 款 理由 立案 律师 秘密 批准 聘请 期限 起诉 轻 取 权 上述 涉及 涉嫌 审查 省级 事实 是否 释放 收到 收集 收取 属于 说明 随 提起 通知 同意 为由 未能 嫌疑人 刑法 刑事诉讼法 姓名 修订 询问 延长 应当 在场 照片 侦查 证据 证明 罪 
---- Cluster id #161 ----
Size: 22
白宫 波罗的海 担心 德国 封锁 古巴 国会 华盛顿 解除 克林顿 联邦 马克 美 美国 失业率 显然 宪章 削减 伊朗 意味着 引人注目 舆论 
---- Cluster id #162 ----
Size: 26
斌 参赛 常 段 番 获胜 竞赛 开幕式 可谓 名人战 盘 棋 棋手 取胜 深圳市 听众 通讯 围棋 讯 赢 预赛 遭 战胜 主办 子 昊 
---- Cluster id #163 ----
Size: 77
倍 拨 拨款 部 藏 场所 出版 处于 传 达 档案 得出 佛教 各类 公民 共有 固定 汉 好评 继 价 监狱 建成 交付 教 今 近年来 经 境内 旧 可观 拉萨 累计 历时 列为 流行 论 免费 民间 年均 平方米 瓶 权利 全国性 全区 人力 设有 省市 世 首要 受灾 所 特殊 文字 西藏 习惯 现有 享有 信仰 修复 悬挂 严寒 以来 拥有 语言 原始 遭受 占有 整理 政 支援 中央政府 自治区 宗教 罪犯 尊重 座 
---- Cluster id #164 ----
Size: 16
本身 侧面 超出 单纯 规律 忽视 里面 论述 内在 能否 使得 双重 腿 文艺 真实 自觉 
---- Cluster id #165 ----
Size: 13
测试 国际象棋 国家队 教练 教练员 节 俱乐部 篮球 球员 研讨会 主教练 足球 最佳 
---- Cluster id #166 ----
Size: 35
查 长期以来 厂 厂长 串 此案 工厂 功 公款 罕见 辉煌 集 纪委 奖金 金钱 劳动模范 利税 漏洞 妻子 企业家 荣誉 设 盛 时健 受贿 外 违纪 心态 烟 云龙 云南 账 追 总裁 褚 
---- Cluster id #167 ----
Size: 26
比重 表 从事 从业 东部 分布 公报 结果 快速 劳动 末 年龄 普查 人数 人员 如下 数 数据 西部 吸纳 以外 占地 镇 中部 总量 总数 
---- Cluster id #168 ----
Size: 27
彼此 长期 大家庭 地区 对方 各 各族 共建 共同 光辉 加速 结成 景象 民族 凝聚力 平等 迫切 区域 少数民族 团结 至关重要 中华民族 中西部 自愿 自治 自治县 自治州 
---- Cluster id #169 ----
Size: 22
办事处 长沙 队 队长 队员 发起 国民党 艰苦 晋 抗 平 迫害 奇迹 前线 烧 所属 厅 一级 遇 战斗 战役 直至 
---- Cluster id #170 ----
Size: 12
ＶＣＤ 份额 国产 激烈 家电 降价 竞争 品牌 手机 知名 赚 崛起 
---- Cluster id #171 ----
Size: 9
对手 菲 葛 进攻 精彩 局 俊 失误 输 
---- Cluster id #172 ----
Size: 13
改制 公顷 邯钢 聚集 咖啡 模式 启示 秋 全方位 适合 水稻 效率 走向 
---- Cluster id #173 ----
Size: 18
病毒 传输 打电话 电话 电脑 高速 计算机 类似 软件 收费 图像 网络 网上 信息 因特网 颖超 娱乐 致 
---- Cluster id #174 ----
Size: 46
百姓 不见 不惜 灿烂 此后 打下 道 道理 端 放心 钢琴 国家级 寒风 黑 后者 借 堪称 来临 利润 临 难 难免 捧 漂亮 上任 世人 双手 说话 掏 天空 同事 同行 童 脱 喜 想法 销 爷爷 衣服 艺术品 意思 志成 珠江 自豪 总经理 帷幕 
---- Cluster id #175 ----
Size: 41
边境 波兰 传递 磋商 对抗 反应 访华 感 高级 关系 回忆 会晤 柬埔寨 见面 来自 临近 罗马尼亚 敏感 莫斯科 南非 日期 声明 时机 实质 使馆 司长 苏 苏联 谈 谈话 特使 外长 新任 应邀 愿意 越 越南 障碍 正常 正常化 着手 
