---- Cluster id #1 ----
Size: 26
北 变化 吹 大气 地球 东 度 厄尔尼诺 附近 国际象棋 海洋 毫米 命名 难得 暖 气候 气象 全球 热带 上空 首席 太平洋 太阳 西 现象 响应 
---- Cluster id #2 ----
Size: 15
参赛 过年 寄 记 竞赛 日内瓦 收回 睡 听众 托 望 颖超 永恒 纸 致 
---- Cluster id #3 ----
Size: 71
表决 草案 常委会 常务 程序 惩治 充实 筹备 代表 代表大会 督促 法 法规 法律 法制 法治 改进 共计 规范 规则 规章制度 国家机关 候选人 划分 换届 汇报 季度 纪云 检查 借鉴 决定 框架 老年人 立法 力求 每次 难点 起草 热点 人大 人大代表 任期 日常 设立 审议 实施 市场经济 授权 特别 提名 提请 听取 委员会 宪法 信访 行使 行政区 修订 修改 选举 议案 议会 灾 征求 正当 职权 制定 中华人民共和国 专门 组成 遵循 
---- Cluster id #4 ----
Size: 20
办事 编制 方案 公务员 官僚主义 管 规划 机构 机关干部 精简 警惕 浪费 庞大 膨胀 权力 容易 行政 运转 政府部门 中介 
---- Cluster id #5 ----
Size: 41
案 材料 逮捕 调 法庭 该 公安 公安部 管辖 检察院 鉴定 结论 经过 居住 理由 立案 律师 秘密 名单 聘请 期限 上述 省级 事实 是否 收集 随 提起 通知 同意 为由 未能 嫌疑人 刑事诉讼法 姓名 询问 延长 在场 侦查 证据 证明 
---- Cluster id #6 ----
Size: 26
避孕 出生 达标 动手 恶化 防治 高峰 各地 公众 淮河 环保 环保局 环境 计划生育 接 紧 空气 流域 排放 人口 生态 算 污染 下决心 治理 抓紧 
---- Cluster id #7 ----
Size: 15
层层 尝 狗不理 好转 缓 客人 老板 理 门前 商标 贴 为何 悬挂 真 注册 
---- Cluster id #8 ----
Size: 52
表达 别的 创立 创造性 道路 邓 邓小平理论 地域 定位 飞跃 概括 高潮 共产党人 共识 观察 还要 回答 集体 继承 教训 科学 口号 理论 历史性 毛泽东思想 面 命运 旗帜 前列 前途 全党 确立 确认 三中全会 十四大 时代 实践 实质 逝世 套 伟大 系列 鲜明 向前 小平 兴起 以前 勇气 造就 正是 郑重 中山 
---- Cluster id #9 ----
Size: 38
比索 贬值 不利 出口 储备 导致 东南亚 东亚 动荡 短期 兑 对外贸易 纷纷 附加值 合 汇率 进出口 进口 经常 竞争力 流入 贸易 美元 墨西哥 人民币 顺差 泰国 投向 外汇 外贸 外债 外资 依赖 影响 增长率 至 周边 总额 
---- Cluster id #10 ----
Size: 15
班长 兵 翻译 汉语 呼声 浓郁 人生 生日 武 象征 休息 彝族 战士 中队 总队 
---- Cluster id #11 ----
Size: 24
撤销 代理 方便 股东 回报 简称 交易 交易所 开设 买卖 上市 申报 深圳 提醒 投资 投资者 违规 营业部 账户 证监会 证券 指定 只能 资格 
---- Cluster id #12 ----
Size: 30
阿根廷 安全 尝试 筹集 东方 发射 飞 飞机 飞行 管制 航班 航空 航天 航线 火箭 机场 架 昆明 蓝天 民航 票 签 荣获 授予 小姐 月球 折 总局 租 租赁 
---- Cluster id #13 ----
Size: 11
柏林 福州 工地 楼房 培训 团中央 外来 务工青年 校 依托 证书 
---- Cluster id #14 ----
Size: 19
表彰 称号 纲要 高度 技能 奖励 领会 评选 普通话 人才 人事 人事部 深度 脱颖而出 文字 选拔 优秀 语言 扎实 
---- Cluster id #15 ----
Size: 10
电信 份额 国产 华为 家电 品牌 研制 营销 知名 崛起 
---- Cluster id #16 ----
Size: 42
表现 差异 沉重 创作 导演 独特 多样化 反响 话题 获奖 揭示 景观 可能性 灵魂 描写 某 情感 圈 热闹 散文 深 收获 思考 思维 题材 文学 显 显示 现实 现实主义 小说 写 写作 新兴 艺术 影视 诱惑 专栏 姿态 尊严 作家 作品 
---- Cluster id #17 ----
Size: 7
党建 国家教委 吉 来华 留学 留学生 中小学生 
---- Cluster id #18 ----
Size: 15
感人 汉年 精彩 潘 全方位 色彩 深感 塑造 线索 性格 犹如 右 战线 这部 主持人 
---- Cluster id #19 ----
Size: 25
奥地利 变成 不懈 成立 感到 共产党 哈佛 核 核电站 还有 建国 介绍 经历 两会 了解 前 人 为什么 以后 有益 有助于 之下 致力 中国 著名 
---- Cluster id #20 ----
Size: 16
安徽 安徽省 陈旧 电价 费用 高低 供电 降 交 郊区 角 每 农户 全省 乡 整顿 
---- Cluster id #21 ----
Size: 59
吧 炒 大树 等 翻 夫妇 感觉 感受 告别 告诉 隔 跟着 古老 火 记忆 家中 见 看见 渴望 冷 吗 忙 名字 那 那个 那么 那时 那天 那些 你 朋友 情景 请 如此 散 深处 声音 时候 事 听到 突然 玩 忘 温暖 我 喜欢 想 想到 想起 笑 些 心 心情 眼睛 遗憾 远 怎么 站 丈夫 
---- Cluster id #22 ----
Size: 59
保卫 爆发 被动 部队 才能 参与 长征 朝鲜 称赞 初期 担负 担任 到达 德 独立自主 夺取 风采 革命家 共和国 国防 海军 红军 后勤 解放军 进攻 经济基础 军队 军事 抗日战争 空军 毛 迫使 全军 人民军队 生涯 胜利 时期 题词 文选 我军 无产阶级 武警 武装 消极 协助 早 早期 泽东 占领 战场 战术 战争 争取 指挥 忠诚 主持 主观 总政治部 作战 
---- Cluster id #23 ----
Size: 16
不良 不惜 长沙 队 队员 国民党 回收 抗 迫害 奇迹 前线 日本 手中 厅 原来 债权 
---- Cluster id #24 ----
Size: 19
城 打假 店 防 活动 假货 假冒伪劣 联 商店 实 实实在在 同 退 无 信誉 引 载体 扎扎实实 中宣部 
---- Cluster id #25 ----
Size: 22
并非 打 攻 国家队 甲Ａ 教练 教练员 俱乐部 篮球 年轻 强劲 球 球队 球员 弱 赛季 输 万达队 训练 支 主教练 足球 
---- Cluster id #26 ----
Size: 13
包 博物馆 还 饺子 卢布 妈妈 弄 齐全 全家 失 喜悦 忧虑 展 
---- Cluster id #27 ----
Size: 26
巴金 北大 编 编辑 出版 出版社 读 读书 见解 精美 鲁迅 马克思 篇 日记 书 书店 书籍 图书 文章 问世 先生 宣言 页 以为 主编 作者 
---- Cluster id #28 ----
Size: 10
大选 东盟 国王 红色 回国 柬埔寨 拉那烈 曼谷 请求 政局 
---- Cluster id #29 ----
Size: 34
案件 暴力 爆炸 毒品 发票 犯罪 件 解释 禁毒 可靠 流失 民事 判决 破坏 抢劫 人民法院 涉及 受理 司法 诉讼 头脑 危害 维护 委托 刑法 刑事 性质 严厉 严重 执行 秩序 治安 宗旨 最高 
---- Cluster id #30 ----
Size: 19
摆脱 到位 定 兑换 发 贺电 据说 您 时报 世贸 提问 选出 议长 踊跃 预定 招待会 致以 中外 F基 
---- Cluster id #31 ----
Size: 27
帮扶 残疾人 地理 对口 扶 扶贫 富裕 妇联 妇女 攻坚 户 立足 蒙古 贫困 贫困户 贫困县 贫穷 葡萄 生机 失学 特困 特困户 突尼斯 脱贫 温饱 消除 养殖 
---- Cluster id #32 ----
Size: 26
北约 本报 大国 独联体 俄 俄罗斯 访 构想 伙伴 扩 莫斯科 谋求 签署 切尔诺梅尔金 渗透 首脑 条约 乌 乌克兰 西班牙 削弱 协定 协作 叶利钦 一体化 元首 
---- Cluster id #33 ----
Size: 17
场地 此次 答 担 动物 动物园 发行 挂牌 虎 基金 老虎 联网 其余 区别 问 野生 只 
---- Cluster id #34 ----
Size: 28
穿 春云 搭 顶 奋战 赶来 红十字会 火车 家园 抗震救灾 昆 老区 冒 命令 南 亲切 亲人 视 受伤 慰问 沿线 医疗队 灾民 张北 张家口 帐篷 只见 子弟兵 
---- Cluster id #35 ----
Size: 32
背景 变动 不同 层 程度 传统 动态 对立 分为 概念 工人 观点 价值 价值观 角度 阶层 另 流动 模式 群体 认为 身份 特征 同一 文化 学术 学者 研究 有人 真理 之外 种 
---- Cluster id #36 ----
Size: 82
闭幕 必然 参政议政 茶话会 阐述 出访 出席 次 大局 调查 调研 对外 发表 服从 赴 稿 各界 光亚 规范化 国权 华清 会议 活跃 建议 讲话 锦涛 举行 开幕 开拓 看望 考察 列入 鲁丽 履行 率 论坛 民工 强有力 乔 侨胞 渠道 全体 人选 日程 荣 瑞典 瑞环 商 石 讨论 题 通过 团体 拓展 伟长 希望工程 协商 新鲜 选平 研讨 研讨会 演讲 毅仁 议程 议题 与会 展望 章程 兆国 正英 政协 职能 制度化 智利 主席台 主席团 驻地 专题 作 座谈 座谈会 孚凌 
---- Cluster id #37 ----
Size: 45
办学 薄弱 毕业生 编写 部委 财经 成人 初中 待遇 该校 高等 高等教育 高校 高中 教材 教师 教学 教育 教职工 课 课程 老师 面向 年级 培养 普及 普通 人文 融入 设置 什么样 西南 小学 新加坡 型 学科 学生 学校 眼光 优先 招生 中等 中小学 住房 着 
---- Cluster id #38 ----
Size: 16
白酒 包含 查 工商 工商局 甲醇 假 酒 局 瓶 售 死亡 摘 制 中毒 抓获 
---- Cluster id #39 ----
Size: 14
白宫 电脑 法案 非洲 华盛顿 克林顿 美 美国 失业率 削减 信息 意味着 引起 引人注目 
---- Cluster id #40 ----
Size: 17
冲突 对话 分子 警察 局势 句 科索沃 恐怖 理事会 联络 南斯拉夫 内政 谴责 声明 事务 重申 宗教 
---- Cluster id #41 ----
Size: 42
财富 产业 成长 创新 到来 动力 发达国家 发展中国家 改变 赶 获取 机器 即 进步 具备 科技 科技界 科教兴国 科学技术 劳动者 论断 面临 蓬勃 前沿 求 取决于 全球化 人工 人类 人力 生产力 世纪之交 挑战 应用 迎接 战略 知识 知识经济 之上 智力 注入 走向 
---- Cluster id #42 ----
Size: 17
点 跌 菲 菲律宾 股票 股市 纪录 驾驭 乐观 伦敦 纽约 泡沫 上升 收盘 投机 下跌 指数 
---- Cluster id #43 ----
Size: 16
本国 担心 各国 哈 联盟 能源 试图 它们 西方 西欧 演习 伊朗 伊斯兰 争 争夺 中亚 
---- Cluster id #44 ----
Size: 9
场所 地面 房间 火灾 节 平安 受灾 水源 消防 
---- Cluster id #45 ----
Size: 13
波恩 德国 对付 福利 警方 科尔 罗马 马克 难民 土耳其 希腊 意大利 载 
---- Cluster id #46 ----
Size: 17
阿齐兹 安南 巴黎 备忘录 达成 各方 获悉 谨慎 救援 据悉 秘书长 使命 透露 协议 行 约旦 之前 
---- Cluster id #47 ----
Size: 37
步入 刺激 促使 低 放松 供给 供求 过度 后果 缓解 回落 加剧 买方 徘徊 趋 热 上去 上涨 停产 通货膨胀 通胀 统计局 物价 下滑 显然 相反 消费品 需求 虚假 依然 抑制 引发 原因 涨幅 正 正常 总 
---- Cluster id #48 ----
Size: 12
参考 长足 承办 传销 代表性 对此 沟通 会场 热情 提案 辛勤 撰写 
---- Cluster id #49 ----
Size: 37
报告 暴露 别国 承认 持 干涉 攻击 公认 公约 好处 家属 抗议 冷战 例如 每周 男女 其它 侵犯 侵略 人权 事实上 所谓 他人 统计 外国人 乌鲁木齐 限制 相同 消耗 研究会 依据 预期 珍惜 执政 指责 中期 自由 
---- Cluster id #50 ----
Size: 8
电影 氛围 关根 弘扬 精品 下功夫 宣传 舆论 
---- Cluster id #51 ----
Size: 13
补 大棚 甘肃 共建 捐赠 军人 军营 模范 某部 双拥 戏剧 形象 驻军 
---- Cluster id #52 ----
Size: 15
储量 大庆 勘探 老 利比亚 立方米 欧佩克 石油 桶 委内瑞拉 油 油气 油田 原油 足够 
---- Cluster id #53 ----
Size: 29
处长 歌舞团 广西 海南省 合肥 河北省 河南省 湖南省 检察长 江苏省 江西省 剧团 科教 科委 科协 内蒙古 任命 三下乡 山东省 陕西 陕西省 四川省 图书馆 团长 县长 宣传部 艺术团 云南省 浙江省 
---- Cluster id #54 ----
Size: 9
创汇 创业 钢铁 股 艰苦创业 艰苦奋斗 难关 铁 自力更生 
---- Cluster id #55 ----
Size: 18
倡导 创建 道德 讲 精神文明 可喜 理想 礼貌 利 美德 群众性 提倡 吸取 掀起 新风 修养 有待 治 
---- Cluster id #56 ----
Size: 17
冰雪 动作 对手 技巧 季 决赛 空中 辽宁队 难度 轻松 全场 赛场 上届 跳 赢 预赛 妍 
---- Cluster id #57 ----
Size: 73
爱 榜样 宝贵 伯伯 差别 超越 崇高 促成 诞辰 诞生 典范 恩来 风范 复杂 公仆 怀念 坏 极端 坚定 艰难 杰出 尽 境界 久 苦 老一辈 离开 历程 领导人 留下 每个 那样 那种 难忘 内外 内心 品格 前后 亲属 去世 全世界 热爱 人格 人群 善于 身 深情 岁月 替代 投身 伟人 文化大革命 无限 牺牲 细致 想象 心血 信念 业绩 一起 一生 遗产 忧 战友 政治家 之一 直到 中华民族 周 周年 卓越 走过 魅力 
---- Cluster id #58 ----
Size: 83
阿拉伯 阿盟 埃及 安理会 奥尔布赖特 巴格达 抱 避免 波兰 常任 常驻 此间 磋商 打电话 打算 大规模 地点 电 调解 动武 动用 发布会 发言人 法国 反对 否认 符 关切 国防部长 国务卿 果 海湾 号 核查 记者 加紧 结束 解决 紧张 警告 拒绝 决议 开罗 科恩 科威特 理事国 立场 联合国 美联社 穆巴拉克 派出 普里马科夫 前往 萨达姆 态度 特使 特委会 通报 途径 外交 外交大臣 威胁 危机 斡旋 武力 武器 希拉克 袭击 销毁 小组 新华社 新闻界 寻求 伊 伊拉克 英 英国 旨在 制裁 诸如 准备 总统 总统府 
---- Cluster id #59 ----
Size: 11
阿 阿尔及利亚 其琛 钱 外交部长 问候 意 友协 赞同 祝愿 转达 
---- Cluster id #60 ----
Size: 25
阿拉法特 巴 巴勒斯坦 撤军 辞职 分歧 和谈 进程 库克 黎 黎巴嫩 内阁 内塔尼亚胡 前夕 士兵 西岸 叙利亚 宣布 耶路撒冷 以 以色列 犹太人 约旦河 直升机 中东 
---- Cluster id #61 ----
Size: 126
安定 保持 保障 本次 必要 不足 布局 步伐 城乡 城镇 充足 出现 促进 达到 带来 导向 得到 调控 调整 对外开放 发展 方式 防范 分开 改革 改善 干旱 高新技术 搞好 各位 根本性 鼓励 国际 国民经济 国内 国内外 合理 宏观 化解 混乱 活力 基本建设 基础 机电 积极 计划 继续 加大 加快 减员增效 健康 节约 结构 进展 经济 经济社会 境外 居民 快 扩大 利用 力争 良好 量 零售 迈出 盲目 明显 农副产品 农田 批 平衡 浦东 潜力 取得 全 全年 社会 社会化 深化 生产资料 生产总值 生活 势头 适当 适度 适时 适应 试点 手里 水平 台阶 态势 提高 体系 体制 条件 同时 投入 推进 妥善 完善 稳定 稳妥 稳中求进 物质 显著 项目 效益 压力 因素 引导 优化 有利 有效 增长点 增加 增添 支撑 支持 重点 转变 着力 资本金 综合国力 总体 
---- Cluster id #62 ----
Size: 28
背 边防 产 恶劣 盖 高原 公斤 官兵 海拔 基地 艰辛 结 空白 领 们 农科院 摄氏度 塑料 停留 土 玉米 栽 栽培 种植 种子 重 株 猪 
---- Cluster id #63 ----
Size: 39
安 办事处 薄 不幸 策略 党组织 敌人 底 动员 发动 根据地 共产党员 故居 汇 借助 军民 开办 开辟 抗日 抗战 留给 率领 耐心 情绪 日报 少奇 拖 顽强 维持 我党 雄厚 学员 严峻 应付 运动 战斗 掌握 政权 子文 
---- Cluster id #64 ----
Size: 20
承受 措施 等级 定价 干预 各自 公平 价格 紧急 经营者 权限 商品 适用 损害 违法 行为 章 政府 自主 遵守 
---- Cluster id #65 ----
Size: 22
白色 丰收 高产 急需 节水 龙头 农产品 农科教 农民 农业 生物 收成 水稻 太空 突破 推广 稳 因地制宜 营养 增产 增收 植物 
---- Cluster id #66 ----
Size: 18
产业化 常州 成果 到底 集装箱 检测 科研 论文 满足 品位 清华 缺少 推荐 系统 验收 营造 转化 转换 
---- Cluster id #67 ----
Size: 25
变革 标准 成分 当做 方法 分析 否定 阶级 经典 经济学 卷 堪称 历史 领袖 马克思主义 名人 某些 年代 评价 人物 唯一 原理 哲学 著作 左 
---- Cluster id #68 ----
Size: 19
保健 病 病人 患者 急 评为 前来 生命 手术 通道 药 药品 医疗 医生 医学 医院 这家 治疗 住院 
---- Cluster id #69 ----
Size: 26
爱好者 拜年 播出 策划 唱 电视台 度过 歌 歌曲 歌声 歌舞 贺卡 湖 节目 快乐 联欢 明星 年年 农历 气息 首 晚会 舞蹈 演唱 邮票 展现 
---- Cluster id #70 ----
Size: 16
爱心 布鲁塞尔 成员国 感动 奖金 救助 捐 捐款 捐助 母亲 欧 欧盟 欧洲 启动 幸福 组委会 
---- Cluster id #71 ----
Size: 13
澳 澳门 颁布 颁奖 比较 丛书 官方 过渡 基本法 交接 两地 平稳 区 
---- Cluster id #72 ----
Size: 76
玻璃 彩色 测试 插 地位 独资 吨 辐射 服务业 港口 高档 高效 工艺 光 含 化工 机械 机组 激光 技术 计算机 加工 开发 控股 矿 连接 码头 煤 煤炭 摩托车 年产 农 农药 配套 品种 期货 千瓦 容量 沙漠 摄影 设备 设计 生产 水电 水泥 饲料 隧道 天然 通信 同步 外商 相关 新型 性能 药物 医药 仪 仪器 以上 以下 用 邮电 有机 原料 允许 运输 占 珍贵 制品 制造 中方 主导 专用 装置 咨询 综合 
---- Cluster id #73 ----
Size: 11
赤字 国会 花钱 加 开支 联邦 民主党 税务 新增 盈余 预算 
---- Cluster id #74 ----
Size: 8
冯 教堂 结婚 梅 苗 齐 室内 献 
---- Cluster id #75 ----
Size: 16
长官 发言 繁荣 风波 港 光明 回归 建华 美好 内地 社长 特区 为首 香港 信心 一国两制 
---- Cluster id #76 ----
Size: 16
奥委会 报道 传播 传媒 大众 禁止 媒介 媒体 赛事 体委 体育 网球 新闻 与会者 赞助 职业道德 
---- Cluster id #77 ----
Size: 23
出色 发起 国防部 合影 晋 军 军区 军委 连 旅 平 上将 社 师 司令员 所属 铁路局 团 一级 战役 政治部 中央军委 总参谋长 
---- Cluster id #78 ----
Size: 28
大道 大海 懂 封闭 风情 富有 古典 海 解 凝聚 批评 桥 缺乏 审美 失去 诗 诗歌 诗人 思 欣赏 心声 严谨 言 优美 誉为 者 这块 之 
---- Cluster id #79 ----
Size: 15
存量 分离 该书 公有制 股份制 轿车 经济效益 盘活 效应 要素 运营 运作 增值 资本 资本主义 
---- Cluster id #80 ----
Size: 26
标志 仓库 地下 电力 发电 个人 距离 跨越 扩建 垃圾 器材 桥梁 任何 射击 设施 施工 所在 条例 物品 线路 新建 延伸 移动 应 周围 作业 
---- Cluster id #81 ----
Size: 26
帮 帮助 本领 别人 锻炼 服务队 个体 挂 柜台 互助 货 季节 揭晓 卖 牌子 青年 热心 啥 生意 实用 司 学会 挣 志愿者 助 赚 
---- Cluster id #82 ----
Size: 10
关闭 合并 加元 接近 金融业 浪潮 瑞士 时尚 迅猛 银行业 
---- Cluster id #83 ----
Size: 15
杯 灯 繁华 喝 咖啡 乐 旁 啤酒 上面 停车 屋 阳光 扎 这儿 中科院 
---- Cluster id #84 ----
Size: 17
国土 汗水 棵 兰州 林业 绿 绿化 绿色 南极 青少年 庆林 全民 首都 苏丹 造福 造林 植树 
---- Cluster id #85 ----
Size: 80
巴基斯坦 半岛 贝宁 彼此 表示 大臣 大会堂 大使 丹麦 抵达 定期 多极化 访问 夫人 高层 高兴 关系 广阔 国 浩田 荷 荷兰 合作 互访 互利 欢迎 会见 会谈 建设性 交换 经贸 看法 来访 琳 领域 卢森堡 莫 莫桑比克 陪同 鹏 频繁 期待 签字 前景 热烈 摄 首相 书面 双边 双方 探讨 图片 外交部 外经贸部 为期 相互 相似 相信 谢里夫 新华 信任 兴趣 邀请 也门 仪式 应邀 有着 友好 友谊 圆满 愿 赞赏 增进 正式 之间 祝贺 驻华 卓有成效 总理 岚清 
---- Cluster id #86 ----
Size: 20
爱护 待 导弹 懂得 改造 工人阶级 估计 敬爱 看待 另外 倾向 设想 视为 吸收 赞成 真诚 知识分子 中间 资产阶级 自我 
---- Cluster id #87 ----
Size: 14
ＶＣＤ 便宜 查获 出版物 盗版 非法 光盘 海关 海上 货物 降价 净化 挖 走私 
---- Cluster id #88 ----
Size: 25
八一队 败 本轮 比分 场 夺冠 分钟 负 河南 击败 居 联赛 辽宁 轮 男篮 男排 女排 排球 升 胜 四川 讯 战 浙江 主场 
---- Cluster id #89 ----
Size: 18
背后 比如 出来 东西 断 对象 感情 港元 画 画家 精 经济林 良种 美术 中国画 中医 中医药 自然 
---- Cluster id #90 ----
Size: 24
采用 彩电 传输 电视 电视机 电子 多媒体 覆盖 广播 杭州 画面 接收 厘米 模拟 屏幕 取代 软件 数字 图像 推出 网 卫星 下乡 信号 
---- Cluster id #91 ----
Size: 19
充满 春 大地 丰富多彩 风光 国旗 欢乐 佳节 节日 气氛 庆 喜庆 祥和 新村 一派 迎来 愉快 之际 祝福 
---- Cluster id #92 ----
Size: 21
北部 北风 大雨 东部 华北 华南 黄淮 级 江淮 江南 局部 冷空气 南部 偏 气温 气象台 趋势 天气 小到中雨 移 预计 
---- Cluster id #93 ----
Size: 21
斌 常 大赛 段 番 获胜 开幕式 磊 名人战 盘 棋 棋手 取胜 深圳市 通讯 围棋 遭 战胜 主办 子 昊 
---- Cluster id #94 ----
Size: 17
菜 吃 倒 饭 故事 官 佳 描绘 闹 取 汤 透 碗 也 迎春 鱼 制作 
---- Cluster id #95 ----
Size: 7
安装 厂家 该厂 家具 热水器 隐患 用户 
---- Cluster id #96 ----
Size: 21
车辆 承担 高速公路 公路 机动车 加重 监控 交警 交通 认定 伤 事故 市区 司机 违章 现场 行人 责任 真相 支队 撞 
---- Cluster id #97 ----
Size: 10
波音 风暴 革新 拉美 马来西亚 马尼拉 通货膨胀率 推迟 亚 亚洲 
---- Cluster id #98 ----
Size: 22
版 报刊 读者 封 海外 焦点 来信 栏目 每天 偶然 权威 人民日报 上网 少儿 网上 消息 写道 因特网 阅读 中文 周刊 最新 
---- Cluster id #99 ----
Size: 20
城区 出租车 大街 堆 岗 功夫 街 街道 街头 居委会 扣 路上 南宁 南宁市 人人 市民 受益 属 文明 整治 
---- Cluster id #100 ----
Size: 28
爱国主义 保存 保护 抵御 革命 工作者 记录 纪念 纪念馆 建筑 经费 刊物 课堂 烈士 纳入 抢救 社会效益 师生 收藏 特有 贴近 统筹 维修 文物 文献 责任感 展览 庄严 
---- Cluster id #101 ----
Size: 23
长期 大家庭 对方 各 各族 光辉 加速 结成 景象 空 民族 凝聚力 平等 迫切 区域 少数民族 铁木尔・达瓦买提 团结 主人 自愿 自治 自治县 自治州 
---- Cluster id #102 ----
Size: 14
大楼 大厦 股份 开业 南昌 商场 商厦 实业 输出 徐州 有限 有限公司 郑州 珠海 
---- Cluster id #103 ----
Size: 75
倍 拨 拨款 藏 册 处于 传 此前 达 当地 地 佛教 各类 公民 共有 汉 黄金 基建 继 价 监狱 建成 交付 教 今 近年来 经 境内 旧 课题 拉萨 累计 历时 列为 流行 每月 免费 民间 年均 平方米 权利 全国性 全区 人均 设有 省市 使用 世 首要 所 特殊 网络 卫生 西藏 习惯 现有 县 享有 消灭 信仰 修复 严寒 拥有 原始 遭受 占有 整理 政 证实 支援 中央政府 状况 自治区 罪犯 座 
---- Cluster id #104 ----
Size: 47
Ｂ 层次 差 出售 大型 大中型 带动 方向 放开 非公有制 分散 风险 改组 搞活 国外 国有 机制 积累 计划经济 经营 竞争 考核 困境 灵活 目的 能力 配置 破产 企业 融资 市场 收购 手段 外部 小 效率 行业 选择 优势 约束 债务 战略性 政企 支柱 重复 壮大 追求 
---- Cluster id #105 ----
Size: 11
防伪 分配 会员 派 配 披露 税 送 增 专利 转 
---- Cluster id #106 ----
Size: 12
罚 基金会 借 每人 史 市 收 收取 手机 武汉 武汉市 现金 
---- Cluster id #107 ----
Size: 13
表演 大连 大师 换 坚实 京剧 剧目 论 迈向 戏曲 形 振兴 阵地 
---- Cluster id #108 ----
Size: 21
持久 典型 对待 发掘 高尚 个别 激励 节奏 空前 门 墙 全局 入手 树 系统工程 先进 选 涌现 针对性 抓 准 
---- Cluster id #109 ----
Size: 279
把握 摆 办 包括 本质 变为 表明 不可 步 部分 采取 产生 长 彻底 成功 成就 成为 充分 初 初级阶段 出发 处理 处在 创造 此 存在 错误 大会 代 党 党中央 得以 抵制 奠定 调动 动摇 独立 多 发挥 发扬 反映 犯 方面 方针 放 放在 奋斗 丰富 符合 富强 附 纲领 高举 搞 个 各个 各种 根本 工作 巩固 贡献 共产主义 鼓舞 关键 关心 关注 观念 广大 广泛 轨道 国家 国情 过程 好 核心 宏伟 后 回顾 会 基本 积极性 极大 集中 加以 坚持 坚强 肩负 艰巨 建立 建设 江 交往 接受 阶段 结合 解放 解放思想 进行 近 精神 精心 经受 经验 局面 举办 举世瞩目 巨大 具体 具有 决心 开创 开放 开始 开拓进取 看到 考虑 克服 客观 肯定 困难 来 牢记 利益 力量 联系 领导 路线 马列主义 矛盾 没有 面对 面前 明确 谋 目标 内容 能 能否 能够 年 努力 排除 判断 普遍 期间 起到 起来 千方百计 前进 前提 强大 强调 倾听 清楚 清醒 情况 全面 全心全意 确定 人民 任务 认清 认识 如 如何 上 少 社会主义 深刻 深入 生动 失误 十五大 时机 时间 时刻 实际 实事求是 实现 使 世纪 事业 是 视察 受到 说明 思想 所有 它 探索 特点 特色 提出 提到 体会 体现 同志 推向 脱离 完全 围绕 为 问题 我国 我们 物质文明 下 下去 现代化 新 形成 形式 形势 需要 要求 一定 一切 一致 依靠 以来 意见 意识 意义 意愿 应该 应有 赢得 拥护 勇于 优良 有 有的 有力 有些 遇到 原则 运用 泽民 怎样 崭新 展开 召开 这 这个 这些 这种 整个 正确 政策 政治 之中 直接 指出 指导 指引 中 种种 重大 重任 重视 重要 重要性 主动 主体 主要 注意 注重 抓住 准确 自身 总结 组成部分 组织 尊重 做出 做到 作出 作为 作用 
---- Cluster id #110 ----
Size: 14
闯 带有 丢 发现 干警 感染 敢 基因 鸣 牛 派出所 事物 试 头 
---- Cluster id #111 ----
Size: 23
拆 城市 持续 雕塑 耕地 公共 和谐 聚集 可 空间 类似 良性 某种 哪个 内涵 女性 铺 土地 喜爱 协调 循环 诸 主题 
---- Cluster id #112 ----
Size: 11
差距 地方 地区 发达 扶持 环 倾斜 实行 适合 缩小 中西部 
---- Cluster id #113 ----
Size: 10
多利 加拿大 科学家 克隆 培育 实验 实验室 细胞 羊 一等奖 
---- Cluster id #114 ----
Size: 20
处 窗口 灌溉 抗旱 念头 拍卖 全县 热潮 山区 示范 书画 谁 水 水利 水资源 小麦 小型 兴建 雨 原有 
---- Cluster id #115 ----
Size: 25
长期以来 厂 厂长 串 此案 工厂 功 罕见 辉煌 金钱 劳动模范 漏洞 妻子 荣誉 设 时健 受贿 外 忘记 烟 云南 账 追 总裁 褚 
---- Cluster id #116 ----
Size: 12
巴西 东北部 风貌 公顷 好评 看好 迈进 水准 私人 寻找 影片 优惠 
---- Cluster id #117 ----
Size: 21
报警 成熟 大队 服务 公安局 公益 接到 救 楼 民警 女士 平凡 热线 危险 小事 巡警 义务 议论 这么 值 资 
---- Cluster id #118 ----
Size: 19
爱尔兰 北爱 布莱尔 党派 国大党 竞选 领先 麻烦 南北 人民党 投票 席 席位 选民 选票 印 印度 阵线 政党 
---- Cluster id #119 ----
Size: 22
传真 大藏省 大中 东京 对策 封锁 古巴 官员 国务 韩国 汉城 解除 墨 桥本 日元 苏哈托 雅加达 印度尼西亚 印尼 印尼盾 援助 职员 
---- Cluster id #120 ----
Size: 28
遍 称为 风 敢于 豪华 好像 红 红旗 花 荒山 劲 京城 举 开 落 牡丹 哪 呢 神圣 时节 死 献给 香 像 延安 云 照 正好 
---- Cluster id #121 ----
Size: 42
把 楚政 床 登 地上 冬 房 富 根 孤儿 好事 划 患 挤 建房 脚 进 拉开 啦 龙 民兵 爬 彭 清 如同 双 似 躺 趟 填 痛苦 脱贫致富 湘西 乡亲 血 养猪 逾 阵阵 州 仔细 足 组 
---- Cluster id #122 ----
Size: 20
电视剧 幅 父亲 改编 集 家里 镜头 缅怀 女儿 拍 拍摄 水浒传 思念 挑选 心中 印象 展出 照片 忠实 子女 
---- Cluster id #123 ----
Size: 137
白 毕 波 蔡 藏族 曹 朝鲜族 陈 程 迟 川 崔 戴 单 丁 董 杜 范 方 费 傅 刚 高 葛 龚 古 谷 顾 关 贵 郭 韩 贺 洪 侯 胡 华夏 黄 回族 霍 贾 健 姜 蒋 杰 金 锦华 俊 康 孔 兰 李 力 梁 亮 廖 林 刘 柳 卢 鲁 陆 吕 罗 马 满族 蒙古族 孟 苗族 敏 明 名 聂 女 秦 曲 全有 群 尚 邵 申 沈 施 舒 松 宋 孙 谭 唐 涛 陶 田 土家族 万 万年 汪 王 韦 维吾尔族 伟 魏 文 闻 吴 夏 向 肖 谢 星 熊 徐 许 薛 严 阎 杨 扬 姚 叶 毅 尹 勇 游 于 余 俞 袁 曾 张 赵 郑 志 钟 朱 祝 壮族 邹 
---- Cluster id #124 ----
Size: 31
边界 初步 大 大小 公司 衡量 互补 集团公司 家 兼并 简单 进入 跨 宽 亏损 联合 连续 排 排名 评 其 强 实力 世界 速度 通用 下属 相当 一样 杂志 真正 
---- Cluster id #125 ----
Size: 10
公园 辆 门口 跑 汽车 入 随意 享受 游人 自行车 
---- Cluster id #126 ----
Size: 14
房地产 分类 缓慢 回升 竣工 开发区 开工 来源 面积 商品房 下降 相比 销售 小区 
---- Cluster id #127 ----
Size: 43
奥运会 澳大利亚 本届 比赛 冰球 场面 长野 成绩 打破 冬奥会 夺 夺得 分 冠军 滑 滑雪 获得 角逐 金牌 锦标赛 枚 米 秒 名将 名列 男子 女子 挪威 乒乓球 破 赛 世界杯 世界纪录 速滑 铜 选手 亚军 意外 银 游泳 运动员 中国队 缪 
---- Cluster id #128 ----
Size: 24
风格 个性 观看 观众 轰动 虎踞 话剧 角色 剧院 南京 上演 声 舞剧 舞台 戏 响起 演 演出 演员 一流 艺术家 院 掌声 钟山 
---- Cluster id #129 ----
Size: 10
波黑 归 科 科特迪瓦 美军 民 塞 塞拉利昂 维和 西非 
---- Cluster id #130 ----
Size: 15
保留 弊端 波罗的海 部 干 工业部 经贸委 民政部 拟 卫生部 文化部 宪章 冶金 制订 组建 
---- Cluster id #131 ----
Size: 16
产权 促 大胆 单一 跟 股份合作制 集体经济 江苏 融合 生命力 素质 所有制 武术 乡村 乡镇企业 中小企业 
---- Cluster id #132 ----
Size: 47
报纸 不见 不知 灿烂 打下 道 道理 端 放心 风景 钢琴 国企 寒风 河 后者 怀着 奖 颗 口 来临 蓝 利润 临 陌生 难免 捧 漂亮 清晰 剩下 世人 双手 说话 掏 天空 同事 同行 童 喜 想法 眼 爷爷 艺术品 意思 志成 珠江 总经理 帷幕 
---- Cluster id #133 ----
Size: 38
长城 春风 此时 动 动人 歌剧 海口 惠芬 激情 家人 间 惊人 乐团 联手 练 梦 年轻人 评论 人间 她 题写 天地 天下 维也纳 舞 响 校园 演奏 一代 意志 音乐 音乐会 圆 酝酿 展示 知 重返 闵 
---- Cluster id #134 ----
Size: 24
百富勤 北方 草 草地 当中 该县 攻关 贵州 湖北 江西 可观 棉花 亩 南方 农业部 人均收入 认可 试验 踏 细 兴奋 畜 畜牧业 养 
---- Cluster id #135 ----
Size: 23
博览会 不怕 乘客 冲 大学生 歹徒 刀 夫妻 服装 喊 刻苦 连队 脸上 玲 美丽 幕 青春 邱 设计师 踢 围 鲜花 英雄 
---- Cluster id #136 ----
Size: 24
班 笔者 长途 车 车站 锋 奉献 姑娘 号召 回家 火车站 姐妹 拉 雷 奶奶 事迹 送给 她们 停 现任 新人 学 再现 真情 
---- Cluster id #137 ----
Size: 130
啊 搬 被告 不错 不顾 不好 不行 采访 成 乘 出 此事 错 答应 大家 大姐 大门 大桥 带 当 到 得 得知 顿 多少 儿子 返回 房子 放弃 父母 赶到 给 过 过去 孩子 后人 话 恢复 回 回到 回来 回去 记得 将军 讲述 交谈 叫 接触 接见 觉得 开会 看 来到 老伴 老人 里 了 令 留 流 买 目光 拿 哪里 你们 农家 片 平静 气 情 秋 去 让 人家 上班 上来 上学 少年 身边 身上 身体 深厚 深切 深受 师傅 时 什么 事情 说 送礼 岁 他 他们 天 听 听说 完 晚 位 伍 西安 洗 下来 详细 新疆 心里 修权 呀 样子 一家 一行 迎 在 赞扬 招 找 这样 真实 震 知道 之后 住 装 自己 字 走 走访 最后 做 坐 
---- Cluster id #138 ----
Size: 6
包袱 得出 讲究 相声 心态 幽默 
---- Cluster id #139 ----
Size: 11
病毒 打工 高考 供 邯钢 活 鸡 考试 石家庄 县城 资助 
---- Cluster id #140 ----
Size: 16
伴随 草原 大厅 电厂 故乡 洪水 黄河 青海 三角洲 生长 水库 水土 西北 遇 这里 值班 
---- Cluster id #141 ----
Size: 20
报名 岛 工具 激发 疾病 理性 期望 青岛 清洁 人们 生存 书法 同学 外面 温馨 心理 心灵 行动 征文 志愿 
---- Cluster id #142 ----
Size: 20
本地 长工 创办 地质 典礼 光彩 光荣 何 艰苦 精力 品质 平原 亲 添 献身 用品 院校 找到 直至 装备 
---- Cluster id #143 ----
Size: 23
报 称 地震 发生 房屋 防震 负责 监测 减灾 救济 救灾 抢险 人民政府 丧失 伤亡 物资 县级 预报 预测 灾害 灾区 造成 重建 
---- Cluster id #144 ----
Size: 15
包装 儿童 份 广告 含量 家长 净 刊登 看出 科普 克 期刊 食品 指标 中药 
---- Cluster id #145 ----
Size: 127
Ｄ 办公室 办公厅 北京 北京大学 北京市 毕业 博士 部长 参加 常委 常务委员 车间 成员 冲击 出任 大学 当选 党委 党校 党组 地委 东北 董事长 队长 分局 福建 福建省 副 干事 工程师 工商联 工作组 共青团 顾问 管理局 广东省 国务委员 哈尔滨 汉族 黑龙江 黑龙江省 湖北省 湖南 化学 会长 获 吉林 吉林省 计委 加入 兼 教授 届 经理 局长 军分区 科长 科学院 联合会 辽宁省 秘书 民革 名誉 男 其间 清华大学 全国 任 山东 上海 上海市 沈阳 生 省 省长 省委 省政府 市长 市委 受 书记 书记处 数学 水利部 所长 天津 天津市 外事 委员 委员长 系 厦门 县委 校长 协会 学位 学习 学院 研究生 研究室 研究所 研究员 研究院 业余 议员 院长 院士 政法 政委 政治局 职 中共 中共中央 中华 中学 中央 中央委员 主任 主任委员 主席 助理 专业 总工会 总会 组长 组织部 
---- Cluster id #146 ----
Size: 31
保 传来 村庄 大雪 抵 第一线 感慨 寒冷 黑 抗灾 肯 连日来 粮 路 牧民 那曲 飘 缺 日子 烧 手 特大 兄弟 雪 雪灾 夜 衣服 运 灾情 中南海 自救 
---- Cluster id #147 ----
Size: 16
产品 抽查 创 合格 激烈 检验 名牌 牌 拼搏 推销 兴 优 优质 占据 质量 最终 
---- Cluster id #148 ----
Size: 53
本人 宾馆 不准 查处 处分 党风 党内 党性 党员 党政机关 电话 斗争 反 反腐倡廉 腐败 公款 会计 机 集资 纪检 纪律 纪委 监察 健行 考验 礼品 立 廉洁自律 廉政 蔓延 配备 评议 清理 庆典 全会 上级 奢侈浪费 审计 实体 收费 土壤 外地 违纪 尉 严禁 娱乐 源头 赠送 制止 追究 准则 自 钻研 
---- Cluster id #149 ----
Size: 15
冰箱 产量 成都 电器 果断 科龙 论证 宁 迁 认证 生产线 视野 台 同样 投产 
---- Cluster id #150 ----
Size: 16
筹措 大户 档案 感谢 激动 井 脸 煤矿 扭亏 山西 山西省 太原 微笑 辛苦 信 总书记 
---- Cluster id #151 ----
Size: 60
保证 表率 不正之风 部署 成效 党政 电台 遏制 繁重 防止 风气 负担 干部 各级 各项 贯彻 狠抓 及时 加强 坚持不懈 坚定不移 坚决 减轻 健全 接待 紧密 牢固 力度 落实 密切 民主 强化 强烈 切实 群众 实效 树立 顺利 突出 位置 项 效果 严格 要 有序 责任制 增强 战斗力 整体 至关重要 制度 制约 抓好 专项 着眼 着重 自觉性 综合治理 做好 作风 
---- Cluster id #152 ----
Size: 23
编者 词 过硬 海信 呼唤 毁 决策 开阔 可谓 理解 领导班子 领导者 那里 启示 挖掘 一把手 硬 勇敢 用人 员工 在于 智慧 自律 
---- Cluster id #153 ----
Size: 33
办公 不便 长江 都市 更新 广场 机遇 交给 库区 老百姓 民心 民营 难题 起步 企业界 前所未有 全市 人心 三峡 上游 市政府 市中心 思路 位于 修建 移民 振奋 之内 直辖市 指挥部 重庆 重庆市 主 
---- Cluster id #154 ----
Size: 16
船 船舶 订 骨干 建造 接轨 农场 起点 全新 艘 缩短 消化 引进 造 周期 总公司 
---- Cluster id #155 ----
Size: 41
财产 呈 惩处 承包 当事人 递增 调节 发明 法官 法院 犯罪分子 方略 干扰 公正 够 航运 合法 合同 家庭 建新 金额 纠纷 类 类型 迈 每年 宁波 判处 赔偿 平均 权益 审理 审判 数额 严打 严肃 增大 增多 知识产权 致使 中级 
---- Cluster id #156 ----
Size: 33
朝 春运 对 分工 高速 公里 广 广州 沪 津 京 九 卡 开通 客车 客运 列 列车 临时 旅客 清除 神 售票 提 铁道部 铁路 图 为主 线 小时 以内 涌 运行 
---- Cluster id #157 ----
Size: 19
云 邦国 布赫 长春 春耕 代表团 防火 改制 光英 广东 贵鲜 海南 家宝 家华 菊 农垦 森林 铁映 温 
---- Cluster id #158 ----
Size: 8
健身 可贵 宁夏 庆祝 省区 实事 务实 原材料 
---- Cluster id #159 ----
Size: 28
安置 保险 出路 第三产业 分流 富余 岗位 工会 就业 块 劳动力 劳务 没 门路 女工 上岗 社区 失业 私营 退休 拓宽 下岗 兴办 养老 职工 职业 中心 转移 
---- Cluster id #160 ----
Size: 46
颁发 办法 本 采矿 采矿权 出资 登记 发布 范围 公告 管理 国务院 会同 减 缴纳 开采 勘查 矿产 领取 免 名称 年度 平方公里 评估 起 签订 日 申请 审批 手续 探矿权 特定 提交 天然气 停止 限期 许可证 延续 原 暂行 招标 主管 转让 资料 资源 最低 
---- Cluster id #161 ----
Size: 29
档次 掉 锭 纺织 非 付出 工业 攻坚战 济南 截至 解困 举措 离退休 落后 契机 抢 敲 生产能力 升级 淘汰 突破口 退出 陷入 压 压锭 压缩 沿海 增至 重组 
---- Cluster id #162 ----
Size: 14
比 比利时 大使馆 饭店 花园 华侨 华人 建交 来自 南非 年会 社团 匈牙利 驻 
---- Cluster id #163 ----
Size: 10
承诺 杜绝 购 购物 顾客 化肥 商家 上门 投诉 消费者 
---- Cluster id #164 ----
Size: 40
Ａ 表面 成本 出去 出于 代价 等于 多元化 功能 规模 过来 合资 机会 集团 节省 看来 可能 扩展 扩张 垄断 内部 纽带 甚 失败 收益 同类 无法 限度 销售额 行列 迅速 业务 盈利 值得 指明 专业化 资产 总部 组合 做法 
---- Cluster id #165 ----
Size: 36
百姓 办案 不够 查办 出台 打击 队伍 赋予 环节 贿赂 监督 检察 纠正 举报 开展 力气 培训班 配合 起诉 轻 认真 上下 涉嫌 审查 释放 思卿 贪污 一体 预防 正气 职务 职责 执法 治国 罪 渎职 
---- Cluster id #166 ----
Size: 28
笔 边 产值 倡议 超 此举 倒闭 地处 短短 发出 国家级 怀 家乡 利税 企业家 欠 上任 盛 挑 脱 小伙子 新年伊始 跃 云龙 运河 这时 自豪 最佳 
---- Cluster id #167 ----
Size: 35
边境 传递 打开 等待 对抗 反应 访华 感 高级 固定 华 回忆 会晤 见面 离 临近 罗马尼亚 敏感 日期 使馆 守 司长 苏 苏联 谈 谈话 推 外长 新任 愿意 越 越南 障碍 正常化 着手 
---- Cluster id #168 ----
Size: 15
比例 操作 分行 负债 该行 固定资产 国民 监管 巨额 控制 取消 事件 损失 限额 住宅 
---- Cluster id #169 ----
Size: 16
本身 侧面 长远 超出 单纯 规律 忽视 具 里面 论述 内在 使得 双重 腿 文艺 自觉 
---- Cluster id #170 ----
Size: 18
菜篮子 产销 大中城市 短缺 副食品 格局 工程 供应 连锁 流通 批发 肉 市场化 蔬菜 水果 销 消费 转向 
---- Cluster id #171 ----
Size: 38
步骤 潮流 大陆 大业 当局 儿女 分裂 共同 海内外 海峡 和平 呼吁 回应 加深 交流 两岸 领土 民众 企图 商谈 深远 势力 台湾 谈判 同胞 统一 推动 完整 往来 希望 现状 心愿 愿望 主权 主张 状态 祖国 阻碍 
---- Cluster id #172 ----
Size: 29
补充 不得 部门 处罚 单位 罚款 给予 构成 规定 机关 可以 款 没收 内 批准 其他 情节 权 收到 属于 提供 条 违反 需 应当 有关 予以 责令 指 
---- Cluster id #173 ----
Size: 11
出国 旅游 旅游业 批示 人次 商务 探亲 外国 吸引 游客 专家 
---- Cluster id #174 ----
Size: 42
百分点 拆借 筹资 存 存款 贷款 担保 抵押 发放 法定 法人 幅度 高于 挂钩 货币 降低 结算 金融 客户 理顺 利率 利于 例 名义 哪些 商业 投放 下调 现行 信贷 信用 行长 一般 银行 用于 有利于 月 这次 政策性 准备金 准备金率 资金 
---- Cluster id #175 ----
Size: 31
奔 财务 村干部 村里 村民 村委会 村务公开 大事 该市 干群 公开 河北 后面 怀疑 基层 困扰 乱 满意 明白 农村 盼 前面 确实 任职 上访 说法 推行 县里 乡镇 小康 这项 
---- Cluster id #176 ----
Size: 31
安排 补贴 财力 财税 财政 采购 超过 呈现 大于 得益 低于 工资 关税 减免 减少 粮食 弥补 其中 确保 适度从紧 收入 收支 税收 完成 相应 有所 元 增长 增幅 征收 支出 
---- Cluster id #177 ----
Size: 26
比重 表 从事 从业 分布 公报 结果 快速 劳动 末 年龄 普查 人数 人员 如下 数 数据 数量 西部 吸纳 以外 占地 镇 中部 总量 总数 
---- Cluster id #178 ----
Size: 27
办理 保值 不满 财政部 持有 储蓄 到期 兑付 付 公布 购买 国债 计 计算 利息 满 年利率 凭证式 期 实物 事宜 提前 网点 营业 邮政 债券 支付 
---- Cluster id #179 ----
Size: 28
爱国 冰 参观 传达 此后 负责人 告 关怀 看看 隆重 民主党派 浓 青 人士 熟悉 天安门 统一战线 统战 统战部 外出 文革 文件 显得 遭到 照顾 召集 知名人士 指示 
---- Cluster id #180 ----
Size: 34
班子 编者按 变 不如 吃饭 纯收入 村 带领 带头 党支部 短 改 工 建 靠 累 路子 面貌 难 怕 穷 全村 山 抬 通 投 物 县政府 修 依旧 易 咱 致富 总产值 
