---- Cluster id #1 ----
Size: 26
词 过硬 海信 和谐 呼唤 毁 决策 可贵 可谓 冷空气 理解 领导者 那里 凝聚力 品质 启示 气象台 挖掘 小到中雨 硬 勇敢 用人 员工 在于 智慧 自律 
---- Cluster id #2 ----
Size: 22
ＶＣＤ 彩电 传输 大雨 电视 电视机 多媒体 覆盖 广播 杭州 画面 接收 厘米 模拟 取代 数字 图像 推出 网 卫星 下乡 信号 
---- Cluster id #3 ----
Size: 12
博物馆 长足 核 核电站 还 京城 美军 齐全 失 首都 忧虑 展 
---- Cluster id #4 ----
Size: 29
爱 伯伯 不顾 采访 此事 房子 故事 坏 讲述 流 面前 难忘 拍 平凡 亲属 情 去世 热爱 人格 身上 深情 危险 伟人 心中 迎 永恒 政治家 最终 魅力 
---- Cluster id #5 ----
Size: 15
带有 反响 该书 话题 揭示 景观 理性 灵魂 描写 某种 时尚 文学 现实主义 再现 真实 
---- Cluster id #6 ----
Size: 13
风光 稿 贺卡 寄 精美 快乐 偶然 上面 书画 温馨 研究会 意外 祝 
---- Cluster id #7 ----
Size: 21
筹措 储量 船 船舶 吨 骨干 建造 接轨 经济林 勘探 起点 消化 引进 油 油气 油田 原油 造 周期 总公司 足够 
---- Cluster id #8 ----
Size: 17
长官 繁荣 风波 港 回归 建华 内地 乔 社长 石 事务 特区 为首 香港 一国两制 珠海 驻 
---- Cluster id #9 ----
Size: 17
承包 担 地处 股份合作制 荒山 开发 老区 苗 亩 女工 山区 投产 掀起 县城 有机 自豪 综合 
---- Cluster id #10 ----
Size: 15
产业化 成果 到底 集装箱 检测 科研 论文 满足 清华 缺少 托 系统 验收 转化 转换 
---- Cluster id #11 ----
Size: 16
颁奖 部 黑 获 获奖 奖 鲁迅 篇 评选 秋 首席 一等奖 影片 优秀 制作 最佳 
---- Cluster id #12 ----
Size: 14
报道 报纸 本报 波兰 大使馆 记者 据说 连日来 两会 时报 武术 消息 约旦 招待会 
---- Cluster id #13 ----
Size: 39
别的 成熟 创立 创造性 道路 邓小平理论 动摇 分析 高潮 观察 回答 继承 经受 卷 科学 课题 理论 领会 马克思主义 马列主义 毛泽东思想 面 命运 旗帜 前途 倾向 全党 确立 时代 实践 实质 逝世 伟大 兴起 展现 哲学 真理 知识分子 著作 
---- Cluster id #14 ----
Size: 20
表彰 传播 服务队 国土 汗水 技能 绿 绿化 绿色 蓬勃 青年 青少年 实用 团中央 喜爱 新风 依托 造林 志愿者 助 
---- Cluster id #15 ----
Size: 10
便宜 采购 采用 获悉 节省 深圳市 缩短 一流 招 招标 
---- Cluster id #16 ----
Size: 12
查获 出版物 盗版 非法 光盘 海关 海上 净化 尚 少年 挖 走私 
---- Cluster id #17 ----
Size: 7
杜绝 公安部 火灾 特大 违章 消防 隐患 
---- Cluster id #18 ----
Size: 21
尝 城 打假 店 工商局 狗不理 假货 假冒伪劣 客人 老板 理 联 期刊 商标 实实在在 为何 无 悬挂 真 中宣部 注册 
---- Cluster id #19 ----
Size: 6
层 大海 海 海南 平静 深处 
---- Cluster id #20 ----
Size: 15
版 报刊 北大 本届 册 场地 出版社 党建 订 翻 刊物 商务 图书 图书馆 杂志 
---- Cluster id #21 ----
Size: 12
国际象棋 画家 艰辛 节 旅 鸣 南极 念头 女性 志 周刊 自然 
---- Cluster id #22 ----
Size: 25
北 变化 承受 吹 大气 地球 度 厄尔尼诺 附近 海洋 毫米 环 家园 暖 气候 气象 热带 上空 太平洋 太阳 天气 西 现象 响应 月球 
---- Cluster id #23 ----
Size: 15
步 超越 成分 非公有制 公有制 归 经过 没收 民营 私人 苏丹 土地 消灭 资本主义 资产阶级 
---- Cluster id #24 ----
Size: 16
保存 常州 大街 地面 故居 国民 街 名人 浓郁 品位 气息 素质 文化 下功夫 徐州 营造 
---- Cluster id #25 ----
Size: 15
报警 笔者 超出 初中 打 打电话 电话 歌曲 广告 热线 收费 诱惑 娱乐 这么 真相 
---- Cluster id #26 ----
Size: 7
大庆 风貌 豪华 艰苦创业 艰苦奋斗 难关 自力更生 
---- Cluster id #27 ----
Size: 16
参政议政 承办 代表性 发言 反映 工商联 规范化 开拓 世纪之交 提案 委员 协商 辛勤 圆满 政协 制度化 
---- Cluster id #28 ----
Size: 18
被告 当做 儿子 法官 夫妻 过年 回家 拿 前夕 上班 生日 收 手里 首 送礼 拖 完 丈夫 
---- Cluster id #29 ----
Size: 12
八一队 比分 对手 封锁 古巴 决赛 辽宁队 男篮 轻松 输 赢 预赛 
---- Cluster id #30 ----
Size: 33
白色 背 边防 产 大棚 恶劣 盖 高原 公斤 官兵 海拔 基地 结 军区 空白 领 农场 葡萄 奇迹 气温 摄氏度 士兵 蔬菜 挑 头 土 玉米 栽 栽培 种植 种子 株 猪 
---- Cluster id #31 ----
Size: 46
博士 出任 福建 福建省 工作组 顾问 黑龙江 黑龙江省 红十字会 后勤 湖北 湖北省 华南 化学 会长 吉林 吉林省 经理 军分区 辽宁 辽宁省 留学 伦敦 上海 上海市 沈阳 省长 实业 市长 数学 厦门 协会 业余 议员 政法 政委 职 中华 中学 州 主编 主任委员 助理 总队 总工会 总会 
---- Cluster id #32 ----
Size: 79
安装 办事 本人 表率 不正之风 不准 查处 出台 处分 党风 党性 党员 党政 党政机关 第一线 斗争 对策 遏制 反 反腐倡廉 腐败 干部 公款 狠抓 会计 机 集资 纪检 纪律 纪委 监察 坚决 健行 接待 考验 礼品 立 廉洁自律 廉政 蔓延 配备 评议 强化 清理 庆典 全会 容易 上级 奢侈浪费 审计 实体 土壤 外地 违法 违反 违规 违纪 尉 行为 严格 严禁 一级 有序 源头 责任 责任制 赠送 制约 制止 抓好 追究 准则 着重 自 自觉性 综合治理 钻研 遵守 作风 
---- Cluster id #33 ----
Size: 29
搬 策划 传来 抵制 东北 对付 翻译 放弃 风采 风范 康 兰州 前来 侵略 热心 深厚 天地 我党 我军 伍 袭击 校园 修权 赞扬 早期 战场 重 重任 总参谋长 
---- Cluster id #34 ----
Size: 22
菜 称为 吃 饭 官 好像 红 花 牡丹 旁 散 烧 时节 死 汤 碗 香 像 延安 也 鱼 正好 
---- Cluster id #35 ----
Size: 18
播出 场面 电视剧 感人 汉年 集 潘 全方位 色彩 深感 事件 水浒传 塑造 线索 性格 战线 这部 忠实 
---- Cluster id #36 ----
Size: 19
安徽 安徽省 陈旧 电价 费用 高低 供电 合肥 降 交 郊区 每 农户 亲 亲人 全省 薛 寻找 整顿 
---- Cluster id #37 ----
Size: 18
保险 不良 辞职 此前 大藏省 东京 法案 官员 国会 禁止 桥本 日本 日元 新闻 舆论 债权 职业道德 职员 
---- Cluster id #38 ----
Size: 54
补充 材料 待 逮捕 法庭 公安 管辖 规定 检察院 鉴定 结论 居住 可以 款 理由 立案 列 律师 秘密 批准 聘请 期限 其他 取 权 认定 上述 省级 事实 是否 收到 收集 收取 属于 说明 随 提起 通知 同意 为由 未能 嫌疑人 刑事诉讼法 姓名 修订 询问 延长 应当 在场 章 侦查 证据 证明 指 
---- Cluster id #39 ----
Size: 14
冰箱 成都 创办 电器 动作 果断 科龙 论证 迁 台 同样 意味着 争 专利 
---- Cluster id #40 ----
Size: 10
病毒 感染 关税 拉美 贸易 其余 全球 全球化 预计 增长率 
---- Cluster id #41 ----
Size: 34
步入 刺激 促使 低 定价 干预 供给 供求 缓解 回落 加剧 价格 经营者 买方 徘徊 趋 热 商品 上涨 适用 停产 通货膨胀 通胀 物价 下滑 相反 需求 虚假 抑制 原因 涨幅 正 正常 总 
---- Cluster id #42 ----
Size: 20
风格 观看 观众 轰动 虎踞 话剧 剧院 南京 前线 上演 替代 舞台 戏 戏剧 献身 演 演出 艺术家 院 钟山 
---- Cluster id #43 ----
Size: 18
爱心 得以 地理 富裕 感动 奖金 救助 捐 捐助 看见 母亲 贫困 贫穷 启动 献 消除 幸福 组委会 
---- Cluster id #44 ----
Size: 17
本地 担心 东亚 动荡 恶化 风暴 可能性 利 马来西亚 判断 推迟 削弱 新兴 亚洲 引发 支付 周边 
---- Cluster id #45 ----
Size: 16
本身 侧面 单纯 对立 规律 忽视 具 里面 论述 内在 使得 双重 腿 文艺 自觉 左 
---- Cluster id #46 ----
Size: 29
锭 段 纺织 工业 过度 济南 截至 解困 离退休 落后 名人战 棋 棋手 契机 抢 敲 生产能力 升级 淘汰 突破口 退出 围棋 陷入 压 压锭 压缩 沿海 重组 昊 
---- Cluster id #47 ----
Size: 24
并非 补 补贴 出售 道德 抵押 房 福利 个人 工资 供应 角 老年人 例 每月 实物 市场化 消费 小区 需 养老 住房 住宅 租 
---- Cluster id #48 ----
Size: 22
长途 车 锋 奉献 姑娘 号召 弘扬 换 火车站 姐妹 拉 雷 某部 奶奶 事迹 送给 她们 题词 停 现任 新人 学 
---- Cluster id #49 ----
Size: 26
爱国 冰 参观 传达 负责人 告 工人阶级 隆重 民主党派 迫害 青 人士 提倡 天安门 统一战线 统战 统战部 外出 文革 文件 显得 遭到 照顾 召集 知名人士 指示 
---- Cluster id #50 ----
Size: 28
办理 保值 不满 财政部 撤销 持有 储蓄 到期 兑付 付 公布 购买 国债 计 计算 交易 利息 满 年利率 凭证式 期 申报 事宜 提前 网点 邮政 债券 指定 
---- Cluster id #51 ----
Size: 20
导演 改编 激发 疾病 节奏 精彩 某 闹 圈 热闹 人们 生存 思维 外面 洗 小说 写作 心理 影视 作家 
---- Cluster id #52 ----
Size: 24
持续 出生 达标 动手 防治 各地 环保 环境 计划生育 接 紧 可 良性 流域 排放 人口 生态 算 污染 下决心 循环 治理 诸 抓紧 
---- Cluster id #53 ----
Size: 19
波恩 波黑 冲突 对话 分子 官方 呼吁 警察 局势 科索沃 恐怖 联络 南 南斯拉夫 内政 谴责 声明 新闻界 行人 
---- Cluster id #54 ----
Size: 56
案件 财产 呈 惩处 承担 处罚 当事人 递增 法院 犯罪分子 方略 干扰 公正 够 航运 合法 合同 家庭 加重 件 金额 纠纷 可靠 类 类型 每年 民事 宁波 判处 赔偿 平均 权益 人民法院 上升 涉及 审理 审判 数额 司法 诉讼 委托 效果 严打 严厉 严肃 严重 增大 增多 知识产权 执行 致使 秩序 治安 中级 宗旨 最高 
---- Cluster id #55 ----
Size: 10
半岛 虎 老虎 农历 平安 声 视为 属 象征 只 
---- Cluster id #56 ----
Size: 17
拜年 层层 大小 电视台 歌舞 节目 开发区 联欢 留学生 明星 年年 屏幕 书法 晚会 演唱 演员 邮票 
---- Cluster id #57 ----
Size: 19
此次 大中 丹麦 党派 国大党 获胜 竞选 科尔 领先 人民党 席 席位 相似 选民 选票 印度 阵线 政党 执政 
---- Cluster id #58 ----
Size: 26
处 处长 广西 海南省 河北省 河南省 湖南省 江苏省 剧团 科教 科委 科协 内蒙古 农科院 三下乡 山东省 陕西 陕西省 四川省 团长 县长 宣传部 医院 艺术团 云南省 浙江省 
---- Cluster id #59 ----
Size: 22
北方 草 草地 大雪 当中 该县 攻关 贵州 江西 抗灾 牧民 那曲 南方 人均收入 认可 试验 踏 细 畜 畜牧业 雪灾 养 
---- Cluster id #60 ----
Size: 22
笔 边 产值 倡议 超 创汇 此举 短短 服装 国家级 怀 家乡 军人 看好 利税 企业家 欠 盛 脱 望 跃 云龙 
---- Cluster id #61 ----
Size: 26
背景 差别 程度 对此 观点 价值观 角度 阶层 另 流动 强有力 群体 认为 社会 身份 私营 缩小 特征 同一 显然 消极 移 有人 原有 之间 之外 
---- Cluster id #62 ----
Size: 29
安置 出路 第三产业 分流 富余 岗位 工程 工会 工商 就业 困难 劳动力 劳务 门路 蒙古 培训 破产 失业 市 特困 退休 外来 武汉市 务工青年 下岗 兴办 职工 职业 中心 
---- Cluster id #63 ----
Size: 20
冰雪 大地 繁华 丰富多彩 国旗 欢乐 佳节 街道 节日 罗马 气氛 庆 喜庆 祥和 新村 夜 一派 迎来 愉快 祝福 
---- Cluster id #64 ----
Size: 13
房地产 分类 缓慢 回升 教职工 竣工 开工 面积 平方米 商品房 下降 相比 指数 
---- Cluster id #65 ----
Size: 39
北部 北约 本国 波罗的海 大国 独联体 俄 俄罗斯 访 各国 各自 构想 哈 伙伴 吉 扩 理事会 联盟 谋求 欧洲 签署 渗透 首脑 守 条约 乌 乌克兰 西方 西欧 宪章 协定 演习 叶利钦 一体化 伊朗 伊斯兰 元首 争夺 中亚 
---- Cluster id #66 ----
Size: 27
标志 不得 仓库 地下 电力 发电 奖励 距离 跨越 扩建 内 器材 桥梁 任何 设施 施工 损害 所在 条例 物品 线路 新建 兴建 延伸 移动 应 作业 
---- Cluster id #67 ----
Size: 45
必然 参考 出访 调研 动态 对外 儿女 氛围 各界 广阔 规章制度 海内外 好评 宏伟 活跃 机关干部 加深 交往 举办 开阔 开幕式 来源 履行 迈 配合 侨胞 渠道 视察 视野 拓展 围绕 向前 协作 邀请 意愿 应邀 原来 增进 展望 职能 制订 主动 专题 自愿 组 
---- Cluster id #68 ----
Size: 20
比重 单位 法人 分布 服务业 公报 共计 划分 居委会 开业 批发 普查 如下 社区 数 数据 统计局 吸纳 以外 营业 
---- Cluster id #69 ----
Size: 20
奥委会 奥运会 博览会 长工 传媒 大赛 大众 典礼 健身 媒介 媒体 宁 平原 赛事 水准 体委 体育 用品 与会者 装备 
---- Cluster id #70 ----
Size: 24
倡导 城区 出租车 窗口 创建 档次 岗 激励 街头 精神文明 扣 礼貌 路上 南宁 南宁市 群众性 人人 生动 示范 市民 双拥 桶 文明 修养 
---- Cluster id #71 ----
Size: 91
Ｄ 办公室 办公厅 北京 北京大学 北京市 毕业 部长 参加 常委 常务委员 车间 成员 冲击 大学 当选 党委 党校 党组 地委 董事长 队长 分局 副 干事 高中 工程师 工业部 共青团 广东省 国务委员 哈尔滨 汉族 红旗 湖南 计委 加入 兼 教授 届 局长 科长 科学院 联合会 秘书 秘书长 民革 民主党 名誉 男 其间 清华大学 全国 任 山东 生 省 省委 市委 受 书记 书记处 所长 天津 天津市 外事 委员长 系 县委 校长 学位 学习 学院 研究生 研究室 研究所 研究员 研究院 友协 院长 院士 政治局 中共 中共中央 中央 中央委员 主任 主席 住院 组长 组织部 
---- Cluster id #72 ----
Size: 21
本质 比如 变为 初级阶段 处在 发达 富 纲领 共产主义 国情 基本 阶段 理想 谋 清楚 认清 生产力 无限 至关重要 种种 准确 
---- Cluster id #73 ----
Size: 64
常委会 常务 程序 惩治 筹备 代表 代表大会 督促 法 法规 法律 法治 赋予 改进 规范 规则 国家机关 换届 汇报 季度 检查 借鉴 决定 框架 立法 力求 每次 难点 拟 起草 热点 人大 人大代表 任命 任期 日常 设立 审议 实施 授权 特别 听取 外国 委员会 宪法 信访 行使 行政区 修改 选举 依据 议案 议会 有益 灾 征求 正当 职权 制定 中华人民共和国 主办 专门 组成 遵循 
---- Cluster id #74 ----
Size: 24
对象 犯 敢于 贵 将军 角色 境界 陌生 清醒 权力 认识 生机 失败 手中 头脑 脱离 外部 一把手 意识 意志 知 主体 自我 走过 
---- Cluster id #75 ----
Size: 34
表面 成本 出去 出于 代价 多元化 放在 功能 规模 过来 合并 机会 集团 看来 扩展 扩张 浪潮 垄断 甚 收益 同类 无法 限度 限制 相关 销售额 盈利 运转 政府部门 值得 指明 专业化 总部 组合 
---- Cluster id #76 ----
Size: 16
保 春耕 丰收 干旱 黄淮 井 抗 抗旱 缺 省政府 石家庄 水源 小麦 雨 运河 遭受 
---- Cluster id #77 ----
Size: 11
公顷 咖啡 科 科特迪瓦 农科教 塞 塞拉利昂 水稻 维和 西非 载体 
---- Cluster id #78 ----
Size: 14
公益 基金会 捐款 捐赠 美德 描绘 上学 失学 希望 希望工程 小学 信誉 资 资助 
---- Cluster id #79 ----
Size: 10
爱好者 大学生 代理 防伪 会员 激光 篮球 纳入 网球 赞助 
---- Cluster id #80 ----
Size: 18
摆脱 布局 大中型 非 攻坚战 国有 好转 减员增效 困境 力争 林业 流失 扭亏 配置 突破 信心 展开 支撑 
---- Cluster id #81 ----
Size: 25
宾馆 得知 调 返回 赶到 感慨 钢铁 后人 机动车 家属 交谈 接见 结婚 倾听 全场 铁 晚 现场 详细 呀 冶金 遇 真情 直至 撞 
---- Cluster id #82 ----
Size: 22
本领 编者 不如 串 创业 夫妇 干 工人 光彩 活 建 没 上岗 师傅 施 推销 勇 找 找到 挣 赚 走访 
---- Cluster id #83 ----
Size: 17
大师 感情 个性 画 坚实 江南 京剧 剧目 迈向 美术 文化部 戏曲 形 艺术 振兴 阵地 中国画 
---- Cluster id #84 ----
Size: 28
差 炒 纯收入 带领 带头 党支部 奋战 工 花钱 靠 累 粮 路子 迈进 面貌 怕 穷 全村 山 抬 通 投 物 县政府 修 依旧 易 致富 
---- Cluster id #85 ----
Size: 44
澳大利亚 比赛 冰球 长野 成绩 出色 打破 冬奥会 夺 夺得 分 冠军 滑 滑雪 获得 纪录 角逐 金牌 锦标赛 另外 枚 米 秒 名将 名列 男子 难度 女子 挪威 破 赛 赛场 上届 世界杯 世界纪录 速滑 跳 选手 亚军 银 游泳 运动员 中国队 缪 
---- Cluster id #86 ----
Size: 12
标准 不怕 闯 发扬 敢 解放思想 劲 实事求是 事物 试 停留 勇于 
---- Cluster id #87 ----
Size: 21
表 从事 从业 东 东部 妇女 结果 快速 劳动 年龄 人数 人员 投诉 突尼斯 西部 占 占地 镇 中部 总量 总数 
---- Cluster id #88 ----
Size: 29
查 长期以来 厂 厂长 此案 工厂 功 罕见 辉煌 佳 金钱 巨额 劳动模范 漏洞 妻子 荣誉 设 时健 受贿 外 销 心态 烟 云南 账 知名 追 总裁 褚 
---- Cluster id #89 ----
Size: 31
安排 编制 财力 财税 财政 呈现 赤字 得益 低于 抵 地方 加 减免 减少 开支 弥补 其中 适度从紧 收入 收支 税收 税务 完成 相应 预期 预算 元 增幅 征收 支出 专项 
---- Cluster id #90 ----
Size: 9
幅 揭晓 镜头 拍摄 摄影 学会 展出 照 照片 
---- Cluster id #91 ----
Size: 21
弊端 变动 导致 股票 邯钢 环节 即 价值 驾驭 矿 乐观 例如 泡沫 偏 取决于 投机 心情 要素 有待 增值 资本 
---- Cluster id #92 ----
Size: 23
云 邦国 布赫 长春 春云 代表团 甘肃 光英 贵鲜 浩田 纪云 家宝 家华 建新 菊 举世瞩目 千方百计 庆林 收成 铁映 万年 慰问 温 
---- Cluster id #93 ----
Size: 13
电影 父亲 关根 刊登 马克思 缅怀 女儿 挑选 宣言 印象 珍惜 周年 子女 
---- Cluster id #94 ----
Size: 30
编者按 变 财务 村 村干部 村里 村民 村务公开 大事 干群 公开 公平 河北 后面 怀疑 精 困扰 乱 明白 盼 前面 确实 上访 说法 投票 推 推行 县里 有的 这项 
---- Cluster id #95 ----
Size: 20
乘客 冲 歹徒 刀 喊 记 刻苦 连队 脸上 玲 幕 派出所 青春 邱 伤 司机 停车 围 鲜花 英雄 
---- Cluster id #96 ----
Size: 32
编写 出国 代 待遇 邓 风气 高峰 高考 合影 呼声 怀着 回来 教材 教师 教育 决心 面向 普及 融入 上去 失误 十四大 什么样 题写 西南 小平 学者 眼光 优先 赞成 中小学 专家 
---- Cluster id #97 ----
Size: 22
安全 称号 乘 丢 放心 飞 飞机 飞行 管制 航班 空中 昆明 蓝天 旅客 民航 人次 荣获 事故 授予 通报 运营 总局 
---- Cluster id #98 ----
Size: 23
办 奔 村委会 好事 基层 局部 举措 龙头 满意 矛盾 民主 农村 农家 农民 情绪 全县 群众 任职 实事 县 乡 乡镇 小康 
---- Cluster id #99 ----
Size: 42
Ａ 大 大型 独立 分散 改造 改组 搞活 国外 合资 计划经济 经济效益 经营 竞争 可能 灵活 末 目的 内部 能否 纽带 膨胀 企业 全新 手段 数量 销售 小 效率 行列 行业 选择 迅速 营销 优势 战略性 中介 转向 壮大 追求 资产 做法 
---- Cluster id #100 ----
Size: 21
产品 承诺 抽查 份额 国产 合格 激烈 家电 空气 名牌 牌 品牌 商家 消费者 兴 用户 优 优质 占据 质量 咨询 
---- Cluster id #101 ----
Size: 22
阿根廷 波音 尝试 筹集 东方 短缺 公司 股东 航空 航线 机场 架 每人 上门 市区 通用 小姐 星 选 增至 指标 租赁 
---- Cluster id #102 ----
Size: 34
变革 表现 差异 沉重 创作 独特 多样化 讲究 可喜 空前 栏目 年轻 期待 情感 人生 散文 深 试图 收获 思考 题材 痛苦 显 显示 现实 写 崭新 展示 诸如 专栏 姿态 尊严 作品 作者 
---- Cluster id #103 ----
Size: 16
读书 华侨 华人 加拿大 加元 降价 临近 买 社团 视 书 书店 书籍 团体 问世 匈牙利 
---- Cluster id #104 ----
Size: 16
奥地利 吃饭 搭 答应 大姐 饭店 跟 跟着 人家 荣 声音 踢 小伙子 新年伊始 毅仁 着 
---- Cluster id #105 ----
Size: 32
楚政 床 登 顶 冬 断 根 孤儿 划 患 挤 建房 脚 举 啦 龙 冒 民兵 彭 如同 躺 趟 脱贫致富 湘西 乡亲 血 养猪 逾 阵阵 只见 仔细 足 
---- Cluster id #106 ----
Size: 13
产权 单一 分离 该市 股份制 轿车 清晰 融合 社会化 所有制 乡村 形式 政企 
---- Cluster id #107 ----
Size: 10
班 班长 遍 兵 汉语 军营 提醒 休息 彝族 战士 
---- Cluster id #108 ----
Size: 23
表决 草案 大会 大会堂 候选人 会场 决议 开幕 名单 热烈 人选 提名 提请 铁木尔・达瓦买提 通过 响起 议程 酝酿 掌声 兆国 主持人 主席台 主席团 
---- Cluster id #109 ----
Size: 120
Ｂ 安定 保持 本次 必要 步伐 城乡 充足 出现 带动 带来 导向 调节 调控 调整 对外开放 发展 方式 放开 放松 扶持 负担 附加值 改革 改善 高产 高效 高新技术 搞好 格局 各位 根本性 鼓励 国际 国民经济 国内 国内外 合理 宏观 化解 混乱 活力 基础 机制 积极 继续 加大 加快 坚定不移 减轻 健康 结构 精简 经济 经济社会 快 扩大 利用 力度 连锁 良好 量 领域 流通 盲目 明显 能力 农产品 农副产品 农田 农业 配套 平衡 浦东 前提 潜力 倾斜 全 全民 确保 深化 生产资料 生活 势头 适当 适度 市场 水平 台阶 态势 提高 体系 体制 同时 投入 妥善 拓宽 稳 稳定 稳妥 稳中求进 物质 效益 压力 一定 因地制宜 因素 引导 优化 有利 约束 增产 增长点 增添 政策 支柱 重点 转变 着力 总体 
---- Cluster id #110 ----
Size: 24
巴西 贬值 不利 出口 东北部 东南亚 汇率 经常 竞争力 来华 流入 旅游 旅游业 墨西哥 人民币 顺差 泰国 外汇 外贸 外资 吸取 吸引 依赖 游客 
---- Cluster id #111 ----
Size: 8
包袱 表演 技巧 乐 现状 相声 幽默 中科院 
---- Cluster id #112 ----
Size: 15
分配 股 江淮 派 配 披露 票 签 税 送 优惠 增 折 之前 转 
---- Cluster id #113 ----
Size: 55
颁发 办法 本 部门 采矿 采矿权 出资 登记 地质 发布 罚款 范围 公告 构成 管理 国务院 会同 减 缴纳 开采 勘查 矿产 领取 免 名称 年度 平方公里 评估 签订 情节 权限 日 申请 审批 石油 手续 探矿权 特定 提交 天然气 条 停止 限期 许可证 延续 义务 予以 原 暂行 责令 主管 转让 资料 资源 最低 
---- Cluster id #114 ----
Size: 12
多利 哈佛 据悉 科学家 克隆 麻烦 培育 实验 实验室 细胞 羊 子 
---- Cluster id #115 ----
Size: 239
把握 包括 保障 保证 报告 不懈 部署 采取 层次 产生 成就 成为 成效 充分 出发 处理 传统 创造 促进 存在 措施 大局 党 党中央 得到 奠定 调动 多 发挥 法制 繁重 方法 方面 方向 方针 防止 放 奋斗 符合 服从 服务 富强 附 高举 各个 各级 各项 各种 各族 给予 根本 工作 巩固 贡献 共同 鼓舞 关键 关心 官僚主义 观念 贯彻 广大 广泛 国家 过程 好 核心 回顾 活动 积极性 集中 及时 加强 加以 坚持 坚持不懈 坚强 肩负 艰巨 健全 建立 建设 江 结合 紧密 进行 精神 精心 经验 警惕 局面 巨大 具体 具有 开创 开放 开拓进取 开展 克服 客观 肯定 牢固 牢记 利益 力量 联系 领导 路线 落实 迈出 密切 明确 目标 内容 能够 年 努力 批 普遍 起到 起来 前进 强大 强调 强烈 切实 情况 取得 全面 全心全意 确定 人民 任务 认真 社会主义 深刻 深入 十五大 实际 实现 实效 实行 使 世纪 事业 适应 市场经济 受到 树立 顺利 思想 所有 探索 特点 特色 提出 提供 体会 体现 条件 突出 团结 推动 推进 推向 完善 为 维护 问题 我国 吸收 下 显著 现代化 项 协调 新 形成 形势 行政 需要 研究 要 要求 一切 一致 依靠 意见 意义 应有 赢得 影响 优良 有关 有力 有所 有效 原则 运用 泽民 增强 扎实 扎扎实实 召开 整个 整体 正确 政府 政治 支持 直接 指出 指导 指引 制度 中 重大 重视 重要 重要性 周围 主观 主题 主要 注意 注重 抓住 准 着眼 自身 总结 组成部分 组织 做出 做到 做好 作出 作为 作用 
---- Cluster id #116 ----
Size: 24
答 大户 发行 方便 挂牌 回报 基金 简称 交易所 开设 联网 买卖 区别 上市 深圳 投资 投资者 问 营业部 运作 账户 证监会 证券 资格 
---- Cluster id #117 ----
Size: 96
阿拉伯 阿盟 阿齐兹 埃及 安理会 安南 奥尔布赖特 巴格达 巴黎 白宫 备忘录 避免 常任 常驻 此间 磋商 达成 打算 大规模 地点 电 调解 动武 动用 发布会 发言人 法国 反对 否认 符 各方 关切 国防部长 国务卿 果 海湾 核查 后果 华盛顿 加紧 接受 结束 解除 解决 紧张 谨慎 警告 救援 拒绝 开罗 科恩 科威特 克林顿 理事国 立场 联合国 美 美国 美联社 穆巴拉克 派出 普里马科夫 前往 萨达姆 艘 态度 特使 特委会 透露 途径 外交 外交大臣 威胁 危机 斡旋 武力 武器 希拉克 销毁 小组 协议 新华社 行动 叙利亚 寻求 伊 伊拉克 英 旨在 制裁 中东 重申 准备 总统 总统府 最新 
---- Cluster id #118 ----
Size: 14
灯 地上 赶来 歌舞团 脸 男女 难得 贴 玩 舞 舞蹈 舞剧 兴奋 扎 
---- Cluster id #119 ----
Size: 20
大连 分钟 攻 国家队 击败 甲Ａ 教练 教练员 俱乐部 强劲 球 球队 球员 弱 赛季 万达队 新任 支 主教练 足球 
---- Cluster id #120 ----
Size: 8
柏林 工地 回收 垃圾 楼房 清除 清洁 中小学生 
---- Cluster id #121 ----
Size: 49
阿拉法特 巴 巴勒斯坦 步骤 长远 潮流 撤军 大陆 大业 当局 分裂 分歧 海峡 和平 回应 交流 进程 库克 黎巴嫩 两岸 领土 民众 内阁 内塔尼亚胡 企图 商谈 深远 势力 台湾 谈判 同胞 统一 完整 往来 西岸 心愿 耶路撒冷 以 以色列 犹太人 愿望 约旦河 赞同 造福 主权 主张 状态 祖国 阻碍 
---- Cluster id #122 ----
Size: 11
啊 杯 倒 喝 楼 门前 啤酒 铺 屋 圆 这儿 
---- Cluster id #123 ----
Size: 46
财富 产业 成长 创新 到来 动力 发达国家 发明 发展中国家 分为 改变 概念 赶 获取 机器 积累 技术 进步 具备 科技 科技界 科教兴国 科学技术 劳动者 论断 面临 前沿 求 趋势 人工 人类 人力 生物 挑战 迅猛 应用 迎接 战略 知识 知识经济 之上 植物 智力 注入 综合国力 走向 
---- Cluster id #124 ----
Size: 43
产量 超过 城镇 达到 对外贸易 分开 港口 固定资产 基本建设 机电 计划 节约 锦华 进出口 进口 进展 境外 居民 科普 粮食 零售 棉花 某些 能源 全年 融资 生产总值 失业率 适时 试点 收购 投放 投向 项目 消费品 新增 以内 增长 增加 债务 整治 资本金 总额 
---- Cluster id #125 ----
Size: 37
朝 车站 春运 对 分工 高速 公里 公路 广 广州 沪 火车 货物 津 京 九 卡 开通 客车 客运 昆 列车 临时 每天 神 售票 提 铁道部 铁路 通道 为主 线 小时 沿线 涌 运 运行 
---- Cluster id #126 ----
Size: 13
村庄 等待 风景 该 记忆 落 飘 双 岁月 微笑 喜悦 心灵 雪 
---- Cluster id #127 ----
Size: 26
伴随 背后 大厅 电厂 号 洪水 进 可观 命令 爬 跑 青海 省区 时刻 睡 隧道 西北 献给 遭 战友 这时 证书 值班 中队 主 转移 
---- Cluster id #128 ----
Size: 18
菜篮子 产销 持 促 大胆 大中城市 副食品 集体经济 江苏 来自 农业部 热水器 肉 生命力 水果 乡镇企业 中小企业 总产值 
---- Cluster id #129 ----
Size: 204
吧 摆 抱 变成 不错 不好 不见 不可 不同 不行 长 彻底 成 成功 充满 初 出 出来 穿 此 错 大家 带 当 到 得 等 掉 东西 度过 顿 多少 发现 份 感到 感受 搞 告别 告诉 个 给 关注 过 过去 后 话 还有 恢复 回 回到 回去 会 激动 极大 记得 间 艰难 见 叫 接触 近 尽 句 觉得 开 开会 开始 看 看出 看待 看到 看看 考虑 肯 苦 来 来到 离 离开 里 了 了解 令 留 留下 路 吗 忙 没有 每个 们 面对 名字 目光 哪 哪里 那个 那么 那天 那些 那样 难 呢 能 你 朋友 片 起 气 前 前后 情景 请 去 让 热情 人 日子 如 如此 如何 上 上来 少 少奇 身 深切 时 时候 时机 时间 什么 事 事情 是 手 熟悉 说 他们 它 提到 天 听 听到 听说 同 同志 突然 图 图片 完全 忘 位 我 我们 牺牲 下来 下去 想 想到 想起 笑 些 辛苦 新疆 心 心里 行 样子 一起 依然 引起 应该 有 有些 遇到 远 月 在 咱 早 怎么 怎样 站 这 这个 这块 这些 这样 这种 震 知道 之后 之际 之中 只能 种 住 装 自己 走 最后 做 坐 
---- Cluster id #130 ----
Size: 27
把 保卫 部队 称赞 大树 担负 导弹 锻炼 光荣 海军 解放军 军委 空军 练 命名 全军 热潮 射击 使命 透 忘记 武警 训练 院校 战斗力 忠诚 组建 
---- Cluster id #131 ----
Size: 24
白酒 包含 北风 比 大队 公安局 甲醇 假 接到 酒 局 煤矿 民警 山西 山西省 收回 售 死亡 巡警 摘 制 中毒 抓获 总书记 
---- Cluster id #132 ----
Size: 13
部委 成人 传销 高校 国务 联邦 论坛 年会 日内瓦 瑞士 西班牙 重复 岚清 
---- Cluster id #133 ----
Size: 21
帮 帮扶 打下 对口 扶 扶贫 妇联 攻坚 户 江西省 立足 贫困户 贫困县 实 受益 特困户 脱贫 温饱 养殖 衣服 增收 
---- Cluster id #134 ----
Size: 33
办公 不便 差距 长江 都市 更新 购物 广场 机遇 交通 库区 老百姓 民心 难题 起步 企业界 前所未有 全市 人心 三峡 商店 上游 市政府 思路 位于 修建 移民 振奋 之内 直辖市 指挥部 重庆 重庆市 
---- Cluster id #135 ----
Size: 8
拆 拆借 大于 担保 短 短期 固定 资金 
---- Cluster id #136 ----
Size: 8
纲要 高度 经济学 人才 人事 人事部 深度 脱颖而出 
---- Cluster id #137 ----
Size: 33
报 称 地震 发生 房屋 防震 负责 监测 减灾 紧急 救济 救灾 抗震救灾 抢险 人民政府 丧失 伤亡 受伤 物资 县级 预报 预测 灾害 灾民 灾情 灾区 造成 张北 张家口 帐篷 重建 子弟兵 自救 
---- Cluster id #138 ----
Size: 30
边境 布鲁塞尔 传递 对抗 反应 访华 高级 关系 华 会晤 见面 罗马尼亚 敏感 莫斯科 欧盟 日期 设想 使馆 司长 苏 苏联 谈 谈话 外长 愿意 越 越南 障碍 正常化 着手 
---- Cluster id #139 ----
Size: 50
表达 成立 错误 打开 地域 定位 飞跃 丰富 否定 概括 共产党 共产党人 共识 还要 集体 建国 讲 阶级 经历 救 口号 历史 历史性 领袖 毛 内涵 评价 前列 确认 人物 三中全会 套 唯一 为什么 文化大革命 文献 系列 相同 以后 以前 拥护 勇气 原理 造就 泽东 正是 郑重 之下 中国 中山 
---- Cluster id #140 ----
Size: 11
大选 东盟 国王 红色 回国 柬埔寨 拉那烈 曼谷 请求 宣布 政局 
---- Cluster id #141 ----
Size: 40
不惜 不知 灿烂 道 道理 番 钢琴 国企 寒风 后者 堪称 颗 口 拉开 来临 蓝 利润 临 难免 捧 漂亮 剩下 世人 双手 说话 掏 天空 同事 同行 童 喜 想法 眼 爷爷 艺术品 意思 志成 珠江 总经理 帷幕 
---- Cluster id #142 ----
Size: 14
草原 动物 动物园 非洲 供 鸡 接近 生长 它们 阳光 野生 引人注目 营养 这里 
---- Cluster id #143 ----
Size: 22
巴金 帮助 编 编辑 别人 个体 顾客 挂 柜台 互助 货 季节 见解 交给 借 卖 牌子 生意 司 文章 页 以为 
---- Cluster id #144 ----
Size: 14
车辆 公园 辆 门口 汽车 入 啥 随意 享受 小事 游人 直升机 自行车 妍 
---- Cluster id #145 ----
Size: 11
包 端 堆 隔 家里 饺子 空 妈妈 弄 全家 眼睛 
---- Cluster id #146 ----
Size: 23
爱护 病 大桥 典范 关怀 怀念 回忆 敬爱 棵 那时 你们 女士 批示 乒乓球 亲切 人群 身边 身体 先生 颖超 致 中南海 总理 
---- Cluster id #147 ----
Size: 13
等于 付出 该厂 关闭 河 花园 淮河 环保局 缓 清 削减 应付 治 
---- Cluster id #148 ----
Size: 31
暴露 别国 城市 承认 雕塑 干涉 攻击 公共 公认 公约 公众 好处 聚集 抗议 空间 类似 冷战 模式 哪个 其它 侵犯 人权 深受 事实上 市中心 所谓 他人 外国人 乌鲁木齐 消耗 指责 
---- Cluster id #149 ----
Size: 17
长沙 大楼 大厦 队 队员 福州 股份 交警 南昌 商场 商厦 厅 武汉 有限 有限公司 郑州 支队 
---- Cluster id #150 ----
Size: 20
到位 定 发 贺电 美好 莫 莫桑比克 您 庞大 期望 世贸 提问 选出 议长 踊跃 预定 致以 中外 祝贺 F基 
---- Cluster id #151 ----
Size: 5
保留 方案 规划 化肥 经贸委 
---- Cluster id #152 ----
Size: 50
案 百姓 办案 暴力 爆炸 不够 查办 打击 毒品 队伍 发票 罚 犯罪 干警 贿赂 机关 监督 检察 检察长 解释 禁毒 纠正 举报 力气 判决 培训班 破坏 起诉 抢劫 轻 上下 涉嫌 审查 释放 受理 思卿 贪污 危害 刑法 刑事 性质 一体 预防 正气 职务 职责 执法 治国 罪 渎职 
---- Cluster id #153 ----
Size: 8
班子 充实 考核 领导班子 推荐 谢里夫 选拔 印 
---- Cluster id #154 ----
Size: 7
存量 地 耕地 基因 兼并 盘活 输出 
---- Cluster id #155 ----
Size: 15
爱尔兰 包装 北爱 布莱尔 改制 广东 含量 和谈 净 克 南北 农垦 食品 形象 英国 
---- Cluster id #156 ----
Size: 73
阿 阿尔及利亚 巴基斯坦 贝宁 表示 大臣 大使 抵达 定期 多极化 访问 夫人 感 感谢 高层 高兴 国 荷 荷兰 合作 互访 互利 欢迎 会见 会谈 建交 建设性 交换 介绍 经贸 看法 来访 琳 卢森堡 南非 欧 陪同 鹏 频繁 其琛 签字 钱 前景 切尔诺梅尔金 摄 首相 双边 双方 探讨 外交部 外交部长 外经贸部 为期 问候 相互 相信 新华 兴趣 亚 也门 一行 仪式 有助于 有着 友好 友谊 愿 赞赏 正式 祝愿 驻华 转达 卓有成效 
---- Cluster id #157 ----
Size: 21
报名 岛 房间 父母 故乡 孩子 家长 老伴 老人 老师 磊 内心 青岛 岁 太原 同学 信 一家 征文 植树 志愿 
---- Cluster id #158 ----
Size: 25
边界 初步 衡量 互补 集团公司 家 简单 进入 跨 宽 亏损 联合 连续 排 排名 评 其 强 实力 世界 速度 下属 相当 一样 真正 
---- Cluster id #159 ----
Size: 12
发射 改 轨道 航天 火箭 急需 卢布 拼搏 设计师 太空 研制 值 
---- Cluster id #160 ----
Size: 30
百富勤 长城 春风 此时 动 动人 歌剧 海口 惠芬 激情 家人 惊人 乐团 联手 梦 年轻人 评论 人间 手术 她 天下 维也纳 响 演奏 一代 遗憾 音乐 音乐会 重返 闵 
---- Cluster id #161 ----
Size: 35
比例 操作 贷款 倒闭 等级 发放 防范 分行 风险 负债 该行 港元 工具 货币 监管 监控 教训 结算 金融 金融业 客户 控制 墨 取消 商业 损失 现金 限额 信贷 信用 行长 业务 银行 银行业 政策性 
---- Cluster id #162 ----
Size: 29
大道 懂 读者 封闭 风情 富有 革新 古典 解 凝聚 批评 桥 缺乏 审美 失去 诗 诗歌 诗人 思 鲜明 欣赏 心声 信任 严谨 言 优美 右 誉为 之 
---- Cluster id #163 ----
Size: 67
玻璃 彩色 测试 插 地位 电子 独资 防 辐射 高档 工艺 光 含 化工 机械 机组 计算机 加工 检验 控股 连接 良种 码头 煤 煤炭 摩托车 年产 农 农药 品种 期货 千瓦 认证 容量 沙漠 设备 设计 生产 生产线 水电 水泥 饲料 塑料 天然 通信 同步 铜 外商 新型 性能 仪 仪器 以上 以下 用 邮电 原料 允许 运输 珍贵 纸 制品 制造 中方 主导 专用 装置 
---- Cluster id #164 ----
Size: 7
公务员 沟通 普通话 书面 文字 语言 字 
---- Cluster id #165 ----
Size: 87
保健 倍 拨 拨款 不足 藏 场所 出版 处于 传 达 当地 得出 儿童 佛教 各类 公民 共有 汉 基建 级 继 价 监狱 建成 交付 教 今 近年来 经 经典 境内 旧 拉萨 累计 列为 流行 每周 免费 民间 年代 年均 盘 瓶 权利 全国性 全区 人均 设有 省市 使用 世 首要 受灾 所 特殊 通讯 统计 卫生 西藏 习惯 现有 享有 校 信仰 修复 学术 严寒 遗产 以来 议论 拥有 原始 占有 整理 政 证实 支援 中期 中央政府 状况 自由 自治区 宗教 罪犯 尊重 座 
---- Cluster id #166 ----
Size: 29
爱国主义 保护 档案 抵御 革命 工作者 记录 纪念 纪念馆 建筑 精品 经费 课堂 烈士 民政部 抢救 社会效益 神圣 师生 收藏 特有 贴近 统筹 维修 文物 物质文明 责任感 展览 庄严 
---- Cluster id #167 ----
Size: 10
大门 读 论 梅 浓 日记 思念 似 犹如 者 
---- Cluster id #168 ----
Size: 17
电脑 封 高速公路 海外 焦点 来信 权威 人民日报 软件 上网 网络 网上 写道 信息 因特网 阅读 中文 
---- Cluster id #169 ----
Size: 15
成员国 德国 电信 购 华为 警方 马克 南部 难民 手机 土耳其 希腊 意 意大利 载 
---- Cluster id #170 ----
Size: 51
比利时 闭幕 茶话会 阐述 出席 次 调查 发表 防火 赴 光亚 国权 华清 会议 建议 讲话 锦涛 举行 看望 考察 历时 列入 鲁丽 率 民工 全体 日程 瑞典 瑞环 森林 商 讨论 题 伟长 新鲜 选平 研讨 研讨会 演讲 议题 迎春 与会 章程 正英 智利 驻地 作 座谈 座谈会 崛起 孚凌 
---- Cluster id #171 ----
Size: 139
白 毕 斌 波 蔡 藏族 曹 常 朝鲜族 陈 程 迟 川 崔 戴 单 丁 董 杜 范 方 费 冯 傅 刚 高 葛 龚 古 谷 顾 关 管 郭 韩 何 贺 洪 侯 胡 华夏 黄 回族 霍 季 健 姜 蒋 杰 金 晋 俊 孔 兰 黎 李 力 梁 亮 廖 林 刘 柳 卢 鲁 陆 吕 罗 马 满族 蒙古族 孟 苗族 敏 明 名 聂 牛 女 平 齐 秦 曲 全有 群 邵 申 沈 史 舒 松 宋 孙 谭 唐 涛 陶 田 土家族 万 汪 王 韦 维吾尔族 伟 魏 文 闻 吴 武 夏 向 肖 谢 熊 徐 许 严 阎 杨 扬 姚 叶 毅 尹 游 于 余 俞 袁 云 曾 张 赵 郑 钟 朱 壮族 邹 
---- Cluster id #172 ----
Size: 18
灌溉 黄河 节水 立方米 宁夏 拍卖 庆祝 三角洲 谁 水 水库 水利 水利部 水土 水资源 务实 小型 原材料 
---- Cluster id #173 ----
Size: 17
残疾人 发出 风 感觉 古老 光明 寒冷 火 家中 渴望 冷 美丽 那 生命 添 温暖 喜欢 
---- Cluster id #174 ----
Size: 27
办学 薄弱 毕业生 财经 该校 高等 高等教育 国家教委 教学 考试 课 课程 浪费 年级 培养 普通 人文 设置 新加坡 型 学科 学生 学校 招生 中等 专业 自主 
---- Cluster id #175 ----
Size: 22
败 本轮 场 夺冠 负 河南 居 联赛 轮 男排 女排 排球 取胜 升 胜 四川 位置 讯 战 战胜 浙江 主场 
---- Cluster id #176 ----
Size: 19
唱 歌 歌声 国防部 湖 军 老 连 上将 社 师 司令员 所属 填 铁路局 团 政治部 中央军委 中药 
---- Cluster id #177 ----
Size: 15
澳 澳门 颁布 比较 参赛 丛书 电台 过渡 基本法 交接 竞赛 两地 平稳 区 听众 
---- Cluster id #178 ----
Size: 25
彼此 长期 大家庭 地区 懂得 对方 各 共建 光辉 加速 结成 景象 民族 平等 迫切 区域 少数民族 适合 兄弟 中华民族 中西部 主人 自治 自治县 自治州 
---- Cluster id #179 ----
Size: 21
表明 持久 典型 对待 发掘 高尚 个别 功夫 模范 墙 全局 入手 树 推广 系统工程 先进 效应 宣传 涌现 针对性 抓 
---- Cluster id #180 ----
Size: 35
比索 储备 传真 创 点 跌 兑 兑换 菲 菲律宾 纷纷 估计 股市 韩国 汉城 合 黄金 利比亚 马尼拉 美元 纽约 欧佩克 收盘 苏哈托 通货膨胀率 外债 委内瑞拉 下跌 雅加达 印度尼西亚 印尼 印尼盾 盈余 援助 至 
---- Cluster id #181 ----
Size: 41
安 办事处 薄 不幸 策略 春 党组织 敌人 底 动员 发动 发起 根据地 共产党员 华北 汇 艰苦 借助 军民 开办 开辟 抗日 留给 率领 民 耐心 日报 退 顽强 维持 雄厚 学员 严峻 运动 战斗 战役 掌握 政权 驻军 撰写 子文 
---- Cluster id #182 ----
Size: 24
百分点 部分 筹资 存 存款 法定 幅度 高于 挂钩 机构 降低 理顺 利率 利于 名义 哪些 下调 现行 一般 用于 有利于 这次 准备金 准备金率 
---- Cluster id #183 ----
Size: 7
厂家 打工 家具 教堂 块 门 室内 
---- Cluster id #184 ----
Size: 22
避孕 病人 管理局 患者 贾 评为 上任 少儿 探亲 卫生部 药 药品 药物 医疗 医疗队 医生 医学 医药 这家 治疗 中医 中医药 
---- Cluster id #185 ----
Size: 87
榜样 宝贵 爆发 被动 才能 参与 长征 朝鲜 崇高 初期 此后 促成 担任 诞辰 诞生 党内 到达 德 独立自主 夺取 恩来 复杂 革命家 公仆 共和国 国防 国民党 红军 极端 急 坚定 杰出 解放 进攻 精力 经济基础 久 军队 军事 抗日战争 抗战 老一辈 历程 领导人 那种 内外 排除 品格 迫使 期间 全世界 人民军队 善于 生涯 胜利 时期 他 投身 文选 无产阶级 武装 西安 细致 想象 协助 心血 信念 业绩 一生 引 忧 占领 战术 战争 真诚 争取 之一 直到 指挥 致力 中间 周 主持 著名 卓越 总政治部 作战 
