---- Cluster id #1 ----
Size: 27
帮扶 对口 扶 扶贫 富裕 攻坚 国际象棋 户 江西省 立足 农田 贫困 贫困户 贫困县 贫穷 气象台 穷 山区 生机 受益 特困 特困户 脱贫 温饱 消除 小到中雨 养殖 
---- Cluster id #2 ----
Size: 53
常委会 常务 程序 惩治 筹备 代表 代表大会 督促 法 法律 改进 规则 国家机关 换届 汇报 季度 检查 借鉴 决定 框架 老年人 立法 力求 每次 难点 其余 起草 人大 人大代表 任期 日常 设立 审议 实施 实效 适合 特别 委员会 宪法 信访 行政区 修改 选举 议案 议会 有益 征求 职权 制定 中华人民共和国 专门 组成 遵循 
---- Cluster id #3 ----
Size: 12
奥委会 奥运会 冰球 冰雪 长野 冬奥会 教堂 开幕式 室内 运动员 组委会 缪 
---- Cluster id #4 ----
Size: 22
被告 打 打电话 电话 儿子 夫妻 父母 广告 孩子 回家 家长 觉得 拿 奶奶 上学 生日 收费 岁 诱惑 愉快 娱乐 这么 
---- Cluster id #5 ----
Size: 14
大众 工作者 健身 禁止 媒介 媒体 宁 赛事 体委 体育 新闻 用品 与会者 职业道德 
---- Cluster id #6 ----
Size: 22
布局 步 创新 动态 赶 高新技术 加速 进步 科技 科技界 科教兴国 科学 科学技术 期刊 前沿 世纪之交 挑战 迅猛 迎接 战略 中科院 综合国力 
---- Cluster id #7 ----
Size: 42
参考 出访 代表性 调研 对外 儿女 稿 各界 广阔 规章制度 海内外 好评 宏伟 活跃 机关干部 加深 交往 举办 开阔 履行 论述 侨胞 渠道 视察 视野 拓展 围绕 向前 象征 邀请 意愿 应邀 圆满 增进 展望 职能 制订 制度化 主动 专题 自愿 组 
---- Cluster id #8 ----
Size: 24
春耕 丰收 高产 灌溉 化肥 急需 节水 利 龙头 农产品 农村 农户 农科教 农民 农业 全县 确保 收成 突破 稳 因地制宜 增产 增收 种子 
---- Cluster id #9 ----
Size: 26
导演 电影 沟通 精彩 可能性 描写 某 闹 拍摄 圈 热闹 深度 熟悉 思维 天下 文学 洗 小说 写 写作 新兴 影视 展现 知名 最终 作家 
---- Cluster id #10 ----
Size: 12
采购 采用 大桥 高中 获悉 节省 桥 桥梁 缩短 同类 一流 招标 
---- Cluster id #11 ----
Size: 11
便宜 乘客 高峰 买 票 签 确实 投票 享受 选票 折 
---- Cluster id #12 ----
Size: 20
发出 份 风 感觉 古老 光明 寒冷 火 家中 渴望 冷 美丽 那 那些 生命 特有 添 温暖 喜欢 怎样 
---- Cluster id #13 ----
Size: 19
纺织 非 付出 工业 攻坚战 过度 解困 净 举措 离退休 落后 契机 生产能力 突破口 退出 陷入 沿海 有机 展开 
---- Cluster id #14 ----
Size: 13
盗版 感人 光盘 邯钢 汉年 潘 全方位 色彩 塑造 线索 再现 战线 这部 
---- Cluster id #15 ----
Size: 31
保护 持续 出生 达标 到位 动手 恶化 防治 各地 淮河 环保 环保局 环境 计划生育 接 紧 可 良性 林业 流域 排放 生态 水土 算 污染 下决心 循环 账 治理 中南海 抓紧 
---- Cluster id #16 ----
Size: 17
此次 大选 党派 风貌 国大党 竞选 口号 领先 人民党 席 席位 相似 选民 印度 阵线 争夺 政党 
---- Cluster id #17 ----
Size: 16
不怕 闯 发扬 敢 敢于 计划经济 解放思想 劲 迈 容易 实事求是 事物 试 停留 勇气 勇于 
---- Cluster id #18 ----
Size: 49
案件 颁布 财产 呈 惩处 承包 当事人 递增 调节 法官 法院 犯罪分子 房地产 干扰 公正 够 航运 合法 合同 家庭 件 金额 纠纷 劳动 类 类型 每年 民事 判处 赔偿 平均 权益 人民法院 上升 涉及 审理 审判 数额 司法 诉讼 严打 严肃 增大 增多 知识产权 执行 致使 宗旨 最高 
---- Cluster id #19 ----
Size: 24
尝试 称号 乘 筹集 东方 飞 飞机 飞行 公司 航班 航空 航线 机场 架 蓝天 每人 民航 人次 荣获 上门 小姐 选 总局 租赁 
---- Cluster id #20 ----
Size: 31
被动 财富 成长 到来 动力 发达国家 发展中国家 改变 获取 机器 积累 即 具备 劳动者 论断 迈进 面临 求 全球化 人工 人类 人力 生存 兴起 真正 知识 知识经济 之上 指明 注入 走向 
---- Cluster id #21 ----
Size: 301
把握 摆 摆脱 包括 保证 必然 必要 表明 不同 不懈 步骤 部分 部署 采取 层次 产生 长 长期 长远 彻底 成功 成就 成立 成为 成效 程度 充分 初 初步 出发 出现 处理 创造 此 存在 党 党中央 得到 得以 奠定 调动 独立 多 发挥 繁重 反映 方法 方面 方式 方向 方针 放 放在 奋斗 符合 附 改造 个 各 各个 各项 各种 各族 根本 工作 巩固 贡献 鼓舞 关键 关心 关注 观念 贯彻 广大 广泛 规划 国家 国情 过程 好 核心 回顾 会 混乱 基本 积极性 极大 集中 加以 坚持 坚持不懈 坚定不移 坚强 肩负 艰巨 建立 建设 结合 解决 紧密 进行 近 精神 精心 经受 经验 警惕 局面 巨大 具有 决策 决心 开创 开放 开始 开拓进取 看到 考虑 克服 客观 肯定 困难 来 牢固 牢记 理解 理想 利益 力量 联系 两会 了解 领导 路线 迈出 迈向 矛盾 密切 面对 民主 明确 某些 目标 内部 内容 能 能够 年 凝聚力 努力 排除 批 迫切 普遍 期望 其 起到 起来 千方百计 前进 前提 强大 强调 强烈 切实 情况 取得 全面 全心全意 群众 任务 认为 如何 上 少 社会 社会主义 设 深刻 深入 生动 生活 失误 十五大 时机 时间 实际 实现 实行 使 使命 事业 是 适应 受到 树立 顺利 思想 所有 探索 特点 特色 提倡 提出 提到 体会 体现 条件 团结 推动 推向 完全 为 问题 我国 我们 物质文明 吸收 下 下去 显著 现代化 项 协调 新 形成 形式 形势 需要 选择 学者 研究 要 要求 一定 一切 一致 依靠 以来 意见 意义 因素 引起 应有 赢得 硬 优良 有 有的 有效 有些 遇到 原因 原则 运用 责任感 增强 扎实 召开 者 这 这些 这种 振兴 整个 正确 政策 政府 政治 支持 之中 直接 指出 指导 指引 只能 智慧 中 种 重大 重视 重要 重要性 主观 主要 注意 注重 抓住 着眼 自觉 自身 总结 总体 走 组成部分 组织 做 做到 做好 作为 作用 
---- Cluster id #22 ----
Size: 28
阿拉法特 巴 巴勒斯坦 撤军 辞职 方案 分歧 华盛顿 进程 克林顿 库克 黎 黎巴嫩 南部 内阁 内塔尼亚胡 前夕 设想 士兵 西岸 叙利亚 耶路撒冷 以 以色列 犹太人 约旦河 直升机 中东 
---- Cluster id #23 ----
Size: 31
本国 不满 大国 独联体 俄 俄罗斯 各国 各自 构想 哈 吉 联盟 卢布 谋求 欧洲 签署 切尔诺梅尔金 渗透 首脑 守 条约 乌 乌克兰 西方 协定 叶利钦 一体化 伊斯兰 舆论 元首 中亚 
---- Cluster id #24 ----
Size: 97
爱护 榜样 宝贵 伯伯 不顾 采访 崇高 初期 此后 此事 诞辰 党内 典范 度过 恩来 复杂 感受 革命家 功 公仆 官僚主义 国民党 罕见 怀念 极端 坚定 艰难 接触 杰出 尽 久 苦 老一辈 离开 历程 留下 每个 缅怀 面前 那样 那种 难忘 内外 内心 品格 平凡 前后 亲属 去世 热爱 人格 善于 身 身边 身上 深情 时健 事情 视为 他 投身 挖掘 外 危险 伟人 文化大革命 无产阶级 牺牲 细致 想象 心血 心中 信念 烟 业绩 一起 一生 遗产 忧 这样 真诚 争取 政治家 知识分子 之际 之一 直到 中间 周 周年 著名 卓越 总理 走过 最后 褚 魅力 
---- Cluster id #25 ----
Size: 9
北约 波兰 波罗的海 东 扩 瑞典 西班牙 宪章 匈牙利 
---- Cluster id #26 ----
Size: 47
保卫 爆发 部队 才能 参与 长征 朝鲜 持久 促成 担负 到达 德 独立自主 夺取 丰富 国防 红军 后勤 进攻 军队 军事 军委 抗日战争 毛 篇 迫使 人民军队 生涯 胜利 时期 文选 武警 武装 消极 协助 引 早 泽东 占领 战术 战役 战争 指挥 忠诚 壮大 总政治部 作战 
---- Cluster id #27 ----
Size: 26
百分点 拆 拆借 筹资 存 存款 大于 法定 幅度 高于 挂钩 机构 降低 理顺 利率 利于 名义 下调 现行 一般 用于 有利于 这次 准备金 准备金率 资金 
---- Cluster id #28 ----
Size: 6
薄弱 差 城区 初中 热点 投诉 
---- Cluster id #29 ----
Size: 8
打假 防伪 会员 激光 假冒伪劣 纳入 网球 赞助 
---- Cluster id #30 ----
Size: 16
表面 发射 轨道 航天 湖 火箭 面 深处 水 太空 填 掀起 月 月球 扎 证实 
---- Cluster id #31 ----
Size: 9
波音 东亚 风暴 马来西亚 全球 推迟 预计 援助 增长率 
---- Cluster id #32 ----
Size: 12
办 当做 东西 工具 坏 轿车 可贵 实事 使得 书画 特定 务实 
---- Cluster id #33 ----
Size: 19
包 堆 风光 隔 国旗 贺卡 欢乐 佳节 饺子 节日 妈妈 弄 气氛 庆 全家 喜庆 祥和 一派 祝福 
---- Cluster id #34 ----
Size: 44
潮流 大陆 大业 当局 分离 分裂 共同 海峡 和平 回应 交流 结成 局部 两岸 领土 民众 民族 平等 企图 区域 商谈 少数民族 深远 势力 台湾 谈判 同胞 统一 完整 往来 希望 现状 心愿 愿望 赞同 造福 中华民族 主权 主张 状态 自治 自治县 祖国 阻碍 
---- Cluster id #35 ----
Size: 16
澳 迟 国防部 国防部长 浩田 军 科恩 旅 上将 社 师 司令员 铁路局 团 政治部 中央军委 
---- Cluster id #36 ----
Size: 17
故乡 哈佛 合肥 激动 家乡 来华 两地 留学 留学生 亲 亲人 思念 薛 寻找 一家 一行 走访 
---- Cluster id #37 ----
Size: 29
冰箱 朝 春运 此前 对 分工 广 广州 果断 沪 津 京 九 卡 科龙 客车 客运 临时 旅客 论证 迁 神 售票 台 提 铁道部 为主 小时 涌 
---- Cluster id #38 ----
Size: 17
菜篮子 产销 传销 大中城市 短缺 副食品 格局 工程 供给 供应 连锁 流通 批发 肉 水果 销 中期 
---- Cluster id #39 ----
Size: 21
阿 安徽 安徽省 电价 费用 高低 供电 降 交 郊区 罗马 南非 难民 其琛 钱 外交部长 问候 意 意大利 友协 整顿 
---- Cluster id #40 ----
Size: 16
报 称 地震 防震 负责 监测 减灾 救济 人民政府 丧失 伤亡 县级 预报 预测 灾害 造成 
---- Cluster id #41 ----
Size: 22
背景 波 波黑 观点 合资 角度 阶层 另 流动 强有力 群体 身份 水准 私营 特征 维和 位置 显然 移 有人 原有 之外 
---- Cluster id #42 ----
Size: 14
超出 广东 核 核电站 换 黄金 集团公司 可靠 授权 提前 投产 下属 新年伊始 运行 
---- Cluster id #43 ----
Size: 57
颁发 办法 办理 保留 本 部门 采矿 采矿权 出资 登记 发布 罚款 范围 供 公告 构成 管理 国务院 会同 减 缴纳 开采 勘查 矿产 领取 没收 免 名称 年度 平方公里 评估 起 签订 情节 权限 日 申请 审批 手续 探矿权 提交 天然气 条 停止 限期 许可证 延续 义务 予以 原 暂行 责令 主管 转让 资料 资源 最低 
---- Cluster id #44 ----
Size: 67
包袱 边界 成本 出去 出于 大 大型 代价 等于 多元化 分散 功能 规模 国外 合并 衡量 机会 集团 家 兼并 简单 进入 经营 看来 可能 跨 亏损 扩展 扩张 浪潮 联合 连续 垄断 目的 纽带 排 排名 企业 强 如 失败 实力 世界 收益 手段 无 限度 销售额 效率 行列 行业 迅速 一样 营销 盈利 优势 运转 杂志 政府部门 值得 专业化 追求 资产 总部 组合 组建 做法 
---- Cluster id #45 ----
Size: 15
比较 布莱尔 词 诞生 多利 据悉 科学家 克隆 培育 实验 实验室 细胞 形象 羊 英国 
---- Cluster id #46 ----
Size: 16
爱好者 奥地利 大厅 歌剧 讲述 据说 乐团 年轻人 农历 热情 声 听 维也纳 舞 音乐 音乐会 
---- Cluster id #47 ----
Size: 20
冲 歹徒 刀 股份制 过硬 喊 呼唤 记 刻苦 连队 脸 脸上 玲 幕 青春 邱 荣誉 围 鲜花 英雄 
---- Cluster id #48 ----
Size: 14
背后 村庄 等待 风景 该 记忆 落 飘 人生 岁月 喜悦 心灵 雪 眼睛 
---- Cluster id #49 ----
Size: 13
测试 大连 分钟 国家队 教练 教练员 俱乐部 宁波 球员 赛 万达队 主教练 足球 
---- Cluster id #50 ----
Size: 14
博览会 创汇 大师 服装 工艺 合 技巧 气息 全新 融入 设计 设计师 展示 中介 
---- Cluster id #51 ----
Size: 17
本届 部 得出 风采 功夫 毁 获奖 揭晓 景象 柳 门 评 秋 授予 说话 辛勤 作者 
---- Cluster id #52 ----
Size: 22
云 邦国 布赫 长春 代表团 关根 光英 贵鲜 海南 纪云 家宝 家华 建新 菊 举世瞩目 乔 石 铁木尔・达瓦买提 铁映 万年 也门 扎扎实实 
---- Cluster id #53 ----
Size: 31
安置 保险 出路 第三产业 分流 扶持 富余 岗 岗位 工会 工商 技能 介绍 就业 劳动力 门路 女工 培训 上岗 社区 失业 退休 拓宽 武汉市 下岗 养老 用人 职工 职业 中心 转移 
---- Cluster id #54 ----
Size: 70
表达 别的 不可 成熟 创立 创造性 错误 打开 道路 邓 邓小平理论 地域 定位 飞跃 富强 概括 高潮 共产党 共产党人 共识 观察 光辉 还要 回答 集体 继承 建国 讲 解放 经历 救 卷 理论 历史 历史性 领袖 马克思主义 马列主义 毛泽东思想 命运 前列 前途 全党 确立 确认 三中全会 十四大 时候 实践 逝世 套 同志 为什么 伟大 文献 系列 鲜明 小平 以后 以前 拥护 造就 哲学 这个 真理 正是 郑重 中国 中山 著作 
---- Cluster id #55 ----
Size: 28
产业 超过 传统 带动 电子 发明 分为 概念 高 高效 国家级 技术 计算机 接近 开发 能源 软件 生物 升级 失业率 信息 要素 意味着 应用 支撑 支柱 植物 智力 
---- Cluster id #56 ----
Size: 17
弊端 变动 导致 该书 环节 价值 驾驭 乐观 泡沫 偏 取决于 投机 突然 心情 有待 增值 资本 
---- Cluster id #57 ----
Size: 11
公益 姑娘 基金会 捐款 捐赠 美德 失学 希望工程 信誉 资助 自律 
---- Cluster id #58 ----
Size: 29
编者按 财务 村 村干部 村里 村民 村委会 村务公开 大事 干 干群 公开 河北 后面 怀疑 基层 困扰 乱 明白 盼 前面 全省 上访 说法 推 推行 县里 这项 阵地 
---- Cluster id #59 ----
Size: 21
奔 边 车站 公里 贵州 火车 经济林 开发区 开通 昆 老区 南 跑 铁路 拖 线 沿线 云南 运 运营 崭新 
---- Cluster id #60 ----
Size: 123
啊 爱 吧 病 不好 不行 不知 成 出 串 错 大地 大家 带 当 到 得 等 顿 翻 房子 夫妇 父亲 感情 告别 告诉 给 故居 过 话 怀 还有 回 回到 回来 回去 活 记得 家里 见 叫 句 看 看出 看看 块 啦 来到 老人 里 了 令 流 吗 忙 没 没有 名字 那么 那天 南极 呢 你 你们 您 女儿 朋友 妻子 气 前 情 情景 请 去 让 日子 如此 散 上面 少奇 身体 深切 师傅 时 什么 事 收 手 说 送礼 他们 天 听到 听说 玩 完 位 我 西安 下来 想 想到 想起 笑 些 心 心里 信 行 休息 呀 眼 样子 在 怎么 丈夫 找 照 知道 之后 值 住 装 
---- Cluster id #61 ----
Size: 37
报告 暴露 别国 承认 持 干涉 攻击 公认 公约 好处 抗议 冷战 例如 每周 美国 男女 内政 其它 侵犯 人权 事实上 所谓 他人 统计 外国人 限制 相同 消耗 宣言 研究会 依据 邮政 预期 珍惜 指责 周刊 自由 
---- Cluster id #62 ----
Size: 21
比例 长期以来 贷款 担保 等级 发放 分类 负债 固定资产 控制 来源 取消 商品房 商业 投放 限额 信贷 信用 约束 政策性 资本金 
---- Cluster id #63 ----
Size: 28
安全 标志 不得 地面 地下 电力 发电 个人 奖励 距离 跨越 扩建 垃圾 器材 任何 设施 施工 损害 条例 物品 线路 消防 新建 延伸 移动 应 周围 作业 
---- Cluster id #64 ----
Size: 33
比重 表 从事 从业 单位 东部 法人 分布 公报 共计 划分 结果 居委会 快速 末 年龄 普查 人数 人员 如下 数 数据 数量 西部 吸纳 小型 以外 营业 占地 镇 中部 总量 总数 
---- Cluster id #65 ----
Size: 34
病人 处长 歌舞团 广西 海南省 河北省 河南省 湖南省 患者 急 江苏省 剧团 剧院 科教 科委 科协 内蒙古 宁夏 山东省 陕西 陕西省 四川省 太原 通道 图书馆 团长 文化部 县长 宣传部 医院 艺术团 云南省 浙江省 住院 
---- Cluster id #66 ----
Size: 8
巴金 编 编辑 见解 交给 文章 页 以为 
---- Cluster id #67 ----
Size: 3
快 实实在在 忘 
---- Cluster id #68 ----
Size: 7
规范化 领会 普通话 书法 文字 语言 字 
---- Cluster id #69 ----
Size: 4
封锁 古巴 国务 解除 
---- Cluster id #70 ----
Size: 17
疾病 评为 少儿 挑选 脱颖而出 卫生部 问世 药 药品 药物 医学 右 跃 增至 证书 治疗 中药 
---- Cluster id #71 ----
Size: 34
搬 策划 传来 担任 抵制 东北 翻译 放弃 风范 家具 节 堪称 康 空 扣 兰州 留 平静 侵略 清除 热心 深厚 我党 我军 伍 袭击 校园 修权 勇敢 早期 战场 重任 子女 总参谋长 
---- Cluster id #72 ----
Size: 24
遍 不惜 长城 春风 此时 动 动人 海口 惠芬 激情 家人 联手 梦 评论 人间 她 舞台 县城 演奏 艺术家 意志 圆 重返 闵 
---- Cluster id #73 ----
Size: 24
柏林 斌 常 段 番 工地 获胜 可谓 磊 名人战 盘 棋 棋手 取胜 深圳市 通讯 围棋 讯 预赛 遭 战胜 主办 子 昊 
---- Cluster id #74 ----
Size: 7
版 仓库 妇联 妇女 女士 女性 致以 
---- Cluster id #75 ----
Size: 70
Ａ Ｄ 半岛 彼此 表示 大臣 大使 定期 多极化 访 访问 夫人 感到 感谢 高层 高兴 关系 国 荷 荷兰 合作 互访 互利 欢迎 会见 会谈 伙伴 建交 建设性 交换 经贸 看法 来访 琳 领域 莫 莫桑比克 陪同 鹏 频繁 期待 签字 前景 首相 双边 双方 探讨 图片 外交部 外经贸部 为期 相互 相信 协作 信任 仪式 有助于 有着 友好 友谊 愿 赞赏 正式 之间 致力 祝愿 驻 驻华 转达 卓有成效 
---- Cluster id #76 ----
Size: 19
产权 促 大胆 单一 道德 股份合作制 集体经济 江苏 联 拍卖 盘活 融合 生命力 水利 所有制 乡村 乡镇企业 兴办 中小企业 
---- Cluster id #77 ----
Size: 14
残疾人 窗口 共建 军人 军营 老百姓 麻烦 模范 某部 热线 示范 双拥 谁 驻军 
---- Cluster id #78 ----
Size: 8
参赛 电台 截至 竞赛 宽 收回 听众 犹如 
---- Cluster id #79 ----
Size: 24
表决 草案 大会 大会堂 会场 决议 开幕 名单 拟 热烈 人选 摄 提名 提请 通过 推荐 响起 议程 酝酿 掌声 主持 主持人 主席台 主席团 
---- Cluster id #80 ----
Size: 16
办事处 比 比利时 布鲁塞尔 丹麦 抵达 级 街道 论坛 年会 区 日内瓦 瑞士 世贸 新华 岚清 
---- Cluster id #81 ----
Size: 12
颁奖 丢 黑 奖 经济学 警方 某种 派出所 一等奖 意外 影片 最佳 
---- Cluster id #82 ----
Size: 14
大楼 大厦 电器 福州 股份 南昌 商场 商厦 石家庄 实业 输出 有限 有限公司 珠海 
---- Cluster id #83 ----
Size: 49
场面 穿 春云 搭 大雪 第一线 顶 房屋 奋战 赶到 赶来 红十字会 救援 救灾 抗 抗灾 抗震救灾 肯 粮 路上 命令 哪里 那曲 难关 派出 抢险 亲切 缺 烧 受伤 特大 挖 慰问 物资 兄弟 雪灾 夜 医疗队 灾 灾民 灾情 灾区 张北 张家口 帐篷 重建 子弟兵 自救 总队 
---- Cluster id #84 ----
Size: 7
包装 儿童 列车 食品 手术 微笑 原来 
---- Cluster id #85 ----
Size: 26
补充 处罚 给予 规定 后 具体 可以 列 内 批准 期间 其他 权 确定 人民 任命 属于 说明 提供 委托 修订 有关 章 正当 指 作出 
---- Cluster id #86 ----
Size: 13
成员国 跌 估计 拉美 利比亚 欧佩克 石油 桶 外国 委内瑞拉 下跌 原油 专家 
---- Cluster id #87 ----
Size: 13
差距 城乡 城镇 该市 居民 聚集 量 模式 热水器 缩小 统计局 小 中等 
---- Cluster id #88 ----
Size: 8
大使馆 党建 海外 华侨 华人 庆祝 社团 团体 
---- Cluster id #89 ----
Size: 9
避孕 档案 德国 号 缓慢 马克 墨 膨胀 探亲 
---- Cluster id #90 ----
Size: 21
帮 帮助 别人 个体 顾客 挂 柜台 互助 货 季节 借 卖 牌子 啥 生意 司 学会 医生 站 挣 赚 
---- Cluster id #91 ----
Size: 68
玻璃 彩色 插 地位 独资 吨 防 服务业 港口 高档 光 含 化工 机械 机组 加工 检验 精 控股 矿 码头 煤 煤炭 摩托车 年产 农 农药 品种 普通 期货 千瓦 认证 容量 摄影 设备 生产 生产线 水电 水泥 饲料 塑料 隧道 天然 同步 脱 外商 相关 新型 性能 医药 仪 仪器 以上 以下 用 原料 允许 运输 占 珍贵 制品 制造 中方 主导 专利 专用 装置 综合 
---- Cluster id #92 ----
Size: 11
分配 股 江淮 念头 派 配 披露 送 增 指标 转 
---- Cluster id #93 ----
Size: 18
典型 定 对待 发掘 高尚 个别 激发 墙 全局 入手 推广 系统工程 先进 效应 宣传 针对性 抓 准 
---- Cluster id #94 ----
Size: 36
北部 边境 传递 磋商 对抗 反应 访华 感 高级 华 回忆 会晤 柬埔寨 见面 离 临近 敏感 莫斯科 日期 实质 使馆 司长 苏 苏联 谈 谈话 同 外长 新任 愿意 越 越南 障碍 真实 正常化 着手 
---- Cluster id #95 ----
Size: 34
步入 刺激 促使 低 定价 干预 供求 后果 缓解 回落 加剧 价格 紧急 经营者 买方 徘徊 趋 热 商品 上涨 适用 停产 通货膨胀 通胀 物价 下滑 相反 消费者 需求 虚假 抑制 涨幅 正常 总 
---- Cluster id #96 ----
Size: 23
笔者 长途 车 承担 火车站 机动车 加重 交通 姐妹 拉 辆 认定 伤 事故 司机 提醒 停 停车 现场 行人 责任 真相 撞 
---- Cluster id #97 ----
Size: 16
波恩 冲突 对话 呼吁 警察 局势 科索沃 联络 伦敦 南斯拉夫 欧 欧盟 声明 西欧 亚 伊朗 
---- Cluster id #98 ----
Size: 21
变为 超越 成分 初级阶段 处在 发达 非公有制 纲领 公有制 共产主义 归 阶段 手里 私人 土地 忘记 无限 消灭 种种 资本主义 资产阶级 
---- Cluster id #99 ----
Size: 14
博物馆 长足 大门 公众 观众 还 齐全 失 收藏 兴趣 忧虑 展 展出 展览 
---- Cluster id #100 ----
Size: 21
北大 补 册 场地 出版社 出版物 丛书 灯 读 读书 精美 鲁迅 民营 鸣 日记 时尚 视 书 书店 书籍 图书 
---- Cluster id #101 ----
Size: 39
班长 不错 充满 大学生 多少 返回 谷 过来 过去 合影 连 楼房 棉花 目光 牧民 那里 农家 农科院 片 拼搏 葡萄 前来 上来 双手 天地 位于 乌鲁木齐 响 新疆 选拔 阳光 迎 远 摘 战士 招 震 主人 坐 
---- Cluster id #102 ----
Size: 36
城市 承诺 雕塑 对象 犯 公共 价值观 角色 境界 空间 领导者 陌生 哪个 内涵 人 人们 认识 商家 市中心 手中 它 痛苦 头脑 脱离 外部 希腊 一把手 遗憾 意识 应该 在于 知 主题 主体 自己 自我 
---- Cluster id #103 ----
Size: 9
阿尔及利亚 阿拉伯 分子 恐怖 理事会 谴责 突尼斯 演习 旨在 
---- Cluster id #104 ----
Size: 10
办公 层层 处 房间 公务员 经贸委 局 俊 满意 铺 
---- Cluster id #105 ----
Size: 21
拜年 唱 电视台 歌 歌曲 歌声 歌舞 节目 节奏 快乐 联欢 年年 首 晚会 舞蹈 相声 演唱 演员 印象 幽默 邮票 
---- Cluster id #106 ----
Size: 10
储量 大庆 井 勘探 立方米 油 油气 油田 中级 足够 
---- Cluster id #107 ----
Size: 11
播出 电视剧 改编 集 镜头 那个 拍 水浒传 戏 性格 忠实 
---- Cluster id #108 ----
Size: 10
兵 大队 克 名 尚 少年 射击 图 巡警 追 
---- Cluster id #109 ----
Size: 14
观看 轰动 虎踞 话剧 剧目 南京 前线 上演 替代 戏剧 演 演出 赞扬 钟山 
---- Cluster id #110 ----
Size: 46
比如 变革 表现 差异 沉重 出来 创作 独特 多样化 反响 氛围 风格 个性 画 画家 话题 讲究 揭示 京剧 景观 刊物 可喜 空前 栏目 理性 灵魂 美术 年轻 情感 散文 深 时代 试图 收获 思考 题材 显 显示 现实 现实主义 艺术 中国画 专栏 姿态 尊严 作品 
---- Cluster id #111 ----
Size: 17
北 吹 厄尔尼诺 防火 附近 海洋 火灾 暖 气象 热带 森林 上空 太平洋 天气 西 现象 响应 
---- Cluster id #112 ----
Size: 15
答 大户 方便 简称 交易所 开设 联网 买卖 哪些 区别 深圳 提问 问 账户 证监会 
---- Cluster id #113 ----
Size: 55
办事 保障 出台 促进 措施 发生 法规 法制 法治 方略 防止 赋予 各级 各类 各位 规范 狠抓 及时 加强 监督 健全 接待 解释 开展 力气 配合 配套 破坏 权力 认真 市场经济 突出 完善 违法 维护 效果 行使 行为 行政 严厉 严重 有力 有序 预防 整体 整治 职责 执法 制度 制约 秩序 治安 治国 专项 综合治理 
---- Cluster id #114 ----
Size: 129
办公室 办公厅 北京大学 北京市 毕业 博士 部长 参加 常委 常务委员 厂长 成都 成员 冲击 出任 大学 党委 党校 党组 地委 董事长 队长 分局 福建 福建省 副 干事 工程师 工商联 工业部 工作组 共青团 顾问 管理局 广东省 国务委员 哈尔滨 汉族 黑龙江 黑龙江省 湖北省 湖南 华南 化学 会长 获 吉林 吉林省 计委 加入 兼 教授 届 经理 局长 军分区 科长 科学院 联合会 辽宁 辽宁省 秘书 秘书长 民革 名誉 男 其间 清华大学 任 山东 上海 上海市 沈阳 生 省 省长 省委 省政府 市长 市委 首席 受 书记 书记处 数学 水利部 所长 天津 天津市 外事 委员长 系 厦门 县委 相当 校长 协会 学位 学习 学员 学院 研究生 研究室 研究所 研究员 研究院 业余 院 院长 院士 政法 政委 政治局 职 中共 中共中央 中华 中学 中央 中央委员 主任 主任委员 主席 助理 专业 总工会 总会 组长 组织部 
---- Cluster id #115 ----
Size: 15
大雨 覆盖 管制 广播 接收 看好 空中 清晰 网 卫星 乡镇 信号 验收 中医 中医药 
---- Cluster id #116 ----
Size: 18
导弹 锻炼 对此 海军 海上 解放军 空军 练 命名 全军 热潮 事宜 训练 研制 迎来 院校 战斗力 诸 
---- Cluster id #117 ----
Size: 117
Ｂ 安定 保持 备忘录 本次 不足 步伐 产量 成人 充足 达到 带来 导向 调控 调整 发展 放开 放松 分开 丰富多彩 改革 改善 改组 干旱 搞好 搞活 根本性 鼓励 国民经济 国内外 好转 合理 宏观 化解 活力 基本建设 基础 机制 积极 计划 继续 加大 加快 减员增效 健康 节约 结构 进展 精简 经济 经济社会 境外 竞争 扩大 力度 力争 粮食 良好 零售 灵活 盲目 明显 能力 农副产品 平衡 浦东 潜力 全 全年 融资 社会化 深化 生产资料 生产总值 势头 适当 适度 适时 市场 试点 收购 水平 速度 台阶 态势 提高 体系 体制 同时 统筹 投入 推进 妥善 稳定 稳妥 稳中求进 项目 消费品 效益 压力 以内 引导 优化 有利 预定 原材料 增长 增长点 增加 增添 债务 战略性 政企 重点 重复 转变 着力 
---- Cluster id #118 ----
Size: 83
班 保健 倍 表演 拨 拨款 藏 出版 处于 达 大家庭 地 佛教 公民 共有 固定 汉 基建 继 价 监狱 建成 交付 教 今 近年来 经 经典 境内 旧 课题 拉萨 累计 历时 列为 流行 论 每 免费 民间 年代 年均 平方米 瓶 权利 全国性 全区 设有 省市 使用 世 首要 受灾 所 特殊 同一 西藏 习惯 现有 县 乡 享有 信仰 修复 学术 严寒 医疗 议论 拥有 原始 占有 整理 政 支援 中央政府 撰写 庄严 自治区 自主 宗教 罪犯 尊重 座 
---- Cluster id #119 ----
Size: 17
报名 岛 东北部 服务 旅游 旅游业 蓬勃 青岛 青年 同学 团中央 行动 游客 征文 志愿 志愿者 助 
---- Cluster id #120 ----
Size: 8
公顷 坚实 咖啡 科 科特迪瓦 属 水稻 现任 
---- Cluster id #121 ----
Size: 12
病毒 传输 电脑 高速 高速公路 公路 连接 门前 全世界 网络 兴建 因特网 
---- Cluster id #122 ----
Size: 18
澳门 长官 发言 繁荣 港 过渡 回归 基本法 建华 交接 美好 内地 平稳 社长 事务 特区 香港 一国两制 
---- Cluster id #123 ----
Size: 13
爱尔兰 巴基斯坦 北爱 对方 各方 和谈 季 间 煤矿 南北 谢里夫 新村 印 
---- Cluster id #124 ----
Size: 8
国土 汗水 绿 绿色 美军 蒙古 青少年 舞剧 
---- Cluster id #125 ----
Size: 42
材料 逮捕 法庭 非法 公安 公安部 管辖 检察院 鉴定 结论 居住 款 理由 立案 律师 秘密 聘请 期限 请求 上述 省级 事实 是否 收到 收集 收取 随 提起 通知 同意 未能 嫌疑人 刑事诉讼法 姓名 询问 延长 应当 在场 照片 侦查 证据 证明 
---- Cluster id #126 ----
Size: 31
爱国 冰 参观 传达 负责人 告 工人阶级 关怀 恢复 隆重 民主党派 浓 批示 迫害 青 人士 天安门 统一战线 统战 统战部 外出 文革 文件 先生 显得 隐患 遭到 照顾 召集 知名人士 指示 
---- Cluster id #127 ----
Size: 12
报警 长沙 罚 公安局 监控 交警 接到 民警 市区 违章 支队 中小学生 
---- Cluster id #128 ----
Size: 20
本地 长工 创办 地质 典礼 工厂 光彩 光荣 何 华北 艰苦 精力 乐 品质 平原 为由 献身 找到 直至 装备 
---- Cluster id #129 ----
Size: 30
大道 懂 读者 封闭 风情 富有 革新 攻 古典 汉语 解 凝聚 批评 缺乏 审美 失去 诗 诗歌 诗人 思 欣赏 心理 心声 形 修养 严谨 优美 誉为 这块 之 
---- Cluster id #130 ----
Size: 10
此案 负担 高考 国家教委 减轻 考试 任职 书面 心态 资格 
---- Cluster id #131 ----
Size: 29
班子 不如 纯收入 带领 带头 党支部 地处 短 改 工 将军 靠 累 路子 面貌 难 怕 启示 全村 山 抬 投 物 县政府 修 依旧 易 致富 总产值 
---- Cluster id #132 ----
Size: 21
北方 草 草地 当中 该县 攻关 江西 可观 亩 南方 农业部 人均收入 认可 试验 踏 细 兴奋 畜 畜牧业 养 雨 
---- Cluster id #133 ----
Size: 14
白宫 大藏省 大中 官员 国会 花钱 加元 开支 联邦 削减 新增 盈余 职员 总裁 
---- Cluster id #134 ----
Size: 25
安排 编制 财力 财政 呈现 赤字 得益 低于 抵 地方 关税 加 减少 弥补 其中 适度从紧 收入 收支 完成 相应 有所 预算 元 增幅 支出 
---- Cluster id #135 ----
Size: 24
称为 豪华 好像 红 红旗 花 荒山 京城 开 类似 牡丹 哪 旁 塞 神圣 时节 死 献给 香 像 延安 意思 云 正好 
---- Cluster id #136 ----
Size: 23
不利 出口 对外开放 对外贸易 附加值 国际 国内 机电 进出口 进口 竞争力 看待 利用 贸易 投向 外贸 外资 吸取 下降 削弱 依赖 引进 总额 
---- Cluster id #137 ----
Size: 39
报纸 不见 灿烂 厂家 打下 大海 道 道理 端 放心 钢琴 海 寒风 后者 怀着 颗 口 来临 蓝 利润 临 难免 漂亮 剩下 世人 掏 天空 同事 同行 童 喜 想法 爷爷 艺术品 志成 珠江 自豪 总经理 帷幕 
---- Cluster id #138 ----
Size: 20
不良 传真 东京 对策 菲 菲律宾 汉城 回收 马尼拉 桥本 日本 日元 苏哈托 新闻界 宣布 雅加达 印度尼西亚 印尼 印尼盾 债权 
---- Cluster id #139 ----
Size: 27
倡导 城 创建 锋 奉献 幅 号召 弘扬 活动 激励 假货 精神文明 雷 礼貌 评选 群众性 人人 事迹 树 送给 题词 文明 新风 新人 学 涌现 载体 
---- Cluster id #140 ----
Size: 37
比索 贬值 储备 东南亚 动荡 短期 兑 兑换 纷纷 风波 官方 韩国 回升 汇率 货币 教训 金融 金融业 经常 流入 曼谷 美元 墨西哥 人民币 顺差 泰国 通货膨胀率 外汇 外债 吸引 信心 行长 亚洲 引发 影响 至 周边 
---- Cluster id #141 ----
Size: 66
安装 本人 表率 不正之风 不准 查处 处分 党风 党性 党员 党政 党政机关 斗争 遏制 反 反腐倡廉 腐败 干部 公款 会计 机 纪检 纪律 纪委 监察 坚决 艰苦奋斗 健行 金钱 考验 礼品 廉洁自律 廉政 漏洞 落实 蔓延 配备 评议 强化 清理 庆典 全会 奢侈浪费 实体 受贿 土壤 外地 违反 违规 违纪 尉 严格 严禁 一级 源头 责任制 制止 抓好 追究 准则 着重 自 自觉性 钻研 遵守 作风 
---- Cluster id #142 ----
Size: 24
部委 财经 陈旧 高等 高等教育 高校 教学 课 课程 浪费 面向 培养 趋势 人才 人事 人事部 人文 设置 世纪 所属 通用 戏曲 型 学科 
---- Cluster id #143 ----
Size: 20
本身 标准 侧面 单纯 对立 分析 否定 规律 忽视 阶级 里面 内在 评价 倾向 人物 双重 腿 文艺 原理 左 
---- Cluster id #144 ----
Size: 35
八一队 败 本轮 比分 场 队 队员 对手 夺冠 负 河南 击败 甲Ａ 篮球 联赛 辽宁队 轮 男篮 男排 女排 排球 强劲 轻松 球 球队 弱 赛季 胜 输 四川 厅 战 浙江 支 主场 
---- Cluster id #145 ----
Size: 21
ＶＣＤ 白酒 包含 北风 查 工商局 国产 家电 甲醇 假 降价 酒 品牌 山西 山西省 售 死亡 销售 制 中毒 抓获 
---- Cluster id #146 ----
Size: 61
闭幕 参政议政 茶话会 阐述 承办 出席 次 大局 调查 发表 服从 赴 纲要 光亚 国权 华清 会议 建议 江 讲话 锦涛 举行 开拓 看望 考察 列入 鲁丽 率 民工 全国 全体 日程 瑞环 商 讨论 提案 题 听取 委员 伟长 协商 新鲜 选平 研讨 研讨会 演讲 议题 与会 泽民 章程 兆国 正英 政协 智利 驻地 做出 作 座谈 座谈会 孚凌 F基 
---- Cluster id #147 ----
Size: 15
保存 变成 层 常州 大街 国民 河 浓郁 品位 素质 文化 下功夫 小康 营造 优秀 
---- Cluster id #148 ----
Size: 24
并非 补贴 出售 抵押 房 福利 工资 购 角 教职工 例 每月 实物 市场化 外来 务工青年 消费 小区 校 需 支付 住房 住宅 租 
---- Cluster id #149 ----
Size: 136
白 毕 蔡 藏族 曹 朝鲜族 陈 程 川 崔 戴 单 丁 董 杜 范 方 费 冯 傅 刚 葛 龚 古 顾 关 管 郭 韩 贺 洪 侯 胡 华夏 黄 回族 霍 贾 健 姜 蒋 杰 金 锦华 晋 孔 兰 李 力 梁 廖 林 刘 卢 鲁 路 陆 吕 罗 马 满族 梅 蒙古族 孟 苗 苗族 敏 明 聂 牛 女 平 齐 秦 曲 全有 群 邵 申 沈 施 史 舒 宋 孙 谭 唐 涛 陶 田 土家族 万 汪 王 韦 维吾尔族 伟 魏 温 文 闻 吴 武 夏 向 肖 谢 熊 徐 许 严 阎 杨 扬 姚 叶 彝族 毅 尹 勇 游 于 余 俞 袁 曾 张 赵 正 郑 志 钟 朱 祝 壮族 邹 
---- Cluster id #150 ----
Size: 9
当选 发 共和国 贺电 领导人 选出 议长 祝贺 总统 
---- Cluster id #151 ----
Size: 33
爱国主义 保值 财政部 持有 到期 抵御 兑付 付 革命 公布 购买 国债 计 计算 记录 纪念 纪念馆 建筑 精品 利息 烈士 满 民政部 年利率 凭证式 期 抢救 社会效益 贴近 网点 维修 文物 债券 
---- Cluster id #152 ----
Size: 21
笔 菜 吃 待 倒 懂得 饭 故事 官 鸡 佳 描绘 取 升 汤 透 碗 也 迎春 鱼 制作 
---- Cluster id #153 ----
Size: 20
产业化 成果 到底 东盟 国王 红色 集装箱 检测 经费 科研 拉那烈 论文 满足 南宁 南宁市 清华 缺少 系统 转化 转换 
---- Cluster id #154 ----
Size: 39
安 薄 不幸 策略 春 党组织 敌人 底 动员 发动 发起 根据地 共产党员 汇 借助 军民 开办 开辟 抗日 抗战 留给 率领 民 耐心 情绪 日报 退 顽强 维持 雄厚 严峻 衣服 应付 踊跃 运动 战斗 掌握 政权 子文 
---- Cluster id #155 ----
Size: 16
筹措 船 船舶 订 份额 骨干 建造 接轨 具 起点 艘 相比 消化 造 周期 总公司 
---- Cluster id #156 ----
Size: 11
对付 法案 候选人 科尔 另外 罗马尼亚 民主党 为首 议员 政局 执政 
---- Cluster id #157 ----
Size: 11
查获 电信 非洲 过年 海关 华为 货物 手机 引人注目 转向 走私 
---- Cluster id #158 ----
Size: 23
彩电 倡议 超 创业 此举 电视 电视机 短短 多媒体 杭州 画面 辉煌 厘米 利税 模拟 屏幕 企业家 取代 盛 数字 同样 图像 云龙 
---- Cluster id #159 ----
Size: 19
档次 掉 锭 湖北 济南 江南 昆明 抢 敲 什么样 淘汰 通 武汉 压 压锭 压缩 运河 郑州 重组 
---- Cluster id #160 ----
Size: 18
变 变化 承受 大气 地球 度 辐射 含量 毫米 和谐 环 家园 难得 气候 太阳 唯一 物质 新加坡 
---- Cluster id #161 ----
Size: 26
宾馆 厂 车间 得知 调 该厂 感慨 钢铁 工人 后人 家属 艰苦创业 交谈 接见 结婚 敬爱 劳动模范 倾听 全场 铁 外面 晚 详细 冶金 真情 自力更生 
---- Cluster id #162 ----
Size: 10
百富勤 出租车 港元 国企 集资 惊人 来自 能否 主 崛起 
---- Cluster id #163 ----
Size: 13
炒 传 传媒 贵 花园 立 明星 名人 捧 实 星 言 总书记 
---- Cluster id #164 ----
Size: 14
倒闭 发现 分行 该行 关闭 监管 经过 开业 卢森堡 审计 事件 松 无法 资 
---- Cluster id #165 ----
Size: 11
埃及 保 黄淮 街 街头 开罗 抗旱 冷空气 水源 苏丹 小麦 
---- Cluster id #166 ----
Size: 22
报刊 贝宁 封 焦点 来信 每天 偶然 权威 人民日报 商务 上网 深感 甚 时报 推出 网上 消息 写道 一代 阅读 中文 最新 
---- Cluster id #167 ----
Size: 14
草原 带有 动物 动物园 感染 基因 生长 它们 头 温馨 野生 营养 这里 只 
---- Cluster id #168 ----
Size: 83
阿盟 阿齐兹 安理会 安南 奥尔布赖特 巴格达 巴黎 抱 报道 本报 避免 常任 常驻 此间 达成 打算 大规模 担心 地点 电 调解 动武 动用 发布会 发言人 法国 反对 否认 符 关切 国务卿 果 海湾 核查 记者 加紧 接受 结束 紧张 谨慎 警告 拒绝 科威特 理事国 立场 联合国 连日来 美 美联社 穆巴拉克 普里马科夫 前往 萨达姆 态度 特使 特委会 通报 透露 途径 土耳其 外交 外交大臣 威胁 危机 斡旋 武力 武器 希拉克 销毁 小组 协议 新华社 寻求 伊 伊拉克 英 约旦 招待会 制裁 重申 诸如 准备 总统府 
---- Cluster id #169 ----
Size: 20
吃饭 答应 大姐 饭店 跟 跟着 开会 那时 人家 荣 沙漠 上班 上任 深受 声音 踢 小伙子 毅仁 赢 着 
---- Cluster id #170 ----
Size: 20
本质 动摇 高举 搞 呼声 经济基础 马克思 谋 判断 旗帜 清楚 清醒 认清 生产力 时刻 所在 载 争 之前 准确 
---- Cluster id #171 ----
Size: 16
本领 编者 传播 服务队 甘肃 挂牌 建 科普 三下乡 实用 推销 喜爱 下乡 依托 赠送 中宣部 
---- Cluster id #172 ----
Size: 17
阿根廷 北京 繁华 改制 良种 绿化 农场 农垦 清洁 庆林 全民 塞拉利昂 首都 武术 西非 造林 植树 
---- Cluster id #173 ----
Size: 15
尝 大小 店 狗不理 虎 客人 老板 老虎 理 商标 贴 为何 悬挂 真 注册 
---- Cluster id #174 ----
Size: 18
当地 地理 地区 耕地 海信 互补 面积 庞大 倾斜 人均 人口 卫生 员工 之下 至关重要 中西部 状况 自然 
---- Cluster id #175 ----
Size: 32
白色 背 边防 产 称赞 大棚 恶劣 盖 高原 公斤 官兵 海拔 基地 艰辛 结 军区 空白 领 们 奇迹 气温 摄氏度 蔬菜 挑 土 玉米 栽 栽培 种植 重 株 猪 
---- Cluster id #176 ----
Size: 21
巴西 操作 撤销 储蓄 代理 防范 风险 股东 交易 结算 巨额 客户 申报 损失 现金 业务 银行 银行业 这家 指定 咨询 
---- Cluster id #177 ----
Size: 17
伴随 电厂 洪水 黄河 青海 三角洲 省区 水库 水资源 西北 依然 遇 遭受 战友 这时 值班 中队 
---- Cluster id #178 ----
Size: 12
充实 存量 大中型 国有 经济效益 考核 困境 领导班子 流失 扭亏 配置 破产 
---- Cluster id #179 ----
Size: 12
打工 寄 劳务 睡 通信 托 望 颖超 永恒 邮电 纸 致 
---- Cluster id #180 ----
Size: 17
爱心 感动 奖金 救助 居 捐 捐助 看见 老 母亲 启动 她们 题写 献 辛苦 幸福 主编 
---- Cluster id #181 ----
Size: 43
案 百姓 办案 暴力 爆炸 表彰 不够 查办 打击 毒品 队伍 发票 犯罪 干警 贿赂 机关 检察 检察长 禁毒 纠正 举报 判决 培训班 起诉 抢劫 轻 上级 上下 涉嫌 审查 释放 受理 思卿 贪污 危害 刑法 刑事 性质 一体 正气 职务 罪 渎职 
---- Cluster id #182 ----
Size: 44
把 楚政 床 登 地上 冬 断 富 根 孤儿 好事 划 患 挤 建房 脚 进 举 拉开 老伴 龙 冒 民兵 爬 彭 清 如同 双 似 躺 趟 脱贫致富 湘西 乡亲 血 养猪 逾 咱 阵阵 只见 州 仔细 自治州 足 
---- Cluster id #183 ----
Size: 17
担 点 发行 股票 股市 回报 基金 刊登 纽约 上市 收盘 投资 投资者 营业部 运作 证券 指数 
---- Cluster id #184 ----
Size: 17
产品 抽查 创 合格 激烈 空气 名牌 牌 人群 市 兴 徐州 用户 优 优质 占据 质量 
---- Cluster id #185 ----
Size: 45
澳大利亚 比赛 成绩 出色 打破 大赛 动作 夺 夺得 分 冠军 滑 滑雪 获得 纪录 加拿大 角逐 金牌 锦标赛 决赛 亮 枚 米 秒 名将 名列 男子 难度 女子 挪威 乒乓球 破 赛场 上届 世界杯 世界纪录 速滑 跳 铜 选手 亚军 银 游泳 中国队 妍 
---- Cluster id #186 ----
Size: 14
财税 差别 产值 杜绝 公平 缓 减免 欠 税 税收 税务 优惠 征收 治 
---- Cluster id #187 ----
Size: 11
场所 车辆 公园 净化 门口 汽车 入 随意 小事 游人 自行车 
---- Cluster id #188 ----
Size: 28
办学 毕业生 编写 出国 代 待遇 风气 该校 高度 回国 教材 教师 教育 课堂 老师 年级 普及 上去 师生 西南 小学 学生 学校 眼光 优先 赞成 招生 中小学 
---- Cluster id #189 ----
Size: 32
不便 长江 都市 更新 购物 广场 机遇 竣工 开工 库区 民心 难题 起步 企业界 前所未有 全市 人心 三峡 商店 上游 市民 市政府 思路 修建 移民 振奋 之内 直辖市 指挥部 中外 重庆 重庆市 
---- Cluster id #190 ----
Size: 9
杯 大树 喝 棵 楼 啤酒 平安 屋 这儿 
