---- Cluster id #1 ----
Size: 16
澳门 颁布 颁奖 比较 丛书 党建 公务员 官方 过渡 回归 基本法 交接 竞赛 平稳 听众 珠海 
---- Cluster id #2 ----
Size: 59
Ａ 伴随 包袱 成本 出去 出于 大型 代价 等于 多元化 分散 改组 概念 钢铁 功能 规模 国外 合并 机会 集团 兼并 经营 看来 可能 扩展 扩张 浪潮 垄断 某种 目的 内部 纽带 企业 甚 收益 数量 无法 限度 销售 销售额 兴起 行列 行业 迅速 营销 盈利 运转 政府部门 值得 指明 中介 专业化 转向 追求 资产 总部 组合 组建 做法 
---- Cluster id #3 ----
Size: 112
办公室 北京大学 北京市 毕业 博士 部长 常委 常务委员 车间 成员 冲击 出任 大学 党委 党组 地委 董事长 队长 分局 福建 福建省 副 干事 工程师 工商 工业部 工作组 共青团 顾问 广东省 广州 国务委员 哈尔滨 汉族 黑龙江 黑龙江省 湖北省 湖南 化学 会长 获 吉林 吉林省 计委 加入 兼 教授 经理 局 局长 军分区 科长 科学院 联合会 辽宁 辽宁省 秘书 民革 名誉 男 其间 清华大学 任 山东 上海市 沈阳 生 省长 省委 实业 市长 市委 书记 书记处 数学 水利部 所长 天津 天津市 系 厦门 县委 校长 协会 学位 学院 研究生 研究室 研究所 研究员 研究院 业余 议员 院长 院士 政法 政委 职 中共 中华 中学 中央委员 主任 主任委员 主席 助理 专业 总队 总工会 总会 组长 组织部 
---- Cluster id #4 ----
Size: 18
筹措 船 船舶 订 骨干 花钱 接轨 结婚 开罗 起点 人家 艘 相比 消化 引进 造 周期 总公司 
---- Cluster id #5 ----
Size: 19
帮 帮助 本领 别人 个体 顾客 挂 柜台 互助 货 季节 借 领 卖 牌子 生意 司 学会 挣 
---- Cluster id #6 ----
Size: 19
场地 答 大户 发行 方便 基金 简称 交易所 开设 联网 买卖 区别 上市 投资 投资者 问 账户 证监会 证券 
---- Cluster id #7 ----
Size: 20
步入 车辆 承担 机动车 加重 监控 交警 交通 怕 认定 伤 事故 司机 违章 现场 行人 责任 真相 支队 撞 
---- Cluster id #8 ----
Size: 17
贬值 不利 出口 创汇 对外贸易 服装 附加值 合 机电 进出口 进口 竞争力 贸易 顺差 外贸 至 总额 
---- Cluster id #9 ----
Size: 10
百姓 办 东西 好事 可贵 实事 使得 书画 特定 务实 
---- Cluster id #10 ----
Size: 24
奔 车站 高速公路 公里 公路 贵州 火车 开发区 开通 昆 老区 连接 南 跑 铁道部 铁路 通 拖 慰问 线 兴建 沿线 运 崭新 
---- Cluster id #11 ----
Size: 72
包装 玻璃 彩色 地位 电子 独资 短 吨 辐射 服务业 港口 高档 高效 工艺 光 含 化工 机械 机组 激光 加工 精 开发 控股 立方米 码头 摩托车 年产 农 农药 配套 期货 汽车 千瓦 容量 摄影 设备 设计 生产 水电 水泥 饲料 塑料 隧道 天然 通信 同步 铜 外商 相关 新型 性能 循环 仪 仪器 以上 以下 应用 用 邮电 原料 允许 运输 占 珍贵 制品 制造 中方 主导 专用 装置 综合 
---- Cluster id #12 ----
Size: 34
报 称 地震 发生 房屋 防震 负责 监测 减灾 紧急 救济 救灾 抗震救灾 抢险 人民政府 丧失 伤亡 物资 县级 医疗队 引发 预报 预测 灾害 灾民 灾情 灾区 造成 张北 张家口 帐篷 重建 子弟兵 自救 
---- Cluster id #13 ----
Size: 23
病人 发出 风 感觉 孤儿 古老 光明 寒冷 患者 火 家中 京剧 渴望 冷 美丽 生命 死亡 添 通道 温暖 喜欢 形 艺术团 
---- Cluster id #14 ----
Size: 6
篇 深 文章 友谊 越 越南 
---- Cluster id #15 ----
Size: 18
ＶＣＤ 彩电 厂家 电视 电视机 多媒体 广播 杭州 画面 降价 厘米 模拟 取代 数字 图像 推出 网 信号 
---- Cluster id #16 ----
Size: 7
不满 独联体 理事会 渗透 削弱 一体化 元首 
---- Cluster id #17 ----
Size: 19
病毒 传输 动态 高速 计算机 全世界 人民日报 软件 商务 上网 少儿 网络 网上 消息 写道 信息 因特网 阅读 中文 
---- Cluster id #18 ----
Size: 20
编者按 变 财务 村 村干部 村里 村民 村委会 村务公开 党支部 干群 基层 乱 求 上访 投票 推行 乡镇 这项 阵地 
---- Cluster id #19 ----
Size: 22
城 承诺 打假 到位 店 防 工商局 购物 活动 假货 假冒伪劣 热水器 商家 实 实实在在 输出 投诉 无 消费者 信誉 引 载体 
---- Cluster id #20 ----
Size: 12
财税 杜绝 公平 缓 减免 税 税收 税务 优惠 征收 治 中西部 
---- Cluster id #21 ----
Size: 41
不错 尝 充满 地上 多少 返回 覆盖 谷 过来 过去 合影 拉开 蓝 楼房 牧民 农家 片 拼搏 葡萄 前来 上来 天地 透 位于 乌鲁木齐 响 新疆 匈牙利 选拔 阳光 迎 迎接 迎来 犹如 油 远 摘 招 震 主人 坐 
---- Cluster id #22 ----
Size: 29
八一队 比分 打 对手 攻 国家队 击败 甲Ａ 教练 教练员 俱乐部 篮球 辽宁队 男篮 年轻 强劲 轻松 球 球队 球员 弱 赛季 输 万达队 赢 遇 支 主教练 足球 
---- Cluster id #23 ----
Size: 15
包含 产品 抽查 合格 激烈 空气 名牌 牌 统计 兴 用户 优 优质 占据 质量 
---- Cluster id #24 ----
Size: 9
产值 改制 广东 核 核电站 经济林 良种 农垦 投产 
---- Cluster id #25 ----
Size: 12
爱好者 传媒 大众 健身 媒介 媒体 企业界 赛事 体委 体育 网球 赞助 
---- Cluster id #26 ----
Size: 76
案件 办案 暴力 爆炸 财产 查办 呈 惩处 打击 当事人 递增 队伍 发票 法官 法院 犯罪 犯罪分子 方略 房地产 干扰 公正 够 合法 合同 贿赂 检察 件 解释 金额 纠纷 举报 可靠 类 类型 力气 每年 民事 宁波 判处 判决 赔偿 破坏 抢劫 权益 人民法院 涉及 审理 审判 受理 数额 思卿 司法 诉讼 贪污 危害 效果 刑事 性质 严打 严厉 严肃 严重 一体 增大 增多 知识产权 职务 执行 致使 制 秩序 治安 中级 宗旨 最高 渎职 
---- Cluster id #27 ----
Size: 21
百富勤 倒闭 分行 该行 港元 关闭 国民 国企 海外 基建 集资 监管 巨额 审计 事件 首席 松 损失 业务 种子 主 
---- Cluster id #28 ----
Size: 10
撤销 代理 电脑 股东 交易 申报 属 提醒 营业部 指定 
---- Cluster id #29 ----
Size: 28
班 笔者 长途 车 带头 锋 奉献 幅 姑娘 号召 弘扬 换 回家 火车站 姐妹 拉 雷 某部 人生 事迹 送给 她们 题词 现任 新人 学 再现 真情 
---- Cluster id #30 ----
Size: 73
啊 吧 遍 宾馆 不见 不知 炒 穿 错 当 等 顿 翻 赶到 感情 告别 告诉 故居 画 回 回到 回来 见 将军 叫 看出 块 啦 来到 老虎 里 脸 了 吗 忙 没 那 那么 那时 那天 奶奶 呢 你 你们 您 情景 请 日子 烧 少奇 岁 天 停 外面 玩 完 晚 忘 我 想 想到 想起 笑 些 心 心里 行 呀 眼 遗憾 怎么 丈夫 知道 
---- Cluster id #31 ----
Size: 20
本地 长工 储量 创办 大庆 地质 光荣 何 艰苦 勘探 欧佩克 平原 深感 石油 献身 油田 原油 找到 直至 装备 
---- Cluster id #32 ----
Size: 20
北部 北风 大雨 东部 华北 华南 黄淮 级 江淮 江南 冷空气 南部 偏 气温 气象 气象台 趋势 天气 小到中雨 预计 
---- Cluster id #33 ----
Size: 20
兵 仓库 插 称赞 地处 高产 艰苦创业 艰辛 建造 据说 农场 农业部 全场 全新 啥 什么样 守 水稻 辛苦 这块 
---- Cluster id #34 ----
Size: 19
巴金 保存 编 编辑 常州 大树 河 后人 见解 立 名人 浓 浓郁 品位 气 气息 页 以为 营造 
---- Cluster id #35 ----
Size: 41
办学 薄弱 毕业生 编写 部委 财经 成人 风气 该校 高等 高等教育 高考 高校 国家教委 教材 教师 教学 教育 考试 课 课程 老师 面向 年级 培养 普及 普通 人文 设置 素质 西南 小学 新加坡 学科 学生 学校 眼光 招生 中等 中小学 中小学生 
---- Cluster id #36 ----
Size: 37
不惜 灿烂 打下 大师 道 道理 端 放心 赶来 钢琴 寒风 后者 口 来临 利润 临 难免 捧 漂亮 清晰 剩下 世人 双手 说话 掏 天空 同事 同行 童 喜 想法 销 爷爷 志成 珠江 自豪 总经理 
---- Cluster id #37 ----
Size: 19
爱护 待 导弹 懂得 改造 工人阶级 估计 回去 看待 另外 倾向 视为 水库 吸收 运河 赞成 真诚 知识分子 中间 
---- Cluster id #38 ----
Size: 21
菜 吃 倒 儿子 饭 故事 官 虎 鸡 看见 课堂 描绘 女儿 尚 少年 汤 碗 象征 迎春 制作 中科院 
---- Cluster id #39 ----
Size: 19
不良 传真 东京 服务 回收 桥本 热线 日本 日元 商标 苏哈托 提供 雅加达 印度尼西亚 印尼 印尼盾 援助 债权 注册 
---- Cluster id #40 ----
Size: 26
爱国主义 保护 档案 抵御 革命 记录 纪念 纪念馆 建筑 精品 经费 烈士 民政部 纳入 抢救 社会效益 师生 收藏 特有 贴近 统筹 维修 文化部 文物 责任感 庄严 
---- Cluster id #41 ----
Size: 4
家属 中毒 抓获 总政治部 
---- Cluster id #42 ----
Size: 30
不行 才能 成熟 代 邓 关怀 怀着 恢复 回国 汇报 混乱 经受 敬爱 决心 开创 牢记 离开 缅怀 融入 深切 十四大 谈话 题写 同志 小平 赢得 拥护 早 之际 左 
---- Cluster id #43 ----
Size: 19
乘客 冲 大学生 歹徒 孩子 喊 刻苦 老人 磊 连队 脸上 玲 幕 评为 青春 邱 围 鲜花 英雄 
---- Cluster id #44 ----
Size: 17
查获 出版物 传销 盗版 非法 光盘 海关 海上 货物 警方 净化 难民 土耳其 挖 希腊 意大利 走私 
---- Cluster id #45 ----
Size: 42
闭幕 茶话会 阐述 出席 调查 发表 赴 光亚 国权 含量 华清 讲话 锦涛 举行 看望 列入 鲁丽 率 民工 强有力 日程 瑞典 瑞环 商 石 讨论 题 伟长 新鲜 研讨 研讨会 演讲 议题 与会 正英 智利 驻地 作 座谈 座谈会 孚凌 F基 
---- Cluster id #46 ----
Size: 22
产权 促 大胆 大中型 单一 工 股份合作制 集体经济 江苏 咖啡 融合 生命力 所有制 台阶 挑战 停留 乡村 乡镇企业 兴办 中小企业 专利 总产值 
---- Cluster id #47 ----
Size: 12
北大 出版 出版社 该书 红色 刊登 马克思 名字 问世 宣言 主编 作者 
---- Cluster id #48 ----
Size: 24
表决 草案 大会 候选人 会场 决议 开幕 名单 拟 热烈 人选 提名 提请 铁木尔・达瓦买提 通过 响起 议程 酝酿 掌声 兆国 主持 主持人 主席台 主席团 
---- Cluster id #49 ----
Size: 63
案 补充 材料 逮捕 调 法庭 公安 公安部 管辖 规定 机关 检察院 鉴定 结论 居住 可以 款 理由 立案 列 律师 秘密 批准 聘请 期间 期限 起诉 轻 请求 取 权 入 上述 涉嫌 审查 省级 事实 是否 释放 收到 收集 收取 属于 说明 随 提起 通知 同意 为由 未能 嫌疑人 刑法 刑事诉讼法 姓名 询问 延长 应当 在场 侦查 证据 证明 指 罪 
---- Cluster id #50 ----
Size: 9
奥地利 波音 差异 哈佛 欧 推迟 西欧 亚 亚洲 
---- Cluster id #51 ----
Size: 15
本身 侧面 单纯 道德 对立 规律 忽视 里面 利 内在 双重 腿 文化 文艺 心理 
---- Cluster id #52 ----
Size: 24
长江 恶化 防火 工程 公顷 航运 黄河 火灾 开工 良性 林业 流失 流域 面积 农田 青海 三角洲 森林 生态 省区 水利 水土 水资源 治理 
---- Cluster id #53 ----
Size: 15
大事 该厂 公开 河北 后面 怀疑 困扰 明白 盼 前面 确实 石家庄 说法 推 县里 
---- Cluster id #54 ----
Size: 20
败 本轮 场 队 队员 夺冠 负 河南 联赛 轮 男排 女排 排球 升 胜 四川 厅 战 浙江 主场 
---- Cluster id #55 ----
Size: 184
摆 摆脱 包括 比如 变成 不好 不可 不同 步 部分 财富 差 产生 长 彻底 成 成长 成功 成立 成为 程度 初 出 出来 处在 创造 此 存在 大家 带 带来 到 到来 得 得以 掉 定 多 发现 付出 附 改变 干 感到 感慨 感受 个 给 关注 过 过程 好 后 话 还有 会 活 记得 间 接受 近 巨大 具体 句 觉得 开始 看 看到 考虑 靠 克服 肯 苦 困难 来 老 离 理解 了解 令 路 没有 每个 们 面对 目光 拿 那些 那样 难 能 能否 能够 年 期望 起 起到 前 去 让 热情 人 人们 认为 容易 如 如此 如何 上 少 生存 生动 失误 时 时候 时机 时间 什么 使 事 事情 是 手 受到 说 所有 他们 它 提到 听 听说 图片 完全 危险 为什么 位 我们 下来 下去 详细 小 需要 选择 样子 一定 一起 依然 引起 应该 有 有的 有些 遇到 原因 在 怎样 展开 站 这 这个 这里 这些 这样 这种 真实 整个 之后 之上 之下 之中 只能 中 种 种种 著名 住 装 自己 自然 字 走 走向 最后 做 
---- Cluster id #56 ----
Size: 12
初中 打电话 电话 分钟 广告 家长 可谓 收费 诱惑 愉快 娱乐 这么 
---- Cluster id #57 ----
Size: 18
班长 国防部 汉语 军 军区 连 旅 社 生日 师 司令员 所属 铁路局 团 战士 政治部 中队 中央军委 
---- Cluster id #58 ----
Size: 22
笔 边 便宜 倡议 超 短短 国家级 怀 家乡 军人 军营 利税 明星 企业家 欠 盛 脱 星 跃 云龙 这时 最佳 
---- Cluster id #59 ----
Size: 55
阿 阿尔及利亚 表示 大臣 多极化 访华 感 感谢 高层 高兴 关系 广阔 国 荷 荷兰 合作 互访 互利 欢迎 会见 会谈 伙伴 建交 建设性 交换 近年来 经贸 看法 领域 满意 频繁 其琛 签字 钱 前景 首相 双边 双方 探讨 外交部 外交部长 问候 相互 相信 意 有助于 有着 友好 愿 赞赏 之间 致力 祝愿 转达 卓有成效 
---- Cluster id #60 ----
Size: 7
白色 毒品 禁毒 女工 人群 衣服 展览 
---- Cluster id #61 ----
Size: 30
长城 春风 此时 大厅 动 动人 歌剧 海口 惠芬 激情 技巧 家人 惊人 乐团 联手 梦 年轻人 评论 人间 手术 她 抬 天下 维也纳 演奏 一代 音乐 音乐会 重返 闵 
---- Cluster id #62 ----
Size: 10
被告 补 繁华 回报 拍卖 深圳 市区 随意 停车 艺术品 
---- Cluster id #63 ----
Size: 24
风格 个性 观看 观众 虎踞 画家 话剧 剧目 剧院 女性 前线 上演 声 替代 舞台 戏 戏剧 演 演出 艺术 艺术家 院 中国画 钟山 
---- Cluster id #64 ----
Size: 22
巴黎 大街 大小 都市 丰富多彩 感染 欢乐 佳节 教堂 节日 临近 罗马 美好 气氛 庆 舞 喜庆 祥和 兴奋 夜 一派 祝福 
---- Cluster id #65 ----
Size: 83
阿拉伯 阿盟 埃及 安理会 奥尔布赖特 巴格达 抱 报道 避免 波兰 常任 常驻 此间 磋商 打算 大规模 担心 地点 电 调解 动武 动用 发布会 发言人 法国 反对 否认 符 关切 国务卿 果 海湾 号 核查 后果 加紧 结束 解除 解决 紧张 警告 拒绝 科恩 科威特 理事国 立场 联合国 连日来 美 美国 美联社 穆巴拉克 派出 普里马科夫 前往 萨达姆 态度 特使 特委会 途径 外交 外交大臣 威胁 危机 斡旋 武力 武器 希拉克 销毁 小组 新华社 行动 寻求 伊 伊拉克 英 旨在 制裁 重申 诸如 准备 总统府 最新 
---- Cluster id #66 ----
Size: 87
倍 拨 拨款 不足 藏 场所 处于 传 纯收入 达 当地 得出 顶 儿童 佛教 各类 公民 共有 固定 继 价 监狱 建成 交付 教 今 经 境内 旧 竣工 可观 拉萨 累计 列为 流行 论 每周 免费 民间 内地 年均 平方米 平均 瓶 签 权利 全国性 全区 人均 人口 人力 设有 省市 使用 世 首要 受灾 所 特殊 同一 文字 西藏 习惯 现有 享有 信仰 修复 悬挂 学术 严寒 以来 拥有 语言 原始 占有 整理 政 支援 中期 中央政府 状况 自治区 自主 宗教 罪犯 尊重 座 
---- Cluster id #67 ----
Size: 14
拆借 春运 股 临时 派 配 披露 票 神 售票 送 增 指标 转 
---- Cluster id #68 ----
Size: 18
变为 超越 成分 初级阶段 发达 非公有制 公有制 共产主义 股份制 归 轿车 经过 没收 民营 手里 消灭 资本主义 资产阶级 
---- Cluster id #69 ----
Size: 31
本届 比赛 冰球 参赛 长野 成绩 出色 打破 登 冬奥会 分 滑 滑雪 纪录 角逐 金牌 枚 米 秒 名将 男子 女子 挪威 破 赛场 上届 世界纪录 室内 速滑 运动员 缪 
---- Cluster id #70 ----
Size: 28
爱 伯伯 不顾 采访 此事 房子 国王 坏 讲述 流 面前 难忘 偶然 平凡 亲属 情 去世 热爱 人格 身上 深情 眼睛 印象 战友 照片 政治家 最终 魅力 
---- Cluster id #71 ----
Size: 20
办公厅 北京 参加 港 工商联 届 秘书长 区 全国 上海 省 事务 受 外事 委员长 委员会 学习 政治局 中共中央 中央 
---- Cluster id #72 ----
Size: 17
安徽 安徽省 陈旧 电价 费用 高低 供电 管 降 交 郊区 每 农户 全省 市 乡 整顿 
---- Cluster id #73 ----
Size: 10
该市 歌曲 来华 留学 留学生 迈进 模式 小康 优美 与会者 
---- Cluster id #74 ----
Size: 16
本质 动摇 纲领 搞 经济基础 谋 判断 旗帜 清楚 认清 生产力 时刻 所在 位置 载 准确 
---- Cluster id #75 ----
Size: 32
背 边防 菜篮子 产 产销 大棚 恶劣 副食品 盖 高原 供应 公斤 官兵 海拔 基地 急 结 空白 批发 品种 奇迹 肉 摄氏度 蔬菜 水果 挑 土 玉米 栽培 种植 株 猪 
---- Cluster id #76 ----
Size: 6
经贸委 联邦 论坛 年会 日内瓦 瑞士 
---- Cluster id #77 ----
Size: 22
云 安定 邦国 布赫 长春 春云 代表团 放 光英 贵鲜 海南 纪云 家宝 家华 建新 菊 举世瞩目 千方百计 庆林 收成 铁映 扎扎实实 
---- Cluster id #78 ----
Size: 28
大道 懂 读者 封闭 风情 富有 古典 节奏 解 凝聚 批评 缺乏 审美 失去 诗 诗歌 诗人 思 鲜明 欣赏 严谨 言 营养 邮票 右 誉为 者 之 
---- Cluster id #79 ----
Size: 27
彼此 长期 大家庭 地区 对方 繁荣 各 各族 共建 光辉 加速 结成 景象 民族 凝聚力 平等 迫切 强大 区域 少数民族 适合 兄弟 沿海 至关重要 自治 自治县 自治州 
---- Cluster id #80 ----
Size: 48
颁发 办法 保留 本 采矿 采矿权 出资 登记 发布 范围 供 公告 管理 国务院 会同 减 缴纳 开采 勘查 矿产 领取 免 名称 年度 平方公里 签订 情节 权限 日 申请 审批 手续 探矿权 提交 天然气 铁 停止 限期 许可证 延续 予以 原 暂行 主管 转让 资料 资源 最低 
---- Cluster id #81 ----
Size: 30
报告 暴露 别国 承认 持 干涉 攻击 公认 公约 好处 抗议 冷战 例如 男女 其它 侵犯 人权 事实上 所谓 他人 外国人 限制 相同 消耗 研究会 预期 珍惜 执政 指责 自由 
---- Cluster id #82 ----
Size: 21
并非 补贴 大中城市 抵押 房 分配 福利 工资 即 角 教职工 例 每月 实物 市场化 消费 小区 需 住房 住宅 租 
---- Cluster id #83 ----
Size: 17
春耕 夺 丰收 风貌 干旱 抗 抗旱 苗 秋 缺 热潮 省政府 水源 掀起 小麦 雨 遭受 
---- Cluster id #84 ----
Size: 19
比索 点 跌 菲 菲律宾 分类 股市 汉城 回升 伦敦 马来西亚 马尼拉 纽约 上升 时报 收盘 下跌 盈余 指数 
---- Cluster id #85 ----
Size: 44
安置 沉重 出路 档次 锭 纺织 分流 工会 工业 攻坚战 国有 过度 济南 截至 解困 净 就业 困境 劳务 离退休 落后 门路 扭亏 破产 契机 抢 敲 上岗 生产能力 升级 淘汰 突破口 退出 退休 武汉 下岗 陷入 压 压锭 用人 职工 中心 重组 转移 
---- Cluster id #86 ----
Size: 30
出生 达标 动手 对 防治 分工 高峰 广 沪 淮河 环保 环保局 计划生育 津 紧 京 九 卡 客车 客运 列车 旅客 每天 排放 算 提 为主 污染 小时 运行 
---- Cluster id #87 ----
Size: 20
册 读 读书 狗不理 加拿大 加元 精美 老板 鲁迅 买 门口 鸣 日记 视 书 书店 书籍 图书 为何 真 
---- Cluster id #88 ----
Size: 11
采购 采用 大桥 高中 获悉 节省 桥 桥梁 缩短 同类 招标 
---- Cluster id #89 ----
Size: 18
大地 国土 汗水 棵 兰州 绿 绿化 绿色 蒙古 农科教 青少年 全民 树 西北 栽 造福 造林 植树 
---- Cluster id #90 ----
Size: 11
氛围 工作者 关根 禁止 下功夫 新闻 新闻界 宣传 舆论 职业道德 中宣部 
---- Cluster id #91 ----
Size: 17
弊端 变动 不够 导致 股票 贺卡 环节 价值 驾驭 乐观 泡沫 取决于 投机 突然 心情 信用 有待 
---- Cluster id #92 ----
Size: 8
储蓄 花园 接近 卢森堡 旁 上面 享受 这家 
---- Cluster id #93 ----
Size: 20
包 唱 风光 歌 歌声 隔 湖 饺子 快乐 妈妈 闹 弄 全家 山 首 似 填 温馨 县城 鱼 
---- Cluster id #94 ----
Size: 8
出售 份额 购 国产 季 家电 印 知名 
---- Cluster id #95 ----
Size: 37
把 楚政 床 带领 冬 断 份 富 根 工地 划 患 挤 建房 脚 进 举 老伴 龙 冒 民兵 爬 彭 清 如同 躺 趟 痛苦 脱贫致富 湘西 乡亲 养猪 逾 只见 州 仔细 足 
---- Cluster id #96 ----
Size: 27
北 变化 承受 吹 大气 地球 度 厄尔尼诺 海洋 毫米 环 家园 价值观 命名 难得 暖 气候 全球 热带 上空 太平洋 太阳 物质 西 现象 响应 辛勤 
---- Cluster id #97 ----
Size: 35
刺激 促使 低 定价 干预 供给 供求 缓解 回落 加剧 价格 经营者 买方 农产品 徘徊 趋 热 商品 上去 上涨 失业 适用 通货膨胀 通胀 统计局 物价 下滑 相反 需求 虚假 抑制 涨幅 正常 政府 总 
---- Cluster id #98 ----
Size: 6
半岛 朝 朝鲜 红十字会 化肥 美军 
---- Cluster id #99 ----
Size: 16
产业化 成果 到底 集装箱 检测 科研 论文 满足 期刊 清华 缺少 苏丹 系统 验收 转化 转换 
---- Cluster id #100 ----
Size: 15
不怕 长远 大局 服从 关心 局部 举措 利益 强烈 倾听 全局 群众 意愿 主观 着眼 
---- Cluster id #101 ----
Size: 15
安全 操作 称号 飞行 管制 航班 奖 经济学 昆明 荣获 授予 通报 一等奖 意外 总局 
---- Cluster id #102 ----
Size: 135
白 毕 蔡 藏族 曹 朝鲜族 陈 程 川 崔 戴 单 丁 董 杜 范 方 费 冯 傅 刚 高 葛 龚 古 顾 郭 韩 贺 洪 侯 胡 黄 回族 霍 贾 健 建华 姜 蒋 杰 金 锦华 晋 俊 克 孔 兰 李 力 梁 廖 林 刘 柳 卢 鲁 陆 吕 罗 马 满族 梅 蒙古族 孟 苗族 敏 明 名 聂 女 平 齐 秦 曲 全有 群 邵 申 沈 史 舒 宋 孙 谭 唐 涛 陶 田 土家族 万 汪 王 韦 维吾尔族 伟 魏 温 文 闻 吴 武 夏 宪章 向 肖 谢 熊 徐 许 严 阎 杨 扬 姚 叶 彝族 易 毅 尹 游 于 余 俞 袁 曾 张 赵 正 郑 钟 朱 祝 壮族 邹 
---- Cluster id #103 ----
Size: 72
安装 办事 本人 表率 不正之风 不准 查处 出台 处分 党风 党性 党员 党政 党政机关 斗争 对策 遏制 反 反腐倡廉 腐败 干部 公款 狠抓 会计 机 纪检 纪律 纪委 监察 坚决 艰苦奋斗 健行 纠正 考验 礼品 廉洁自律 廉政 蔓延 配备 评议 强化 清理 庆典 全会 上级 奢侈浪费 实体 土壤 外地 违法 违规 违纪 尉 严格 严禁 一级 有序 预防 源头 责任制 正气 制约 制止 抓好 追究 准则 着重 自 自觉性 综合治理 钻研 作风 
---- Cluster id #104 ----
Size: 21
层层 城区 出租车 创 堆 岗 功夫 街 街道 街头 扣 路上 南宁 南宁市 人人 市民 受益 双拥 听到 桶 整治 
---- Cluster id #105 ----
Size: 13
巴西 东北部 看好 客户 墨西哥 收回 私人 外资 委内瑞拉 依赖 银行业 影片 债务 
---- Cluster id #106 ----
Size: 44
保卫 爆发 部队 参与 长征 持久 担负 到达 夺取 国防 海军 红军 后勤 解放军 进攻 军队 军事 军委 抗日战争 空军 练 迫使 全军 人民军队 生涯 胜利 时期 文选 武警 武装 消极 协助 训练 院校 占领 战斗力 战术 战役 战争 指挥 忠诚 诸 壮大 作战 
---- Cluster id #107 ----
Size: 28
比重 表 从事 从业 东 分布 公报 结果 快速 劳动 辆 末 年龄 农村 普查 人数 人员 如下 数 数据 西部 吸纳 以外 占地 镇 中部 总量 总数 
---- Cluster id #108 ----
Size: 38
储备 东南亚 东亚 动荡 短期 兑换 防范 纷纷 风波 风险 工具 挂钩 化解 汇率 货币 机构 教训 结算 金融 金融业 经常 流入 墨 膨胀 人民币 投放 外汇 外债 下降 现金 信心 行长 以内 银行 影响 周边 资金 足够 
---- Cluster id #109 ----
Size: 28
阿拉法特 巴 巴勒斯坦 撤军 辞职 方案 分歧 和谈 华盛顿 进程 库克 黎 黎巴嫩 内阁 内塔尼亚胡 前夕 设想 士兵 西岸 叙利亚 宣布 耶路撒冷 以 以色列 犹太人 约旦河 直升机 中东 
---- Cluster id #110 ----
Size: 20
爱心 打工 感动 公益 基金会 家里 奖金 救助 捐 捐款 捐赠 捐助 美德 母亲 启动 失学 希望工程 幸福 资助 组委会 
---- Cluster id #111 ----
Size: 17
草原 带有 动物 动物园 多利 基因 科学家 克隆 培育 人类 实验 实验室 头 细胞 羊 野生 只 
---- Cluster id #112 ----
Size: 42
爱国 参考 参政议政 出访 次 代表性 调研 对外 反映 稿 各界 规范化 好评 宏伟 会议 活跃 机关干部 交往 开拓 考察 履行 侨胞 渠道 人士 入手 提案 团体 拓展 委员 向前 协商 选平 邀请 应邀 展望 章程 政协 职能 制订 制度化 专题 组 
---- Cluster id #113 ----
Size: 12
大中 发 共和国 国务 贺电 利比亚 领导人 民主党 选出 议长 祝贺 总统 
---- Cluster id #114 ----
Size: 22
此次 大选 丹麦 党派 封锁 古巴 国大党 竞选 科尔 拉那烈 领先 人民党 为首 席 席位 相似 选民 选票 印度 阵线 政党 政局 
---- Cluster id #115 ----
Size: 17
闯 丢 发扬 干警 敢 关 官僚主义 劲 警惕 浪费 哪里 牛 派出所 事物 试 勇于 值班 
---- Cluster id #116 ----
Size: 3
奥委会 刀 浙江省 
---- Cluster id #117 ----
Size: 17
出国 东盟 发起 防伪 韩国 黄金 会员 旅游 旅游业 曼谷 难关 泰国 吸引 削减 游客 运动 助 
---- Cluster id #118 ----
Size: 29
办公 不便 差距 更新 广场 机遇 交给 库区 面貌 民心 难题 起步 前所未有 全市 人心 三峡 上下 上游 市政府 思路 修建 移民 振奋 振兴 之内 直辖市 指挥部 重庆 重庆市 
---- Cluster id #119 ----
Size: 20
冰箱 产量 成都 此前 电器 果断 缓慢 科龙 论证 迁 全球化 认证 生产线 视野 台 同样 稳 意味着 涌 帷幕 
---- Cluster id #120 ----
Size: 26
处 处长 广西 海南省 河北省 河南省 湖南省 江苏省 剧团 科教 科委 科协 内蒙古 宁夏 山东省 山西省 陕西 陕西省 社长 四川省 团长 县长 宣传部 医院 云南省 住院 
---- Cluster id #121 ----
Size: 31
边界 初步 大 公司 衡量 互补 集团公司 家 简单 进入 跨 宽 亏损 联合 连续 美元 排 排名 评 其 强 实力 世界 手段 速度 通用 下属 相当 一样 杂志 真正 
---- Cluster id #122 ----
Size: 29
查 长期以来 厂 厂长 此案 工厂 功 公园 罕见 辉煌 佳 金钱 劳动模范 漏洞 妻子 荣誉 设 时健 受贿 外 忘记 心态 烟 游人 云南 账 追 总裁 褚 
---- Cluster id #123 ----
Size: 15
父母 故乡 合肥 激动 两地 普通话 乔 亲 亲人 思念 太原 薛 寻找 一家 一行 
---- Cluster id #124 ----
Size: 20
比例 此举 贷款 担保 等级 发放 符合 负债 固定资产 具备 控制 来源 取消 商品房 商业 限额 信贷 约束 政策性 资本金 
---- Cluster id #125 ----
Size: 14
杯 喝 讲究 门前 啤酒 铺 食品 书法 屋 相声 幽默 圆 这儿 争 
---- Cluster id #126 ----
Size: 25
办理 保值 财政部 持有 到期 兑付 付 公布 购买 国债 计 计算 加 利息 满 年利率 凭证式 期 事宜 提前 网点 营业 邮政 债券 支付 
---- Cluster id #127 ----
Size: 7
大藏省 官员 国际象棋 节 莫 莫桑比克 职员 
---- Cluster id #128 ----
Size: 14
公众 寄 记 睡 送礼 托 望 献 小姐 颖超 永恒 展出 纸 致 
---- Cluster id #129 ----
Size: 24
不懈 潮流 大业 儿女 分离 分裂 共同 海内外 和平 呼吁 加深 交流 迈 深远 势力 统一 推动 往来 心愿 一国两制 增进 中华民族 主权 祖国 
---- Cluster id #130 ----
Size: 22
称为 敢于 豪华 好像 红 花 荒山 京城 开 牡丹 哪 塞 时节 死 献给 香 像 延安 意思 云 照 正好 
---- Cluster id #131 ----
Size: 14
拆 城市 雕塑 公共 和谐 垃圾 类似 美术 哪个 内涵 深受 市中心 有机 主题 
---- Cluster id #132 ----
Size: 17
Ｄ 电台 发言 江 科技界 前列 全体 摄 万年 讯 也 也门 泽民 扎实 致以 中南海 总书记 
---- Cluster id #133 ----
Size: 11
表面 冰 灯 机器 面 南极 水 月 月球 扎 证实 
---- Cluster id #134 ----
Size: 207
把握 保证 部署 采取 层次 成就 成效 充分 出发 处理 促进 措施 党 党中央 得到 奠定 调动 独立 独立自主 发挥 繁重 方面 方向 方针 防止 放在 奋斗 负担 高举 各地 各个 各级 各位 各项 各种 根本 工作 巩固 贡献 鼓舞 关键 观念 贯彻 广大 广泛 规划 国家 国情 核心 回顾 基本 积极 激励 集中 及时 加强 加以 坚持 坚持不懈 坚定不移 坚强 坚实 肩负 艰巨 健全 建立 建设 结合 解放思想 紧密 进行 精神 精心 经验 局面 举办 具有 决策 开放 开拓进取 开展 客观 肯定 牢固 力量 联系 良好 领导 路线 落实 马列主义 迈出 矛盾 密切 民主 明确 目标 内容 努力 配合 批 普遍 起来 前进 强调 切实 情况 取得 全面 全心全意 确定 任务 认真 社会主义 深刻 深入 十五大 实际 实事求是 实现 实效 实行 世纪 事业 视察 树立 顺利 思想 探索 特点 特色 提倡 提出 体会 体现 条件 突出 团结 推进 推向 妥善 完善 围绕 为 维护 问题 我国 物质文明 下 现代化 项 协调 新 形成 形式 形势 学者 研究 要 要求 一切 一致 依靠 意见 应有 硬 优良 有力 有效 原则 运用 增强 战略 召开 整体 正确 政策 政治 支持 职责 直接 指出 指导 指引 制度 重大 重视 重要 重要性 主动 主要 注意 注重 抓紧 抓住 自觉 自身 总结 总体 组成部分 组织 做出 做到 做好 作出 作为 作用 
---- Cluster id #135 ----
Size: 14
保 保险 大雪 第一线 家庭 抗灾 老年人 陌生 那曲 平安 特大 推销 雪灾 养老 
---- Cluster id #136 ----
Size: 8
柏林 层 大海 海 乐 累 平静 深处 
---- Cluster id #137 ----
Size: 23
吃饭 搭 答应 大姐 对付 饭店 夫妻 赶 跟 跟着 开会 客人 庞大 荣 上班 上任 声音 踢 推荐 小伙子 新年伊始 毅仁 着 
---- Cluster id #138 ----
Size: 13
发射 轨道 航天 火箭 急需 颗 空间 设计师 太空 挑选 卫星 型 研制 
---- Cluster id #139 ----
Size: 5
两会 迈向 世纪之交 心声 意志 
---- Cluster id #140 ----
Size: 24
阿根廷 白酒 尝试 筹集 等待 东方 短缺 飞 飞机 航空 航线 机场 甲醇 假 架 酒 空前 蓝天 每人 民航 人次 山西 选 租赁 
---- Cluster id #141 ----
Size: 14
步骤 海峡 回应 两岸 领土 农历 企图 商谈 谈判 完整 赞同 主张 状态 阻碍 
---- Cluster id #142 ----
Size: 42
表现 创作 导演 电影 独特 多样化 反响 沟通 话题 获奖 揭示 景观 可能性 栏目 理 灵魂 描写 某 情感 圈 热闹 散文 时尚 收获 思考 思维 题材 文学 洗 显示 现实 现实主义 小说 写 写作 新兴 影视 专栏 姿态 尊严 作家 作品 
---- Cluster id #143 ----
Size: 23
奥运会 大赛 动作 夺得 冠军 获得 锦标赛 决赛 空中 亮 名列 难度 乒乓球 赛 射击 世界杯 跳 选手 亚军 银 游泳 中国队 妍 
---- Cluster id #144 ----
Size: 60
表达 别的 创立 创造性 错误 打开 道路 邓小平理论 地域 定位 飞跃 丰富 否定 富强 概括 共产党 共产党人 共识 观察 还要 回答 集体 继承 建国 讲 阶段 经历 救 科学 口号 理论 历史 历史性 领袖 论断 论述 毛 毛泽东思想 命运 前途 全党 确立 确认 三中全会 实践 套 唯一 伟大 文献 系列 以后 以前 意义 勇气 造就 泽东 真理 正是 郑重 中国 
---- Cluster id #145 ----
Size: 22
乘 抵 抵达 定期 俄罗斯 访问 夫人 会晤 琳 莫斯科 陪同 鹏 期待 切尔诺梅尔金 书面 为期 协作 新华 信任 友协 圆满 正式 
---- Cluster id #146 ----
Size: 19
报警 超出 窗口 大队 房间 公安局 接到 老百姓 楼 麻烦 民警 女士 示范 受伤 谁 小事 巡警 义务 议论 
---- Cluster id #147 ----
Size: 14
班子 充实 纲要 高潮 高度 考核 领导班子 领会 人才 人事 人事部 深度 脱颖而出 优秀 
---- Cluster id #148 ----
Size: 9
存量 邯钢 经济效益 效率 效应 运营 运作 增值 资本 
---- Cluster id #149 ----
Size: 19
承办 代表 当选 共计 呼声 建议 焦点 介绍 居委会 历时 热点 人大代表 日常 上门 神圣 使命 议案 征求 走访 
---- Cluster id #150 ----
Size: 39
安 办事处 薄 不幸 策略 春 党组织 敌人 底 动员 发动 根据地 共产党员 毁 汇 借助 军民 开办 开辟 抗日 抗战 留给 率领 民 命令 耐心 情绪 日报 顽强 维持 雄厚 严峻 应付 踊跃 掌握 政权 驻军 撰写 子文 
---- Cluster id #151 ----
Size: 17
传播 服务队 甘肃 挂牌 揭晓 聚集 科普 蓬勃 青年 三下乡 实用 团中央 喜爱 下乡 依托 赠送 志愿者 
---- Cluster id #152 ----
Size: 7
北约 居 连锁 图 武术 西班牙 岚清 
---- Cluster id #153 ----
Size: 18
倡导 传统 创建 福州 精神文明 可喜 理想 礼貌 培训 评选 群众性 外来 文明 务工青年 吸取 校 新风 修养 
---- Cluster id #154 ----
Size: 68
榜样 宝贵 崇高 初期 此后 促成 担任 诞辰 诞生 典范 度过 恩来 复杂 革命家 公仆 国民党 怀念 极端 坚定 艰难 接触 接见 杰出 解放 尽 精力 久 老一辈 历程 留下 那种 内外 内心 排除 朋友 品格 前后 青 善于 身 身边 他 投身 伟人 无产阶级 无限 西安 牺牲 细致 想象 心血 心中 信念 休息 业绩 一生 遗产 忧 战斗 争取 之一 直到 智慧 周 周年 卓越 走过 崛起 
---- Cluster id #155 ----
Size: 18
避孕 典型 对待 发掘 父亲 高尚 个别 门 模范 墙 推广 系统工程 先进 一般 涌现 针对性 抓 准 
---- Cluster id #156 ----
Size: 11
版 报刊 报纸 兑 改 刊物 卢布 通货膨胀率 图书馆 值 周刊 
---- Cluster id #157 ----
Size: 13
博览会 汉 华夏 开业 堪称 那个 宁 品牌 散 水准 徐州 用品 展示 
---- Cluster id #158 ----
Size: 12
大陆 当局 对此 构想 民众 塞拉利昂 台湾 同胞 西非 希望 现状 愿望 
---- Cluster id #159 ----
Size: 16
编者 不如 传来 串 创业 夫妇 附近 光彩 其余 师傅 施 勇 找 阵阵 赚 自行车 
---- Cluster id #160 ----
Size: 20
保健 管理局 疾病 科 社区 卫生 卫生部 血 药 药品 药物 医疗 医生 医学 医药 增至 治疗 中药 中医 中医药 
---- Cluster id #161 ----
Size: 7
联 商店 逝世 同 退 文化大革命 中山 
---- Cluster id #162 ----
Size: 15
长沙 大连 大楼 大厦 德国 电信 股份 华为 马克 南昌 商场 商厦 有限 有限公司 郑州 
---- Cluster id #163 ----
Size: 26
本国 大国 俄 访 各国 各自 哈 吉 扩 联盟 谋求 签署 试图 它们 条约 乌 乌克兰 西方 协定 演习 叶利钦 伊朗 伊斯兰 油气 争夺 中亚 
---- Cluster id #164 ----
Size: 16
爱尔兰 报名 北爱 布莱尔 词 岛 黑 南北 青岛 清洁 贴 同学 形象 英国 征文 志愿 
---- Cluster id #165 ----
Size: 164
Ｂ 保持 本次 必要 布局 步伐 产业 超过 城乡 城镇 承包 持续 充足 出现 创新 达到 带动 导向 第三产业 调节 调控 调整 动力 对外开放 发达国家 发明 发展 发展中国家 方式 放开 放松 分开 扶持 富余 改革 改善 高新技术 搞好 搞活 格局 根本性 鼓励 国际 国民经济 国内 国内外 合理 宏观 环境 活力 基本建设 基础 机制 积累 技术 计划 计划经济 继续 加大 加快 减轻 减员增效 健康 节约 结构 进步 进展 精简 经济 经济社会 境外 竞争 居民 科技 科教兴国 科学技术 可 快 扩大 劳动者 利用 力度 力争 粮食 零售 灵活 流通 盲目 面临 明显 能力 能源 农副产品 农业 配置 平衡 浦东 前提 前沿 潜力 全 全年 融资 社会 社会化 深化 生产资料 生产总值 生活 生物 势头 适当 适度 适时 适应 市场 试点 水平 态势 提高 体系 体制 同时 投入 投向 突破 拓宽 稳定 稳妥 稳中求进 显著 项目 消费品 效益 新增 压力 因地制宜 因素 引导 优化 优势 有利 有所 预定 原材料 增产 增长 增长点 增长率 增加 增添 战略性 政企 支撑 支柱 知识 知识经济 智力 重点 重复 注入 转变 着力 综合国力 
---- Cluster id #166 ----
Size: 12
澳 澳大利亚 迟 国防部长 浩田 华侨 华人 检察长 庆祝 任命 上将 社团 
---- Cluster id #167 ----
Size: 9
电厂 风暴 革新 洪水 具 念头 一流 灾 志 
---- Cluster id #168 ----
Size: 14
背后 冰雪 村庄 风景 该 记忆 落 飘 双 岁月 微笑 喜悦 心灵 雪 
---- Cluster id #169 ----
Size: 10
测试 担 检验 据悉 棉花 品质 收 收购 手中 售 
---- Cluster id #170 ----
Size: 42
标志 不得 部门 处罚 单位 地面 地下 电力 发电 罚款 个人 给予 构成 奖励 距离 跨越 扩建 内 其他 器材 任何 设施 生长 施工 损害 条 条例 违反 物品 线路 消防 新建 行为 延伸 移动 应 有关 责令 章 周围 遵守 作业 
---- Cluster id #171 ----
Size: 9
党校 典礼 锻炼 培训班 任职 下决心 学员 证书 资格 
---- Cluster id #172 ----
Size: 24
背景 表彰 波 分为 工人 观点 合资 技能 角度 阶层 劳动力 另 流动 群体 身份 私营 缩小 特征 显然 移 有人 原有 之外 职业 
---- Cluster id #173 ----
Size: 8
待遇 批示 评估 探亲 外国 舞剧 专家 咨询 
---- Cluster id #174 ----
Size: 8
罚 来访 来信 上学 手机 武汉市 新村 信访 
---- Cluster id #175 ----
Size: 36
搬 策划 德 抵制 东北 翻译 放弃 奋战 风采 风范 家具 接 接收 康 空 留 侵略 清除 热心 深厚 我党 我军 伍 袭击 显 校园 修权 勇敢 赞扬 早期 战场 重 重任 子女 自愿 总参谋长 
---- Cluster id #176 ----
Size: 13
巴基斯坦 贝宁 比 比利时 大会堂 大使 大使馆 国旗 外经贸部 谢里夫 仪式 驻 驻华 
---- Cluster id #177 ----
Size: 17
阿齐兹 安南 白宫 备忘录 本报 波黑 达成 各方 国会 谨慎 救援 克林顿 透露 维和 协议 约旦 之前 
---- Cluster id #178 ----
Size: 15
拜年 表演 电视台 歌舞 歌舞团 节目 联欢 年年 屏幕 晚会 舞蹈 戏曲 演唱 演员 展现 
---- Cluster id #179 ----
Size: 24
帮扶 残疾人 地理 对口 扶 扶贫 富裕 妇联 攻坚 户 江西省 立足 贫困 贫困户 贫困县 贫穷 穷 特困 特困户 脱贫 温饱 消除 养殖 自力更生 
---- Cluster id #180 ----
Size: 68
保障 常委会 常务 长官 程序 惩治 筹备 代表大会 地方 督促 法 法规 法律 法制 法治 赋予 改进 规范 规则 规章制度 国家机关 划分 换届 季度 监督 检查 接待 借鉴 决定 框架 立法 力求 每次 难点 起草 权力 权威 人大 人民 任期 设立 审议 实施 市场经济 授权 特别 听取 委托 宪法 香港 行使 行政 行政区 修订 修改 选举 依据 议会 有益 正当 职权 执法 制定 治国 中华人民共和国 专门 组成 遵循 
---- Cluster id #181 ----
Size: 20
必然 变革 标准 当做 方法 分析 阶级 经典 卷 课题 理性 马克思主义 某些 年代 评价 人物 时代 原理 哲学 著作 
---- Cluster id #182 ----
Size: 21
百分点 筹资 存 存款 法定 法人 幅度 高于 降低 理顺 利率 利于 名义 哪些 下调 现行 用于 有利于 这次 准备金 准备金率 
---- Cluster id #183 ----
Size: 34
病 参观 传达 党内 得知 封 负责人 告 交谈 看看 隆重 民主党派 南京 迫害 亲切 身体 熟悉 天安门 统一战线 统战 统战部 外出 文革 文件 先生 显得 信 冶金 遭到 照顾 召集 知名人士 指示 总理 
---- Cluster id #184 ----
Size: 26
安排 编制 财力 财政 呈现 赤字 大于 得益 低于 关税 减少 开支 弥补 其中 确保 适度从紧 收入 收支 完成 相应 压缩 预算 元 增幅 支出 专项 
---- Cluster id #185 ----
Size: 11
表明 布鲁塞尔 成员国 对话 华 拉美 欧盟 欧洲 失业率 世贸 首脑 
---- Cluster id #186 ----
Size: 19
北方 草 草地 当中 该县 攻关 湖北 江西 南方 人工 认可 试验 踏 细 畜 畜牧业 养 折 植物 
---- Cluster id #187 ----
Size: 22
播出 部 场面 电视剧 改编 感人 汉年 集 精彩 镜头 拍 拍摄 潘 全方位 色彩 水浒传 塑造 线索 性格 战线 这部 忠实 
---- Cluster id #188 ----
Size: 9
法案 非洲 过年 好转 科特迪瓦 粮 沙漠 突尼斯 引人注目 
---- Cluster id #189 ----
Size: 29
对象 犯 岗位 贵 过硬 海信 呼唤 获取 角色 境界 开阔 领导者 那里 清醒 认识 失败 头脑 脱离 挖掘 外部 一把手 意识 员工 在于 知 主体 资 自律 自我 
---- Cluster id #190 ----
Size: 25
边境 传递 对抗 反应 高级 轰动 回忆 柬埔寨 见面 来自 罗马尼亚 敏感 日期 实质 使馆 司长 苏 苏联 谈 外长 新任 愿意 障碍 正常化 着手 
---- Cluster id #191 ----
Size: 12
波罗的海 博物馆 长足 大门 还 齐全 失 首都 兴趣 依旧 忧虑 展 
---- Cluster id #192 ----
Size: 18
波恩 冲突 分子 记者 警察 局势 科索沃 恐怖 联络 南非 南斯拉夫 内政 谴责 声明 特区 提问 招待会 中外 
---- Cluster id #193 ----
Size: 21
被动 差别 非 红旗 积极性 激发 极大 井 矿 量 煤 煤矿 煤炭 倾斜 生机 停产 迅猛 要素 隐患 优先 原来 
---- Cluster id #194 ----
Size: 21
斌 常 段 番 获胜 开幕式 名人战 农科院 盘 棋 棋手 取胜 深圳市 通讯 围棋 预赛 遭 战胜 主办 子 昊 
---- Cluster id #195 ----
Size: 26
地 妇女 耕地 灌溉 建 节水 龙头 路子 亩 农民 盘活 启示 全村 全县 人均收入 山区 投 土地 物 县 县政府 小型 修 咱 增收 致富 
