---- Cluster id #1 ----
Size: 0

---- Cluster id #2 ----
Size: 909
Ａ Ｂ ＶＣＤ 阿 阿尔及利亚 阿根廷 阿拉法特 阿齐兹 爱尔兰 爱好者 安置 奥尔布赖特 奥委会 奥运会 巴勒斯坦 巴西 白宫 百富勤 败 颁奖 伴随 帮 包袱 包含 包括 报警 报名 暴露 北爱 北大 背后 贝宁 倍 奔 本届 本轮 本质 比 比分 比索 笔者 必要 边防 边界 贬值 便宜 变成 变动 表 表面 冰球 冰雪 病毒 病人 波恩 波黑 波罗的海 波音 不错 不可 布莱尔 布鲁塞尔 步伐 彩电 参赛 草地 差别 产品 产生 产销 产值 场地 尝试 长城 长工 长期以来 长野 厂家 炒 沉重 陈旧 称为 成本 成员国 乘客 程度 持 筹集 筹资 初 出 出去 出售 出于 传来 传销 传真 闯 创汇 创造性 春风 春运 此时 村干部 村里 存量 达 打工 打破 大 大藏省 大臣 大胆 大道 大队 大庆 大赛 大使馆 大树 大型 大选 大雨 歹徒 单一 党建 倒闭 岛 导弹 盗版 等于 典礼 电价 电脑 店 雕塑 锭 定期 东北部 东方 东京 冬奥会 动态 动物园 都市 杜绝 堆 兑 多利 多元化 夺冠 厄尔尼诺 发掘 法案 繁华 方式 方向 防伪 纺织 放弃 菲 菲律宾 非 飞机 飞行 费用 分布 分配 分散 分为 分行 份额 风采 风光 风景 风情 风险 幅度 服务队 服装 付出 富 富裕 该厂 该书 该县 该校 改造 改制 改组 概念 赶来 钢琴 港元 高低 高原 搞活 歌剧 歌声 个性 各国 各自 跟 工地 工商局 攻坚战 功能 公司 狗不理 购物 孤儿 古典 骨干 股 股东 股份 股份合作制 股份制 股票 股市 顾客 挂 挂牌 官方 管理 光彩 光盘 广场 规模 国大党 国会 国际象棋 国家队 国内外 国旗 国企 国外 国务卿 国有 过度 过来 过硬 哈佛 海关 海口 海信 邯钢 韩国 寒冷 喊 汉城 汉年 航空 航线 豪华 荷 和谈 合并 合资 贺电 衡量 洪水 红色 后者 呼唤 湖 虎踞 互补 华为 滑 滑雪 画家 话剧 怀 欢乐 环保局 缓 缓慢 患者 黄淮 回收 会场 会员 汇 活 火箭 获得 获胜 获悉 货 击败 机场 机动车 机会 机遇 机制 积极性 激烈 鸡 集团 集团公司 集中 技巧 计划经济 佳 家 家长 家电 家人 加元 甲Ａ 甲醇 假货 架 兼并 简单 见解 建 江淮 江南 降低 交警 交易 角逐 饺子 教练 教练员 教堂 教职工 揭晓 接轨 街 截至 节省 解困 姐妹 借助 金牌 锦标赛 进出口 进入 近年来 京城 京剧 精美 经济林 经济效益 经济学 经营 警方 竞赛 竞选 竞争 净 举措 聚集 据悉 巨额 具 俱乐部 剧目 剧院 捐 捐款 捐赠 捐助 决策 决赛 军营 咖啡 开阔 开业 刊登 看好 看来 抗议 科恩 科索沃 科特迪瓦 可贵 可能 可谓 渴望 克隆 刻苦 客观 空白 空间 空前 库克 跨 快 宽 亏损 困境 扩展 扩张 拉那烈 蓝天 篮球 浪潮 老板 乐观 乐团 冷空气 冷战 厘米 黎巴嫩 离退休 理性 礼貌 利比亚 利润 联合 联盟 联赛 联网 连队 连续 脸上 练 良性 量 辽宁队 灵活 领导者 另外 流动 流入 流行 龙头 垄断 楼房 卢布 卢森堡 路子 绿 乱 落后 妈妈 麻烦 马克 马克思 马尼拉 曼谷 冒 每 每人 美军 美元 门口 民航 民营 明星 鸣 名将 名列 名人战 末 莫桑比克 墨西哥 陌生 谋求 某部 牡丹 拿 哪个 那里 奶奶 南昌 南方 南非 南极 南宁市 南斯拉夫 男篮 男排 男子 难关 难题 内部 内阁 内塔尼亚胡 能 能否 能够 能力 年会 年均 念头 纽带 浓郁 农家 农科院 农垦 女排 女性 女子 暖 欧佩克 爬 排 排名 排球 牌 派出所 庞大 配 配置 披露 啤酒 偏 飘 漂亮 拼搏 贫困户 贫困县 品位 乒乓球 平安 评 破产 普遍 妻子 其 其它 棋 棋手 起 企业 企业界 启示 契机 气息 气象 气象台 前面 前提 墙 强 强大 抢 敲 桥本 切尔诺梅尔金 青岛 倾斜 球队 球员 取胜 全村 全方位 全新 缺乏 热潮 热水器 热线 热心 人民党 人民日报 人文 认可 如 如此 弱 塞 塞拉利昂 赛 赛场 赛季 赛事 三角洲 散文 啥 商家 上岗 上空 上市 上网 上演 少 少儿 摄氏度 社 社长 社团 深圳市 神 审美 甚 生产能力 生机 生命力 生意 升 师傅 失败 失学 诗歌 时报 时健 时尚 实力 实体 士兵 世界 世界杯 世界纪录 世贸 事物 是 市场 市区 市中心 室内 试 收购 收盘 收益 手段 手机 首相 售票 受伤 受益 书画 数 数量 双 双拥 谁 水准 水浒传 苏丹 苏哈托 速度 速滑 所有制 抬 太原 掏 淘汰 特困 提到 题材 体委 天气 添 挑选 跳 听众 停车 通货膨胀率 通用 同事 桶 投资 突尼斯 突破口 土耳其 团中央 退出 退休 拖 外部 外国人 外交大臣 外贸 晚会 万达队 网球 网上 围棋 为 为何 维持 维和 维也纳 委内瑞拉 卫生部 温馨 乌克兰 无 无法 武汉市 武术 舞 舞蹈 舞剧 务工青年 西岸 西非 希拉克 喜庆 下跌 下降 下来 下属 鲜花 现实主义 献 县城 县里 陷入 限度 相比 相声 相似 湘西 祥和 想法 响 响起 削减 销 销售 销售额 小 小到中雨 小麦 效率 效益 效应 谢里夫 欣赏 辛苦 新村 心声 心态 信心 形 行列 行人 行业 幸福 性格 匈牙利 雄厚 叙利亚 选 选票 选手 选择 寻找 巡警 迅速 压锭 雅加达 亚军 言 沿海 演奏 养 养猪 要素 耶路撒冷 业务 一把手 一般 一等奖 一定 一家 一样 医疗队 依旧 伊朗 伊斯兰 移 艺术品 议长 因特网 音乐会 银行业 印度尼西亚 印尼盾 应 营销 营业部 盈利 盈余 硬 拥有 用品 优化 优势 忧虑 邮票 犹如 游客 游人 有的 逾 愉快 玉米 预计 预赛 元首 原来 原因 员工 圆 远 约旦 约旦河 月球 运河 运营 运转 运作 杂志 栽 载体 再现 在于 咱 早期 增值 增至 扎 摘 展开 占地 占据 战略性 战术 张北 张家口 招 找到 折 这儿 浙江省 真相 真正 阵地 阵线 阵阵 挣 征文 整个 政府部门 证监会 支队 之内 职工 直升机 值得 指明 指数 旨在 志愿者 致以 中队 中国队 中国画 中介 中科院 中小学生 中心 中医 中医药 钟山 种 重 重组 周刊 周期 株 主 主场 主教练 注入 祝福 驻军 抓获 抓住 专业化 转换 赚 撞 壮大 状况 追 追求 准备金率 资本 资产 子 子弟兵 自我 总部 总裁 总产值 总额 总公司 总统府 总政治部 走 租 足 足够 组合 组建 组委会 最佳 最终 做法 坐 妍 昊 
---- Cluster id #3 ----
Size: 199
白酒 版 包装 避孕 玻璃 采用 彩色 测试 插 车 成分 出版物 传输 船 船舶 地位 电厂 电视 电视机 电视台 电台 电信 电子 动物 独资 短 吨 多媒体 发电 发射 发行 防 分离 辐射 服务业 港口 高档 高效 工 工业 工艺 公园 购 管制 灌溉 光 广告 国家级 含 航天 毫米 核电站 黑 化肥 化工 荒山 基地 基因 机械 机组 激光 集装箱 级 计算机 加工 检测 检验 交通 轿车 接 接近 节目 金融业 禁止 精 井 景观 开采 开发 抗 空中 控股 矿 拉 立方米 连接 良种 林业 旅游 码头 煤 煤炭 名牌 模拟 摩托车 年产 农 农药 配备 配套 批发 品种 普通 期货 汽车 千瓦 桥梁 认证 容量 沙漠 山区 摄 摄影 设备 设计 生产 生产线 石油 蔬菜 输 数据 数字 水 水电 水果 水泥 饲料 塑料 隧道 特有 替代 天然 条约 铁路 通信 通讯 同步 铜 透 图像 脱 外商 网 卫星 系统 相关 小型 新型 型 性能 畜 循环 烟 羊 养殖 药 药品 药物 野生 医疗 医药 移动 仪 仪器 以上 以下 银 应用 营造 用 优 优良 优质 邮电 油田 有机 娱乐 原料 允许 运 运输 占 站 珍贵 支撑 纸 制品 制造 制作 中方 中药 种植 猪 主导 专利 专用 装置 咨询 综合 
---- Cluster id #4 ----
Size: 0

---- Cluster id #5 ----
Size: 291
云 安 安徽省 巴 白 柏林 包 薄 保 毕 边 斌 兵 冰箱 波 布赫 蔡 藏族 曹 尝 常 长春 唱 朝鲜族 陈 城 程 迟 楚政 川 创办 春 春云 此前 崔 大中 戴 单 刀 德 电器 跌 丁 董 动作 杜 端 段 对手 范 方 费 纷纷 冯 扶 符 傅 刚 高 葛 根 龚 古 谷 顾 关 关根 官 冠军 管 光英 贵 贵鲜 郭 果断 海 海南省 韩 浩田 何 河南省 贺 洪 红 侯 胡 虎 华 华夏 黄 回族 惠芬 获奖 霍 吉 季 家宝 贾 健 建华 姜 江西省 蒋 奖 降 杰 结 解 金 锦华 进 晋 居 菊 举 军 俊 康 科龙 克 孔 拉开 蓝 兰 乐 雷 磊 冷 黎 李 力 连 梁 亮 廖 琳 林 临 玲 刘 柳 龙 楼 卢 鲁 路 陆 吕 论证 罗 马 满族 梅 美丽 蒙古族 梦 孟 苗 苗族 秒 敏 明 名 莫 墨 牧民 南 聂 宁 牛 女 欧 牌子 潘 彭 品牌 平 齐 起步 起点 迁 签字 秦 庆林 邱 曲 全有 群 日元 山西省 陕西省 尚 邵 申 沈 盛 胜 师 施 史 舒 树 松 宋 台 谭 汤 唐 涛 陶 田 同样 童 投 土家族 万 万年 汪 王 韦 维吾尔族 伟 魏 温 文 闻 稳 吴 武 伍 席 夏 宪章 向 肖 谢 新风 新华 新人 星 熊 徐 许 薛 严 阎 杨 扬 姚 叶 彝族 易 意味着 毅 尹 印 英 涌 勇 游 于 余 俞 袁 跃 云 云龙 云南省 曾 战 张 赵 正 郑 志成 中期 忠诚 钟 重庆市 珠江 朱 祝 壮族 资 子文 邹 左 帷幕 闵 缪 褚 
---- Cluster id #6 ----
Size: 176
安全 案件 颁布 保护 暴力 爆炸 被告 财产 查 差 拆借 称号 呈 惩处 承包 承担 持久 处罚 此案 错 打 打击 大棚 担保 当事人 递增 调节 懂 动摇 毒品 多样化 发明 法官 法人 法院 犯罪分子 方略 房地产 夫妻 父母 干警 干扰 感人 告诉 歌曲 隔 个体 供 公共 公平 公约 公正 够 关注 航运 合法 合同 贺卡 回顾 回家 家庭 加重 假 假冒伪劣 件 建新 奖金 解除 金额 禁毒 近 纠纷 酒 考试 可靠 来 来访 来信 栏目 劳动 老人 类 类型 利于 路上 买卖 迈 每年 民事 母亲 难 难度 年年 宁波 判处 赔偿 平均 屏幕 破坏 签订 前所未有 抢劫 权益 人民法院 如下 商标 上访 上届 上升 上学 少年 涉及 审理 审判 生日 事故 市民 收回 首 授予 售 数额 税务 私营 司 司法 诉讼 随意 损害 她们 填 同类 投机 投诉 头脑 完 危害 违法 违章 委托 现行 小区 协定 兴奋 性质 严打 严厉 严肃 严重 用人 右 增大 增多 债务 丈夫 真 支 知识产权 之下 执行 指引 致使 制 制裁 秩序 治安 中级 中外 种子 装备 子女 宗旨 走私 租赁 最高 罪犯 
---- Cluster id #7 ----
Size: 613
安定 安装 奥地利 把握 班子 办事 邦国 帮扶 帮助 薄弱 保障 保证 报道 报告 本领 本人 本身 标志 标准 表决 表率 表彰 不正之风 不准 不足 部署 参考 草案 查处 常委会 常务 长官 撤销 城区 成果 成绩 成就 成立 成效 程序 惩治 承办 充分 充实 抽查 筹备 筹措 初步 初级阶段 出发 出访 出生 出台 出席 出租车 处分 处理 处于 窗口 春耕 此 次 促进 村民 村委会 村务公开 存在 措施 达标 大户 大会 大局 大气 大事 带领 代表 代表大会 代表团 丹麦 党 党风 党性 党员 党政 党政机关 党组织 抵御 地 地方 地区 点 典型 电话 奠定 调查 调动 定 丢 动手 斗争 督促 队伍 对策 对待 多 夺 夺取 遏制 发挥 发票 发现 发扬 法 法规 法律 法制 法治 繁荣 繁重 反 反对 反腐倡廉 反映 犯 方法 方面 方针 防止 防治 放 氛围 分析 分子 奋战 符合 服从 服务 腐败 赋予 负 负担 富强 附 妇女 改进 干部 敢于 纲领 纲要 高举 个 个别 各 各地 各个 各级 各类 各位 各项 各种 各族 根本 工作 工作者 公开 公款 公民 巩固 贡献 共产党员 共计 共同 观点 观念 贯彻 广大 规范 规范化 规划 规律 规则 规章制度 国防部长 国家 国家机关 过程 过渡 好 核心 狠抓 候选人 环保 环节 环境 还有 换届 会计 会议 汇报 活动 基本 基本法 基层 机 机构 积极 集体 集资 及时 急需 季度 计划生育 记者 纪检 纪律 纪委 纪云 加大 加强 驾驭 监察 监督 坚持 坚持不懈 坚定不移 坚决 坚强 肩负 艰巨 艰苦奋斗 检查 减轻 健康 健全 健行 建立 建设 建议 交 交往 接待 接受 结合 解放军 解决 解释 借鉴 介绍 金钱 紧密 进行 精心 经费 经济基础 经贸委 经验 纠正 居委会 局面 举办 举世瞩目 具有 决定 决议 军队 开 开创 开放 开拓进取 开展 刊物 抗灾 考察 考验 克服 肯定 框架 牢记 老年人 礼品 利益 立 立法 立足 力度 力气 力求 联系 廉洁自律 廉政 良好 两会 了解 列入 列为 领导 领导班子 流失 流域 漏洞 路线 履行 论坛 落实 马列主义 迈向 蔓延 矛盾 每次 密切 民警 民主 明确 名义 模范 男女 难点 内容 年 农民 农业部 努力 培训 配合 平等 平稳 评议 旗帜 起草 起到 起来 强调 强化 强烈 切实 清理 情况 请 庆典 渠道 取得 权利 权力 权威 全党 全国 全国性 全会 全局 全军 全面 全体 确立 群众 热点 人大 人大代表 人民 人人 人事 人选 人员 任命 任期 任务 认真 日报 日常 容易 入手 三峡 商店 上 奢侈浪费 社会 社会主义 设 设立 深入 审计 审议 生动 省区 十五大 时期 实际 实践 实施 实事求是 实效 实行 使 使命 事业 适合 适应 市场经济 视察 收成 收费 首要 授权 受到 受贿 属 树立 双边 顺利 思想 司机 算 所有 趟 特别 特点 特区 特色 提出 提名 提请 体会 体现 体育 铁映 听取 通过 突出 图书馆 土壤 推进 推向 推行 外地 外国 完善 违规 违纪 围绕 维护 委员会 位置 尉 文明 稳定 问题 我国 我军 污染 吸引 下 现代化 现象 宪法 香港 乡村 乡镇 项 削弱 小组 效果 协调 协助 新华社 信访 兴 形成 形式 形势 行使 行为 行政 行政区 修改 需要 宣传 宣言 选拔 选出 选举 选民 学者 亚洲 严格 严禁 严峻 研讨会 邀请 要 要求 一级 一致 依据 以来 意见 意识 意志 议案 议程 议会 印尼 应有 勇于 有 有利于 有力 有所 有效 有序 有益 友好 舆论 预防 原有 原则 源头 云南 运用 酝酿 灾 责任 责任制 泽民 增进 增强 赠送 战斗力 账 召集 召开 者 这项 这些 针对性 镇 征求 整体 正当 正气 正确 政府 政治 职能 职权 职业道德 职责 直接 执法 指标 指出 指导 至关重要 制定 制订 制度 制度化 制约 制止 治 治国 治理 中 中华人民共和国 重大 重点 重视 重要 重要性 周围 诸 主办 主动 主题 主席台 主席团 主要 注册 注意 注重 抓好 抓紧 专家 专门 专题 专项 追究 准 准确 准则 着眼 着重 资本主义 姿态 自 自觉 自觉性 自身 综合治理 总结 组成 组成部分 组织 钻研 尊严 遵循 做出 做到 做好 作 作出 作风 作为 作用 座谈会 
---- Cluster id #8 ----
Size: 139
案 百姓 办案 补充 不够 材料 查办 查获 辞职 错误 待 逮捕 地点 调 罚 法定 法庭 翻译 犯罪 该 公安 公安部 管辖 规定 后 划 贿赂 会见 机关 检察 检察院 鉴定 交付 接到 结论 经过 居住 举报 拒绝 具体 可以 课 恐怖 扣 离开 理由 立案 列 律师 没收 秘密 名单 命名 拟 年龄 判决 培训班 批准 聘请 期间 期限 起诉 前 侵犯 轻 清 请求 取 权 缺少 确定 认定 认为 日 入 上级 上述 上下 涉嫌 申报 申请 审查 省级 事实 是否 适用 释放 收到 收集 收取 受理 属于 税 说明 思卿 死亡 随 他人 贪污 提供 提起 通报 通知 同意 推荐 挖 外 为由 未能 文件 嫌疑人 线索 销毁 刑法 刑事 刑事诉讼法 姓名 修订 询问 延长 一体 医学 应当 予以 原 载 在场 暂行 扎扎实实 照片 侦查 证据 证明 职务 指定 转达 总局 罪 渎职 
---- Cluster id #9 ----
Size: 378
Ｄ 爱国 安徽 巴金 班 班长 办公室 办公厅 办事处 报刊 北京 北京大学 北京市 毕业 表演 拨 拨款 波兰 博士 部 部长 财经 参加 藏 常委 常务委员 常州 厂 厂长 朝鲜 车间 车站 成都 成员 冲击 初中 出版社 出任 处长 穿 大学 代理 当地 当选 党委 党校 党支部 党组 倒 得出 等 地理 地委 电 顶 东北 东亚 冬 董事长 队长 儿童 发起 返回 分局 佛教 福建 福建省 福州 赴 副 干事 甘肃 港 高等 歌舞 歌舞团 工程师 工商 工商联 工业部 工作组 公安局 公斤 公顷 共产党 共青团 共有 古老 顾问 管理局 广东 广东省 广西 广州 国防 国防部 国家教委 国务委员 哈尔滨 海拔 汉 汉族 杭州 航班 合 河 河北 河北省 河南 黑龙江 黑龙江省 红旗 红十字会 后勤 湖北 湖北省 湖南 湖南省 华北 华南 华侨 化学 黄金 会长 获 基建 吉林 吉林省 计委 继 加拿大 加入 价 监狱 兼 检察长 建成 建筑 江苏省 江西 郊区 脚 教 教授 街道 街头 节日 届 今 经 经典 经理 旧 局 局长 军分区 军区 军委 竣工 开办 开设 科 科长 科委 科协 科学院 可观 昆明 拉萨 理事会 联合会 粮 辆 辽宁 辽宁省 伦敦 论 论文 罗马 贸易 煤矿 每周 秘书 秘书长 免费 民革 民间 民政部 民主党 名誉 莫斯科 那曲 南宁 男 难民 内地 内蒙古 纽约 农户 盘 判断 贫穷 平方米 瓶 迫害 普查 其间 签 青年 清华大学 秋 区 全区 人 人权 人事部 任 荣誉 瑞士 山东 山东省 山西 陕西 上海 上海市 上将 设有 沈阳 生 省 省长 省市 省委 省政府 实业 使用 世 事务 市 市长 市委 市政府 首都 首席 受 受灾 书记 书记处 数学 水利部 私人 司令员 四川 四川省 岁 所 所长 天津 天津市 铁路局 同一 统计 图书 团长 外事 委员 委员长 文化 武警 西藏 西欧 习惯 系 系统工程 戏曲 下乡 厦门 现有 县 县长 县委 相当 乡 享有 消灭 小学 校 校长 协会 新加坡 新疆 信仰 行长 修复 宣传部 悬挂 学 学会 学生 学术 学位 学习 学校 学员 学院 雪灾 严寒 研究生 研究室 研究所 研究员 研究院 延安 演出 业余 医生 医院 艺术团 议员 印度 影片 游泳 有限公司 友协 原始 院 院长 院士 院校 运动 哲学 浙江 整理 政 政法 政委 政治部 政治局 证实 职 职员 指挥部 中部 中共 中共中央 中国 中华 中学 中央 中央委员 中央政府 重庆 州 主编 主任 主任委员 主席 著作 助理 住院 专栏 专业 撰写 资助 自然 自行车 自由 自治区 宗教 总队 总工会 总会 总经理 总数 足球 组 组长 组织部 
---- Cluster id #10 ----
Size: 159
安排 百分点 比例 比重 弊端 编 编者按 编制 变化 变为 并非 补贴 不良 步入 财力 财税 财务 财政 采购 菜篮子 超 超过 车辆 成熟 呈现 赤字 此举 刺激 存款 大于 贷款 导致 到位 得益 等级 低 低于 抵 抵押 对象 发放 房 放松 分流 丰收 福利 负债 该行 高于 工资 供给 供求 供应 挂钩 关税 好转 合格 缓解 回落 回升 获取 货币 基金 加 加剧 监控 减 减免 减少 建房 建造 降价 角 精简 开支 看待 考虑 客户 控制 累 利率 例 粮食 流通 买方 每月 弥补 农产品 泡沫 膨胀 平衡 其中 欠 强劲 庆 趋 取消 确保 商品房 商业 上涨 审批 失业 使得 适度从紧 市场化 收入 收支 税收 停产 通货膨胀 通胀 同时 统计局 透露 推销 脱贫 完成 物价 下滑 显然 现金 现任 限额 相反 消费 信贷 信用 需 需求 虚假 压缩 抑制 因素 银行 影响 用于 预期 预算 元 圆满 约束 怎么 增 增长 增幅 涨幅 这家 征收 正常 政策 政策性 支出 之外 住房 资金 自律 总 总量 
---- Cluster id #11 ----
Size: 98
办理 保值 不知 财政部 朝 持有 储蓄 答 大中城市 到期 地处 东 兑付 对 发 方便 分工 封闭 付 岗 高速 公布 公里 购买 广 归 柜台 国债 过 哈 沪 火车 货物 计 计算 交易所 节 结算 津 京 九 卡 开始 开通 客车 客运 快速 利息 列车 旅客 满 每天 哪些 南北 年利率 徘徊 凭证式 期 其余 瑞典 山 商务 上门 深圳 石家庄 时刻 实物 事宜 试验 缩短 提 提问 铁道部 通道 投资者 网点 为主 问 乌鲁木齐 线 小时 信号 信誉 讯 沿线 以前 应付 营业 邮政 遇 运行 造 债券 账户 郑州 证券 支付 至 
---- Cluster id #12 ----
Size: 175
澳大利亚 巴基斯坦 闭幕 必然 表达 别的 参政议政 灿烂 侧面 茶话会 阐述 长期 打假 打下 大家庭 代表性 党派 道路 邓小平理论 地域 调研 定位 东部 锻炼 恶劣 儿女 防火 访问 否定 概括 干 稿 各界 功 共产党人 共建 共识 古巴 光明 光亚 贵州 国权 海南 汗水 好评 荷兰 和谐 宏伟 互助 花园 华清 环 还要 回答 机关干部 继承 家华 建国 江 讲 交给 结成 锦涛 景象 救 举行 卷 开辟 开幕式 看望 抗日战争 空 口号 库区 理论 历史 历史性 联 流 鲁丽 率 论述 马克思主义 马来西亚 毛 毛泽东思想 民 民工 民族 那个 凝聚力 宁夏 挪威 鹏 评论 钱 前进 前列 强有力 乔 侨胞 青海 庆祝 区域 确认 人士 人物 日程 融合 瑞环 三中全会 森林 少数民族 石 孙 泰国 讨论 套 特征 提案 题 铁木尔・达瓦买提 团结 团体 唯一 伟长 伟大 文选 舞台 西 希腊 希望工程 喜 下功夫 相同 向前 象征 协商 兄弟 选平 演讲 意义 议题 应邀 迎春 勇气 有待 与会 原理 造就 泽东 章程 招待会 兆国 这个 这块 振兴 正英 政党 政协 只能 志 智利 中山 重任 主观 祝愿 驻地 驻华 自治 自治县 自治州 岚清 孚凌 F基 
---- Cluster id #13 ----
Size: 0

---- Cluster id #14 ----
Size: 163
澳 澳门 把 本地 比较 比如 笔 补 不幸 册 差异 拆 成 冲突 出版 传播 传媒 创作 丛书 村 大海 大众 带头 带有 单纯 导演 灯 抵达 电视剧 电影 订 动 读 读书 读者 断 多少 富有 改编 感觉 感慨 工厂 沟通 故事 观察 过年 汉语 好事 花钱 画面 话题 辉煌 毁 激动 激发 集 角度 角色 惊人 精彩 看看 可能性 肯 老虎 理 历时 临近 领会 鲁迅 买 卖 没 美术 描绘 描写 某 难免 闹 年轻人 浓 拍 拍摄 跑 捧 篇 普通话 期刊 青春 区别 圈 群体 热闹 人间 任职 日记 伤 上面 实用 事实上 视 收获 手中 书 书店 书法 书籍 书面 熟悉 说法 思维 它们 踏 提醒 天地 天下 挑 通 同行 头 推出 玩 围 文学 文字 物 西方 洗 戏剧 鲜明 想起 像 小说 校园 写 写作 新闻 新闻界 新兴 心理 心灵 兴趣 修养 寻求 严谨 演员 页 夜 一体化 艺术 音乐 影视 诱惑 语言 阅读 这部 珍惜 之中 中文 助 字 作家 作品 作者 
---- Cluster id #15 ----
Size: 243
阿拉伯 阿盟 埃及 安理会 安南 巴格达 摆脱 抱 北部 北约 背景 本报 比利时 避免 边境 编辑 变 表示 不好 不见 不如 步骤 部队 常任 常驻 撤军 传递 吹 此次 此间 促使 磋商 达成 打开 打算 大规模 大国 大使 代价 担心 到达 德国 得 等待 调解 动武 动用 独立 对话 对抗 对立 多极化 俄 俄罗斯 恶化 发布会 发言人 法国 反应 访华 放在 分 风 否认 干涉 感 高层 高级 攻击 公报 固定 关切 关系 官员 国 国际 果 海军 海湾 号 核查 轰动 忽视 互访 华盛顿 划分 换 回忆 会 会晤 伙伴 加紧 柬埔寨 见面 焦点 结束 紧张 谨慎 经受 局势 据说 军事 开罗 开幕 科尔 科威特 克林顿 空军 扩 来自 理事国 例如 立场 联合国 联手 另 轮 罗马尼亚 美 美国 美联社 蒙古 敏感 某种 目的 穆巴拉克 那些 南部 内政 年代 欧盟 欧洲 排除 派出 频繁 迫使 普里马科夫 期望 启动 前往 倾向 情绪 缺 热 日期 如何 萨达姆 色彩 上来 设想 身份 声明 剩下 时机 时间 什么样 食品 实质 使馆 事 守 双方 司长 艘 苏 苏联 它 态度 谈 谈话 探讨 特使 特委会 同 图 途径 推 推迟 退 外长 外交 外交部 完全 威胁 危机 斡旋 武力 武器 西班牙 袭击 下去 限制 相互 消除 新任 行 行动 也门 叶利钦 伊 伊拉克 以 以色列 意大利 议论 引人注目 英国 犹太人 油气 有些 有助于 愿意 越 越南 赞赏 遭受 扎实 战争 障碍 这次 这时 这种 真实 争 争夺 正常化 支援 之间 中东 中亚 重返 周边 诸如 主权 祝贺 驻 转 转向 准备 着手 总统 最新 作战 
---- Cluster id #16 ----
Size: 277
白色 被动 编者 变革 不同 布局 步 部分 财富 操作 草原 层次 差距 产权 产业 场面 长足 成长 成功 成为 承受 持续 出路 传统 创 创新 创业 创造 促 大厦 大中型 带动 带来 档次 导向 到来 登 第三产业 调整 动力 独立自主 对外 发达 发达国家 发言 发展 发展中国家 翻 非公有制 飞跃 丰富 风貌 附加值 该市 改 改变 赶 高产 高新技术 告别 革新 格局 各方 根本性 耕地 更新 功夫 公有制 鼓励 关键 广泛 广阔 国民 国情 海洋 含量 合肥 合作 弘扬 回报 回归 活力 活跃 基础 机器 积累 极大 集体经济 即 技能 技术 加速 价值 坚实 江苏 揭示 阶段 结构 解放思想 进步 精神文明 经常 经济 经济社会 竞争力 巨大 具备 开发区 开拓 看出 靠 科技 科技界 科教兴国 科学 科学技术 科研 可 可喜 课题 来临 来源 兰州 劳动力 劳动者 累计 利用 力量 力争 领先 领域 绿色 论断 迈出 迈进 美好 面 面临 模式 目标 难得 内涵 内在 能源 农场 农村 农科教 农业 拍卖 盘活 蓬勃 贫困 迫切 前景 前沿 潜力 清醒 求 趋势 取决于 全球 全球化 全省 全市 群众性 人工 人均收入 人类 人力 荣获 软件 商 社会化 深度 深感 深化 渗透 生产力 生存 生物 升级 时代 实现 实验 实验室 世纪 世纪之交 水平 水土 思路 素质 塑造 台阶 太空 太阳 探索 提倡 提高 挑战 条件 停留 突破 土 土地 推动 脱贫致富 脱颖而出 拓宽 拓展 网络 温饱 文章 物质 吸纳 吸收 细胞 掀起 显示 显著 乡镇企业 消化 小康 协作 新 新鲜 信息 兴办 兴起 畜牧业 学科 迅猛 压力 研究 研究会 研讨 一切 依靠 依赖 意愿 因地制宜 营养 迎接 踊跃 优美 有利 有限 与会者 栽培 债权 崭新 展望 占领 占有 战略 掌握 振奋 支柱 知识 知识经济 之上 植物 致富 智力 中小企业 重复 主持人 主体 转变 转化 转移 卓有成效 资源 自愿 自主 综合国力 走向 座谈 
---- Cluster id #17 ----
Size: 142
拜年 彼此 表明 不满 不惜 长沙 长远 倡议 潮流 承认 大陆 大业 当局 动荡 队 队员 对此 发表 发出 反响 访 分裂 分歧 妇联 歌 构想 光荣 国民党 海内外 海上 海峡 好处 和平 呼声 呼吁 华人 画 怀疑 欢迎 回应 会谈 火 挤 纪录 佳节 加深 艰苦 建交 建设性 讲话 交换 交流 阶层 借 进程 经贸 局部 剧团 看法 联络 两岸 领土 媒体 民心 民众 幕 那天 农历 盼 品质 期待 其琛 奇迹 企图 企业家 前夕 前线 谴责 热烈 人次 认清 如同 商谈 烧 深切 深远 声 失去 实 实实在在 示范 势力 首脑 顺差 所属 所谓 台湾 谈判 探亲 厅 停 同胞 统一 投票 外经贸部 完整 往来 文艺 屋 武汉 务实 西北 希望 戏 现实 现状 乡亲 消极 协议 心愿 徐州 演 一国两制 遗憾 拥护 愿望 赞同 遭 遭到 展现 真诚 正式 政局 郑重 直至 执政 重申 主张 状态 总书记 祖国 阻碍 
---- Cluster id #18 ----
Size: 349
摆 半岛 办 办公 办学 保持 保健 保险 爆发 北方 备忘录 本次 本国 比赛 毕业生 编写 别国 博览会 不利 不行 部委 残疾人 草 产量 产业化 长江 长途 倡导 城市 城乡 城镇 成人 充足 出国 出口 出现 储备 创立 纯收入 从业 达到 大小 代 待遇 担 道德 得到 邓 抵制 调控 东盟 东南亚 独联体 短短 短缺 兑换 对口 对外开放 对外贸易 番 防范 放开 非法 非洲 分开 丰富多彩 封锁 风波 风气 扶持 扶贫 副食品 覆盖 富余 改革 改善 干旱 干群 感谢 岗位 高潮 高等教育 高度 高峰 高考 高速公路 高校 高中 搞好 攻关 攻坚 公路 公务员 公益 估计 固定资产 观看 广播 轨道 国民经济 国内 国土 海外 号召 合理 合影 宏观 互利 户 化解 怀着 淮河 黄河 回国 汇率 混乱 基本建设 基金会 机电 疾病 计划 继续 加快 监管 艰苦创业 减员增效 健身 奖励 交接 教材 教师 教学 教训 教育 节水 节约 节奏 金融 进口 进展 警察 境外 就业 居民 决心 军民 军人 开工 抗旱 考核 科教 科普 科学家 课程 块 昆 困扰 扩大 拉美 来华 劳务 牢固 老 理顺 理想 里面 利税 连锁 零售 留学 留学生 旅游业 满意 满足 盲目 门 门路 棉花 面积 面向 明显 命运 某些 亩 纳入 年级 扭亏 农副产品 农田 排放 派 培养 培育 批 评为 铺 普及 浦东 齐全 千方百计 签署 清华 清洁 全 全民 全年 人才 人均 人口 人民币 人数 人心 融入 融资 肉 三下乡 商场 商厦 上去 上游 社区 设计师 设置 神圣 生产资料 生产总值 生活 生态 师生 失误 失业率 十四大 实事 势头 适当 适度 适时 试点 手 手里 输出 双重 水稻 水利 水源 水资源 缩小 太平洋 态势 特困户 提前 题写 体系 体制 统筹 投产 投放 投入 投向 图片 推广 腿 脱离 妥善 外汇 外债 外资 为首 卫生 稳妥 稳中求进 物质文明 西南 吸取 席位 系列 下调 下岗 下决心 先进 献身 相信 响应 项目 消费品 消耗 小平 新增 研制 眼光 验收 阳光 养老 依托 移民 以内 引导 引进 应该 赢得 涌现 用户 优惠 优先 优秀 预定 原材料 原油 运动员 赞成 早 造福 造林 增产 增长点 增长率 增加 增收 增添 战胜 战线 掌声 招生 震 整顿 整治 政企 支持 知名 知识分子 职业 植树 质量 中等 中西部 中小学 珠海 住宅 抓 转让 准备金 着 着力 资本金 资产阶级 自豪 总体 最低 尊重 
---- Cluster id #19 ----
Size: 168
颁发 办法 保留 保卫 报 本 不便 不得 部门 采矿 采矿权 采取 仓库 层 层层 场所 称 承诺 出资 储量 处 从事 大雪 单位 登记 地面 地球 地下 地震 地质 电力 定价 动员 短期 发布 发生 罚款 范围 方案 房屋 防震 分类 分钟 负责 干预 个人 给予 工程 工具 供电 公告 构成 关闭 国务院 核 恢复 会同 火灾 季节 价格 监测 简称 减灾 缴纳 结果 紧急 经营者 警告 境内 救济 救援 救灾 救助 距离 勘查 勘探 抗震救灾 跨越 款 矿产 扩建 垃圾 领 领取 绿化 米 免 民兵 名称 内 年度 平方公里 评估 评价 其他 器材 气 抢险 情节 权限 人民政府 任何 丧失 伤亡 商品 射击 设施 生长 失 施工 手续 水库 损失 探矿权 特大 特定 提交 天然气 条 条例 停止 违反 位于 问世 物品 物资 西部 县级 县政府 限期 线路 相应 消防 消费者 新建 兴建 许可证 训练 延伸 延续 演习 一流 以外 义务 引发 油 有关 预报 预测 灾害 灾民 灾情 灾区 造成 责令 章 帐篷 招标 证书 直辖市 指 重建 主管 资格 资料 自救 遵守 作业 
---- Cluster id #20 ----
Size: 689
啊 爱 爱国主义 爱护 爱心 吧 八一队 巴黎 搬 榜样 保存 宝贵 报纸 杯 北 北风 背 遍 表现 别人 宾馆 冰 病 播出 博物馆 伯伯 不顾 不怕 不懈 才能 采访 菜 参观 参与 策划 策略 产 场 长 长征 超出 超越 彻底 称赞 乘 吃 吃饭 充满 冲 崇高 初期 出来 出色 处在 传 传达 串 床 创建 词 此后 此事 促成 村庄 存 搭 答应 打电话 大地 大会堂 大家 大街 大姐 大连 大楼 大门 大桥 大师 大厅 大学生 带 担负 担任 诞辰 诞生 当 当中 当做 党内 党中央 档案 到 到底 道 道理 得以 得知 敌人 底 地上 第一线 典范 掉 东西 懂得 动人 独特 度 度过 对方 对付 顿 夺得 恩来 儿子 发动 饭 饭店 房间 房子 放心 飞 奋斗 份 封 锋 风暴 风范 风格 奉献 夫妇 夫人 幅 复杂 父亲 负责人 附近 盖 赶到 感到 感动 感情 感染 感受 敢 钢铁 高尚 高兴 搞 告 革命 革命家 给 根据地 跟着 工会 工人 工人阶级 攻 公仆 公认 公众 共产主义 共和国 姑娘 鼓舞 故居 故乡 关怀 关心 官兵 官僚主义 观众 光辉 国产 国王 国务 过去 孩子 寒风 罕见 好像 喝 红军 后果 后面 后人 花 话 怀念 坏 还 患 回 回到 回来 回去 火车站 激励 激情 极端 急 济南 寄 记 记得 记录 记忆 纪念 纪念馆 家具 家里 家属 家乡 家园 家中 加以 价值观 坚定 间 艰难 艰辛 见 将军 讲究 讲述 交谈 叫 接触 接见 接收 阶级 杰出 结婚 解放 紧 进攻 尽 劲 精力 精品 精神 经历 警惕 境界 敬爱 镜头 净化 久 句 觉得 开会 堪称 看 看到 看见 抗日 抗战 棵 颗 客人 课堂 空气 口 苦 快乐 困难 啦 来到 浪费 劳动模范 老百姓 老伴 老区 老师 老一辈 类似 离 理解 里 历程 利 联邦 联欢 连日来 脸 两地 了 烈士 临时 灵魂 领导人 领袖 令 留 留给 留下 隆重 旅 率领 落 吗 忙 枚 没有 媒介 每个 美德 门前 们 缅怀 面对 面貌 面前 民主党派 明白 名人 名字 命令 谋 目光 哪 哪里 那 那么 那时 那样 那种 耐心 南京 难忘 呢 内外 内心 你 你们 年轻 您 凝聚 弄 女儿 女工 女士 偶然 怕 旁 陪同 朋友 批评 批示 片 票 品格 平凡 平静 平原 评选 破 葡萄 气氛 气候 气温 前后 前来 前途 抢救 桥 侵略 亲 亲切 亲人 亲属 青 青少年 轻松 倾听 清除 清楚 清晰 情 情感 情景 穷 球 取代 去 去世 全场 全家 全世界 全县 全心全意 确实 让 热爱 热带 热情 人格 人家 人们 人民军队 人群 人生 认识 日本 日内瓦 日子 荣 散 善于 上班 上任 少奇 社会效益 身 身边 身上 身体 深 深处 深厚 深刻 深情 深受 声音 生命 生涯 胜利 诗 诗人 时 时候 时节 什么 世人 事迹 事件 事情 逝世 视为 视野 试图 收 收藏 手术 双手 睡 说 说话 思 思考 思念 死 似 送 送给 送礼 岁月 所在 他 他们 她 躺 特殊 踢 题词 天 天安门 天空 贴 贴近 铁 听 听到 听说 同学 同志 统一战线 统战 统战部 痛苦 投身 突然 团 托 挖掘 外出 外交部长 外来 外面 顽强 碗 晚 望 忘 忘记 微笑 危险 为期 为什么 维修 伟人 位 慰问 温暖 文革 文化部 文化大革命 文物 文献 问候 我 我党 我们 乌 无产阶级 无限 武装 西安 牺牲 喜爱 喜欢 喜悦 细 细致 先生 显 显得 现场 献给 香 详细 想 想到 想象 享受 消息 小伙子 小姐 小事 笑 些 写道 辛勤 新年伊始 心 心里 心情 心血 心中 信 信念 信任 形象 休息 修 修建 修权 宣布 雪 血 压 呀 亚 眼 眼睛 演唱 样子 爷爷 冶金 也 业绩 一代 一派 一起 一生 一行 依然 衣服 遗产 仪式 以后 以为 艺术家 意 意思 意外 毅仁 引 引起 隐患 印象 英雄 迎 迎来 赢 颖超 永恒 勇敢 幽默 忧 有人 有着 友谊 鱼 雨 遇到 誉为 援助 愿 月 在 赞扬 赞助 责任感 怎样 展 展出 展览 展示 战场 战斗 战士 战役 战友 找 照 照顾 这 这里 这么 这样 真理 真情 争取 正好 正是 政权 政治家 知 知道 知名人士 之 之后 之际 之前 之一 直到 值 值班 指挥 指示 指责 只 只见 志愿 致 致力 智慧 治疗 中毒 中华民族 中间 中南海 中宣部 中央军委 忠实 种种 周 周年 主持 主人 著名 住 庄严 装 卓越 仔细 自己 自力更生 总参谋长 总理 走访 走过 最后 做 座 崛起 魅力 
