---- Cluster id #1 ----
Size: 14
班长 兵 电厂 国际象棋 汉语 洪水 生日 武 休息 彝族 战士 值班 中队 总队 
---- Cluster id #2 ----
Size: 17
ＶＣＤ 大小 电视 电视机 电视台 歌舞 广播 国产 画面 家电 降价 节目 年年 屏幕 推出 晚会 信号 
---- Cluster id #3 ----
Size: 14
产品 抽查 创 份额 合格 激烈 检验 名牌 牌 市 兴 优 占据 质量 
---- Cluster id #4 ----
Size: 36
安 薄 策略 春 党组织 敌人 底 动员 发动 根据地 共产党员 毁 汇 艰苦 借助 军民 开办 开辟 抗日 空前 留给 率领 命令 耐心 情绪 日报 退 顽强 维持 雄厚 应付 勇敢 掌握 政权 驻军 子文 
---- Cluster id #5 ----
Size: 52
爆发 参与 策划 长征 朝鲜 持久 到达 德 抵制 独立自主 夺取 翻译 风采 国防 红军 后勤 进攻 经济基础 军队 军事 军委 抗日战争 抗战 灵活 篇 迫使 人民军队 生涯 胜利 时期 文选 我党 我军 武装 伍 袭击 消极 协助 修权 引 占领 战场 战斗 战术 战役 战争 争取 指挥 重任 总参谋长 总政治部 作战 
---- Cluster id #6 ----
Size: 21
冲 歹徒 刀 过硬 喊 呼唤 记 刻苦 连队 脸上 玲 美丽 幕 派出所 评为 青春 邱 围 鲜花 英雄 赞扬 
---- Cluster id #7 ----
Size: 9
巴西 黄金 看好 迈进 水准 私人 寻找 银行业 影片 
---- Cluster id #8 ----
Size: 13
比 比利时 差别 非 富裕 工资 激发 矿 量 煤 要素 优先 原来 
---- Cluster id #9 ----
Size: 14
达标 该厂 关闭 淮河 环保局 解 空气 流域 排放 清洁 人群 污染 治 治理 
---- Cluster id #10 ----
Size: 22
爱心 大树 得以 地理 对口 感动 攻坚 奖金 救助 捐 捐助 美德 母亲 念头 贫困 贫穷 启动 脱贫 消除 幸福 自力更生 组委会 
---- Cluster id #11 ----
Size: 14
不幸 封 回来 寄 两地 南极 你 日内瓦 收藏 睡 望 小姐 颖超 致 
---- Cluster id #12 ----
Size: 51
颁发 办法 保留 本 部门 采矿 采矿权 出资 登记 地质 发布 范围 公告 构成 管理 国务院 会同 缴纳 开采 勘查 矿产 领取 免 名称 内 年度 平方公里 签订 情节 日 申请 审批 手续 探矿权 特定 提交 天然气 条 铁 停止 限期 许可证 延续 予以 原 暂行 招标 主管 转让 资料 最低 
---- Cluster id #13 ----
Size: 19
产权 促 大胆 大中型 单一 股份合作制 集体经济 江苏 盘活 融合 生命力 所有制 台阶 停留 乡村 乡镇企业 兴办 涌现 中小企业 
---- Cluster id #14 ----
Size: 20
帮 帮扶 帮助 本领 别人 个体 挂 柜台 互助 货 季节 借 卖 牌子 热心 啥 生意 司 挣 赚 
---- Cluster id #15 ----
Size: 21
菜 吃 待 倒 懂得 饭 放在 故事 官 佳 看见 描绘 闹 取 烧 汤 添 碗 迎春 鱼 制作 
---- Cluster id #16 ----
Size: 8
过年 纪念馆 津 内蒙古 天津 天津市 邮政 自行车 
---- Cluster id #17 ----
Size: 14
储量 大庆 勘探 立方米 欧佩克 三角洲 石油 桶 委内瑞拉 油 油气 油田 原油 足够 
---- Cluster id #18 ----
Size: 9
服务 工商局 广告 热线 商标 尚 他人 悬挂 注册 
---- Cluster id #19 ----
Size: 167
摆 摆脱 包括 必要 编者 变成 表明 不好 不可 不同 不行 不足 部分 差 产生 长 彻底 成 成功 成为 程度 初 出 出来 出现 创造 此 存在 大家 带来 到 得 东西 独立 对待 多 发现 方向 符合 附 改变 改造 个 关键 关注 过程 好 后 话 还有 会 极大 建 近 巨大 具体 句 开始 看待 看到 考虑 可贵 客观 苦 来 老 理解 力量 了解 留 路 没有 每个 面对 面前 明确 某些 目的 难 能 能够 年 年代 起 起到 前 前提 认为 容易 如 如此 如何 上 少 深 深厚 生动 时 时候 时机 时间 什么 使 事 事情 是 受到 熟悉 所有 他们 它 态度 提到 体现 听 同 图片 完全 为 为什么 问题 我们 下 下来 下去 形成 需要 选择 研究 一定 一切 依然 以后 意义 引起 应该 有 有的 有些 遇到 原因 在 在于 怎样 这 这个 这些 这样 这种 真实 整个 正是 之后 之下 之中 只能 中 种 种种 主要 住 自己 字 走 最后 做 做到 
---- Cluster id #20 ----
Size: 59
闭幕 表决 草案 茶话会 阐述 出席 次 大会 调查 发表 赴 甘肃 纲要 光亚 国权 号召 华清 会场 会议 讲话 锦涛 举行 开幕 看望 列入 鲁丽 率 名单 乔 全国 全体 人选 日程 瑞环 石 讨论 提名 题 通过 推荐 伟长 新鲜 选平 研讨 演讲 议程 议题 与会 酝酿 兆国 正英 智利 主席台 主席团 驻地 做出 作 座谈 孚凌 
---- Cluster id #21 ----
Size: 24
安置 出路 第三产业 分流 富余 干 岗 岗位 光彩 家属 就业 劳务 门路 女工 上岗 失业 退休 拓宽 下岗 用人 找到 职工 职业 中心 
---- Cluster id #22 ----
Size: 50
案件 颁布 财产 惩处 当事人 递增 法官 法院 犯罪分子 方略 干扰 公正 够 航运 合法 合同 件 金额 纠纷 可靠 类 类型 每年 民事 宁波 判处 赔偿 破坏 权益 人民法院 涉及 审理 审判 数额 司法 诉讼 委托 严打 严厉 严肃 严重 增大 增多 知识产权 执行 秩序 治安 中级 宗旨 最高 
---- Cluster id #23 ----
Size: 15
放心 管理局 疾病 卫生 卫生部 血 药 药品 药物 医疗 医学 医药 中药 中医 中医药 
---- Cluster id #24 ----
Size: 16
呈 房地产 分类 缓慢 回升 教堂 竣工 开工 面积 商品房 室内 苏丹 下降 相比 销售 住宅 
---- Cluster id #25 ----
Size: 22
步 创新 动态 风气 赶 高新技术 进步 科技 科技界 科教兴国 科学技术 前沿 趋势 人才 人事 人事部 挑战 脱颖而出 戏曲 迅猛 战略 综合国力 
---- Cluster id #26 ----
Size: 14
产业化 成果 到底 集装箱 检测 经费 科研 论文 清华 缺少 系统 中科院 转化 转换 
---- Cluster id #27 ----
Size: 9
拜年 北京 北京市 繁华 良种 农垦 庆林 首都 武术 
---- Cluster id #28 ----
Size: 26
标志 不得 仓库 地面 地下 电力 发电 个人 距离 跨越 扩建 垃圾 器材 任何 射击 设施 施工 所在 条例 物品 线路 新建 延伸 移动 应 作业 
---- Cluster id #29 ----
Size: 43
八一队 败 本轮 比分 场 队 队员 对手 夺冠 负 攻 河南 击败 甲Ａ 教练 教练员 俱乐部 篮球 联赛 辽宁队 轮 男篮 男排 年轻 女排 排球 球 球队 球员 弱 赛季 升 胜 输 四川 万达队 遇 战 浙江 支 主场 主教练 足球 
---- Cluster id #30 ----
Size: 13
布鲁塞尔 成员国 大臣 对话 国务 荷 荷兰 华 欧 欧盟 西欧 亚 伊朗 
---- Cluster id #31 ----
Size: 24
比索 储备 传真 跌 兑 兑换 对策 菲 菲律宾 估计 合 截至 马尼拉 曼谷 美元 苏哈托 通货膨胀率 下跌 雅加达 印度尼西亚 印尼 印尼盾 援助 至 
---- Cluster id #32 ----
Size: 56
本质 创立 错误 代 党 党中央 道路 邓 动摇 高度 搞 观察 观点 呼声 恢复 回答 混乱 集体 继承 坚强 经受 敬爱 局面 决心 牢记 离开 路线 排除 强调 倾听 全党 确立 三中全会 社会主义 深刻 失误 时刻 实事求是 逝世 思想 谈话 同志 系列 小平 赢得 拥护 载 早 站 真理 正确 指出 重要性 主观 资产阶级 左 
---- Cluster id #33 ----
Size: 34
报 称 地震 第一线 发生 房屋 防震 负责 监测 减灾 救灾 抗灾 抗震救灾 那曲 抢险 人民政府 丧失 伤亡 特大 物资 县级 雪灾 医疗队 预报 预测 灾害 灾民 灾情 灾区 张北 张家口 帐篷 重建 自救 
---- Cluster id #34 ----
Size: 6
港 佳节 商务 社长 时报 驻 
---- Cluster id #35 ----
Size: 8
巴 巴基斯坦 高速公路 公路 谢里夫 兴建 印 政局 
---- Cluster id #36 ----
Size: 15
冰雪 参赛 长野 动作 滑雪 技巧 季 决赛 空中 难度 全场 赛场 上届 跳 预赛 
---- Cluster id #37 ----
Size: 32
爱国 冰 病 参观 传达 此后 负责人 告 工人阶级 关怀 纪念 看看 隆重 民主党派 迫害 人士 身体 天安门 统一战线 统战 统战部 外出 文革 文件 先生 显得 业绩 遭到 照顾 召集 知名人士 指示 
---- Cluster id #38 ----
Size: 9
工商 经贸委 培训 普通话 团中央 外来 务工青年 校 依托 
---- Cluster id #39 ----
Size: 30
编者按 财务 村 村干部 村里 村民 村委会 村务公开 大事 干群 公开 河北 后面 怀疑 基层 价值观 交 困扰 乱 明白 盼 前面 上访 说法 推 推行 喜庆 县里 这项 阵地 
---- Cluster id #40 ----
Size: 11
传来 当做 电信 华为 网球 营销 员工 赞助 中间 专利 崛起 
---- Cluster id #41 ----
Size: 23
澳门 颁奖 抱 春运 丛书 发出 广州 纪录 交接 空 列 临时 旅客 麻烦 清除 神 售票 铁道部 需 涌 有序 运输 增至 
---- Cluster id #42 ----
Size: 26
北约 波罗的海 大国 俄 俄罗斯 访 伙伴 扩 理事会 莫斯科 谋求 欧洲 签署 切尔诺梅尔金 瑞典 首脑 守 条约 乌 乌克兰 宪章 协定 协作 信任 叶利钦 引人注目 
---- Cluster id #43 ----
Size: 28
大道 懂 读者 封闭 风情 富有 革新 古典 节奏 凝聚 批评 缺乏 审美 失去 诗 诗歌 诗人 思 鲜明 欣赏 形 严谨 言 右 誉为 崭新 者 之 
---- Cluster id #44 ----
Size: 7
份 刊登 看出 科普 栏目 期刊 岁月 
---- Cluster id #45 ----
Size: 138
白 毕 蔡 藏族 曹 朝鲜族 陈 程 川 崔 戴 单 丁 杜 范 方 费 冯 傅 刚 葛 古 顾 关 管 郭 韩 何 贺 洪 侯 胡 黄 回族 霍 贾 健 姜 蒋 杰 金 锦华 晋 俊 康 孔 兰 乐 李 力 梁 亮 廖 林 刘 柳 卢 鲁 陆 吕 罗 马 满族 梅 蒙古族 孟 苗 苗族 敏 明 名 聂 牛 女 平 齐 秦 曲 全有 群 邵 申 沈 施 舒 松 宋 孙 谭 唐 涛 陶 田 土家族 万 万年 汪 王 韦 维吾尔族 伟 魏 温 文 闻 吴 夏 向 肖 谢 熊 徐 许 薛 严 阎 杨 扬 姚 叶 毅 尹 勇 游 于 余 俞 袁 曾 张 赵 郑 志 钟 朱 祝 壮族 邹 
---- Cluster id #46 ----
Size: 12
警方 居 老人 难民 亲 图 外国 位 学员 一家 意大利 专家 
---- Cluster id #47 ----
Size: 9
长官 董 风波 含量 建华 净 克 司长 特区 
---- Cluster id #48 ----
Size: 38
表演 大师 风格 个性 观看 观众 轰动 虎踞 画 画家 话剧 京剧 剧目 剧院 迈向 美术 女性 前线 上演 声 替代 舞 舞蹈 舞剧 舞台 喜爱 戏 戏剧 献身 演 演出 演员 一流 艺术 艺术家 院 中国画 钟山 
---- Cluster id #49 ----
Size: 31
被动 财富 成长 到来 动力 发达国家 发展中国家 附加值 获取 机器 积累 即 具备 劳动者 论断 面临 蓬勃 求 全球化 人工 人类 人力 显示 兴起 月球 知识 知识经济 之上 指明 注入 走向 
---- Cluster id #50 ----
Size: 21
斌 常 大赛 段 番 磊 名人战 盘 棋 棋手 取胜 深圳市 通讯 围棋 讯 赢 遭 战胜 主办 子 昊 
---- Cluster id #51 ----
Size: 14
筹措 筹集 档案 工会 欢乐 家中 救济 困难 冷 平安 特困 温暖 祥和 走访 
---- Cluster id #52 ----
Size: 21
层层 城 打假 店 狗不理 好转 假货 假冒伪劣 客人 老板 理 联 门前 商店 实 实实在在 实事 为何 无 真 中宣部 
---- Cluster id #53 ----
Size: 9
地域 高中 节省 桥 桥梁 同类 学术 学者 这家 
---- Cluster id #54 ----
Size: 5
规章制度 后果 铁路 运营 造成 
---- Cluster id #55 ----
Size: 16
报警 成熟 大队 罚 公安局 接到 救 楼 民警 女士 受伤 危险 小事 巡警 义务 议论 
---- Cluster id #56 ----
Size: 26
办理 保值 不满 财政部 持有 储蓄 到期 兑付 付 公布 购买 国债 计 计算 节 利息 满 年利率 凭证式 期 实物 事宜 提前 网点 债券 支付 
---- Cluster id #57 ----
Size: 25
产业 超过 吨 发明 分离 分为 概念 高 高效 技术 接近 开发 利用 能源 深度 生物 失业率 食品 新兴 应用 营养 优质 植物 智力 综合 
---- Cluster id #58 ----
Size: 27
安徽 安徽省 电价 丰收 负担 供电 急需 降 郊区 角 科特迪瓦 龙头 农产品 农村 农户 农科教 农民 农业 全省 实用 推广 县 乡 因地制宜 增产 增收 整顿 
---- Cluster id #59 ----
Size: 63
安装 本人 表率 宾馆 不准 查处 处分 党风 党性 党员 党政 党政机关 斗争 遏制 反 反腐倡廉 腐败 干部 公款 狠抓 会计 机 集资 纪检 纪律 纪委 监察 坚决 艰苦奋斗 健行 考验 礼品 立 廉洁自律 廉政 蔓延 配备 评议 强化 清理 庆典 全会 奢侈浪费 实体 土壤 外地 违反 违纪 尉 严格 严禁 一级 源头 责任制 赠送 制约 制止 抓好 追究 准则 自 自觉性 钻研 
---- Cluster id #60 ----
Size: 14
冰箱 成都 创办 大门 电器 果断 科龙 拉开 论证 迁 生产线 台 同样 投产 
---- Cluster id #61 ----
Size: 28
标准 表达 定位 飞跃 分析 否定 概括 共产党人 共识 还要 阶级 经典 经历 历史 历史性 领袖 评价 倾向 确认 人物 套 文献 以前 勇气 原理 造就 展开 中山 
---- Cluster id #62 ----
Size: 11
巴金 编 编辑 功夫 见解 交给 文章 页 以为 早期 主编 
---- Cluster id #63 ----
Size: 15
搬 房间 故居 虎 怀着 肯 老虎 临近 农历 日子 少奇 视为 属 献 雨 
---- Cluster id #64 ----
Size: 17
窗口 典型 高尚 个别 关根 激励 禁止 门 墙 示范 贴近 系统工程 先进 新闻 宣传 舆论 职业道德 
---- Cluster id #65 ----
Size: 16
变化 承受 大气 地球 度 辐射 毫米 和谐 环 家园 难得 气候 事物 太阳 唯一 物质 
---- Cluster id #66 ----
Size: 11
保 保险 传销 福利 国家队 家庭 老年人 陌生 社会化 推销 养老 
---- Cluster id #67 ----
Size: 15
布局 带动 电子 工业 过度 能否 生产能力 升级 统筹 退出 严峻 支撑 支柱 重复 转移 
---- Cluster id #68 ----
Size: 59
半岛 表示 不懈 大使 多极化 访华 访问 感到 高层 高兴 各个 关系 广阔 国 国际 合作 互访 互利 欢迎 会见 会谈 建设性 交换 介绍 近年来 经贸 看法 科 来访 领域 满意 莫 莫桑比克 频繁 签字 前景 潜力 热烈 瑞士 双边 双方 探讨 外交部 相互 相似 相信 有助于 有着 友好 友谊 愿 赞赏 增进 之间 致力 中国 祝愿 卓有成效 岚清 
---- Cluster id #69 ----
Size: 9
版 报刊 报纸 党建 订 刊物 时尚 图书馆 杂志 
---- Cluster id #70 ----
Size: 14
变 残疾人 丢 龚 户 精 气 人家 掏 显 眼光 咱 祝福 着 
---- Cluster id #71 ----
Size: 82
啊 吧 包 遍 炒 吃饭 错 带 当 等 顿 翻 夫妇 敢 告别 告诉 隔 给 过 回 回到 回去 记忆 见 饺子 叫 觉得 看 块 啦 来到 里 脸 了 妈妈 吗 忙 没 拿 那 那么 那时 那天 那些 呢 你们 弄 跑 请 去 全家 让 深切 师傅 收 手 送礼 岁 天 听到 听说 玩 完 忘 我 喜欢 想 想到 想起 笑 些 心里 行 呀 眼 怎么 扎 丈夫 找 照 知道 装 
---- Cluster id #72 ----
Size: 93
阿拉伯 阿盟 阿齐兹 埃及 安理会 安南 奥尔布赖特 巴格达 报道 本报 避免 常任 常驻 此间 达成 打算 大规模 担心 地点 电 调解 动武 动用 发布会 发言人 法国 反对 否认 符 各方 关切 国务卿 果 海湾 号 核查 记者 加紧 接受 结束 解除 解决 紧张 谨慎 警告 救援 拒绝 决议 开罗 科威特 理事国 立场 联合国 连日来 罗马 美 美联社 穆巴拉克 派出 普里马科夫 前往 萨达姆 特使 特委会 透露 途径 土耳其 推迟 外交 外交大臣 晚 威胁 危机 斡旋 武力 武器 希拉克 销毁 小组 协议 新华社 新闻界 寻求 伊 伊拉克 约旦 之前 旨在 制裁 重申 准备 总统府 最新 
---- Cluster id #73 ----
Size: 75
榜样 宝贵 才能 成立 崇高 初期 促成 打开 担任 诞辰 诞生 党内 典范 度过 恩来 风范 复杂 革命家 公仆 贡献 共产党 国民党 后人 极端 坚定 艰难 建国 接触 接见 杰出 解放 尽 精力 久 老一辈 历程 留下 毛 名字 哪里 那样 那种 内外 朋友 品格 期间 前后 青 善于 身 身边 他 投身 挖掘 文化大革命 无产阶级 牺牲 细致 想象 心血 信念 一起 一生 遗产 忧 泽东 之际 之一 直到 智慧 周 周年 主持 著名 卓越 
---- Cluster id #74 ----
Size: 19
波恩 冲突 东盟 分子 封锁 古巴 官方 国王 红色 回国 警察 局势 科索沃 恐怖 拉那烈 联络 南斯拉夫 谴责 声明 
---- Cluster id #75 ----
Size: 28
乘 抵 抵达 定期 夫人 钢铁 国旗 交谈 琳 卢森堡 旁 陪同 鹏 期待 亲切 首相 书面 外经贸部 为期 详细 新华 冶金 仪式 友协 圆满 正式 驻华 总理 
---- Cluster id #76 ----
Size: 10
财税 杜绝 公平 缓 减免 税 税收 税务 优惠 征收 
---- Cluster id #77 ----
Size: 12
承诺 防 防伪 购物 顾客 会员 商 商家 商品 上门 输出 消费者 
---- Cluster id #78 ----
Size: 11
公益 基金会 加拿大 捐款 捐赠 失学 史 希望工程 现金 小学 信誉 
---- Cluster id #79 ----
Size: 35
参政议政 大局 代表性 调研 发言 反映 服从 稿 各界 规范化 建议 开拓 考察 履行 论坛 侨胞 渠道 入手 团体 围绕 委员 向前 协商 邀请 展望 章程 政协 政治 职能 制度化 专题 姿态 组 组成部分 座谈会 
---- Cluster id #80 ----
Size: 58
包装 玻璃 彩色 测试 地位 独资 服务业 港口 高档 工艺 光 含 化工 机械 机组 激光 加工 抗 控股 码头 煤炭 摩托车 年产 农 品种 千瓦 容量 设备 生产 水电 水泥 饲料 塑料 隧道 天然 通信 同步 外商 相关 新型 性能 养殖 仪 仪器 以上 以下 用 邮电 原料 允许 珍贵 纸 制品 制造 中方 主导 专用 装置 
---- Cluster id #81 ----
Size: 10
典礼 发票 工程 基建 评估 审计 项目 验收 专项 咨询 
---- Cluster id #82 ----
Size: 8
爱好者 巴黎 防火 公顷 花园 火灾 森林 省区 
---- Cluster id #83 ----
Size: 18
弊端 变动 导致 动物 动物园 股票 环节 价值 驾驭 乐观 泡沫 取决于 投机 突然 心情 野生 有待 只 
---- Cluster id #84 ----
Size: 13
查获 担 对外贸易 海关 货物 机电 进出口 进口 拉美 贸易 棉花 外贸 走私 
---- Cluster id #85 ----
Size: 14
出售 大中 发起 购 韩国 汉城 监控 结婚 克服 墨 难关 响应 运动 助 
---- Cluster id #86 ----
Size: 29
班 笔者 长途 车 车站 大地 锋 奉献 服务队 姑娘 弘扬 换 火车站 姐妹 拉 雷 某部 亲人 青年 人生 事迹 她们 题词 停 现任 新人 学 再现 真情 
---- Cluster id #87 ----
Size: 19
背景 波 工人 合资 角度 阶层 劳动力 另 流动 强有力 群体 身份 私营 特征 位置 移 有人 原有 之外 
---- Cluster id #88 ----
Size: 23
车辆 承担 机动车 记录 加重 交警 交通 街头 抢救 认定 伤 事故 市区 司机 停车 违章 现场 行人 责任 真相 支队 中小学生 撞 
---- Cluster id #89 ----
Size: 18
此次 大选 丹麦 党派 国大党 获胜 竞选 科尔 可能性 口号 领先 人民党 席 席位 选民 印度 阵线 政党 
---- Cluster id #90 ----
Size: 25
儿子 夫妻 幅 父母 父亲 感情 故乡 孩子 回家 家里 缅怀 奶奶 内心 女儿 上学 少儿 少年 思念 太原 校园 心中 印象 展出 照片 子女 
---- Cluster id #91 ----
Size: 15
春耕 干旱 高产 化肥 经济林 抗旱 农科院 农药 贫困县 秋 省政府 水稻 水源 小麦 栽培 
---- Cluster id #92 ----
Size: 29
撤销 答 大户 发行 方便 股东 挂牌 回报 基金 简称 交易 交易所 开设 联网 买卖 区别 上市 申报 深圳 提醒 投资 投资者 违规 问 营业部 账户 证监会 证券 指定 
---- Cluster id #93 ----
Size: 45
案 百姓 办案 暴力 爆炸 不够 查办 打击 毒品 队伍 犯罪 干警 贿赂 机关 监督 检察 解释 禁毒 纠正 举报 判决 培训班 起诉 抢劫 轻 上级 上下 涉嫌 审查 受理 思卿 贪污 危害 刑法 刑事 性质 一体 预防 正气 职务 职责 执法 治国 罪 渎职 
---- Cluster id #94 ----
Size: 25
彼此 长期 大家庭 地区 对方 各 共建 光辉 加速 结成 民族 凝聚力 平等 迫切 强大 区域 少数民族 适合 铁木尔・达瓦买提 兄弟 至关重要 中华民族 自治 自治县 自治州 
---- Cluster id #95 ----
Size: 11
便宜 乘客 高峰 买 票 签 确实 师生 双拥 享受 折 
---- Cluster id #96 ----
Size: 14
报名 岛 工具 青岛 市民 受益 同学 温馨 行动 业余 征文 植树 志愿 志愿者 
---- Cluster id #97 ----
Size: 27
笔 边 产值 倡议 超 陈旧 闯 创汇 此举 短短 国家级 怀 军人 军营 利税 企业家 欠 盛 脱 小伙子 新年伊始 意味着 跃 云龙 运河 这时 最佳 
---- Cluster id #98 ----
Size: 16
超出 初中 打 打电话 电话 分钟 家长 可谓 轻松 上面 收费 手机 诱惑 愉快 娱乐 这么 
---- Cluster id #99 ----
Size: 13
奔 贵州 火车 开发区 昆 老区 南 拖 慰问 文化部 沿线 艺术团 运 
---- Cluster id #100 ----
Size: 7
差距 扶持 利于 倾斜 缩小 原材料 中西部 
---- Cluster id #101 ----
Size: 28
对象 犯 贵 角色 境界 领导者 马克思 评论 清醒 权力 认识 生机 失败 手中 痛苦 头脑 脱离 外部 希腊 一把手 意识 意志 勇于 知 主体 资 自我 走过 
---- Cluster id #102 ----
Size: 15
奥委会 传播 传媒 大众 健身 媒介 媒体 宁 品牌 赛事 体委 体育 用品 与会者 知名 
---- Cluster id #103 ----
Size: 34
奥地利 长城 春风 此时 大厅 动 动人 感染 海口 惠芬 家人 惊人 乐团 联手 梦 年轻人 热情 人间 试 手术 她 题写 天下 维也纳 响起 演奏 一代 遗憾 音乐 音乐会 圆 展示 重返 闵 
---- Cluster id #104 ----
Size: 15
穿 大桥 感慨 记得 将军 南京 批示 气氛 前途 释放 托 为首 西安 心 样子 
---- Cluster id #105 ----
Size: 38
表现 差异 沉重 创作 带有 导演 电影 独特 多样化 反响 感觉 话题 激动 揭示 精品 景观 灵魂 描写 某 圈 热闹 散文 收获 思维 题材 文学 洗 现实 现实主义 小说 写 写作 影视 阅读 尊严 作家 作品 作者 
---- Cluster id #106 ----
Size: 11
福州 该市 歌剧 歌曲 黑 来华 留学 留学生 眼睛 演唱 优美 
---- Cluster id #107 ----
Size: 29
贬值 并非 不利 出口 东南亚 东亚 动荡 短期 纷纷 风暴 汇率 货币 经常 竞争力 流入 马来西亚 墨西哥 人民币 顺差 泰国 外汇 外债 外资 信心 亚洲 依赖 因素 影响 周边 
---- Cluster id #108 ----
Size: 9
备忘录 出版物 盗版 非法 光盘 净化 客户 期货 挖 
---- Cluster id #109 ----
Size: 8
柏林 波黑 得出 工地 鸣 相声 心态 幽默 
---- Cluster id #110 ----
Size: 28
百分点 比例 筹资 存 存款 贷款 发放 法定 幅度 高于 挂钩 机构 降低 考核 利率 名义 商业 投放 下调 现行 一般 银行 用于 有利于 这次 准备金 准备金率 资金 
---- Cluster id #111 ----
Size: 14
阿 阿尔及利亚 繁荣 回归 美好 内地 其琛 钱 事务 外交部长 问候 香港 意 转达 
---- Cluster id #112 ----
Size: 21
朝 对 分工 公里 广 沪 京 九 卡 开通 客车 客运 列车 每天 其余 提 为主 线 小时 以内 运行 
---- Cluster id #113 ----
Size: 38
不知 灿烂 打下 道 道理 端 赶来 钢琴 国企 寒风 后者 堪称 颗 口 来临 蓝 利润 临 难免 捧 漂亮 剩下 世人 说话 天空 同事 同行 童 喜 想法 爷爷 衣服 艺术品 志成 珠江 自豪 总经理 帷幕 
---- Cluster id #114 ----
Size: 36
办学 薄弱 编写 部委 财经 待遇 该校 高等 高等教育 高校 国家教委 教材 教师 教学 教育 教职工 考试 课 课程 课堂 老师 面向 年级 培养 普及 设置 素质 西南 学科 学生 学校 招生 知识分子 中等 中小学 住房 
---- Cluster id #115 ----
Size: 11
大使馆 饭店 华侨 华人 建交 联欢 南非 年会 庆祝 社团 西班牙 
---- Cluster id #116 ----
Size: 29
班子 不如 纯收入 带领 带头 党支部 短 奋战 工 艰苦创业 靠 累 路子 面貌 怕 启示 穷 全村 山 抬 投 温饱 物 县政府 修 依旧 易 致富 总产值 
---- Cluster id #117 ----
Size: 26
处罚 措施 等级 定价 罚款 干预 各自 价格 紧急 经营者 没收 其他 权限 适用 属于 损害 提供 违法 行为 有关 责令 章 政府 指 自主 遵守 
---- Cluster id #118 ----
Size: 17
杯 船 船舶 骨干 喝 建造 接轨 啤酒 起点 艘 缩短 屋 消化 引进 造 周期 总公司 
---- Cluster id #119 ----
Size: 16
村庄 大海 改 海 激情 渴望 卢布 落 飘 平静 深处 微笑 喜悦 雪 夜 值 
---- Cluster id #120 ----
Size: 20
保护 本地 避孕 出生 动手 防治 各地 公众 环保 环境 计划生育 接 紧 力气 社会效益 生态 算 下决心 辛勤 抓紧 
---- Cluster id #121 ----
Size: 8
办事处 城区 级 街道 区 社区 载体 专栏 
---- Cluster id #122 ----
Size: 121
办公室 办公厅 北京大学 毕业 博士 部长 参加 常委 常务委员 车间 成员 冲击 出任 大学 代理 党委 党校 党组 地委 东北 董事长 队长 分局 福建 福建省 副 干事 工程师 工商联 工业部 工作组 共青团 顾问 国务委员 哈尔滨 汉族 黑龙江 黑龙江省 红十字会 湖南 化学 会长 获 吉林 吉林省 计委 加入 兼 建筑 教授 届 经理 局长 科长 科学院 联合会 辽宁 秘书 秘书长 民革 民政部 名誉 男 其间 清华大学 任 山东 上海 上海市 沈阳 生 省 省长 省委 市长 市委 首席 受 书记 书记处 数学 水利部 所长 外事 委员长 系 县委 校长 协会 学位 学习 学院 研究生 研究室 研究所 研究员 研究院 议员 院长 院士 政法 政委 政治部 政治局 职 中共 中共中央 中华 中学 中央 中央委员 主任 主任委员 主席 助理 住院 专业 总工会 总会 组长 组织部 
---- Cluster id #123 ----
Size: 9
彩电 厂家 杭州 家具 厘米 模拟 取代 数字 图像 
---- Cluster id #124 ----
Size: 29
边境 传递 磋商 对抗 反应 感 高级 回忆 会晤 柬埔寨 见面 来自 离 罗马尼亚 敏感 日期 实质 使馆 苏 苏联 谈 外长 新任 愿意 越 越南 障碍 正常化 着手 
---- Cluster id #125 ----
Size: 11
白宫 国会 花钱 加元 开支 克林顿 联邦 民主党 削减 新增 盈余 
---- Cluster id #126 ----
Size: 30
爱 爱护 伯伯 不顾 采访 此事 大街 房子 感受 怀念 坏 讲述 流 难忘 偶然 平凡 铺 亲属 情 去世 热爱 人格 身上 深情 伟人 永恒 战友 政治家 最终 魅力 
---- Cluster id #127 ----
Size: 19
倡导 创建 道德 讲 精神文明 理想 礼貌 利 群众性 人人 树 提倡 文明 吸取 掀起 新风 修养 扎扎实实 自律 
---- Cluster id #128 ----
Size: 12
拆 拆借 场所 担保 公园 固定 辆 门口 汽车 入 随意 游人 
---- Cluster id #129 ----
Size: 34
步入 刺激 促使 代价 低 放松 供给 供求 缓解 回落 加剧 买方 徘徊 趋 热 上去 上涨 停产 通货膨胀 通胀 统计局 物价 下滑 显然 相反 需求 虚假 抑制 引发 涨幅 正 正常 诸如 总 
---- Cluster id #130 ----
Size: 21
伴随 保存 常州 唱 词 都市 风景 歌 歌声 古老 河 快乐 明星 名人 浓 浓郁 品位 首 星 一派 营造 
---- Cluster id #131 ----
Size: 18
本国 独联体 各国 哈 吉 联盟 渗透 试图 它们 西方 削弱 演习 一体化 伊斯兰 元首 争 争夺 中亚 
---- Cluster id #132 ----
Size: 15
不良 此前 大藏省 东京 法案 官员 回收 开业 桥本 日本 日元 厅 医生 债权 职员 
---- Cluster id #133 ----
Size: 9
点 股市 火 纽约 强劲 上升 收盘 指数 妍 
---- Cluster id #134 ----
Size: 24
比如 变为 超越 成分 初级阶段 处在 发达 非公有制 纲领 公有制 共产主义 归 国情 基本 阶段 谋 判断 清楚 生产力 手里 无限 消灭 准确 资本主义 
---- Cluster id #135 ----
Size: 13
当选 发 共和国 贺电 两会 领导人 投票 选出 选票 议长 掌声 祝贺 总统 
---- Cluster id #136 ----
Size: 52
Ｄ 必然 成就 电台 发扬 奋斗 富强 高举 各族 共同 鼓舞 光明 核心 机遇 坚实 肩负 江 解放思想 紧密 开创 开放 开拓进取 迈出 面 目标 旗帜 前进 前列 认清 摄 十四大 十五大 实现 世纪 世纪之交 事业 探索 特色 突破 团结 推向 伟大 现代化 小康 新 泽民 扎实 振兴 指引 周围 主题 抓住 
---- Cluster id #137 ----
Size: 29
处 处长 歌舞团 广西 海南省 合肥 河北省 河南省 湖北省 湖南省 江苏省 江西省 剧团 科教 科委 科协 辽宁省 宁夏 三下乡 山东省 陕西 陕西省 四川省 团长 县长 宣传部 医院 云南省 浙江省 
---- Cluster id #138 ----
Size: 46
不错 不见 不怕 尝 充满 大学生 多少 返回 谷 过来 过去 合影 兰州 连 楼房 路上 目光 牧民 那个 那里 农家 片 葡萄 前来 情景 上来 双手 特有 天地 位于 乌鲁木齐 响 新疆 心声 匈牙利 选拔 一行 迎 迎接 犹如 远 摘 招 震 主人 坐 
---- Cluster id #139 ----
Size: 21
云 邦国 布赫 长春 春云 代表团 放 光英 贵鲜 海南 回顾 纪云 家宝 家华 建新 菊 举世瞩目 千方百计 收成 说 铁映 
---- Cluster id #140 ----
Size: 7
被告 大连 绿 美军 小区 新村 只见 
---- Cluster id #141 ----
Size: 13
扶 供 广东 广东省 活 鸡 旅 贫困户 社 师 特困户 铁路局 团 
---- Cluster id #142 ----
Size: 19
长工 承办 搭 答应 大姐 对付 跟 跟着 沟通 开会 平原 荣 上班 上任 深受 声音 踢 提案 毅仁 
---- Cluster id #143 ----
Size: 23
播出 部 场面 电视剧 改编 感人 汉年 集 精彩 镜头 拍 拍摄 潘 全方位 色彩 水浒传 塑造 线索 性格 战线 这部 忠实 主持人 
---- Cluster id #144 ----
Size: 21
档次 掉 锭 湖北 济南 减 落后 契机 抢 敲 什么样 淘汰 通 武汉 武汉市 压 压锭 压缩 迎来 郑州 重组 
---- Cluster id #145 ----
Size: 14
安全 飞行 管制 航班 核 核电站 每月 民航 热水器 荣获 通报 消防 隐患 总局 
---- Cluster id #146 ----
Size: 36
报告 暴露 别国 承认 持 干涉 攻击 公认 公约 好处 抗议 冷战 例如 每周 美国 男女 内政 其它 侵犯 侵略 人权 事实上 所谓 统计 外国人 限制 相同 消耗 宣言 研究会 预期 珍惜 执政 指责 周刊 自由 
---- Cluster id #147 ----
Size: 20
阿根廷 波音 尝试 等待 东方 飞 飞机 公司 航空 航线 机场 架 蓝天 每人 通用 维修 厦门 选 租 租赁 
---- Cluster id #148 ----
Size: 18
草原 插 地处 非洲 高低 艰辛 咖啡 粮 农场 农业部 全新 缺 生长 土地 阳光 月 这块 这里 
---- Cluster id #149 ----
Size: 26
阿拉法特 巴勒斯坦 撤军 辞职 方案 分歧 华盛顿 进程 库克 黎 黎巴嫩 内阁 内塔尼亚胡 前夕 设想 士兵 西岸 叙利亚 宣布 耶路撒冷 以 以色列 犹太人 约旦河 直升机 中东 
---- Cluster id #150 ----
Size: 68
补充 常委会 常务 程序 惩治 充实 筹备 代表 代表大会 地方 督促 法 法规 法律 法治 赋予 改进 规则 国家机关 候选人 换届 汇报 基本法 季度 检查 借鉴 决定 框架 立法 力求 每次 难点 拟 起草 热点 人大 人大代表 人民 任期 日常 设立 审议 实施 授权 特别 提请 听取 委员会 宪法 信访 行使 行政区 修订 修改 选举 依据 议案 议会 有益 灾 征求 正当 职权 制定 中华人民共和国 专门 组成 遵循 
---- Cluster id #151 ----
Size: 79
倍 拨 拨款 藏 出版 处于 传 达 当地 地 顶 儿童 佛教 各类 公民 共有 继 价 监狱 建成 交付 教 节日 今 经 境内 旧 可观 拉萨 累计 历时 列为 流行 论 每 免费 民间 年均 平方米 瓶 权利 全国性 全区 设有 省市 使用 世 首要 受灾 所 特殊 同一 文字 西藏 习惯 现有 享有 信仰 修复 严寒 以来 拥有 语言 原始 遭受 占有 整理 政 证实 支援 中央政府 撰写 庄严 状况 自治区 宗教 罪犯 尊重 座 
---- Cluster id #152 ----
Size: 6
任职 认可 认证 意外 证书 资格 
---- Cluster id #153 ----
Size: 12
存量 该书 股份制 邯钢 讲究 轿车 经济效益 效率 效应 运作 增值 资本 
---- Cluster id #154 ----
Size: 20
博览会 导弹 锻炼 服装 海军 具 空白 空军 命名 拼搏 气息 全军 融入 设计 设计师 试验 型 研制 院校 装备 
---- Cluster id #155 ----
Size: 30
办公 不便 长江 出租车 更新 广场 库区 老百姓 民心 民营 难题 起步 企业界 前所未有 全市 人心 三峡 上游 市政府 市中心 思路 修建 移民 振奋 之内 直辖市 指挥部 重庆 重庆市 主 
---- Cluster id #156 ----
Size: 5
民 塞 塞拉利昂 维和 西非 
---- Cluster id #157 ----
Size: 12
澳 澳大利亚 迟 国防部 国防部长 海上 浩田 军 科恩 上将 司令员 中央军委 
---- Cluster id #158 ----
Size: 17
层 传统 氛围 国民 理性 令 内在 情感 人 人们 生存 书画 外面 文化 下功夫 心理 心灵 
---- Cluster id #159 ----
Size: 28
参考 出访 对外 儿女 共计 好评 宏伟 活跃 机关干部 加深 交往 警惕 举办 开阔 开幕式 可喜 来源 迈 视察 视野 拓展 象征 意愿 应邀 责任感 制订 主动 自愿 
---- Cluster id #160 ----
Size: 20
北部 北风 大雨 东部 华北 华南 黄淮 江淮 江南 局部 冷空气 南部 偏 气温 气象 气象台 天气 西北 小到中雨 预计 
---- Cluster id #161 ----
Size: 16
发射 覆盖 航天 湖 火箭 接收 空间 清晰 书法 太空 填 网 卫星 下乡 乡镇 小 
---- Cluster id #162 ----
Size: 13
成人 创业 打工 得知 放弃 赶到 高考 家乡 民工 石家庄 送给 县城 资助 
---- Cluster id #163 ----
Size: 29
比重 表 从事 从业 单位 法人 分布 公报 划分 结果 居委会 快速 劳动 末 年龄 普查 人员 如下 数 数据 数量 西部 吸纳 以外 营业 占地 镇 中部 总量 
---- Cluster id #164 ----
Size: 11
爱尔兰 北爱 布莱尔 和谈 利比亚 伦敦 南北 贴 形象 英 英国 
---- Cluster id #165 ----
Size: 48
材料 逮捕 调 法庭 该 公安 公安部 管辖 规定 检察院 鉴定 经过 居住 可以 扣 款 理由 立案 律师 秘密 聘请 期限 请求 权 上述 省级 事实 是否 收到 收集 收取 说明 随 提起 通知 同意 为由 未能 嫌疑人 刑事诉讼法 姓名 询问 延长 应当 在场 侦查 证据 证明 
---- Cluster id #166 ----
Size: 20
病毒 传输 电脑 多媒体 高速 计算机 焦点 来信 全世界 人民日报 软件 上网 网络 网上 消息 写道 信息 因特网 用户 中文 
---- Cluster id #167 ----
Size: 20
北大 补 册 场地 出版社 灯 读 读书 改制 贺卡 精美 鲁迅 日记 视 书 书店 书籍 图书 问世 兴趣 
---- Cluster id #168 ----
Size: 17
菜篮子 产销 大中城市 短缺 副食品 格局 供应 连锁 流通 批发 肉 市场化 水果 销 消费 中期 种子 
---- Cluster id #169 ----
Size: 8
发掘 汉 华夏 街 连接 人文 散 徐州 
---- Cluster id #170 ----
Size: 31
把握 本身 别的 侧面 创造性 单纯 邓小平理论 对立 丰富 高潮 规律 忽视 卷 科学 课题 理论 里面 领会 论述 马克思主义 马列主义 毛泽东思想 命运 时代 实践 双重 腿 文艺 展现 哲学 著作 
---- Cluster id #171 ----
Size: 41
楚政 床 大雪 登 地上 冬 断 房 扶贫 富 根 孤儿 好事 划 患 挤 建房 脚 进 举 老伴 龙 冒 民兵 爬 彭 清 如同 双 似 躺 趟 脱贫致富 湘西 乡亲 养猪 逾 阵阵 州 仔细 足 
---- Cluster id #172 ----
Size: 12
长沙 大楼 大厦 股份 昆明 南昌 商场 商厦 实业 有限 有限公司 珠海 
---- Cluster id #173 ----
Size: 128
Ｂ 安定 保持 本次 步伐 采取 产量 城乡 城镇 承包 充足 达到 导向 调节 调控 调整 对外开放 发展 方式 放开 分开 丰富多彩 改革 改善 搞好 搞活 根本性 公务员 鼓励 固定资产 国民经济 国内 国内外 海外 合理 宏观 化解 活力 基本建设 基础 机制 积极 计划 计划经济 继续 加大 加快 减轻 减员增效 健康 节约 结构 进展 精简 经济 经济社会 境外 居民 快 扩大 牢固 理顺 力度 力争 粮食 良好 零售 盲目 明显 能力 农副产品 农田 配套 平衡 平稳 浦东 全 全民 全年 确保 社会 深化 生产资料 生产总值 生活 势头 适当 适度 适时 市场 试点 收购 手段 水平 态势 提高 体系 体制 同时 投入 投向 妥善 稳 稳定 稳妥 稳中求进 消费品 效益 压力 引导 优化 有利 约束 增长 增长点 增长率 增加 增添 战略性 整治 政策 政企 重点 转变 着力 资本金 总额 总体 
---- Cluster id #174 ----
Size: 24
查 长期以来 厂 厂长 串 此案 工厂 功 罕见 辉煌 金钱 劳动模范 漏洞 妻子 设 时健 受贿 外 烟 云南 账 追 总裁 褚 
---- Cluster id #175 ----
Size: 14
比较 长足 多利 哈佛 基因 据悉 科学家 克隆 培育 实验 实验室 细胞 羊 一等奖 
---- Cluster id #176 ----
Size: 18
白酒 包含 堆 获悉 甲醇 假 竞赛 酒 局 山西 山西省 收回 售 死亡 听众 制 中毒 抓获 
---- Cluster id #177 ----
Size: 26
北方 草 草地 当中 该县 攻关 灌溉 江西 节水 亩 南方 拍卖 全县 人均收入 山区 谁 水 水利 水资源 踏 细 小型 兴奋 畜 畜牧业 养 
---- Cluster id #178 ----
Size: 13
百富勤 保健 妇女 港元 耕地 平均 人均 人口 人数 投诉 突尼斯 占 总数 
---- Cluster id #179 ----
Size: 11
分配 股 奖 经济学 派 配 披露 送 增 指标 转 
---- Cluster id #180 ----
Size: 21
不惜 出台 到位 定 对此 结论 据说 哪些 您 庞大 期望 使得 世贸 提问 踊跃 预定 赞成 招待会 致以 中外 F基 
---- Cluster id #181 ----
Size: 6
出国 检察长 批准 人次 任命 探亲 
---- Cluster id #182 ----
Size: 18
城市 雕塑 纺织 付出 攻坚战 公共 国有 解困 举措 困境 离退休 哪个 扭亏 配置 破产 突破口 沿海 有机 
---- Cluster id #183 ----
Size: 13
病人 国土 汗水 患者 急 绿化 绿色 蒙古 青少年 生命 通道 造林 治疗 
---- Cluster id #184 ----
Size: 26
安排 编制 补贴 财力 财政 采购 呈现 赤字 大于 得益 低于 关税 加 减少 弥补 其中 庆 适度从紧 收入 收支 完成 相应 预算 元 增幅 支出 
---- Cluster id #185 ----
Size: 18
变革 采用 持续 间 可 浪费 良性 满足 某种 南宁 南宁市 内涵 协调 循环 直至 诸 资源 自然 
---- Cluster id #186 ----
Size: 28
称为 风 敢于 豪华 好像 红 红旗 花 荒山 劲 京城 聚集 开 棵 类似 牡丹 哪 神圣 时节 死 献给 香 像 延安 意思 云 这儿 正好 
---- Cluster id #187 ----
Size: 54
Ａ 包袱 表面 成本 出去 出于 大型 等于 多元化 费用 分散 改组 功能 规模 国外 海信 合并 机会 集团 兼并 经营 竞争 看来 可能 扩展 扩张 浪潮 垄断 内部 纽带 企业 甚 收益 无法 陷入 限度 销售额 行列 行业 迅速 盈利 优势 运转 政府部门 值得 中介 专业化 转向 壮大 追求 资产 总部 组合 做法 
---- Cluster id #188 ----
Size: 31
白色 背 边防 产 大棚 恶劣 盖 高原 公斤 官兵 海拔 寒冷 基地 结 军分区 军区 领 们 模式 奇迹 摄氏度 蔬菜 挑 头 土 玉米 栽 种植 重 株 猪 
---- Cluster id #189 ----
Size: 165
爱国主义 办 办事 保障 保证 不正之风 部署 层次 成效 充分 出发 处理 促进 得到 抵御 奠定 调动 发挥 法制 繁重 方法 方面 方针 防止 革命 各级 各位 各项 各种 给予 根本 工作 工作者 巩固 关心 官僚主义 观念 贯彻 广大 广泛 规范 规划 轨道 国家 过渡 活动 积极性 集中 及时 加强 加以 坚持 坚持不懈 坚定不移 艰巨 健全 建立 建设 接待 结合 进行 精神 精心 经验 具有 决策 开展 肯定 利益 立足 联系 烈士 领导 领导班子 落实 矛盾 密切 民主 模范 纳入 内容 努力 配合 批 普遍 起来 强烈 切实 情况 取得 权威 全局 全面 全心全意 确定 群众 任务 认真 深入 实际 实效 实行 适应 市场经济 树立 顺利 特点 提出 体会 条件 突出 推动 推进 完善 维护 文物 我国 物质文明 吸收 显著 项 效果 形式 形势 行政 要 要求 一致 依靠 意见 应有 硬 优良 有力 有所 有效 原则 运用 增强 召开 针对性 整体 支持 直接 指导 制度 重大 重视 重要 注意 注重 抓 准 着眼 着重 自觉 自身 综合治理 总结 组织 做好 作出 作风 作为 作用 
---- Cluster id #190 ----
Size: 9
毕业生 波兰 构想 品质 普通 摄影 思考 新加坡 学会 
---- Cluster id #191 ----
Size: 13
表彰 称号 妇联 获奖 技能 奖励 揭晓 评选 荣誉 授予 挑选 优秀 中南海 
---- Cluster id #192 ----
Size: 19
把 保卫 部队 称赞 担负 光荣 解放军 练 热潮 使命 所属 透 忘记 武警 训练 战斗力 忠诚 子弟兵 组建 
---- Cluster id #193 ----
Size: 40
奥运会 本届 比赛 冰球 成绩 出色 打破 冬奥会 夺 夺得 分 冠军 滑 获得 角逐 金牌 锦标赛 另外 枚 米 秒 名将 名列 男子 女子 挪威 乒乓球 破 赛 世界杯 世界纪录 速滑 铜 选手 亚军 银 游泳 运动员 中国队 缪 
---- Cluster id #194 ----
Size: 21
北 博物馆 吹 东 厄尔尼诺 附近 海洋 还 暖 齐全 全球 热带 上空 失 太平洋 西 现象 忧虑 展 展览 致使 
---- Cluster id #195 ----
Size: 40
步骤 长远 潮流 大陆 大业 当局 分裂 海内外 海峡 和平 呼吁 回应 交流 两岸 领土 民众 企图 商谈 深远 势力 台湾 谈判 同胞 统一 完整 往来 务实 希望 现状 心愿 一国两制 愿望 赞同 造福 郑重 主权 主张 状态 祖国 阻碍 
---- Cluster id #196 ----
Size: 9
东北部 风光 风貌 景象 旅游 旅游业 沙漠 吸引 游客 
---- Cluster id #197 ----
Size: 10
背后 恶化 黄河 林业 流失 青海 水库 水土 研讨会 邮票 
---- Cluster id #198 ----
Size: 27
边界 初步 大 衡量 互补 集团公司 家 简单 进入 跨 宽 亏损 例 联合 连续 排 排名 评 其 强 实力 世界 速度 下属 相当 一样 真正 
---- Cluster id #199 ----
Size: 12
贝宁 大会堂 感谢 井 煤矿 深感 辛苦 信 也 也门 真诚 总书记 
---- Cluster id #200 ----
Size: 29
操作 倒闭 德国 抵押 防范 分行 风险 负债 该行 监管 教训 结算 金融 金融业 巨额 控制 马克 膨胀 取消 融资 事件 损失 限额 信贷 信用 行长 业务 债务 政策性 
