---- Cluster id #1 ----
Size: 529
阿 阿根廷 阿拉法特 爱尔兰 爱好者 安 奥运会 八一队 白 柏林 百富勤 颁奖 包 薄 报警 报名 北爱 贝宁 被告 本轮 比分 比索 笔者 毕 斌 兵 病毒 病人 波 波黑 波罗的海 波音 布赫 彩电 蔡 藏族 曹 层层 查 常 长春 长工 朝鲜族 炒 陈 城 程 迟 出租车 楚政 川 传销 此案 丛书 崔 打工 大藏省 大臣 大赛 大使馆 大树 大雨 歹徒 戴 单 党建 刀 岛 盗版 典礼 店 雕塑 丁 东北部 董 动物园 杜 段 堆 多利 夺冠 范 方 房 菲 菲律宾 费 封 风光 冯 夫妻 傅 该厂 该书 该县 该校 感人 刚 港元 高 歌剧 歌声 葛 工地 工商局 龚 狗不理 购物 孤儿 古 谷 顾 关 关根 官 管 光 光彩 光明 光盘 光荣 光英 贵 郭 国大党 国际象棋 哈佛 海 海关 海口 韩 汉城 汉年 豪华 何 贺 洪 洪水 红 红色 侯 胡 虎 虎踞 花 华 华人 华为 华夏 画家 话剧 环保局 缓 患者 黄 黄淮 回收 回族 惠芬 汇 火 火箭 获悉 霍 击败 机动车 吉 季 佳节 家宝 家长 加元 贾 甲Ａ 甲醇 假货 健 健行 建国 建华 姜 江淮 蒋 饺子 教练 教练员 教堂 教职工 揭晓 街 杰 解 金 锦标赛 锦华 晋 精美 经济林 经贸委 警方 竞选 居委会 菊 举 剧目 捐 捐赠 捐助 俊 咖啡 康 科恩 科特迪瓦 渴望 克 克隆 空气 孔 快乐 拉那烈 篮球 兰 老伴 乐 乐团 雷 磊 冷 冷空气 黎 黎巴嫩 李 利 力 联赛 连 梁 两地 亮 辽宁队 廖 林 玲 另外 刘 柳 龙 楼 卢 卢布 鲁 路 陆 吕 罗 妈妈 马 马克 马尼拉 满族 曼谷 梅 美军 门口 蒙古族 梦 孟 苗 苗族 敏 明 鸣 名 名人战 莫 莫桑比克 墨 谋求 某部 牡丹 幕 牧民 奶奶 南非 南极 男篮 男排 内阁 内塔尼亚胡 年会 年轻人 聂 宁 牛 农科教 农历 农业部 女 女工 女排 暖 欧 欧佩克 爬 排球 派出所 潘 彭 啤酒 贫困户 品牌 平 平安 普通话 棋手 齐 气象台 迁 钱 敲 桥本 秦 庆 庆林 邱 球 球队 球员 曲 取胜 全县 全有 群 热水器 热线 人民党 认可 日记 日元 塞拉利昂 赛季 啥 伤 商家 上空 上学 尚 邵 社团 申 深感 沈 胜 师傅 失学 施 时健 史 世界杯 市中心 室内 收盘 手机 受伤 舒 书店 书法 书画 书面 双拥 水浒传 思念 司 司机 松 送礼 宋 苏丹 苏哈托 孙 太空 谭 汤 唐 躺 涛 陶 特困 体委 田 铁木尔・达瓦买提 听众 停车 桶 投诉 土家族 团中央 万 万达队 万年 汪 王 网球 网上 韦 围棋 为何 维和 维吾尔族 维也纳 委内瑞拉 伟 魏 尉 卫生部 温 温馨 文 闻 问世 乌 乌克兰 吴 武 武术 舞剧 务工青年 西 西部 西非 席 细胞 夏 现任 县城 县政府 宪章 相似 祥和 响起 向 削减 小到中雨 小麦 肖 谢 谢里夫 新风 新华 心态 行人 熊 徐 徐州 许 选票 薛 巡警 雅加达 严 阎 演习 演奏 杨 扬 姚 叶 一代 一等奖 医疗队 伊朗 伊斯兰 彝族 易 毅 音乐会 尹 印度尼西亚 印尼 印尼盾 赢 勇 用品 邮票 游 于 余 俞 元首 袁 圆 月球 云 曾 占地 张 帐篷 赵 照 阵线 阵阵 征文 正 郑 支队 直升机 执政 志 中国画 中科院 中小学生 忠诚 钟 钟山 朱 主 主场 主教练 祝 祝福 壮族 资 子文 邹 足 闵 妍 昊 褚 
---- Cluster id #2 ----
Size: 82
本人 采用 场地 撤销 此次 从业 村 村干部 村里 村民 村委会 村务公开 答 大户 担 电价 杜绝 对此 发行 方便 防伪 干群 股东 股票 股市 挂牌 柜台 河北 回报 会员 基金 价值 简称 交易 交易所 借助 据悉 开设 刊登 科龙 可 乐观 联网 流入 乱 买卖 泡沫 披露 区别 取决于 全村 如何 上访 上市 上网 申报 深圳 时报 提醒 投机 投票 投资 投资者 违规 问 席位 喜庆 现金 县里 相同 营业部 运作 账户 招 证监会 证券 指定 只 只能 抓获 资格 自 
---- Cluster id #3 ----
Size: 83
爱国主义 保存 保护 博物馆 布局 部委 参观 档案 抵御 氛围 分布 妇联 感染 高潮 革命 更新 工会 工作者 鼓舞 故居 光辉 规划 号 欢乐 激励 记录 纪念 纪念馆 价值观 建筑 奖励 揭示 京城 精品 经费 经济效益 刊物 课堂 离退休 烈士 鲁迅 马列主义 媒介 民政部 名人 纳入 内涵 年龄 评选 气氛 前所未有 抢救 青少年 人文 散 社会效益 神圣 师生 收藏 特有 贴近 统筹 外来 顽强 维修 文物 文献 物质文明 现状 兴趣 依旧 勇敢 游人 有着 娱乐 载体 赞助 责任感 展出 展览 振奋 志愿 中宣部 
---- Cluster id #4 ----
Size: 62
安徽省 称号 出版社 处 处长 大连 服务队 歌舞团 灌溉 海南省 合肥 河北省 河南省 湖南省 江苏省 江西 江西省 剧团 剧院 科 科教 科委 科协 美术 蒙古 宁夏 农科院 农药 青海 荣获 如下 三下乡 山东省 山西省 陕西 陕西省 社长 深圳市 四川省 太原 天地 图书馆 团长 文化部 武汉市 下乡 县长 消化 宣传部 演员 医学 医院 艺术团 云南省 浙江省 志愿者 中心 中医 中医药 重庆市 自治县 自治州 
---- Cluster id #5 ----
Size: 388
爱 爱国 爱护 爱心 榜样 宝贵 北风 表达 别人 宾馆 冰 病 播出 伯伯 不顾 不行 财富 采访 超越 吃 吃饭 充满 冲 崇高 初期 出来 传达 床 词 此事 促成 村庄 错 答应 打开 大地 大会堂 大街 大姐 大桥 大厅 带头 诞辰 当中 当做 党内 到 到底 得知 地上 第一线 典范 掉 调 懂得 动人 读书 度 度过 对方 顿 恩来 儿子 饭 房间 房子 锋 风范 奉献 夫妇 幅 复杂 付出 父亲 负责人 赶到 感到 感动 感慨 感情 感受 敢 敢于 钢铁 高尚 高兴 告 告别 隔 工人 工人阶级 公仆 共产主义 共和国 故乡 关怀 官僚主义 国民党 国王 过 孩子 和谈 和谐 后 后果 后人 花钱 话 怀念 坏 患 恢复 回来 回去 活 激情 极端 记 记得 记忆 家属 家园 坚定 间 艰难 见 建房 将军 讲述 交谈 接触 接到 接见 接收 阶级 结婚 尽 劲 经过 敬爱 镜头 净化 久 俱乐部 开会 看 客人 口号 苦 来到 浪费 老年人 老人 老师 老一辈 离开 历程 脸 脸上 了 了解 灵魂 领袖 留给 留下 流 隆重 路上 率领 每个 美德 缅怀 面 面貌 面前 民主党派 明白 名字 目光 哪里 那 那里 那么 那时 那天 那样 那种 耐心 南京 难忘 内外 内心 你们 念头 女儿 女士 偶然 拍 牌子 朋友 批示 品质 乒乓球 平凡 普通 千方百计 前后 前途 前夕 亲 亲切 亲属 青 倾听 情 情景 穷 取代 去 去世 全场 确实 让 热爱 热带 人格 人家 人群 任职 日本 如此 丧失 善于 上面 少奇 身 身边 身上 身体 深处 深切 深情 深受 生命 时 时刻 事 事件 事情 逝世 视察 手术 说 死 似 送 岁月 他 他们 她 题词 替代 天安门 铁 听 同 同学 同志 统一战线 统战 统战部 投身 退 托 挖掘 外出 完 碗 晚 忘 忘记 危险 为期 伟人 位 慰问 文革 文化大革命 问候 我 屋 无限 西安 牺牲 戏 细致 下来 下去 显得 献 献给 湘西 详细 想 想到 想象 小事 些 写道 辛勤 心 心里 心灵 心情 心血 心中 信 信念 形象 休息 修 宣布 血 询问 延安 眼睛 冶金 业绩 一家 一派 一起 一生 移 以后 印象 迎 颖超 永恒 幽默 有人 有限 愉快 雨 在场 赞扬 遭到 战友 丈夫 找 照顾 照片 这部 这样 真 真情 真相 正是 政局 政治家 知道 知识分子 之后 之际 直到 直至 值班 指示 只见 纸 智慧 治疗 中毒 中间 中南海 忠实 重庆 周 住 装 卓越 资产阶级 自己 字 总理 走访 最后 做 魅力 
---- Cluster id #6 ----
Size: 79
奥委会 本届 比赛 冰球 冰雪 参赛 场面 长野 长足 成绩 出色 得 登 冬奥会 动作 对手 夺 分 分钟 姑娘 冠军 韩国 荷兰 贺电 滑 滑雪 获胜 挤 加拿大 角逐 金牌 居 决赛 领先 轮 枚 米 秒 名将 名列 男子 女子 挪威 拼搏 破 轻松 赛 赛场 赛事 山区 上届 射击 生日 世界纪录 速滑 她们 踢 天气 添 未能 舞 选手 雪 亚军 遗憾 意外 忧 犹如 预赛 运动员 遭 摘 争 争夺 至 中国队 撞 组委会 缪 
---- Cluster id #7 ----
Size: 759
ＶＣＤ 云 安定 摆 摆脱 班子 办 办公 办事 邦国 帮扶 帮助 包括 薄弱 保障 保证 报告 本领 本质 比较 毕业生 编写 编者 变革 变为 标志 表决 表率 别的 别国 不好 不可 不怕 不同 不正之风 步 步骤 部署 采取 参考 操作 层次 差 差距 产生 尝 常委会 常务 长官 长期 倡导 潮流 成功 成果 成就 成立 成为 成效 程度 承认 承受 充分 充实 抽查 筹备 初 初级阶段 出发 出生 出现 处理 处在 传统 创新 创造 创造性 春耕 春云 从事 促进 存在 措施 错误 搭 达标 大胆 大会 大气 大事 带 带领 代 代表 代表大会 代表团 待遇 党 党中央 党组织 到来 到位 道德 道路 得到 得以 邓 邓小平理论 地方 地区 地位 地域 电台 奠定 调动 定 丢 东部 东西 动荡 动力 动手 动摇 督促 独立 对待 对象 多 儿女 发达 发达国家 发挥 发现 发扬 发展 发展中国家 法 法规 法律 法制 法治 繁荣 繁重 反对 反映 犯 方面 方向 方针 防止 防治 放 放在 飞跃 分裂 分配 分析 分子 奋斗 丰收 风波 风气 符合 服务 福利 赋予 富强 富裕 附 改变 改革 改进 概括 干部 赶 纲领 岗位 高度 高举 高考 搞 格局 个 各 各地 各个 各国 各级 各项 各种 各族 根本 工作 公有制 公约 公众 贡献 共产党人 共建 共识 共同 构想 够 关键 关心 观点 观念 贯彻 广大 广泛 广阔 规范 规则 规章制度 轨道 贵鲜 国际 国家 国家机关 国情 过程 过渡 汗水 好 核心 合格 合作 弘扬 候选人 呼声 互助 花园 画 划分 环保 环节 环境 还要 还有 换届 回答 回顾 会 汇报 混乱 活动 基本 基本法 基层 基础 基金会 机关干部 积极性 极大 集体 集中 季度 计划生育 继承 纪云 家华 加强 加速 加以 驾驭 坚持 坚持不懈 坚定不移 艰巨 艰苦奋斗 检查 健全 建立 建设 讲 交 交流 交往 教材 教师 教学 教训 教育 接受 阶段 结果 结合 解放 解放思想 解决 借鉴 紧 紧密 进步 进程 进行 近 精神 精神文明 精心 经受 经验 警惕 局部 局面 举办 举世瞩目 巨大 具体 具有 决策 决定 决心 开辟 开放 开阔 开始 开拓进取 开展 看到 抗灾 考验 棵 科技 科教兴国 科学 科学技术 科学家 克服 刻苦 客观 课程 肯定 框架 来 劳动者 牢记 老 理解 理论 理想 理性 礼貌 历史 历史性 利益 立法 立足 力量 力求 联 联邦 联系 连队 两岸 林业 领导 领导者 流域 路线 绿色 论断 落实 马克思 马克思主义 迈出 迈进 满意 毛泽东思想 矛盾 没有 每次 每年 美好 门路 密切 面对 面临 面向 民警 民心 民主 民族 明确 命运 模范 谋 目标 难得 难点 难度 内容 内政 能 能够 年 年级 凝聚力 农村 农家 农垦 农民 努力 怕 排放 培训 培养 配合 批 飘 贫困 平等 评价 迫切 普遍 期望 旗帜 起来 前进 前列 前提 前沿 强大 强调 强烈 切实 清楚 清华 清醒 情况 趋势 区域 渠道 取得 权力 权威 全党 全家 全局 全面 全球化 全世界 全心全意 确定 确立 群众 群众性 热点 热烈 热情 人才 人工 人类 人民 人人 人事 人数 人物 任期 任务 认清 认识 认真 日常 融入 容易 软件 三中全会 上 烧 少 社会 社会主义 设 设计师 设立 深刻 深入 审计 审议 生产力 生活 生机 省区 失误 十四大 十五大 时候 时间 什么 实 实际 实践 实施 实实在在 实事 实事求是 实现 实效 实行 实验室 使 使命 世纪 世纪之交 世贸 事业 势力 是 适合 适应 市场经济 收成 手 树立 双边 顺利 思想 素质 缩小 所有 探索 趟 特别 特点 特区 特色 提倡 提出 提供 提请 题写 体会 体系 体现 体育 挑战 条件 铁映 听取 通货膨胀率 统一 突出 突破 图片 团结 推动 推向 推行 脱离 完全 完善 完整 围绕 为 为什么 维护 伟大 位置 温饱 文明 稳定 问题 我国 我们 乌鲁木齐 污染 物质 务实 吸取 吸收 系列 系统 下 下跌 下功夫 鲜花 显著 现代化 现象 宪法 相互 香港 响应 项 象征 小康 小平 协调 新 新疆 信访 信息 信心 形成 形式 形势 行使 行政区 匈牙利 修订 修改 需要 宣传 宣言 选拔 选出 选举 学科 学者 亚 严峻 研究 要 要求 页 一定 一国两制 一切 一行 依据 依靠 依然 移民 意见 意识 意义 意愿 议案 议会 因素 引发 印度 应 应该 应有 迎接 赢得 影响 硬 踊跃 勇气 勇于 优良 优秀 有 有待 有所 有效 有些 有益 舆论 遇到 原有 原则 远 运用 酝酿 灾 在 在于 造就 责任 责任制 增强 扎 扎扎实实 展开 战线 掌声 掌握 者 这 这儿 这个 这项 这些 珍惜 针对性 震 振兴 征求 整顿 整个 整体 正确 政策 政党 政府 政治 郑重 支持 知识 知识经济 之下 职权 指标 指导 指数 指引 至关重要 致以 制定 制订 制度 智力 治 治理 中 中等 中国 中华民族 中华人民共和国 中山 中外 种种 重大 重视 重要 重要性 周围 珠海 主动 主题 主体 主要 注意 注重 抓 抓好 抓紧 专门 追 准 准确 准则 着 着眼 着重 资本主义 自觉性 自身 自我 自治 综合国力 总结 走 走过 走向 祖国 组成 组成部分 组织 遵循 做到 做好 作出 作风 作为 作用 
---- Cluster id #8 ----
Size: 183
澳 澳大利亚 巴基斯坦 巴金 比利时 闭幕 必然 表彰 波兰 参政议政 草案 草原 茶话会 阐述 承办 出访 出席 次 打假 大局 大学生 大业 代表性 党派 地 点 调查 调研 对外 发表 发言 防火 访 非公有制 风貌 服从 福州 赴 甘肃 纲要 稿 各界 古巴 关切 光亚 规范化 国权 海洋 含量 杭州 号召 合影 宏伟 呼吁 华清 环 会议 活跃 火灾 加深 假冒伪劣 建议 江 讲话 介绍 锦涛 经常 举行 开创 开幕 开拓 看法 看望 考察 科技界 库区 列入 鲁丽 履行 率 论坛 马来西亚 民工 名单 鹏 谴责 强有力 乔 侨胞 全体 人选 日报 日程 荣 入手 瑞典 瑞环 瑞士 三峡 森林 商 上去 设置 深远 石 受到 水土 思路 泰国 探讨 讨论 特征 提案 提到 提名 题 通过 同胞 土地 团体 拓展 伟长 吸纳 希腊 希望工程 掀起 向前 削弱 小组 协商 新加坡 新鲜 心愿 兴 畜牧业 选平 亚洲 研讨 研讨会 演讲 药品 毅仁 议程 议题 迎春 与会 与会者 圆满 愿望 赞同 泽民 增进 展望 章程 招待会 兆国 召集 召开 正英 政协 知名人士 职能 职业道德 指出 致富 制 制度化 智利 周年 驻地 驻华 专家 专题 转化 姿态 做出 作 座谈 座谈会 岚清 崛起 孚凌 F基 
---- Cluster id #9 ----
Size: 65
拜年 伴随 遍 唱 成 打破 电视 电视台 份 歌 歌曲 歌舞 观众 贺卡 画面 节目 京剧 景象 看看 扣 宽 老百姓 联欢 迈向 没 明星 母亲 那些 年年 浓郁 弄 女性 屏幕 气息 庆祝 日子 色彩 山西 上来 少儿 试 首 守 睡 推出 晚会 舞蹈 舞台 吸引 戏曲 现场 相声 新人 眼光 演 演唱 演出 邀请 夜 一流 英雄 游客 展现 之外 仔细 
---- Cluster id #10 ----
Size: 109
白色 背 边防 部队 菜 产 长 称为 传播 创 春 大门 大棚 夺得 恶劣 发明 纷纷 风 附近 盖 高效 高原 告诉 攻关 公斤 古老 挂 官兵 海拔 寒冷 罕见 基地 激发 急 纪录 艰辛 建 结 救 军分区 军区 空白 空中 块 厘米 里 例 立方米 良种 领 绿 卖 们 模式 亩 那曲 难题 农场 徘徊 派 旁 培训班 配 偏 品种 葡萄 奇迹 起到 气候 气温 求 肉 摄氏度 设想 生产 生长 示范 士兵 试验 蔬菜 送给 塑料 缩短 挑 停留 头 土 退出 挖 外 温暖 乡亲 养猪 鱼 玉米 遇 栽 栽培 咱 战士 找到 这里 种植 种子 重 株 猪 驻军 足够 
---- Cluster id #11 ----
Size: 227
Ａ 安置 版 包袱 包含 北大 背后 比 边界 变 变动 表 表面 表明 不如 采购 差别 成本 初步 出去 出售 出于 传递 大 大庆 大型 大于 带动 代价 单一 导致 等于 电脑 锭 动态 多元化 纺织 放弃 非 费用 分散 分为 份额 风险 改制 改组 概念 高低 跟 工 工业 攻坚战 功能 骨干 官方 规模 国家队 国外 国有 过度 过来 过硬 海信 邯钢 合并 合资 衡量 呼唤 互补 缓慢 回升 机会 机器 机遇 积累 集团 技能 计划经济 家 监控 兼并 简单 接轨 节省 解困 进入 经济学 经营 竞赛 竞争 竞争力 净 举措 聚集 看来 考虑 可能 可谓 空间 跨 亏损 困境 扩展 扩张 浪潮 类型 例如 联合 连续 龙头 垄断 路子 冒 美元 模拟 末 目的 难关 内部 纽带 排 排名 膨胀 评 其 企业 启示 契机 前面 强 青岛 全新 热 如 弱 塞 甚 生产能力 升 升级 失败 实力 世界 市场化 视 视为 收益 手段 数据 数量 谁 速度 淘汰 套 同类 突破口 脱颖而出 外部 维持 无 无法 下属 陷入 限度 限制 相比 相反 相关 销售 销售额 小 效率 兴起 行列 行业 幸福 选择 迅速 压 压锭 沿海 业务 一样 营销 盈利 用人 优势 有的 预计 原因 员工 运转 杂志 造成 占据 战略性 这种 真正 阵地 政府部门 支柱 值得 指明 旨在 制作 中小企业 重组 周刊 周期 注入 抓住 专业化 赚 壮大 追求 资本 资产 子 总部 总裁 总公司 总书记 阻碍 组合 组建 最终 做法 
---- Cluster id #12 ----
Size: 254
白酒 颁发 办法 办理 保留 报 本 避孕 冰箱 玻璃 补充 不得 部门 采矿 采矿权 测试 车 称 出版物 出资 储量 处罚 船 船舶 单位 登记 等级 地下 地震 地质 电厂 电力 电器 电信 电子 定价 动物 独资 短 多媒体 发布 发电 罚款 范围 方案 房屋 防 防震 服务业 负责 干预 个人 给予 工程 工艺 供 供电 公告 公园 构成 管理 管制 广告 规定 国务院 含 毫米 核电站 会同 基因 机组 激光 计算机 加工 价格 监测 检测 检验 减 减灾 降价 缴纳 轿车 紧急 禁止 精 经营者 井 警告 景观 救援 救灾 救助 拒绝 开采 开发 勘查 勘探 抗 抗震救灾 可以 控股 跨越 款 矿 矿产 垃圾 连接 领取 绿化 码头 煤 煤炭 没收 免 名称 摩托车 内 年产 年度 农 批发 批准 平方公里 评估 期货 其他 起 器材 气 汽车 千瓦 签订 抢险 情节 权限 确认 人民政府 任何 认定 认证 日 容量 沙漠 伤亡 商品 摄影 设备 设计 设施 申请 审批 生产线 生物 施工 石油 适用 收到 收取 手续 授权 输 数字 水电 水库 水泥 饲料 隧道 损失 他人 探矿权 特定 提交 天然气 条 条例 停产 停止 通信 同步 铜 透 外商 违反 卫星 文件 物品 县级 限期 线路 相应 消防 消费者 新建 新型 型 性能 许可证 循环 延长 延伸 延续 羊 养殖 药 药物 野生 医药 移动 仪 仪器 以上 以外 以下 义务 银 应当 用 有关 予以 预报 预测 原 原料 允许 灾害 灾情 灾区 暂行 责令 章 招标 珍贵 直辖市 植物 指 致 制品 制造 中方 中药 重建 主导 主管 专用 转让 装置 资料 资源 自救 综合 最低 遵守 作业 
---- Cluster id #13 ----
Size: 119
巴西 百分点 保值 比例 部分 财政部 拆 拆借 长期以来 持有 储蓄 刺激 存 存款 贷款 担保 当局 到期 低于 抵押 定期 短期 兑 兑付 兑换 发放 法定 法人 繁华 分类 分行 幅度 付 负债 该行 岗 高于 工具 公布 购买 挂钩 国债 划 货币 机构 计 计算 加 降低 接近 结算 金融 金融业 具备 开业 考核 客户 来源 理顺 利率 利息 利于 卢森堡 满 民营 名义 哪些 年利率 凭证式 期 企业界 取消 人民币 商品房 商业 实物 事宜 市民 收 收回 水准 提前 填 投放 推销 网点 下调 下降 现行 限额 新村 信贷 信用 信誉 行长 需 讯 一般 以前 银行 银行业 应付 营业 盈余 用于 邮政 有利于 月 债券 这次 这家 政策性 支付 值 主持人 注册 准备金 准备金率 资金 
---- Cluster id #14 ----
Size: 245
奥地利 班 保健 报刊 暴露 倍 标准 表演 拨 拨款 不懈 不足 步入 部 彩色 藏 册 场所 彻底 承担 承诺 初中 出版 处于 穿 传 传输 创办 纯收入 此前 达 大家庭 丹麦 当地 得出 底 地理 电视机 顶 断 队 对口 儿童 发射 法案 返回 分离 佛教 辐射 妇女 各类 根 耕地 攻击 公民 公顷 公认 共计 共有 估计 固定 归 汉 好处 好评 合 户 黄金 获得 基建 级 继 佳 家里 家庭 价 监狱 建成 交付 交通 脚 教 街道 街头 阶层 节日 结论 今 近年来 经 经典 境内 旧 卷 竣工 抗议 可观 课题 拉萨 累计 冷战 历时 辆 量 列为 流行 论 论文 落后 媒体 每 每月 每周 免费 面积 民间 男女 内地 年代 年均 农户 盘 判断 贫穷 平方米 平均 瓶 普查 妻子 其它 起点 亲人 权利 全国性 全区 人次 人均 人均收入 人口 人力 人权 人士 少数民族 设有 省市 使用 世 事实 事实上 手中 首要 受灾 书籍 数 私人 死亡 岁 所 所谓 特大 特殊 天然 通讯 同一 统计 图书 推荐 脱贫 外国人 网络 为首 卫生 文字 物资 西藏 习惯 现有 县 乡 乡村 享有 消费 消耗 消灭 小型 小学 校 信仰 修复 畜 悬挂 选民 学生 学术 雪灾 严寒 研究会 医疗 医生 遗产 以来 议论 因特网 印 影片 拥有 优惠 语言 原始 援助 灾民 遭受 占 占有 招生 挣 整理 正式 政 证实 支援 之内 指责 中部 中期 中小学 中央政府 著作 助 转 撰写 庄严 状况 状态 资助 自然 自行车 自由 自治区 自主 宗教 总数 罪犯 尊重 座 
---- Cluster id #15 ----
Size: 63
把握 背景 本地 本身 侧面 长远 超出 窗口 带有 单纯 典型 跌 对立 发掘 方法 否定 否认 个别 功夫 关注 规律 好像 忽视 见解 讲究 交警 角 角色 具 里面 领会 论述 内在 能否 品格 品位 墙 全省 生命力 时尚 使得 树 双重 塑造 所在 它 抬 腿 文艺 系统工程 先进 现实主义 效应 学 依赖 艺术家 涌现 有机 再现 真实 诸 自觉 左 
---- Cluster id #16 ----
Size: 171
比如 彼此 弊端 编 表现 并非 不幸 插 差异 沉重 成熟 冲突 传媒 创作 大道 大众 带来 诞生 导演 灯 电视剧 电影 懂 动 独特 读 读者 多样化 反响 封闭 风格 风情 富有 改编 感觉 革新 个性 工厂 攻 沟通 古典 观察 汉语 好事 话题 毁 获奖 激动 集 技巧 角度 节奏 精彩 经历 境界 觉得 看出 看待 可能性 可喜 空前 栏目 老虎 理 良性 另 描绘 描写 某 那个 闹 年轻 凝聚 浓 拍摄 批评 期刊 桥 桥梁 青春 情感 圈 缺乏 群体 热闹 人间 人们 人生 融合 如同 散文 深 深度 审美 失去 诗 诗歌 诗人 时代 时节 实验 视野 试图 收获 熟悉 说法 思 思考 思维 随意 它们 踏 题材 天下 痛苦 图像 玩 围 文学 物 西方 洗 戏剧 鲜明 显示 现实 想起 像 小说 写 写作 欣赏 辛苦 新闻 新闻界 新兴 心理 心声 信任 行 兄弟 修养 寻找 严谨 言 样子 一体化 以为 艺术 音乐 营养 营造 影视 优美 右 诱惑 誉为 阅读 崭新 站 这块 知 知名 之 之中 种 专栏 尊严 作家 作品 作者 
---- Cluster id #17 ----
Size: 104
帮 包装 北方 变成 尝试 乘 乘客 筹措 筹集 筹资 春风 春运 存量 打电话 大楼 大厦 大雪 等待 地面 东方 短缺 厄尔尼诺 飞 飞机 飞行 高峰 各自 公司 股 股份 海南 航班 航空 航天 航线 回家 货 货物 机场 集团公司 急需 季节 家人 架 肩负 惊人 巨额 开工 扩建 蓝天 类似 联盟 列 临时 旅客 麻烦 买 每人 民航 拿 南昌 南方 票 棋 起步 气象 签 全球 缺 上门 上演 神 食品 实体 市区 首都 售票 受益 属 探亲 通用 透露 外面 武汉 西北 厦门 享受 小姐 星 形 雄厚 选 涌 油田 逾 运输 运营 增收 增至 折 郑州 租 租赁 坐 
---- Cluster id #18 ----
Size: 381
Ｂ 安排 半岛 办学 保持 保险 备忘录 本次 比重 必要 编制 变化 博览会 补贴 不利 不良 不满 步伐 财力 财税 财务 财政 菜篮子 残疾人 草 产量 产品 产权 产业 产业化 长江 长途 超过 城市 城乡 城镇 成人 呈现 承包 持续 赤字 充足 出口 出路 储备 促 达到 大中型 导向 得益 低 抵 第三产业 调节 调控 调整 东盟 独联体 对外开放 对外贸易 吨 多极化 方式 防范 放开 放松 非法 非洲 分开 分流 丰富多彩 扶持 扶贫 副食品 覆盖 负担 富余 附加值 改善 改造 干旱 感谢 港口 高产 高档 高等教育 高速公路 高校 高新技术 搞好 搞活 个体 各位 根本性 工资 攻坚 供给 供求 供应 公务员 公益 鼓励 股份合作制 股份制 固定资产 关税 广播 国民经济 国内 国内外 国土 海外 好转 合理 宏观 互利 化肥 化解 淮河 缓解 黄河 回归 回落 回应 汇率 活力 基本建设 机电 机制 积极 激烈 集体经济 集装箱 疾病 技术 计划 继续 加大 加快 监管 艰苦创业 减免 减轻 减少 减员增效 健康 健身 建设性 江苏 交接 节水 节约 结构 进出口 进口 进展 精简 经济 经济社会 警察 境外 就业 居民 军民 开支 抗旱 科普 科研 控制 快 困难 困扰 扩大 拉美 来华 劳动力 劳务 牢固 利用 力度 力争 连锁 粮食 良好 零售 领域 流动 流通 旅游 旅游业 买方 满足 盲目 门 弥补 棉花 明显 某些 能力 能源 扭亏 农产品 农副产品 农田 农业 拍卖 盘活 庞大 培育 配套 配置 蓬勃 平衡 平稳 破产 铺 普及 浦东 其中 齐全 前景 潜力 强劲 倾斜 清洁 清理 趋 全 全方位 全民 全年 确保 融资 商场 商厦 上岗 上游 上涨 社会化 社区 深化 生产资料 生产总值 生态 失业 失业率 实用 事物 势头 适当 适度 适度从紧 适时 市场 试点 收费 收购 收入 收支 手里 输出 水稻 水果 水利 水平 水源 水资源 税 税收 顺差 私营 所有制 台阶 太平洋 态势 特困户 提高 体制 通货膨胀 通胀 同时 统计局 投产 投入 投向 推广 推进 妥善 拓宽 外汇 外贸 外债 外资 完成 稳 稳妥 稳中求进 物价 喜爱 下岗 下滑 下决心 相信 乡镇企业 项目 消费品 效益 新增 兴办 需求 虚假 迅猛 压力 压缩 严禁 验收 养老 要素 依托 以内 抑制 因地制宜 引导 引进 隐患 用户 优化 优先 优质 邮电 有利 预定 预期 预算 元 原材料 原油 约束 造福 造林 增产 增长 增长点 增长率 增幅 增加 增添 增值 债权 债务 战胜 涨幅 征收 整治 正常 政企 支撑 支出 职工 职业 植树 质量 中介 中西部 重点 重复 周边 住房 住宅 转变 转换 转移 着力 资本金 自律 自愿 总 总产值 总额 总量 总体 
---- Cluster id #19 ----
Size: 89
笔 边 编者按 便宜 仓库 产值 倡议 超 陈旧 称赞 成长 闯 创汇 创业 此举 倒闭 地处 订 短短 多少 发出 奋战 服装 富 干 共产党员 国防部长 国家级 海内外 浩田 喝 后面 湖 怀 怀疑 还 家电 家乡 家中 艰苦 江南 奖金 杰出 捐款 军人 军营 看好 靠 劳动模范 累 利税 论证 吗 跑 贫困县 平原 评为 企业家 欠 青年 全市 人心 荣誉 上班 少年 摄 生存 生意 盛 事迹 同样 退休 脱 外地 望 乡镇 小伙子 新年伊始 兴奋 意味着 迎来 跃 云龙 运河 赠送 这时 镇 证书 最佳 
---- Cluster id #20 ----
Size: 239
安全 安装 案 案件 颁布 办案 暴力 爆炸 补 不够 不准 材料 财产 查办 查处 查获 呈 程序 惩处 惩治 出台 处分 辞职 打击 待 逮捕 当事人 党风 党性 党员 党政 党政机关 递增 毒品 队伍 遏制 发票 发生 罚 法官 法庭 法院 反 反腐倡廉 犯罪 犯罪分子 方略 房地产 腐败 负 该 干警 干扰 公安 公安部 公共 公开 公款 公平 公正 管辖 航运 合法 合同 狠抓 贿赂 会计 获取 机 机关 集资 及时 纪检 纪律 纪委 加重 假 监察 监督 坚决 检察 检察院 鉴定 件 建新 接待 解释 金额 金钱 禁毒 纠纷 纠正 酒 居住 举报 考试 可靠 课 恐怖 来访 来信 类 理由 礼品 立 立案 力气 廉洁自律 廉政 领导班子 流失 漏洞 律师 迈 蔓延 秘密 民事 拟 宁波 判处 判决 赔偿 配备 聘请 评议 破坏 期限 起诉 强化 抢劫 侵犯 轻 清 请求 庆典 取 权 权益 全会 缺少 人民法院 人员 入 商标 上级 上升 上述 上下 奢侈浪费 涉及 涉嫌 审查 审理 审判 省级 事故 释放 收集 售 受贿 受理 书 属于 数额 税务 说明 思卿 司法 诉讼 随 损害 贪污 提起 通知 头脑 土壤 危害 违法 违纪 违章 委托 嫌疑人 线索 小区 效果 协定 刑法 刑事 刑事诉讼法 行为 行政 性质 姓名 严打 严格 严厉 严肃 严重 一体 有力 有序 预防 源头 载 增大 增多 账 侦查 正当 正气 证据 证明 支 知识产权 职务 职责 直接 执法 执行 致使 制约 制止 秩序 治安 治国 中级 主办 专利 专项 追究 子女 宗旨 综合治理 总局 走私 钻研 最高 罪 渎职 
---- Cluster id #21 ----
Size: 162
啊 吧 把 百姓 报纸 杯 波恩 不错 不见 不惜 不知 灿烂 层 产销 厂家 出 串 吹 此后 打下 大海 大家 大师 大小 当 档次 倒 道 道理 等 地球 都市 端 番 翻 放心 风景 赶来 钢琴 给 功 购 故事 顾客 关闭 广州 国产 国企 过去 海上 寒风 河 黑 后者 怀着 辉煌 回 奖 降 叫 截至 姐妹 借 进 句 开办 堪称 颗 口 拉开 啦 来临 蓝 老板 利润 临 令 落 美丽 民 名牌 墨西哥 陌生 哪 南北 难 难免 呢 你 您 牌 捧 漂亮 前 清晰 请 上任 渗透 声 声音 生动 剩下 世人 授予 双 双手 水 说话 算 台 太阳 掏 天 天空 听到 听说 停 同事 同行 童 投 微笑 唯一 为由 文章 西班牙 喜 喜欢 先生 献身 香 想法 响 销 消息 笑 性格 呀 烟 眼 阳光 爷爷 也 一把手 衣服 艺术品 意思 油 友谊 原来 怎么 怎样 展 展示 这么 正好 志成 珠江 主人 自豪 总经理 帷幕 
---- Cluster id #22 ----
Size: 81
奔 不便 长沙 朝 车辆 车站 城区 大中城市 东 对 发 饭店 分工 高速 跟着 公里 公路 广 广场 贵州 果断 过年 哈 沪 荒山 火车 火车站 鸡 焦点 津 京 九 距离 卡 开 开发区 开通 客车 客运 快速 昆 拉 老区 列车 楼房 忙 每天 门前 南 南宁市 盼 片 其余 山 商店 商务 石家庄 提 铁道部 铁路 通 通道 图 拖 脱贫致富 网 为主 位于 喜悦 显 线 小时 信号 兴建 修建 沿线 云南 运 运行 造 增 
---- Cluster id #23 ----
Size: 230
Ｄ 安徽 澳门 班长 办公室 办公厅 办事处 北京 北京大学 北京市 毕业 博士 部长 财经 参加 常委 常务委员 常州 厂 厂长 车间 成都 成员 冲击 出任 大学 代理 当选 党委 党校 党支部 党组 地委 东北 东亚 冬 董事长 队长 队员 发起 分局 福建 福建省 副 干事 港 高等 高中 工程师 工商 工商联 工业部 工作组 公安局 共产党 共青团 顾问 管理局 广东 广东省 广西 国防部 国家教委 国务委员 哈尔滨 海峡 汉族 河南 黑龙江 黑龙江省 红旗 红十字会 湖北 湖北省 湖南 华南 华侨 化工 化学 会长 获 机械 吉林 吉林省 济南 计委 加入 兼 检察长 郊区 教授 届 经理 救济 局 局长 科长 科学院 昆明 劳动 理事会 联合会 粮 辽宁 辽宁省 留学 伦敦 贸易 煤矿 秘书 秘书长 民革 民主党 名誉 南宁 男 难民 内蒙古 纽约 迫害 其间 起草 清华大学 区 全国 人 人大 人大代表 人事部 任 日内瓦 山东 上海 上海市 上将 社 沈阳 生 省 省长 省委 省政府 实业 事务 市 市长 市委 市政府 首席 受 书记 书记处 数学 水利部 四川 所长 台湾 天津 天津市 铁路局 厅 团 外事 委员 委员长 委员会 文化 武警 西南 西欧 系 县委 相当 校长 协会 学位 学习 学校 学员 学院 研究生 研究室 研究所 研究员 研究院 业余 议员 应用 游泳 有限公司 友协 院 院长 院士 运动 哲学 浙江 政法 政委 政治部 政治局 职 职员 指挥部 中队 中共 中共中央 中华 中文 中学 中央 中央委员 州 主编 主任 主任委员 主席 主席台 主席团 助理 住院 专业 咨询 总队 总工会 总会 足球 组 组长 组织部 
---- Cluster id #24 ----
Size: 190
败 搬 保 保卫 爆发 北 被动 本国 才能 参与 草地 策划 策略 长城 长征 朝鲜 成分 持久 传来 创建 创立 此时 打 大队 大陆 担负 担任 导弹 到达 德 敌人 抵制 定位 动员 斗争 独立自主 锻炼 对策 对付 夺取 发动 翻译 丰富 封锁 风采 扶 父母 改 革命家 根据地 巩固 观看 国防 国民 国旗 国务 海军 喊 核 红军 后勤 华北 回到 回国 会场 家具 坚强 坚实 建交 交给 接 节 结成 解放军 进攻 精力 经济基础 军 军队 军事 军委 开幕式 看见 抗日 抗日战争 抗战 可贵 肯 空 空军 兰州 联络 练 灵活 留 旅 毛 民兵 命令 命名 哪个 排除 陪同 篇 平静 迫使 期间 企图 前来 前线 抢 侵略 清除 秋 全军 热潮 热心 人民军队 任命 深厚 生涯 胜利 师 失 时期 司令员 所属 谈判 条约 跳 贴 外国 往来 文选 我党 我军 无产阶级 武装 伍 袭击 消极 校园 协助 修权 学会 训练 研制 养 一级 意志 引 拥护 优 友好 原理 院校 早 早期 泽东 占领 战 战场 战斗 战斗力 战略 战术 战役 战争 张北 张家口 真理 争取 政权 之上 之一 指挥 致力 中央军委 重任 重申 主持 主观 著名 装备 卓有成效 子弟兵 自力更生 总参谋长 总政治部 作战 
---- Cluster id #25 ----
Size: 274
阿尔及利亚 阿拉伯 阿盟 阿齐兹 埃及 安理会 安南 奥尔布赖特 巴 巴格达 巴勒斯坦 巴黎 白宫 抱 报道 北部 北约 本报 避免 边境 编辑 贬值 表示 布莱尔 布鲁塞尔 场 常任 常驻 撤军 成员国 持 出国 传真 此 此间 促使 磋商 达成 打算 大规模 大国 大使 大选 大中 担心 德国 抵达 地点 电 电话 调解 东京 东南亚 动武 动用 对话 对抗 俄 俄罗斯 恶化 发布会 发言人 法国 反应 访华 访问 分歧 风暴 夫人 符 该市 干涉 感 高层 高级 各方 公报 关系 官员 国 国会 国务卿 果 海湾 荷 核查 和平 轰动 互访 华盛顿 欢迎 换 回忆 会见 会谈 会晤 伙伴 即 寄 记者 加紧 加剧 柬埔寨 见面 建造 交换 结束 解除 紧张 谨慎 经贸 局势 据说 决议 开罗 科尔 科索沃 科威特 克林顿 库克 扩 来自 离 理事国 利比亚 立场 联合国 联手 连日来 两会 琳 临近 领导人 领土 留学生 罗马 罗马尼亚 美 美国 美联社 民众 敏感 莫斯科 某种 穆巴拉克 南部 南斯拉夫 欧盟 欧洲 派出 频繁 评论 普里马科夫 期待 其琛 启动 签署 签字 前往 切尔诺梅尔金 倾向 情绪 人民日报 认为 日期 萨达姆 三角洲 商谈 身份 声明 时机 什么样 实质 使馆 是否 首脑 首相 双方 司长 艘 苏 苏联 态度 谈 谈话 特使 特委会 提问 挑选 通报 同意 突尼斯 突然 途径 土耳其 推 推迟 外长 外交 外交部 外交部长 外交大臣 外经贸部 威胁 危机 斡旋 武力 武器 西岸 希拉克 希望 细 显然 销毁 消除 协议 协作 新华社 新任 行动 叙利亚 寻求 耶路撒冷 也门 叶利钦 一致 伊 伊拉克 仪式 以 以色列 意 意大利 议长 引起 引人注目 英 英国 应邀 忧虑 犹太人 油气 有助于 愿 愿意 约旦 约旦河 越 越南 赞成 赞赏 扎实 障碍 真诚 正常化 之间 之前 制裁 中东 中亚 重返 诸如 主权 主张 祝贺 祝愿 驻 转达 转向 准备 着手 总统 总统府 最新 
