---- Cluster id #1 ----
Size: 355
阿根廷 爱尔兰 爱好者 奥委会 奥运会 百富勤 颁发 颁奖 办法 办理 保留 报警 报名 北爱 贝宁 本 本届 比分 比索 笔者 便宜 冰球 病毒 波黑 波罗的海 波音 补充 部门 采矿 采矿权 彩电 层 层层 长工 炒 乘客 出资 储量 处 传销 创业 春运 丛书 打工 大棚 大赛 大使馆 大树 大雨 歹徒 党建 岛 盗版 登记 地球 地质 典礼 店 跌 东北部 动物园 堆 多利 夺冠 厄尔尼诺 发布 罚款 繁华 范围 防伪 菲 菲律宾 封闭 风光 风情 负责 该厂 该书 该校 歌剧 歌曲 歌声 工商局 供 公告 狗不理 构成 管理 光彩 光盘 国大党 国际象棋 国务院 哈佛 海口 汉城 豪华 贺卡 洪水 湖 虎踞 华为 画家 话剧 环保局 黄淮 回收 会同 会员 火箭 获悉 击败 鸡 家长 加元 甲Ａ 甲醇 减 减免 江淮 角逐 缴纳 教练 教练员 教堂 教职工 揭晓 街 金牌 锦标赛 京剧 精美 经济林 警方 警告 剧目 捐赠 捐助 咖啡 卡 开采 勘查 勘探 科恩 科龙 科特迪瓦 渴望 克隆 快乐 款 矿产 篮球 乐团 冷空气 厘米 黎巴嫩 联赛 两地 辽宁队 领 领取 另外 卢布 妈妈 马克 马尼拉 煤 没收 每 美军 免 秒 民营 明星 鸣 名称 莫桑比克 某部 牡丹 奶奶 南昌 南极 男篮 男排 内 年度 年会 年轻人 浓郁 农科教 女工 女排 女性 欧佩克 排球 派出所 批准 啤酒 贫困户 平安 平方公里 评估 屏幕 普通话 起 企业界 气息 气象台 签订 敲 情节 球队 球员 权限 确认 热水器 热线 人民党 人民政府 日 日记 塞拉利昂 赛 赛季 商务 上学 少儿 摄氏度 社团 申请 审批 生意 师傅 失学 石油 时尚 世界纪录 室内 收到 收盘 手机 手续 受伤 书店 书法 书画 双拥 水浒传 思念 送礼 苏丹 苏哈托 速滑 太空 探矿权 特定 特困 提交 体委 天然气 添 条 铁 听众 停止 桶 投入 投诉 图 团中央 万达队 网球 网上 违反 维和 委内瑞拉 卫生部 温馨 问世 武术 舞蹈 舞剧 务工青年 西部 西非 县城 县级 限期 相声 祥和 响起 削减 小到中雨 小麦 许可证 选票 雪 巡警 雅加达 亚军 延长 延续 沿线 演习 演奏 页 一代 一等奖 医疗队 伊朗 以外 义务 音乐会 银 印度尼西亚 印尼盾 营养 邮票 予以 元首 原 圆 月球 运河 栽 暂行 责令 增至 占地 帐篷 招标 照 折 阵线 征文 证书 直升机 中国队 中国画 中科院 中小学生 钟山 主场 主管 主教练 祝福 抓获 转让 资格 资料 资源 组委会 最低 遵守 妍 
---- Cluster id #2 ----
Size: 444
啊 爱 爱护 爱心 巴黎 败 榜样 宝贵 爆发 杯 北 北风 被动 避免 表达 别人 伯伯 不顾 不可 不同 不行 才能 财富 采访 菜 参与 策划 差别 场 长 长征 超出 成立 崇高 初 初期 出来 出色 处在 传来 创建 创立 此后 此事 促 促成 错误 打开 大地 大街 大桥 大厦 带头 担任 诞辰 当 当中 党 党内 党中央 到 到达 道路 德 得知 邓 地域 第一线 典范 调 定位 丢 东西 斗争 独立自主 度 顿 夺取 恩来 儿子 发言 犯 房间 放心 飞跃 丰富 风范 奉献 否定 幅 复杂 付出 父亲 概括 赶到 感到 感动 感慨 感情 敢于 革命家 革新 工人 工人阶级 攻 公仆 共产党 共产党人 共产主义 共识 故乡 关怀 官兵 官僚主义 国民 国务 果断 和谈 红军 后 后果 话 怀着 坏 还要 还有 恢复 回答 回到 混乱 活 激情 极大 极端 记 记得 继承 家园 加以 坚定 艰难 艰辛 建国 将军 讲 交谈 教训 叫 接触 接到 接收 阶层 阶级 杰出 结婚 解放 进攻 尽 劲 精力 经济基础 经历 境界 敬爱 镜头 净化 久 救 局面 具体 俱乐部 句 卷 军队 军事 开始 抗日战争 抗战 肯定 口号 牢记 老区 老师 老一辈 离开 理论 历程 历史 历史性 联 联欢 了解 临时 领导人 领袖 留下 论断 论述 马克思 马克思主义 毛 毛泽东思想 枚 没有 每个 缅怀 面 面对 面前 民警 名字 某些 哪里 那 那么 那样 那种 南京 难得 难忘 呢 内外 内心 年代 念头 偶然 朋友 批评 批示 篇 品格 乒乓球 平凡 评价 迫使 期间 千方百计 前后 前列 前途 桥 青 倾听 清除 情 去 全党 全世界 确立 热带 人格 人们 人民军队 人群 人物 认识 日子 如此 入 三中全会 善于 少奇 身 身上 深处 深刻 深切 深情 深受 生涯 胜利 失 时 时候 时间 时刻 时期 什么 实事求是 士兵 事 事件 事情 逝世 视 说 思 死 损失 他 他们 它 她 太原 探亲 套 特殊 提醒 替代 同 同学 同志 投身 腿 退 拖 挖掘 晚 晚会 忘 危险 唯一 为什么 为首 伟大 伟人 位 慰问 文化大革命 文选 我 我们 无产阶级 无限 武装 西安 西方 牺牲 系列 细致 下来 献 献给 献身 相同 详细 想到 想象 消灭 消息 些 协助 写道 辛勤 心 心情 心血 心中 信念 休息 修养 延安 演唱 冶金 业绩 一家 一派 一起 一切 一生 遗产 移 以后 以前 以为 意外 意志 引 应该 赢得 颖超 拥护 永恒 勇气 忧 有限 雨 原理 运动 在 遭到 早 造就 泽东 怎样 占领 战斗 战术 战友 战争 站 找 这 这个 这里 这样 这种 真 真理 真情 争取 正是 政党 政治家 郑重 知道 知识分子 之 之后 之际 之一 之中 直到 指挥 只能 致力 智慧 中毒 中国 中华民族 中间 中南海 中山 忠实 种种 重申 重要性 周 主持 主动 著名 卓越 资本主义 资产阶级 自己 自力更生 总政治部 走过 左 做 作 作战 崛起 魅力 
---- Cluster id #3 ----
Size: 332
案 案件 百姓 班 颁布 办案 保健 报 暴力 暴露 爆炸 拨 拨款 不够 不足 部 财产 藏 侧面 册 查办 查获 场所 彻底 称 呈 承担 出版 处罚 传 纯收入 辞职 此前 错 达 打击 大家庭 逮捕 当地 当事人 得出 地震 递增 东部 懂 毒品 队伍 儿童 发 法案 法官 法庭 法院 犯罪 犯罪分子 方略 防震 非法 佛教 服装 妇女 该 干警 干扰 歌舞团 各类 攻击 公安 公安部 公斤 公民 公顷 公正 共有 古老 管辖 规定 归 海拔 汉 航班 航运 好处 合法 黄金 贿赂 获得 获取 基建 机关 继 家庭 加重 价 监测 监狱 检察 检察院 减灾 鉴定 件 建成 教 街道 街头 节日 结论 金额 今 禁毒 近年来 经 经典 景象 境内 纠纷 酒 救援 救灾 救助 旧 居住 举报 开通 抗议 抗震救灾 考试 科 可靠 可以 课 课题 恐怖 拉萨 来信 累计 类 冷战 理由 立案 辆 流行 律师 论 论文 落后 媒体 每年 每月 每周 秘密 民间 民事 民族 名单 那曲 男女 内地 年均 宁波 判处 判决 培训班 赔偿 贫穷 聘请 平方米 平均 瓶 破坏 期限 其他 起诉 前 抢劫 侵犯 轻 区域 取 权 权利 权益 全区 人次 人均 人均收入 人力 人民法院 人权 伤亡 商标 上级 上升 上述 上下 少数民族 涉及 涉嫌 申报 审查 审理 审判 省级 省市 使用 世 事实 是否 释放 收集 收取 首要 售 受理 受灾 书 书籍 属于 数额 说明 思卿 私人 司法 死亡 诉讼 随 所 贪污 特大 提起 通知 同一 统计 投机 头脑 图书 脱贫 外国人 网络 危害 违法 违章 为由 文字 物资 西藏 习惯 戏曲 嫌疑人 现有 县 享有 消耗 小区 校 协定 信仰 刑法 刑事 刑事诉讼法 行使 性质 姓名 修复 宣言 学术 雪灾 询问 严打 严寒 严重 研究会 演出 医疗 医生 医学 艺术团 因特网 印 应当 影片 拥有 语言 预报 预测 原始 灾害 灾民 灾情 灾区 在场 增大 增多 占有 照片 侦查 挣 整理 政 证据 证明 证实 知识产权 之下 职务 执行 指定 指责 致使 秩序 治安 中部 中级 中央政府 重建 助 状况 自由 自治 自治区 自治县 自主 宗教 宗旨 总局 总数 走私 最高 罪 罪犯 尊重 渎职 
---- Cluster id #4 ----
Size: 129
巴西 百分点 保值 报刊 本人 比例 部分 财政部 拆借 场地 持 持有 储蓄 从业 存 存款 答 大户 贷款 担 担保 到期 等级 抵押 短期 兑 兑付 兑换 对象 发放 发行 法定 法人 方便 分类 付 负债 岗 高于 工具 购买 股票 股市 挂钩 挂牌 柜台 国债 沪 回报 货币 基金 机构 计 计算 简称 降低 交易所 结算 金融 开设 考核 可 客户 理顺 理性 利率 利息 利于 例 联网 流入 买卖 满 名义 哪些 年利率 披露 凭证式 期 区别 取消 如何 商业 上市 上网 深圳 实物 收回 水准 提前 投放 投资 投资者 推销 网点 问 下调 下降 现金 现行 限额 信贷 信用 行长 需 讯 一般 以内 银行 银行业 营业部 盈余 用于 月 运作 增 债券 账户 这次 这家 证监会 证券 支付 值 准备金 准备金率 资金 自 足够 
---- Cluster id #5 ----
Size: 221
白 柏林 包 毕 边 兵 波 布赫 蔡 藏族 曹 长春 唱 朝鲜族 陈 城 程 迟 川 崔 戴 单 刀 丁 东 董 杜 范 方 费 冯 傅 刚 高 高峰 葛 龚 古 顾 关 关根 官 管 光明 光英 贵 贵州 郭 国权 哈 海 海南省 韩 何 贺 洪 红 侯 胡 虎 花 华 华夏 黄 回族 惠芬 霍 吉 季 家宝 贾 健 建华 建新 姜 蒋 杰 解 金 锦华 晋 净 居 菊 军 俊 康 克 孔 兰 乐 雷 黎 李 力 梁 亮 廖 林 临 玲 刘 柳 楼 卢 鲁 路 陆 吕 罗 马 满族 梅 蒙古族 梦 孟 苗 苗族 敏 明 名 莫 墨 南 聂 宁 牛 女 潘 平 齐 迁 钱 秦 庆林 邱 曲 全有 群 陕西省 尚 邵 申 沈 胜 施 石 史 舒 司 松 宋 孙 谭 汤 唐 涛 陶 田 土家族 万 万年 汪 王 韦 维吾尔族 伟 魏 温 文 闻 吴 武 席 夏 宪章 向 肖 谢 新人 星 熊 徐 许 薛 严 阎 杨 扬 姚 叶 彝族 易 毅 尹 英 勇 游 于 余 俞 袁 跃 云 云龙 曾 章 张 赵 浙江省 正 郑 志 钟 朱 祝 壮族 资 邹 闵 缪 
---- Cluster id #6 ----
Size: 104
爱国 吧 八一队 报纸 冰 病 参观 吃饭 传达 搭 答应 大姐 代表团 得以 对付 饭店 分钟 封 夫妇 夫妻 负责人 赶 感受 告 跟 跟着 关切 火车 记忆 家里 家属 间 见 紧 开会 看出 看看 客人 肯 联邦 了 隆重 吗 忙 民主党派 那时 凝聚力 浓 女士 牌子 气 亲 亲切 轻松 请 球 去世 让 人家 人士 荣 上班 上任 身体 声音 事实上 视为 熟悉 踢 天安门 听 听到 通 统一战线 统战 统战部 推荐 退出 外出 外地 文革 文件 喜悦 先生 显得 想 小伙子 新年伊始 信 意思 毅仁 隐患 赢 照顾 召集 正好 知 知名人士 指示 至 周年 着 总理 足球 
---- Cluster id #7 ----
Size: 138
帮 背 产值 陈旧 成 吃 楚政 传播 床 打 大雪 带领 带有 道理 登 电台 顶 冬 读书 断 恶劣 饭 房 房子 奋战 份 扶贫 父母 富 隔 根 工地 攻坚战 孤儿 挂 过年 孩子 寒风 寒冷 好事 喝 户 划 患 荒山 挤 家乡 建房 脚 结成 进 举 开阔 可观 口 扣 拉开 啦 老伴 老人 里 脸 脸上 流 龙 路子 落 卖 冒 美德 们 民兵 陌生 谋 亩 那天 年级 暖 爬 彭 贫困 评为 破 奇迹 亲人 清 穷 秋 热 肉 如同 山 山区 烧 双 水源 睡 似 躺 趟 天 填 痛苦 头 托 脱贫致富 完 碗 湘西 乡亲 新鲜 心里 血 呀 羊 养 养猪 夜 用品 逾 玉米 咱 扎 这么 镇 阵阵 只 只见 致富 中期 州 猪 住 仔细 自然 自治州 足 组 
---- Cluster id #8 ----
Size: 181
白酒 版 包装 避孕 冰箱 玻璃 材料 采用 彩色 测试 插 成分 出版物 传输 船 船舶 大型 地位 电厂 电视 电视机 电信 电子 锭 动物 独资 短 吨 多媒体 发射 防 纺织 分离 辐射 服务业 港口 高产 高档 高速 高效 工 工业 工艺 公路 管制 灌溉 光 广播 国家级 含 航天 毫米 核电站 黑 化肥 化工 基因 机械 机组 激光 级 技术 计算机 加工 检验 轿车 接 接近 节目 节水 禁止 精 景观 开发 抗 客车 控股 矿 立方米 连接 良种 林业 旅游 码头 煤炭 模拟 摩托车 年产 农 农药 配备 配套 批发 品种 普通 期货 汽车 千瓦 抢险 人工 认证 容量 沙漠 摄影 设备 设计 生产 生产线 生物 蔬菜 输 数据 数字 水电 水果 水泥 饲料 塑料 隧道 天然 铁路 通信 同步 铜 图像 脱 外商 网 卫星 系统 线 相关 小型 新型 信号 型 性能 畜 循环 压锭 养殖 药 药品 药物 野生 医药 移动 仪 仪器 以上 以下 应用 营造 用 用户 优良 优质 邮电 邮政 油田 有机 原料 允许 运输 占 珍贵 支撑 纸 致 制品 制造 制作 中方 中药 种子 主导 专利 专用 装置 咨询 综合 
---- Cluster id #9 ----
Size: 744
Ｂ 云 安定 安置 把握 摆 摆脱 办 办事 办学 邦国 帮扶 帮助 薄弱 保持 保障 保证 备忘录 本次 本领 本质 毕业生 必然 必要 标准 表率 别国 博览会 不好 不懈 不正之风 不准 步伐 部署 采取 残疾人 操作 草原 层次 查处 差 差距 产品 产权 产生 产业 阐述 长期 倡导 朝 撤销 城乡 成功 成果 成绩 成就 成为 成效 程度 惩处 承包 承受 充分 充足 初级阶段 出发 出路 出售 出台 出现 处分 处理 处于 创 创新 创造 创造性 春云 从事 促进 存在 措施 达标 达到 打破 大胆 大局 大业 大中型 带动 带来 单位 党风 党派 党政 党政机关 导向 道德 得到 邓小平理论 地 地区 电话 调动 调节 动力 动手 动摇 独立 对外 对外开放 多 遏制 儿女 发达 发达国家 发挥 发明 发生 发现 发扬 发展 发展中国家 番 翻 繁荣 反 反对 反腐倡廉 方面 方式 方向 方针 防止 防治 放 放在 非 非公有制 分裂 分流 分配 分析 分子 奋斗 风波 风气 扶持 服从 服务 腐败 副食品 负 负担 富强 富余 富裕 附 附加值 改变 改革 改善 改造 干部 纲领 高举 高新技术 搞好 搞活 格局 个 个体 各 各地 各个 各国 各级 各位 各项 各种 各族 根本 根本性 耕地 工程 工作 攻坚 公平 公务员 公有制 公约 巩固 贡献 共建 共同 构想 够 鼓励 骨干 股份合作制 股份制 关键 关心 观点 观念 贯彻 广 广大 广泛 规范 规律 轨道 贵鲜 国际 国家 国内外 国情 国外 国有 过程 过渡 过硬 海内外 海外 海信 海洋 含量 汗水 好 核心 狠抓 宏伟 弘扬 互助 化解 淮河 环节 环境 回顾 回归 会 汇率 活动 活力 活跃 基本 基础 机 机遇 机制 积极 积极性 积累 集体 集体经济 集中 集资 及时 技能 计划 计划经济 计划生育 纪检 纪录 纪律 家华 加快 加强 加深 加速 假 假冒伪劣 价值 驾驭 监察 坚持 坚持不懈 坚定不移 坚决 坚强 坚实 肩负 艰巨 艰苦奋斗 减轻 减员增效 健康 健全 健行 建立 建设 江 交接 接待 接受 阶段 结果 结合 解放思想 解决 解困 紧密 进步 进程 进行 进展 近 精简 精神 精神文明 精心 经济 经济社会 经受 经验 警惕 竞赛 竞争 纠正 九 局部 举办 举世瞩目 巨大 具备 具有 决策 军人 开创 开放 开拓 开拓进取 开展 看到 抗旱 抗灾 科技 科教兴国 科学 科学技术 克服 刻苦 客观 困难 扩大 来 来访 浪费 劳动者 劳务 理解 理想 礼品 利益 利用 立 立足 力量 力气 力争 连锁 廉洁自律 廉政 良好 良性 量 灵活 领导 领导班子 领先 领域 流失 流域 路线 旅游业 落实 麻烦 迈 迈出 迈进 迈向 蔓延 盲目 矛盾 美好 门路 密切 面临 民主 明确 明显 末 目标 那些 难关 内部 能 能够 能力 能源 年 农副产品 农民 农田 农业 努力 排放 盘活 判断 培训 配置 批 平等 评议 破产 迫切 普遍 普及 浦东 旗帜 起到 起来 启示 契机 前进 前提 前沿 潜力 强大 强调 强化 强烈 切实 青岛 倾斜 清楚 清理 清醒 情况 庆典 趋势 渠道 取得 权威 全 全会 全局 全面 全民 全球化 全心全意 确定 群众 群众性 人口 人类 人事 人数 人员 任务 认真 荣获 容易 软件 商场 上 少 奢侈浪费 社会 社会化 社会主义 社区 设置 深化 深入 审计 生产力 生产能力 生存 生活 生态 升级 省区 失误 十四大 十五大 实际 实践 实事 实现 实效 实行 实验室 使 世纪 世纪之交 事业 是 适时 适应 收成 手里 授予 受到 树立 水平 水土 水资源 顺利 思路 思想 私营 素质 缩小 所有 所有制 台阶 探索 特点 特困户 特色 提倡 提出 提高 提供 体会 体系 体现 体制 挑战 条件 铁映 统一 突出 突破 土壤 团结 推动 推进 推向 脱离 脱颖而出 妥善 拓宽 完善 完整 违规 围绕 为 为主 维护 尉 卫生 温饱 文明 稳 稳定 稳妥 问题 我国 物质 务实 吸纳 吸取 吸收 下 下跌 下决心 下去 显著 现代化 现象 相互 乡镇企业 项 向前 象征 消极 小 小康 效果 协调 新 新村 新闻 信息 信心 形成 形式 形势 行为 行政 需要 畜牧业 选择 迅猛 压 严格 严禁 严厉 严肃 研究 沿海 要 要求 要素 一定 一国两制 依靠 依赖 以来 意义 意愿 因地制宜 引导 引进 应有 影响 硬 勇于 用人 优惠 优势 优先 有 有利 有利于 有力 有所 有效 有些 有序 遇到 预防 原因 原则 员工 源头 愿望 运动员 运用 在于 造 造福 责任 责任制 泽民 增产 增强 增收 增添 赠送 扎实 扎扎实实 展开 展望 战略 召开 这些 振兴 整个 整体 整治 正气 正确 政策 政府 政治 支持 支柱 知识 知识经济 职工 职业 职业道德 职责 直接 植树 指标 指出 指导 指引 至关重要 制 制度 制约 制止 智力 质量 治 治理 中 中等 中西部 中心 重 重大 重点 重视 重要 周围 主体 主要 住房 注入 注意 注重 抓好 抓紧 抓住 专项 转 转变 转换 壮大 追究 准 准确 准则 着力 着眼 着重 自豪 自救 自觉 自觉性 自身 自我 综合国力 综合治理 总产值 总结 总体 祖国 阻碍 组成部分 组织 钻研 做到 做好 作出 作风 作为 作用 
---- Cluster id #10 ----
Size: 38
安装 被告 变为 不满 厂家 承诺 词 当做 杜绝 短短 罚 房地产 房屋 购 购物 顾客 广告 合同 花园 回家 货 家电 家中 假货 交付 竞争力 刊登 门口 商家 商品房 上门 书面 抬 天气 消费者 信誉 中介 自愿 
---- Cluster id #11 ----
Size: 61
本轮 比赛 斌 冰雪 不利 参赛 常 长野 闯 冬奥会 动作 段 对 夺得 锋 高原 股份 冠军 滑雪 缓 获胜 技巧 决赛 开幕式 可谓 空中 磊 轮 名将 名人战 男子 难度 女子 盘 棋 棋手 取胜 全场 人民日报 赛场 赛事 啥 上届 深圳市 失去 世界杯 跳 通讯 围棋 舞 显 选手 预赛 载 遭 战 战胜 丈夫 主办 子 昊 
---- Cluster id #12 ----
Size: 118
安 澳大利亚 办事处 薄 补 不幸 步入 策略 尝试 成熟 冲 筹措 筹集 筹资 春风 春耕 村庄 大队 大楼 党性 党员 党组织 敌人 底 订 东方 动员 短缺 发动 飞 飞机 飞行 盖 根据地 共产党员 股 航空 航线 合 合肥 怀念 毁 货物 机场 架 艰苦 建 借助 惊人 军民 开办 开辟 堪称 抗日 客运 空前 蓝天 累 联盟 留给 旅 旅客 率领 每人 每天 民 民航 名列 命令 拿 耐心 南方 弄 培养 票 起步 起点 签 情绪 日报 山西 山西省 渗透 食品 实体 实验 势力 首都 售票 受益 所谓 土地 外面 顽强 微笑 维持 下乡 享受 小姐 形 雄厚 选 严峻 依托 衣服 英雄 应付 踊跃 遭受 掌握 政权 郑州 支队 驻军 撰写 子文 租 租赁 
---- Cluster id #13 ----
Size: 87
查 长期以来 厂 厂长 成长 串 创汇 此案 倒 掉 分 港元 给 工厂 功 公安局 公款 过 海南 罕见 合格 滑 换 辉煌 集 急需 纪委 佳 奖金 讲述 交给 交警 借 金钱 巨额 考验 苦 来源 来自 劳动模范 老板 利税 令 漏洞 美元 年年 女儿 庞大 品牌 品质 妻子 企业家 亲属 缺 人民币 荣誉 设 身边 盛 时健 收 手中 受贿 送 算 他人 退休 外 违纪 物 下属 销 心态 烟 样子 优秀 云南 云南省 账 知名 珠海 赚 追 子女 字 总裁 褚 
---- Cluster id #14 ----
Size: 226
奥地利 澳 澳门 班子 报告 本身 闭幕 表决 参考 参政议政 草案 茶话会 常委会 常务 长官 程序 惩治 承办 充实 抽查 筹备 出访 出席 次 打假 大会 大气 代表 代表大会 代表性 待 丹麦 地方 点 调查 调研 督促 发票 法 法规 法律 法制 法治 繁重 反映 方案 防火 赴 赋予 改进 纲要 稿 各界 共计 古巴 光亚 规范化 规则 规章制度 国家机关 好评 候选人 呼吁 华清 划分 环保 换届 会议 汇报 火灾 基本法 季度 纪云 监督 检查 建议 讲话 交流 交往 解释 借鉴 锦涛 经贸委 居委会 举行 决定 开幕 看望 考察 科技界 框架 老年人 立法 力求 联系 列 列为 鲁丽 履行 率 论坛 马来西亚 每次 民工 难点 内容 内政 拟 农业部 挪威 配合 其余 起草 强有力 乔 侨胞 青海 权力 全国 全国性 全体 热点 人大 人大代表 人民 人人 人选 任命 任期 日常 日程 瑞典 瑞环 瑞士 森林 设立 审议 实施 适合 市场经济 授权 讨论 特别 提案 提名 提请 题 体育 听取 通过 拓展 外国 委托 委员会 伟长 未能 位置 污染 希望工程 宪法 香港 小组 协商 心愿 信访 兴 行政区 修订 修改 选出 选举 选民 选平 学者 研讨 研讨会 演讲 邀请 一流 依据 依然 意见 议案 议程 议会 议题 印尼 有关 有益 与会 与会者 原来 原有 酝酿 灾 增进 章程 兆国 者 征求 正当 正英 政协 职能 职权 执法 制定 制订 制度化 智利 治国 中华人民共和国 主席台 主席团 驻地 专家 专门 专题 走向 组成 遵循 做出 座谈 座谈会 孚凌 F基 
---- Cluster id #15 ----
Size: 100
爱国主义 保存 保护 表彰 博物馆 布局 部委 产业化 传统 大中城市 档案 抵御 对口 氛围 分布 风貌 妇联 感染 革命 个性 给予 工会 工作者 攻关 鼓舞 故居 观众 规划 海关 号 还 基地 激励 集装箱 记录 纪念 纪念馆 价值观 检测 建筑 揭示 京城 精品 经费 军营 科研 课堂 空白 离退休 烈士 鲁迅 论证 马列主义 免费 民政部 名人 纳入 凝聚 评选 普查 气氛 抢救 青少年 清华 热爱 散 上演 社会效益 神圣 师生 收藏 缩短 贴近 统筹 图书馆 团体 推出 维修 文化部 文物 文献 物质文明 鲜明 现状 兴办 修 勇敢 忧虑 游人 有着 娱乐 赞助 责任感 展出 展览 振奋 志愿 中宣部 庄严 最佳 
---- Cluster id #16 ----
Size: 174
Ａ 伴随 包袱 包含 包括 北大 背后 倍 比 比较 边界 变 变动 表 表面 别的 并非 不如 采购 称为 成本 初步 出去 出于 此时 大 大庆 大小 大于 代价 单纯 单一 导致 等于 电脑 动态 多元化 放弃 费用 分工 分散 分为 份额 风险 改制 改组 概念 钢铁 高低 功能 公司 股东 固定 官方 规模 国家队 邯钢 韩国 合并 合资 衡量 忽视 互补 缓慢 机会 机器 激烈 集团 集团公司 家 兼并 简单 见解 江南 交易 接轨 节省 进入 经营 举措 聚集 看来 可能 跨 宽 亏损 困境 扩张 浪潮 类型 例如 联合 连续 列入 垄断 目的 能否 纽带 排 排名 配 膨胀 偏 评 其 其它 企业 强 如 弱 塞 甚 升 失败 实力 世界 市场化 收益 手段 数量 谁 速度 淘汰 通用 同类 突破口 外部 完全 无 无法 陷入 限度 限制 销售 销售额 效率 兴起 行列 行业 幸福 迅速 言 业务 一样 营销 盈利 有的 预计 运转 杂志 造成 占据 战略性 真正 政府部门 值得 指 指明 旨在 中小企业 种 重组 周刊 周期 专业化 追求 资产 总部 总公司 总书记 组合 最后 最终 做法 
---- Cluster id #17 ----
Size: 183
ＶＣＤ 阿 阿拉法特 巴 巴基斯坦 巴勒斯坦 半岛 北约 本报 彼此 贬值 表示 不惜 布莱尔 步骤 长远 长足 潮流 撤军 乘 冲突 传真 此 此次 大臣 大会堂 大陆 大使 大厅 大中 到位 抵达 定期 东南亚 动荡 独联体 对方 对话 多极化 俄 俄罗斯 访 访问 分歧 风暴 夫人 符合 福利 感 感谢 高层 各方 各自 关系 广阔 国 海峡 好像 荷 荷兰 和平 合作 贺电 互访 互利 欢迎 回应 会见 会谈 会晤 伙伴 记者 见面 建设性 建造 交换 结 经常 经贸 竞选 据悉 看法 看好 科索沃 克林顿 扩展 乐观 两岸 两会 琳 领土 卢森堡 贸易 莫斯科 谋求 南斯拉夫 内阁 内塔尼亚胡 您 农历 欧 欧盟 鹏 期待 其琛 企图 签署 签字 前景 前夕 切尔诺梅尔金 热烈 认为 三角洲 商谈 摄 设想 时报 时机 使得 世贸 首脑 首相 双边 双方 台湾 态度 谈判 探讨 特区 提问 通货膨胀率 同胞 图片 外交大臣 外经贸部 为期 问候 乌 乌克兰 舞台 西岸 西欧 希望 相似 相信 协作 谢里夫 新华 信任 亚 亚洲 叶利钦 一体化 一致 伊斯兰 仪式 以 印度 应邀 友好 友谊 舆论 圆满 愿 约旦河 赞成 赞赏 赞同 招待会 正式 之前 指数 致以 中外 主权 主张 祝贺 祝愿 驻华 卓有成效 总统 岚清 
---- Cluster id #18 ----
Size: 217
安排 保险 北方 比重 编制 变化 补贴 不良 财力 财税 财政 菜篮子 产量 长途 超 超过 车辆 城镇 成人 呈现 持续 赤字 出口 储备 刺激 得益 低 低于 抵 第三产业 调控 调整 定价 对外贸易 防范 放开 放松 分开 丰富多彩 丰收 风 幅度 干旱 干预 高等教育 高速公路 工资 供给 供求 供应 公里 公益 固定资产 关税 国民经济 国内 国土 过度 好转 合理 宏观 缓解 黄河 回落 回升 会计 基本建设 机电 继续 加 加大 价格 监控 艰苦创业 减少 健身 降价 节 节约 结构 金融业 进出口 进口 经营者 境外 就业 居民 开发区 开支 科普 控制 快 快速 昆 拉美 劳动力 牢固 力度 粮食 零售 流通 买方 满足 弥补 扭亏 农产品 拍卖 徘徊 泡沫 培育 蓬勃 平衡 平稳 其中 欠 强劲 清洁 庆 趋 全年 确保 融资 三下乡 商品 商厦 上游 上涨 生产资料 生产总值 失业 失业率 实用 事物 势头 适当 适度 适度从紧 适用 市场 试点 收费 收购 收入 收支 输出 水稻 水利 税 税收 税务 顺差 太平洋 态势 停产 通货膨胀 通胀 同时 统计局 投产 投向 外汇 外贸 外债 外资 完成 稳中求进 物价 下岗 下滑 相反 相应 项目 消费 消费品 消化 效益 新增 需求 虚假 压力 压缩 验收 养老 抑制 因素 引发 优化 预定 预期 预算 元 原油 约束 运行 造林 增长 增长点 增长率 增幅 增加 债务 涨幅 征收 正常 政策性 政企 支出 支援 之外 重复 住宅 转移 资本金 自律 总 总额 总量 
---- Cluster id #19 ----
Size: 104
安徽 安徽省 安全 标志 不得 财务 仓库 村 村干部 村里 村民 村委会 村务公开 打电话 大事 党支部 地面 地下 电价 电力 电器 动人 发电 该县 干 干群 个人 供电 公布 公开 河北 河北省 花钱 怀疑 基层 奖励 降 交 角 京 距离 跨越 困扰 扩建 绿化 乱 满意 没 米 明白 难题 农村 农户 盼 平原 器材 前面 桥梁 求 全村 全省 全县 确实 任何 如下 上访 射击 设施 生长 施工 手术 水库 说法 损害 所在 条例 投票 推 推行 物品 喜庆 细 县里 线路 乡 乡村 乡镇 消防 小事 新建 兴建 悬挂 延伸 一把手 依旧 意识 应 鱼 这项 阵地 整顿 植物 执政 作业 
---- Cluster id #20 ----
Size: 66
把 保卫 边防 表演 步 部队 长城 称号 称赞 创办 大连 担负 诞生 导弹 奠定 锻炼 对此 发出 观看 光荣 国防 海军 海上 核 解放军 警察 具 空 空军 练 命名 年轻 齐全 庆祝 全军 热潮 认清 神 生日 实 使命 事宜 视察 试 双重 题词 透 忘记 武警 掀起 削弱 学会 训练 研制 院校 崭新 战斗力 支 中央军委 忠诚 诸 著作 装备 子弟兵 自行车 组建 
---- Cluster id #21 ----
Size: 0

---- Cluster id #22 ----
Size: 169
白色 北部 奔 变成 宾馆 不错 不见 不怕 草 产 尝 车 充满 穿 大家 大学生 带 到来 地上 度过 多少 返回 纷纷 风景 扶 覆盖 附近 高兴 搞 告别 歌舞 共和国 估计 姑娘 谷 关注 观察 过来 过去 喊 合影 后面 回去 火 火车站 季节 接见 介绍 井 开 看 看待 看见 考虑 靠 棵 颗 块 拉 来到 蓝 兰州 离 连 连队 列车 龙头 楼房 路上 绿 门前 棉花 面积 目光 牧民 那个 那里 你们 年龄 农场 农家 农垦 旁 陪同 片 飘 拼搏 葡萄 期望 前来 情景 全家 全新 热情 上来 深远 声 生机 时节 实实在在 市区 试验 手 首 数 双手 岁 岁月 太阳 特有 提 提到 天地 挑 铁道部 铁木尔・达瓦买提 停 望 围 位于 乌鲁木齐 西 西北 戏 鲜花 香 想起 响 小平 笑 辛苦 新疆 心声 兴奋 兴趣 匈牙利 选拔 阳光 一体 一行 迎 迎接 迎来 涌 幽默 犹如 油 游客 有人 誉为 远 运 栽培 摘 战士 招 这儿 这块 这时 震 争 种植 重返 株 主观 主人 走 走访 坐 
---- Cluster id #23 ----
Size: 231
Ｄ 巴金 班长 办公室 办公厅 北京 北京大学 北京市 毕业 波兰 博士 部长 财经 参加 常委 常务委员 常州 车间 车站 成都 成员 冲击 初中 出版社 出任 处长 大学 代理 当选 党委 党校 党组 地委 东北 东亚 董事长 队长 分局 福建 福建省 福州 副 干事 甘肃 港 高等 高中 工程师 工商 工商联 工业部 工作组 共青团 顾问 管理局 广东 广东省 广西 广州 国防部 国家教委 国务委员 哈尔滨 汉族 河南省 黑龙江 黑龙江省 红旗 红十字会 后勤 湖北 湖北省 湖南 湖南省 华北 华南 华侨 化学 会长 获 吉林 吉林省 计委 加拿大 加入 兼 检察长 江苏 江苏省 江西 江西省 郊区 教授 届 津 经理 救济 局 局长 剧院 军分区 科长 科委 科协 科学院 昆明 劳动 理事会 联合会 粮 辽宁 辽宁省 留学 伦敦 煤矿 秘书 秘书长 民革 民主党 名誉 男 难民 内蒙古 宁夏 纽约 农科院 迫害 其间 青年 清华大学 区 人 人事部 任 日内瓦 山东 山东省 陕西 上海 上海市 上将 社长 设有 沈阳 生 省 省长 省委 省政府 师 实业 事务 市 市长 市委 首席 受 书记 书记处 数学 水利部 四川 四川省 所长 天津 天津市 铁路局 团 团长 外事 委员 委员长 文化 武汉市 系 厦门 县长 县委 相当 校长 协会 宣传部 学位 学习 学员 学院 研究生 研究室 研究所 研究员 研究院 业余 议员 游泳 有限公司 友协 院 院长 院士 哲学 浙江 政法 政委 政治部 政治局 职 志愿者 中队 中共 中共中央 中华 中文 中学 中央 中央委员 中医 中医药 主编 主任 主任委员 主席 助理 住院 专业 资助 总队 总工会 总会 总经理 组长 组织部 
---- Cluster id #24 ----
Size: 96
办公 编者按 不便 拆 长江 城区 城市 出租车 春 打下 得 地理 雕塑 懂得 都市 风格 该市 更新 公共 公园 公众 古典 光辉 广场 杭州 和谐 环 机关干部 交通 经济学 捐 捐款 竣工 开工 空间 空气 库区 垃圾 老百姓 类似 媒介 美术 面貌 民心 哪个 内涵 贫困县 品位 铺 气象 前所未有 全市 缺乏 人文 人心 任职 三峡 丧失 商店 市民 市政府 市中心 随意 投 挖 外来 屋 吸引 希腊 喜爱 下功夫 县政府 相比 小时 欣赏 心灵 形象 修建 遗憾 移民 艺术家 印象 营业 优美 有待 运营 之内 直辖市 值班 指挥部 重庆 重庆市 主 主题 装 座 
---- Cluster id #25 ----
Size: 61
长沙 承认 大藏省 当局 倒闭 地处 东京 队 队员 非洲 分行 该行 歌 关闭 官员 国防部长 国会 国民党 华人 画 机动车 监管 建交 经过 剧团 开业 联手 民众 幕 南非 怕 频繁 前线 桥本 全球 认定 日元 伤 事故 属 司机 厅 停车 同样 外交部长 为何 文艺 武汉 现场 现任 新加坡 行人 徐州 演 遇 债权 真相 职员 直至 注册 撞 
---- Cluster id #26 ----
Size: 47
本地 表明 持久 窗口 存量 典型 定 对待 发掘 方法 高尚 个别 功夫 公认 激发 济南 节奏 经济效益 流动 门 模范 墙 缺少 入手 生命力 示范 事迹 树 特征 推广 系统工程 先进 效应 兄弟 宣传 学 寻找 涌现 优 原材料 载体 增值 找到 针对性 抓 转化 资本 
---- Cluster id #27 ----
Size: 190
阿尔及利亚 阿拉伯 阿盟 阿齐兹 埃及 安理会 安南 奥尔布赖特 巴格达 白宫 抱 报道 比利时 边境 编辑 布鲁塞尔 常任 常驻 倡议 传递 吹 此间 促使 磋商 达成 打算 大规模 大国 担心 德国 等待 地点 电 调解 动武 动用 对抗 对立 恶化 发表 发布会 发言人 法国 反应 访华 否认 符 干涉 高级 公报 国务卿 果 海湾 核查 轰动 华盛顿 回忆 即 加紧 加剧 柬埔寨 焦点 结束 解除 紧急 紧张 谨慎 局势 拒绝 据说 决议 开罗 科尔 科威特 库克 扩 理事国 利 利比亚 立场 联合国 连日来 临近 另 罗马 罗马尼亚 美 美国 美联社 蒙古 敏感 模式 某种 穆巴拉克 南部 欧洲 排除 派出 评论 普里马科夫 启动 前往 谴责 倾向 取代 日期 萨达姆 上空 身份 声明 什么样 实质 使馆 守 司长 艘 苏 苏联 谈 谈话 特使 特委会 挑选 通报 同意 突尼斯 突然 途径 土 土耳其 推迟 外长 外交 外交部 威胁 危机 维也纳 斡旋 武力 武器 西班牙 希拉克 显然 销毁 消除 协议 新华社 新任 行 行动 叙利亚 寻求 眼睛 耶路撒冷 也门 伊 伊拉克 以色列 意大利 议长 议论 引起 引人注目 英国 犹太人 油气 有助于 愿意 约旦 越 越南 障碍 珍惜 真诚 真实 争夺 正常化 之间 制裁 中东 中亚 诸如 驻 转达 转向 状态 准备 着手 总统府 最新 
---- Cluster id #28 ----
Size: 203
背景 比如 笔 弊端 编 编者 变革 表现 播出 波恩 不知 灿烂 差异 产销 场面 超越 沉重 出 出生 传媒 创作 大海 大门 大师 大众 档次 导演 道 灯 等 电视剧 电视台 电影 动 独特 读 读者 端 对手 多样化 反响 富有 改编 赶来 感觉 感人 敢 钢琴 沟通 故事 国产 国企 汉年 河 后人 后者 呼唤 画面 话题 怀 回 获奖 激动 寄 奖 讲究 角度 角色 截至 姐妹 精彩 觉得 刊物 可能性 可喜 来临 栏目 老虎 冷 理 礼貌 历时 利润 灵魂 买 美丽 描绘 描写 名牌 命运 墨西哥 某 哪 南北 难 难免 闹 内在 你 拍 拍摄 牌 跑 捧 漂亮 期刊 气候 气温 青春 清晰 情感 圈 全方位 群体 热闹 人间 人生 认可 融合 散文 色彩 商 上面 社 深 深度 深感 审美 生动 剩下 诗 诗歌 诗人 时代 世人 视野 试图 收获 水 说话 思考 思维 塑造 它们 台 掏 题材 天空 天下 听说 停留 同事 同行 童 玩 文学 文章 喜 喜欢 洗 戏剧 显示 现实 现实主义 线索 想法 像 小说 写 写作 新闻界 新兴 心理 性格 严谨 眼 演员 爷爷 也 艺术 艺术品 音乐 影视 右 诱惑 阅读 再现 怎么 展 展示 展现 战线 这部 志成 珠江 主持人 专栏 姿态 尊严 作家 作品 作者 帷幕 
---- Cluster id #29 ----
Size: 119
搬 保 本国 编写 草地 朝鲜 成员国 出国 此举 大道 大选 代 待遇 到底 抵制 东盟 对策 夺 发起 翻译 封锁 风采 改 岗位 高潮 高度 高考 高校 国旗 国王 汉语 号召 浩田 红色 呼声 回国 回来 会场 基金会 家具 教材 教师 教学 教育 决心 军区 军委 科教 科学家 可贵 课程 拉那烈 来华 老 里面 联络 领导者 领会 留 留学生 曼谷 面向 母亲 派 平静 抢 侵略 请求 取决于 热心 人才 日本 融入 上去 少年 设计师 深厚 石家庄 司令员 所属 踏 泰国 题写 条约 贴 往来 我党 我军 伍 西南 袭击 席位 响应 小学 校园 修权 宣布 学科 学生 学校 眼光 一级 意 意味着 迎春 愉快 援助 早期 战场 战役 张北 张家口 掌声 招生 政局 之上 中小学 重任 总参谋长 
---- Cluster id #30 ----
Size: 30
拜年 遍 病人 服务队 告诉 河南 欢乐 患者 汇 急 疾病 佳节 家人 饺子 绿色 南宁 南宁市 上岗 生命 送给 她们 通道 透露 温暖 细胞 新风 医院 赞扬 治疗 周边 
