---- Cluster id #1 ----
Size: 0

---- Cluster id #2 ----
Size: 338
阿根廷 爱尔兰 爱好者 安徽省 百富勤 颁奖 办公室 办事处 北爱 北京大学 北京市 本轮 比分 比索 毕业 便宜 病毒 波黑 波罗的海 波音 博士 部长 财经 常委 常务委员 厂 厂长 成都 成员 冲击 出版社 出任 处长 传销 大树 大学 大雨 代理 党建 党委 党组 岛 盗版 地委 雕塑 东北 东北部 东亚 董事长 动物园 堆 队长 队员 多利 发起 菲 风光 福建 福建省 副 该厂 该县 该校 干事 感人 高等 高中 歌曲 歌声 工商 工业部 工作组 公安局 共青团 顾问 管理局 广东省 广西 国际象棋 哈尔滨 哈佛 海南省 汉年 汉族 航天 豪华 河南省 贺卡 黑龙江 黑龙江省 洪水 红色 红十字会 后勤 湖 湖北 湖北省 湖南 湖南省 虎踞 华南 华为 画 画家 化工 化学 环保局 患者 黄淮 会长 火箭 获 获悉 机动车 鸡 吉林 吉林省 计委 加入 加元 甲Ａ 甲醇 检察长 江淮 江苏省 江西 江西省 郊区 饺子 教练员 教授 教堂 教职工 京剧 精美 经济林 经理 警方 救济 局 局长 剧目 剧团 捐助 军分区 咖啡 科长 科教 科委 科协 科学院 渴望 克隆 快乐 拉那烈 栏目 篮球 冷空气 黎巴嫩 理事会 联合会 粮 两地 辽宁 辽宁队 辽宁省 留学 卢布 伦敦 马克 马尼拉 煤矿 美军 秘书 民革 鸣 名人战 名誉 莫斯科 某部 牡丹 奶奶 南极 南宁市 男 男篮 男排 难民 浓郁 农科教 女工 女排 女性 欧佩克 啤酒 贫困户 平安 屏幕 普通话 其间 棋手 气象台 汽车 青海 球员 取胜 热水器 热线 人事部 任 认可 日记 日内瓦 塞拉利昂 赛季 啥 山东省 山西 山西省 陕西 商家 上海 上海市 上学 沈阳 生 生意 省 省长 省委 失学 实业 事务 市 市长 市委 手机 首席 书店 书法 书画 书记 书记处 数学 双拥 水利部 水浒传 思念 四川 四川省 送礼 苏丹 苏哈托 所长 太空 特困 天津 听众 团长 万达队 网球 网上 围棋 维和 问世 武术 舞蹈 舞剧 务工青年 西非 西南 厦门 现实主义 县委 相当 相声 祥和 小到中雨 校长 协会 行人 宣传部 学位 学院 雅加达 研究生 研究室 研究所 研究员 演习 业余 一等奖 医院 艺术团 议员 因特网 印尼盾 应用 邮票 院 院长 院士 月球 云南省 运动 运河 占地 哲学 浙江 征文 政法 政委 职 中国画 中华 中科院 中文 中小学生 中学 中央委员 中医 中医药 钟山 州 主编 主场 主教练 主任 主任委员 主席 助理 总队 总工会 总会 总经理 组长 组织部 昊 
---- Cluster id #3 ----
Size: 78
奥委会 奥运会 澳大利亚 本届 比赛 冰球 冰雪 参赛 场面 长野 超出 成绩 出色 打破 大赛 登 跌 冬奥会 度 夺 夺得 夺冠 分 冠军 贺电 滑 滑雪 获得 击败 加拿大 角逐 教练 金牌 锦标赛 决赛 看好 另外 枚 米 秒 明星 名将 名列 男女 男子 女子 破 强劲 轻松 全场 赛 赛场 赛事 上届 射击 世界杯 世界纪录 室内 速滑 天气 跳 铜 乌克兰 匈牙利 选手 雪 亚军 页 银 游泳 预赛 运动员 摘 照 中国队 撞 组委会 妍 
---- Cluster id #4 ----
Size: 137
爱国 安徽 澳 巴金 办公厅 北京 闭幕 波兰 参加 参政议政 茶话会 常州 车间 承办 出席 打假 代表性 当选 党校 调研 对外 防火 分局 赴 负责人 甘肃 纲要 港 稿 工程师 工商联 共产党 古巴 光亚 广东 国防部 国家级 国权 国务委员 杭州 红旗 华清 环 会议 机械 兼 建议 届 锦涛 举行 开幕 看望 抗议 鲁丽 率 马来西亚 秘书长 民主党 南宁 内蒙古 宁夏 迫害 强有力 乔 侨胞 清华大学 区 全国 全体 人 人民日报 日程 瑞典 瑞环 瑞士 森林 山东 商 上将 社 省政府 师 受 讨论 特征 提案 题 天津市 铁路局 团 外事 委员 委员长 委员会 伟长 文化 希腊 希望工程 系 系统工程 掀起 小组 协商 新加坡 选平 学习 学校 学员 研究院 研讨 演 演讲 议题 迎春 友协 与会 与会者 章程 兆国 正英 政协 政治部 政治局 智利 中队 中共 中共中央 中国 中央 住院 驻地 专栏 专业 组 座谈 孚凌 F基 
---- Cluster id #5 ----
Size: 105
巴西 百分点 比较 比例 贬值 部分 差 拆 拆借 长期以来 筹资 储蓄 此举 存 存款 贷款 担 担保 等级 低于 抵押 动荡 短期 兑 兑换 发放 法案 法定 法人 菲律宾 分类 幅度 负债 该书 高于 工具 挂钩 合并 话剧 汇率 货币 机构 家长 降低 角 接近 结算 金融 金融业 考核 客户 来源 类似 理顺 利率 利于 例 流入 名义 墨 墨西哥 取消 人民币 商品房 商业 时尚 使得 市场化 收 收回 收盘 泰国 投放 外债 下调 下降 现金 现行 限额 削减 新村 信贷 信用 行长 寻找 一般 以内 意味着 银行 银行业 印度尼西亚 盈余 用于 有利于 月 增 这次 这家 政策性 支付 值 住房 准备金 准备金率 资金 
---- Cluster id #6 ----
Size: 96
办公 帮扶 博物馆 不便 差距 出租车 打工 打下 大选 都市 杜绝 繁华 更新 公园 购物 广场 国大党 欢乐 还 汇 获胜 交给 交通 街 京城 竞选 捐款 空气 库区 拉开 老百姓 利税 领先 门 民心 民营 难题 凝聚 片 贫困县 齐全 起步 企业界 气象 前所未有 全市 人均收入 人民党 人文 人心 任职 三峡 商店 上下 上游 生机 失 使命 市民 市政府 市中心 输出 思路 隧道 投诉 脱贫 外国人 位于 吸引 席位 喜悦 显 心态 兴趣 形象 修建 选票 移民 印度 忧虑 游人 云龙 载体 展 阵线 之内 直辖市 值班 指挥部 指数 中外 中心 重庆 重庆市 主 主持人 
---- Cluster id #7 ----
Size: 84
弊端 插 传播 创作 丛书 大道 懂 独特 读 读者 封闭 服务队 歌 个性 古典 挂牌 汉语 好像 获奖 集 家电 建 奖 揭晓 聚集 据悉 捐 捐赠 科普 临 鲁迅 内在 农家 批评 篇 品位 评选 桥 桥梁 青年 缺乏 热潮 三下乡 散文 社长 审美 失去 诗 诗歌 诗人 时代 实验 实用 视野 书 思 团中央 屋 喜爱 下乡 现场 响应 欣赏 心理 心声 修养 严谨 言 养殖 样子 依托 营养 优秀 右 誉为 赠送 崭新 这块 之 志愿者 专家 咨询 作品 作者 
---- Cluster id #8 ----
Size: 113
吧 八一队 冰 病 层层 尝 吃饭 传达 词 搭 答应 大姐 带 代表团 到底 店 对付 饭店 分钟 封 夫妇 夫妻 赶 告 跟 跟着 狗不理 顾客 挂 关切 过去 过硬 海信 好转 呼唤 缓 记忆 家里 家属 家中 见 竞赛 开会 看看 客人 肯 啦 老板 理解 理性 联邦 领导者 吗 忙 门口 门前 民主党派 那时 凝聚力 浓 前来 青岛 请 庆祝 球 全家 人家 日报 荣 沙漠 上班 深 声音 师傅 视为 手 谁 他们 踢 天安门 统战 统战部 推荐 外出 为何 文革 想 想起 小伙子 新年伊始 心 信 意思 毅仁 赢 硬 用人 员工 在 在于 照顾 召集 这儿 真 正好 知名人士 致 治疗 周年 着 自律 总理 足球 
---- Cluster id #9 ----
Size: 75
安置 差别 沉重 船 创汇 档次 到来 锭 动作 恶化 纺织 非 分布 分流 付出 工业 攻坚战 国企 国有 过度 含量 河南 机器 技能 济南 截至 解困 经贸委 竞争力 净 举措 困境 离退休 理 良性 龙头 路子 落后 难得 难关 能否 庞大 其它 启动 契机 抢 敲 缺少 生产能力 升级 时机 淘汰 通 同步 突破口 退出 退休 外部 武汉 武汉市 陷入 消耗 小型 压 压锭 压缩 沿海 移 永恒 有机 扎实 展开 重组 抓住 壮大 
---- Cluster id #10 ----
Size: 154
颁发 办法 办理 保留 本 补充 不得 部门 材料 采矿 采矿权 层 承诺 出资 处 处罚 此案 逮捕 登记 地球 地下 电力 调查 定价 发布 罚款 范围 费用 干预 港元 功 供 公安 公安部 公告 构成 关闭 管理 管辖 规定 国务院 会同 机关 价值 检察院 减 减免 鉴定 缴纳 禁止 经营者 警告 居住 拒绝 具体 开采 勘查 可以 款 矿产 理由 领取 律师 煤 没收 秘密 免 名称 名单 内 年度 批准 聘请 平方公里 评估 期限 妻子 其他 起 器材 前 情节 取 权 权限 确定 确认 认定 日 上述 申请 审批 省级 施工 时健 事实 是否 适用 收到 收集 收取 手续 属于 说明 随 他人 探矿权 特定 提交 天然气 条 铁 停止 通知 同意 图 外 违反 文件 嫌疑人 限期 线路 销毁 消防 刑事诉讼法 姓名 许可证 询问 烟 延长 延续 以下 义务 应当 予以 原 暂行 责令 章 招标 照片 侦查 证据 证明 证书 指 主管 转让 资格 资料 资源 最低 作业 褚 
---- Cluster id #11 ----
Size: 133
把 帮 报 奔 彩电 产值 陈旧 称 楚政 床 大雪 带有 地上 地震 顶 冬 读书 断 饭 房 房屋 防震 奋战 份 扶 扶贫 父母 负责 富 赶到 隔 根 工程 孤儿 孩子 寒冷 好事 核 核电站 划 患 荒山 火灾 挤 家乡 监测 检测 减灾 建房 脚 紧急 进 救灾 救助 开阔 抗震救灾 扣 老伴 老人 里 绿色 落 冒 民 民兵 陌生 年级 暖 爬 彭 气 抢险 亲人 清 秋 人民政府 人生 如同 丧失 伤亡 烧 少儿 设计 时节 受伤 双 水 水库 水源 似 趟 填 痛苦 托 脱贫致富 碗 物品 物资 县级 湘西 乡亲 新建 血 呀 羊 养 养猪 医疗队 以上 预报 预测 灾害 灾民 灾情 灾区 造成 张北 张家口 帐篷 折 这么 镇 阵阵 支队 直升机 只见 重建 仔细 子弟兵 自救 自治州 走访 足 
---- Cluster id #12 ----
Size: 223
奥地利 班 保健 报刊 倍 表演 拨 拨款 不懈 不足 部 彩色 灿烂 藏 侧面 册 场所 彻底 承担 初中 出版 处于 穿 传 传输 纯收入 此前 达 大家庭 大小 丹麦 当地 倒 得出 等 地 地理 电视机 电视台 队 儿童 发射 返回 佛教 辐射 妇女 歌舞 歌舞团 攻击 公民 公顷 共有 购 估计 古老 固定 归 罕见 汉 好评 合 河 户 黄金 基建 级 继 家庭 价 监狱 建成 奖励 交付 教 街道 街头 阶层 节日 结论 今 近年来 经 经典 景象 境内 旧 举办 卷 竣工 开办 刊物 科 可观 课题 拉萨 累计 辆 列为 流行 论 论文 媒体 每 每月 每周 美术 免费 面积 民间 内地 年代 年均 农户 盘 判断 贫穷 平方米 平均 瓶 期望 签 权利 全国性 全区 人均 人口 人力 人权 人士 设有 生长 省市 使用 世 世人 首要 受灾 书籍 数 私人 死亡 岁 所 台 特大 特殊 天然 通讯 同一 统计 图书 网络 慰问 卫生 卫星 文艺 文字 西藏 习惯 戏曲 鲜明 现有 县 县长 香 乡 享受 享有 消费 消灭 小学 校 信仰 兴建 修复 畜 悬挂 学 学生 学术 雪灾 严寒 医疗 医学 医药 遗产 以来 议论 印 影片 拥有 优惠 语言 原始 遭受 占 占有 招生 整理 政 证实 支援 中部 中期 中小学 中央政府 主人 著作 转 撰写 状况 资助 自然 自行车 自由 自治区 自主 字 宗教 总数 罪犯 尊重 座 
---- Cluster id #13 ----
Size: 373
安全 安装 把握 百姓 颁布 办案 办事 薄弱 保障 保证 报告 爆炸 本领 本质 变革 标志 标准 表率 表彰 宾馆 不够 不正之风 不准 部署 查办 查处 查获 阐述 长期 成效 惩处 初级阶段 出发 出台 处分 处理 窗口 存在 措施 错 打击 大局 单位 党 党风 党性 党员 党政 党政机关 得以 邓小平理论 典型 电话 电台 斗争 毒品 队伍 对策 遏制 发挥 发掘 发票 发生 发扬 罚 法制 繁重 反 反腐倡廉 反映 犯罪 方法 方略 方针 防止 放在 分析 分子 奋斗 风气 服从 腐败 负 干部 干警 纲领 高度 高举 个别 个人 各 各个 各级 各类 各项 各种 工作 公共 公款 共产党员 共产主义 够 观点 贯彻 广大 规范化 国家 过程 过渡 号召 核心 狠抓 宏伟 弘扬 环节 贿赂 会计 活动 活跃 获取 基本 机 机关干部 集体 集资 及时 纪检 纪律 纪委 加强 监察 监督 坚持 坚持不懈 坚决 坚强 肩负 艰巨 艰苦奋斗 检察 健全 健行 建设 建新 奖金 接待 接受 结合 解释 紧密 进行 禁毒 精神 纠正 举报 决策 开辟 开创 开展 考察 考验 克服 课 跨越 来 浪费 牢记 礼品 利益 立 立案 力气 廉洁自律 廉政 领导 领导班子 领会 流失 漏洞 路线 履行 落实 迈向 蔓延 密切 民主 模范 内容 排除 判决 培训 培训班 配备 配合 评议 破坏 普遍 旗帜 起来 起诉 前进 强调 强化 强烈 抢劫 切实 侵犯 轻 清理 清醒 情况 庆典 全会 全局 全面 全心全意 群众 人事 人员 任务 认真 容易 入手 上 上级 奢侈浪费 涉嫌 社会主义 设 深入 审查 审计 渗透 十五大 实际 实事求是 世纪 事迹 释放 收费 受贿 受理 属 树立 顺利 思卿 思想 司法 贪污 特点 特色 提出 提供 体会 突出 土壤 团结 危害 违法 违纪 围绕 维护 位置 尉 文明 问题 现代化 现象 线索 项 象征 削弱 效果 协调 刑事 形势 行为 行政 性质 需要 宣传 严格 严禁 严厉 严肃 严重 研讨会 要 要求 一级 一体 以外 意见 有关 有力 有些 有序 遇到 预防 原则 源头 运用 载 责任 责任制 扎扎实实 战斗力 掌握 召开 针对性 整顿 整体 正气 正确 职能 职务 职业道德 职责 直接 执法 执行 指出 指导 至关重要 制度 制约 制止 秩序 治 治安 治国 治理 中 重大 重视 重要 重要性 周围 主动 主题 注重 抓 抓好 抓紧 专题 专项 追究 准确 准则 着重 资本主义 姿态 子文 自 自觉 自觉性 自身 自我 综合治理 总结 走私 组织 钻研 最高 罪 遵守 做到 做好 作出 作风 作为 作用 渎职 
---- Cluster id #14 ----
Size: 86
包装 尝试 长沙 称号 筹集 存量 大队 大连 大楼 大厦 等待 地面 丢 东方 短缺 飞 飞机 飞行 纷纷 风情 服务 福州 股份 汉城 航班 航空 航线 合肥 货物 机场 假货 架 景观 居 开通 空 空前 昆明 扩建 蓝天 联盟 临近 旅游 每人 美好 民航 南方 起点 前列 缺 热带 人次 荣获 山区 商场 商厦 上空 上门 实体 事故 市区 首都 授予 睡 太原 特区 天地 外面 微笑 温馨 小姐 写道 形 选 意外 用户 优美 游客 有限公司 云南 运 运营 郑州 总局 租 租赁 
---- Cluster id #15 ----
Size: 157
Ａ Ｄ 巴基斯坦 半岛 背景 贝宁 本报 比 比利时 彼此 表示 布莱尔 布鲁塞尔 差异 乘 传真 此 此次 大臣 大会堂 大使 大使馆 大中 抵 抵达 定期 东南亚 对话 多极化 访 访华 访问 非洲 风暴 夫人 富有 附 感 感到 感谢 高层 高兴 各方 国 国旗 国务 海关 荷 荷兰 合资 合作 互访 互利 欢迎 会见 会谈 会晤 伙伴 记者 见面 建交 建设性 建造 交换 介绍 经常 经贸 经受 俱乐部 看法 科索沃 科特迪瓦 来访 来华 冷战 琳 留学生 卢森堡 满意 曼谷 贸易 莫 莫桑比克 南斯拉夫 年会 欧 欧盟 陪同 鹏 频繁 期待 其琛 企业家 签署 签字 潜力 切尔诺梅尔金 热烈 摄 世贸 首相 书面 双边 双方 谈 探讨 体委 图片 外交部 外交部长 外交大臣 外经贸部 为期 卫生部 问候 西班牙 西欧 相互 相似 相信 向前 协作 谢里夫 新华 亚 亚洲 也 也门 一行 仪式 意 意大利 应 应邀 迎接 有着 友好 友谊 元首 援助 圆满 愿 愿意 赞成 赞赏 增进 真诚 正式 植物 中方 祝贺 祝愿 驻 驻华 转达 卓有成效 岚清 
---- Cluster id #16 ----
Size: 185
案 案件 败 搬 保 保卫 暴力 爆发 部队 财产 参与 仓库 草地 策划 策略 长征 朝鲜 呈 持久 传来 创建 打 担负 当事人 导弹 到达 德 敌人 抵制 递增 电信 奠定 动摇 动员 独立自主 多样化 夺取 发动 法官 法庭 法院 翻译 犯罪分子 房地产 封锁 风采 改 干扰 岗位 根据地 公正 国防 海军 海上 合法 合同 红军 回国 会场 家具 加重 驾驭 件 接收 解除 解放军 金额 进攻 经济基础 纠纷 军 军队 军事 军委 开幕式 看见 抗日 抗日战争 抗战 考试 可贵 可靠 空军 来信 兰州 劳动 类 类型 旅 迈 每年 民事 命令 命名 哪个 宁波 农药 判处 赔偿 平静 迫使 期间 签订 前线 趋势 权益 全军 热心 人民法院 人民军队 认清 如下 上升 少年 涉及 深厚 审理 审判 生日 生涯 胜利 时期 实 售 数额 税务 司令员 诉讼 随意 损害 所属 提起 条约 头脑 透 忘记 文选 文章 我党 我军 无产阶级 武警 武装 伍 小区 协定 协助 兴奋 修权 训练 严打 研制 引 优良 原理 院校 早期 增大 增多 占领 战 战场 战斗 战术 战役 战争 政权 支 知识产权 之下 指挥 指引 致力 制 中级 中央军委 重任 专利 子女 自力更生 宗旨 总参谋长 总政治部 尊严 作战 
---- Cluster id #17 ----
Size: 109
班长 抱 报警 北 北方 笔者 变成 不怕 长途 车 车站 乘客 冲 串 春运 大学生 歹徒 刀 得 电脑 东 短短 厄尔尼诺 发出 锋 赶来 高峰 供电 姑娘 广州 过年 喊 回家 活 火车站 货 季节 计算机 记 纪录 交警 姐妹 金钱 具 军人 开 刻苦 垃圾 雷 连队 脸 脸上 列 临时 玲 旅客 妈妈 麻烦 美丽 民工 民警 母亲 幕 拿 南昌 牌子 派出所 批发 飘 评为 棋 起到 气息 青春 清除 邱 荣誉 塞 上岗 上演 神 售票 司机 送 她们 太阳 探亲 掏 天 挑选 铁道部 铁路 停 停车 围 鲜花 现任 徐州 巡警 夜 英雄 涌 雨 运输 再现 赞扬 增收 增至 站 
---- Cluster id #18 ----
Size: 200
阿尔及利亚 阿拉伯 阿盟 阿齐兹 埃及 安理会 安南 奥尔布赖特 巴格达 巴黎 白宫 摆脱 报道 报名 北部 北约 背后 避免 边境 编辑 不见 不如 常任 常驻 倡议 成员国 吹 此间 促使 磋商 达成 打算 大规模 大国 担心 德国 地点 电 调解 订 动武 动用 对方 对抗 对立 俄 俄罗斯 发布会 法国 反对 反应 分歧 否认 符 高级 公报 关注 国防部长 国务卿 果 海湾 核查 黑 互助 花园 华盛顿 回忆 即 加紧 柬埔寨 焦点 结成 结束 紧张 谨慎 救援 局势 据说 决议 开罗 考虑 科恩 科尔 科威特 库克 扩 理事国 利比亚 立场 联合国 连日来 另 轮 罗马 罗马尼亚 美 美国 美联社 蒙古 民族 敏感 某种 穆巴拉克 南部 南非 欧洲 派出 普里马科夫 前往 谴责 欠 强大 侵略 倾向 情绪 区域 任何 认为 日期 融合 萨达姆 少数民族 身份 声明 什么样 食品 实质 使馆 试图 守 司长 艘 苏 苏联 它 态度 谈话 特使 特委会 通报 同样 桶 透露 突尼斯 途径 土耳其 推迟 外长 外交 威胁 危机 为首 斡旋 武力 武器 希拉克 袭击 显然 显示 消除 协议 新华社 新任 行 行动 叙利亚 叶利钦 一致 伊 伊拉克 伊朗 伊斯兰 议长 引起 引人注目 英国 踊跃 有助于 舆论 约旦 越 越南 障碍 争夺 正常化 之间 之前 之外 制裁 中东 中亚 诸如 转向 准备 着手 自治 自治县 总统 总统府 最新 
---- Cluster id #19 ----
Size: 142
澳门 表决 参考 草案 常委会 常务 长官 成分 程序 惩治 充实 筹备 出访 大胆 大会 大气 代表 代表大会 待 待遇 地方 定 动物 督促 对待 法 法规 法律 法治 方案 方面 放 符合 赋予 改进 干涉 共计 规范 规则 规章制度 国家机关 国情 国外 候选人 划分 换届 汇报 基本法 季度 纪云 检查 交 交往 借鉴 居委会 决定 框架 老年人 立法 立足 力求 联系 林业 论坛 每次 难点 难度 内政 拟 期货 其余 起草 权力 权威 热点 人大 人大代表 人民 人人 人选 任命 任期 日常 设立 审议 实践 实施 实效 适合 市场经济 授权 特别 提名 提请 条例 听取 通过 外国 委托 宪法 香港 消费者 信访 兴 刑法 行使 行政区 修订 修改 宣言 选出 选举 选民 学者 邀请 依据 议案 议程 议会 印尼 勇于 有益 原来 原有 灾 者 这些 征求 征收 正当 职权 制定 制订 制度化 中华人民共和国 诸 主办 主席台 主席团 专门 组成 遵循 
---- Cluster id #20 ----
Size: 465
啊 爱 爱护 爱心 榜样 宝贵 杯 北风 被动 编写 表达 表现 别的 别人 播出 伯伯 不错 不顾 不可 不同 不行 才能 财富 采访 场 长 超越 成立 吃 充满 崇高 初 初期 出 出国 出来 处在 创立 此后 此事 次 促成 村庄 错误 打开 大地 大海 大家 大街 大桥 代 担任 诞辰 当 当做 党内 党中央 到 道理 道路 得知 邓 地域 第一线 典范 掉 调 定位 东西 懂得 度过 端 顿 多少 恩来 儿子 番 犯 房间 房子 放心 飞跃 丰富 风范 奉献 否定 幅 复杂 父亲 富强 概括 感慨 感情 感受 敢于 高考 高尚 搞 告别 革命家 工人 工人阶级 公仆 贡献 共产党人 共和国 共识 故乡 关怀 关心 官僚主义 观察 观看 国民党 国王 果断 过 过来 和谐 合影 后 后果 话 怀 怀念 怀着 坏 还要 还有 恢复 回 回答 回到 回顾 回来 回去 会 基金会 激动 极大 极端 记得 继承 坚定 艰难 建国 将军 讲 讲究 交谈 教材 教师 叫 接触 接到 接见 阶级 杰出 结婚 解放 尽 经历 井 境界 敬爱 镜头 净化 久 救 局面 巨大 句 开始 看 棵 颗 科学家 肯定 口号 苦 来到 劳动模范 老师 老一辈 离 离开 理论 里面 历程 历史 历史性 联 联欢 了 了解 领导人 领袖 令 留 留给 留下 流 隆重 楼房 路上 率领 论述 马克思 马克思主义 买 毛 毛泽东思想 没有 每个 美德 缅怀 面 面对 面前 名字 命运 某些 目光 牧民 哪 哪里 那 那里 那么 那样 那种 耐心 南京 难忘 呢 内外 内心 你 你们 念头 您 农垦 女儿 女士 偶然 拍 朋友 批示 拼搏 品格 乒乓球 平凡 评价 葡萄 普通 千方百计 前后 前途 前夕 亲切 亲属 青 倾听 清楚 清华 情 情景 请求 去 去世 全党 全世界 确立 让 人格 人们 人群 人物 认识 日子 融入 入 三中全会 善于 上来 少奇 身 身边 身上 身体 深处 深刻 深情 深受 失误 十四大 时 时候 时间 时刻 什么 事 事情 逝世 是 视察 双手 说 说话 思考 死 岁月 所在 他 提倡 体现 替代 天空 听 听到 听说 同 同志 统一战线 投身 突然 退 脱 脱离 挖掘 晚 晚会 望 忘 危险 唯一 为什么 伟大 伟人 位 文化大革命 我 我们 乌鲁木齐 无限 西安 西北 牺牲 系列 戏 细致 下 下来 下去 先生 献 相同 详细 想到 想法 想象 消息 小平 笑 些 新疆 心里 心情 心血 心中 信念 性格 休息 宣布 选拔 延安 眼 眼光 眼睛 演唱 阳光 冶金 业绩 一家 一派 一起 一切 一生 以后 以前 以为 意义 印象 应该 迎 迎来 赢得 颖超 拥护 勇气 幽默 忧 犹如 有人 愉快 运转 在场 遭到 早 造就 泽东 怎么 怎样 战线 战友 丈夫 招 找 这 这部 这个 这里 这样 这种 真情 真实 震 争取 正是 政党 政治家 知道 知识分子 之后 之际 之一 之中 直到 指示 指责 纸 智慧 中毒 中华民族 中间 中南海 中山 忠实 周 主持 主观 著名 住 追 卓越 资产阶级 自豪 自己 走 走过 左 做 作 坐 魅力 
---- Cluster id #21 ----
Size: 77
保值 本人 财政部 场地 撤销 持 持有 从业 答 大户 到期 兑付 发行 发言人 方便 付 岗 公布 购买 股 股东 股票 股市 柜台 国债 基金 计 计算 简称 交易 交易所 节 借助 开设 刊登 科龙 可 利息 联网 买卖 满 哪些 年利率 品种 凭证式 期 区别 如何 上市 上网 申报 深圳 时报 实物 事宜 提前 提问 提醒 投资 投资者 网点 违规 问 需 讯 营业 营业部 邮政 运作 债券 账户 证监会 证券 指定 只 只能 抓获 
---- Cluster id #22 ----
Size: 85
邦国 薄 本地 波恩 不知 产销 长春 长工 长江 倡导 储量 船舶 创办 大庆 道 地处 地质 典礼 东部 发现 福利 副食品 钢琴 工厂 供应 公认 光彩 光荣 汗水 航运 后者 华北 艰苦 降 借 劲 精力 开工 勘探 口 来临 老 老区 礼貌 利润 漂亮 品质 平原 普查 亲 三角洲 上任 深感 剩下 石油 实验室 题词 添 同事 同学 童 为由 委内瑞拉 稳 西部 喜 献身 销 爷爷 一把手 衣服 仪器 艺术品 油 油气 油田 原料 原油 找到 直至 志成 珠江 装备 足够 帷幕 
---- Cluster id #23 ----
Size: 145
版 伴随 包袱 包括 北大 本身 边界 变动 表 表面 采购 成本 初步 出去 出于 传递 闯 大 大于 单纯 单一 等于 动态 独立 多元化 放弃 分散 分为 风险 改制 概念 钢铁 工 功能 公司 官方 规模 国家队 邯钢 韩国 衡量 互补 缓慢 机会 集团 集团公司 家 监控 兼并 简单 见解 江南 接轨 节省 进出口 进入 经济效益 经济学 经营 距离 堪称 看来 可能 可谓 客观 跨 宽 亏损 扩展 扩张 来自 浪潮 例如 联合 连续 列入 垄断 美元 目的 纽带 排 排名 评 其 企业 前提 强 如 如此 升 失败 实力 世界 视 收益 手段 数据 数量 速度 套 通用 同类 拖 拓展 完全 维持 无 下属 限度 限制 相比 销售 销售额 效率 兴起 行列 行业 幸福 迅速 一样 营销 盈利 优 有的 预计 远 杂志 增值 浙江省 真正 政府部门 值得 指明 制作 周刊 专业化 追求 资本 资产 总部 总公司 组合 组建 最后 做法 
---- Cluster id #24 ----
Size: 111
白色 遍 不惜 长城 称赞 城 春 春风 此时 大师 大厅 动 动人 风格 感动 敢 高潮 歌剧 工地 攻 故事 观众 海口 海南 寒风 惠芬 激情 技巧 家人 家园 间 讲述 惊人 剧院 觉得 军营 拉 乐观 乐团 历时 联手 练 灵魂 梦 描绘 那天 内涵 年轻 年轻人 捧 评论 奇迹 墙 情感 热情 人间 弱 散 伤 声 生动 生命 试 手术 首 她 踏 抬 躺 题写 天下 贴 外地 完 维也纳 温暖 舞 舞台 喜欢 显得 献给 县城 响 响起 校园 心灵 兄弟 雄厚 寻求 演出 演奏 一代 遗憾 艺术家 意志 音乐 音乐会 圆 酝酿 扎 展示 战胜 掌声 这时 珍贵 珍惜 知 之上 重返 助 闵 
---- Cluster id #25 ----
Size: 35
阿 阿拉法特 巴 巴勒斯坦 撤军 冲突 抽查 电器 电子 国产 和谈 合格 辉煌 克林顿 恐怖 模拟 内阁 内塔尼亚胡 挪威 牌 取代 认证 软件 深圳市 首脑 西岸 信息 型 严峻 耶路撒冷 以 以色列 犹太人 约旦河 珠海 
---- Cluster id #26 ----
Size: 91
拜年 表明 不满 步骤 长远 潮流 大陆 大业 当局 党派 对此 儿女 发表 发言 反响 分裂 各界 共同 构想 关系 海内外 海峡 和平 呼声 呼吁 华侨 华人 回应 寄 佳节 加深 江 讲话 交流 进程 警惕 局部 决心 联络 两岸 两会 领土 民众 农历 蓬勃 企图 商谈 设置 深切 深远 实实在在 世纪之交 势力 受到 顺差 所谓 台湾 谈判 提到 同胞 统一 推动 完整 往来 务实 希望 现实 现状 消极 心愿 研究会 一国两制 预期 愿望 赞同 遭 造福 泽民 招待会 政局 政治 郑重 重申 主权 主张 状态 总书记 祖国 阻碍 做出 座谈会 
---- Cluster id #27 ----
Size: 561
Ｂ 安定 安排 白酒 办 办学 帮助 保持 保险 备忘录 本次 比重 毕业生 必要 编制 变化 别国 冰箱 玻璃 补贴 不好 布局 步 步伐 财力 财税 财政 采取 残疾人 草 草原 测试 层次 产量 产品 产业 产业化 超过 车辆 城市 城乡 城镇 成功 成果 成就 成人 成为 呈现 程度 承包 承受 持续 赤字 充分 充足 出版物 出口 出售 出现 储备 创新 创造 创造性 春耕 从事 促进 达到 大型 大中型 带动 带来 导向 道德 得到 得益 地区 地位 第三产业 电厂 电视 调动 调节 调控 调整 东盟 动力 独联体 独资 对外开放 对外贸易 吨 多 发达国家 发电 发明 发展 发展中国家 翻 繁荣 方式 方向 防 防范 放开 放松 非法 非公有制 分开 分离 分配 丰富多彩 丰收 风波 扶持 服务业 覆盖 负担 富余 富裕 附加值 改变 改革 改善 改造 改组 干旱 港口 高产 高档 高等教育 高速公路 高校 高新技术 搞好 搞活 格局 个 个体 各国 各位 各族 根本 根本性 耕地 工艺 工资 攻坚 公路 公务员 公有制 公约 巩固 共建 鼓励 骨干 股份合作制 股份制 固定资产 关键 关税 观念 灌溉 广播 广泛 广阔 轨道 国际 国民经济 国内 国内外 国土 海洋 含 毫米 好 合理 宏观 忽视 化肥 化解 黄河 回归 混乱 活力 基本建设 基础 基因 机电 机遇 机制 机组 积极 积极性 积累 激光 集中 集装箱 急需 疾病 技术 计划 计划经济 继续 家华 加 加大 加工 加快 加速 坚定不移 坚实 艰苦创业 减轻 减少 减员增效 健康 健身 建立 交接 教学 教育 轿车 阶段 节水 节约 结构 解放思想 解决 进步 进口 进展 近 精简 精心 经济 经济社会 经验 警察 境外 就业 居民 具备 具有 军民 开发 开发区 开放 开拓 开拓进取 看到 抗 抗旱 抗灾 科技 科教兴国 科学 科学技术 科研 可喜 课程 控股 控制 快 矿 昆 困难 扩大 拉美 劳动力 劳动者 劳务 牢固 利用 力度 力量 力争 连接 粮食 良好 量 零售 灵活 领域 流通 旅游业 绿化 论断 码头 迈出 满足 盲目 煤炭 门路 弥补 棉花 面临 面向 明确 明显 摩托车 末 目标 那些 能 能够 能力 能源 年 年产 扭亏 农 农产品 农副产品 农民 农田 农业 努力 拍卖 培养 培育 配套 配置 批 贫困 平等 平衡 平稳 破产 迫切 铺 普及 浦东 其中 千瓦 前景 前沿 倾斜 清洁 渠道 取得 取决于 全 全民 全年 全球化 确保 群众性 人才 人工 人类 人数 融资 容量 商品 少 摄影 社会 社会化 社区 设备 设施 深化 生产 生产力 生产线 生产资料 生产总值 生存 生活 生物 失业 失业率 实现 实行 使 事业 势头 适当 适度 适度从紧 适时 适应 市场 试点 收成 收购 收入 收支 手里 输 数字 水稻 水电 水果 水利 水泥 水平 水土 水资源 税 税收 私营 素质 缩小 所有 所有制 台阶 太平洋 态势 探索 特困户 提高 体系 体制 条件 通货膨胀率 通信 同时 投产 投入 投向 突破 土地 推广 推进 推向 妥善 拓宽 外汇 外贸 外商 外资 完成 完善 为 温饱 稳定 稳妥 稳中求进 我国 物质 吸纳 吸收 系统 细胞 下岗 下决心 先进 显著 相应 项目 消费品 消化 小 效益 新 新型 新增 信心 形成 形式 畜牧业 选择 学科 循环 压力 研究 延伸 验收 养老 药品 要素 野生 一定 依靠 移动 意愿 因素 引导 引进 隐患 应有 用 优化 优势 优先 优质 邮电 有 有利 有所 有效 预定 预算 元 原材料 约束 允许 造林 增产 增长 增长点 增长率 增幅 增加 增强 增添 债务 展望 战略 战略性 振兴 整个 整治 政策 政府 政企 支撑 支持 支出 支柱 知识 知识经济 职工 职业 植树 指标 致以 制品 制造 智力 质量 中等 中介 中西部 中药 重点 重复 周边 主导 主体 主要 住宅 注入 注意 专用 转变 转换 转移 装置 准 着力 着眼 资本金 自愿 综合 综合国力 总额 总量 总体 组成部分 
---- Cluster id #28 ----
Size: 220
云 安 白 柏林 包 毕 边 斌 兵 波 布赫 蔡 藏族 曹 查 常 唱 朝鲜族 陈 程 迟 川 春云 崔 戴 单 丁 董 杜 段 范 方 费 冯 傅 刚 高 葛 龚 古 谷 顾 关 关根 官 管 光 光英 贵 贵鲜 郭 海 韩 浩田 何 贺 洪 红 侯 胡 虎 华 华夏 黄 回族 霍 吉 季 家宝 贾 健 建华 姜 蒋 杰 解 金 锦华 晋 菊 举 俊 康 克 孔 蓝 兰 乐 磊 冷 黎 李 力 连 梁 亮 廖 林 刘 柳 龙 楼 卢 鲁 路 陆 吕 罗 马 满族 梅 蒙古族 孟 苗 苗族 敏 明 名 南 聂 牛 女 潘 平 齐 迁 钱 秦 庆 庆林 曲 全有 群 陕西省 尚 邵 申 沈 盛 胜 施 石 史 舒 树 司 松 宋 孙 谭 汤 唐 涛 陶 田 铁木尔・达瓦买提 铁映 土家族 万 万年 汪 王 韦 维吾尔族 伟 魏 温 文 闻 乌 吴 武 西 席 夏 宪章 向 肖 谢 新风 新人 星 熊 徐 许 薛 严 阎 杨 扬 姚 叶 仪 彝族 易 毅 尹 英 勇 游 于 余 俞 袁 跃 云 曾 张 赵 正 郑 志 忠诚 钟 朱 祝 壮族 资 邹 缪 
---- Cluster id #29 ----
Size: 94
班子 包含 编者 编者按 变 补 财务 炒 成 村 村干部 村里 村民 村委会 村务公开 打电话 大事 带领 带头 党支部 党组织 底 电价 短 锻炼 干 干群 给 公开 公平 公益 喝 河北 河北省 后面 花钱 怀疑 换 基层 精 酒 开支 靠 困扰 累 乱 迈进 矛盾 没 面貌 明白 难 难免 农村 怕 盼 票 前面 穷 求 全村 全省 全县 确实 上访 甚 实事 说法 投 投票 推 推行 物 喜庆 细 县里 县政府 乡村 乡镇 小康 小事 信任 修 学会 依旧 意识 应付 这项 阵地 执政 旨在 致富 种种 总产值 
---- Cluster id #30 ----
Size: 84
爱国主义 保存 保护 报纸 部委 参观 传统 大中城市 档案 抵御 对口 氛围 风貌 妇联 感染 革命 各自 给予 工会 工作者 鼓舞 故居 光辉 规划 国家教委 号 后人 激励 记录 纪念 纪念馆 加以 价值观 建筑 揭示 精品 精神文明 经费 举世瞩目 课堂 理想 烈士 论证 马列主义 媒介 民政部 名人 纳入 年龄 气氛 抢救 青少年 热爱 社会效益 神圣 师生 收藏 特有 贴近 统筹 图书馆 团体 外来 顽强 维修 文化部 文物 文献 物质文明 兴办 营造 勇敢 娱乐 赞助 责任感 展出 展览 展现 真理 振奋 志愿 中宣部 庄严 最佳 
---- Cluster id #31 ----
Size: 75
避孕 产权 朝 城区 筹措 出生 促 达标 到位 点 动手 对 发 发达 防治 分工 各地 功夫 公里 公众 广 哈 沪 花 淮河 环保 环境 火车 集体经济 计划生育 江苏 接 津 紧 京 九 卡 客车 客运 快速 列车 流动 流域 每天 南北 年年 排放 盘活 山 商务 生命力 生态 省区 石家庄 受益 双重 算 提 通道 网 为主 污染 线 乡镇企业 小时 辛勤 信号 沿线 药物 因地制宜 运行 造 账 至 中小企业 
---- Cluster id #32 ----
Size: 60
暴露 本国 病人 不利 不良 操作 辞职 大藏省 倒闭 导致 东京 对象 多媒体 分行 该 该行 官员 国会 国民 海外 好处 回收 会员 监管 教训 经过 巨额 开业 科技界 内部 纽约 泡沫 披露 启示 桥本 全球 日本 日元 社团 事件 手中 损失 厅 投机 违章 未能 吸取 下跌 信誉 迅猛 业务 医生 依赖 有待 逾 债权 真相 职员 注册 总裁 
---- Cluster id #33 ----
Size: 120
比如 笔 必然 编 变为 并非 不幸 步入 菜篮子 产生 成熟 承认 出路 传媒 刺激 大众 代价 导演 灯 低 电视剧 电影 改编 感觉 高低 高速 供给 供求 沟通 管制 规律 画面 话题 缓解 回落 回升 毁 加剧 价格 角度 角色 节奏 结果 精彩 看出 看待 可能性 老虎 买方 描写 某 闹 弄 拍摄 徘徊 跑 膨胀 偏 期刊 趋 圈 群体 热 热闹 上面 上去 上涨 深度 事实上 事物 收获 熟悉 思维 它们 题材 停产 通货膨胀 通胀 统计局 图像 腿 玩 文学 无法 物价 西方 洗 戏剧 下功夫 下滑 相反 相关 像 小说 写 写作 新闻 新闻界 新兴 需求 虚假 演员 药 一体化 依然 艺术 抑制 引发 影视 影响 诱惑 原因 阅读 涨幅 正常 致使 种 总 最终 作家 
---- Cluster id #34 ----
Size: 68
ＶＣＤ 博览会 采用 长足 厂家 成长 诞生 当中 对手 防伪 份额 服装 革新 工商局 光明 光盘 广告 轰动 回报 火 激烈 佳 降价 节目 竞争 空间 利 联赛 连锁 名牌 谋 谋求 那个 宁 农业部 排球 品牌 清晰 球队 全方位 全新 色彩 商标 设计师 水准 塑造 体育 挑战 同行 推出 推销 脱颖而出 效应 性能 一流 涌现 用品 有限 占据 挣 争 知名 周期 祝福 赚 子 走向 崛起 
---- Cluster id #35 ----
Size: 89
摆 背 被告 边防 菜 产 超 称为 创 创业 大门 大棚 恶劣 风 风景 附近 该市 盖 高效 高原 告诉 攻关 公斤 官兵 贵州 海拔 基地 激发 急 假 假冒伪劣 艰辛 检验 结 军区 空白 空中 块 厘米 立方米 良种 领 绿 卖 们 模式 亩 那曲 农场 农科院 派 旁 配 气候 气温 肉 摄氏度 设想 示范 士兵 试验 蔬菜 饲料 送给 塑料 缩短 挑 停留 头 土 挖 小麦 辛苦 新鲜 鱼 玉米 遇 栽 栽培 咱 战士 种植 种子 重 株 猪 驻军 转化 装 
