---- Cluster id #1 ----
Size: 343
云 阿根廷 爱好者 奥运会 白 柏林 颁奖 包 北爱 本轮 比分 比索 毕 边 斌 兵 病毒 波 波黑 波音 布赫 蔡 藏族 曹 常 长春 朝鲜族 陈 程 迟 楚政 川 传销 丛书 崔 大藏省 大赛 大雨 戴 单 党建 岛 丁 东北部 董 动物园 杜 段 多利 范 方 房 菲 菲律宾 费 风光 冯 傅 该厂 刚 高 歌曲 歌声 葛 龚 狗不理 古 谷 顾 关 关根 光英 贵 郭 国大党 国际象棋 哈佛 海 韩 汉城 汉年 何 贺 贺卡 洪 洪水 红 侯 胡 虎 虎踞 华 华为 华夏 画家 话剧 环保局 黄 黄淮 回收 回族 火箭 获悉 霍 击败 机动车 吉 季 家宝 家长 加元 贾 甲Ａ 甲醇 健 建华 姜 江淮 蒋 教练员 教堂 揭晓 杰 解 金 锦标赛 锦华 晋 精美 菊 举 剧目 俊 咖啡 渴望 克 克隆 孔 篮球 兰 老伴 乐 磊 冷 冷空气 黎 李 力 联赛 梁 亮 辽宁队 廖 林 刘 柳 龙 楼 卢 卢布 鲁 陆 吕 罗 马 马尼拉 满族 梅 门口 蒙古族 孟 苗 苗族 敏 明 鸣 名 名人战 墨 奶奶 南 南极 男篮 男排 年会 聂 宁 牛 女 女工 女排 欧佩克 排球 潘 彭 啤酒 平 平安 普通话 棋手 齐 气象台 迁 秦 庆 庆林 球队 球员 曲 全有 群 热水器 人民党 日记 塞拉利昂 赛季 商家 上学 尚 邵 社团 申 沈 胜 师傅 施 时尚 史 室内 收盘 手机 舒 书法 水浒传 司 松 送礼 宋 苏丹 苏哈托 孙 谭 汤 唐 涛 陶 田 听众 土家族 团中央 万 万达队 万年 汪 王 网球 韦 围棋 维和 维吾尔族 委内瑞拉 伟 魏 温 文 闻 问世 吴 武 武术 舞蹈 舞剧 务工青年 西 西非 席 夏 宪章 相声 祥和 向 削减 小到中雨 肖 谢 新风 星 行人 熊 徐 许 薛 雅加达 严 阎 演习 杨 扬 姚 页 叶 一等奖 彝族 易 毅 尹 印度尼西亚 勇 邮票 游 于 余 俞 袁 跃 月球 云 云龙 运河 曾 占地 张 赵 阵线 征文 正 郑 志 中国画 中科院 中小学生 钟 钟山 朱 主场 主教练 祝 祝福 壮族 资 邹 妍 昊 
---- Cluster id #2 ----
Size: 191
办公室 办公厅 北京 北京大学 北京市 毕业 博士 部长 财经 参加 常委 常务委员 车间 成都 成员 冲击 出任 处长 大学 代理 党委 党校 党组 地委 东亚 冬 董事长 队长 队员 分局 福建 福建省 副 干事 港 高等 高中 工程师 工商 工商联 工业部 工作组 共青团 顾问 管理局 广东 广东省 广西 国防部 国家教委 国务委员 哈尔滨 汉族 黑龙江 黑龙江省 红旗 湖北 湖北省 湖南 华南 化学 会长 获 吉林 吉林省 计委 加入 兼 检察长 江苏 教授 届 经理 救济 局 局长 军分区 科长 科学院 劳动 理事会 联合会 辽宁 辽宁省 留学 伦敦 贸易 煤矿 秘书 秘书长 民革 民主党 名誉 男 内蒙古 纽约 迫害 其间 清华大学 区 全国 人事部 任 日内瓦 山东 上海 上海市 上将 沈阳 生 省 省长 省委 省政府 实业 事务 市长 市委 收获 首席 受 书记 书记处 数学 水利部 四川 所长 天津 天津市 铁路局 厅 外事 委员 委员长 委员会 文化 西南 系 厦门 县委 相当 校长 协会 学位 学习 学校 学员 学院 研究生 研究室 研究所 研究员 研究院 业余 议员 印度 有限公司 院 院长 院士 浙江 政法 政委 政治部 政治局 职 职员 指挥部 中队 中共 中共中央 中华 中文 中学 中央 中央委员 州 主编 主任 主任委员 主席 助理 住院 专栏 专业 总队 总工会 总会 总经理 组长 组织部 
---- Cluster id #3 ----
Size: 95
把 白色 遍 不惜 侧面 长城 春 春风 此时 大师 大厅 动 动人 改编 感动 敢 歌剧 工地 攻 故事 观众 海口 海南 惠芬 激情 技巧 家人 讲述 京城 惊人 觉得 军营 老师 乐观 乐团 联手 练 灵魂 冒 梦 描绘 那 年轻 年轻人 评论 普及 奇迹 前后 墙 情感 人间 弱 伤 生命 试 手术 首 双重 她 抬 躺 题写 天下 腿 外地 完 维也纳 温暖 文艺 舞 舞台 现实主义 县城 响起 心灵 雄厚 演出 演奏 一代 遗憾 艺术 艺术家 意志 音乐 音乐会 有限 圆 酝酿 扎 展示 掌声 这时 知 重返 闵 
---- Cluster id #4 ----
Size: 134
澳 巴金 比利时 闭幕 必然 编 表彰 参政议政 草原 茶话会 阐述 承办 出席 次 打假 大局 代表性 调查 调研 对外 发表 防火 风貌 服从 福州 赴 甘肃 纲要 稿 各界 古巴 光亚 规范化 国权 海洋 汗水 号召 合影 宏伟 华清 会议 活跃 机关干部 假冒伪劣 建议 江 讲话 锦涛 举行 开幕 开拓 看望 考察 两会 列入 鲁丽 履行 率 论坛 马来西亚 民工 暖 强有力 乔 侨胞 庆祝 渠道 全体 日程 入手 瑞环 瑞士 森林 商 石 受到 水土 思路 所有 泰国 讨论 特征 提案 提到 题 通过 土地 团体 拓展 伟长 吸纳 希望工程 掀起 象征 削弱 协商 新鲜 兴 选平 研讨 研讨会 演讲 议程 议题 迎春 与会 泽民 展望 章程 招待会 兆国 召开 正英 政协 政治 职能 制 制度化 智利 周年 主席台 主席团 驻地 专题 姿态 组 做出 作 座谈 座谈会 岚清 崛起 孚凌 F基 
---- Cluster id #5 ----
Size: 84
搬 办公 策划 传来 床 大楼 担任 抵制 东北 读书 对付 儿子 发言 翻译 放弃 风采 风范 扶 负 改 感情 岗位 歌 官 海上 浩田 回到 会场 家具 驾驭 坚实 接 接收 节 开阔 开幕式 堪称 康 可贵 空 兰州 联络 留 马列主义 南斯拉夫 派 配 平静 前来 侵略 清除 秋 热心 任命 少年 深厚 双 司长 踏 天地 条约 跳 团 托 忘 我党 我军 伍 袭击 洗 显 响应 小组 校园 修权 养 勇敢 圆满 赞扬 早期 战场 重 重任 总参谋长 
---- Cluster id #6 ----
Size: 70
报 弊端 传媒 创作 大道 大众 地震 懂 独特 读 读者 发掘 防震 封闭 风情 富有 个性 工程 古典 汉语 火灾 获奖 监测 减灾 节奏 救助 空前 栏目 凝聚 批评 桥 圈 缺乏 人民政府 人生 散文 丧失 伤亡 审美 失去 诗 诗歌 诗人 实验 视野 思 题材 围 无法 欣赏 心理 心声 形 修养 严谨 言 引发 营养 优美 右 誉为 预报 预测 阅读 灾害 造成 崭新 者 之 作品 
---- Cluster id #7 ----
Size: 100
班子 帮扶 帮助 本地 差 产值 炒 筹措 出生 达标 带领 党支部 到位 地上 跌 动手 对口 发达 防治 分行 风 扶贫 富裕 妇联 妇女 各地 攻坚 豪华 好像 户 花 花钱 淮河 环保 环境 荒山 鸡 计划生育 艰苦创业 建 紧 劲 经济林 捐助 靠 老区 累 立足 流动 流域 路子 绿色 落 卖 面貌 牡丹 年年 农田 怕 排放 贫困 贫困户 贫困县 贫穷 穷 全村 全县 人均收入 人口 融入 山 山区 生机 生态 省区 失学 时节 受益 算 特困 脱贫 脱贫致富 温饱 污染 物 县政府 香 消除 辛勤 幸福 延安 养猪 一把手 依旧 因地制宜 遇 照 这儿 致富 总产值 
---- Cluster id #8 ----
Size: 58
榜样 包含 冰箱 差距 长期 从业 打下 大家庭 带有 地区 东部 懂得 锻炼 对方 繁荣 高低 各 各族 共建 光辉 互助 花园 加速 结成 景象 举世瞩目 科龙 联邦 两地 民族 那个 凝聚力 女性 平等 迫切 强大 区域 日元 融合 少数民族 适合 铁木尔・达瓦买提 团结 西部 享受 迎来 振兴 之内 至关重要 中华民族 中西部 忠实 主人 自愿 自治 自治县 自治州 足 
---- Cluster id #9 ----
Size: 67
安置 差别 沉重 档次 锭 动作 恶化 纺织 非 分布 分流 付出 工业 攻坚战 国有 过度 含量 缓 济南 江南 截至 解困 净 举措 昆明 困境 离退休 理 龙头 落后 难得 能否 扭亏 配置 破产 启动 启示 契机 抢 敲 青岛 全新 缺少 生产能力 升级 示范 淘汰 突破 突破口 退出 外部 武汉 陷入 小型 压 压锭 压缩 严峻 沿海 移 永恒 忧虑 展开 重组 转换 租 最终 
---- Cluster id #10 ----
Size: 85
巴西 百分点 比例 部分 拆借 筹资 刺激 存 存款 贷款 担保 等级 低于 抵押 短期 兑换 发放 法定 法人 分类 分配 幅度 福利 负债 该行 高校 高于 工具 工资 供应 挂钩 划 货币 机构 建房 降低 教职工 结算 金融 开业 考核 客户 来源 理顺 利率 利于 例 名义 哪些 取消 商品房 商业 使得 市场化 收回 投放 下调 下降 现行 限额 消费 小区 新村 信贷 信用 行长 需 寻找 一般 银行 银行业 盈余 用于 有利于 月 债权 这次 政策性 支付 值 住房 住宅 准备金 准备金率 资金 
---- Cluster id #11 ----
Size: 149
爱 爱国 八一队 比 宾馆 冰 病 伯伯 采访 菜 参观 吃 吃饭 传达 此事 答应 大姐 大桥 诞辰 党内 得知 典范 度过 顿 饭 饭店 房间 房子 封 夫妇 负责人 感到 告 跟着 工人 公仆 故乡 关怀 官僚主义 坏 恢复 回去 火车 记忆 家里 家属 家乡 家中 间 见 将军 交谈 接触 接到 结婚 尽 开会 看看 浪费 联欢 了 留下 隆重 吗 民主党派 名字 那么 那时 南京 你们 浓 女士 拍 批示 平凡 亲 亲切 青 球 去世 全场 全家 让 热带 人家 荣 如此 上班 身体 深处 声音 视为 熟悉 踢 天安门 听 统一战线 统战 统战部 突然 外出 碗 晚 文革 文件 喜悦 细致 先生 显得 现场 想 想到 消息 小伙子 些 新年伊始 心里 心中 信 休息 宣布 询问 冶金 业绩 毅仁 隐患 迎 赢 颖超 遭到 找 照顾 召集 知道 知名人士 直到 直至 值班 指示 治疗 中毒 中南海 周 诸 着 仔细 总理 足球 最后 
---- Cluster id #12 ----
Size: 50
阿 阿尔及利亚 北约 波罗的海 倡议 成员国 大国 德国 反应 非法 非洲 该书 革新 官方 国务 环 建交 警方 竞选 科尔 科特迪瓦 扩 罗马 马克 谋求 南部 南非 难民 欧盟 欧洲 其琛 钱 瑞典 首脑 守 土耳其 外交部长 网上 问候 西班牙 希腊 席位 兴趣 一体化 意 意大利 意味着 载 这家 主 
---- Cluster id #13 ----
Size: 100
爱心 班 班长 帮 报警 笔者 别人 病人 不怕 残疾人 长途 车 车站 乘客 冲 大地 大队 大学生 歹徒 带头 刀 锋 奉献 夫妻 幅 感受 孤儿 姑娘 光彩 过硬 孩子 喊 呼唤 换 回家 火车站 记 姐妹 具 捐款 军人 看见 刻苦 拉 老人 雷 连队 脸上 玲 流 妈妈 美丽 民兵 民警 明星 某部 母亲 幕 那天 牌子 派出所 评为 青春 青年 邱 群体 热情 上岗 社 事迹 市区 首都 授予 送给 岁 她们 挑选 停 停车 同学 温馨 鲜花 现任 献 小麦 新人 徐州 学 巡警 演 英雄 用品 雨 与会者 再现 展出 战友 丈夫 真情 志愿者 
---- Cluster id #14 ----
Size: 289
安排 办学 保持 保险 备忘录 本次 比重 毕业生 必要 编制 变化 补贴 不利 不良 步伐 财力 财税 财政 菜篮子 产量 超 超过 城乡 城镇 成人 呈现 承包 持续 赤字 充足 出口 出路 储备 促 达到 大中型 导向 得益 低 调节 调控 调整 独联体 短缺 对外开放 对外贸易 发展 防范 放开 放松 分开 丰富多彩 丰收 扶持 副食品 富余 改善 干旱 高产 高等教育 高速公路 高新技术 搞好 搞活 个体 根本性 供给 供求 公益 鼓励 股份合作制 固定资产 关税 广播 国际 国民经济 国内 国内外 国土 海外 好转 合理 宏观 化解 缓解 黄河 回落 回升 汇率 活力 基本建设 基础 机电 机制 集体经济 疾病 计划 继续 加大 加快 监管 减少 减员增效 健康 健身 交接 节水 节约 结构 进口 进展 精简 经济 经济社会 境外 就业 居民 开发区 开工 开支 抗旱 科普 控制 快 昆 困难 扩大 拉美 劳动力 劳务 牢固 力度 力争 连锁 粮食 良好 零售 流通 旅游业 买方 满足 盲目 门 门路 弥补 棉花 明显 能力 农产品 农副产品 农业 拍卖 徘徊 培育 膨胀 平衡 平稳 浦东 其中 潜力 倾斜 清洁 趋 全 全方位 全民 全年 确保 热 融资 肉 商厦 上涨 社会化 社区 深化 生产资料 生产总值 生活 失业 失业率 实用 势头 适当 适度 适度从紧 适时 市场 试点 收成 收购 收入 收支 水稻 水利 水平 水资源 税 税收 私营 缩小 所有制 台阶 太平洋 态势 特困户 提高 体制 停产 通货膨胀 通货膨胀率 通胀 同时 投产 投入 投向 推广 妥善 外汇 外贸 外债 外资 完成 稳 稳定 稳妥 稳中求进 物价 下岗 下滑 下决心 相应 乡镇企业 项目 消费品 效益 新增 需求 虚假 压力 验收 养老 要素 依托 以内 抑制 因素 引导 引进 用户 优化 有利 有所 预定 预算 元 原油 约束 造林 增产 增长 增长点 增长率 增幅 增加 增添 债务 战略性 涨幅 征收 政策 政企 支撑 支出 职工 职业 植树 质量 中等 重点 重复 转变 着力 资本金 自律 总 总额 总量 总体 
---- Cluster id #15 ----
Size: 86
安徽 背后 奔 比如 编者按 变 补 财务 陈旧 村 村干部 村里 村民 村委会 村务公开 打电话 大事 电价 干 干群 告诉 供电 公布 公开 公平 管 喝 河北 后面 呼声 画 话题 怀疑 还 基层 季度 降 交 郊区 角 困扰 老百姓 乱 满意 没 每人 明白 农村 农户 农民 盼 前面 清 求 全省 确实 上访 上面 甚 生意 实事 市 说法 投票 推 推行 为何 喜庆 细 下跌 县里 乡 乡村 乡镇 小康 小事 选票 意识 应付 有的 鱼 这项 镇 阵地 整顿 旨在 
---- Cluster id #16 ----
Size: 68
笔 层层 拆 城 城区 城市 抽查 出租车 创 大街 到底 雕塑 堆 夺冠 风格 岗 工商局 功夫 公共 挂 广场 和谐 汇 挤 交警 街 街道 街头 居委会 空间 扣 立 美术 门前 某 某种 哪个 南宁 南宁市 内涵 品位 铺 人人 人文 市民 属 双拥 司机 塑造 随意 它们 填 听到 桶 痛苦 挖 文明 喜爱 系统工程 戏 新任 形象 印象 折 之外 主题 装 走访 
---- Cluster id #17 ----
Size: 151
Ｂ 包袱 北大 边界 变动 表 表面 采购 产品 产权 尝试 成本 筹集 出去 出售 出于 传递 存量 大 大庆 大于 代价 单一 倒闭 等于 动态 多元化 飞机 飞行 分散 风险 富 改制 改组 钢铁 各自 跟 功能 公司 骨干 股 股份 股份制 规模 国家队 过来 海信 邯钢 航空 航线 合并 合资 衡量 互补 缓慢 机场 机会 集团 集团公司 家 监控 兼并 简单 见解 接轨 节省 进出口 进入 经济效益 经济学 经营 竞赛 聚集 看来 可能 可谓 跨 宽 亏损 扩展 扩张 浪潮 理性 联合 连续 垄断 民航 民营 末 目的 内部 纽带 排 排名 盘活 偏 其 企业 前提 强 塞 升 失败 实力 实体 世界 收益 手段 数量 谁 速度 通用 同类 外面 维持 无 限度 销售 销售额 小 效率 效应 行列 行业 选 迅速 业务 一样 营销 盈利 优势 员工 运转 杂志 载体 增值 真正 政府部门 值得 中介 中小企业 专业化 追求 资本 资产 子 总部 总公司 租赁 组合 做法 
---- Cluster id #18 ----
Size: 175
啊 吧 百姓 报纸 杯 背 边防 波恩 不错 不见 不知 灿烂 层 产 产销 尝 充满 吹 大海 大家 大棚 带 当 道 道理 地球 都市 端 多少 番 翻 返回 放心 风景 附近 盖 赶来 感觉 钢琴 高原 公斤 顾客 官兵 国企 过去 海拔 后者 怀 怀着 回 基地 奖 结 借 进 句 军区 颗 口 块 拉开 啦 来到 来临 蓝 蓝天 里 利润 连 楼房 绿 买 忙 们 民 模式 墨西哥 亩 目光 哪 南北 难 难免 难题 你 您 农场 农家 农垦 旁 捧 片 漂亮 拼搏 葡萄 气候 气温 清晰 请 色彩 上来 上任 声 剩下 实实在在 世人 蔬菜 双手 水 说话 台 太阳 掏 天 天空 挑 听说 停留 同事 同行 童 投 头 土 望 微笑 位于 文章 乌 喜 喜欢 献身 乡亲 想法 响 像 小姐 笑 新疆 兴奋 性格 匈牙利 选拔 呀 眼 阳光 爷爷 艺术品 意思 幽默 油 游客 有人 玉米 原来 远 栽 栽培 咱 怎么 摘 展 招 找到 震 志成 种植 种子 珠江 株 猪 自豪 足够 坐 帷幕 
---- Cluster id #19 ----
Size: 81
比较 表达 别的 并非 场 称为 打开 导演 灯 地域 电视剧 电影 定位 飞跃 否定 富强 概括 共产党 共产党人 共识 光明 好事 还要 集体 建国 阶级 精彩 经历 救 卷 口号 老虎 理论 历史 历史性 联 领袖 马克思主义 毛 毛泽东思想 描写 陌生 念头 偶然 评价 前列 倾向 确认 热闹 人物 三中全会 逝世 思维 死 套 玩 唯一 为什么 文化大革命 文献 文学 湘西 向前 小说 写作 以后 以前 影视 勇气 原理 造就 泽东 哲学 这块 正是 政党 郑重 之下 中国 中山 作家 
---- Cluster id #20 ----
Size: 154
Ａ Ｄ 巴基斯坦 半岛 北部 背景 贝宁 彼此 边境 贬值 表示 布莱尔 乘 传真 大臣 大会堂 大使 大使馆 大厦 大中 抵达 定期 东南亚 动荡 对话 对抗 多极化 俄 俄罗斯 访 访华 访问 风暴 夫人 附 该校 感 感谢 高层 高级 高兴 公报 关系 广阔 国 国旗 荷 荷兰 合作 轰动 互访 互利 欢迎 回忆 会见 会谈 会晤 伙伴 柬埔寨 见面 建设性 建造 交换 介绍 经常 经贸 看法 科索沃 客人 来访 来华 琳 临近 领域 卢森堡 罗马尼亚 莫 莫桑比克 莫斯科 欧 陪同 鹏 频繁 期待 签署 签字 前景 切尔诺梅尔金 热烈 人民日报 人群 日期 三角洲 上空 摄 设想 身份 深感 使馆 世贸 首相 书面 双边 双方 苏 苏联 谈 探讨 体委 图片 外交部 外经贸部 晚会 为期 卫生部 相互 相似 相信 协定 协作 谢里夫 新华 信任 亚 亚洲 也 也门 叶利钦 一行 仪式 应邀 有助于 有着 友好 友协 友谊 元首 援助 愿 愿意 越 越南 赞赏 障碍 真诚 正常化 正式 祝贺 祝愿 驻 驻华 转达 卓有成效 总局 
---- Cluster id #21 ----
Size: 77
奥委会 澳大利亚 本届 比赛 冰球 冰雪 参赛 长野 长足 成绩 出色 打破 大选 登 东盟 冬奥会 度 对手 夺 夺得 分钟 冠军 国王 韩国 贺电 红色 滑 滑雪 回国 获胜 加拿大 角逐 教练 金牌 决赛 看好 拉那烈 领先 另外 轮 曼谷 枚 米 秒 名将 名列 男子 女子 挪威 破 强劲 轻松 赛 赛场 赛事 上届 世界杯 世界纪录 速滑 天气 添 未能 乌克兰 选手 亚军 意外 预赛 运动员 遭 争 争夺 政局 至 中国队 撞 组委会 缪 
---- Cluster id #22 ----
Size: 84
百富勤 办理 保值 本人 财政部 场地 撤销 持有 储蓄 此次 答 大户 担 到期 兑 兑付 发行 方便 防伪 份 付 购买 股东 股票 股市 挂牌 柜台 国债 回报 会员 基金 计 计算 简称 交易 交易所 开设 刊登 可 利息 联网 流入 买卖 满 年利率 泡沫 披露 凭证式 期 区别 上门 上市 上网 申报 深圳 时报 实物 事宜 提前 提问 提醒 投机 投资 投资者 网点 违规 问 现金 讯 印尼 印尼盾 营业 营业部 运作 债券 账户 证监会 证券 指定 指数 只 只能 抓获 自 
---- Cluster id #23 ----
Size: 104
伴随 变革 财富 操作 产业 产业化 成长 创新 大门 带动 带来 到来 第三产业 动力 发达国家 发明 发展中国家 分为 附加值 改变 概念 赶 告别 更新 攻关 国情 海关 核 获取 机器 机遇 积累 集装箱 即 技能 技术 价值 检测 进步 竞争力 具备 看出 科技 科技界 科教兴国 科学技术 科研 劳动者 利用 论断 迈进 面临 内在 能源 农科教 蓬勃 前所未有 前沿 清华 趋势 取决于 全球 全球化 人工 人类 人力 深度 渗透 生存 生物 实验室 世纪之交 缩短 太空 挑战 西欧 细胞 显示 显著 相比 想起 消化 新兴 信息 兴起 学科 迅猛 研究 依赖 应用 迎接 优先 支柱 知识 知识经济 之上 指明 智力 周期 注入 转化 转移 综合国力 走向 
---- Cluster id #24 ----
Size: 100
拜年 保 场面 唱 穿 春云 村庄 搭 大雪 抵 第一线 顶 纷纷 奋战 覆盖 父母 赶到 感慨 寒风 寒冷 黑 红十字会 激动 家园 脚 饺子 解放军 救灾 捐赠 抗灾 抗震救灾 肯 连日来 脸 粮 路 路上 美好 牧民 那曲 难关 年级 爬 派出 跑 飘 气象 抢险 亲人 缺 热潮 人心 日子 啥 烧 少儿 摄氏度 视 手 手中 受伤 睡 死亡 特大 贴 通 慰问 物资 心 信心 兄弟 修 畜 雪 雪灾 羊 夜 一家 医疗队 衣服 犹如 逾 运 灾民 灾情 灾区 战胜 战士 张北 张家口 帐篷 这么 支队 直升机 只见 致以 重建 子弟兵 自救 总书记 
---- Cluster id #25 ----
Size: 55
ＶＣＤ 便宜 博览会 不如 彩电 厂家 创业 此举 盗版 电视 电视机 多媒体 份额 隔 光盘 国产 国外 杭州 画面 火 激烈 家电 降价 节目 竞争 快乐 厘米 名牌 模拟 牌 品牌 屏幕 取代 软件 商标 商场 失 输出 数字 同样 统计局 图像 推出 推销 脱颖而出 屋 吸引 信号 信誉 研制 一流 预计 原材料 占据 阵阵 
---- Cluster id #26 ----
Size: 149
白酒 版 包装 避孕 玻璃 材料 采用 彩色 测试 插 出版物 船 船舶 大型 地位 电厂 电台 电信 电子 动物 独资 短 吨 防 辐射 服务业 港口 高档 高效 工 工艺 公园 管制 灌溉 光 广告 国家级 含 航天 毫米 核电站 化肥 化工 基因 机械 机组 激光 计算机 加工 检验 交通 轿车 接近 金融业 精 井 景观 开发 抗 空中 控股 矿 立方米 连接 良种 林业 码头 煤 煤炭 敏感 摩托车 年产 农 农药 配备 配套 批发 品种 普通 期货 汽车 千瓦 认证 容量 沙漠 摄影 设备 设计 生产 生产线 输 数据 水电 水果 水泥 饲料 塑料 隧道 特有 替代 天然 通信 同步 铜 透 脱 外商 网 卫星 系统 相关 新型 型 性能 循环 养殖 药 药品 药物 野生 医药 仪 仪器 以上 以下 用 优 优良 优质 邮电 油田 有机 原料 允许 占 珍贵 纸 致 制品 制造 制作 中方 中药 主导 专利 专用 装置 咨询 综合 
---- Cluster id #27 ----
Size: 79
北 北方 长沙 朝 车辆 春运 地处 电脑 调 东 短短 对 厄尔尼诺 发 发出 飞 分工 高峰 高速 公里 公路 广 广州 果断 过年 哈 沪 活 货 货物 季节 纪录 津 紧急 京 九 卡 开 开通 客车 客运 快速 列 列车 临时 旅客 旅游 麻烦 每天 南昌 票 其余 棋 气息 商务 上演 神 石家庄 时刻 售票 探亲 提 铁道部 铁路 通道 图 为主 线 小时 沿线 涌 运输 运行 运营 造 增 增收 增至 郑州 
---- Cluster id #28 ----
Size: 68
不满 步骤 长远 潮流 大陆 大业 当局 党派 东京 对此 儿女 反响 分离 分裂 共同 构想 光荣 海内外 海峡 和平 呼吁 华侨 华人 回归 回应 寄 佳节 加深 交流 进程 警惕 两岸 领土 迈 民众 农历 企图 商谈 设置 深切 深远 实现 势力 顺差 台湾 谈判 特区 同胞 统一 推动 完整 往来 务实 希望 现状 香港 心愿 一国两制 愿望 赞同 造福 增进 重申 主权 主张 状态 祖国 阻碍 
---- Cluster id #29 ----
Size: 74
爱国主义 保存 保护 博物馆 布局 部委 常州 传播 传统 大中城市 抵御 店 氛围 感染 革命 工会 工作者 沟通 鼓舞 故居 后人 湖 激励 记录 纪念 纪念馆 建筑 精品 经费 课堂 空白 烈士 鲁迅 论证 媒介 民政部 名人 纳入 年龄 浓郁 评选 气氛 抢救 青少年 取胜 热爱 热线 散 社会效益 神圣 师生 收藏 书店 书画 贴近 统筹 挖掘 维修 文化部 文物 物质文明 兴办 一派 营造 游人 娱乐 赞助 责任感 展览 展现 振奋 志愿 中宣部 最佳 
---- Cluster id #30 ----
Size: 83
查 长期以来 厂 厂长 串 创汇 此案 掉 分 父亲 港元 给 工厂 功 公安局 公款 过 罕见 欢乐 辉煌 集 记得 纪委 佳 奖金 交给 金钱 镜头 巨额 俱乐部 考验 苦 来自 劳动模范 老板 利税 令 漏洞 美元 拿 女儿 拍摄 庞大 品质 乒乓球 妻子 企业家 亲属 人民币 人选 荣誉 容易 设 生日 盛 时健 收 受贿 思念 送 退休 外 忘记 违纪 我 下属 相反 销 辛苦 新加坡 心态 烟 样子 云南 账 真相 知名 珠海 赚 追 子女 总裁 褚 
---- Cluster id #31 ----
Size: 417
爱尔兰 爱护 把握 摆 摆脱 包括 宝贵 北风 本身 本质 编写 编者 变成 变为 表明 表现 播出 不顾 不好 不可 不同 不懈 不行 步 产生 长 倡导 超出 超越 彻底 成 成分 成功 成就 成熟 成为 程度 初 初级阶段 出 出发 出国 出来 出现 处在 创立 创造 创造性 词 此 此后 存在 错误 大树 代 待遇 单纯 当中 党 党中央 到 道德 道路 得 得以 邓 邓小平理论 点 定 丢 东西 动摇 对策 对待 对立 对象 多 多样化 发生 发现 反对 犯 方法 方向 放在 非公有制 分析 奋斗 丰富 风波 风气 改造 感人 敢于 纲领 高潮 高度 高举 高考 搞 格局 个 根本 工人阶级 公有制 共产主义 估计 关键 关心 关注 观察 观点 观看 规律 国民 过程 好 核心 合格 后果 忽视 话 还有 回答 回顾 回来 会 汇报 混乱 基本 基金会 极大 集中 继承 加以 讲 讲究 角度 角色 教材 教师 教学 教训 教育 叫 揭示 接见 接受 阶段 结果 近 京剧 精神 经济基础 经受 经验 境界 敬爱 净化 局部 局面 巨大 具体 具有 决策 决心 开辟 开创 开始 看 看待 看到 考虑 科学 可喜 克服 客观 课程 肯定 来 牢记 老 老一辈 离 离开 理解 理想 里面 礼貌 利益 力量 了解 领导 领导人 领导者 领会 留学生 路线 论述 马克思 矛盾 没有 每个 美德 缅怀 面 面对 面前 面向 明确 命运 谋 某些 哪里 那里 那些 那样 那种 难忘 闹 呢 内外 能 能够 年代 排除 判断 培养 期刊 期望 齐全 旗帜 起到 千方百计 前进 前途 强调 倾听 清楚 清醒 情 情景 去 全党 全世界 全心全意 确立 人 人才 人格 人们 人事 认识 如 如何 如同 上 上去 少 社会主义 设计师 身上 深 深刻 深情 生产力 生动 生命力 失误 十四大 时 时代 时候 时机 时间 什么 实践 实事求是 实质 使 世纪 事 事件 事情 事物 事业 是 视察 手里 说 说明 思考 思想 素质 他们 它 态度 谈话 特色 提倡 提出 题词 体现 同 同志 推向 脱离 完全 为 伟大 伟人 位 问题 我们 物质 西方 吸取 系列 戏剧 下 下功夫 下来 下去 鲜明 现代化 现实 详细 消灭 小平 写 新 心情 形成 需要 选择 学会 学者 眼光 演唱 一定 一切 依靠 依然 以来 意义 引起 应该 赢得 影响 硬 拥护 优秀 忧 有 有待 有些 诱惑 遇到 原因 运用 在 在于 赞成 怎样 扎扎实实 战略 战线 站 这 这个 这里 这些 这样 这种 真实 整个 正常 正确 知识分子 之后 之际 之中 指出 指导 指引 智慧 中 中间 中外 中小学 种 种种 重要性 周边 主动 主体 著名 住 抓 专家 转向 准确 着手 资本主义 资产阶级 自己 自觉 自我 走 走过 组成部分 尊严 尊重 左 做 做到 魅力 
---- Cluster id #32 ----
Size: 74
报告 暴露 被告 本国 标准 别国 差异 称 承认 持 从事 当做 导致 恶劣 法案 封锁 符合 该市 干涉 各国 耕地 攻击 公认 公约 公众 国会 好处 加 价值观 警察 居 抗议 棵 类似 冷战 例如 良性 临 美国 男女 内政 评 其它 侵犯 人权 人数 深受 实 事实 事实上 所谓 他人 外国人 外来 乌鲁木齐 限制 相同 消耗 宣言 研究会 眼睛 依据 因特网 邮政 预期 珍惜 挣 正好 执政 指责 周刊 准则 自由 作者 
---- Cluster id #33 ----
Size: 111
颁发 办法 保留 本 补充 不得 部门 采矿 采矿权 长工 承诺 出资 储量 处 处罚 登记 地质 典礼 定价 发布 罚款 范围 费用 负责 干预 给予 供 公告 构成 关闭 管理 规定 国务院 患者 会同 价格 减 减免 缴纳 经营者 警告 开采 勘查 勘探 可以 款 矿产 领 领取 没收 免 名称 内 年度 批准 平方公里 评估 其他 起 气 签订 前 情节 权限 认定 日 商品 申请 审批 石油 适用 收到 收取 手续 授权 探矿权 特定 提交 天然气 条 铁 停止 同意 违反 县级 限期 消费者 许可证 血 延长 延续 以外 义务 银 应当 予以 原 暂行 责令 章 招标 证书 直辖市 指 主管 转让 资格 资料 资源 最低 遵守 
---- Cluster id #34 ----
Size: 146
案 案件 办案 暴力 爆炸 不够 财产 查办 查获 呈 惩处 辞职 错 打击 逮捕 当事人 递增 毒品 队伍 发票 罚 法官 法庭 法院 犯罪 犯罪分子 房地产 该 干警 干扰 公安 公安部 公正 管辖 航运 合法 合同 贿赂 机关 加重 假 检察 检察院 鉴定 件 建新 结论 解释 金额 禁毒 经过 纠纷 酒 居住 举报 考试 可靠 课 恐怖 类 类型 理由 立案 律师 秘密 民事 名单 命名 宁波 判处 判决 培训班 赔偿 聘请 破坏 期限 起诉 抢劫 轻 请求 取 权 权益 人民法院 入 上级 上升 上述 上下 涉及 涉嫌 审查 审理 审判 省级 释放 收集 售 受理 书 属于 数额 税务 思卿 司法 诉讼 随 贪污 提起 通知 头脑 危害 违章 为由 委托 嫌疑人 线索 刑法 刑事 刑事诉讼法 性质 姓名 严打 严厉 严重 一体 用人 在场 增大 增多 照片 侦查 证据 证明 知识产权 职务 执行 致使 秩序 治安 中级 宗旨 走私 最高 罪 渎职 
---- Cluster id #35 ----
Size: 73
安全 标志 不便 仓库 草 草地 长江 打工 地面 地下 电力 电器 杜绝 发电 繁华 房屋 该县 个人 购物 奖励 距离 捐 科学家 空气 库区 跨越 扩建 垃圾 绿化 民心 南方 农业部 起步 企业界 器材 桥梁 全市 任何 如下 三峡 商店 上游 射击 设施 生长 施工 事故 市政府 市中心 试验 水库 水源 水准 损害 所在 条例 投诉 物品 线路 消防 新建 兴建 畜牧业 延伸 移动 移民 应 游泳 植物 重庆 重庆市 周围 作业 
---- Cluster id #36 ----
Size: 364
安定 安装 澳门 颁布 办 办事 邦国 薄弱 保障 保证 本领 表决 表率 不正之风 不准 部署 采取 参考 草案 层次 查处 常委会 常务 长官 成果 成效 程序 惩治 承受 充分 充实 筹备 初步 出台 处分 处理 窗口 闯 促进 措施 大胆 大会 大气 代表 代表大会 代表团 待 单位 党风 党员 党政 党政机关 得到 地方 典型 调动 督促 遏制 发挥 发扬 法 法规 法律 法制 法治 繁重 反 反腐倡廉 反映 方案 方略 方面 方式 方针 防止 放 分子 服务 腐败 赋予 负担 改革 改进 干部 个别 各个 各级 各位 各项 各种 工作 公务员 共计 够 观念 贯彻 广大 广泛 规范 规划 规则 规章制度 轨道 贵鲜 国家 国家机关 过渡 河南 狠抓 弘扬 候选人 划分 环节 换届 会计 活动 基本法 机 积极 积极性 激发 集资 及时 急需 计划经济 纪检 纪律 纪云 家华 加强 假货 监察 监督 坚持 坚持不懈 坚定不移 坚决 肩负 艰巨 艰苦奋斗 检查 减轻 健全 健行 建立 建设 交往 接待 结合 解放思想 借鉴 紧密 进行 精神文明 精心 经贸委 纠正 举办 决定 开放 开拓进取 开展 框架 来信 老年人 礼品 立法 力气 力求 联系 廉洁自律 廉政 领导班子 流失 落实 迈出 迈向 蔓延 每次 每年 密切 民主 模范 目标 难点 难度 内容 拟 年 努力 培训 配合 批 评议 普遍 起草 起来 强化 强烈 切实 清理 情况 庆典 取得 权力 权威 全会 全局 全面 确定 群众 群众性 热点 人大 人大代表 人民 人员 任期 任务 认真 日常 奢侈浪费 社会 设立 深入 审计 审议 十五大 实际 实施 实效 实行 使命 适应 市场经济 收费 树 树立 顺利 探索 趟 特别 特点 提供 提名 提请 体会 体系 体育 条件 铁映 听取 突出 土壤 推进 拓宽 外国 完善 违法 围绕 维护 位置 尉 我国 吸收 现象 宪法 项 效果 协调 信访 形式 形势 行使 行为 行政 行政区 修订 修改 宣传 选出 选举 严格 严禁 严肃 邀请 要 要求 一级 意见 意愿 议案 议会 应有 涌现 勇于 有关 有力 有效 有序 有益 预防 原有 原则 源头 灾 责任 责任制 增强 赠送 扎实 针对性 征求 整体 整治 正当 正气 政府 支 支持 职权 职责 直接 执法 指标 制定 制订 制度 制约 制止 治 治国 治理 中华人民共和国 重大 重视 重要 主办 主要 注册 注意 注重 抓好 抓紧 抓住 专门 专项 追究 准 着眼 着重 自觉性 自身 综合治理 总结 组成 组织 钻研 遵循 做好 作出 作风 作为 作用 
---- Cluster id #37 ----
Size: 53
安徽省 称号 出版社 大连 电视台 服务队 歌舞 歌舞团 贵州 海南省 合肥 河北省 河南省 湖南省 江苏省 江西 江西省 禁止 剧团 剧院 科教 科委 科协 蒙古 宁夏 农科院 青海 荣获 三下乡 山东省 山西省 陕西 陕西省 社长 深圳市 四川省 太原 图书馆 团长 武汉市 先进 新闻 宣传部 演员 医院 艺术团 云南省 浙江省 职业道德 中心 中医 中医药 主持人 
---- Cluster id #38 ----
Size: 182
奥地利 保健 报刊 倍 表演 拨 拨款 不足 步入 部 藏 册 场所 称赞 承担 初中 出版 处于 传 传输 创办 纯收入 此前 达 大小 丹麦 当地 档案 倒 得出 等 地 地理 断 队 儿童 发射 佛教 服装 各类 根 公民 公顷 共有 购 古老 固定 归 汉 航班 好评 合 河 黄金 获得 基建 级 继 家庭 价 监狱 建成 交付 教 阶层 节日 今 近年来 经 经典 境内 旧 竣工 开办 刊物 科 可观 课题 拉萨 累计 历时 辆 量 列为 流行 论 论文 媒体 每 每月 每周 免费 面积 民间 内地 年均 盘 平方米 平均 瓶 普查 起点 签 权利 全国性 全区 人次 人均 人士 设有 省市 使用 世 首要 受灾 书籍 数 私人 所 特殊 通讯 同一 统计 图书 推荐 网络 卫生 文字 西藏 习惯 戏曲 下乡 现有 县 县长 享有 小学 校 信仰 修复 修建 悬挂 选民 学生 学术 严寒 医疗 医生 医学 遗产 议论 印 影片 拥有 优惠 语言 原始 遭受 占有 招生 整理 政 证实 支援 中部 中期 中央政府 著作 助 转 撰写 庄严 状况 资助 自然 自行车 自治区 自主 宗教 总数 罪犯 座 
---- Cluster id #39 ----
Size: 163
阿拉伯 阿拉法特 阿盟 阿齐兹 埃及 安理会 安南 奥尔布赖特 巴 巴格达 巴勒斯坦 巴黎 白宫 抱 报道 报名 本报 避免 编辑 波兰 布鲁塞尔 常任 常驻 撤军 冲突 出访 此间 促使 磋商 达成 打算 大规模 担心 地点 电 电话 调解 订 动武 动用 发布会 发言人 法国 分歧 否认 符 各方 关切 官员 国防部长 国务卿 果 海湾 号 核查 和谈 华盛顿 记者 加紧 加剧 架 焦点 结束 解除 解决 紧张 谨慎 救援 局势 拒绝 据说 据悉 决议 开罗 科恩 科威特 可能性 克林顿 库克 黎巴嫩 理事国 利比亚 立场 联合国 联盟 另 美 美军 美联社 穆巴拉克 内阁 内塔尼亚胡 普里马科夫 前往 前夕 谴责 欠 桥本 情绪 认可 认为 萨达姆 声明 什么样 食品 是否 试图 艘 特使 特委会 通报 透露 突尼斯 途径 推迟 外长 外交 外交大臣 威胁 危机 危险 为首 斡旋 武力 武器 西岸 希拉克 显然 销毁 协议 新华社 新闻界 行 行动 叙利亚 寻求 耶路撒冷 一致 伊 伊拉克 伊朗 伊斯兰 以 以色列 议长 引人注目 英 英国 犹太人 油气 舆论 约旦 约旦河 之间 之前 制裁 中东 中亚 诸如 准备 总统 总统府 最新 
---- Cluster id #40 ----
Size: 182
安 败 办事处 薄 保卫 爆发 被动 不幸 部队 才能 参与 策略 长征 朝鲜 成立 持久 崇高 初期 创建 春耕 促成 打 担负 诞生 当选 党性 党组织 导弹 到达 德 等待 敌人 底 奠定 东方 动员 斗争 独立 独立自主 夺取 恩来 发动 发起 复杂 高尚 革命家 根据地 巩固 贡献 共产党员 共和国 国防 国民党 海军 红军 后 后勤 华北 怀念 患 毁 极端 急 坚定 坚强 艰苦 艰难 艰辛 杰出 解放 借助 进攻 精力 久 军 军队 军民 军事 军委 抗日 抗日战争 抗战 空军 历程 利 灵活 留给 旅 率领 命令 耐心 内心 弄 朋友 篇 品格 平原 迫使 期间 前线 全军 人民军队 任职 认清 日报 日本 山西 善于 少奇 身 身边 生涯 胜利 师 时期 士兵 司令员 似 岁月 损失 所属 他 投身 退 拖 顽强 文选 无产阶级 无限 武警 武装 西安 西北 牺牲 献给 想象 消极 协助 写道 心血 信念 训练 一起 一生 以为 引 踊跃 愉快 院校 运动 早 占领 战 战斗 战斗力 战术 战役 战争 掌握 这部 真 真理 争取 政权 政治家 之一 指挥 致力 中央军委 忠诚 主持 主观 驻军 装备 壮大 卓越 子文 自力更生 字 总政治部 组建 作战 
