---- Cluster id #1 ----
Size: 0

---- Cluster id #2 ----
Size: 239
阿根廷 爱好者 奥委会 奥运会 巴西 颁奖 北爱 被告 比分 比例 比索 便宜 冰球 冰雪 病毒 波音 不良 彩电 拆借 长期以来 长野 出售 传销 答 大藏省 大赛 大雨 贷款 担保 党建 盗版 灯 等级 抵押 东北部 东京 冬奥会 动物园 兑换 对象 多利 夺冠 发放 菲 分类 分配 分行 风光 符合 福利 负债 该厂 该行 歌曲 歌声 购 购物 光盘 国大党 国际象棋 哈佛 汉城 贺卡 洪水 虎踞 华为 滑雪 画家 话剧 欢乐 环保局 黄淮 回收 会员 火箭 获奖 货币 家长 加元 甲Ａ 建 江淮 江西省 角 角逐 饺子 教练 教练员 教堂 教职工 借 金牌 金融业 锦标赛 谨慎 经济林 竞选 具备 剧目 咖啡 开业 科恩 科龙 科特迪瓦 可 客户 控制 快乐 拉那烈 来源 篮球 老虎 冷空气 利润 例 联赛 辽宁队 卢布 马克 马尼拉 每月 美军 描写 秒 鸣 名将 墨西哥 奶奶 南极 男篮 男排 内阁 内塔尼亚胡 浓郁 农科教 女排 女性 欧佩克 排球 啤酒 贫困户 品牌 平安 屏幕 气象台 桥本 球队 球员 取消 热水器 热线 人民党 塞拉利昂 赛场 赛季 散文 商家 商品房 商业 少儿 社团 实物 世界杯 世界纪录 市场化 室内 视 收 手机 书店 书画 双拥 水浒传 苏丹 苏哈托 速滑 太空 特困 听众 投放 投诉 推销 外债 玩 万达队 网球 委内瑞拉 温饱 问 问世 武术 舞蹈 舞剧 务工青年 西岸 西非 细胞 现金 限额 相声 祥和 削减 消费 小到中雨 写作 信贷 信用 行长 需 选票 雅加达 亚军 一等奖 意味着 银行 银行业 盈余 邮票 约旦河 运河 增 帐篷 这家 阵线 政策性 支付 直升机 中国队 中国画 钟山 主场 主持人 主教练 住房 住宅 祝福 资金 租 妍 
---- Cluster id #3 ----
Size: 113
安 败 办事处 薄 保 爆发 被动 参与 策划 策略 长征 朝鲜 持久 春 春耕 促成 打 大众 到达 德 敌人 抵制 动员 独立自主 夺取 发动 发起 翻译 封锁 风采 根据地 巩固 共产党员 国防 国民党 国务 核 红军 后勤 华北 毁 会场 借助 进攻 经济基础 军 军队 军民 军区 军事 军委 堪称 抗日 抗日战争 抗战 旅 民 命令 篇 票 迫使 前线 人民军队 人人 日报 生涯 胜利 师 失 时期 士兵 所属 太原 拖 顽强 文选 文章 我党 我军 无产阶级 武装 伍 消极 消灭 协助 雄厚 修权 引 踊跃 运动 早 占领 战 战场 战斗 战斗力 战术 战役 战争 张北 掌握 争取 政权 指挥 致力 中央军委 主观 驻军 壮大 子文 自力更生 总参谋长 作战 
---- Cluster id #4 ----
Size: 120
吧 背后 遍 不知 层层 尝 唱 称为 出生 传媒 大道 店 跌 动 动人 读 读者 翻 风 风情 父母 盖 敢于 歌 革新 狗不理 古典 豪华 好像 红 花 缓 荒山 寄 劲 京城 觉得 开 棵 老 老板 老人 磊 理 落 吗 买 卖 没 美丽 门口 门前 牡丹 哪 那 呢 年年 女子 片 飘 前来 圈 缺乏 人间 散 商标 商店 烧 神圣 审美 师傅 失去 诗 诗歌 诗人 时节 实验 首 思 死 算 天空 桶 透露 退休 脱颖而出 为何 温暖 物 献给 香 像 小事 欣赏 心理 心声 形 行 修 严谨 延安 言 眼 野生 移 艺术品 意思 营养 优美 雨 阅读 载 在 怎么 照 这儿 真 正好 之 之上 
---- Cluster id #5 ----
Size: 155
版 包装 避孕 冰箱 玻璃 材料 采用 彩色 测试 插 出版物 船 船舶 大型 地位 电厂 电视 电信 电子 动物 独资 短 吨 多媒体 发电 发射 防 辐射 服务业 港口 高档 高效 工业 工艺 公园 管制 光 广告 国家级 含 航天 核电站 化肥 化工 基因 机械 机组 激光 集装箱 技术 计算机 加工 检验 轿车 接 接近 节目 节水 禁止 精 井 景观 开发 抗 空中 控股 宽 矿 立方米 连接 林业 旅游 码头 煤 煤炭 名牌 模拟 摩托车 年产 农 农药 配套 品种 普通 期货 汽车 千瓦 桥梁 认证 容量 沙漠 摄影 设备 生产 生产线 生物 输 数据 数字 水电 水泥 饲料 塑料 隧道 特有 替代 天然 通信 同步 铜 图像 脱 外商 网 卫星 系统 相关 新兴 新型 型 性能 循环 养殖 药 药品 药物 医药 移动 仪 仪器 以上 以下 应用 用 用户 优质 邮电 原料 允许 运输 占 珍贵 纸 致 制品 制造 制作 中方 中药 主导 专利 专用 装置 咨询 综合 
---- Cluster id #6 ----
Size: 62
弊端 贬值 变动 操作 炒 筹集 导致 东南亚 动荡 杜绝 发展中国家 防伪 菲律宾 估计 股东 股票 股市 官方 过度 话题 环节 汇率 急需 即 价值 驾驭 交易 刊登 看出 乐观 类似 例如 流动 流入 泡沫 偏 取决于 全球 人民币 升 使得 收盘 顺差 私人 泰国 投机 突然 外汇 吸引 效应 心情 虚假 要素 印度尼西亚 优 有待 月球 增值 证书 至 资本 足够 
---- Cluster id #7 ----
Size: 178
爱尔兰 北 本质 比较 比如 编写 变成 变革 变为 标志 表达 别的 别国 并非 博物馆 不可 成就 成熟 初级阶段 创立 创造性 错误 打开 道路 得 邓 邓小平理论 地域 定位 丢 东西 动摇 独特 多样化 发达 飞跃 丰富 否定 富强 富裕 该书 概括 纲领 高潮 高考 革命 公有制 共产党人 共识 故居 观察 观点 光明 核心 还要 回答 回顾 获悉 基本 激励 集体 继承 纪念馆 建国 讲 教材 教训 叫 揭示 阶段 阶级 结果 近 经历 救 卷 开创 科学 口号 理论 理想 理性 历史 历史性 联 烈士 领会 领袖 论断 论述 论证 马克思 马克思主义 迈进 毛 毛泽东思想 面 面向 命运 陌生 谋 内涵 凝聚 判断 评价 期刊 旗帜 前进 前列 前途 清楚 清华 清醒 全党 确立 确认 人物 认识 三中全会 社会效益 社会主义 生产力 生机 失误 十四大 时代 时候 实践 世纪 逝世 收藏 所在 它 套 特色 特征 贴近 推出 唯一 为什么 伟大 文化部 文物 文献 物质文明 系列 鲜明 向前 小平 以后 以来 以前 意义 勇气 原理 运用 赞助 造就 泽东 怎样 展开 哲学 这个 这块 真理 正是 政党 郑重 指导 指引 中国 中山 中宣部 重任 著作 庄严 准确 资本主义 
---- Cluster id #8 ----
Size: 69
安排 比重 编 编制 补贴 财力 财税 财政 采购 超 呈现 赤字 档次 到位 得益 低于 锭 纺织 非 分布 高于 工资 攻坚战 关税 国有 好转 济南 加 艰苦创业 减少 节 解困 开支 昆明 累 离退休 弥补 难关 其中 契机 欠 抢 敲 庆 生产能力 适度从紧 收入 收支 税收 通 突破口 外贸 完成 武汉 武汉市 相应 压 压锭 压缩 沿海 有所 预期 预算 元 增幅 征收 支出 转移 总量 
---- Cluster id #9 ----
Size: 282
啊 爱 八一队 杯 冰 病 伯伯 不顾 采访 参观 差别 长城 成 吃饭 冲 初步 传达 此事 搭 答应 大地 大海 大姐 大连 大门 大桥 大学生 带 诞辰 诞生 当 当做 党内 导弹 导演 到底 道理 得知 典范 调 读书 度过 顿 夺得 恩来 饭 房子 封 夫妇 夫妻 父亲 负责人 附近 赶 赶到 感到 感情 告 跟着 工人 公仆 关怀 官僚主义 观看 观众 国产 国王 过去 海军 后果 后人 呼唤 话 怀念 坏 回 回到 回去 活 激动 记得 记录 记忆 纪念 家属 艰难 见 讲述 交谈 接触 接到 接见 接收 结婚 尽 敬爱 镜头 久 俱乐部 开会 看 看看 客人 空军 空气 老师 老一辈 历程 联欢 了 灵魂 令 留 留下 鲁迅 路上 率领 枚 面貌 名字 目光 哪里 那么 那时 那种 耐心 南京 难忘 内心 你 你们 念头 您 浓 弄 女工 偶然 拍 朋友 批示 乒乓球 平凡 平静 气氛 前后 桥 亲 亲切 亲属 青 轻松 情 请 庆祝 球 去 去世 全场 全军 让 热爱 热带 人格 人家 人们 人群 日本 日子 荣 如此 上班 上面 少奇 身 身边 身上 身体 深处 深情 深受 声音 生命 生日 事宜 释放 视察 视为 试 熟悉 说 说话 思念 岁月 他 踢 题词 天安门 听 听到 统战 统战部 投身 托 挖掘 外出 外交部长 完 晚 忘 微笑 危险 伟人 位 慰问 文革 文化大革命 我 无限 西安 西北 牺牲 戏 细致 想 想到 想起 想象 消息 小伙子 笑 些 写道 新年伊始 心 心里 心中 信 休息 眼睛 演唱 样子 冶金 一派 一起 一生 依然 衣服 以为 意外 毅仁 印象 迎 颖超 永恒 遇 赞扬 遭到 展 战友 找 照顾 召集 这里 政治家 知道 知名人士 之际 之内 直到 值班 指示 中南海 周 周年 住 卓越 着 字 总理 走过 最后 魅力 
---- Cluster id #10 ----
Size: 69
拜年 步骤 长远 倡议 潮流 大陆 大业 当局 党派 到来 对此 儿女 反响 分离 分裂 分歧 妇联 工会 构想 海内外 海峡 和平 呼吁 华人 回应 佳节 加深 交流 进程 警惕 决心 两岸 领土 民心 民众 农历 其琛 企图 商谈 深切 深远 世纪之交 势力 台湾 谈判 探亲 同胞 统一 投票 完整 往来 务实 希望 现实 现状 心愿 一国两制 遗憾 愿望 赞同 造福 展现 政局 重申 主权 主张 状态 祖国 阻碍 
---- Cluster id #11 ----
Size: 41
白酒 包含 北风 比 不幸 沉重 大户 堆 兑 飞 工商局 寒风 寒冷 喝 甲醇 假 检测 酒 局 据说 块 连日来 披露 贫穷 全县 山西 山西省 声 收回 售 贴 停产 雪 造 摘 制 中毒 抓获 装 追 总书记 
---- Cluster id #12 ----
Size: 60
爱心 部委 差 充满 创业 打工 付出 感动 华侨 家里 家人 家乡 艰辛 奖金 街头 救助 具 捐 捐助 看见 颗 苦 留给 母亲 拿 那天 那些 女儿 女士 拍卖 跑 贫困 评选 企业界 启动 情景 穷 全家 陕西 陕西省 剩下 她们 题写 听说 脱贫 外面 喜悦 现任 献 辛苦 新闻界 幸福 音乐会 早期 丈夫 这么 挣 旨在 主编 组委会 
---- Cluster id #13 ----
Size: 85
颁发 办法 办理 保留 本 采矿 采矿权 层 撤销 承诺 出资 储量 处 登记 地质 发布 发行 范围 供 公告 关闭 管理 国务院 会同 基金 简称 减 减免 交易所 缴纳 警告 开采 开设 勘查 矿产 联网 领 领取 买卖 免 名称 年度 平方公里 评估 起 气 签订 区别 日 上网 申报 申请 深圳 审批 时报 手续 他人 探矿权 特定 提交 天然气 铁 停止 投资者 限期 许可证 延续 以外 义务 银 营业部 予以 原 暂行 账户 招标 证监会 证券 指定 主管 转让 资格 资料 资源 最低 
---- Cluster id #14 ----
Size: 73
暴露 编者 补 产权 承认 持 创 创汇 促 存量 大胆 单一 法案 该市 跟 耕地 工 攻击 功夫 公认 公众 骨干 股 股份合作制 股份制 国会 好处 集体经济 佳 价值观 江苏 抗议 来临 冷战 利税 男女 盘活 妻子 其它 侵犯 全省 缺 人权 融合 生命力 事实上 事物 所谓 所有制 台阶 天下 停留 外国人 外来 乌鲁木齐 相同 乡村 乡镇企业 消耗 兴办 宣言 迅猛 研究会 因特网 邮政 有限 债权 珍惜 执政 指责 中小企业 周刊 作者 
---- Cluster id #15 ----
Size: 140
搬 保值 报警 报纸 陈旧 乘客 持有 筹措 楚政 床 春风 大雪 歹徒 带领 到期 登 地上 东方 冬 断 兑付 方便 飞机 飞行 奋战 份 扶 扶贫 付 富 赶来 告别 隔 根 工地 购买 孤儿 国债 过 过硬 航空 航线 好事 合肥 划 患 机场 集团公司 挤 计 计算 记 架 建房 脚 进 军营 开阔 口 啦 来到 蓝天 里 利息 连队 脸 脸上 玲 流 路子 绿色 满 冒 每人 民兵 民航 男子 年级 年利率 暖 爬 彭 捧 凭证式 破 期 起步 青春 清 秋 邱 全村 人生 如同 山区 上门 双 双手 水 水源 睡 司令员 似 送 躺 趟 掏 提前 天 填 跳 头 脱贫致富 碗 网点 湘西 乡亲 小姐 选 血 呀 羊 养猪 爷爷 夜 英雄 营业 涌 逾 咱 扎 债券 镇 阵阵 只 只见 仔细 自治州 走访 足 
---- Cluster id #16 ----
Size: 61
边境 波兰 撤军 出国 传递 吹 磋商 达成 等待 对抗 反应 访华 感 高级 公报 固定 轰动 华 回忆 会晤 柬埔寨 结束 开幕 离 利 临近 留学生 罗马尼亚 蒙古 敏感 莫斯科 普通话 日期 身份 实质 使馆 守 司长 苏 苏联 谈 谈话 特使 同 推 外长 相互 消除 新任 信息 愿意 越 越南 障碍 这时 真实 正常 正常化 周边 转达 着手 
---- Cluster id #17 ----
Size: 71
阿 北部 北约 本地 本国 波罗的海 不满 长工 创办 大国 大庆 典礼 独联体 俄 各国 各自 工厂 攻 光彩 光荣 哈 海 后者 湖 吉 艰苦 勘探 理事会 联盟 某种 那里 平原 强劲 人文 深感 渗透 石油 实验室 试图 首脑 属 它们 条约 维和 乌 乌克兰 西方 西欧 献身 削弱 宣布 演习 一体化 依旧 伊朗 伊斯兰 应付 用品 幽默 忧虑 油气 油田 元首 院校 张家口 找到 争 争夺 直至 中亚 装备 
---- Cluster id #18 ----
Size: 56
北大 本轮 比赛 边界 表 斌 参赛 常 闯 倒闭 电视台 掉 段 对付 对手 房间 分 获胜 击败 简单 江南 精彩 决赛 开幕式 可谓 轮 名人 名人战 排 排名 盘 棋 棋手 强 取胜 人民日报 日记 赛 赛事 上届 深圳市 受伤 淘汰 通讯 围棋 席位 下属 选手 赢 预赛 遭 战胜 招 主办 子 昊 
---- Cluster id #19 ----
Size: 63
抱 暴力 本报 波恩 波黑 不便 不错 不见 常驻 冲突 此次 村庄 大规模 对话 多少 恶化 返回 分子 关注 警察 局势 科索沃 恐怖 兰州 联络 楼房 媒介 牧民 南 南斯拉夫 内政 年龄 年轻人 农家 拼搏 评论 葡萄 普里马科夫 前 谴责 上来 声明 实实在在 天地 通报 同样 外部 位于 西部 响 小组 新疆 行人 匈牙利 选拔 阳光 油 游客 远 震 制裁 重返 坐 
---- Cluster id #20 ----
Size: 62
把 保卫 奔 部队 长沙 车辆 称号 称赞 大队 大楼 担负 动作 恶劣 改编 岗 公安局 合格 机动车 家中 交警 交通 街 牢记 礼貌 练 民警 年轻 怕 热潮 认清 伤 上岗 上任 设 深 实 事故 市区 司机 送礼 停车 透 忘记 违章 武警 掀起 现场 辛勤 心态 形象 训练 一流 战士 真相 支队 治疗 中小学生 忠诚 撞 子弟兵 自行车 组建 
---- Cluster id #21 ----
Size: 101
白 柏林 边 兵 波 蔡 藏族 查 朝鲜族 陈 川 戴 单 刀 董 范 方 房 冯 傅 高峰 歌剧 龚 古 冠军 贵 郭 国权 海口 韩 贺 侯 胡 黄 惠芬 季 姜 金 锦华 晋 俊 康 蓝 乐 乐团 黎 梁 廖 林 临 刘 楼 陆 吕 梅 蒙古族 苗 明 墨 聂 牛 潘 齐 钱 邵 沈 盛 施 石 抬 谭 唐 田 万 王 韦 维也纳 文 吴 舞 西 席 肖 熊 徐 严 阎 演奏 扬 叶 音乐 俞 袁 圆 跃 正 郑 祝 资 邹 闵 
---- Cluster id #22 ----
Size: 149
报 必要 不得 部门 采取 仓库 称 处罚 措施 待 逮捕 单位 地点 地下 地震 电力 电器 定价 都市 罚款 法庭 房屋 防震 负责 该 干预 钢琴 个人 给予 供电 公安 公安部 公布 构成 管辖 规定 患者 火灾 价格 监测 检察院 减灾 鉴定 降价 结论 紧急 经过 经营者 救援 救灾 居住 距离 抗震救灾 可以 跨越 款 扩建 理由 立案 列 律师 绿化 没收 米 秘密 名单 内 批准 聘请 期限 其他 器材 抢险 情节 请求 取 权 权限 缺少 确定 人民政府 任何 认定 伤亡 商品 上述 射击 设施 省级 施工 事实 是否 适用 收到 收集 收取 属于 水库 税 随 损失 提供 提起 条 条例 通知 同意 童 为由 未能 文件 物品 物资 嫌疑人 县级 线路 销毁 消防 消费者 新建 刑事诉讼法 行为 姓名 询问 延长 延伸 应当 有关 预报 预测 灾害 灾情 灾区 在场 造成 责令 章 照片 侦查 证据 证明 直辖市 指 志成 重建 珠江 自救 遵守 作业 
---- Cluster id #23 ----
Size: 285
ＶＣＤ 云 爱国主义 安定 把握 摆 办 邦国 保证 闭幕 必然 不好 部署 参政议政 茶话会 阐述 长江 成绩 成效 承受 充分 出席 春云 达标 打假 大局 大中型 代表团 代表性 道德 抵御 调动 调研 动手 对外 夺 发挥 发言 发扬 反映 方法 方针 防火 防治 非公有制 氛围 丰收 风貌 风气 服从 服务 赴 负担 改革 干 纲要 高举 搞好 稿 各地 各界 各项 各种 攻坚 公务员 古巴 观念 灌溉 贯彻 光亚 广大 广泛 规范化 贵鲜 过渡 海南 海洋 含量 汗水 好 浩田 河南 贺电 宏伟 互补 华清 回归 会议 活跃 机关干部 机遇 积极 积极性 激发 计划 计划经济 计划生育 家宝 家华 假货 坚持不懈 坚定不移 坚强 艰巨 减轻 建立 建设 建议 江 讲话 交往 教育 结合 解放思想 解决 紧 锦涛 精简 精神 精神文明 精心 经贸委 举世瞩目 举行 开放 开拓 开拓进取 看望 抗灾 考察 科技界 可喜 库区 列入 鲁丽 履行 率 落实 马来西亚 迈出 矛盾 门路 面临 民工 民主 目标 农村 农民 农业 努力 挪威 排放 平稳 强有力 抢救 乔 侨胞 切实 青海 倾斜 渠道 取得 全局 全体 确保 群众性 日程 入手 瑞环 三峡 森林 社会 设置 实际 实事 实现 收成 手 树 树立 水土 顺利 思路 所有 探索 讨论 特区 提醒 题 挑战 条件 铁映 突破 土地 团体 推动 推进 推向 拓宽 拓展 围绕 伟长 文明 稳定 稳妥 吸收 下功夫 下去 象征 协调 协商 新 新鲜 信心 形式 形势 选平 研讨 研讨会 演讲 要 要求 页 依靠 移民 意识 意愿 议题 因地制宜 因素 应有 迎春 硬 勇于 优良 优势 有效 与会 预定 责任感 泽民 增产 增强 增收 扎实 展望 章程 招待会 兆国 振奋 振兴 正英 政策 政府 政协 支持 职能 职业道德 指标 致富 致以 制订 制度化 智利 治 中心 重庆 重庆市 重视 周围 注重 驻地 专题 准 着眼 姿态 总结 总体 组织 做好 作用 座谈 座谈会 孚凌 F基 
---- Cluster id #24 ----
Size: 65
背 边防 菜 菜篮子 产 产销 产值 大街 大棚 大树 大中城市 短缺 繁华 副食品 高原 格局 工程 供给 供应 公斤 官兵 基地 鸡 急 郊区 精美 连锁 良种 流通 龙头 绿 模式 农场 农科院 农垦 批发 奇迹 气温 清晰 全市 肉 软件 啥 摄氏度 食品 蔬菜 水果 挑 土 网上 系统工程 县政府 销 鱼 玉米 栽 栽培 占地 中期 种植 种子 株 转化 转向 总产值 
---- Cluster id #25 ----
Size: 143
安全 案 百姓 办案 薄弱 保障 爆炸 本次 表彰 不够 参考 查办 查获 承办 辞职 促进 错 打击 大事 典型 毒品 队伍 发掘 发票 发生 发现 罚 法制 繁重 犯罪 防止 赋予 干警 个别 各级 各类 各位 工作 狠抓 贿赂 活动 获取 机关 集中 及时 加强 监督 坚持 肩负 检察 检察长 件 健全 接待 解释 禁毒 经费 纠正 举办 举报 开展 可靠 课 力气 流失 迈向 密切 命名 模范 年 判决 培训 培训班 配合 批 破坏 起诉 墙 强烈 抢劫 轻 全面 人事 人员 任务 认真 上下 涉嫌 深入 审查 适应 受理 思卿 素质 贪污 提案 体会 突出 完善 危害 维护 线索 效果 刑法 刑事 行使 行政 性质 宣传 严厉 严重 一体 涌现 有的 有力 有些 有序 扎扎实实 展览 针对性 整顿 整体 整治 正气 职务 职责 直接 执法 执行 制度 秩序 治安 治国 抓 抓紧 自觉 自身 综合治理 走私 最高 罪 作为 渎职 
---- Cluster id #26 ----
Size: 52
巴黎 白色 本届 博览会 超越 大师 大厅 代 饭店 分为 风范 风格 服装 感慨 敢 个性 故事 合 黑 画 技巧 奖 揭晓 课堂 空白 扣 良性 媒体 配 评 气息 全新 荣获 荣誉 融入 色彩 设计 设计师 师生 时尚 思维 缩短 添 同行 痛苦 显 想法 一代 营造 誉为 展示 帷幕 
---- Cluster id #27 ----
Size: 100
班长 伴随 帮 帮扶 帮助 报名 笔者 别人 病人 残疾人 场地 长途 车 车站 城 传播 串 丛书 大家 党组织 岛 儿子 锋 奉献 幅 服务队 感受 个体 姑娘 顾客 挂 挂牌 柜台 弘扬 互助 怀着 换 回家 火车站 货 激情 季节 家电 姐妹 军人 肯 拉 雷 妈妈 忙 们 明星 某部 牌子 派出所 亲人 青岛 青年 青少年 取代 热闹 热情 热心 三下乡 社 社长 生意 实用 事迹 市民 首都 受益 书 书法 司 送给 她 挑选 停 同学 团中央 望 温馨 喜爱 下乡 响起 新风 新人 徐州 学 巡警 依托 有人 与会者 再现 展出 征文 植树 志愿 志愿者 
---- Cluster id #28 ----
Size: 118
安装 办事 本领 本人 标准 表率 宾馆 不正之风 不准 财务 查处 出台 处分 窗口 此案 村委会 村务公开 带头 党风 党性 党员 党政 党政机关 第一线 电话 电台 斗争 对策 遏制 反 反腐倡廉 腐败 负 干部 干群 公开 公款 滑 会计 基层 机 纪检 纪律 纪委 监察 监控 坚决 艰苦奋斗 健行 金钱 紧密 考验 浪费 礼品 立 廉洁自律 廉政 领导班子 漏洞 蔓延 配备 评议 强化 清理 庆典 权力 全会 容易 上级 奢侈浪费 审计 十五大 时健 实体 收费 受贿 土壤 推行 外 外地 违法 违反 违规 违纪 位置 尉 现象 乡镇 项 烟 严格 严禁 严峻 一级 诱惑 舆论 娱乐 预防 源头 责任 责任制 赠送 账 至关重要 制约 制止 治理 重要性 抓好 专项 追究 准则 着重 自 自觉性 钻研 作风 褚 
---- Cluster id #29 ----
Size: 196
奥地利 班 保存 保健 报刊 倍 表演 拨 拨款 不足 步入 部 灿烂 藏 册 场所 初中 出版 出版社 处于 穿 传 传输 纯收入 此前 从业 达 大家庭 大小 丹麦 当地 档案 得出 等 地 地理 电视机 电影 顶 队 对口 儿童 佛教 妇女 歌舞 歌舞团 公民 公顷 共有 古老 归 海拔 罕见 汉 航班 好评 河 黄金 获得 基建 级 继 价 监狱 建成 奖励 交付 教 街道 阶层 节日 今 近年来 经 经典 景象 境内 旧 竣工 开办 刊物 科 可观 课题 拉萨 累计 历时 辆 量 列为 流行 流域 论 论文 落后 每 每周 免费 民间 那曲 内地 年代 年均 农户 平方米 瓶 普查 起点 签 权利 全国性 全区 人次 人均 人口 人力 设有 生长 省市 使用 世 世人 首要 受灾 书籍 数 死亡 岁 所 台 特大 特殊 通用 同一 统计 图书 图书馆 推荐 网络 维修 卫生 文字 西藏 习惯 戏曲 现有 县 县长 乡 享有 校 信仰 兴建 修复 修建 悬挂 学生 学术 雪灾 严寒 演出 医疗 医生 医学 医院 遗产 艺术团 议论 印 影片 拥有 优惠 语言 原始 灾民 遭受 占有 整理 政 证实 支援 中部 中小学 中央政府 助 转 撰写 状况 自然 自由 自治区 自主 宗教 总数 罪犯 座 
---- Cluster id #30 ----
Size: 73
背景 本身 播出 侧面 拆 超出 城市 创作 大气 单纯 地球 电视剧 雕塑 度 对立 风景 感染 感人 公共 广场 规律 汉年 杭州 毫米 和谐 忽视 画面 环 家园 讲究 角色 精品 空间 垃圾 栏目 里面 美术 某 哪个 难免 内在 拍摄 品格 品位 铺 气候 情感 人类 丧失 深度 双重 塑造 太阳 腿 挖 文艺 戏剧 显得 现实主义 心灵 性格 修养 学会 演 演员 艺术 艺术家 引发 有机 原因 这部 主题 作品 
---- Cluster id #31 ----
Size: 42
百富勤 笔 出租车 此举 倒 东亚 发布会 港 港元 股份 国企 过年 海外 火 集资 截至 惊人 净 据悉 来自 两地 梦 能否 庞大 评为 上市 设想 投 退出 下跌 亚洲 印尼 印尼盾 忧 知名 之外 值 指数 主 自愿 最佳 崛起 
---- Cluster id #32 ----
Size: 92
Ａ Ｄ 巴 巴基斯坦 半岛 贝宁 彼此 表示 布莱尔 长足 此 大会堂 大选 大中 多极化 非洲 风暴 感谢 高层 高兴 各方 关切 关系 广阔 国 国防部长 合作 互访 互利 欢迎 会见 会谈 伙伴 记者 见面 建交 建设性 交换 介绍 经贸 经受 看法 看好 库克 来华 两会 满意 曼谷 美好 莫 莫桑比克 谋求 欧 签署 签字 前景 热烈 世贸 双边 双方 探讨 提问 体委 图片 团长 外交部 外交大臣 卫生部 舞台 相似 相信 协议 协作 谢里夫 兴趣 讯 亚 也 也门 一致 医疗队 有助于 有着 友好 友谊 援助 愿 赞赏 真诚 之间 祝贺 卓有成效 
---- Cluster id #33 ----
Size: 86
案件 澳 颁布 保护 财产 呈 惩处 承包 承担 当事人 递增 调节 懂 发明 法官 法院 犯罪分子 方略 房地产 干扰 告诉 公平 公约 公正 够 航运 合法 合同 家庭 加重 假冒伪劣 建新 解除 金额 纠纷 考试 来访 来信 劳动 劳动者 类 类型 迈 每年 民事 难度 宁波 判处 赔偿 平均 前所未有 趋势 权益 人民法院 如下 上升 少年 涉及 审理 审判 授予 数额 税务 私营 司法 诉讼 随意 损害 同类 头脑 物质 小区 协定 严打 严肃 用人 增大 增多 支 知识产权 致使 中级 中外 子女 宗旨 租赁 
---- Cluster id #34 ----
Size: 122
澳门 班子 表决 补充 财政部 草案 常委会 常务 长官 程序 惩治 充实 抽查 筹备 出访 大会 代表 代表大会 地方 督促 法 法规 法律 法治 方案 方面 放 附 改进 工作者 共计 规范 规划 规则 规章制度 国家机关 国外 候选人 划分 环保 换届 汇报 基本法 季度 纪云 检查 交 接轨 解放军 借鉴 居委会 决定 框架 老年人 立法 立足 力求 每次 难点 内容 拟 其余 起草 权威 全国 热点 人大 人大代表 人选 任命 任期 日常 设立 审议 实施 实效 使命 市场经济 授权 特别 提名 提请 体育 听取 通过 外国 委托 委员会 污染 宪法 香港 信访 兴 行政区 修订 修改 选出 选举 选民 依据 议案 议程 议会 有益 原来 原有 运作 酝酿 灾 这项 征求 正当 职权 制定 中华人民共和国 诸 主席台 主席团 注册 专门 组成 遵循 
---- Cluster id #35 ----
Size: 66
朝 城区 春运 地处 东 短短 对 厄尔尼诺 发 分工 封闭 高速 更新 公里 公路 沟通 广 广州 果断 沪 火车 货物 纪录 津 京 九 卡 开发区 开通 客车 客运 快速 昆 列车 临时 旅客 麻烦 每天 南北 南昌 南宁市 徘徊 气象 山 商务 上演 神 石家庄 时刻 售票 提 铁道部 铁路 通道 图 为主 线 小时 信号 沿线 以内 运 运行 运营 增至 郑州 
---- Cluster id #36 ----
Size: 214
安徽 巴金 办公室 办公厅 北京 北京大学 北京市 毕业 博士 部长 财经 参加 常委 常务委员 常州 厂 厂长 车间 成都 成员 冲击 出任 处长 大学 代理 当选 党委 党校 党支部 党组 地委 东北 董事长 队长 队员 分局 福建 福建省 福州 副 干事 甘肃 高等 高中 工程师 工商 工商联 工业部 工作组 共青团 顾问 管理局 广东 广东省 广西 国防部 国家教委 国务委员 哈尔滨 汉族 河南省 黑龙江 黑龙江省 红旗 红十字会 湖北 湖北省 湖南 湖南省 华南 化学 会长 获 吉林 吉林省 计委 加拿大 加入 兼 建筑 江苏省 教授 届 经理 救济 局长 剧团 剧院 军分区 科长 科委 科协 科学院 联合会 粮 辽宁 辽宁省 留学 伦敦 贸易 煤矿 秘书 秘书长 民革 民政部 民主党 名誉 南宁 男 内蒙古 宁夏 纽约 迫害 其间 清华大学 区 人事部 任 山东 山东省 上海 上海市 上将 沈阳 生 省 省长 省委 省政府 实业 事务 市 市长 市委 市政府 收获 首席 受 书记 书记处 数学 水利部 四川 四川省 所长 天津 天津市 铁路局 厅 团 外事 委员 委员长 文化 文学 西南 系 厦门 县委 相当 校长 协会 新加坡 宣传部 学位 学习 学校 学员 学院 研究生 研究室 研究所 研究员 研究院 业余 议员 游泳 有限公司 院 院长 院士 浙江 政法 政委 政治部 政治局 职 职员 指挥部 中队 中共 中共中央 中华 中文 中学 中央 中央委员 州 主任 主任委员 主席 助理 住院 专栏 专业 总队 总工会 总会 总经理 足球 组 组长 组织部 作家 
---- Cluster id #37 ----
Size: 118
安徽省 包 毕 布赫 曹 长春 程 迟 崔 丁 杜 端 费 刚 高 葛 谷 顾 关 关根 官 管 光英 海南省 何 洪 虎 华夏 回族 霍 贾 健 建华 蒋 杰 解 居 菊 举 克 孔 兰 冷 李 力 连 亮 柳 龙 卢 鲁 路 罗 马 满族 孟 苗族 敏 名 宁 女 平 迁 秦 庆林 曲 全有 群 尚 申 胜 史 舒 松 宋 孙 汤 涛 陶 铁木尔・达瓦买提 土家族 万年 汪 维吾尔族 伟 魏 温 闻 武 夏 宪章 向 谢 星 许 薛 杨 姚 彝族 易 毅 尹 英 勇 游 于 余 云 云龙 曾 张 赵 浙江省 志 钟 朱 壮族 缪 
---- Cluster id #38 ----
Size: 36
放心 纷纷 公益 故乡 孩子 回报 汇 基金会 将军 结 净化 捐款 捐赠 渴望 老伴 老区 美德 描绘 漂亮 贫困县 任职 上学 深厚 省区 失学 屋 希望工程 小学 校园 信誉 一家 犹如 真情 资助 自律 总政治部 
---- Cluster id #39 ----
Size: 311
Ｂ 安置 保持 保险 备忘录 毕业生 变化 不利 布局 步伐 层次 差距 产量 产品 产业 产业化 超过 城乡 城镇 成果 成人 持续 充足 出口 出路 出现 储备 创新 刺激 达到 打破 带动 带来 导向 低 第三产业 调控 调整 东盟 动力 对外开放 对外贸易 发达国家 发展 方式 防范 放开 放松 非法 分开 分流 丰富多彩 风波 扶持 覆盖 富余 附加值 改善 改组 干旱 高产 高速公路 高新技术 搞活 根本性 供求 鼓励 固定资产 关键 广播 轨道 国际 国民经济 国内 国内外 国土 合理 宏观 户 化解 淮河 环境 缓解 黄河 回落 混乱 活力 基本建设 基础 机电 机制 积累 激烈 疾病 技能 继续 加大 加快 监管 减员增效 健康 健身 降 交接 教学 节约 节奏 结构 进步 进出口 进口 进展 经济 经济社会 经济效益 经济学 境外 竞争 竞争力 就业 居民 开工 看待 抗旱 科技 科教 科教兴国 科普 科学技术 科研 课程 快 困难 困扰 扩大 拉美 劳动力 劳务 牢固 利用 力度 力争 联合 连续 粮食 良好 零售 灵活 领域 旅游业 买方 满足 盲目 美元 门 棉花 明显 末 某些 纳入 能力 能源 扭亏 农产品 农副产品 农田 培育 配置 蓬勃 膨胀 平衡 破产 普及 浦东 齐全 前提 前沿 潜力 清洁 趋 全 全方位 全民 全年 全球化 人心 融资 商场 商厦 上游 上涨 社会化 社区 深化 生产资料 生产总值 生存 生活 生态 升级 失业 失业率 实力 势头 适当 适度 适时 市场 试点 收购 手段 输出 水稻 水利 水平 水资源 速度 缩小 太平洋 态势 特困户 提高 体系 体制 通货膨胀 通货膨胀率 通胀 同时 统筹 统计局 投产 投入 投向 投资 推广 妥善 外资 稳 稳中求进 物价 吸纳 吸取 下岗 下滑 下决心 先进 显著 相反 项目 消费品 消化 小 小康 效益 新村 新增 需求 选择 学科 压力 研制 验收 养老 依赖 抑制 引导 引进 隐患 影视 影响 优化 优先 有利 预计 原材料 原油 约束 运动员 造林 增长 增长点 增长率 增加 增添 债务 战略性 涨幅 招生 政企 支撑 支柱 知识经济 职工 职业 智力 质量 中等 中西部 重 重点 重复 主体 注入 转变 转换 着力 资本金 自豪 综合国力 总 总额 
---- Cluster id #40 ----
Size: 382
爱国 爱护 摆脱 办公 榜样 包括 宝贵 报告 变 表现 不怕 不同 不惜 不懈 不行 步 才能 财富 产生 长 长期 厂家 倡导 彻底 成长 成分 成功 成立 成为 程度 崇高 初 初期 出 出发 出来 出色 处理 处在 传来 传统 创建 创造 词 此后 次 从事 存在 打下 大厦 带有 待遇 担任 党 党中央 到 道 得到 得以 底 地区 点 奠定 调查 定 东部 懂得 独立 锻炼 对待 对方 多 发表 发出 番 繁荣 反对 犯 分析 奋斗 复杂 改 改变 改造 干涉 感觉 岗位 高度 高尚 搞 革命家 个 各 各个 各族 给 根本 工人阶级 功 贡献 共产党 共产主义 共和国 共建 共同 鼓舞 关心 光辉 国家 国民 国情 过程 海上 喊 号召 和谈 合影 后 花园 还有 辉煌 恢复 回国 回来 会 极大 极端 集 家具 加速 加以 坚定 坚实 间 交给 教师 接受 杰出 结成 解放 进行 精力 经验 境界 局部 局面 巨大 具体 具有 句 决策 开辟 开始 看到 考虑 靠 可贵 克服 刻苦 客观 肯定 空 空前 来 劳动模范 离开 理解 利益 力量 联系 了解 领导 领导人 领导者 领先 路线 马列主义 没有 每个 缅怀 面对 面前 民主党派 民族 明确 那个 那样 南非 难 难得 难题 内外 能 能够 凝聚力 排除 派 培养 批评 品质 平等 迫切 普遍 期间 期望 其 起到 起来 启示 千方百计 强大 强调 侵略 倾听 清除 情况 求 区域 全世界 全心全意 群众 人 人才 人民 人士 人数 认为 如 如何 入 善于 商 上 上去 少 少数民族 深刻 生动 时 时机 时间 什么 实事求是 实行 使 世界 事 事件 事情 事业 是 适合 视野 手里 手中 受到 说明 思考 思想 他们 特点 提倡 提出 提到 体现 同志 统一战线 团结 退 脱离 完全 为 问题 我国 我们 喜 喜欢 洗 下 下来 先生 显示 现代化 详细 响应 享受 小说 写 新闻 心血 信念 信任 形成 兄弟 需要 学者 研究 眼光 业绩 一把手 一定 一切 一样 意见 意志 引起 应 应该 迎来 赢得 拥护 勇敢 优秀 有 右 愉快 遇到 原则 云南 在于 赞成 增进 崭新 战略 战线 站 掌声 召开 者 这 这些 这样 这种 真正 整个 正确 政治 知 知识 知识分子 之后 之前 之下 之一 之中 指出 只能 智慧 中 中华民族 中间 中医 中医药 忠实 种种 重大 重要 珠海 主持 主动 主人 主要 著名 注意 专家 准备 资产阶级 自己 自我 自治 自治县 走 走向 组成部分 尊严 尊重 左 做 做出 做到 作 作出 
---- Cluster id #41 ----
Size: 69
澳大利亚 北方 编者按 草 草地 草原 场面 吃 村 村干部 村里 村民 当中 电价 该县 攻关 贵州 河北 河北省 红色 后面 花钱 怀疑 还 江西 科学家 拉开 老百姓 厘米 乱 面积 民营 明白 名列 亩 幕 南方 农业部 盼 前面 确实 人工 人均收入 认可 上访 示范 试验 手术 水准 说法 踏 同事 喜庆 细 县城 县里 小麦 小型 兴奋 畜 畜牧业 养 游人 云南省 载体 折 植物 中科院 猪 
---- Cluster id #42 ----
Size: 41
百分点 办学 部分 筹资 储蓄 存 存款 大于 担 短期 法定 法人 幅度 高等教育 高校 工具 挂钩 机构 降低 结算 金融 京剧 考核 克隆 理顺 利率 利于 另外 名义 哪些 下调 下降 现行 寻找 一般 用于 有利于 月 这次 准备金 准备金率 
---- Cluster id #43 ----
Size: 124
阿尔及利亚 阿拉伯 阿拉法特 阿盟 阿齐兹 埃及 安理会 安南 奥尔布赖特 巴格达 巴勒斯坦 白宫 报道 比利时 避免 编辑 不如 布鲁塞尔 场 常任 成员国 此间 促使 打电话 打算 担心 德国 地面 电 调解 订 动武 动用 发言人 法国 分钟 符 官员 国务卿 果 海湾 号 核查 呼声 华盛顿 加紧 加剧 焦点 紧张 警方 拒绝 巨额 决议 开罗 科尔 科威特 可能性 克林顿 扩 黎巴嫩 理事国 利比亚 立场 联合国 联手 另 罗马 美 美国 美联社 穆巴拉克 南部 难民 闹 欧盟 欧洲 派出 前夕 倾向 情绪 瑞典 萨达姆 什么样 市中心 艘 态度 特委会 突尼斯 途径 土耳其 推迟 外交 威胁 危机 为首 斡旋 武力 武器 希拉克 希腊 袭击 显然 新华社 行动 叙利亚 寻求 耶路撒冷 伊 伊拉克 以 以色列 意 意大利 议长 引人注目 印度 英国 犹太人 约旦 中东 诸如 总统 总统府 最新 
---- Cluster id #44 ----
Size: 67
乘 传真 大臣 大使 大使馆 抵 抵达 定期 俄罗斯 访 访问 夫人 富有 该校 国旗 海关 汉语 荷 荷兰 建造 经常 联邦 琳 隆重 卢森堡 论坛 年会 旁 陪同 鹏 频繁 期待 企业家 前往 切尔诺梅尔金 日内瓦 日元 瑞士 三角洲 上空 摄 首相 书面 天气 外经贸部 晚会 围 为期 问候 西班牙 鲜花 新华 邀请 叶利钦 一行 仪式 应邀 迎接 友协 圆满 正式 祝愿 驻 驻华 总公司 总局 岚清 
---- Cluster id #45 ----
Size: 117
包袱 表面 表明 差异 尝试 成本 出去 出于 此时 大 代价 等于 电脑 动态 多元化 方向 放弃 放在 费用 分散 份额 风险 否认 改制 概念 钢铁 高低 功能 公司 规模 国家队 过来 海信 邯钢 韩国 合并 合资 衡量 怀 缓慢 回升 机会 机器 集团 家 兼并 见解 角度 节省 进入 经营 竞赛 举措 聚集 看来 可能 跨 亏损 困境 扩展 扩张 浪潮 垄断 目的 内部 纽带 牌 企业 群体 热 弱 塞 甚 失败 收益 数量 谁 题材 维持 无 无法 陷入 限度 限制 相比 销售 销售额 效率 兴起 行列 行业 迅速 业务 营销 盈利 员工 运转 杂志 占据 阵地 政府部门 值得 指明 中介 种 重组 周期 抓住 专业化 赚 追求 资产 总部 总裁 组合 最终 做法 
