---- Cluster id #1 ----
Size: 0

---- Cluster id #2 ----
Size: 472
啊 爱 爱好者 八一队 拜年 包括 宝贵 杯 北爱 北风 贝宁 本轮 本质 比分 变成 表达 别的 别人 病毒 波音 伯伯 不错 不顾 不可 不同 部分 财富 采访 彩电 参观 长 超越 成熟 成为 初 出 处在 传销 创立 创造性 春运 此 丛书 错误 打开 大地 大会堂 大家 大姐 大树 大厦 带 当 党建 到 道路 盗版 得知 邓 邓小平理论 地域 典范 掉 调 定位 东北部 东西 动物园 对待 顿 多利 多少 厄尔尼诺 儿子 发达 犯 房子 放弃 放在 飞跃 丰富 否定 夫妇 幅 父亲 该厂 概括 感受 钢铁 纲领 高潮 搞 歌曲 革命 给 跟着 工人 工人阶级 公有制 共产党人 共产主义 共和国 共识 狗不理 观察 观点 光辉 光盘 柜台 国大党 国际象棋 过 过来 过去 哈佛 邯钢 汉年 贺卡 轰动 后人 虎踞 话 话剧 怀 怀念 坏 环保局 还要 还有 黄淮 恢复 回答 回忆 会 活 火箭 货 极大 集 集体 记得 记忆 继承 甲Ａ 甲醇 建国 江淮 讲 交谈 饺子 教堂 叫 揭示 接触 接见 接收 接受 阶段 结婚 解放 尽 经过 经济林 经历 经受 警方 敬爱 镜头 救 具体 句 剧目 卷 决心 咖啡 卡 开会 开始 看 看来 科特迪瓦 可谓 客人 肯 口号 来 篮球 牢记 冷空气 离开 理解 理论 礼貌 历史 历史性 联 联欢 联赛 辽宁队 了 了解 领导者 领袖 留 留下 卢布 路上 马克思 马克思主义 毛 毛泽东思想 没有 每个 面 面对 面前 鸣 名人战 名字 命运 陌生 谋 某部 某些 目光 哪里 那 那里 那么 那时 那样 奶奶 南昌 南极 男篮 男排 难忘 呢 内外 能 能够 你们 年代 念头 您 农家 农历 女儿 女排 欧佩克 偶然 排球 判断 啤酒 乒乓球 平安 平静 棋 棋手 旗帜 气象台 前途 亲切 亲属 倾听 清除 清楚 清醒 情 情景 请 球 球队 球员 去 全党 确立 确认 确实 让 热爱 热带 人格 人民党 认识 认为 荣 如 如此 如何 入 塞拉利昂 赛季 三中全会 商家 商谈 上班 少儿 社 身上 深处 深刻 深情 甚 生产力 生动 失败 失误 时 时代 时候 时机 时间 时刻 什么 实质 世界 事 事件 事情 逝世 是 室内 视为 手里 双拥 谁 水浒传 说 说明 送礼 苏丹 所在 他 他们 它 态度 谈 谈话 套 特征 提 题词 听 听到 同 同志 头脑 突然 团中央 脱离 外交部长 完全 完整 晚 万达队 网球 忘 忘记 微笑 危险 围棋 唯一 为什么 伟大 伟人 未能 位 文革 文献 我 我们 武术 舞蹈 舞剧 务工青年 西非 牺牲 系列 下来 先生 祥和 详细 想 小到中雨 小伙子 小麦 小平 笑 些 新闻 心里 心情 心中 形象 休息 选票 询问 眼睛 一把手 一起 以后 以前 意识 意义 毅仁 应该 迎 拥护 勇气 邮票 油 有待 有人 有助于 遇到 远 运动 运河 在 在于 赞同 遭到 造就 泽东 怎么 怎样 展现 战友 站 招 找 照顾 哲学 这 这个 这里 这样 这种 真理 真实 震 阵线 正是 政党 郑重 之后 之际 之下 之中 指明 智慧 中 中国 中科院 中南海 中山 钟山 种 种种 主场 主教练 著作 资本主义 资产阶级 自己 总理 走 最后 做 昊 魅力 
---- Cluster id #3 ----
Size: 151
澳 巴金 比利时 闭幕 必然 表面 表彰 财政部 参考 参政议政 草原 茶话会 阐述 承办 出席 打假 大局 大业 代表性 党派 地震 调查 调研 对外 儿女 发表 发出 反映 防火 防震 风貌 服从 福州 赴 甘肃 纲要 岗 稿 各界 功 古巴 光亚 规范化 国权 海内外 海洋 好评 号召 宏伟 呼吁 华清 环 会议 活跃 火灾 机关干部 加深 监测 减灾 建议 讲话 交往 锦涛 举行 开幕 开幕式 开拓 看望 抗震救灾 考察 来源 来自 列入 鲁丽 履行 论述 论坛 民工 强有力 抢险 乔 侨胞 全体 日程 入手 瑞典 瑞环 瑞士 森林 伤亡 深远 石 水土 讨论 提案 提到 提名 题 通过 同胞 团体 拓展 委员 伟长 希腊 希望工程 掀起 向前 象征 协商 新鲜 心愿 兴 选平 研讨 研讨会 演讲 邀请 议程 议题 应邀 迎春 与会 预报 预测 圆满 灾害 灾情 灾区 泽民 增进 展望 章程 招待会 兆国 正英 政协 职能 制 制订 制度化 中共中央 重建 驻地 专题 姿态 组 座谈 座谈会 孚凌 F基 
---- Cluster id #4 ----
Size: 107
安置 班长 办公 报警 笔者 编者按 病人 不便 不怕 长江 长途 车 车站 城区 乘 乘客 冲 出租车 串 打下 大学生 歹徒 刀 都市 杜绝 锋 夫妻 附近 赶来 告诉 更新 购物 姑娘 挂牌 广场 过硬 回家 火车站 记 交给 姐妹 捐款 军人 开工 刻苦 空 库区 老百姓 雷 连队 脸上 玲 旅客 妈妈 媒介 美丽 面貌 民心 民营 幕 难题 派出所 评为 破 企业界 气象 前所未有 青春 邱 全市 人心 任职 荣誉 三峡 商店 上游 市民 市政府 市中心 思路 送 算 掏 踢 停 位于 屋 吸引 鲜花 县政府 修建 徐州 移民 英雄 涌 运营 赞扬 战士 整顿 之内 直辖市 值班 指挥部 重庆 重庆市 主 坐 
---- Cluster id #5 ----
Size: 85
办学 毕业生 编写 不行 部委 财经 陈旧 成人 出国 代 待遇 电脑 短短 风气 改 高等 高等教育 高度 高峰 高考 高校 高中 共建 构想 国家教委 合格 呼声 怀着 回国 基金会 家中 奖励 教材 教师 教学 教育 教职工 考试 课 课程 课堂 老师 理想 里面 临近 留学生 面向 年级 培养 普及 青年 取决于 人才 人事 人文 融入 设置 深厚 师生 什么样 世纪 双重 通用 西南 席位 现行 小学 新加坡 型 学生 学校 眼光 阳光 一流 在场 赞成 战线 招生 职业 中小学 重复 珠海 着 着手 岚清 
---- Cluster id #6 ----
Size: 128
安装 颁布 办案 办事 本领 本人 表率 宾馆 不正之风 不准 查处 撤销 惩处 出台 处分 窗口 达标 党风 党内 党性 党员 党政 党政机关 第一线 电话 斗争 对策 遏制 发放 发生 反 反腐倡廉 方略 分工 分子 腐败 干部 公开 公款 狠抓 会计 基层 机 集资 纪检 纪律 纪委 假 监察 坚决 艰苦奋斗 健行 奖金 接待 金钱 紧密 纠正 考验 礼品 立 廉洁自律 廉政 领导班子 漏洞 迈向 蔓延 名义 配备 评议 期 强化 清理 庆典 权力 全会 日记 容易 上级 奢侈浪费 涉及 审计 实体 事迹 收费 受贿 属 土壤 推行 外地 违法 违规 违纪 位置 尉 现象 乡镇 行为 行政 严格 严禁 严厉 一级 有序 娱乐 预防 源头 造 责任制 赠送 战斗力 账 正气 至关重要 制约 制止 治理 住宅 抓好 专项 追究 准则 着重 子女 自 自觉性 综合治理 钻研 作风 
---- Cluster id #7 ----
Size: 114
把 搬 帮 报纸 奔 补贴 吃 楚政 床 大雪 带领 道理 地上 冬 读书 断 饭 房 分配 奋战 份 扶 福利 父母 富 告别 隔 根 工资 公安局 过年 孩子 寒冷 好事 喝 花园 划 患 急 挤 家乡 建房 脚 角 进 举 开阔 口 扣 啦 来到 老伴 老人 里 脸 流 龙 路子 绿色 买 每月 美德 民兵 亩 暖 爬 彭 清 穷 秋 人家 如同 山 山区 烧 摄 实物 市场化 双 双手 水 水源 司令员 似 趟 天 填 头 脱贫致富 碗 县里 湘西 乡亲 消费 需 血 呀 羊 养猪 夜 一行 逾 阵阵 支付 只 只见 州 猪 住房 仔细 自治州 走访 租 足 
---- Cluster id #8 ----
Size: 23
阿根廷 出访 当中 国家队 家长 加 加拿大 加元 监控 拉美 率领 墨 墨西哥 南方 企业家 退休 委内瑞拉 细 削减 养 依赖 赢 智利 
---- Cluster id #9 ----
Size: 21
包袱 编 大雨 带头 获悉 街 乐 领会 普通话 商务 生意 师傅 书面 文字 现状 相声 幽默 语言 载体 中文 字 
---- Cluster id #10 ----
Size: 125
颁发 办法 办理 保留 报 本 补充 不得 部门 采矿 采矿权 层 承诺 出资 处 处罚 登记 地质 定价 发布 罚款 范围 方案 费用 负责 干预 给予 供 公告 构成 管理 规定 国务院 合同 会同 机关 计算 价格 减 减免 缴纳 紧急 经营者 警告 开采 勘查 可以 款 矿产 列 领 领取 满 没收 秘密 免 名称 内 年度 批准 平方公里 评估 其他 起 气 签订 前 情节 权 权限 人民政府 日 商品 申请 审批 施工 石油 时健 适用 收到 收取 手续 授权 属于 探矿权 特定 提交 天然气 条 铁 停止 通知 同意 图 外 违反 文件 县级 限期 消费者 许可证 烟 延长 延续 义务 应当 有关 予以 原 暂行 责令 章 招标 证明 证书 指 指定 主管 转让 资格 资料 资源 最低 遵守 褚 
---- Cluster id #11 ----
Size: 76
产业化 答应 大桥 到底 对方 放心 封 赶到 感 感慨 告 攻关 海关 黄河 回 回来 回去 货物 集装箱 济南 寄 纪念馆 检测 建造 将军 酒 科研 快乐 两地 论文 耐心 南京 你 批示 漂亮 前后 清华 缺少 日内瓦 上来 身体 释放 视察 书 睡 岁月 缩短 铁道部 听说 托 望 问候 西安 系统工程 戏 想到 小姐 写道 心 信 修 验收 样子 页 意 颖超 永恒 展出 这么 郑州 知道 致 中毒 住 转化 转换 
---- Cluster id #12 ----
Size: 571
云 爱国主义 安定 把握 摆 办 邦国 薄弱 保持 保护 保障 保证 本次 必要 标志 不好 不满 不懈 步伐 步骤 部署 财力 采取 层次 差距 产生 长期 城乡 成功 成果 成就 成效 程度 承受 充分 充实 充足 初级阶段 出发 出现 处理 传统 创建 创造 春云 促进 存在 措施 达到 打击 大 大会 大事 代表 代表团 党 党中央 导向 道德 得到 得以 抵御 地方 地区 奠定 调动 定 丢 动手 动摇 独立 队伍 对外开放 多 发 发挥 发现 发言 发扬 发展 法规 法制 繁荣 繁重 反对 方法 方面 方式 方向 方针 防止 防治 放 非公有制 分裂 奋斗 丰收 符合 服务 附 改变 改革 改进 改善 改造 干旱 干群 岗位 高举 高新技术 搞好 个 个体 各 各地 各个 各国 各级 各类 各项 各种 各族 根本 工会 工作 工作者 公务员 巩固 共同 够 估计 鼓励 鼓舞 关根 关键 关心 官僚主义 观念 贯彻 广 广播 广大 广泛 广阔 规范 规划 规律 规章制度 轨道 国际 国家 国家机关 国民 国民经济 国内 过程 过渡 海外 好 核心 河南 弘扬 互助 化解 淮河 环保 环节 环境 回顾 回归 汇报 混乱 活动 活力 基本 基础 机遇 积极 积极性 激励 集中 及时 计划 计划经济 计划生育 继续 纪云 家华 加快 加强 加以 假货 假冒伪劣 坚持 坚持不懈 坚定不移 坚强 坚实 艰巨 艰苦创业 减员增效 健康 健全 健身 建立 建设 江 交接 交流 结合 解放思想 解决 借鉴 紧 进步 进程 进行 进展 近 精神 精神文明 精心 经费 经济 经济社会 经验 警惕 竞争 就业 局面 举办 举世瞩目 巨大 具有 决策 开创 开放 开拓进取 开展 看到 抗旱 靠 可贵 可靠 克服 客观 肯定 框架 困难 困扰 扩大 牢固 老 利益 利用 立法 立足 力量 力求 联系 良好 两岸 烈士 灵活 领导 流失 流域 路线 旅游业 落实 迈出 盲目 矛盾 每次 每年 门路 密切 面临 民主 民族 明确 明显 模范 目标 纳入 难点 内部 内容 能力 年 凝聚力 农村 农副产品 农民 农田 努力 排放 培训 配合 批 平等 平稳 迫切 铺 普遍 浦东 起到 起来 千方百计 前进 前列 强大 强调 切实 青少年 倾斜 情况 情绪 区域 渠道 取得 权威 全 全局 全面 全民 全心全意 确定 群众 群众性 热点 人口 人民 任期 任务 认清 认真 日常 商场 上 上下 少 少数民族 社会 社会效益 社会主义 设 深入 审议 生产资料 生活 十四大 十五大 实际 实践 实施 实事 实事求是 实现 实效 实行 使 使命 事业 势头 适当 适时 适应 市场经济 收成 手 售 树 树立 水利 水平 水资源 顺利 思念 思想 素质 缩小 所有 态势 探索 特点 特色 提出 提高 提供 提前 体会 体系 体现 体制 条件 铁映 听取 同时 统筹 统一 投入 突出 图片 土地 团结 推动 推进 推向 妥善 拓宽 完善 往来 围绕 为 为主 维护 文化 文明 文物 稳定 稳妥 问题 我国 污染 武警 物质 物质文明 务实 吸收 下 下功夫 下决心 下去 先进 显著 现代化 宪法 项 小康 协调 新 新村 新风 新疆 信息 形成 形式 形势 行使 性质 需要 宣传 选拔 学者 讯 严打 严肃 严重 要 要求 一定 一国两制 依靠 以来 意见 议案 因地制宜 因素 引导 引进 引起 应 应有 赢得 影响 硬 勇于 优良 优势 优秀 有 有利 有力 有效 有些 有着 与会者 原材料 原有 原则 愿望 运用 赞助 责任感 增强 扎实 扎扎实实 这项 这些 针对性 振兴 征求 整个 正确 政策 政府 政企 政治 支 支持 支柱 知识分子 职业道德 职责 直接 指标 指出 指导 指引 只能 制定 制度 治 治国 中西部 中心 忠实 重大 重点 重视 重要 重要性 周围 主动 主权 主人 主体 主要 注意 注重 抓 抓紧 抓住 专家 转变 准 准确 着力 着眼 自觉 自律 自身 自愿 自治 宗旨 综合国力 总结 总书记 总体 祖国 组成 组成部分 组织 尊重 遵循 做到 做好 作出 作为 作用 
---- Cluster id #13 ----
Size: 58
爱尔兰 报名 播出 博览会 拆 城 城市 搭 大使馆 岛 电台 雕塑 度过 风格 风景 服装 华侨 华人 奖 揭晓 竞赛 刊登 空间 联络 旅游 门前 哪个 年会 配 气息 青岛 清洁 色彩 社团 设计师 时尚 书法 听众 同学 投诉 温馨 问世 喜爱 显 匈牙利 巡警 一家 印象 游客 愉快 越 征文 植树 志愿 志愿者 主题 总裁 帷幕 
---- Cluster id #14 ----
Size: 129
半岛 北部 北约 彼此 边界 边境 波罗的海 布莱尔 倡议 冲突 此次 答 大臣 大国 大中 抵 定期 独联体 对抗 多极化 俄 俄罗斯 反应 访 访华 访问 夫人 高层 高兴 各自 关系 国 哈 荷 荷兰 合作 互访 互利 欢迎 会见 会晤 伙伴 见面 建交 建设性 交换 经贸 据说 俱乐部 看法 科尔 科索沃 扩 理事会 联盟 两会 琳 领土 满意 莫桑比克 莫斯科 谋求 南斯拉夫 欧 欧盟 欧洲 陪同 鹏 频繁 其琛 启动 气氛 签署 签字 前夕 切尔诺梅尔金 人民日报 日期 三角洲 渗透 使馆 是否 首脑 首相 守 双边 双方 探讨 条约 外经贸部 晚会 为期 卫生部 乌 乌克兰 西方 西欧 相互 协定 协作 新华 信任 亚 演习 叶利钦 一体化 一致 伊朗 伊斯兰 仪式 引人注目 友好 友协 友谊 舆论 元首 愿 愿意 障碍 这次 之间 中亚 主张 祝贺 祝愿 驻 驻华 转达 卓有成效 
---- Cluster id #15 ----
Size: 86
报告 暴露 被告 变为 标准 别国 差异 潮流 称 承认 持 对话 该市 干涉 耕地 攻击 公共 公认 公约 公众 国会 好处 佳 家属 价值观 禁止 警察 居 看看 抗议 棵 来临 类似 冷战 例如 粮 临 每天 每周 美国 男女 内政 评 妻子 其它 谴责 强烈 侵犯 侵略 缺 人均收入 人权 深受 实 事实 事实上 受益 说法 损害 所谓 他人 天安门 统计 外国人 外来 乌鲁木齐 显然 限制 相同 消耗 消息 小时 宣言 研究会 依据 因特网 邮政 预期 珍惜 挣 执政 指责 中期 周刊 自由 作者 
---- Cluster id #16 ----
Size: 83
奥委会 奥运会 澳大利亚 本届 比赛 冰球 冰雪 参赛 场面 长野 成绩 出色 错 打破 大赛 得 登 冬奥会 队 队员 夺 夺得 夺冠 分 分钟 公里 冠军 贺电 滑 滑雪 获得 获胜 击败 技巧 角逐 教练 教练员 金牌 锦标赛 决赛 渴望 领先 另外 落 麻烦 枚 米 秒 名将 名列 男子 难度 女子 挪威 拼搏 轻松 赛 赛场 赛事 上届 世界杯 世界纪录 受伤 速滑 体委 天气 添 跳 厅 选手 雪 亚军 意外 银 游泳 预赛 运动员 摘 争夺 中国队 祝福 妍 缪 
---- Cluster id #17 ----
Size: 86
败 暴力 爆发 参与 策划 策略 长征 朝鲜 持久 打 担负 当选 到达 德 等待 敌人 抵制 东方 独立自主 夺取 发动 翻译 封锁 风采 国防 国务 红军 后勤 回到 柬埔寨 见解 结成 进攻 经济基础 军 军队 军事 看见 抗日战争 抗战 利 临时 罗马尼亚 命令 南北 篇 迫使 企图 前面 前线 人民军队 人人 生涯 胜利 时期 士兵 苏联 谈判 文选 我党 我军 无产阶级 武装 伍 消极 消灭 协助 修权 引 越南 早期 占领 战 战术 战争 争取 正常化 指挥 致力 主观 壮大 子弟兵 自力更生 总参谋长 总政治部 作战 
---- Cluster id #18 ----
Size: 61
并非 不如 传媒 大道 大选 懂 懂得 读 读者 封闭 风情 富有 革新 个性 古典 国王 汉语 红色 解 境界 堪称 拉那烈 另 某种 凝聚 批评 桥 缺乏 神 审美 失去 诗 诗歌 诗人 实验 视野 思 随意 退 挖 围 无法 鲜明 欣赏 心声 形 修养 严谨 言 营养 优美 右 誉为 阅读 崭新 者 这块 阵地 政局 之 作品 
---- Cluster id #19 ----
Size: 59
百姓 背后 比如 菜 菜篮子 产销 出来 传来 大街 大中城市 等于 电信 短缺 飞 风光 副食品 感情 感人 格局 工程 供应 故乡 国产 杭州 华为 画 画家 鸡 季节 江南 连锁 留学 流通 轮 美术 农药 农业部 拍卖 批发 清晰 肉 软件 啥 上门 深圳 蔬菜 水果 司长 喜欢 销 学 研制 营销 犹如 鱼 照片 中国画 中间 转向 
---- Cluster id #20 ----
Size: 155
白酒 版 包装 玻璃 材料 采用 彩色 测试 插 出版物 传输 船 船舶 大型 地位 电视 电视机 电子 动物 独资 短 吨 多媒体 防 辐射 服务业 港口 高产 高档 高速公路 高效 工业 工艺 公路 购 管制 灌溉 光 广告 国家级 含 航天 核电站 黑 化肥 化工 化学 基因 机械 机组 激光 技术 计算机 加工 检验 轿车 接 接近 节水 精 井 开发 抗 客车 空中 控股 块 宽 矿 类 立方米 连接 良种 林业 码头 煤 煤炭 敏感 模拟 摩托车 年产 农 配套 品种 普通 期货 汽车 千瓦 桥梁 认证 容量 沙漠 摄影 设备 设计 生产 生产线 输 数字 水电 水泥 饲料 塑料 隧道 特有 天然 通信 同步 铜 透 图像 脱 外商 网 卫星 系统 相关 新型 信号 性能 养殖 药 药品 药物 冶金 医药 移动 仪 仪器 以上 以下 应用 用 优 优质 邮电 有机 原料 允许 运输 占 珍贵 纸 制品 制造 制作 中方 中药 主导 专利 专用 装 装置 咨询 综合 
---- Cluster id #21 ----
Size: 0

---- Cluster id #22 ----
Size: 67
阿 阿拉法特 巴勒斯坦 贬值 不利 长官 撤军 当局 到位 东南亚 兑换 对此 对外贸易 防范 非法 分类 分行 风暴 风波 该书 该行 关闭 监管 教训 结算 介绍 金融 金融业 经常 竞争力 来华 卢森堡 美好 内塔尼亚胡 启示 前景 强劲 人民币 商品房 时报 使得 世贸 特区 提问 投放 外汇 外贸 外资 西岸 吸取 现金 相信 香港 新任 信心 亚洲 耶路撒冷 以 以内 印度 踊跃 犹太人 预定 约旦河 中外 周边 注册 
---- Cluster id #23 ----
Size: 110
Ａ Ｂ 比 比例 编制 变动 成本 筹集 出路 出去 出于 传递 刺激 促使 代价 导致 德国 低 多元化 放松 分流 风险 高低 高速 根本性 功能 供给 供求 股票 规模 合并 后果 忽视 缓解 缓慢 回落 机构 机会 集团 加剧 驾驭 降价 交易 精简 经贸委 经营 竞选 扩张 浪潮 利于 垄断 马克 买方 目的 徘徊 庞大 泡沫 膨胀 偏 平衡 屏幕 趋 取消 热 上去 上升 上涨 失业 适度 收益 速度 停产 通货膨胀 通胀 同类 投机 无 物价 下滑 下降 限度 限额 相反 销售额 消费品 需求 虚假 迅速 依然 抑制 引发 盈利 原因 约束 运转 造成 战略性 涨幅 这家 正常 政府部门 值得 致使 中介 专业化 资本 总 总部 组合 组建 
---- Cluster id #24 ----
Size: 179
奥地利 百分点 班 保健 报刊 倍 表演 拨 拨款 不足 部 财产 灿烂 藏 侧面 册 朝 彻底 城镇 初中 出版 储蓄 处于 穿 传 纯收入 存 存款 达 大家庭 大小 丹麦 当地 档案 得出 等 地 地理 顶 兑付 儿童 法定 丰富多彩 佛教 公民 公顷 共有 古老 固定 国债 罕见 汉 户 黄金 基建 级 继 家庭 价 监狱 建成 交付 教 街道 街头 阶层 节日 结论 今 近年来 经 经典 景象 境内 救灾 旧 居民 竣工 开通 科 可观 课题 拉萨 累计 利率 辆 量 列为 流行 论 媒体 每 免费 面积 民间 内地 年均 年利率 盘 平方米 平均 凭证式 瓶 签 亲人 权利 全国性 全区 人次 人均 设有 申报 生长 省市 使用 世 世人 事务 适合 首要 受灾 书籍 私人 岁 所 特大 特殊 通讯 同一 图书 推荐 网络 维修 卫生 物资 西藏 习惯 戏曲 下调 现有 县 乡 享有 校 信仰 修复 悬挂 选民 学术 雪灾 严寒 医疗 医生 遗产 议论 影片 用于 优惠 原始 灾民 遭受 占有 整理 正式 政 支援 中央政府 转 撰写 庄严 状况 状态 准备金 准备金率 自治区 自主 宗教 罪犯 座 
---- Cluster id #25 ----
Size: 49
北方 变化 草 草地 产品 出口 大气 代理 担保 地球 度 番 防伪 份额 附加值 该县 概念 工商局 含量 毫米 机电 家园 江西 焦点 进出口 净 科学家 克 名牌 牌 品牌 气候 全方位 认可 商标 食品 事物 试验 太阳 推销 相似 信贷 畜 畜牧业 占据 折 争 政策性 子 
---- Cluster id #26 ----
Size: 53
巴 巴基斯坦 摆脱 帮扶 帮助 避孕 地处 对口 扶贫 富裕 妇联 妇女 攻坚 和谈 佳节 建 捐赠 捐助 劳务 内阁 女工 女士 女性 贫困 贫困户 贫困县 贫穷 葡萄 全县 热心 上学 生机 省区 失学 实实在在 实用 示范 她们 探亲 特困 突尼斯 脱贫 温饱 享受 消除 小区 谢里夫 辛勤 印 增收 致富 致以 资助 
---- Cluster id #27 ----
Size: 313
Ｄ 安徽 案 案件 澳门 办公室 办公厅 爆炸 北京 北京大学 北京市 毕业 表决 博士 不够 部长 参加 查办 查获 常委 常委会 常务 常务委员 厂 厂长 车间 成员 呈 程序 惩治 冲击 筹备 出任 大学 代表大会 待 逮捕 当事人 党委 党校 党组 地委 递增 东北 董事长 督促 毒品 队长 发票 罚 法 法官 法律 法庭 法院 法治 犯罪 犯罪分子 分局 福建 福建省 副 赋予 干警 干扰 干事 港 高级 工程师 工商 工商联 工业部 工作组 公安 公安部 公正 共青团 顾问 管理局 管辖 广东 广州 规则 国防部 国务委员 哈尔滨 海峡 汉族 航运 合法 黑龙江 黑龙江省 红十字会 候选人 后 湖北 湖北省 湖南 华南 换届 贿赂 会长 获 基本法 吉林 吉林省 计委 加入 监督 兼 检查 检察 检察长 检察院 鉴定 件 建筑 交 教授 解释 届 金额 津 禁毒 经理 纠纷 救济 居住 局 局长 举报 决定 军分区 科长 科学院 恐怖 来访 来信 劳动 老年人 理由 立案 力气 联合会 辽宁 辽宁省 律师 伦敦 煤矿 秘书 民革 民事 民政部 民主党 名誉 男 难民 拟 宁波 纽约 判处 判决 培训班 聘请 破坏 迫害 期限 其间 其余 起草 起诉 抢劫 轻 清华大学 请求 区 取 权益 全国 人 人大 人大代表 人民法院 人事部 人选 任 山东 上海 上海市 上将 上述 涉嫌 设立 沈阳 审查 审理 审判 生 省 省长 省级 省委 省政府 实业 市 市长 市委 收集 首席 受 受理 书记 书记处 数学 水利部 思卿 司法 四川 诉讼 随 所长 台湾 贪污 特别 提起 提请 天津 天津市 铁路局 外国 外事 危害 委托 委员长 委员会 系 厦门 嫌疑人 县委 线索 相当 校长 协会 信访 刑法 刑事 刑事诉讼法 行政区 姓名 修订 修改 选举 学位 学习 学员 学院 研究生 研究室 研究所 研究员 研究院 业余 议会 议员 有限公司 院 院长 院士 灾 增大 浙江 侦查 正当 政法 政委 政治部 政治局 证据 知识产权 职 职权 职务 执法 执行 秩序 治安 中共 中华 中华人民共和国 中级 中学 中央 中央委员 主办 主编 主任 主任委员 主席 主席团 助理 专门 专业 总队 总工会 总会 总经理 走私 足球 组长 组织部 最高 罪 渎职 
---- Cluster id #28 ----
Size: 81
颁奖 伴随 包含 被动 便宜 布局 步 操作 产业 成长 创新 到来 第三产业 动力 动态 锻炼 发达国家 发明 发射 发展中国家 翻 改制 赶 国情 核 获取 机器 积累 即 技能 加速 经济学 具备 科技 科技界 科教兴国 科学 科学技术 扩展 劳动者 领域 论断 迈进 哪些 能源 农科教 农垦 蓬勃 前沿 求 趋势 全球化 人工 人类 人力 生物 实验室 世纪之交 太空 挑战 相比 响应 消化 兴起 学科 迅猛 研究 迎接 迎来 月球 战略 真正 知识 知识经济 之上 植物 智力 中等 周期 注入 走向 
---- Cluster id #29 ----
Size: 41
保 变 冰箱 产量 尝 称号 成都 创办 此前 此事 大门 电器 动作 对手 发起 顾客 果断 获奖 降 科龙 拉开 论证 拿 宁 牌子 起步 起点 迁 丧失 授予 输出 台 同样 投 投产 稳 下属 意味着 用户 质量 最佳 
---- Cluster id #30 ----
Size: 50
安全 步入 长沙 车辆 承担 闯 大队 大楼 倒 调解 恶劣 飞行 负 航班 花钱 机动车 记录 加重 交警 交通 接到 劳动模范 民航 民警 怕 赔偿 抢救 认定 荣获 伤 上岗 事故 市区 司机 死亡 停车 违章 现场 心态 行人 责任 真相 支队 治疗 中小学生 抓获 撞 追 自行车 总局 
---- Cluster id #31 ----
Size: 142
阿尔及利亚 阿拉伯 阿盟 阿齐兹 埃及 安理会 安南 奥尔布赖特 巴格达 巴黎 白宫 报道 备忘录 本报 避免 编辑 表示 波兰 布鲁塞尔 场 常任 常驻 成员国 磋商 达成 打电话 打算 大规模 大使 担心 抵达 地点 电 动武 动用 对付 发布会 发言人 法国 返回 分歧 否认 符 各方 关切 国防部长 国务卿 果 海湾 号 核查 华盛顿 换 会谈 记者 加紧 架 结束 解除 紧张 救援 局势 拒绝 决议 开罗 科恩 科威特 克林顿 库克 黎巴嫩 理事国 利比亚 立场 联合国 连日来 罗马 美 美联社 秘书长 民众 穆巴拉克 南部 南非 派 派出 普里马科夫 前往 任命 萨达姆 上空 声明 艘 特使 特委会 通报 透露 途径 土耳其 推迟 外长 外交 外交部 外交大臣 威胁 危机 为首 斡旋 武力 武器 西班牙 希拉克 希望 袭击 销毁 小组 协议 新华社 新闻界 行 行动 叙利亚 寻求 也门 伊 伊拉克 以色列 意大利 议长 英国 约旦 赞赏 之前 之外 直升机 旨在 制裁 中东 重申 准备 总统 总统府 最新 
---- Cluster id #32 ----
Size: 62
本国 比索 持有 储备 传真 此间 到期 底 点 跌 东京 东盟 东亚 动荡 短期 兑 对 菲 菲律宾 公布 股市 挂钩 官方 韩国 汉城 合 缓 回升 汇率 货币 季度 据悉 流入 马来西亚 马尼拉 曼谷 贸易 美元 桥本 收盘 顺差 苏哈托 泰国 通货膨胀率 统计局 外债 为何 下跌 行长 宣布 雅加达 印度尼西亚 印尼 印尼盾 盈余 预计 援助 月 债券 指数 至 总额 
---- Cluster id #33 ----
Size: 126
爱国 爱护 榜样 保卫 北 冰 才能 超出 成立 崇高 初期 传达 此后 次 促成 担任 诞辰 诞生 导弹 恩来 风范 奉献 复杂 负责人 富强 感到 高尚 革命家 公仆 贡献 共产党 国民党 海军 和平 合影 极端 纪念 坚定 艰难 杰出 解放军 京 精力 久 军委 空军 老一辈 历程 领导人 隆重 旅 率 马列主义 缅怀 民主党派 名单 命名 那种 内心 排除 朋友 品格 期间 青 庆祝 去世 全军 全世界 人士 善于 商 少年 身 身边 深切 生日 师 视 受到 损失 所属 通道 统一战线 统战 统战部 团 挖掘 外出 文化大革命 无限 细致 想象 削弱 心血 信念 训练 业绩 一切 一生 以为 忧 院校 早 战场 战斗 战役 张北 召集 召开 政治家 知名人士 之一 直到 指示 中华民族 中央军委 重任 周 周年 主持 著名 卓越 走过 做出 作 崛起 
---- Cluster id #34 ----
Size: 43
背 边防 波黑 部队 层层 产 储量 大棚 盖 高原 公斤 官兵 归 海拔 汗水 基地 纪录 结 军区 勘探 空白 蓝天 厘米 美军 模式 那曲 农场 气温 摄氏度 设想 送给 土 维和 油气 油田 玉米 遇 栽 栽培 种植 种子 株 足够 
---- Cluster id #35 ----
Size: 151
安排 保值 表明 财税 财务 财政 采购 草案 差 拆借 超 超过 呈现 承包 赤字 初步 出售 大于 带动 带来 得益 低于 典型 调控 调整 房地产 放开 非洲 分开 幅度 覆盖 负担 富余 改组 搞活 个别 各位 固定资产 关税 国内外 好转 合理 宏观 基本建设 机制 急需 加大 减轻 减少 降低 节 节约 结构 进口 经济效益 境外 局部 开支 考核 考虑 科普 客运 控制 快 劳动力 理顺 利息 力度 力争 连续 粮食 零售 门 弥补 棉花 纽带 农产品 农业 培育 平凡 其中 前提 潜力 全年 确保 商厦 深化 生产总值 失业率 适度从紧 市场 试点 收入 收支 手段 数额 水稻 税 税收 税务 太平洋 投向 突破 推广 完成 稳中求进 下岗 相应 项目 效果 效率 效益 效应 新增 选择 压力 养老 要素 一般 意愿 隐患 优化 优先 有的 有利于 有所 有益 预算 元 原油 运行 造林 增产 增长 增长点 增长率 增多 增幅 增加 增值 展开 征收 整体 整治 支撑 支出 职工 重 资本金 资金 租赁 
---- Cluster id #36 ----
Size: 30
抱 春风 感谢 国旗 寒风 红旗 会场 肩负 聚集 历时 迈 们 期待 庆 全场 深感 神圣 声音 升 手机 踏 投票 完 响起 选出 酝酿 增添 掌声 主持人 主席台 
---- Cluster id #37 ----
Size: 62
本地 比重 表 场所 长工 抽查 从事 从业 村委会 大庆 单位 典礼 东 东部 法人 分布 工厂 公报 共计 光彩 光荣 划分 艰苦 见 结果 居委会 快速 类型 流动 末 年龄 农户 平原 普查 亲 人数 人员 如下 上任 社区 数 数据 数量 私营 体育 为由 西部 吸纳 献身 小型 以外 营业 拥有 用品 占地 张家口 找到 镇 中部 装备 总量 总数 
---- Cluster id #38 ----
Size: 89
安 班子 办事处 薄 本身 补 产权 产值 创 春耕 促 存量 大胆 大中型 单一 党组织 订 动员 敢于 根据地 跟 工 功夫 公益 共产党员 骨干 股 股份合作制 股份制 国外 海信 互补 汇 激烈 集体经济 家电 江苏 接轨 借助 军民 开办 开辟 抗日 空前 跨 离 利税 联合 留给 龙头 民 难关 盘活 票 强 全省 热水器 日报 融合 身份 生命力 势力 所有制 台阶 停留 拖 脱颖而出 顽强 维持 文章 乡村 乡镇企业 兴办 雄厚 严峻 一样 依托 衣服 涌现 用人 员工 掌握 这部 政权 中小企业 驻军 转移 子文 总产值 
---- Cluster id #39 ----
Size: 57
病 饭店 歌 歌声 孤儿 关怀 观看 贵州 患者 火车 郊区 节目 京剧 九 开发区 看好 昆 老区 列车 楼房 忙 明星 南 南宁 南宁市 评选 热烈 人群 生命 铁路 通 慰问 文化部 文艺 武汉 武汉市 细胞 下乡 现任 线 新年伊始 兴奋 沿线 演 演唱 演出 演员 一等奖 艺术团 勇敢 云南 运 再现 战胜 真诚 振奋 中宣部 
---- Cluster id #40 ----
Size: 35
倡导 大众 带有 当做 调节 氛围 分离 分为 工具 关注 激发 疾病 家里 价值 节奏 精彩 理性 内在 品质 期望 情感 人们 弱 社会化 生存 提倡 替代 外部 外面 心理 心灵 应付 证实 诸如 自我 
---- Cluster id #41 ----
Size: 67
吧 博物馆 不知 长足 称为 出生 村庄 风 敢 公园 观众 豪华 好像 后面 花 欢乐 还 荒山 艰辛 劲 京城 景观 净化 开 苦 令 鲁迅 吗 卖 没 门口 牡丹 哪 那些 年年 旁 片 飘 齐全 前来 取代 上演 失 时节 收藏 首都 死 桶 喜悦 香 想起 像 小事 兴趣 延安 野生 也 依旧 意思 忧虑 游人 载 展 展览 照 这儿 正好 
---- Cluster id #42 ----
Size: 184
白 包 毕 斌 兵 波 布赫 蔡 藏族 曹 常 长春 朝鲜族 陈 程 迟 川 崔 戴 单 丁 董 杜 段 范 方 费 冯 傅 刚 高 葛 古 谷 顾 关 官 光明 光英 贵鲜 郭 海 韩 浩田 何 贺 洪 侯 胡 虎 华 华夏 黄 回族 霍 吉 家宝 贾 健 建华 建新 姜 蒋 杰 金 锦华 菊 俊 康 抗灾 孔 兰 磊 李 连 梁 亮 廖 林 刘 柳 楼 卢 路 陆 吕 罗 马 满族 梅 蒙古族 孟 苗族 敏 明 名 莫 牧民 牛 女 潘 平 秦 庆林 曲 全村 全有 群 尚 邵 申 沈 盛 胜 施 史 舒 司 松 宋 孙 谭 汤 唐 涛 陶 田 铁木尔・达瓦买提 土家族 万 万年 汪 王 韦 维吾尔族 伟 魏 温 文 闻 吴 武 席 夏 宪章 向 肖 谢 新人 星 熊 徐 许 薛 严 阎 杨 姚 叶 医疗队 彝族 易 毅 尹 英 勇 游 于 余 俞 袁 云龙 曾 张 帐篷 赵 正 郑 志 钟 朱 祝 壮族 邹 
---- Cluster id #43 ----
Size: 25
编者 村 村干部 村里 村民 村务公开 电价 干 管 贵 河北 怀疑 季 力 鲁 乱 明白 盼 全家 上访 苏 特困户 推 喜庆 丈夫 
---- Cluster id #44 ----
Size: 111
百富勤 波恩 不见 场地 厂家 筹措 创汇 吹 此举 大海 大户 大陆 担 档次 道 锭 恶化 发行 方便 纺织 非 分散 扶持 付出 钢琴 港元 高于 攻坚战 购买 国企 国有 过度 海上 后者 沪 辉煌 基金 简称 交易所 截至 解困 借 举措 开设 颗 可能 亏损 昆明 困境 老板 离退休 利润 例 联网 落后 买卖 难 难得 能否 扭亏 配置 披露 破产 企业 契机 敲 区别 全新 山西 上市 上网 生产能力 升级 剩下 说话 淘汰 天空 同事 童 投资 投资者 突破口 退出 问 喜 陷入 想法 销售 小 行列 行业 压 压锭 压缩 沿海 眼 爷爷 业务 艺术品 营业部 运作 增至 账户 证监会 证券 值 志成 重组 珠江 自豪 阻碍 
---- Cluster id #45 ----
Size: 91
白色 遍 不惜 尝试 长城 称赞 吃饭 充满 春 此时 大师 大厅 动 动人 感动 感染 歌剧 工地 攻 故事 海口 海南 回报 回应 惠芬 激情 家人 间 讲述 惊人 觉得 军营 拉 乐观 乐团 联手 练 灵魂 冒 梦 描绘 那个 那天 年轻 年轻人 捧 评论 奇迹 墙 抢 热情 人间 日子 散 声 事宜 试 手术 首 她 抬 躺 题写 天地 贴 维也纳 温暖 舞 舞台 显得 县城 响 校园 兄弟 演奏 一代 一体 遗憾 艺术家 意志 音乐 音乐会 有限 圆 扎 展示 这时 知 重返 助 闵 
---- Cluster id #46 ----
Size: 74
巴西 保险 北大 比较 不良 长期以来 炒 筹资 辞职 此案 大藏省 贷款 倒闭 等级 抵押 对象 法案 飞机 纷纷 负债 该 公司 股东 股份 官员 航空 航线 合资 衡量 回收 会员 机场 集团公司 家 兼并 简单 节省 谨慎 进入 巨额 开业 客户 联邦 排 排名 其 欠 日本 日元 融资 商业 实力 收 收购 收回 手中 售票 水准 挑选 网点 信用 信誉 银行 银行业 原来 杂志 增 债权 债务 职员 资产 自救 总公司 做法 
---- Cluster id #47 ----
Size: 84
ＶＣＤ 柏林 保存 笔 不幸 差别 常州 成 传播 创业 词 单纯 导演 灯 电视剧 电影 店 端 繁华 反响 该校 改编 感觉 沟通 挂 喊 河 湖 画面 话题 毁 激动 角度 角色 看待 可能性 老虎 累 理 描写 名人 某 难免 闹 浓郁 弄 拍 拍摄 跑 品位 取胜 圈 热闹 热线 上面 深度 书店 书画 熟悉 思维 它们 提醒 天下 挑 同行 投身 腿 玩 文学 物 洗 戏剧 小说 写 写作 新兴 一派 艺术 营造 影视 诱惑 知名 赚 作家 
---- Cluster id #48 ----
Size: 73
背景 弊端 变革 表现 长远 沉重 成分 持续 创作 独特 对立 多样化 发掘 分析 公平 国土 和谐 呼唤 讲究 阶级 精品 具 刊物 看出 可 可喜 克隆 空气 栏目 浪费 冷 良性 绿 满足 每人 内涵 浓 评价 期刊 倾向 全球 群体 热潮 人生 人物 散文 深 生态 试图 收获 思考 塑造 题材 贴近 痛苦 推出 显示 现实 现实主义 辛苦 性格 循环 寻找 原理 遭 造福 直至 诸 专栏 追求 自然 最终 尊严 
---- Cluster id #49 ----
Size: 52
爱心 边 残疾人 查 唱 打工 党支部 电厂 堆 房间 龚 故居 洪水 红 华北 火 计 家具 晋 精美 救助 捐 蓝 黎 苗 母亲 聂 齐 钱 塞 少奇 石家庄 网上 西 西北 献 献给 幸福 选 扬 移 雨 跃 云 咱 真 真情 中队 忠诚 资 组委会 左 
---- Cluster id #50 ----
Size: 77
安徽省 仓库 出版社 处长 大连 地面 地下 电力 电视台 发电 房屋 服务队 付 歌舞 歌舞团 个人 供电 广东省 广西 海南省 合肥 河北省 河南省 湖南省 江苏省 江西省 距离 剧团 剧院 科教 科委 科协 跨越 扩建 垃圾 兰州 绿化 蒙古 内蒙古 宁夏 农科院 器材 青海 任何 三下乡 山东省 山西省 陕西 陕西省 射击 社长 设施 深圳市 水库 四川省 太原 条例 图书馆 团长 物品 县长 线路 消防 新建 兴建 宣传部 学会 延伸 医学 医院 云南省 浙江省 中医 中医药 住院 自治县 作业 
