---- Cluster id #1 ----
Size: 103
爱好者 百富勤 颁奖 贝宁 贬值 冰球 冰雪 病毒 波音 不利 炒 出口 丛书 党建 灯 东南亚 动荡 动物园 短期 多利 厄尔尼诺 歌曲 歌声 狗不理 固定 官方 国大党 国际象棋 汉年 合 贺卡 滑雪 画家 环保局 黄淮 汇率 火箭 获胜 击败 机动车 加元 甲醇 江淮 揭晓 进出口 近年来 经常 竞争力 捐助 决赛 快乐 来华 冷空气 流入 卢布 马尼拉 贸易 名人战 名义 奶奶 南极 年会 农历 啤酒 贫困户 平安 普通话 棋手 气象台 热水器 人民币 手机 水浒传 顺差 送礼 苏丹 苏哈托 速滑 听众 团中央 挖掘 外汇 外债 万达队 网球 围棋 舞蹈 舞剧 务工青年 相声 小到中雨 亚军 一等奖 印尼盾 邮票 预赛 月球 运河 中国画 中期 抓获 妍 昊 
---- Cluster id #2 ----
Size: 85
搬 办公 保 策划 传来 抵制 地下 东北 读书 对付 夺 儿子 发言 翻译 奋战 风采 风范 扶 父母 感情 岗位 跟着 官 海上 喊 浩田 回到 会场 火车 家具 驾驭 接 接收 节 开发区 开阔 开幕式 堪称 康 可贵 肯 空 昆 兰州 联络 留 马列主义 母亲 哪个 南 南斯拉夫 派 配 平静 侵略 清除 秋 热心 少年 深厚 生意 司长 条约 铁路 往来 我党 我军 伍 袭击 洗 显 线 响应 修权 严谨 沿线 运 赞扬 早期 战场 重 重任 卓有成效 子女 总参谋长 
---- Cluster id #3 ----
Size: 127
阿拉伯 阿齐兹 埃及 安理会 安南 奥尔布赖特 巴格达 巴黎 白宫 报道 备忘录 本报 避免 表示 播出 布鲁塞尔 场 常任 常驻 成员国 此间 磋商 达成 打电话 大规模 地点 电 电话 电视台 调解 动武 发布会 发出 发言人 法国 反对 返回 否认 符 各方 关切 官员 国防部长 国会 国务卿 核查 后果 呼吁 记者 接受 结束 解除 解决 紧急 紧张 谨慎 警告 救援 局势 拒绝 决议 开罗 科恩 科威特 可能性 理事国 立场 联合国 连日来 罗马 美联社 民众 穆巴拉克 派出 普里马科夫 前往 桥本 认为 瑞典 萨达姆 上空 使用 态度 特使 特委会 通报 透露 突尼斯 途径 土耳其 外长 外交 外交大臣 晚 威胁 危机 为首 斡旋 武力 武器 西班牙 希拉克 希望 销毁 小组 协议 新华社 新闻界 行 选择 寻求 一致 伊 伊拉克 英 英国 约旦 招待会 证实 之前 旨在 重申 主权 准备 总统 总统府 最新 
---- Cluster id #4 ----
Size: 240
啊 爱 爱国 爱护 爱心 八一队 榜样 宝贵 北风 笔者 别人 冰 病 伯伯 不顾 不行 采访 菜 参观 长途 超越 车 成 冲 出国 传达 此事 答应 大会堂 大姐 大桥 带 带头 诞辰 到 得知 典范 调 度过 顿 恩来 饭 饭店 房子 锋 风暴 奉献 夫妇 幅 父亲 负责人 赶到 感到 感慨 感受 高尚 告 告别 工人 公仆 关怀 官僚主义 话 怀念 坏 回 回来 回去 活 火车站 激动 记得 记录 记忆 家里 家乡 家中 见 将军 讲述 交谈 接触 接到 接见 结婚 姐妹 尽 敬爱 镜头 净化 开会 看 看看 客人 浪费 老一辈 雷 了 列车 留下 隆重 路 每个 美德 缅怀 面貌 面前 民主党派 名字 目光 哪里 那么 那时 那样 耐心 南京 难忘 内心 你们 女工 拍 拍摄 牌子 朋友 批评 批示 乒乓球 前途 桥 亲 亲切 亲人 亲属 轻松 情 情景 去 去世 全场 全家 让 热爱 人格 人家 人们 人群 人士 日记 荣 如此 丧失 上班 身边 身上 身体 深处 深切 深受 时 时刻 释放 熟悉 说 思念 岁月 他们 探亲 踢 铁道部 听 同 统一战线 统战 统战部 突然 外出 完 望 忘 危险 伟人 位 文革 我 无限 西安 牺牲 细致 显得 现场 想 想到 消息 小伙子 些 心 心里 心情 心中 信 休息 修 眼睛 演唱 样子 冶金 业绩 以为 毅仁 印象 迎 颖超 永恒 有人 雨 遭到 丈夫 找 照顾 召集 真情 真相 政治家 知道 知名人士 之后 之际 直到 指示 中毒 中南海 周 住 装 自己 字 总理 最后 做 魅力 
---- Cluster id #5 ----
Size: 72
遍 宾馆 唱 称为 出生 吹 村庄 倒 翻 风 敢 敢于 歌 姑娘 豪华 好像 红 花 画 怀 荒山 回家 鸡 劲 京城 举 聚集 开 棵 苦 类似 落 吗 卖 没 美好 美丽 牡丹 哪 那 呢 年年 女子 旁 跑 飘 塞 散 山 神圣 时节 属 死 她们 脱颖而出 物 献给 香 想起 像 向前 延安 野生 也 移 意思 云 在 照 这儿 正好 之上 
---- Cluster id #6 ----
Size: 48
巴西 车辆 东北部 兑 菲律宾 风貌 工会 公园 缓 家长 教堂 景象 咖啡 客户 旅游 旅游业 马来西亚 迈进 曼谷 门口 拍卖 热带 啥 上学 生长 失学 收盘 水准 私人 随意 泰国 投机 投诉 外资 吸引 相似 享受 银行业 隐患 印度尼西亚 印尼 游客 游人 预计 展出 只见 至 自行车 
---- Cluster id #7 ----
Size: 54
笔 冰箱 不良 采购 尝 成都 创办 此前 大藏省 大门 电器 跌 动作 分类 纷纷 股 果断 缓慢 回升 回收 获奖 降 角逐 节省 结 开工 科龙 拉开 两地 论证 面积 秒 宁 起步 起点 迁 全球化 日本 日元 商品房 生产线 视野 输出 台 停产 同样 统计局 投产 意味着 涌 债权 招标 指数 最佳 
---- Cluster id #8 ----
Size: 129
半岛 北约 彼此 边境 倡议 传真 此 大臣 大国 大使 大中 抵达 定期 对话 对抗 多极化 俄 俄罗斯 反应 访 访华 访问 夫人 感 高层 高级 高兴 关系 国 哈 荷 荷兰 合作 互访 互利 欢迎 回忆 会晤 伙伴 加深 柬埔寨 见面 建设性 交换 介绍 经贸 开幕 看法 科索沃 扩 离 联邦 两会 琳 临近 领导人 留学生 卢森堡 罗马尼亚 满意 蒙古 敏感 莫 莫桑比克 莫斯科 欧 欧盟 欧洲 陪同 鹏 频繁 期待 启动 签署 签字 切尔诺梅尔金 热烈 日期 商谈 摄 声明 使馆 世贸 首脑 首相 守 书面 双边 双方 苏 苏联 谈 探讨 图片 外交部 外经贸部 为期 乌 乌克兰 西欧 相互 相信 协定 协作 新华 信任 亚 演习 叶利钦 一行 仪式 应邀 迎接 有助于 友好 友谊 愿 愿意 越 越南 赞赏 障碍 争夺 正常化 正式 中亚 驻 驻华 着手 
---- Cluster id #9 ----
Size: 631
云 安定 澳 把握 摆 摆脱 办 邦国 帮助 包括 薄弱 保持 保护 保障 保证 本次 毕业生 闭幕 必然 必要 表明 不好 不可 不同 不懈 不足 步 步伐 步骤 部署 财富 采取 参考 参政议政 层次 茶话会 差 差距 产生 阐述 长期 倡导 朝 彻底 成功 成绩 成为 成效 程度 承包 承担 承受 充分 充足 初级阶段 出 出发 出路 出席 出现 处理 处于 处在 传统 创造 次 促进 存在 措施 达标 大胆 大局 大业 大中型 带来 代表团 代表性 党派 导向 到位 得到 抵御 地 点 调动 调研 独立 对待 对口 对外 对外开放 多 儿女 发 发表 发达 发挥 发扬 发展 繁荣 反映 犯 方面 方式 方向 方针 防火 防治 放 放松 非公有制 分裂 奋斗 丰收 风波 风气 扶持 符合 服从 服务 副食品 负担 附加值 该市 改变 改革 改善 干 纲要 高度 搞好 稿 格局 个 各 各地 各个 各国 各界 各位 各项 各种 各族 给予 根本 根本性 工作 工作者 攻坚 公务员 公有制 巩固 共同 构想 鼓励 鼓舞 古巴 关键 关心 观念 贯彻 广 广播 广大 广泛 广阔 规范化 规划 轨道 国际 国家 国民 国情 过程 过渡 海外 海峡 汗水 好 好评 号召 核心 宏伟 弘扬 互助 华清 化解 环节 环境 还有 回顾 回归 会 会议 混乱 活动 活力 活跃 基本 基础 机关干部 机遇 机制 积极 积极性 积累 激发 激励 极大 集中 计划经济 计划生育 家华 家庭 加强 加以 坚持 坚持不懈 坚定不移 艰巨 艰苦创业 健康 建成 建立 建设 建议 江 讲话 交接 交流 交往 教育 结合 解放思想 紧 锦涛 进步 进行 近 精简 精神 精神文明 精心 经济 经济社会 经验 警惕 九 局部 局面 举办 举世瞩目 举行 巨大 具有 决策 决心 开放 开始 开拓 开拓进取 开展 看到 看望 抗旱 考察 考虑 靠 科技界 科教兴国 克服 客观 困难 扩大 来 来源 劳动者 累计 理解 理想 礼貌 利益 力量 联系 连锁 良好 两岸 量 了解 列入 灵活 领导 流域 路线 履行 率 迈 迈出 盲目 矛盾 没有 每年 门路 密切 面临 民工 民主 民族 明确 明显 模范 模式 末 目标 那些 纳入 内容 能 能够 能力 年 年均 凝聚力 农民 农田 努力 排放 庞大 配合 批 贫困 贫穷 平等 平均 迫切 普遍 普及 浦东 期望 齐全 起到 起来 前景 前提 潜力 强大 强调 强有力 侨胞 切实 倾斜 情况 区域 渠道 取得 权利 全 全局 全面 全世界 全体 全心全意 确保 确定 群众 群众性 人 人口 人心 任何 任务 日程 如何 瑞环 森林 上 上去 少 少数民族 社会 社会化 深化 深刻 深入 生活 生机 十五大 时机 时间 实际 实实在在 实事 实事求是 实现 实行 使 世纪之交 事情 事业 是 适应 收成 手 手里 受到 书籍 树立 水平 水资源 顺利 思路 思想 私营 素质 缩小 所有 台阶 探索 讨论 特点 特困户 特区 特殊 提倡 提出 提高 提供 题 体会 体系 体现 体制 挑战 条件 同胞 统一 突出 土地 团结 团体 推动 推广 推进 推向 脱离 妥善 拓宽 完全 完善 完整 围绕 为 为主 维护 温饱 文化 稳定 稳妥 问题 我国 我们 物质 物质文明 吸取 吸收 希望工程 习惯 下 下功夫 下去 先进 显著 现代化 现有 项 削弱 消除 消极 消灭 小康 协调 协商 新 心愿 信息 信心 形成 形式 形势 需要 宣传 选拔 选平 学者 亚洲 研究 研讨 演讲 邀请 要 要求 一定 一国两制 一切 依靠 以来 意见 意愿 议题 因地制宜 因素 引导 引进 应 应该 应有 影响 硬 勇于 优良 优秀 有 有利 有利于 有所 有效 有些 与会 遇到 原因 原则 圆满 愿望 在于 造成 泽民 增产 增进 增强 增添 扎实 扎扎实实 展望 占有 战略 章程 召开 者 这 这些 振奋 振兴 整顿 整个 正常 正确 政策 政府 政企 政治 支持 支柱 之下 职能 职业 直接 指标 指出 指导 指引 只能 至关重要 制订 制度 制度化 智慧 智利 治 中 中等 中华民族 中外 中西部 中心 重大 重点 重视 重要 重要性 周边 主动 主人 主体 主要 注意 注重 驻地 抓 抓紧 抓住 专题 转 转变 状况 状态 准 着力 着眼 资本主义 自身 自愿 自治 综合国力 总结 总体 走 走向 祖国 组成部分 组织 尊重 做出 做到 做好 作 作出 作为 作用 座谈 座谈会 F基 
---- Cluster id #10 ----
Size: 125
Ａ Ｂ 伴随 包袱 包含 倍 比 变动 表面 产权 成本 出去 出售 出于 传递 促 存量 大 大型 代价 单一 导致 等于 电脑 动态 多元化 放弃 放在 分工 分散 风险 改制 改组 钢铁 跟 功能 骨干 股份制 规模 国外 过来 韩国 合并 合资 衡量 互补 机会 机器 集体经济 集团 兼并 见解 江苏 进入 经营 竞争 看来 可能 可谓 跨 快 扩展 扩张 浪潮 类型 例如 垄断 目的 内部 纽带 膨胀 偏 企业 热 融合 收益 手段 数量 谁 所有制 同类 无 无法 限度 相比 乡村 乡镇企业 销售 销售额 小 效率 兴起 行列 行业 迅速 业务 营销 盈利 影视 优势 原来 运转 增值 战略性 这种 政府部门 值得 指明 中介 中小企业 种 注入 专业化 转向 追求 资本 资产 子 总部 总产值 总书记 组合 组建 最终 做法 
---- Cluster id #11 ----
Size: 44
阿拉法特 巴 巴基斯坦 巴勒斯坦 撤军 冲突 辞职 打破 方案 分歧 妇女 和平 和谈 华盛顿 会谈 进程 克林顿 库克 黎 黎巴嫩 领土 麻烦 南部 内阁 内塔尼亚胡 挪威 前夕 设想 谈判 停留 西岸 谢里夫 叙利亚 宣布 选票 耶路撒冷 伊斯兰 以 以色列 印 犹太人 约旦河 直升机 中东 
---- Cluster id #12 ----
Size: 42
北方 草 草地 草原 打工 当中 多少 该县 攻关 贵州 湖北 还 江西 科学家 可观 厘米 亩 幕 南方 农户 农业部 贫困县 人均收入 认可 肉 试验 水土 踏 细 小麦 兴奋 畜 畜牧业 养 赢 优质 鱼 云南省 增收 中科院 猪 自治县 
---- Cluster id #13 ----
Size: 73
案 案件 补 材料 逮捕 当事人 毒品 法庭 犯罪 该 公安 公安部 管辖 贿赂 会见 机关 检察院 鉴定 结论 解释 经过 居住 恐怖 理由 立案 律师 秘密 名单 判决 聘请 期限 起诉 轻 请求 取 权 人民法院 入 上述 涉及 涉嫌 审查 省级 事实 是否 收集 收取 受理 属于 税 说明 诉讼 随 贪污 提起 通知 为由 委托 未能 嫌疑人 刑法 刑事 刑事诉讼法 性质 姓名 询问 在场 照片 侦查 证据 证明 最高 罪 
---- Cluster id #14 ----
Size: 34
本身 侧面 长远 超出 窗口 单纯 典型 对立 发掘 个别 关注 规律 忽视 讲究 角色 具 里面 内在 能否 墙 生命力 使得 事迹 树 双重 腿 文艺 效应 学 依赖 涌现 真实 诸 自觉 
---- Cluster id #15 ----
Size: 190
安排 保健 保险 编制 变化 布局 财力 财税 财政 菜篮子 产量 超 超过 城乡 城镇 成人 呈现 赤字 储备 纯收入 刺激 达到 大于 得益 低 低于 抵 第三产业 调节 调控 调整 定价 对外贸易 吨 发电 防范 放开 分开 覆盖 富余 干旱 干预 高速公路 供给 供求 公里 公路 固定资产 关税 国民经济 国内 国内外 国土 好转 合理 宏观 户 淮河 缓解 黄河 回落 基本建设 机电 计划 继续 加 加大 加快 价格 监管 减免 减轻 减少 减员增效 降价 交付 节水 节约 节奏 结构 金融业 进口 进展 经营者 境外 就业 居民 开支 控制 拉美 劳动力 劳务 牢固 力度 粮食 零售 流通 绿化 买方 门 弥补 棉花 农产品 农副产品 徘徊 培育 平衡 平稳 其中 趋 全年 融资 商品 上涨 社区 设施 生产资料 生产总值 失业 失业率 实用 势头 适当 适度 适度从紧 适时 适用 市场 试点 收购 收入 收支 水利 税收 税务 太平洋 态势 通货膨胀 通讯 通胀 同时 统筹 投放 投入 投向 外贸 完成 稳中求进 物价 下岗 下滑 相应 项目 消费品 消化 效益 新增 需求 虚假 压力 养老 移动 以内 抑制 优化 优惠 预定 预算 元 约束 运行 造林 增长 增长点 增长率 增幅 增加 债务 涨幅 征收 整治 政策性 支撑 支出 支援 转移 资本金 自主 总 总额 
---- Cluster id #16 ----
Size: 138
爱国主义 比较 变成 标志 表达 别的 别国 博物馆 成就 出来 创立 创造性 错误 打开 大树 道路 邓 邓小平理论 地域 定位 东西 对象 飞跃 富强 概括 纲领 高潮 高考 革命 共产党 共产党人 共识 观察 观点 光辉 光明 还要 回答 基金会 集体 继承 纪念 纪念馆 建国 讲 教训 叫 阶段 经历 经受 救 卷 开创 课题 口号 牢记 理论 历程 历史 历史性 联 烈士 领会 领袖 论 论断 论述 马克思 马克思主义 毛泽东思想 面 面对 命运 陌生 评选 旗帜 前进 前列 抢救 青少年 全党 确立 确认 认识 融入 三中全会 社会效益 社会主义 设计师 甚 师生 十四大 时代 时候 什么 实践 实质 世纪 逝世 收藏 它 谈话 套 特色 特征 唯一 为什么 伟大 文物 文献 系列 鲜明 现状 详细 小平 以后 以前 意义 勇气 犹如 有待 运用 造就 责任感 怎样 展览 这个 这块 这样 正是 政党 郑重 之中 中国 中山 主题 庄严 自我 
---- Cluster id #17 ----
Size: 185
Ｄ 安徽 巴金 班长 办公室 办公厅 北京 北京大学 北京市 毕业 波兰 博士 部长 参加 常委 常务委员 车间 成员 冲击 初中 出任 大学 党委 党校 党组 地委 东亚 董事长 队长 福建 福建省 赴 副 干事 甘肃 港 高中 工程师 工商联 工业部 工作组 共青团 顾问 光亚 广东 广东省 广州 国防部 国务委员 哈尔滨 汉族 河南省 黑龙江 黑龙江省 湖北省 湖南 湖南省 华南 化学 会长 获 吉林 吉林省 计委 加拿大 加入 兼 检察长 建筑 江苏省 郊区 教授 届 津 经理 救济 局长 军分区 科长 科委 科学院 理事会 联合会 辽宁 辽宁省 留学 伦敦 煤矿 秘书 秘书长 民革 民政部 名誉 男 纽约 迫害 其间 清华大学 区 全国 人事部 任 日内瓦 瑞士 上海 上海市 上将 沈阳 生 省 省长 省委 省政府 实业 事务 市长 市委 首席 受 书记 书记处 数学 水利部 四川 四川省 所长 台湾 天津 天津市 外事 委员 委员长 伟长 西南 系 厦门 县委 相当 校长 协会 学位 学习 学院 研究生 研究室 研究所 研究员 研究院 业余 议员 游泳 院 院长 院士 兆国 浙江 正英 政法 政委 政协 政治部 政治局 职 职员 指挥部 中共 中共中央 中华 中学 中央 中央委员 州 主编 主任 主任委员 主席 助理 专业 资助 总队 总工会 总会 组长 组织部 孚凌 
---- Cluster id #18 ----
Size: 64
办学 弊端 编写 并非 补贴 部委 财经 陈旧 大中城市 待遇 抵押 房 分配 福利 改 高等 高等教育 高校 工资 供应 共建 国家教委 建房 角 教材 教师 教学 教职工 竣工 课 课程 课堂 老师 例 每月 面向 鸣 培养 平方米 千方百计 青年 人才 人事 人文 设置 实物 市场化 下决心 现任 消费 小区 校 新建 型 需 学科 优先 招生 中小学 重复 住房 住宅 着 岚清 
---- Cluster id #19 ----
Size: 38
帮 帮扶 便宜 不正之风 仓库 出版 出版物 传播 传销 盗版 东京 对此 发起 非法 该厂 工商 工商局 光盘 获悉 卡 开业 马克 怕 盘活 如 商务 上岗 深远 手中 特困 厅 推销 为何 兴办 学员 阳光 载体 这家 
---- Cluster id #20 ----
Size: 37
报名 本质 残疾人 岛 得 动摇 富裕 高举 搞 工具 呼声 经济基础 妈妈 谋 判断 青岛 清楚 清洁 清醒 生产力 受益 书法 所在 同学 温馨 行动 一家 依旧 遇 载 遭 征文 争 植树 志愿 志愿者 准确 
---- Cluster id #21 ----
Size: 116
澳门 表决 部 草案 常委会 常务 长官 程序 惩治 充实 筹备 出访 大会 大气 代表 代表大会 地方 督促 法 法规 法律 法制 法治 繁重 赋予 附 改进 公民 共计 规范 规则 规章制度 国家机关 候选人 划分 环保 换届 汇报 基本法 急需 季度 纪云 检查 接轨 借鉴 决定 框架 老年人 立法 立足 力求 列为 论坛 每次 难点 拟 其余 起草 乔 权力 权威 全国性 热点 人大 人大代表 人民 人选 任命 任期 日常 设立 审议 实施 实效 使命 适合 市场经济 授权 特别 提名 提请 条例 听取 通过 外国 委员会 污染 宪法 香港 乡镇 信访 行使 行政区 修订 修改 选出 选举 选民 依据 议案 议程 议会 有关 原有 这项 针对性 征求 正当 职权 制定 中华人民共和国 主办 主席团 专门 组成 遵循 
---- Cluster id #22 ----
Size: 44
变革 变为 标准 成分 待 当做 导弹 定 懂得 方法 分析 否定 改造 高峰 工人阶级 估计 阶层 阶级 经典 具体 看待 另外 流动 某些 偶然 评价 倾向 取代 人物 身份 视为 水库 提 提到 投票 原理 赞成 哲学 真诚 知识分子 直至 种种 著作 资产阶级 
---- Cluster id #23 ----
Size: 196
安全 安装 颁布 办案 办事 暴力 爆炸 本领 本人 表率 表彰 不够 不准 财产 查办 查处 场所 呈 惩处 出台 处分 错 打击 单位 党风 党性 党员 党政 党政机关 等级 递增 电力 队伍 遏制 发生 罚 法官 法院 反 反腐倡廉 犯罪分子 方略 房地产 防止 分子 腐败 负 干部 干警 干扰 个人 各级 各类 公共 公款 公平 公正 够 航运 合法 合同 狠抓 会计 机 集资 及时 纪检 纪律 纪委 加重 假 监察 监督 监控 坚决 艰苦奋斗 检察 件 健全 健行 建新 奖金 接待 金额 紧密 禁毒 经费 纠纷 纠正 酒 举报 考试 考验 可靠 跨越 来访 类 礼品 立 力气 廉洁自律 廉政 领导班子 流失 落实 蔓延 民事 命名 宁波 判处 培训班 赔偿 评议 破坏 强化 强烈 抢劫 清理 庆典 权益 全会 认真 上级 上升 上下 奢侈浪费 审理 审判 收费 售 数额 思卿 司法 损害 头脑 土壤 推行 危害 违法 违规 违纪 违章 位置 尉 现象 线路 线索 效果 行为 行政 严打 严格 严禁 严厉 严肃 严重 一级 一体 有力 有序 预防 源头 责任 责任制 增大 增多 赠送 整体 正气 支 知识产权 职务 职责 执法 执行 致使 制 制约 制止 秩序 治安 治国 治理 周围 抓好 专项 追究 准则 着重 自觉性 宗旨 综合治理 钻研 遵守 作风 渎职 
---- Cluster id #24 ----
Size: 44
阿盟 抱 比利时 编辑 不如 参赛 促使 打算 担心 德国 动用 果 海湾 号 加紧 加剧 竞选 据说 科尔 粮 另 美 美国 某种 屏幕 谴责 欠 情绪 什么样 艘 通货膨胀率 推迟 显然 也门 伊朗 引起 引人注目 舆论 之间 之外 制裁 周刊 诸如 主张 
---- Cluster id #25 ----
Size: 43
北部 充满 春 大地 地处 丰富多彩 风光 服装 歌舞团 故乡 挂 国旗 汉 花园 欢乐 佳节 节目 节日 老虎 闹 气氛 青海 庆 山西 陕西 摄氏度 深情 升 石家庄 天安门 跳 贴 喜庆 献 祥和 响起 新村 悬挂 一派 迎来 愉快 展现 祝福 
---- Cluster id #26 ----
Size: 50
北大 背后 本届 编 场地 出版社 村委会 大连 党支部 导演 店 杜绝 份 干群 革新 个体 广告 话剧 换 基层 坚实 京剧 精美 剧目 剧院 刊登 看出 科普 栏目 迈向 批发 期刊 全方位 上届 上演 社长 社团 书 书店 图书 文化部 喜爱 戏 戏剧 戏曲 形 演 演员 艺术 阵地 
---- Cluster id #27 ----
Size: 67
安置 步入 操作 差别 带动 档次 锭 恶化 纺织 非 分布 分流 付出 搞活 工业 攻坚战 国有 过度 邯钢 含量 技能 济南 截至 解困 经济效益 经贸委 净 举措 困境 离退休 理 力争 龙头 路子 落后 难得 内地 扭亏 配置 破产 契机 抢 敲 生产能力 升级 示范 淘汰 通 突破口 退出 外部 武汉 武汉市 下来 陷入 压 压锭 压缩 沿海 要素 忧虑 运作 展开 职工 重组 壮大 阻碍 
---- Cluster id #28 ----
Size: 172
爆发 北 被动 才能 参与 策略 长征 朝鲜 成长 成立 持久 崇高 初 初期 出色 创建 此后 促成 代 担任 诞生 当选 党 党内 党中央 到达 德 敌人 奠定 斗争 独立自主 夺取 发动 丰富 封锁 复杂 该书 革命家 贡献 共产主义 共和国 国防 国民党 国务 海军 合影 红军 后 后勤 华北 恢复 回国 极端 坚定 坚强 艰难 艰辛 杰出 解放 解放军 精力 久 军 军队 军事 看见 抗日 抗日战争 抗战 肯定 空军 离开 临时 鲁迅 路上 旅 毛 命令 那种 内外 念头 农垦 排除 篇 品格 品质 迫使 葡萄 期间 企图 前线 青 倾听 全军 人民军队 日子 善于 商 上来 少奇 身 生日 生涯 胜利 失 失败 时期 事件 视 损失 他 题词 替代 通道 同志 投身 退 拖 文化大革命 文选 无产阶级 武装 想象 协助 辛勤 心血 信念 匈牙利 修养 研制 一起 一生 依然 遗产 引 赢得 拥护 幽默 忧 院校 运动 早 泽东 摘 占领 战斗 战术 战线 战役 战友 战争 站 真 真理 震 争取 之一 指挥 致力 中间 中央军委 周年 主持 主观 主席台 著名 卓越 自力更生 总政治部 走过 左 作战 
---- Cluster id #29 ----
Size: 88
百分点 比例 部分 拆 拆借 储蓄 此次 存 存款 答 大户 贷款 担 担保 兑换 发放 发行 法定 法人 方便 分行 幅度 付 负债 高于 购买 股票 股市 挂钩 国债 沪 货币 基金 机构 计 简称 降低 交易所 结算 金融 开设 考核 理顺 利率 利息 利于 联网 买卖 墨 哪些 泡沫 披露 凭证式 区别 取消 商业 上市 深圳 收回 提前 提问 投资 投资者 问 下调 下降 现金 现行 限额 信贷 信用 行长 讯 一般 银行 盈余 用于 月 债券 账户 这次 证监会 证券 支付 准备金 准备金率 资金 自 
---- Cluster id #30 ----
Size: 138
白酒 包装 避孕 玻璃 彩色 测试 插 城市 传输 船 船舶 地位 地震 电厂 电视 电视机 电子 雕塑 独资 短 多媒体 发射 房屋 防 防震 辐射 服务业 港口 高档 高速 高效 工程 工艺 购 管制 光 国家级 含 毫米 黑 化肥 化工 火灾 基因 机械 机组 激光 级 计算机 加工 监测 减灾 交通 轿车 接近 精 开发 客车 空中 控股 矿 连接 良种 码头 煤 煤炭 模拟 摩托车 年产 农 农药 配备 配套 品种 普通 期货 器材 气 汽车 千瓦 抢险 桥梁 认证 容量 沙漠 伤亡 摄影 设备 设计 生产 数字 水电 水果 水泥 饲料 塑料 隧道 特有 天然 通信 同步 铜 图像 脱 外商 网 卫星 相关 新型 信号 性能 仪 仪器 以上 以下 用 邮电 有机 娱乐 预报 预测 原料 允许 运输 灾害 珍贵 纸 致 制品 制造 制作 中方 主导 专利 专用 装置 咨询 综合 
---- Cluster id #31 ----
Size: 0

---- Cluster id #32 ----
Size: 38
版 报 报刊 报纸 订 封 妇联 购物 火 焦点 禁止 精品 来信 买 媒介 媒体 每天 明星 铺 前来 人民日报 上网 深感 时报 时尚 玩 网上 位于 写道 新闻 兴趣 因特网 阅读 职业道德 中文 中宣部 主 主持人 
---- Cluster id #33 ----
Size: 66
查 长期以来 厂 厂长 串 创汇 此案 当局 倒闭 掉 发票 分 该行 港元 给 工厂 功 过 罕见 核 核电站 滑 辉煌 基建 集 佳 奖励 交 金钱 巨额 劳动模范 利税 漏洞 美元 农场 女儿 妻子 企业家 荣誉 容易 设 审计 盛 时健 收 受贿 送 退休 挖 外 物品 下属 相反 消防 辛苦 新加坡 心态 烟 云南 账 知名 赚 撞 追 总裁 褚 
---- Cluster id #34 ----
Size: 58
败 本轮 比分 比赛 不怕 场面 打 队 队员 对 对方 对手 菲 国家队 甲Ａ 教练 教练员 锦标赛 进攻 精彩 竞赛 局 俱乐部 俊 刻苦 篮球 联赛 辽宁队 轮 名将 男篮 男排 年轻 农家 女排 排球 强劲 球 球队 球员 取胜 赛 赛场 赛季 师傅 失误 输 送给 先生 选手 意外 有益 战 中国队 忠实 主场 主教练 足球 
---- Cluster id #35 ----
Size: 77
报告 暴露 差异 潮流 称 承办 承认 持 大道 当地 懂 读者 恶劣 封闭 风情 个性 耕地 攻击 公认 公约 公众 沟通 古典 汉语 好处 家属 价值观 抗议 冷战 每周 男女 其它 侵犯 缺乏 人均 人权 人数 神 审美 失去 诗 诗歌 诗人 实 实验 事实上 思 思维 所谓 他人 提案 统计 脱贫 外国人 外来 乌鲁木齐 限制 相同 消耗 小时 欣赏 心理 心声 宣言 研究会 言 优美 邮政 预期 珍惜 挣 之 执政 指责 致以 自由 作者 
---- Cluster id #36 ----
Size: 78
保卫 边防 兵 波黑 部队 产 称号 称赞 搭 大棚 担负 电视剧 顶 房间 服务队 附近 感人 高原 公斤 官兵 观看 光荣 过年 海拔 洪水 湖 虎踞 画面 基地 纪录 捐赠 军区 军人 军委 练 绿 美军 们 米 某 某部 气温 热潮 认清 塞拉利昂 少儿 士兵 蔬菜 双拥 司令员 所属 天气 透 土 忘记 维和 武警 西非 掀起 新鲜 训练 页 医疗队 玉米 栽 战斗力 战士 张北 张家口 帐篷 这部 阵线 忠诚 钟山 种植 株 驻军 子弟兵 
---- Cluster id #37 ----
Size: 43
ＶＣＤ 被告 编者按 彩电 产品 抽查 闯 创 打假 丢 份额 股份 顾客 合格 轰动 货 激烈 假冒伪劣 检验 来自 名牌 南昌 牌 品牌 求 商标 商场 商厦 深圳市 市 信誉 兴 形象 延伸 意识 用户 优 有限公司 占据 质量 种子 珠海 崛起 
---- Cluster id #38 ----
Size: 86
报警 背景 比如 编者 表现 沉重 成熟 创作 词 大学生 带有 得以 独特 多样化 反响 氛围 风格 感觉 供电 公安局 河南 呼唤 话题 季节 寄 价值 揭示 警察 景观 救助 刊物 可喜 垃圾 冷 理性 灵魂 流行 楼 描写 民警 年代 浓 女士 平凡 群体 热线 人生 散文 深 事 试图 收获 受伤 思考 它们 题材 贴近 同一 痛苦 推出 文学 喜悦 显示 现实 现实主义 象征 小事 小说 写 写作 行人 巡警 义务 议论 引发 诱惑 再现 展示 这么 值 值班 专栏 姿态 尊严 作家 作品 
---- Cluster id #39 ----
Size: 39
奥委会 奥运会 博览会 长野 传媒 大赛 大众 冬奥会 锻炼 夺得 公益 冠军 灌溉 健身 金牌 居 看好 枚 宁夏 企业界 庆祝 全民 赛事 射击 省区 世界杯 世界纪录 体委 体育 铁映 武术 务实 研讨会 用品 与会者 原材料 运动员 中小学生 组委会 
---- Cluster id #40 ----
Size: 116
吧 百姓 保存 杯 本地 波恩 不错 不见 不知 灿烂 层 产销 常州 长工 厂家 打下 大海 大家 大小 当 道 道理 等 典礼 都市 读 端 番 放心 风景 该校 赶来 钢琴 古老 故居 关闭 光彩 国企 过去 寒风 河 后人 后者 怀着 奖 借 句 颗 口 来临 蓝 老板 乐 利润 令 忙 名人 墨西哥 南北 难 难免 你 您 浓郁 捧 片 品位 平原 气息 前 清晰 请 色彩 上任 生动 剩下 世人 书画 双手 水 说话 算 太阳 掏 天空 听到 听说 停 同事 同行 童 投 文章 喜 喜欢 献身 想法 销 笑 性格 呀 眼 眼光 爷爷 衣服 艺术品 营造 誉为 怎么 展 志成 珠江 装备 自豪 总经理 帷幕 
---- Cluster id #41 ----
Size: 47
爱尔兰 保值 北爱 波罗的海 不满 布莱尔 财政部 撤销 承诺 持有 此举 大选 代理 到期 东盟 独联体 兑付 公布 柜台 国王 红色 计算 家电 假货 交易 据悉 拉那烈 满 年利率 期 商家 上门 申报 事宜 提醒 网点 西方 席位 消费者 一体化 营业 营业部 迎春 元首 招 政局 指定 
---- Cluster id #42 ----
Size: 90
颁发 办法 办理 保留 本 补充 不得 部门 采矿 采矿权 长 出资 处 处罚 登记 地质 调查 发布 罚款 范围 费用 负责 供 公告 构成 管理 规定 国务院 会同 减 缴纳 开采 勘查 可以 款 矿产 列 领 领取 没收 每 免 名称 内 年度 批准 平方公里 评估 其他 起 签订 情节 权限 人民政府 认定 日 申请 审批 施工 收到 手续 探矿权 特定 提交 条 铁 停止 同意 图 违反 文件 县级 限期 许可证 延长 延续 银 应当 予以 原 暂行 责令 章 证书 指 主管 转让 资格 资料 最低 
---- Cluster id #43 ----
Size: 38
安徽省 病人 管理局 哈佛 海南省 患者 疾病 剧团 渴望 农科院 瓶 评为 三下乡 山西省 陕西省 挑选 卫生 卫生部 问世 学会 药 药品 药物 医疗 医生 医学 医药 医院 右 造福 增至 浙江省 治疗 中药 中医 中医药 注册 专家 
---- Cluster id #44 ----
Size: 86
白色 采用 产业 长足 持续 创新 到来 地球 动力 动物 度 对策 发达国家 发明 发展中国家 防伪 分为 概念 赶 高产 高新技术 更新 海洋 航天 和谐 环 会员 获取 即 技术 加速 科 科技 科学 科学技术 可 利用 良性 领先 领域 绿色 内涵 能源 农科教 农业 蓬勃 气候 前沿 趋势 取决于 全球 人工 人类 人力 软件 深度 渗透 生存 生命 生态 生物 食品 实验室 首要 水稻 塑造 太空 突破 拓展 细胞 新兴 循环 迅猛 养殖 应用 营养 栽培 赞助 崭新 知识 知识经济 植物 智力 周期 资源 自然 
---- Cluster id #45 ----
Size: 82
班子 边界 变 财务 层层 城 城区 初步 出租车 村 村干部 村里 村民 村务公开 大街 大事 电价 堆 夺冠 岗 功夫 公开 归 河北 后面 花钱 怀疑 家 简单 江南 交警 街 街道 街头 京 经济学 居委会 距离 空间 扣 宽 亏损 困扰 联合 连续 乱 门前 明白 南宁 南宁市 难度 排 排名 盼 评 其 前面 强 全省 确实 人人 入手 上访 实力 世界 市民 说法 司机 速度 桶 推 围 文明 县里 新任 幸福 一把手 一样 有的 远 杂志 真正 
---- Cluster id #46 ----
Size: 39
比重 表 从事 从业 地区 电信 东 东部 公报 共有 华为 结果 快速 劳动 辆 年龄 农村 女性 培训 普查 全新 热闹 人员 如下 数 数据 岁 西部 吸纳 小型 徐州 以外 拥有 占 占地 镇 中部 总量 总数 
---- Cluster id #47 ----
Size: 80
安 拜年 办事处 薄 不幸 吃 穿 春耕 春云 大队 党组织 底 第一线 动员 根据地 工 共产党员 股份合作制 过硬 海信 红十字会 毁 汇 家园 艰苦 饺子 借助 经济林 救灾 军民 开办 开辟 抗 抗灾 抗震救灾 累 林业 领导者 留给 率领 民 那里 那曲 难关 拼搏 启示 全县 缺 日报 山区 烧 势力 特大 顽强 维持 慰问 物资 下乡 县 雄厚 雪灾 严峻 应付 踊跃 勇敢 用人 员工 灾 灾民 灾情 灾区 遭受 战胜 掌握 政权 支队 重建 撰写 子文 自救 
---- Cluster id #48 ----
Size: 34
储量 创业 大庆 大雨 发现 分离 井 勘探 老 老区 利比亚 立方米 楼房 欧佩克 棋 三角洲 石油 天然气 添 委内瑞拉 稳 下跌 寻找 雅加达 油 油气 油田 原油 增 找到 中级 总公司 足够 作业 
---- Cluster id #49 ----
Size: 93
背 不惜 长城 吃饭 传 春风 此时 大师 大厅 动 动人 富有 改编 感动 感染 歌剧 攻 故事 观众 海口 海南 海内外 回报 回应 惠芬 激情 技巧 家人 间 惊人 觉得 军营 拉 乐观 乐团 历时 联手 冒 梦 描绘 那个 年轻人 评论 奇迹 前后 情感 热情 人间 弱 伤 声 声音 试 手术 首 死亡 她 抬 躺 题写 天地 天下 外地 维也纳 温暖 舞 舞台 县城 响 校园 心灵 兄弟 学生 雪 严寒 演出 演奏 一代 遗憾 艺术家 意志 音乐 音乐会 有限 圆 酝酿 扎 掌声 这时 知 重返 助 闵 
---- Cluster id #50 ----
Size: 193
白 柏林 包 毕 边 斌 波 布赫 蔡 藏族 曹 常 长春 朝鲜族 陈 程 迟 川 崔 戴 单 丁 董 杜 段 范 方 费 冯 傅 刚 高 葛 龚 古 谷 顾 关 关根 管 光英 贵 贵鲜 郭 国权 海 韩 何 贺 洪 侯 胡 虎 华 华夏 黄 回族 霍 吉 季 家宝 贾 健 建华 姜 蒋 杰 解 金 锦华 晋 菊 克 孔 兰 磊 李 力 连 梁 亮 廖 林 刘 柳 龙 卢 鲁 鲁丽 陆 吕 罗 马 满族 梅 蒙古族 孟 苗 苗族 敏 明 名 牧民 聂 牛 女 潘 平 齐 秦 庆林 曲 全有 群 尚 邵 申 沈 胜 施 石 史 舒 司 松 宋 孙 谭 汤 唐 涛 陶 田 铁木尔・达瓦买提 土家族 万 万年 汪 王 韦 维吾尔族 伟 魏 温 文 闻 吴 武 西 席 夏 宪章 向 肖 谢 新风 新人 星 熊 徐 许 薛 严 阎 杨 扬 姚 叶 彝族 易 毅 尹 勇 游 于 余 俞 袁 跃 云龙 曾 张 赵 正 郑 志 钟 朱 祝 壮族 资 邹 缪 
---- Cluster id #51 ----
Size: 90
奥地利 班 拨 拨款 藏 册 长沙 车站 处长 达 大家庭 丹麦 档案 道德 得出 地理 电影 儿童 分局 佛教 歌舞 公顷 广西 河北省 红旗 黄金 继 价 监狱 江西省 教 今 经 境内 旧 科教 科协 克隆 拉萨 利 美术 免费 民间 民主党 内蒙古 盘 全区 山东 山东省 社 设有 省市 师 世 事物 受灾 所 铁路局 图书馆 团 团长 网络 文字 西藏 县长 乡 享有 小学 新疆 信仰 修复 宣传部 学术 艺术团 印度 影片 友协 语言 原始 整理 政 中队 中央政府 住院 自律 自治区 宗教 组 罪犯 座 
---- Cluster id #52 ----
Size: 44
查获 产业化 成果 到底 短短 分钟 高低 国产 海关 货物 集装箱 检测 建造 角度 境界 具备 科研 空白 块 临 论文 满足 弄 漂亮 清华 圈 缺少 上面 室内 视察 缩短 挑 推荐 托 系统 系统工程 学校 验收 依托 造 只 转化 转换 走私 
---- Cluster id #53 ----
Size: 79
阿根廷 澳大利亚 比索 表演 尝试 乘 乘客 筹措 筹集 筹资 春运 大楼 大厦 等待 地面 东方 动手 短缺 飞 飞机 飞行 福州 盖 各自 公司 股东 挂牌 汉城 杭州 航班 航空 航线 合肥 获得 机场 集团公司 记 架 肩负 建 开通 客运 空前 昆明 扩建 蓝天 联盟 旅客 每人 民航 名列 拿 票 签 人次 荣获 实体 事故 市区 首都 授予 售票 太原 通用 外面 微笑 维修 西北 小姐 兴建 选 逾 运营 折 郑州 总局 租 租赁 坐 
---- Cluster id #54 ----
Size: 39
阿 阿尔及利亚 本国 大陆 大使馆 法案 非洲 干涉 感谢 贺电 华侨 华人 建交 警方 科特迪瓦 联欢 谋求 南非 难民 内政 其琛 钱 人民党 外交部长 晚会 问候 希腊 削减 新年伊始 意 意大利 议长 有着 援助 赞同 这里 祝贺 祝愿 转达 
---- Cluster id #55 ----
Size: 116
把 奔 不便 产值 长江 楚政 床 大雪 歹徒 带领 刀 登 地上 电台 冬 断 繁华 夫妻 扶贫 富 告诉 隔 根 工地 孤儿 广场 孩子 寒冷 好事 喝 划 患 急 挤 交给 脚 结成 进 捐 捐款 空气 库区 啦 来到 老百姓 老伴 老人 里 连队 脸 脸上 玲 流 民兵 民心 民营 那天 男子 难题 年级 凝聚 暖 爬 派出所 彭 破 气象 前所未有 青春 清 穷 邱 全村 全市 任职 如同 三峡 商店 上游 市政府 市中心 双 水源 睡 似 趟 天 填 停车 头 脱贫致富 碗 屋 鲜花 县政府 湘西 乡亲 修建 血 羊 养猪 夜 一流 移民 英雄 咱 阵阵 之内 直辖市 致富 重庆 重庆市 仔细 自治州 走访 足 
