---- Cluster id #1 ----
Size: 150
Ａ 百富勤 包袱 北爱 北大 被告 边界 变 表面 冰箱 波黑 波罗的海 波音 成本 出于 传递 传销 大 大庆 代价 党建 盗版 等于 东北部 动态 动物园 独立 多元化 放弃 费用 分散 风险 钢琴 钢铁 跟 功能 狗不理 规模 国际象棋 过来 邯钢 汉年 合并 合资 衡量 洪水 缓慢 黄淮 火箭 集团 家 甲醇 兼并 简单 江淮 进入 精美 经营 咖啡 看来 科龙 可能 跨 亏损 扩展 扩张 拉那烈 浪潮 冷空气 例如 联合 连续 垄断 卢布 论证 马克 南极 纽带 欧佩克 排 排名 评 其 企业 气象台 强 热水器 如 塞拉利昂 商家 失败 实力 世界 室内 视 收益 手段 手机 水浒传 苏丹 速度 童 万达队 网球 无 无法 武术 舞剧 西非 下属 限度 限制 想法 销售 销售额 小到中雨 小麦 效率 行列 行业 幸福 迅速 爷爷 业务 一样 营销 盈利 有的 月球 运河 运转 杂志 真正 阵地 政府部门 值得 旨在 志成 中国画 中科院 周刊 珠江 专业化 追求 资产 总部 总裁 总公司 组合 做法 
---- Cluster id #2 ----
Size: 41
编者按 并非 补 补贴 拆借 出售 存量 大中城市 担保 抵押 对象 方案 房 分配 福利 高校 工资 供应 购 建房 建造 角 教职工 乐 例 每月 鸣 实物 市场化 现任 享受 消费 小区 新村 需 政策性 支付 住房 住宅 租 岚清 
---- Cluster id #3 ----
Size: 30
ＶＣＤ 厂家 丢 动手 防伪 份额 光明 光盘 广告 国产 海关 会员 火 激烈 家电 假冒伪劣 降价 竞争 名牌 农业部 牌 品牌 商标 趟 同行 占据 争 知名 注册 崛起 
---- Cluster id #4 ----
Size: 35
本身 博物馆 侧面 超出 大师 单纯 度 对立 关注 规律 忽视 欢乐 还 见解 角色 具 里面 灵魂 鲁迅 难免 内在 品格 失 时尚 使得 双重 塑造 腿 文艺 现实主义 兴趣 忧虑 游人 真实 自觉 
---- Cluster id #5 ----
Size: 48
八一队 败 本轮 比 比分 场 打 队 队员 对 对手 夺冠 负 国家队 河南 击败 甲Ａ 江苏 精彩 居 联赛 辽宁队 轮 男篮 男女 男排 女排 排球 球队 取胜 弱 赛 赛场 赛季 升 胜 输 四川 厅 位置 讯 赢 遇 战 招 浙江 支 主场 
---- Cluster id #6 ----
Size: 100
保障 常委会 常务 长官 程序 惩治 充实 抽查 筹备 大气 代表 代表大会 代表团 地方 督促 法 法规 法律 法制 法治 繁重 方面 放 赋予 附 改进 规范 规则 规章制度 国家机关 国外 候选人 环保 换届 汇报 基本法 季度 纪云 检查 交 接轨 借鉴 决定 框架 老年人 立法 力求 联系 每次 难点 拟 其余 起草 权力 热点 人大 人大代表 人民 任命 任期 日常 设立 审议 实施 实效 使命 市场经济 授权 特别 提请 听取 外国 完善 委托 污染 宪法 香港 信访 行使 行政区 修订 修改 选出 选举 依据 议案 议会 有益 原来 原有 灾 这项 征求 正当 职权 制定 中华人民共和国 专门 组成 遵循 
---- Cluster id #7 ----
Size: 123
Ｄ 巴 巴基斯坦 北部 贝宁 边境 表示 乘 大臣 大会堂 大使 大使馆 大中 抵达 定期 对话 对抗 反应 访 访华 访问 夫人 感 感谢 高层 高级 高兴 关系 国 国旗 荷 荷兰 和谈 合作 互访 欢迎 回忆 会谈 会晤 伙伴 间 柬埔寨 见面 建设性 交换 经贸 看法 科索沃 客人 来华 琳 临近 卢森堡 罗马尼亚 蒙古 敏感 莫 莫桑比克 莫斯科 南斯拉夫 欧 陪同 鹏 频繁 期待 签署 签字 切尔诺梅尔金 热烈 日期 上空 摄 设想 声明 剩下 使馆 世贸 首相 守 书面 双边 双方 司长 苏 苏联 谈 探讨 图片 外交部 外经贸部 为期 卫生部 相互 相信 消除 协作 谢里夫 新任 信任 亚 也门 一行 仪式 印 应邀 友好 友协 友谊 元首 愿 愿意 越 越南 赞赏 障碍 真诚 正常化 正式 祝贺 驻 驻华 卓有成效 着手 
---- Cluster id #8 ----
Size: 132
白酒 版 包装 避孕 玻璃 采用 彩色 测试 插 出版物 船舶 地位 电厂 电子 独资 吨 发射 防 辐射 服务业 港口 高档 高效 工艺 公园 管制 光 国家级 含 航天 毫米 核电站 黑 化肥 化工 机械 机组 激光 集装箱 计算机 加工 检测 检验 轿车 接 精 井 景观 开发 抗 空中 控股 矿 立方米 连接 良种 码头 煤 煤炭 摩托车 年产 农 农药 配备 品种 普通 期货 汽车 千瓦 认证 容量 沙漠 摄影 设备 设计 生产 生产线 水电 水果 水泥 饲料 塑料 隧道 特有 天然 条约 通信 同步 铜 透 脱 外商 系统 相关 新型 型 性能 循环 养殖 药 药品 药物 医药 仪 仪器 以上 以下 用 优 优良 邮电 邮政 有机 娱乐 原料 允许 运输 占 珍贵 纸 致 制品 制造 制作 中方 中药 主导 专利 专用 装置 咨询 综合 
---- Cluster id #9 ----
Size: 38
爱尔兰 本质 比如 变为 超越 成分 初级阶段 处在 发达 非公有制 富 富裕 纲领 公有制 共产主义 股份制 归 国情 合格 基本 阶段 刻苦 谋 判断 青春 清楚 生产力 手里 私人 所有制 特征 土地 忘记 无限 消灭 宣言 准确 资本主义 
---- Cluster id #10 ----
Size: 84
被动 变革 步 财富 操作 产业 场面 成长 创新 大门 到来 第三产业 动力 发达国家 发明 发展中国家 飞跃 分为 改变 概念 赶 告别 更新 获取 机器 积累 即 技术 价值 揭示 进步 具备 看出 科技 科技界 科教兴国 科学技术 科研 来临 劳动者 绿色 论断 迈进 面临 农科教 前沿 求 趋势 取决于 全球化 人工 人类 人力 软件 生存 生物 世纪之交 说法 缩短 太空 挑战 西欧 显示 相比 信息 兴起 迅猛 研究 意味着 应用 迎接 在于 战略 知识 知识经济 之上 直至 指明 智力 周期 注入 转向 综合国力 走向 
---- Cluster id #11 ----
Size: 159
阿拉伯 阿拉法特 阿盟 阿齐兹 埃及 安理会 安南 奥尔布赖特 巴格达 巴勒斯坦 巴黎 白宫 抱 报道 北约 避免 编辑 波恩 不见 布鲁塞尔 常任 常驻 撤军 冲突 此间 此前 磋商 达成 打电话 打算 大规模 大国 担心 德国 电 电话 调解 动武 动用 俄 俄罗斯 发布会 发出 发言人 法国 分歧 否认 符 各方 关切 官员 国防部长 国会 国务卿 果 海湾 核查 华盛顿 换 记者 加紧 结束 解决 紧张 谨慎 警告 局势 拒绝 据说 决议 开罗 科恩 科尔 科威特 克林顿 库克 扩 乐观 黎巴嫩 理事国 利比亚 立场 联合国 连日来 罗马 美 美国 美军 美联社 穆巴拉克 南部 内阁 内塔尼亚胡 欧盟 欧洲 派出 普里马科夫 前往 前夕 谴责 桥本 认为 萨达姆 首脑 艘 特使 特委会 挑选 通报 透露 途径 土耳其 推迟 外长 外交 外交大臣 威胁 危机 为首 斡旋 武力 武器 西岸 西班牙 希拉克 袭击 销毁 协议 新华社 新闻界 行 叙利亚 选择 寻求 耶路撒冷 叶利钦 一致 伊 伊拉克 伊朗 伊斯兰 以 以色列 议长 引人注目 英 犹太人 油气 舆论 约旦 约旦河 之间 之前 制裁 中东 诸如 准备 总统 总统府 
---- Cluster id #12 ----
Size: 68
阿根廷 便宜 尝试 称号 乘客 筹措 筹集 春风 大楼 等待 东方 短缺 飞 飞机 飞行 公司 股 海南省 航班 航空 航线 合肥 机场 集团公司 记 架 惊人 客运 昆明 蓝天 利润 利税 联盟 旅客 买 每人 民航 拿 南方 票 起步 起点 签 荣获 上门 食品 实体 市区 首都 授予 通用 外面 微笑 西北 厦门 小姐 星 形 选 涌 油田 逾 运营 折 总局 租赁 最佳 坐 
---- Cluster id #13 ----
Size: 104
把 白色 背 边防 不惜 产 长城 称赞 床 春 此时 大棚 大厅 动 动人 盖 感动 高原 歌剧 工地 攻 公斤 官兵 海拔 海口 寒风 寒冷 惠芬 基地 激情 技巧 纪录 家人 艰辛 结 军区 军营 空白 拉 乐团 联手 练 冒 们 梦 描绘 那天 年轻人 农场 农科院 爬 捧 评论 奇迹 企业家 气温 热情 人间 摄氏度 声音 生命 试 试验 手术 蔬菜 送给 她 踏 抬 躺 题写 天地 天下 停留 土 维也纳 温暖 舞 舞台 鲜花 乡亲 响 响起 校园 演奏 艺术家 意志 音乐 音乐会 玉米 圆 栽 栽培 咱 展示 战士 这时 种植 种子 重返 株 猪 足够 闵 
---- Cluster id #14 ----
Size: 45
搬 杯 大海 顾客 观看 观众 海 海南 喊 喝 轰动 虎踞 话剧 剧目 剧团 剧院 门口 陌生 幕 念头 啤酒 平静 前线 上演 深处 声 士兵 太阳 替代 天 同事 完 屋 舞蹈 戏 戏剧 献身 心灵 演 演出 演员 一流 永恒 犹如 钟山 
---- Cluster id #15 ----
Size: 173
安徽 班长 办公室 办公厅 北京 北京大学 北京市 毕业 博士 部长 常委 常务委员 厂 厂长 车间 成都 成员 冲击 出任 处长 大学 代理 党委 党校 党组 地委 东北 董事长 队长 分局 福建 福建省 副 干事 高中 工程师 工商 工业部 工作组 共青团 顾问 管理局 广东 广东省 广州 国防部 国务委员 哈尔滨 汉族 河南省 黑龙江 黑龙江省 红旗 红十字会 湖北 湖北省 湖南 湖南省 华南 化学 会长 获 吉林 吉林省 计委 加入 兼 检察长 江苏省 江西 郊区 教授 津 经理 局 局长 军分区 科长 科委 科协 科学院 理事会 联合会 辽宁 辽宁省 伦敦 煤矿 秘书 民革 民主党 名誉 男 内蒙古 纽约 迫害 其间 清华大学 区 人事部 任 日内瓦 山东 山东省 陕西 上海 上海市 上将 沈阳 生 省 省长 省委 省政府 实业 事务 市长 市委 首席 书记 书记处 数学 水利部 四川省 所长 天津 天津市 铁路局 团 团长 系 县委 相当 校长 协会 宣传部 学位 学习 学院 研究生 研究室 研究所 研究员 研究院 业余 议员 院 院长 院士 政法 政委 政治部 政治局 职 指挥部 中共 中华 中学 中央 中央委员 州 主编 主任 主任委员 主席 助理 住院 专业 总队 总工会 总会 总经理 组长 组织部 
---- Cluster id #16 ----
Size: 41
本地 表明 窗口 典型 定 发掘 发现 父亲 高尚 个别 功夫 公认 环 激发 门 模范 墙 全局 全省 缺少 荣誉 深厚 生命力 生日 示范 事迹 树 说话 思念 推广 系统工程 先进 效应 宣传 学 涌现 针对性 注意 抓 转化 准 
---- Cluster id #17 ----
Size: 53
差别 创汇 档次 掉 锭 恶化 纺织 非 付出 工业 攻坚战 国企 国有 过度 含量 济南 截至 解困 经贸委 净 举措 困境 离退休 理 龙头 落后 难得 难关 能否 扭亏 庞大 破产 其它 启动 契机 抢 敲 清 全新 生产能力 升级 淘汰 突破口 退出 陷入 压 压锭 压缩 沿海 增至 展开 重组 最终 
---- Cluster id #18 ----
Size: 48
安排 编制 财力 财税 财政 采购 超 呈现 赤字 大于 到位 得益 低于 抵 高于 关税 加 加元 减免 减少 节 进口 开支 粮食 弥补 其中 欠 庆 确保 生产总值 适度从紧 收入 收支 税 税收 税务 完成 相应 消化 预期 预算 元 增长 增幅 债务 征收 支出 转移 
---- Cluster id #19 ----
Size: 46
澳门 巴金 表决 波兰 布赫 参加 草案 创办 大会 代表性 当选 发言 甘肃 港 工商联 光亚 光英 贵鲜 国权 会场 家华 届 秘书长 名单 全国 全体 人 人选 受 提名 投票 外事 委员 委员长 委员会 小组 议程 酝酿 掌声 兆国 中共中央 主持人 主席台 主席团 组 孚凌 
---- Cluster id #20 ----
Size: 47
播出 彩电 传输 大雨 电视 电视机 电视台 电台 覆盖 歌舞 隔 广播 贺卡 后面 画面 接收 节目 京剧 竞赛 渴望 厘米 模拟 配 屏幕 普通话 清晰 取代 少儿 数字 睡 听众 图像 晚会 网 卫星 下乡 县里 相声 乡镇 新闻 信号 演唱 验收 页 语言 职业道德 主 
---- Cluster id #21 ----
Size: 202
安装 颁布 办事 薄弱 保证 本人 表率 不正之风 不准 部署 财务 查处 成效 充分 初步 出台 处分 处理 此案 村干部 村民 村务公开 措施 达标 党风 党政 党政机关 斗争 对策 遏制 发 发挥 发生 发扬 反 反腐倡廉 方针 防止 分工 分子 腐败 负担 干部 干群 各级 各类 各项 各种 工作 公开 公款 贯彻 广大 好转 河北 河北省 狠抓 环节 会计 活动 基层 机 集资 及时 纪检 纪律 纪委 加强 监察 监督 坚持 坚持不懈 坚决 坚强 艰巨 艰苦奋斗 减轻 健全 健行 建设 奖金 接待 结合 金钱 紧密 进行 精神文明 纠正 开展 考验 浪费 礼品 立 廉洁自律 廉政 领导 领导班子 流失 漏洞 落实 迈向 蔓延 密切 民主 内部 内容 配合 评议 普遍 起来 强化 强烈 切实 清理 情况 庆典 全会 全面 确定 群众 任务 认真 容易 上访 上级 奢侈浪费 设 深入 审计 十五大 时健 实事 收费 受贿 树立 顺利 特点 提供 铁映 突出 土壤 推行 外 违法 违规 违纪 围绕 尉 现象 项 削弱 效果 协调 形势 行政 烟 严格 严禁 要 要求 一级 有力 有序 预防 原则 源头 造 责任制 赠送 扎扎实实 账 整体 正气 职责 直接 指标 制度 制约 制止 治 治理 重大 重视 重要性 注重 抓好 抓紧 专项 追究 准则 着重 自 自觉性 自身 综合治理 组织 钻研 做好 作风 作为 作用 褚 
---- Cluster id #22 ----
Size: 64
爱国主义 保护 笔者 病人 长途 车 传统 抵御 氛围 锋 奉献 幅 革命 工作者 孤儿 鼓舞 故居 号 后人 回家 火车站 激励 记录 纪念 纪念馆 价值观 建筑 姐妹 精品 经费 课堂 老人 雷 烈士 妈妈 民政部 奶奶 评选 气氛 前所未有 抢救 青少年 日记 少奇 社会效益 师生 收藏 贴近 停 统筹 维修 文化部 文物 文献 物质文明 祥和 再现 赞助 责任感 展出 展览 展现 振奋 中宣部 
---- Cluster id #23 ----
Size: 70
巴西 百分点 不良 长期以来 筹资 储蓄 此举 存 存款 大藏省 贷款 倒闭 兑换 发放 法定 分类 分行 幅度 负债 该行 港元 挂钩 国民 回收 货币 机构 降低 结算 金融 金融业 巨额 考核 客户 理顺 利率 利于 名义 墨 取消 日本 日元 商品房 商业 收回 投放 委内瑞拉 下调 下降 现金 现行 限额 削减 信贷 信用 信誉 行长 一般 银行 银行业 用于 有利于 月 增 债权 这次 这家 职员 准备金 准备金率 资金 
---- Cluster id #24 ----
Size: 192
白 包 毕 兵 波 蔡 藏族 曹 查 常 朝鲜族 陈 程 迟 楚政 川 崔 戴 单 刀 丁 董 杜 端 范 方 费 冯 扶 傅 刚 高 葛 龚 古 谷 顾 关 关根 官 管 贵 郭 韩 浩田 何 贺 洪 侯 胡 虎 华 华夏 黄 回族 霍 吉 季 家宝 贾 健 建华 姜 蒋 杰 解 金 锦华 晋 菊 俊 康 克 孔 蓝 兰 黎 李 力 梁 亮 廖 林 临 玲 刘 柳 龙 楼 卢 鲁 路 陆 吕 罗 马 满族 梅 蒙古族 孟 苗 苗族 敏 明 名 聂 牛 女 潘 彭 平 齐 迁 秦 庆林 邱 曲 全有 群 陕西省 尚 邵 申 沈 盛 施 史 舒 松 宋 孙 谭 汤 唐 涛 陶 田 土家族 万 万年 汪 王 韦 维吾尔族 伟 魏 温 文 闻 乌 吴 武 西 夏 宪章 向 肖 谢 熊 徐 许 薛 严 阎 杨 扬 姚 叶 彝族 毅 尹 勇 游 于 余 俞 袁 跃 云龙 云南省 曾 张 赵 浙江省 正 郑 志 钟 朱 祝 壮族 邹 
---- Cluster id #25 ----
Size: 112
案件 百姓 办案 暴力 爆炸 不够 财产 查办 查获 呈 惩处 辞职 错 打击 当事人 得以 递增 调节 毒品 队伍 发票 罚 法官 法院 犯罪 犯罪分子 方略 房地产 干警 干扰 告诉 公平 公正 够 航运 合法 合同 贿赂 家庭 假 检察 件 建新 解释 金额 禁毒 纠纷 酒 举报 考试 可靠 来访 类 类型 力气 每年 民事 宁波 判处 判决 培训班 赔偿 破坏 抢劫 权益 全心全意 人民法院 上升 上下 少年 审理 审判 售 数额 思卿 司 司法 诉讼 随意 贪污 体会 头脑 危害 维护 线索 协定 刑事 性质 严打 严厉 严肃 严重 一体 增大 增多 整治 知识产权 职务 执法 执行 致使 制 秩序 治安 治国 中级 中外 子女 宗旨 走私 最高 渎职 
---- Cluster id #26 ----
Size: 58
保存 布莱尔 层 尝 常州 词 大街 单一 当做 都市 读书 繁华 风景 该校 歌曲 古老 过硬 海信 河 呼唤 捐 抗议 可谓 宽 理性 领导者 令 旅游 名人 那里 浓 浓郁 片 品位 平原 气 气息 热线 事实上 书店 书画 贴 同类 图书馆 推荐 挖掘 文化 吸引 兴奋 形象 一派 英国 营造 员工 至关重要 资 自豪 自律 
---- Cluster id #27 ----
Size: 63
摆 本国 毕业生 编写 不行 财经 代 待遇 电脑 短短 风气 高等 高度 高峰 高考 国家教委 呼声 画家 怀着 回国 回来 基金会 家长 奖励 教材 教师 教学 教育 科教 课 课程 老师 理想 留学生 面向 年级 派 培养 评为 普及 清华 人才 人事 上去 设计师 什么样 西南 小学 新加坡 选拔 学科 学生 学校 学者 眼光 阳光 赞成 战线 招生 整顿 中小学 珠海 着 
---- Cluster id #28 ----
Size: 77
报 称 春云 春运 搭 大雪 地震 第一线 厄尔尼诺 房屋 防震 奋战 负责 赶来 广 火灾 家园 监测 减灾 饺子 紧急 京 九 救济 救援 救灾 救助 捐赠 卡 抗灾 抗震救灾 客车 脸上 列车 路上 牧民 那曲 暖 拼搏 气候 气象 抢险 亲人 缺 热带 人民政府 丧失 伤亡 神 售票 受伤 太平洋 特大 提 铁道部 慰问 物资 县级 雪 雪灾 夜 医疗队 油 预报 预测 灾害 灾民 灾情 灾区 造成 张北 张家口 帐篷 直升机 重建 子弟兵 自救 
---- Cluster id #29 ----
Size: 43
长沙 车辆 承担 闯 大队 歹徒 倒 恶劣 公安局 花钱 机动车 加重 监控 交警 交通 接到 劳动模范 民警 明星 认定 伤 上任 事故 司机 死亡 送 送礼 停车 违章 现场 心态 行人 巡警 责任 真相 支队 治疗 中队 中小学生 抓获 撞 追 自行车 
---- Cluster id #30 ----
Size: 86
吧 遍 宾馆 不知 唱 称为 出生 船 吹 多少 风 风光 敢 敢于 歌 歌声 根 姑娘 豪华 好像 红 湖 花 画 怀 荒山 鸡 劲 京城 举 开 棵 苦 快乐 里 脸 粮 绿 落 吗 卖 美丽 牡丹 哪 那 呢 年年 旁 飘 前来 塞 散 山 烧 时节 首 死 似 她们 天空 脱颖而出 碗 细 献给 香 想起 像 向前 延安 野生 也 移 意思 游客 鱼 雨 远 云 载 在 怎么 照 这儿 真 正好 值 
---- Cluster id #31 ----
Size: 55
办公 奔 边 不便 车站 出去 传来 串 大小 电信 饭店 放心 攻关 公里 公路 广西 贵州 过年 华为 火车 捐款 开发区 开通 看好 昆 来到 老区 连 楼房 忙 南 跑 商店 省区 挑 铁路 通 拖 外地 围 位于 喜悦 显 线 销 新年伊始 兴建 修建 沿线 养猪 云南 运 展 这块 这里 
---- Cluster id #32 ----
Size: 72
案 补充 材料 待 逮捕 地点 调 法庭 该 公安 管辖 规定 划 会见 机关 检察院 鉴定 结论 经过 居住 可以 款 理由 立案 列 律师 秘密 批准 聘请 期间 期限 起诉 侵犯 轻 请求 取 权 入 上述 涉及 涉嫌 审查 省级 事实 是否 收到 收集 收取 受理 书 属于 说明 随 提起 通知 同意 为由 未能 嫌疑人 刑法 刑事诉讼法 姓名 询问 延长 应当 在场 照片 侦查 证据 证明 指 罪 
---- Cluster id #33 ----
Size: 224
啊 爱 爱国 爱护 北风 别人 冰 病 伯伯 不顾 采访 参观 充满 冲 崇高 传达 此后 此事 促成 答应 大地 大姐 大桥 担任 诞辰 当 党内 道理 得知 典范 懂得 度过 顿 恩来 儿子 饭 房间 房子 分钟 风范 复杂 负责人 赶到 感到 感慨 感情 感人 感受 告 革命家 跟着 工人阶级 公仆 关怀 官僚主义 国民党 过 后 怀念 坏 患 回 回到 回去 极端 急 记得 记忆 家属 坚定 艰难 将军 讲述 交谈 接触 接见 杰出 结婚 尽 敬爱 镜头 净化 久 开会 看 看看 啦 老一辈 历程 留 留下 流 隆重 缅怀 面前 民主党派 明白 名字 目光 哪里 那么 那时 那种 南京 难忘 内心 你 你们 女儿 拍 朋友 批示 品质 乒乓球 平凡 前后 亲 亲切 亲属 青 情 情景 去 去世 让 热爱 人格 人家 人群 任职 日子 荣 如此 身 身边 身上 身体 深情 深受 事件 释放 视察 视为 熟悉 岁月 他 他们 踢 天安门 听 听到 统一战线 统战 统战部 投身 突然 托 外出 晚 忘 危险 伟人 位 文革 文化大革命 我 无产阶级 西安 细致 湘西 想 想到 想象 笑 些 心 心里 心情 心血 心中 信 信念 休息 眼睛 样子 冶金 业绩 一起 一生 以为 毅仁 引起 印象 迎 颖超 幽默 忧 赞扬 遭到 战友 照顾 召集 这么 政治家 知道 知名人士 知识分子 之际 直到 值班 指示 只见 中毒 中间 中南海 周 周年 住 卓越 仔细 字 总理 最后 魅力 
---- Cluster id #34 ----
Size: 111
背景 笔 弊端 编 表现 差异 沉重 传媒 创作 大道 导演 灯 电视剧 电影 懂 独特 读 读者 多样化 反响 封闭 风情 富有 改编 感觉 革新 个性 沟通 古典 故事 汉语 话题 激动 集 讲究 角度 节奏 境界 可能性 可喜 空前 栏目 老虎 冷 良性 描写 某 闹 年轻 凝聚 拍摄 批评 期刊 桥 情感 圈 缺乏 群体 热闹 人生 散文 深 深度 审美 失去 诗 诗歌 诗人 时代 视野 试图 收获 思 思考 思维 它们 题材 痛苦 玩 文学 洗 鲜明 现实 小说 写 写作 欣赏 辛苦 心理 心声 性格 修养 寻找 严谨 言 艺术 艺术品 营养 影视 优美 右 诱惑 誉为 崭新 者 知 之 尊严 作家 作品 作者 
---- Cluster id #35 ----
Size: 119
澳 比利时 闭幕 必然 表彰 参考 参政议政 草原 茶话会 阐述 承办 出访 出席 次 打假 大局 调查 调研 对外 发表 反映 防火 份 风貌 服从 赴 纲要 稿 各界 功 古巴 规范化 汗水 号召 合影 宏伟 华清 会议 活跃 建议 江 讲话 交往 锦涛 举行 开阔 开幕 开拓 看望 考察 两会 列入 鲁丽 履行 率 论坛 民工 宁夏 强有力 乔 侨胞 渠道 日程 入手 瑞典 瑞环 瑞士 森林 商 石 受到 水土 思路 探索 讨论 提案 题 通过 团体 拓展 伟长 希腊 希望工程 掀起 象征 协商 新鲜 兴 畜牧业 选平 研讨 研讨会 演讲 邀请 议题 迎春 与会 圆满 泽民 增进 展望 章程 召开 正英 政协 政治 职能 制订 制度化 智利 驻地 专家 专题 姿态 做出 作 座谈 座谈会 F基 
---- Cluster id #36 ----
Size: 76
背后 比索 贬值 超过 出口 储备 传真 跌 东京 东南亚 东亚 动荡 短期 兑 菲 菲律宾 纷纷 风暴 各国 股市 官方 韩国 汉城 合 缓 回升 汇率 货 货物 降 阶层 经常 竞争力 拉美 流动 流入 马来西亚 马尼拉 曼谷 贸易 美元 墨西哥 全球 人民币 收盘 顺差 苏哈托 泰国 通货膨胀率 投向 外汇 外贸 外债 外资 下跌 显然 信心 宣布 雅加达 亚洲 依赖 因素 印度尼西亚 印尼 印尼盾 盈余 影响 有人 预计 援助 增长率 指数 至 周边 资本 总额 
---- Cluster id #37 ----
Size: 56
安徽省 安全 标志 不得 部门 仓库 处罚 地面 地下 电价 电力 电器 发电 罚款 个人 给予 供电 构成 规划 距离 跨越 扩建 绿化 内 其他 器材 桥梁 任何 射击 设施 生长 施工 水库 损害 损失 所在 条 条例 违反 物品 线路 消防 新建 行为 血 延伸 移动 应 有关 责令 章 直辖市 植物 周围 遵守 作业 
---- Cluster id #38 ----
Size: 36
报刊 报纸 本报 病毒 订 多媒体 封 海外 焦点 觉得 来信 来自 另 每天 偶然 漂亮 权威 人民日报 商务 上网 深感 甚 时报 推 推出 网上 喜欢 消息 写道 一代 因特网 用户 阅读 中文 专栏 最新 
---- Cluster id #39 ----
Size: 63
爱好者 办理 保值 财政部 场地 撤销 持 持有 答 大户 到期 道德 兑付 发行 方便 付 公布 购买 股东 股票 挂牌 柜台 国债 沪 回报 基金 计 计算 简称 交易 交易所 开设 刊登 利息 联网 买卖 满 哪些 年利率 披露 凭证式 期 区别 上市 申报 深圳 事宜 提前 提问 提醒 投资 投资者 网点 问 营业部 邮票 运作 债券 账户 证监会 证券 指定 只 
---- Cluster id #40 ----
Size: 107
保 保卫 爆发 北 部队 参与 草地 策划 长征 朝鲜 持久 创建 担负 导弹 到达 德 抵制 独立自主 锻炼 对付 夺取 翻译 封锁 风采 该书 巩固 国防 国务 海军 海上 核 红军 后勤 华北 家具 解放军 进攻 精力 经济基础 军 军队 军事 军委 看见 抗日战争 抗战 肯 空军 空气 兰州 联络 临时 民兵 命令 命名 南北 篇 迫使 前面 侵略 秋 全军 热心 人民军队 生涯 胜利 师 实 双 司令员 所属 题词 文选 我党 我军 武警 武装 伍 消极 协助 修权 学会 训练 研制 引 院校 早期 占领 战场 战斗 战斗力 战术 战役 战争 争取 指挥 致力 中央军委 诸 主持 装备 壮大 自力更生 总参谋长 总政治部 组建 作战 
---- Cluster id #41 ----
Size: 56
澳大利亚 本届 比赛 冰球 冰雪 参赛 长野 成绩 出色 登 冬奥会 动作 夺 夺得 分 冠军 贺电 滑 滑雪 获得 加拿大 角逐 金牌 锦标赛 决赛 另外 枚 米 秒 名将 名列 男子 难度 女子 挪威 破 轻松 全场 上届 世界杯 世界纪录 速滑 天气 添 跳 乌克兰 喜 选手 亚军 意外 银 游泳 摘 中国队 妍 缪 
---- Cluster id #42 ----
Size: 65
安 办事处 薄 不幸 策略 吃 春耕 村庄 党性 党员 党组织 敌人 底 动员 发动 发起 根据地 共产党员 毁 汇 机关干部 艰苦 节省 借助 军民 开办 开辟 堪称 抗日 留给 旅 率领 民 耐心 弄 牌子 情绪 日报 山西 山西省 渗透 世人 填 退 顽强 维持 牺牲 新华 雄厚 学员 严峻 衣服 英雄 应付 踊跃 勇敢 运动 扎 掌握 这部 政权 忠诚 驻军 撰写 子文 
---- Cluster id #43 ----
Size: 52
斌 长春 此次 大厦 大选 丹麦 党派 段 购物 股份 国大党 获胜 假货 竞选 开幕式 磊 领先 麻烦 名人战 南昌 盘 棋 棋手 人民党 认可 商场 商厦 深圳市 石家庄 围棋 乌鲁木齐 席 席位 相似 徐州 选民 选票 一体化 印度 有限 有限公司 预赛 遭 战胜 阵线 争夺 政党 郑州 执政 主办 子 昊 
---- Cluster id #44 ----
Size: 60
拜年 长远 潮流 大陆 大业 当局 对此 儿女 分离 分裂 构想 光荣 海内外 海峡 和平 呼吁 回应 寄 佳节 加深 交流 进程 警惕 两岸 领土 迈 民心 民众 农历 企图 商谈 深切 深远 势力 所谓 台湾 谈判 同胞 统一 推动 完整 往来 务实 希望 现状 心愿 一国两制 遗憾 愿望 赞同 造福 政局 郑重 重申 主权 主张 状态 总书记 祖国 阻碍 
---- Cluster id #45 ----
Size: 277
Ｂ 云 摆脱 办 邦国 保持 北方 必要 变化 不利 布局 步伐 采取 层次 产量 产品 产权 城镇 成果 承包 承受 持续 出现 促 促进 达到 大胆 大型 大中型 带动 带来 导向 调动 调控 调整 独联体 对外开放 对外贸易 发展 翻 方式 方向 防范 防治 放开 非法 分开 丰富多彩 丰收 风波 扶持 符合 富余 附加值 该市 改革 改善 改制 改组 干旱 高产 高等教育 高速公路 高新技术 搞好 搞活 格局 个体 各地 根本性 鼓励 骨干 固定资产 关键 观念 广泛 广阔 轨道 国际 国民经济 国内 国内外 国土 海洋 合理 宏观 化解 淮河 环境 黄河 混乱 活力 基本建设 基础 机电 机遇 机制 积极 积极性 集体经济 集中 急需 计划 计划经济 继续 加大 加快 监管 坚定不移 减员增效 健康 建立 节水 节约 结构 解放思想 紧 进出口 进展 精简 精心 经济 经济社会 经济效益 境外 居民 举世瞩目 开放 开拓进取 科普 可 控制 快 困难 困扰 扩大 来源 劳动力 牢固 利用 力度 力争 良好 量 零售 灵活 领域 流通 流域 迈出 满足 矛盾 门路 棉花 明显 目标 纳入 能力 能源 年 农村 农民 农业 努力 配套 配置 批 贫穷 平衡 平稳 浦东 前景 前提 潜力 取得 全 全年 融资 社会 社会化 设置 深化 生产资料 生活 生态 实现 实行 势头 适当 适度 适时 适应 市场 试点 收成 水平 素质 缩小 所有 台阶 态势 提高 体系 体制 条件 同时 投产 投入 突破 推进 妥善 拓宽 为主 稳 稳定 稳中求进 我国 物质 吸收 显著 乡镇企业 项目 消费品 消耗 小 小康 效益 新增 兴办 形式 压力 养老 要素 一定 依靠 以内 意愿 因地制宜 引导 引进 隐患 优化 优势 优质 有利 有所 有效 预定 原油 约束 造林 增产 增长点 增加 增强 增值 战略性 政策 政府 政企 支撑 支持 支柱 质量 中介 中小企业 重 重点 重复 主体 抓住 转变 转换 着力 着眼 资本金 总体 
---- Cluster id #46 ----
Size: 46
爱心 伴随 报警 报名 残疾人 传播 丛书 岛 服务 服务队 工具 弘扬 后者 揭晓 某部 派出所 盼 蓬勃 青岛 青年 清洁 三下乡 上面 社 社长 实实在在 实用 书法 同学 望 温馨 喜爱 献 新风 新人 行动 研究会 一家 依托 真情 征文 植树 志愿 志愿者 助 帷幕 
---- Cluster id #47 ----
Size: 47
比例 比重 表 长江 从事 从业 单位 典礼 东 东部 法人 分布 个 公报 共计 划分 环保局 见 结果 居委会 开工 口 快速 劳动 辆 末 年龄 排放 批发 普查 人数 人员 如下 社区 数 数据 数量 台 西部 吸纳 以外 营业 占地 镇 中部 总量 总数 
---- Cluster id #48 ----
Size: 354
把握 包括 宝贵 报告 变成 标准 表达 别的 不好 不可 不怕 不同 部分 才能 产生 长 倡导 成 成功 成就 成立 成熟 成为 程度 承认 初 初期 出 出发 出来 创立 创造 创造性 此 存在 错误 打开 大家 大事 大树 带 党 党中央 到 道 道路 得 邓 邓小平理论 地域 点 奠定 定位 东西 动摇 对待 多 反对 犯 方法 放在 分析 奋斗 丰富 否定 富强 改造 概括 高潮 高举 搞 各个 根本 贡献 共产党 共产党人 共识 估计 关心 观察 观点 国家 果断 过程 过去 好 好处 好事 核心 话 还要 还有 辉煌 恢复 回答 回顾 会 极大 集体 继承 加以 驾驭 建国 讲 教训 叫 接受 阶级 解放 进 近 精神 经历 经受 经验 救 局面 巨大 具体 具有 句 卷 决策 决心 开创 开始 看待 看到 考虑 科学 克服 客观 肯定 口号 来 牢记 老 老百姓 离 离开 理解 理论 礼貌 历史 历史性 利 利益 力量 联 了 了解 领导人 领会 领袖 路线 论述 马克思 马克思主义 马列主义 毛 毛泽东思想 没有 每个 面 面对 明确 命运 某些 目的 那些 那样 难题 内外 能 能够 年代 您 农家 排除 评价 期望 旗帜 起到 千方百计 前 前进 前列 前途 强调 倾听 倾向 清除 清醒 请 全党 全家 全世界 确立 确认 确实 人们 人物 认清 认识 如何 三中全会 善于 上 上来 少 社会主义 深刻 生动 生机 失误 十四大 时 时候 时机 时间 时刻 时期 什么 实际 实践 实事求是 实质 使 世纪 事 事情 事业 逝世 是 手中 说 思想 它 态度 谈话 掏 套 特区 特色 提倡 提出 提到 体现 同 同志 推向 脱离 外部 完全 唯一 为 为什么 伟大 文章 问题 我们 西方 吸取 系列 下 下功夫 下来 下去 先生 现代化 详细 小平 小事 辛勤 新 形成 需要 呀 眼 一切 依然 以后 以前 意见 意识 意义 应该 应有 赢得 拥护 勇气 勇于 优秀 有 有待 有些 有助于 有着 愉快 遇到 原理 运用 早 造就 泽东 怎样 站 哲学 这 这个 这些 这样 这种 珍惜 真理 震 整个 正确 正是 之后 之下 之一 之中 指出 指导 指引 只能 智慧 中 中国 中山 中医 中医药 忠实 种 种种 重任 重要 主动 主观 主要 著名 著作 资产阶级 自己 自我 总结 走 走过 组成部分 左 做 做到 作出 
---- Cluster id #49 ----
Size: 36
奥委会 奥运会 博览会 不错 产业化 长足 大赛 大众 当中 店 服装 公益 孩子 教练 教练员 俱乐部 篮球 媒介 媒体 宁 企业界 球 球员 赛事 色彩 水准 体委 体育 为何 用品 与会者 运动员 主教练 祝福 足球 组委会 
---- Cluster id #50 ----
Size: 66
帮助 榜样 包含 彼此 灿烂 差距 长期 打下 大家庭 地区 对方 繁荣 高低 各 各族 共和国 共建 共同 光辉 互助 花园 加速 坚实 交给 结成 景象 局部 空 恐怖 库区 联邦 连队 两地 民族 那个 凝聚力 农垦 平等 迫切 强大 青海 区域 融合 三峡 上游 少数民族 适合 铁木尔・达瓦买提 投诉 团结 响应 新疆 兄弟 移民 迎来 振兴 之内 中华民族 中西部 重庆 重庆市 主人 自愿 自治 自治县 自治州 
---- Cluster id #51 ----
Size: 72
颁发 办法 保留 本 采矿 采矿权 长工 承诺 出资 储量 处 登记 地球 地质 发布 范围 供 公告 关闭 管理 国务院 哈 会同 减 缴纳 开采 勘查 勘探 矿产 领 领取 没收 免 名称 年度 平方公里 评估 起 签订 情节 权限 日 申请 审批 石油 手续 他人 探矿权 特定 提交 天然气 铁 停止 图 文件 限期 许可证 延续 演习 义务 予以 原 暂行 招标 证书 中亚 主管 转让 资格 资料 资源 最低 
---- Cluster id #52 ----
Size: 63
安定 半岛 办学 保险 备忘录 本次 别国 不满 不懈 步骤 草 朝 城乡 成人 充足 打破 得到 东盟 多极化 番 各位 耕地 公务员 公约 过渡 互补 互利 回归 肩负 健身 交接 接近 警察 军人 抗旱 可贵 连锁 留学 旅游业 满意 盲目 美德 美好 农副产品 农田 铺 齐全 倾斜 全方位 全民 群众性 人心 神圣 手 水源 水资源 特困户 稳妥 下决心 硬 原材料 增添 中等 
---- Cluster id #53 ----
Size: 34
阿 阿尔及利亚 法案 非洲 妇联 妇女 干涉 国王 华侨 华人 建交 科特迪瓦 冷战 谋求 南非 内政 年会 女士 女性 其琛 钱 庆祝 社团 突尼斯 外交部长 维和 问候 喜庆 匈牙利 意 招待会 致以 祝愿 转达 
---- Cluster id #54 ----
Size: 51
层层 拆 城 城区 城市 出租车 创 到底 雕塑 堆 风格 公共 公众 广场 和谐 红色 级 教堂 街 街道 街头 聚集 颗 空间 扣 垃圾 类似 美术 门前 模式 某种 哪个 南宁 南宁市 内涵 人人 人文 三角洲 市民 市中心 属 双手 双拥 桶 挖 文明 显得 载体 之外 主题 装 
---- Cluster id #55 ----
Size: 90
班子 帮扶 不如 差 产值 炒 陈旧 吃饭 纯收入 村 村里 村委会 打工 带领 带头 担 党支部 地处 地上 冬 短 对口 扶贫 该县 改 给 工 攻坚 股份合作制 挂 灌溉 户 计划生育 艰苦创业 建 江西省 经济林 捐助 靠 老板 累 立足 林业 路子 面貌 亩 难 农户 怕 拍卖 贫困 贫困户 贫困县 葡萄 启示 穷 全村 全县 热潮 人均收入 融入 如同 山区 失学 受益 谁 水 水稻 水利 特困 通道 同样 投 脱贫 脱贫致富 温饱 物 县城 县政府 小型 修 畜 一把手 依旧 易 增收 致富 自然 总产值 足 
---- Cluster id #56 ----
Size: 26
部委 倡议 出国 大连 大学生 福州 父母 公安部 故乡 杭州 获悉 家乡 江南 拉开 联欢 培训 人次 上学 太原 探亲 团中央 外来 务工青年 校 优先 扎实 
---- Cluster id #57 ----
Size: 36
颁奖 比较 成员国 带有 诞生 动物 杜绝 多利 夫妻 感染 哈佛 怀疑 患者 获奖 基因 疾病 奖 禁止 警方 据悉 科学家 克隆 乱 母亲 难民 培育 身份 实验 实验室 头 问世 细胞 相同 羊 一等奖 意大利 
---- Cluster id #58 ----
Size: 152
奥地利 班 保健 暴露 倍 表演 拨 拨款 不足 部 藏 册 场所 彻底 初中 出版 出版社 处于 穿 传 达 当地 档案 得出 等 地 地理 顶 断 儿童 返回 佛教 歌舞团 攻击 公民 公顷 共有 固定 罕见 汉 好评 黄金 基建 继 价 监狱 建成 交付 脚 教 节日 今 近年来 经 经典 境内 旧 举办 竣工 刊物 科 可观 课题 拉萨 累计 历时 列为 流行 论 论文 每 每周 免费 面积 民间 内地 年均 平方米 平均 瓶 权利 全国性 全区 人均 人口 人权 人士 设有 省市 使用 世 首要 受灾 书籍 岁 所 特殊 通讯 同一 统计 图书 外国人 网络 卫生 文字 西藏 习惯 戏曲 现有 县 县长 乡 乡村 享有 小时 信仰 修复 悬挂 学术 严寒 医疗 医生 医学 医院 遗产 以来 艺术团 议论 影片 拥有 优惠 原始 遭受 占有 整理 政 证实 支援 指责 中期 中央政府 转 庄严 状况 资助 自由 自治区 自主 宗教 罪犯 尊重 座 
---- Cluster id #59 ----
Size: 72
安置 柏林 帮 本领 编者 出路 创业 分流 夫妇 附近 该厂 干 岗 岗位 工厂 工程 工会 工人 工商局 光彩 活 机会 挤 技能 佳 家里 家中 解除 借 介绍 就业 开业 块 劳务 老伴 没 民营 女工 盘活 平安 妻子 全市 上班 上岗 生意 师傅 市 市政府 收 输出 私营 算 听说 推销 退休 武汉 武汉市 下岗 小伙子 新兴 养 用人 丈夫 找 找到 阵阵 挣 职工 职业 中心 赚 走访 
---- Cluster id #60 ----
Size: 62
变动 步入 菜 菜篮子 产销 刺激 促使 导致 等级 低 定价 放松 副食品 干预 高速 各自 供给 供求 后果 缓解 回落 季节 加剧 价格 经济学 经营者 买方 农产品 徘徊 泡沫 膨胀 偏 强劲 趋 热 肉 啥 商品 上涨 失业 失业率 事物 适用 收购 停产 通货膨胀 通胀 统计局 投机 物价 下滑 相反 消费者 需求 虚假 抑制 引发 原因 运行 涨幅 正常 总 
