---- Cluster id #1 ----
Size: 261
奥委会 百富勤 办公室 办公厅 办事处 北爱 北京 北京大学 北京市 本轮 比分 毕业 冰球 波黑 波音 博士 部长 财经 参加 常委 常务委员 常州 车间 成都 成员 冲击 出任 传销 春运 大赛 大学 大雨 代理 党委 党校 党组 地委 东北 东北部 董事长 动物园 队长 队员 夺冠 厄尔尼诺 分局 福建 福建省 副 该厂 干事 港 高中 工程师 工商 工商联 工业部 工作组 共青团 狗不理 顾问 管理局 广东 广东省 广州 国防部 国际象棋 国务委员 哈尔滨 哈佛 汉年 汉族 黑龙江 黑龙江省 红旗 红十字会 湖北 湖南 虎踞 华南 华为 滑雪 化学 环保局 黄淮 会长 火箭 获 击败 吉林 吉林省 计委 加入 兼 检察长 江淮 教练员 教授 届 锦标赛 经理 救济 局 局长 剧目 决赛 军分区 咖啡 科长 科学院 拉那烈 冷空气 联合会 联赛 辽宁 辽宁队 辽宁省 留学 伦敦 煤矿 秘书 秘书长 民革 民主党 鸣 名将 名人战 名誉 南极 南宁 南宁市 男 男篮 男排 难民 农科教 女排 排球 啤酒 迫害 其间 棋 棋手 气象台 清华大学 区 取胜 全国 人事部 任 日内瓦 塞拉利昂 赛场 赛季 赛事 山东 上海 上海市 上将 沈阳 生 省 省长 省委 省政府 实业 世界杯 世界纪录 事务 市长 市委 室内 手机 受 书画 书记 书记处 数学 水利部 水浒传 四川 送礼 苏丹 速滑 所长 特困 天津 天津市 铁路局 厅 团 外事 网球 围棋 委员 委员长 委员会 文化 武汉 武术 舞剧 西非 系 厦门 县委 相当 小到中雨 校长 协会 学位 学习 学员 学院 亚军 研究生 研究室 研究所 研究员 研究院 业余 议员 游泳 预赛 院 院长 院士 月球 运河 帐篷 浙江 征文 政法 政委 政治部 政治局 职 职员 指挥部 中共 中共中央 中国队 中华 中学 中央 中央委员 钟山 主编 主场 主任 主任委员 主席 助理 住院 专业 总队 总工会 总会 组长 组织部 妍 昊 
---- Cluster id #2 ----
Size: 56
查 长期以来 厂 厂长 称号 串 此案 掉 分 港元 工厂 功 公款 过 海南 罕见 滑 化肥 辉煌 集 急需 佳 家人 奖金 交给 金钱 巨额 空白 来自 劳动模范 令 漏洞 妻子 企业家 缺 荣誉 设 盛 时健 收 受贿 送 退休 外 下属 销 辛苦 心态 烟 云南 账 之后 赚 追 总裁 褚 
---- Cluster id #3 ----
Size: 48
产权 产值 持 创 创汇 创新 促 存量 大胆 大中型 单一 服装 附加值 工 功夫 骨干 股 股份合作制 股份制 冠军 集体经济 驾驭 江苏 劳动力 利税 龙头 拍卖 盘活 偏 融合 社会化 生命力 所有制 台阶 挑战 停留 脱颖而出 乡村 乡镇企业 兴办 迅猛 严峻 因地制宜 涌现 勇于 有限 中小企业 总产值 
---- Cluster id #4 ----
Size: 63
报告 暴露 被告 标准 别国 称 承认 船 船舶 对话 法案 该市 干涉 攻击 公认 公约 公众 归 好处 家属 价值观 接轨 类似 冷战 例如 粮 美国 模式 男女 内政 排 排名 评 其它 侵犯 侵略 人权 世界 事实上 受益 双重 所谓 他人 脱贫 外国人 限制 相同 消耗 宣言 研究会 一样 依据 预期 珍惜 挣 之上 执政 指责 中期 周刊 周期 自由 总公司 
---- Cluster id #5 ----
Size: 65
弊端 不如 插 传媒 大道 大众 懂 读 读者 封闭 风情 富有 革新 个性 攻 古典 汉语 技巧 节奏 解 境界 某种 内在 凝聚 配 批评 品位 桥 缺乏 神 审美 失去 诗 诗歌 诗人 实验 视野 思 随意 同 围 无法 鲜明 欣赏 心理 心声 信任 形 行 修养 严谨 言 样子 营养 优美 右 誉为 阅读 崭新 者 这块 阵地 之 之间 种 
---- Cluster id #6 ----
Size: 88
澳大利亚 遍 冰雪 菜 拆 唱 炒 城市 雕塑 发言 翻 风光 父亲 感情 感受 敢 告别 告诉 歌 歌声 歌舞 给 公共 杭州 和谐 贺卡 湖 画 画家 江南 节目 京剧 觉得 看 空间 快乐 老师 联欢 了 买 忙 美术 哪个 那时 浓郁 乒乓球 铺 普通话 气息 丧失 啥 烧 少儿 声 时候 首 书 书店 书法 算 同学 挖 完 晚会 我 舞蹈 喜爱 喜欢 相声 想 些 压 眼光 演唱 一派 移 印象 游客 怎么 丈夫 照 照片 之外 中国画 主题 装 子女 自然 
---- Cluster id #7 ----
Size: 103
安排 安置 邦国 保持 保险 编制 变化 财力 财税 财政 呈现 赤字 春云 大于 得益 低于 抵 防范 放松 丰收 扶持 负担 富余 各地 各位 供给 关税 国民经济 国内外 宏观 基本建设 基础 继续 加大 坚定不移 减少 进口 精简 就业 开支 抗灾 控制 牢固 力度 连续 粮食 良好 流通 买方 门路 弥补 农产品 农民 农业 平衡 平稳 其中 庆 确保 深化 生产资料 生产总值 失业 势头 适度从紧 收成 收入 收支 水利 税 税收 税务 态势 铁映 通胀 妥善 完成 稳 稳定 稳妥 稳中求进 下岗 相应 项目 消费品 消化 压缩 养老 有所 预定 预算 元 增产 增长 增幅 增加 增收 债务 征收 政策 支出 转变 转移 
---- Cluster id #8 ----
Size: 38
巴西 布鲁塞尔 差异 成员国 电信 发展中国家 国家队 缓慢 加拿大 加深 加元 监控 看好 科特迪瓦 拉美 利比亚 另 贸易 墨 墨西哥 拟 欧 欧盟 欧佩克 其余 全球 全球化 上届 生意 失学 桶 委内瑞拉 亚 亚洲 预计 原油 增长率 至 
---- Cluster id #9 ----
Size: 102
布局 产量 长江 城镇 成人 承包 达标 达到 第三产业 调节 调控 对外贸易 吨 发射 非法 分开 丰富多彩 风波 覆盖 干旱 港口 高产 高等教育 高速公路 搞好 工程 公里 公路 固定资产 国内 国土 海洋 化解 淮河 黄河 货物 机电 计划 加快 监管 减员增效 健身 节水 节约 锦华 进出口 进展 经济社会 经济效益 警惕 境外 居民 科普 可靠 快 昆 劳务 零售 旅游业 纳入 能源 排放 培育 蓬勃 普及 清洁 全年 融资 陕西 上游 生态 失业率 实用 适时 试点 输出 水稻 太平洋 铁路 投产 投放 投向 推广 现金 新增 验收 依托 移动 以内 引进 优质 造林 增长点 整治 政企 之内 职业 中西部 着力 资本金 自愿 总额 
---- Cluster id #10 ----
Size: 23
筹措 创业 发掘 发现 国家级 红色 晋 惊人 开发区 开工 民营 扭亏 屏幕 热潮 山西 商 市政府 太原 铜 土 完整 正好 证实 
---- Cluster id #11 ----
Size: 59
百分点 比例 拆借 筹资 存 存款 贷款 担保 倒闭 等级 发放 法定 分行 幅度 负债 该行 高于 工具 挂钩 合并 话剧 货币 机构 降低 接近 结算 金融 金融业 考核 客户 来源 理顺 利率 利于 名义 哪些 取消 商业 收回 下调 下降 现行 限额 信贷 信用 行长 选手 一般 银行 银行业 用于 有利于 月 增 这次 政策性 准备金 准备金率 资金 
---- Cluster id #12 ----
Size: 236
把握 摆脱 包括 本身 本质 比较 变成 表达 别的 不可 不同 步 部分 长 倡导 成分 成就 成立 成为 初 初期 出 出来 创立 创造 创造性 错误 打开 党 党中央 道路 得 邓 邓小平理论 地域 奠定 定 定位 东西 动力 动摇 方法 放在 飞跃 分析 丰富 否定 富强 富裕 概括 概念 高潮 高度 高举 搞 个别 共产党 共产党人 共识 观察 观点 光辉 规律 果断 核心 贺电 忽视 还要 还有 回答 回顾 会 极大 集体 继承 简单 建国 讲 教训 叫 揭示 阶段 阶级 解放 解放思想 近 经济基础 经历 经受 局面 巨大 具体 卷 决心 开辟 开创 考虑 科学 科学技术 可谓 客观 口号 牢记 理解 理论 历史 历史性 力量 联 领导 领会 领袖 论断 论述 麻烦 马克思 马克思主义 毛泽东思想 没有 面 面对 命运 谋 某些 内涵 能 能够 排除 判断 评价 旗帜 前进 前列 前途 强大 强调 倾向 清楚 清醒 全党 确立 确认 人才 人们 人事 人物 认清 认识 如何 三中全会 上 社会主义 设计师 深刻 生产力 失误 十四大 十五大 时代 时间 时刻 什么 什么样 实践 实事求是 实质 世纪 逝世 是 思想 它 谈话 套 特征 提倡 体现 拖 脱离 完全 唯一 为什么 伟大 文艺 我们 系列 下功夫 小平 新 形成 学科 一切 以后 以前 意义 应该 迎来 赢得 拥护 勇气 有待 原理 运用 载 在于 造就 怎样 展开 站 哲学 这 这个 这里 这样 这种 真正 整个 正确 正是 政党 之中 指出 指导 指明 指引 中国 中山 种种 主观 著作 准确 资本主义 资产阶级 自己 自我 走 左 
---- Cluster id #13 ----
Size: 63
北部 北约 本国 表明 波罗的海 不便 倡议 大国 大选 岛 得以 独联体 俄 俄罗斯 访 各国 各自 国大党 哈 获胜 吉 竞选 科索沃 扩 理事会 联盟 领先 枚 谋求 欧洲 签署 人民党 人文 渗透 首脑 守 它们 条约 跳 维和 乌 乌克兰 西方 西欧 宪章 削减 协定 宣布 选票 演习 叶利钦 一体化 伊朗 伊斯兰 引人注目 印度 忧虑 油气 舆论 元首 阵线 争夺 中亚 
---- Cluster id #14 ----
Size: 38
爱好者 办理 保值 不满 财政部 持有 储蓄 到期 兑付 付 岗 公布 购买 柜台 国债 计 计算 加 节 开始 利息 满 能否 年利率 凭证式 期 上门 事宜 数额 提前 提问 网点 应付 邮票 邮政 遇 债券 支付 
---- Cluster id #15 ----
Size: 112
Ａ Ｄ 巴基斯坦 半岛 报名 贝宁 彼此 边境 表示 此 大臣 大会堂 大使 大中 抵达 定期 访华 访问 非洲 夫人 该校 感 感到 感谢 高层 高兴 关系 广阔 国 国旗 荷 荷兰 合资 合作 互访 互利 欢迎 会见 会谈 会晤 见面 建交 建设性 交换 经贸 看法 扩展 来访 琳 卢森堡 莫 莫桑比克 莫斯科 南非 陪同 鹏 频繁 其琛 企业界 签字 钱 前景 潜力 切尔诺梅尔金 热烈 三角洲 上空 摄 市中心 首相 书面 双边 双方 谈 探讨 体委 图片 外交部 外交部长 外经贸部 为期 卫生部 问候 相互 相信 谢里夫 新华 兴趣 也 也门 医疗队 仪式 意 意大利 应邀 有着 友好 友协 友谊 圆满 愿 愿意 赞赏 增进 真诚 正式 祝贺 祝愿 驻 驻华 转达 卓有成效 
---- Cluster id #16 ----
Size: 26
ＶＣＤ 厂家 盗版 丢 短短 对手 份额 工商局 光明 光盘 广告 国产 画面 激烈 家电 降价 竞争 名牌 品牌 商标 替代 推销 占据 知名 注册 崛起 
---- Cluster id #17 ----
Size: 42
贬值 不利 采购 出口 储备 导致 东南亚 动荡 短期 恶化 房地产 纷纷 风暴 官方 汇率 节省 经常 竞争力 来华 流入 人民币 升 使得 世贸 顺差 泰国 外汇 外贸 外资 为何 维持 吸引 相似 效应 信心 因素 引发 影响 造成 招标 周边 主持人 
---- Cluster id #18 ----
Size: 115
澳 巴金 比利时 闭幕 必然 表面 波兰 参政议政 茶话会 阐述 出席 次 打假 大局 调查 调研 对外 发表 非公有制 风貌 服从 赴 甘肃 纲要 稿 各界 古巴 光亚 规范化 国权 号召 宏伟 华清 环 会议 活跃 机关干部 家华 江 讲话 锦涛 举行 开幕 开拓 看望 考察 科技界 库区 两会 列入 隆重 鲁丽 履行 率 论坛 民工 挪威 谴责 强有力 乔 侨胞 渠道 全体 日报 日程 入手 瑞典 瑞环 瑞士 石 水土 思路 讨论 特区 提到 题 通过 土地 团结 拓展 伟长 希腊 掀起 协商 新鲜 选平 研讨 研讨会 演讲 邀请 议程 议题 迎春 与会 泽民 展望 章程 兆国 召开 正英 政协 职能 制 制度化 智利 周年 主席台 驻地 专题 做出 作 座谈 座谈会 孚凌 F基 
---- Cluster id #19 ----
Size: 112
搬 保 保卫 爆发 北 被动 才能 参与 策划 策略 长征 朝鲜 传来 创建 促成 打 担负 担任 到达 德 敌人 抵制 动员 独立自主 锻炼 夺 夺取 发动 翻译 放弃 封锁 风采 风范 该书 改 干扰 革命家 巩固 国防 海军 红军 后勤 会场 家具 坚实 艰辛 解放军 进攻 精力 军 军队 军区 军事 军委 开幕式 抗战 可贵 空军 联络 留 旅 毛 命令 南斯拉夫 平静 前线 清除 全军 热心 人民军队 深厚 生涯 胜利 师 失 失败 时期 所属 题词 我党 我军 无产阶级 武装 伍 袭击 协助 修权 训练 研制 院校 早期 泽东 战 战场 战斗 战略 战术 战役 战争 张北 真理 争取 指挥 致力 中央军委 重任 主持 著名 自力更生 总参谋长 总政治部 作战 
---- Cluster id #20 ----
Size: 54
比索 不良 传真 大藏省 底 点 跌 东京 东盟 东亚 兑 兑换 对策 菲 菲律宾 股市 国务 韩国 汉城 合 缓 回升 回收 纪录 角逐 截至 马克 马来西亚 马尼拉 曼谷 美元 纽约 破 欠 桥本 日本 日元 上升 时报 收盘 苏哈托 通货膨胀率 外债 下跌 新加坡 雅加达 印度尼西亚 印尼 印尼盾 盈余 援助 增至 债权 指数 
---- Cluster id #21 ----
Size: 153
奥地利 保健 报刊 倍 拨 拨款 不懈 不足 藏 册 初中 出版 处于 传 纯收入 此前 达 大家庭 丹麦 当地 档案 得出 等 地 地理 顶 对口 儿童 佛教 妇女 公斤 公民 公顷 共有 古老 固定 海拔 汉 好评 河 黄金 获得 基建 级 继 家庭 价 监狱 建成 交付 教 街头 阶层 节日 今 近年来 经 经典 境内 救灾 旧 竣工 科 可观 课题 拉萨 累计 列为 流行 论 落后 每 每周 免费 面积 民间 那曲 内地 年代 年均 盘 贫穷 平方米 平均 瓶 起点 签 权利 全国性 全区 人力 人士 设有 省市 使用 世 首要 受灾 书籍 私人 所 特大 特殊 通讯 同一 统计 图书 卫生 文字 物资 西藏 习惯 戏曲 下乡 现有 享有 小学 信仰 修复 修建 悬挂 选民 学生 学术 雪灾 严寒 医疗 医生 印 影片 拥有 优惠 语言 原始 灾民 遭受 占有 整理 政 支援 中央政府 助 转 撰写 庄严 状况 资助 自治区 自主 总数 罪犯 尊重 座 
---- Cluster id #22 ----
Size: 86
不幸 部队 长城 称赞 传播 春 此时 单纯 导演 灯 电视剧 电影 动 动人 改编 感觉 歌剧 故事 观众 海口 毁 惠芬 激动 角度 角色 精彩 军营 可能性 老虎 乐团 理 历时 联手 练 灵魂 梦 描写 某 闹 年轻人 拍摄 评论 奇迹 墙 抢 圈 热闹 人间 弱 上面 生动 试 手术 手中 熟悉 思维 题写 天地 天下 维也纳 文学 武警 舞台 洗 县城 响起 小说 校园 写作 新兴 兄弟 演出 演奏 一代 艺术 艺术家 意志 音乐 音乐会 影视 圆 掌声 知 重返 作家 闵 
---- Cluster id #23 ----
Size: 29
奥运会 白色 背后 村庄 多少 风景 该 黑 欢乐 激情 季节 记忆 结 金牌 镜头 渴望 落 描绘 飘 如 深处 岁月 微笑 喜悦 心灵 雪 眼睛 酝酿 祝福 
---- Cluster id #24 ----
Size: 121
案 案件 办案 暴力 爆炸 材料 财产 查办 查获 辞职 打击 待 逮捕 当事人 毒品 罚 法庭 犯罪 犯罪分子 干警 公安 公正 管辖 规定 贿赂 机关 检察 检察院 鉴定 件 结论 禁毒 经过 居住 举报 考试 可以 课 恐怖 理由 立案 列 律师 秘密 民事 名单 命名 判处 判决 培训班 聘请 破坏 期间 期限 其他 起诉 抢劫 轻 请求 权 权益 人民法院 入 上级 上述 上下 涉及 涉嫌 审查 审理 审判 省级 事实 是否 释放 收到 收集 收取 受理 属于 说明 思卿 司法 诉讼 随 贪污 提起 通知 同意 危害 为由 委托 未能 嫌疑人 线索 刑法 刑事 刑事诉讼法 性质 姓名 询问 严打 延长 一体 应当 在场 章 侦查 证据 证明 知识产权 职务 执行 秩序 治安 中级 宗旨 走私 最高 罪 渎职 
---- Cluster id #25 ----
Size: 134
阿尔及利亚 阿拉伯 阿盟 阿齐兹 埃及 安理会 安南 奥尔布赖特 巴格达 白宫 抱 报道 备忘录 本报 避免 编辑 播出 场 常任 常驻 长野 此间 磋商 达成 打电话 打算 大规模 担心 导弹 德国 地点 电 电话 调解 冬奥会 动武 动用 发布会 发出 发言人 法国 否认 符 各方 关切 官员 国防部长 国会 国务卿 果 海湾 核查 华盛顿 记者 加紧 加剧 结束 解除 解决 紧张 谨慎 警告 救援 局势 拒绝 据悉 决议 开罗 科恩 科尔 科威特 克林顿 乐观 黎巴嫩 理事国 立场 联合国 连日来 美 美军 美联社 穆巴拉克 南部 派出 普里马科夫 前往 前夕 认为 萨达姆 声明 艘 态度 特使 特委会 通报 透露 突尼斯 途径 土耳其 推迟 外长 外交 外交大臣 晚 威胁 危机 为首 斡旋 武力 武器 希拉克 销毁 小组 协议 新华社 新闻界 行动 叙利亚 寻求 一致 伊 伊拉克 议长 英 约旦 招待会 直升机 旨在 制裁 中东 准备 总统 总统府 最新 
---- Cluster id #26 ----
Size: 53
北方 博物馆 草 草地 草原 城 大气 当中 到位 地球 店 度 该县 攻关 贵州 毫米 还 家园 假货 假冒伪劣 江西 里面 民心 亩 南方 难得 农业部 气候 热水器 人工 人均收入 认可 肉 商店 实 实实在在 实事 事物 试验 踏 无 细 小麦 信誉 畜 畜牧业 养 游人 鱼 载体 扎扎实实 折 足够 
---- Cluster id #27 ----
Size: 40
吧 八一队 边界 吃饭 出访 搭 答应 大姐 代表团 对付 饭店 夫妇 夫妻 赶 跟 跟着 见 开会 客人 肯 联邦 吗 情绪 庆祝 球 人家 荣 沙漠 上班 深受 声音 踢 推荐 退出 小伙子 新年伊始 毅仁 赢 中南海 着 
---- Cluster id #28 ----
Size: 53
爱国主义 保存 保护 抵御 氛围 妇联 革命 工会 工作者 鼓舞 故居 规划 号 激励 记录 纪念 纪念馆 建筑 精品 经费 举世瞩目 课堂 烈士 马列主义 媒介 民政部 前所未有 抢救 散 社会效益 神圣 师生 示范 收藏 贴近 统筹 顽强 维修 文化部 文物 文献 物质文明 新闻 营造 勇敢 赞助 责任感 展出 展览 振奋 职业道德 志愿 中宣部 
---- Cluster id #29 ----
Size: 57
拜年 步骤 长远 潮流 大陆 大业 当局 党派 对此 儿女 分离 分裂 分歧 构想 海内外 海峡 和平 呼吁 回应 寄 佳节 交流 进程 两岸 领土 迈 民众 农历 企图 商谈 深远 世纪之交 势力 台湾 谈判 探亲 同胞 统一 推动 往来 务实 希望 现状 心愿 一国两制 遗憾 愿望 赞同 造福 政局 郑重 主权 主张 状态 总书记 祖国 阻碍 
---- Cluster id #30 ----
Size: 180
爱 爱国 榜样 宝贵 冰 伯伯 采访 参观 差别 彻底 冲 崇高 出色 传达 此后 此事 大地 大门 大桥 诞辰 党内 到 得知 第一线 典范 懂得 读书 度过 顿 夺得 恩来 饭 封 复杂 负责人 高尚 告 根据地 公仆 国民党 国王 后 后果 怀念 坏 回去 活 极端 济南 记得 坚定 艰难 将军 讲述 接触 接收 杰出 紧 尽 久 抗日 老一辈 离开 历程 领导人 领导者 留给 留下 率领 每个 面前 民主党派 名字 那么 那样 那种 南京 难忘 内外 内心 女工 偶然 拍 朋友 品格 前后 亲 亲切 亲属 青 轻松 情 情景 去 去世 全心全意 热爱 人格 人群 任职 如此 善于 身 身边 身上 身体 深情 生命 时 事件 视 视为 说 他 他们 天安门 听 统一战线 统战 统战部 投身 突然 托 挖掘 外出 伟人 位 慰问 文革 文化大革命 无限 西安 牺牲 细致 显得 想到 想象 消息 心 心血 心中 信 信念 休息 业绩 一起 一生 遗产 以为 引起 迎 颖超 永恒 忧 灾情 赞扬 遭到 战胜 战友 照顾 召集 真 政权 政治家 知名人士 之际 之一 直到 指示 智慧 中华民族 周 住 卓越 子文 字 总理 走过 最后 魅力 
---- Cluster id #31 ----
Size: 48
办学 并非 补贴 部委 产业化 大中城市 到底 抵押 对象 方案 房 分配 福利 高校 工资 供应 国家教委 海关 获悉 集装箱 即 检测 建造 角 教职工 科研 例 良性 论文 满足 每月 青年 清华 缺少 实物 市场化 缩短 系统工程 下决心 享受 消费 需 学校 住房 住宅 转化 转换 岚清 
---- Cluster id #32 ----
Size: 128
版 包装 避孕 玻璃 采用 彩色 测试 出版物 地位 电厂 电视机 电子 动物 独资 短 防 辐射 服务业 高档 高效 工业 工艺 公园 管制 灌溉 光 含 航天 核电站 化工 基因 机械 机组 激光 技术 计算机 加工 轿车 接 精 景观 开发 抗 空中 控股 矿 类 立方米 连接 良种 码头 煤 煤炭 摩托车 年产 农 农药 配备 配套 品种 普通 期货 汽车 千瓦 抢险 认证 容量 摄影 设备 设计 生产 生产线 生物 输 数字 水电 水果 水泥 饲料 塑料 隧道 特有 天然 通信 同步 透 外商 网 卫星 系统 相关 新型 型 性能 循环 养殖 药 药品 药物 医药 仪 仪器 以上 以下 应用 用 优良 邮电 有机 原料 允许 运 运输 占 珍贵 纸 致 制品 制造 制作 中方 中药 主导 专利 专用 装置 咨询 综合 
---- Cluster id #33 ----
Size: 87
把 帮 笔 楚政 穿 床 大雪 带有 登 地上 冬 断 奋战 份 扶 扶贫 父母 富 根 工地 攻坚战 孤儿 挂 过年 寒冷 好事 划 患 急 挤 家乡 建房 脚 结成 进 军民 开阔 扣 啦 来到 老伴 老人 里 脸 流 龙 冒 美德 民兵 年级 暖 爬 彭 贫困 评为 清 穷 如同 山 双 水源 睡 司令员 似 躺 趟 填 头 脱贫致富 碗 湘西 乡亲 血 呀 羊 养猪 逾 咱 扎 阵阵 只见 州 猪 仔细 自治州 足 组 
---- Cluster id #34 ----
Size: 49
出版社 处 处长 电视台 服务队 高等 歌舞团 广西 海南省 合肥 河北省 河南省 湖北省 湖南省 江苏省 江西省 剧团 剧院 科教 科委 科协 蒙古 内蒙古 宁夏 农科院 青海 三下乡 山东省 山西省 陕西省 社长 四川省 图书馆 团长 武汉市 先进 县长 宣传部 演员 医学 医院 艺术团 云南省 浙江省 中心 中医 中医药 重庆市 自治县 
---- Cluster id #35 ----
Size: 44
场地 撤销 此次 答 大户 担 发行 方便 分散 股东 股票 挂牌 回报 基金 简称 交易 交易所 开设 刊登 联网 卢布 买卖 泡沫 披露 区别 上市 申报 深圳 提醒 投机 投资 投资者 违规 问 讯 营业部 运作 账户 证监会 证券 指定 只 只能 资格 
---- Cluster id #36 ----
Size: 81
百姓 报纸 杯 波恩 不惜 不知 灿烂 产销 吹 打下 大海 大师 当 档次 道理 都市 端 番 放心 赶来 钢琴 购 国企 海上 寒风 后人 后者 怀 怀着 回 借 开办 堪称 看来 口 老板 利润 临 名人 陌生 南北 难 难免 难题 您 捧 气温 清晰 请 色彩 上任 剩下 世人 说话 台 掏 天空 听到 同事 同行 童 脱 文章 喜 先生 想法 小姐 眼 衣服 艺术品 意思 营销 原来 展 展示 展现 志成 珠江 自豪 总经理 帷幕 
---- Cluster id #37 ----
Size: 67
班 笔者 病人 长途 车 车站 称为 锋 风 奉献 幅 感慨 岗位 姑娘 豪华 好像 红 花 换 荒山 回家 火车站 鸡 姐妹 京城 举 聚集 军人 开 苦 拉 雷 卖 没 们 某部 牡丹 幕 年年 女子 牌子 亲人 日记 社 时节 事迹 死 送给 她们 挑 挑选 西 现任 献给 香 像 向前 新人 徐州 学 延安 野生 雨 再现 在 这儿 志愿者 
---- Cluster id #38 ----
Size: 0

---- Cluster id #39 ----
Size: 72
不错 不见 不怕 层 产 尝 充满 大家 道 返回 共和国 谷 过来 过去 喊 话 井 句 颗 块 拉开 蓝 兰州 离 连 楼房 美丽 门前 棉花 目光 牧民 那个 那里 你 农场 农家 农垦 旁 片 拼搏 葡萄 前 前来 上来 生机 双手 水 太阳 天 停 望 位于 乌鲁木齐 响 笑 新疆 匈牙利 选拔 阳光 爷爷 一行 依然 迎接 犹如 油 远 栽培 摘 招 震 主人 坐 
---- Cluster id #40 ----
Size: 92
颁发 办法 保留 报 本 补充 部门 采矿 采矿权 出资 储量 登记 地震 地质 发布 罚款 范围 防震 负责 给予 供 公告 构成 关闭 管理 国务院 患者 会同 监测 减 减免 减灾 缴纳 开采 勘查 抗震救灾 款 矿产 领 领取 没收 免 名称 内 年度 批准 平方公里 评估 起 气 签订 情节 权限 确定 人民政府 日 伤亡 申请 审批 石油 手续 探矿权 特定 提交 天然气 条 铁 停止 图 违反 县级 限期 许可证 延续 银 予以 预报 预测 原 灾害 灾区 暂行 责令 证书 直辖市 中外 重建 主管 转让 资料 资源 最低 
---- Cluster id #41 ----
Size: 100
啊 爱护 摆 办公 毕业生 编写 宾馆 病 不顾 不行 财富 残疾人 成 初步 出国 春耕 错 代 待遇 调 对待 犯 改造 钢铁 高考 工人 工人阶级 估计 关怀 关心 官僚主义 观看 好 合影 恢复 回国 回来 混乱 基金会 疾病 间 交谈 教材 教师 教学 教育 接见 结婚 敬爱 看看 课程 肯定 了解 留学生 路上 缅怀 面向 哪里 耐心 你们 念头 派 培养 批示 齐全 千方百计 倾听 全场 人心 上去 少 深切 事情 视察 特困户 听说 同志 腿 文件 西南 席位 下来 下去 详细 新村 心里 心情 冶金 赞成 早 战线 招生 真情 知识分子 指标 中间 中小学 专家 自救 做 
---- Cluster id #42 ----
Size: 33
爱尔兰 澳门 颁布 表彰 参赛 承办 丛书 大使馆 代表性 电台 分类 沟通 虎 回归 基本法 交接 竞赛 捐款 捐赠 宽 两地 平安 热情 人选 提案 听众 同类 希望工程 辛勤 页 踊跃 与会者 致以 
---- Cluster id #43 ----
Size: 71
菜篮子 呈 处罚 传递 刺激 促使 递增 定价 对抗 法官 法院 反应 干预 高级 供求 公平 航运 合法 合同 缓解 回落 回忆 价格 柬埔寨 金额 紧急 经济学 经营者 纠纷 轮 罗马尼亚 敏感 徘徊 强劲 趋 热 日期 商品 上涨 设想 身份 时机 使馆 适用 司长 苏 苏联 损害 停产 通货膨胀 推 物价 下滑 相反 消除 新任 需求 虚假 抑制 越 越南 增大 涨幅 障碍 真实 正常 正常化 指 致使 着手 总 
---- Cluster id #44 ----
Size: 26
布莱尔 词 对外开放 多极化 多利 更新 话题 伙伴 禁止 看待 克隆 利 时尚 贴 吸取 细胞 显然 现实主义 削弱 协作 形象 雄厚 意味着 英国 有人 子 
---- Cluster id #45 ----
Size: 252
安定 薄弱 保障 不好 采取 差距 长期 成果 成绩 成效 充分 出发 处理 传统 促进 存在 措施 得到 地方 地区 调动 独立 队伍 多 发挥 发生 发扬 法规 法制 法治 繁荣 繁重 反对 反映 方略 方面 方针 防治 放 奋斗 符合 赋予 附 改变 个 各 各个 各级 各类 各项 各族 根本 工作 贡献 共同 够 观念 贯彻 广大 广泛 规范 规章制度 轨道 国际 国家 过程 过渡 汗水 弘扬 互助 环节 环境 活动 获取 基本 积极 及时 加强 加以 监督 坚持 坚持不懈 艰巨 建立 建设 交往 接待 接受 结合 解释 进行 精神 精神文明 精心 经验 局部 举办 具有 决策 开放 开拓进取 开展 看到 克服 框架 来 利益 立 力气 联系 流域 路线 迈出 矛盾 每年 密切 民主 民族 明确 模范 目标 难度 内容 年 努力 配合 批 平等 迫切 期望 起到 起来 强烈 情况 区域 取得 权力 全局 全面 群众 人 人民 任务 认真 少数民族 社会 深入 生活 实际 实施 实现 实效 实行 使 事业 适合 适应 市场经济 受到 顺利 素质 缩小 探索 特点 特色 提出 提供 体会 体系 条件 头脑 突出 推进 推向 完善 围绕 为 维护 文明 问题 我国 物质 吸收 下 显著 现代化 宪法 香港 效果 协调 形式 形势 行使 需要 宣传 学者 严厉 严肃 严重 研究 要求 以来 意识 意愿 应有 有 有关 有力 有些 有益 有助于 原则 增强 掌握 这些 针对性 振兴 整体 政府 政治 支持 之下 职责 直接 执法 制订 制度 治国 中 重大 重点 重视 重要 主动 主要 注意 注重 抓 抓紧 准 自觉 自身 自治 总结 走向 组成部分 组织 做到 做好 作出 作为 作用 
---- Cluster id #46 ----
Size: 34
阿拉法特 巴 巴勒斯坦 败 撤军 持久 冲突 核 和谈 警方 抗日战争 抗议 库克 临时 内阁 内塔尼亚胡 篇 迫使 敲 人人 士兵 文选 西岸 消极 消灭 耶路撒冷 以 以色列 引 犹太人 约旦河 占领 直至 子弟兵 
---- Cluster id #47 ----
Size: 33
步入 长沙 车辆 承担 闯 倒 恶劣 负 花钱 机动车 加重 交警 交通 怕 赔偿 认定 伤 上岗 师傅 事故 司机 死亡 停车 违章 现场 行人 责任 真相 支队 治疗 中小学生 撞 自行车 
---- Cluster id #48 ----
Size: 37
颁奖 本届 冰箱 不够 部 火 获奖 奖 揭晓 科龙 科学家 柳 鲁迅 论证 门 秒 宁 评选 秋 上演 首席 授予 水准 题材 屋 戏 戏剧 演 一等奖 一流 优秀 这部 争 忠实 主办 作品 作者 
---- Cluster id #49 ----
Size: 41
班长 本次 彩电 层层 产品 抽查 大厦 电器 电视 歌曲 股份 顾客 含量 合格 轰动 货 检验 净 克 厘米 模拟 南昌 牌 青岛 取代 全市 商场 商品房 商厦 深圳市 生日 食品 投诉 退 兴 用户 优 有限公司 战士 质量 珠海 
---- Cluster id #50 ----
Size: 87
安徽 安徽省 班子 帮扶 奔 编者按 变 财务 差 超 陈旧 村 村干部 村里 村民 村委会 村务公开 大事 带领 带头 党支部 电价 干 干群 高低 攻坚 供电 公开 河北 后面 户 怀疑 基层 激发 计划生育 艰苦创业 建 降 交 郊区 街 经济林 靠 困扰 累 路子 乱 满意 面貌 明白 农村 农户 盼 贫困户 贫困县 启示 前面 全村 全省 全县 确实 融入 上访 甚 市 说法 通 同样 投 投票 推行 温饱 物 喜庆 县 县里 县政府 乡 乡镇 小康 修 一把手 依旧 优先 这项 整顿 致富 
---- Cluster id #51 ----
Size: 63
帮助 报警 超出 成熟 乘客 承诺 大队 大学生 歹徒 当做 房间 服务 附近 赶到 公安部 公安局 公益 共建 购物 河南 呼唤 价值 接到 警察 救 老百姓 磊 理性 连队 玲 楼 门口 民 民警 明星 哪 男子 女士 派出所 平凡 青春 邱 取 热线 商家 事 受伤 危险 鲜花 想起 消费者 小事 巡警 义务 议论 英雄 遇到 找 这么 值 值班 中队 资 
---- Cluster id #52 ----
Size: 47
比重 表 朝 从事 从业 地处 东 东部 对 发 分工 广 沪 火车 结果 津 京 九 卡 开通 客车 客运 快速 劳动 辆 列车 林业 流动 每天 年龄 女性 人员 石家庄 提 铁道部 为主 西部 线 小时 小型 信号 沿线 以外 占地 镇 中部 总量 
---- Cluster id #53 ----
Size: 233
Ｂ 伴随 办 包袱 必要 变动 博览会 步伐 操作 层次 产生 产业 超过 城乡 成本 成长 成功 程度 承受 持续 充足 出路 出去 出售 出现 出于 打破 大 大型 带动 带来 代价 导向 等于 低 调整 锭 多元化 发明 发展 方式 方向 纺织 放开 非 费用 分流 风险 付出 改革 改善 改制 改组 高新技术 搞活 格局 根本性 功能 鼓励 关键 广播 规模 国外 国有 过度 过硬 海信 邯钢 好转 合理 衡量 互补 活力 机会 机器 机遇 机制 积极性 积累 集团 集中 计划经济 家 加速 兼并 见解 健康 结构 解困 进步 进入 经济 经营 举措 具备 抗旱 科技 可 可能 跨 亏损 困境 困难 扩大 扩张 浪潮 劳动者 类型 离退休 利用 力争 联合 连锁 量 灵活 领域 垄断 盲目 面临 明显 末 目的 内部 能力 纽带 农副产品 农田 配置 膨胀 破产 普遍 浦东 其 企业 契机 前提 前沿 强 倾斜 趋势 全 全方位 全民 全新 生产能力 生存 升级 实力 适当 适度 市场 收购 收益 手段 数量 水平 水资源 私营 速度 所有 淘汰 提高 体制 同时 投入 突破 突破口 外部 陷入 限度 销售 销售额 小 效率 效益 兴起 行列 行业 选择 迅速 压锭 压力 沿海 要素 业务 一定 依靠 引导 隐患 盈利 用人 优化 优势 有的 有利 有效 原材料 原因 员工 约束 运行 运转 杂志 增多 增添 增值 战略性 政府部门 支撑 支柱 职工 中等 中介 重 重复 重组 主体 注入 抓住 专业化 转向 壮大 追求 资本 资产 自律 综合国力 总部 总体 组合 组建 最终 做法 
---- Cluster id #54 ----
Size: 87
表决 参考 草案 侧面 常委会 常务 长官 长足 程序 惩治 充实 筹备 出租车 窗口 大会 代表 代表大会 当选 督促 发票 法 法律 改进 规则 国家机关 候选人 呼声 环保 换届 汇报 季度 纪云 检查 建议 焦点 借鉴 介绍 经贸委 净化 居委会 决定 老年人 立法 立足 力求 每次 难点 起草 权威 热点 人大 人大代表 任命 任期 日常 设立 审议 使命 授权 特别 提名 提请 听取 外国 污染 信访 行政区 修订 修改 选出 选举 意见 议案 议会 原有 灾 征求 正当 职权 制定 中华人民共和国 诸 主席团 专门 走访 组成 遵循 
---- Cluster id #55 ----
Size: 63
阿 阿根廷 背 边防 表演 尝试 乘 筹集 大楼 大棚 等待 地面 东方 动手 短缺 飞 飞机 飞行 盖 高原 公司 官兵 航班 航空 航线 基地 机场 集团公司 记 甲Ａ 架 肩负 昆明 蓝天 另外 旅客 每人 民航 名列 票 起步 气象 热带 人次 荣获 摄氏度 市区 首都 售票 蔬菜 通用 选 涌 玉米 运营 郑州 种植 种子 株 总局 租 租赁 最佳 
---- Cluster id #56 ----
Size: 40
比赛 场面 城区 此举 大连 动作 队 对方 反响 分钟 福州 感人 故乡 广场 花园 教练 精美 据说 俱乐部 绿 绿色 宁波 培训 漂亮 青少年 球队 球员 赛 市民 团中央 外来 万达队 务工青年 小区 校 运动员 遭 支 主教练 足球 
---- Cluster id #57 ----
Size: 37
病毒 传输 到来 电脑 订 动态 多媒体 高速 技能 家中 景象 科教兴国 来信 迈进 媒体 全世界 人类 人民日报 软件 商务 上网 设置 深度 太空 通道 图像 网络 网上 相比 写道 信息 因特网 知识 知识经济 之前 智力 中文 
---- Cluster id #58 ----
Size: 114
安装 办事 保证 本领 本人 表率 不正之风 不准 部署 查处 惩处 出台 处分 党风 党性 党员 党政 党政机关 典型 斗争 遏制 反 反腐倡廉 防止 分子 风气 腐败 干部 各种 公务员 狠抓 会计 机 集资 纪检 纪律 纪委 监察 坚决 坚强 艰苦奋斗 减轻 健全 健行 紧密 纠正 考验 浪费 礼品 廉洁自律 廉政 领导班子 流失 落实 迈向 蔓延 凝聚力 评议 强化 切实 清理 庆典 全会 群众性 容易 三峡 奢侈浪费 审计 实体 收费 树立 土壤 拓宽 外地 违法 违纪 位置 尉 现象 项 新风 行为 行政 严格 严禁 要 一级 移民 硬 有序 娱乐 预防 源头 责任制 赠送 战斗力 正气 制约 制止 治理 重庆 重要性 抓好 专项 追究 准则 着眼 着重 自 自觉性 综合治理 钻研 遵守 作风 
---- Cluster id #59 ----
Size: 44
安全 标志 不得 仓库 大树 地下 电力 发电 房屋 个人 洪水 奖励 距离 棵 跨越 扩建 垃圾 绿化 米 器材 桥梁 任何 射击 设施 生长 施工 树 水库 损失 所在 条例 物品 西北 线路 消防 新建 兴建 延伸 应 栽 植树 植物 周围 作业 
---- Cluster id #60 ----
Size: 69
爱心 包 北大 比 便宜 别人 补 吃 打工 带 堆 儿子 房子 感动 隔 孩子 回到 家长 家里 饺子 救助 捐 捐助 看见 空 篮球 老 老区 妈妈 母亲 拿 那 那天 那些 奶奶 呢 弄 女儿 跑 启动 全家 让 日子 山区 上学 尚 少年 手 双拥 谁 思念 岁 她 抬 外面 玩 忘 温馨 西班牙 献 幸福 学会 一家 意外 愉快 知道 中科院 驻军 组委会 
---- Cluster id #61 ----
Size: 51
巴黎 薄 本地 长春 长工 创办 大街 大庆 大厅 大小 诞生 典礼 繁华 副食品 感染 光彩 光荣 华北 艰苦 教堂 街道 劲 勘探 来临 脸上 临近 罗马 美好 品质 平原 气氛 少奇 深感 实验室 添 温暖 舞 献身 祥和 象征 兴奋 夜 用品 幽默 油田 张家口 找到 这家 这时 主 装备 
---- Cluster id #62 ----
Size: 187
安 白 柏林 毕 边 斌 兵 波 布赫 蔡 藏族 曹 常 朝鲜族 陈 程 迟 川 崔 戴 单 刀 丁 董 杜 段 范 方 费 冯 傅 刚 高 高峰 葛 龚 古 顾 关 关根 官 管 光英 贵 贵鲜 郭 海 韩 浩田 何 贺 洪 侯 胡 华 华夏 黄 回族 霍 季 家宝 贾 健 建华 建新 姜 蒋 杰 金 菊 俊 康 孔 兰 乐 黎 李 力 梁 亮 廖 林 刘 卢 鲁 路 陆 吕 罗 马 满族 梅 蒙古族 孟 苗 苗族 敏 明 名 南 聂 牛 女 潘 平 齐 迁 秦 庆林 曲 全有 群 塞 邵 申 沈 胜 施 史 舒 司 松 宋 孙 谭 汤 唐 涛 陶 田 铁木尔・达瓦买提 土家族 万 万年 汪 王 韦 维吾尔族 伟 魏 温 文 闻 吴 武 席 夏 向 肖 谢 星 熊 徐 许 薛 严 阎 杨 扬 姚 叶 彝族 易 毅 尹 勇 游 于 余 俞 袁 跃 云 云龙 曾 张 赵 正 郑 志 忠诚 钟 朱 祝 壮族 邹 缪 
---- Cluster id #63 ----
Size: 34
云 包含 比如 变为 初级阶段 处在 道德 发达 发达国家 防火 分为 纲领 耕地 公有制 共产党员 共产主义 国情 火灾 居 刻苦 空气 理想 礼貌 庞大 取决于 人均 人口 森林 省区 手里 忘记 依赖 至关重要 治 
---- Cluster id #64 ----
Size: 66
白酒 北风 背景 编 编者 变革 表现 超越 沉重 出生 创作 春风 独特 对立 多样化 风格 敢于 个体 关注 喝 甲醇 假 讲究 借助 酒 具 刊物 看出 可喜 空前 栏目 冷 年轻 浓 期待 期刊 情感 求 群体 人生 散文 深 试图 收获 属 思考 塑造 天气 痛苦 推出 显 显示 现实 写 性格 寻找 诱惑 造 扎实 值得 中毒 诸如 抓获 专栏 姿态 尊严 
---- Cluster id #65 ----
Size: 41
场所 单位 党建 党组织 杜绝 发起 法人 防伪 分布 公报 共计 国民 海外 华侨 华人 划分 会员 汇 开业 旅游 难关 年会 批发 普查 人数 如下 社区 社团 售 数 数据 体育 统计局 团体 问世 吸纳 响应 营业 运动 重申 宗教 
