---- Cluster id #1 ----
Size: 448
把握 百富勤 摆 摆脱 包括 薄弱 宝贵 报告 爆发 北爱 被动 本质 编写 标志 别的 别国 冰球 波音 不够 不可 不同 步 部分 才能 财富 参与 操作 侧面 产生 长 成长 成功 成就 成立 成熟 成为 程度 持久 充分 初 初期 出发 出色 处理 处在 传销 创立 创造 创造性 此 存在 错误 打开 大雨 代 待遇 党 党建 党中央 道路 得 得以 邓 邓小平理论 地域 奠定 定位 丢 东北部 东方 东西 动物园 动摇 独立 独立自主 对待 多 发挥 发生 发扬 犯 方向 方针 飞跃 奋斗 丰富 封锁 富强 改变 改造 概括 干涉 高潮 高度 高举 高考 高尚 搞 个别 各个 各种 根本 工作 巩固 贡献 共产党 共产党人 共识 狗不理 关心 关注 观点 贯彻 广大 广泛 规律 国防 国际象棋 国家 国情 果断 过程 汉年 好 好处 核心 合格 贺卡 红军 后 忽视 滑雪 还要 恢复 回答 回顾 混乱 活动 火箭 基本 极大 极端 集体 继承 加以 甲醇 坚持 坚强 建国 建设 讲 教材 教师 教育 接受 阶段 结合 解放 进攻 进行 近 精神 经济基础 经历 经受 经验 救 局面 巨大 具体 具有 卷 决策 决赛 决心 军队 军事 军委 开创 开放 开展 抗日战争 科特迪瓦 科学 科学技术 克服 刻苦 客观 肯定 拉那烈 来 牢记 冷空气 理论 历史 历史性 力量 联系 了解 领导 领导人 领会 领袖 路线 论断 论述 马克思 马克思主义 马列主义 毛 毛泽东思想 矛盾 没有 密切 面 面对 民主 明确 名人战 命名 命运 模范 谋 南极 内外 能 能够 年 排除 配合 篇 屏幕 普遍 期间 棋手 旗帜 起到 起来 气象台 千方百计 前进 前列 前途 强调 倾听 清楚 清醒 全党 全军 全世界 全心全意 确定 确立 确认 群众 热水器 人民军队 任务 认清 认识 认真 如何 塞拉利昂 三中全会 善于 上 社会主义 深刻 深入 生产力 生动 生命力 胜利 失误 十四大 十五大 时代 时候 时间 时期 实际 实践 实事求是 使 使命 世纪 世界杯 世界纪录 事件 事情 事业 逝世 是 视察 手机 受到 树立 双重 水浒传 思想 速滑 它 特点 特色 特征 提出 体会 体现 同志 推向 脱离 完全 万达队 网球 围棋 为 为什么 伟大 文选 文艺 问题 我们 武术 武装 舞剧 西非 系列 下 下来 先进 现代化 相声 详细 消灭 小到中雨 小平 协助 新 信念 形成 形势 需要 宣言 学会 亚军 研究 要求 一等奖 一切 依靠 以后 意见 意义 应 应该 赢得 拥护 勇气 勇于 有 有些 愉快 遇到 预赛 原则 运用 载 赞成 早 造就 泽东 怎样 扎扎实实 占领 战斗力 战略 战术 战线 战役 战争 站 召开 哲学 这 这个 这里 这些 这样 这种 真理 征文 整个 正确 正是 政治 之下 之一 之中 直接 指出 指导 指挥 指引 致力 中 中国 中山 中小学 中央军委 忠实 种种 重大 重视 重要 重要性 周年 主持 主动 主观 主题 主要 著名 注意 注重 抓 准确 资本主义 资产阶级 自己 自觉 自我 总结 总政治部 走 走过 走向 组成部分 组织 左 做 做出 做到 作出 作为 作用 作战 妍 昊 
---- Cluster id #2 ----
Size: 45
帮助 榜样 彼此 长期 大家庭 地区 东部 锻炼 对方 对口 妇联 高低 各 各族 共建 共同 光辉 互助 加速 结成 景象 联邦 民族 凝聚力 平等 迫切 强大 区域 融合 上去 少数民族 适合 铁木尔・达瓦买提 团结 兄弟 迎来 珍惜 至关重要 中华民族 中西部 自愿 自治 自治县 自治州 综合国力 
---- Cluster id #3 ----
Size: 46
本地 长春 长工 创办 此前 大庆 地质 典礼 发现 副食品 工厂 供应 公认 光彩 光荣 何 后人 华北 划 急 艰苦 劲 精力 勘探 品质 平原 清 区 上任 深感 深受 生涯 石油 实验室 添 同样 腿 为由 献身 用品 油田 院校 找到 中南海 装备 子女 
---- Cluster id #4 ----
Size: 64
办公 帮扶 不便 差距 长江 筹集 出租车 都市 繁华 更新 购物 广场 机遇 交给 经济学 竣工 开工 库区 老百姓 媒介 门 面貌 民心 难题 贫困县 破 起步 气象 前所未有 全市 人心 任职 三峡 商店 上下 上游 市民 市政府 市中心 思路 投诉 屋 吸引 县政府 相比 新年伊始 修建 一流 移民 圆满 云龙 运营 召集 振奋 振兴 之内 直辖市 值班 指挥部 中外 重庆 重庆市 主 抓住 
---- Cluster id #5 ----
Size: 59
颁发 办法 保留 本 采矿 采矿权 出资 储量 登记 发布 范围 费用 供 公告 管理 国务院 会同 减 缴纳 开采 矿产 领 领取 没收 免 名称 年度 批准 评估 起 气 签订 情节 日 申请 审批 手续 他人 特定 提交 天然气 铁 停产 停止 文件 限期 许可证 延续 以外 义务 银 予以 原 暂行 招标 主管 转让 资料 资源 
---- Cluster id #6 ----
Size: 56
边境 出国 传递 吹 等待 对抗 恶化 反应 访华 感 高级 关系 轰动 华 回忆 会晤 柬埔寨 见面 来自 离 临近 留学生 罗马尼亚 蒙古 敏感 莫斯科 某种 内政 日期 设想 身份 声明 时机 实质 使馆 事 司长 苏 苏联 谈 谈话 特使 同 突然 推 外长 消除 新任 愿意 越 越南 障碍 真实 正常 正常化 着手 
---- Cluster id #7 ----
Size: 44
安排 编制 财力 财税 财政 超 呈现 赤字 大于 得益 低于 抵 关税 加 艰苦创业 减免 减少 进口 开支 粮食 弥补 其中 欠 庆 确保 生产总值 适度从紧 收入 收支 税收 税务 完成 相应 消化 预期 预算 元 增长 增幅 债务 征收 支出 之外 转移 
---- Cluster id #8 ----
Size: 16
本领 编者 洪水 黄淮 建 教堂 块 生意 室内 属 苏丹 推销 西班牙 小麦 养猪 挣 
---- Cluster id #9 ----
Size: 75
背 长城 楚政 床 春风 此时 大厅 冬 动 动人 扶贫 歌剧 根 工地 海口 海南 患 惠芬 激情 技巧 家人 间 脚 惊人 乐团 联手 冒 们 梦 描绘 民兵 年轻 年轻人 暖 爬 彭 评论 奇迹 墙 人间 如同 弱 生命 试 手术 首 她 抬 躺 题写 天下 脱贫致富 维也纳 温暖 舞 舞台 县城 湘西 乡亲 响起 演奏 一代 艺术家 意志 音乐 音乐会 有限 逾 圆 掌声 这时 知 重返 足 闵 
---- Cluster id #10 ----
Size: 36
博物馆 长足 大门 公众 故居 固定 观众 欢乐 还 集 艰辛 京城 军营 令 鲁迅 难得 难免 拍卖 徘徊 齐全 人文 失 收藏 首都 外国人 喜悦 校园 兴趣 依旧 遗憾 忧虑 酝酿 载体 展 展出 展示 
---- Cluster id #11 ----
Size: 37
爱尔兰 澳 澳门 颁奖 比较 参赛 长官 丛书 大楼 发言 繁荣 港 歌曲 光明 过渡 回归 基本法 驾驭 建华 交接 竞赛 两地 美好 南非 内地 平稳 前景 事务 书籍 特区 听众 香港 页 一国两制 战胜 珠海 主持人 
---- Cluster id #12 ----
Size: 33
词 单一 故乡 过硬 海信 和谐 合肥 呼唤 可贵 可谓 理解 领导班子 领导者 那里 启示 亲 亲人 青岛 荣誉 谁 思念 挖掘 选 薛 寻找 一家 硬 用人 员工 在于 准 自律 总裁 
---- Cluster id #13 ----
Size: 25
部委 大连 大学生 福州 公园 杭州 获悉 家长 江南 净化 联欢 门口 培训 汽车 啥 团中央 外来 望 务工青年 小事 校 依托 隐患 游人 扎实 
---- Cluster id #14 ----
Size: 98
案件 颁布 暴力 爆炸 被告 财产 差 呈 惩处 承包 处罚 打击 当事人 递增 调节 毒品 队伍 发明 发票 法官 法院 犯罪分子 方略 房地产 干警 干扰 公平 公约 公正 够 航运 合法 合同 贿赂 及时 家庭 假 假冒伪劣 件 建新 解释 金额 禁毒 纠纷 酒 考试 可靠 劳动 劳动者 类 类型 力气 迈 每年 民事 难度 宁波 判处 赔偿 平均 破坏 抢劫 权益 人民法院 上升 涉及 审理 审判 售 数额 司 司法 诉讼 随意 同类 头脑 危害 维护 效果 性质 严打 严厉 严肃 严重 有力 增大 增多 知识产权 执行 致使 制 秩序 治安 中级 种子 宗旨 租赁 最高 
---- Cluster id #15 ----
Size: 37
办理 保值 不满 财政部 持 持有 储蓄 到期 兑付 付 公布 购买 柜台 国债 华为 计 计算 节 结算 开始 利息 满 年利率 凭证式 期 上门 事宜 提前 提问 网点 以前 营业 邮票 邮政 遇 债券 支付 
---- Cluster id #16 ----
Size: 32
败 波黑 此次 大选 丹麦 党派 国大党 获胜 击败 角逐 揭晓 竞选 科尔 可能性 口号 领先 马克 媒体 人民党 上届 投 为首 席 席位 相似 选民 选票 印度 遭 阵线 政党 执政 
---- Cluster id #17 ----
Size: 66
贬值 不利 出口 储备 刺激 导致 电信 东南亚 东亚 动荡 短期 发展中国家 风暴 风波 官方 国际 国内 贺电 会 汇率 货币 降 教训 金融 经常 竞争力 看待 来华 乐观 流入 马来西亚 贸易 墨 墨西哥 年会 泡沫 取决于 全球 全球化 人民币 升 使得 世贸 顺差 泰国 挑战 投机 外汇 外贸 外债 外资 吸取 下降 显然 削弱 信心 亚洲 依赖 因素 引发 影响 预计 原因 援助 周边 足够 
---- Cluster id #18 ----
Size: 82
背景 比如 笔 编 表现 差异 沉重 城市 传播 创作 带有 单纯 导演 灯 电视剧 电影 雕塑 多样化 反响 风格 改编 感觉 公共 观察 好事 画面 话题 获奖 激动 激烈 讲究 角度 角色 揭示 精彩 景观 空间 栏目 老虎 冷 灵魂 美术 描写 某 哪个 闹 拍摄 期刊 情感 圈 群体 热闹 散文 深 深度 收获 思考 思维 塑造 题材 痛苦 文学 喜爱 洗 显示 现实 现实主义 相反 小说 写 写作 新兴 形象 艺术 影视 有待 诱惑 知名 专栏 尊严 作家 作品 
---- Cluster id #19 ----
Size: 89
白色 奔 不错 不见 不怕 产 尝 充满 地上 多少 返回 扶 覆盖 共和国 谷 过来 过去 喊 合影 后面 火 挤 季节 井 靠 拉开 蓝 蓝天 兰州 劳动模范 离开 连 连队 楼房 门前 棉花 目光 牧民 那个 农场 农家 农垦 旁 片 飘 拼搏 葡萄 前来 情景 全新 融入 上来 生机 实实在在 双手 岁月 太阳 提到 天地 挑 围 位于 乌鲁木齐 西 鲜花 响 辛苦 新疆 心声 匈牙利 选拔 阳光 一行 迎 迎接 幽默 犹如 油 远 栽培 摘 招 这块 震 种植 株 主人 追 坐 
---- Cluster id #20 ----
Size: 62
北 变成 朝 春运 地处 电脑 对 厄尔尼诺 发 发出 分工 高速 公里 公路 广 广州 过年 沪 火车 货 货物 津 京 九 卡 开发区 开通 客车 客运 快速 昆 老区 列 列车 临时 旅客 麻烦 每天 南 南昌 棋 气候 神 石家庄 时刻 售票 提 铁道部 铁路 通道 图 网 为主 线 小时 信号 沿线 涌 运 运行 增收 增至 
---- Cluster id #21 ----
Size: 45
安徽省 报警 处 电视台 房间 服务队 歌舞 歌舞团 海南省 河北省 河南省 湖南省 江苏省 江西省 剧团 剧院 科教 科委 科协 民警 宁夏 农科院 青海 荣获 三下乡 山东省 山西省 陕西 陕西省 社长 深圳市 四川省 太原 图书馆 团长 宣传部 巡警 演员 医院 艺术团 云南省 浙江省 值 中医 中医药 
---- Cluster id #22 ----
Size: 46
爱国主义 保存 保护 传统 档案 抵御 感染 革命 工作者 鼓舞 激励 记录 纪念 纪念馆 建筑 精品 经费 刊物 课堂 空白 烈士 民政部 纳入 内涵 气氛 抢救 散 社会效益 神圣 师生 贴近 统筹 推出 维修 文化部 文物 文献 物质文明 宣传 赞助 责任感 展览 志愿 中宣部 庄严 最佳 
---- Cluster id #23 ----
Size: 51
安置 比重 表 冰箱 出路 创业 单位 电器 法人 分布 分流 富余 岗位 个 工会 工商局 功夫 公报 划分 街道 就业 居委会 开业 科龙 劳务 门路 秒 批发 普查 人数 如下 上岗 社区 失业 市 数 数据 私营 特困 统计局 投产 退休 武汉 武汉市 吸纳 下岗 兴办 占地 职工 职业 中心 
---- Cluster id #24 ----
Size: 76
把 保卫 部队 场面 称号 冲 穿 春云 搭 大雪 担负 第一线 顶 饭 奋战 父母 赶到 赶来 感慨 官兵 寒冷 滑 家园 解放军 救灾 军区 抗灾 抗震救灾 脸上 练 粮 路上 命令 那曲 难关 派出 前线 抢险 缺 少儿 摄氏度 设 食品 实 手中 受伤 所属 天气 透 忘记 危险 慰问 武警 物资 掀起 雪 雪灾 训练 夜 医疗队 灾 灾民 灾情 灾区 战士 张北 张家口 帐篷 直升机 只见 忠诚 重建 子弟兵 自救 总队 总书记 
---- Cluster id #25 ----
Size: 112
包袱 边界 变动 表面 差别 尝试 成本 初步 出去 出于 存量 大 代价 等于 动态 多元化 分散 改制 概念 钢铁 功能 公司 股份制 规模 邯钢 合并 合资 衡量 互补 缓慢 机会 集团 集团公司 家 兼并 简单 见解 接轨 进出口 进入 经济效益 经营 看来 可能 跨 宽 亏损 扩展 扩张 浪潮 例如 联合 连续 垄断 目的 内部 纽带 排 排名 盘活 偏 评 其 企业 强 如 甚 失败 实力 世界 视 收益 手段 数量 速度 无 无法 下属 限度 销售 销售额 效率 兴起 行列 行业 迅速 一样 营销 盈利 有的 原来 运转 杂志 增值 占据 真正 政府部门 值得 指明 中小企业 专业化 赚 追求 资本 资产 子 自身 总部 总公司 组合 组建 做法 
---- Cluster id #26 ----
Size: 68
安全 报 不得 部门 采取 仓库 称 措施 地面 地下 地震 电力 发电 罚款 房屋 防震 飞机 飞行 负责 个人 给予 构成 规划 航空 火灾 机场 监测 减灾 奖励 距离 跨越 款 扩建 垃圾 米 民航 内 其他 器材 人民政府 任何 丧失 伤亡 射击 设施 施工 水库 损害 损失 所在 条 条例 违反 物品 县级 线路 消防 新建 兴建 延伸 有关 预报 预测 灾害 造成 责令 周围 作业 
---- Cluster id #27 ----
Size: 55
本轮 比分 比赛 并非 财经 陈旧 到来 高等 国家队 河南 甲Ａ 教练 教练员 教学 金牌 锦标赛 居 俱乐部 课 课程 篮球 老师 联赛 辽宁队 轮 面向 名将 男篮 男女 男排 年级 女排 排球 培养 强劲 球 球队 球员 人才 人事 赛 赛场 赛季 胜 体委 通用 型 学科 运动员 战 支 中国队 主场 主教练 足球 
---- Cluster id #28 ----
Size: 38
病毒 查获 传输 盗版 订 封 观看 光盘 海关 好评 虎踞 话剧 焦点 剧目 军人 来信 念头 人民日报 商务 上网 上演 声 替代 网上 舞蹈 戏 戏剧 消息 写道 演 演出 因特网 用户 阅读 赞扬 中文 钟山 走私 
---- Cluster id #29 ----
Size: 38
步入 长沙 车辆 承担 闯 大队 倒 恶劣 负 公安局 花钱 机动车 加重 监控 交警 交通 警察 怕 啤酒 认定 伤 事故 市区 司机 死亡 停车 违章 现场 心态 行人 责任 真相 支队 治疗 中小学生 抓获 撞 自行车 
---- Cluster id #30 ----
Size: 170
办公室 办公厅 北京 北京大学 北京市 毕业 博士 部长 参加 常委 常务委员 厂 厂长 车间 成都 成员 冲击 出任 处长 大学 代理 当选 党委 党校 党组 地委 董事长 队长 分局 福建 福建省 副 干事 高中 工程师 工商 工商联 工业部 工作组 共青团 顾问 管理局 广东 广东省 广西 国防部 国家教委 国务委员 哈尔滨 汉族 黑龙江 黑龙江省 红旗 红十字会 后勤 湖北省 湖南 华南 化学 会长 获 吉林 吉林省 计委 加入 兼 检察长 教授 届 经理 救济 局 局长 军分区 科长 科学院 联合会 辽宁 辽宁省 留学 煤矿 秘书 秘书长 民革 民主党 名誉 男 内蒙古 迫害 其间 清华大学 人事部 任 日内瓦 山东 上海 上海市 上将 沈阳 生 省 省长 省委 省政府 师 实业 市长 市委 首席 受 书记 书记处 数学 水利部 司令员 四川 所长 天津 天津市 铁路局 团 外事 委员长 西南 系 厦门 县委 相当 校长 协会 学位 学习 学员 学院 研究生 研究室 研究所 研究员 研究院 业余 议员 游泳 院 院长 院士 浙江 政法 政委 政治部 政治局 职 职员 中队 中共 中共中央 中华 中学 中央 中央委员 州 主任 主任委员 主席 助理 住院 专业 总工会 总会 组长 组织部 
---- Cluster id #31 ----
Size: 49
北约 表明 波罗的海 不良 倡议 大藏省 大国 岛 东 独联体 俄 俄罗斯 法案 访 攻 构想 环 回收 伙伴 科索沃 扩 冷战 理事会 领土 枚 谋求 欧洲 签署 切尔诺梅尔金 趋势 日本 瑞典 渗透 首脑 守 条约 跳 维和 乌 乌克兰 宪章 协定 协作 叶利钦 一体化 引人注目 舆论 元首 债权 
---- Cluster id #32 ----
Size: 40
巴西 比例 长期以来 此举 贷款 担保 倒闭 等级 兑换 对象 发放 分类 分行 风险 符合 负债 该行 关闭 金融业 巨额 具备 客户 控制 来源 膨胀 贫困户 取消 商品房 商业 收回 现金 限额 信贷 信用 行长 业务 银行 银行业 这家 政策性 
---- Cluster id #33 ----
Size: 48
爱心 打工 富裕 感动 工程 公益 孩子 华侨 基金会 家里 家乡 奖金 结 救助 具 捐 捐款 捐助 看见 渴望 老 老伴 美德 母亲 拿 那天 那些 女士 贫困 贫穷 企业界 启动 穷 山区 失学 脱贫 希望工程 献 小学 信誉 幸福 丈夫 这么 真情 主编 资助 自力更生 组委会 
---- Cluster id #34 ----
Size: 149
奥地利 保健 报刊 暴露 倍 边防 表演 拨 拨款 不懈 不足 部 藏 册 场所 称赞 初中 出版 处于 传 纯收入 达 大棚 大小 当地 得出 地 地理 儿童 佛教 妇女 高原 各类 攻击 公斤 公民 共有 古老 归 海拔 罕见 汉 获得 基地 基建 级 继 价 监狱 建成 交付 教 节日 今 近年来 经 境内 旧 举办 科 可观 课题 拉萨 累计 历时 列为 流行 论 每 每周 免费 民间 年代 年均 盘 判断 平方米 瓶 起点 权利 全国性 全区 人次 人均 人口 人力 人权 设有 生长 省市 使用 世 首要 受灾 私人 所 特大 特殊 通讯 同一 统计 网络 卫生 文字 西藏 习惯 戏曲 现有 县 县长 享有 信仰 修复 悬挂 学生 学术 严寒 医疗 医生 医学 遗产 以来 议论 影片 拥有 语言 玉米 原始 遭受 占有 招生 整理 政 证实 支援 指责 中期 中央政府 助 状况 自然 自由 自治区 自主 宗教 总数 罪犯 尊重 座 
---- Cluster id #35 ----
Size: 118
安装 办案 办事 保证 本人 表率 宾馆 不正之风 不准 部署 查处 出台 处分 此案 党风 党性 党员 党政 党政机关 电话 电台 斗争 对策 遏制 反 反腐倡廉 防止 放在 分子 风气 腐败 负担 干部 各级 公款 狠抓 会计 机 集资 纪检 纪律 纪委 监察 坚决 艰苦奋斗 减轻 健全 健行 金钱 紧密 纠正 考验 浪费 礼品 立 廉洁自律 廉政 漏洞 落实 迈向 蔓延 配备 评议 强化 切实 清理 庆典 权力 全会 容易 上级 奢侈浪费 审计 时健 实体 收费 受贿 土壤 推行 外 外地 违法 违规 违纪 位置 尉 现象 项 烟 严格 严禁 要 一级 有序 娱乐 预防 源头 云南 造 责任制 赠送 账 正气 指标 制约 制止 治理 抓好 专项 追究 准则 着重 自 自觉性 综合治理 钻研 作风 褚 
---- Cluster id #36 ----
Size: 38
补 补贴 出售 大中城市 抵押 房 分 分配 福利 高校 工资 购 股 即 建房 建造 江淮 角 教职工 例 每月 鸣 派 配 披露 实物 市场化 税 送 套 消费 小区 需 增 住房 住宅 转 租 
---- Cluster id #37 ----
Size: 39
撤销 答 大户 担 发行 方便 份 股东 股票 挂牌 回报 基金 简称 交易 交易所 开设 刊登 联网 卢布 买卖 区别 上市 社团 申报 深圳 提醒 投资 投资者 委托 问 讯 营业部 运作 账户 证监会 证券 指定 只能 资格 
---- Cluster id #38 ----
Size: 58
班 伴随 帮 北风 笔者 别人 病人 长途 车 车站 串 大地 带头 锋 奉献 幅 感受 孤儿 姑娘 故事 弘扬 换 回家 火车站 姐妹 捐赠 拉 老人 雷 辆 明星 某部 幕 牌子 派出所 普通话 青年 热情 人生 日记 社 事迹 送给 她们 题词 挑选 停 温馨 现任 祥和 新人 徐州 学 研究会 涌现 与会者 再现 志愿者 
---- Cluster id #39 ----
Size: 42
北大 本届 便宜 采购 场地 乘客 出版社 出版物 打电话 大厦 店 杜绝 夺得 该书 高峰 告诉 航班 航线 家中 加拿大 加元 禁止 精美 另外 买 民营 票 签 确实 书 书店 送礼 探亲 停留 图书 问世 享受 新华 新闻 优惠 折 职业道德 
---- Cluster id #40 ----
Size: 19
博览会 产值 长远 创汇 大局 服从 服装 合 局部 考虑 利益 气息 强烈 全局 设计师 时尚 事物 意识 着眼 
---- Cluster id #41 ----
Size: 35
爱好者 背后 表彰 大树 地球 公顷 国土 汗水 花园 黄河 技能 棵 林业 流失 绿 绿化 绿色 面积 平安 评选 青春 青少年 全民 森林 生态 授予 树 水土 西北 辛勤 选手 栽 造福 造林 植树 
---- Cluster id #42 ----
Size: 51
层层 倡导 城 城区 承认 创建 道德 多利 夺冠 氛围 分为 岗 挂 哈佛 患者 激发 疾病 价值 价值观 街 街头 精神文明 科学家 可喜 克隆 理想 理性 礼貌 利 南宁 南宁市 内在 期望 群众性 人类 人们 人人 生存 受益 双拥 提倡 外面 文明 细胞 消极 效应 新风 心理 心灵 修养 羊 
---- Cluster id #43 ----
Size: 53
档次 掉 锭 动作 纺织 非 付出 工业 攻坚战 国有 过度 含量 机器 济南 佳 截至 解困 经贸委 净 举措 昆明 困境 离退休 理 路子 落后 能否 扭亏 庞大 配置 破产 其它 契机 抢 敲 生产能力 升级 示范 淘汰 通 突破口 退出 外部 陷入 压 压锭 压缩 沿海 有机 郑州 重组 壮大 最终 
---- Cluster id #44 ----
Size: 134
阿尔及利亚 阿拉伯 阿盟 阿齐兹 埃及 安理会 安南 奥尔布赖特 巴格达 巴黎 白宫 抱 报道 备忘录 本报 避免 编辑 布莱尔 场 常任 常驻 长野 成员国 此间 磋商 达成 打算 大规模 导弹 德国 地点 电 调解 冬奥会 动武 动用 发布会 发言人 法国 反对 否认 符 各方 关切 官员 国防部长 国会 国务卿 果 海湾 号 核查 后果 记者 加紧 加剧 架 结束 解除 解决 紧张 谨慎 警告 救援 局势 拒绝 据说 决议 开罗 科恩 科威特 空军 理事国 立场 联合国 连日来 罗马 美 美国 美军 美联社 穆巴拉克 迫使 普里马科夫 前往 认为 萨达姆 上空 什么样 艘 态度 特委会 通报 透露 突尼斯 途径 推迟 外交 外交大臣 晚 威胁 危机 斡旋 武力 武器 希拉克 销毁 小组 协议 新华社 新闻界 行 行动 选择 寻求 一致 伊 伊拉克 议长 引起 英 英国 有助于 约旦 招待会 之间 之前 旨在 制裁 诸如 准备 总统 总统府 最新 
---- Cluster id #45 ----
Size: 30
播出 筹措 出生 达标 到位 动手 防治 该厂 淮河 环保 环保局 计划生育 紧 经济林 咖啡 勘查 空气 流域 排放 平方公里 省区 算 探矿权 投入 污染 削减 运河 证书 治 最低 
---- Cluster id #46 ----
Size: 42
本身 层 产业化 常州 成果 到底 读书 短短 该校 国民 核 核电站 河 集装箱 检测 科研 论文 满足 名人 模式 浓郁 品位 清华 取胜 缺少 热线 人 少 书画 缩短 推荐 文化 系统 系统工程 下功夫 学校 验收 一派 营造 专家 转化 转换 
---- Cluster id #47 ----
Size: 61
安 办事处 薄 不幸 策略 春 春耕 村庄 党组织 敌人 底 动员 发动 发起 根据地 工 共产党员 毁 汇 机关干部 艰巨 节省 借助 军民 开办 开辟 抗日 抗战 累 留给 旅 率领 每人 民 耐心 情绪 日报 山西 少奇 填 土地 退 拖 顽强 维持 牺牲 下乡 雄厚 严峻 衣服 英雄 踊跃 勇敢 运动 战斗 掌握 这部 政权 驻军 撰写 子文 
---- Cluster id #48 ----
Size: 31
百分点 拆 拆借 筹资 存 存款 法定 防伪 幅度 高于 工具 挂钩 会员 机构 降低 考核 理顺 利率 利于 名义 哪些 下调 现行 一般 用于 有利于 月 这次 准备金 准备金率 资金 
---- Cluster id #49 ----
Size: 52
拜年 步骤 潮流 大陆 大业 当局 对此 儿女 分离 分裂 海内外 海峡 和平 呼吁 华人 回应 寄 佳节 加深 交流 警惕 两岸 民众 农历 企图 商谈 深远 世纪之交 势力 所谓 台湾 谈判 同胞 统一 推动 完整 往来 务实 希望 现状 心愿 愿望 赞同 展现 政局 郑重 重申 主权 主张 状态 祖国 阻碍 
---- Cluster id #50 ----
Size: 290
Ｂ 云 安定 半岛 办 办学 邦国 保持 保险 本次 毕业生 必要 变化 不好 布局 步伐 菜篮子 层次 产品 产权 城乡 成绩 成人 成效 持续 充足 出现 创新 促 促进 促使 达到 大胆 大中型 带来 导向 得到 低 第三产业 调动 调控 调整 东盟 动力 短缺 对外开放 发达国家 发展 方式 防范 放开 放松 丰富多彩 丰收 扶持 附加值 该市 改革 改善 改组 干旱 高产 高等教育 高新技术 搞好 搞活 格局 个体 各地 各位 各项 根本性 耕地 攻坚 供给 公务员 鼓励 骨干 股份合作制 关键 观念 广播 广阔 轨道 贵鲜 国民经济 国内外 海外 好转 合理 宏观 化解 环境 缓解 回落 活力 基本建设 基础 机制 积极 积极性 积累 集体经济 集中 计划经济 继续 家华 加大 加快 加强 坚持不懈 坚定不移 肩负 减员增效 健康 健身 建立 江苏 节水 节约 结构 解放思想 进步 进展 精简 精心 经济 经济社会 竞争 居民 举世瞩目 开拓进取 看到 抗旱 科技 科教兴国 可 快 困难 扩大 劳动力 牢固 利用 力度 力争 连锁 良好 良性 量 零售 灵活 流通 旅游业 买方 迈出 迈进 盲目 面临 明显 末 目标 能力 能源 农产品 农副产品 农田 努力 配套 批 平衡 铺 普及 浦东 前提 前沿 潜力 倾斜 趋 取得 全 全方位 全面 热 社会 社会化 设置 深化 生产资料 生活 实现 实行 势头 适当 适度 适应 市场 收成 收购 手里 水利 水平 水源 水资源 顺利 素质 缩小 所有 所有制 台阶 态势 提高 体系 体制 条件 铁映 通货膨胀 通胀 同时 突出 突破 推广 推进 妥善 拓宽 温饱 稳 稳定 稳妥 稳中求进 我国 物价 物质 吸收 下决心 下去 显著 乡镇企业 项目 消费品 消耗 小康 效益 协调 形式 需求 迅猛 压力 养老 要素 一定 抑制 意愿 因地制宜 引导 优化 优势 优先 优质 有利 有所 有效 预定 原材料 约束 增产 增加 增强 增添 战略性 涨幅 整体 政策 政企 支撑 支持 支柱 智力 质量 中等 重点 重复 主体 注入 抓紧 转变 着力 总 总额 总体 做好 
---- Cluster id #51 ----
Size: 67
安徽 班子 编者按 变 财务 残疾人 从事 从业 村 村干部 村里 村民 村委会 村务公开 大事 带领 党支部 电价 干群 供电 公开 河北 呼声 户 怀疑 基层 交 郊区 结果 困扰 龙头 乱 满意 明白 年龄 农村 农户 农科教 农民 农业 女性 盼 前面 求 全村 全省 全县 人员 上访 实事 说法 太空 投票 西部 喜庆 县里 乡 乡村 乡镇 咱 这项 镇 整顿 致富 中部 祝福 总量 
---- Cluster id #52 ----
Size: 107
保障 表决 补充 草案 常委会 常务 程序 惩治 充实 抽查 筹备 大气 代表 代表大会 地方 督促 法 法规 法律 法制 法治 繁重 方面 放 赋予 附 改进 共计 规范 规则 规章制度 国家机关 国外 候选人 环节 换届 汇报 急需 季度 纪云 监督 检查 接待 借鉴 决定 框架 老年人 立法 立足 力求 每次 难点 内容 拟 其余 起草 情况 权威 热点 人大 人大代表 人民 任命 任期 日常 设立 审议 实施 实效 市场经济 授权 特别 提名 提请 听取 外国 完善 委员会 宪法 信访 行使 行政 行政区 修订 修改 选出 选举 依据 议案 议会 有益 原有 针对性 征求 正当 职权 职责 执法 制定 制度 治国 中华人民共和国 诸 主办 专门 组成 遵循 
---- Cluster id #53 ----
Size: 77
百姓 班长 报纸 杯 波恩 不知 灿烂 产销 厂家 打下 大师 歹徒 道 道理 端 番 放心 份额 钢琴 功 国产 国企 寒风 后者 怀着 奖 借 句 颗 口 来临 老板 利润 临 玲 美丽 名牌 陌生 南北 男子 难 牌 捧 漂亮 评为 气温 清晰 邱 色彩 剩下 世人 说话 台 掏 天空 听到 同事 同行 童 微笑 文章 喜 先生 想法 销 小姐 性格 眼 眼光 爷爷 一把手 艺术品 志成 珠江 自豪 总经理 帷幕 
---- Cluster id #54 ----
Size: 58
弊端 不如 承办 传媒 窗口 大道 大众 典型 懂 独特 读 读者 发掘 封闭 风情 富有 革新 个性 沟通 古典 汉语 节奏 解 境界 堪称 空前 凝聚 批评 桥 桥梁 缺乏 审美 失去 诗 诗歌 诗人 实验 视野 思 提案 鲜明 限制 欣赏 信任 形 严谨 言 营养 优美 优秀 右 誉为 崭新 者 阵地 之 致以 作者 
---- Cluster id #55 ----
Size: 41
ＶＣＤ 承诺 承受 定价 对手 服务 干预 各自 供求 股份 顾客 广告 家电 假货 价格 降价 紧急 经营者 联 品牌 权限 全场 商标 商场 商家 商品 商厦 上涨 适用 输出 提供 相同 消费者 行为 虚假 有限公司 章 政府 指 注册 遵守 
---- Cluster id #56 ----
Size: 161
爱 爱国 爱护 表达 冰 病 伯伯 不顾 采访 菜 参观 超越 彻底 崇高 传达 此后 此事 促成 大街 大桥 诞辰 诞生 党内 到 到达 得知 典范 懂得 度过 夺取 恩来 复杂 负责人 告 革命家 工人阶级 公仆 关怀 官僚主义 国民党 国王 怀念 坏 回去 记得 家属 坚定 艰难 将军 讲述 交谈 接触 接到 接见 杰出 结婚 尽 京剧 敬爱 镜头 久 老一辈 历程 留下 隆重 每个 缅怀 面前 民主党派 名字 哪里 那么 那样 那种 南京 难忘 内心 浓 女工 拍 朋友 批示 品格 平凡 前后 亲切 亲属 青 轻松 情 去世 热爱 热带 人格 人群 如此 身 身边 身上 身体 深情 时 事实上 视为 熟悉 他 天安门 听 统一战线 统战 统战部 投身 外出 伟人 文革 文化大革命 无产阶级 无限 西安 细致 显得 想到 想象 心情 心血 心中 信 休息 演唱 冶金 业绩 一起 一生 以为 意外 印象 颖超 永恒 忧 遭到 战友 照顾 真 争取 政治家 知名人士 知识分子 之后 之际 直到 指示 智慧 中毒 中间 周 卓越 字 总理 最后 崛起 魅力 
---- Cluster id #57 ----
Size: 59
搬 保 策划 长征 朝鲜 传来 担任 德 抵制 东北 对付 夺 翻译 放弃 风采 风范 改 官 海军 海上 浩田 回国 会场 家具 坚实 接 接收 开阔 开幕式 康 肯 空 扣 联络 留 南斯拉夫 平静 侵略 清除 秋 热心 深厚 贴 我党 我军 伍 袭击 显 响应 修权 早期 战场 知识 知识经济 之上 重 重任 转向 总参谋长 
---- Cluster id #58 ----
Size: 27
北部 本国 大海 担心 富 各国 哈 海 获取 吉 据悉 联盟 深处 试图 它们 土 土耳其 西方 演习 伊朗 伊斯兰 应付 油气 争 争夺 中亚 总产值 
---- Cluster id #59 ----
Size: 37
包含 变革 变为 标准 不惜 成分 初级阶段 当做 定 队 队员 对立 发达 方法 分析 否定 纲领 公有制 共产主义 阶级 经典 论证 某些 偶然 评价 倾向 热潮 人物 上面 厅 唯一 引 应有 原理 展开 直至 著作 
---- Cluster id #60 ----
Size: 49
阿根廷 比索 超出 传真 创 点 跌 东京 兑 菲 菲律宾 纷纷 估计 股市 韩国 汉城 缓 黄金 回升 纪录 利比亚 伦敦 马尼拉 曼谷 美元 纽约 欧佩克 桥本 日元 时报 收盘 苏哈托 通货膨胀率 桶 为何 委内瑞拉 下跌 下滑 新加坡 雅加达 印度尼西亚 印尼 印尼盾 盈余 原油 月球 指数 至 周刊 
---- Cluster id #61 ----
Size: 180
白 柏林 毕 边 斌 兵 波 布赫 蔡 藏族 曹 查 常 朝鲜族 陈 程 迟 川 崔 戴 单 刀 丁 董 杜 段 范 方 费 冯 傅 刚 高 葛 龚 古 顾 关 关根 冠军 管 光英 贵 郭 韩 贺 洪 侯 胡 虎 华夏 黄 回族 霍 季 家宝 贾 健 姜 蒋 杰 金 锦华 晋 菊 军 俊 克 孔 兰 乐 磊 李 力 梁 亮 廖 林 刘 柳 龙 楼 卢 鲁 路 陆 吕 罗 马 满族 梅 蒙古族 孟 苗 苗族 敏 明 名 聂 宁 牛 女 潘 平 齐 迁 钱 秦 庆林 曲 全有 群 邵 申 沈 盛 施 史 舒 松 宋 孙 谭 汤 唐 涛 陶 田 土家族 万 万年 汪 王 韦 维吾尔族 伟 魏 温 文 闻 吴 武 夏 向 肖 谢 星 熊 徐 许 严 阎 杨 扬 姚 叶 彝族 易 毅 尹 勇 游 于 余 俞 袁 跃 曾 张 赵 正 郑 志 钟 朱 祝 壮族 资 邹 缪 
---- Cluster id #62 ----
Size: 51
遍 称为 风 敢 敢于 歌 豪华 好像 红 花 怀 荒山 辉煌 鸡 阶层 举 聚集 开 苦 类似 另 流动 落 卖 没 牡丹 哪 呢 年年 女子 塞 山 时节 死 脱颖而出 物 献给 香 像 向前 修 延安 野生 也 移 意思 雨 云 照 这儿 正好 
---- Cluster id #63 ----
Size: 172
啊 吧 八一队 包 冰雪 不行 唱 炒 成 吃 吃饭 出 出来 船 错 答应 打 大家 大姐 带 代表团 当 登 等 断 堆 顿 儿子 翻 饭店 房子 飞 分钟 风光 风景 夫妇 夫妻 父亲 附近 盖 干 赶 感情 感人 港元 告别 歌声 隔 给 跟 跟着 工人 过 喝 湖 画 画家 话 还有 回 回到 回来 活 记 记忆 见 饺子 叫 进 觉得 开会 看 看出 看看 客人 快乐 啦 来到 里 脸 了 流 妈妈 吗 忙 那 那时 奶奶 你 你们 您 弄 女儿 跑 乒乓球 妻子 前 请 去 全家 让 人家 日子 荣 上班 上学 尚 烧 少年 深切 声音 生日 师傅 什么 收 手 书法 双 水 睡 说 似 岁 他们 趟 特困户 踢 天 听说 同学 头 托 挖 玩 完 碗 晚会 忘 位 我 喜欢 想 想起 小 小伙子 笑 些 新村 心 心里 血 呀 眼睛 样子 依然 毅仁 赢 游客 有人 在 怎么 扎 找 阵阵 知道 只 中国画 住 装 着 仔细 走访 
---- Cluster id #64 ----
Size: 60
奥委会 奥运会 彩电 产量 产业 超过 城镇 大赛 带动 电视 对外贸易 吨 非法 分开 港口 高速公路 固定资产 海洋 机电 计划 监管 节目 境外 看好 科普 拉美 厘米 利税 模拟 培育 蓬勃 清洁 取代 全年 融资 软件 赛事 失业率 实用 适时 试点 数字 水稻 太平洋 体育 投放 投向 新增 信息 研制 移动 以内 意味着 引进 增长点 增长率 整治 中介 周期 资本金 
---- Cluster id #65 ----
Size: 119
澳大利亚 巴金 闭幕 必然 波兰 参考 参政议政 茶话会 阐述 出访 出席 次 打假 大会 代表性 调查 调研 对外 发表 反映 防火 非公有制 风貌 赴 甘肃 纲要 稿 各界 古巴 光亚 规范化 国权 号召 宏伟 华清 会议 活跃 建议 江 讲话 交往 锦涛 举行 开幕 开拓 看望 考察 科技界 两会 列入 鲁丽 履行 率 论坛 民工 名单 挪威 谴责 强有力 乔 侨胞 庆祝 渠道 全国 全体 人士 人选 日程 入手 瑞环 瑞士 商 石 探索 讨论 题 通过 团体 拓展 围绕 委员 伟长 希腊 象征 协商 新鲜 兴 选平 学者 研讨 研讨会 演讲 邀请 议程 议题 应邀 迎春 与会 泽民 展望 章程 兆国 正英 政协 职能 制订 制度化 智利 主席台 主席团 驻地 专题 姿态 组 作 座谈 座谈会 孚凌 F基 
---- Cluster id #66 ----
Size: 77
案 材料 查办 待 逮捕 调 罚 法庭 犯罪 该 公安 公安部 管辖 规定 机关 检察 检察院 鉴定 结论 经过 居住 举报 可以 恐怖 理由 立案 律师 秘密 判决 培训班 聘请 期限 起诉 侵犯 轻 请求 取 权 入 上述 涉嫌 审查 省级 事实 是否 释放 收到 收集 收取 受理 属于 说明 思卿 随 贪污 提起 通知 同意 未能 嫌疑人 线索 刑法 刑事 刑事诉讼法 姓名 询问 延长 一体 应当 在场 照片 侦查 证据 证明 职务 罪 渎职 
---- Cluster id #67 ----
Size: 129
白酒 版 包装 避孕 玻璃 采用 彩色 测试 插 船舶 大型 地位 电厂 电视机 电子 动物 独资 短 多媒体 发射 防 辐射 服务业 高档 高效 工艺 管制 灌溉 光 国家级 含 航天 毫米 黑 化肥 化工 基因 机械 机组 激光 技术 计算机 加工 检验 轿车 接近 精 开发 抗 空中 控股 矿 立方米 连接 良种 旅游 码头 煤 煤炭 摩托车 年产 农 农药 品种 普通 期货 千瓦 认证 容量 沙漠 摄影 设备 设计 生产 生产线 生物 蔬菜 输 水电 水果 水泥 饲料 塑料 隧道 特有 天然 通信 同步 铜 图像 脱 外商 卫星 相关 新型 性能 循环 养殖 药 药品 药物 医药 仪 仪器 以上 以下 应用 用 优 优良 邮电 原料 允许 运输 占 珍贵 纸 致 制品 制造 制作 中方 中药 主导 专利 专用 装置 咨询 综合 
---- Cluster id #68 ----
Size: 98
Ａ Ｄ 巴基斯坦 报名 贝宁 比 比利时 表示 布鲁塞尔 乘 大臣 大会堂 大使 大使馆 大中 抵达 定期 对话 多极化 访问 非洲 夫人 感到 感谢 高层 高兴 国 国旗 国务 荷 荷兰 合作 互访 互利 欢迎 会见 建交 建设性 交换 介绍 经贸 看法 来访 琳 领域 卢森堡 莫 莫桑比克 欧 欧盟 陪同 鹏 频繁 期待 其琛 企业家 签字 热烈 三角洲 摄 首相 书面 双边 双方 探讨 图片 外交部 外交部长 外经贸部 为期 卫生部 问候 西欧 相互 相信 谢里夫 亚 也门 仪式 意 意大利 有着 友好 友协 友谊 愿 赞赏 增进 真诚 正式 祝贺 祝愿 驻 驻华 转达 卓有成效 总局 岚清 
---- Cluster id #69 ----
Size: 37
阿 阿拉法特 巴 巴勒斯坦 撤军 冲突 辞职 打破 度 方案 分歧 和谈 华盛顿 会谈 进程 警方 抗议 克林顿 库克 黎 黎巴嫩 南部 难民 内阁 内塔尼亚胡 前夕 士兵 西岸 叙利亚 宣布 耶路撒冷 以 以色列 印 犹太人 约旦河 中东 
---- Cluster id #70 ----
Size: 34
北方 草 草地 草原 当中 该县 攻关 贵州 红色 湖北 江西 里面 名列 亩 南方 农业部 人工 人均收入 认可 肉 试验 水准 踏 细 小型 兴奋 畜 畜牧业 养 鱼 植物 中科院 种 猪 
