---- Cluster id #1 ----
Size: 146
阿拉伯 阿盟 阿齐兹 安理会 安南 奥尔布赖特 巴格达 白宫 颁奖 抱 报道 本轮 比分 避免 编辑 病毒 波黑 波音 布鲁塞尔 常任 常驻 传销 此间 磋商 达成 打算 大规模 大中 担心 党建 导弹 地点 电 调解 动武 动用 发布会 法国 否认 符 该厂 关切 国防部长 国会 国际象棋 国务卿 果 海湾 号 核查 华为 记者 加紧 焦点 接受 结束 紧张 谨慎 警告 局势 拒绝 据悉 决议 咖啡 科恩 科尔 科索沃 科特迪瓦 科威特 空军 理事国 利比亚 立场 联合国 连日来 另 罗马 美 美国 美军 美联社 鸣 名人战 穆巴拉克 南极 欧佩克 派出 普里马科夫 普通话 棋手 气象台 前往 谴责 认为 萨达姆 塞拉利昂 艘 态度 特使 特委会 通报 透露 突尼斯 途径 土耳其 推迟 外长 外交 外交大臣 万达队 网球 威胁 危机 围棋 为首 斡旋 武力 武器 武术 舞剧 西班牙 西非 希拉克 销毁 小到中雨 小组 新华社 新闻界 行 寻求 伊 伊拉克 议长 英 英国 约旦 月球 招待会 之间 制裁 诸如 准备 总统 总统府 最新 昊 
---- Cluster id #2 ----
Size: 178
Ｄ 办公室 办公厅 办事处 北京 北京大学 北京市 毕业 博士 部长 常委 常务委员 厂 厂长 车间 成都 成员 冲击 出任 处长 大学 党委 党校 党组 地委 东北 董事长 队长 发起 分局 福建 福建省 副 干事 工程师 工商 工业部 工作组 共青团 顾问 管理局 广东 广东省 广西 国防部 国务委员 哈尔滨 汉族 河南省 黑龙江 黑龙江省 红旗 红十字会 湖北 湖北省 湖南 湖南省 华南 化学 会长 获 吉林 吉林省 计委 加入 兼 检察长 江苏省 江西 江西省 教授 解放军 经理 局 局长 军分区 科长 科委 科协 科学院 联合会 粮 辽宁 辽宁省 伦敦 煤矿 秘书 秘书长 民革 民主党 名誉 莫斯科 男 内蒙古 纽约 迫害 其间 清华大学 区 人事部 任 日内瓦 山东 山东省 陕西 上海 上海市 上将 沈阳 生 省 省长 省委 省政府 实业 事务 市 市长 市委 首席 受 书记 书记处 数学 水利部 四川 四川省 所长 天津 天津市 铁路局 团 外事 委员长 系 厦门 县委 相当 校长 协会 宣传部 学位 学习 学员 学院 研究生 研究室 研究所 研究员 研究院 业余 议员 院长 院士 浙江 政法 政委 政治部 政治局 职 中共 中华 中学 中央 中央委员 州 主编 主任 主任委员 主席 助理 住院 专业 总队 总工会 总会 组长 组织部 
---- Cluster id #3 ----
Size: 14
电器 分配 股 江淮 拟 派 配 披露 税 送 新村 增 指标 转 
---- Cluster id #4 ----
Size: 35
报名 岛 父母 告诉 工具 故事 过 河南 寄 刊登 看看 老人 磊 留 内心 青岛 身体 受益 书法 算 岁 所在 同学 退休 小 小事 些 信 行动 一家 遭 征文 植树 志愿 志愿者 
---- Cluster id #5 ----
Size: 40
本领 编者 不如 传来 串 创业 饭 夫妇 服务队 附近 干 工人 光彩 话 活 家中 建 借 块 没 明星 年年 女工 妻子 上岗 生意 师傅 施 推销 下岗 夜 依然 勇 找 找到 阵阵 挣 赚 自行车 走访 
---- Cluster id #6 ----
Size: 31
包 保险 不良 吃 此前 大藏省 倒闭 导致 东京 堆 法案 歌曲 官员 合资 回收 会员 饺子 开业 妈妈 桥本 日本 日元 收购 手中 苏哈托 挑选 厅 削减 演唱 债权 职员 
---- Cluster id #7 ----
Size: 55
背景 表现 沉重 创作 独特 多样化 发掘 氛围 敢于 工厂 关注 国土 话题 获奖 讲究 揭示 借助 景观 开阔 刊物 可喜 空前 栏目 冷 礼貌 门 年轻 浓 期待 期刊 情感 秋 散文 深 视野 试图 收获 思考 题材 痛苦 显 显示 现实 现实主义 寻找 有待 崭新 展示 珍惜 争 专栏 姿态 尊严 作品 作者 
---- Cluster id #8 ----
Size: 39
办学 弊端 变革 标准 部委 成分 当做 定 对立 方法 分析 否定 高等教育 高校 疾病 价值 价值观 阶级 经典 浪费 理性 论证 评价 倾向 热潮 人们 人文 人物 设置 生存 套 外面 心理 心灵 学科 迎来 原理 直至 重复 
---- Cluster id #9 ----
Size: 37
爱好者 办理 保值 不满 财政部 持 持有 储蓄 到期 兑付 付 岗 公布 公园 购买 国债 计 计算 加 节 开始 利息 满 年利率 凭证式 期 上门 事宜 提前 提问 网点 邮票 邮政 游人 遇 债券 支付 
---- Cluster id #10 ----
Size: 35
北大 本届 补 册 场地 出版社 出版物 丛书 灯 读 读书 杜绝 该书 过年 加拿大 加元 精美 临近 另外 鲁迅 买 民营 日记 商务 少儿 社长 视 书 书店 书籍 水浒传 添 图书 问世 相似 
---- Cluster id #11 ----
Size: 38
拜年 伴随 保存 层 尝 常州 词 地面 繁华 风景 该校 改制 歌舞 古老 河 宽 令 旅游 名人 浓郁 农垦 品位 气 气息 取胜 热线 事实上 书画 晚会 文化 吸引 下功夫 相声 兴奋 一派 营造 游客 资 
---- Cluster id #12 ----
Size: 52
安置 档次 锭 动作 恶化 纺织 非 分流 付出 工业 攻坚战 国有 过度 含量 机器 济南 截至 解困 经贸委 净 举措 困境 离退休 路子 落后 难得 难关 能否 扭亏 庞大 配置 破产 其它 启示 契机 抢 敲 生产能力 升级 淘汰 突破口 退出 武汉 武汉市 陷入 压 压锭 压缩 沿海 展开 重组 壮大 
---- Cluster id #13 ----
Size: 40
奔 边 博物馆 车站 城区 大海 贵州 海 欢乐 还 火车 鸡 距离 开发区 昆 老区 楼房 落 南 南宁 南宁市 跑 深处 省区 失 双拥 铁路 通 桶 拖 喜悦 兴建 雪 延伸 沿线 忧虑 云南 运 展 祝福 
---- Cluster id #14 ----
Size: 60
爱 伯伯 采访 超越 此事 村庄 大会堂 大街 懂得 房子 幅 感受 怀 怀念 坏 回去 火 讲述 接见 经过 净化 老师 联欢 灵魂 流 面前 目光 那么 偶然 拍 平凡 亲属 情 去世 热爱 人格 人群 丧失 身上 深情 题词 微笑 危险 伟人 心里 心中 眼睛 移 意外 印象 迎 颖超 永恒 赞扬 照片 政治家 只见 总裁 最终 魅力 
---- Cluster id #15 ----
Size: 85
颁发 办法 保留 本 不得 部门 采矿 采矿权 出资 储量 处 登记 地下 地质 电力 发布 罚款 范围 费用 给予 供 公告 构成 关闭 管理 国务院 会同 减 缴纳 开采 勘查 勘探 跨越 款 矿产 领取 没收 免 名称 内 年度 批准 平方公里 评估 其他 起 器材 签订 情节 权限 日 设施 申请 审批 施工 石油 手续 他人 探矿权 特定 提交 天然气 条 条例 铁 停止 图 违反 文件 限期 线路 消防 许可证 延续 义务 予以 原 暂行 责令 主管 转让 资料 资源 最低 作业 
---- Cluster id #16 ----
Size: 18
步 操作 产权 撤销 代理 电脑 防伪 股东 柜台 交易 巨额 申报 属 损失 提醒 席位 营业部 指定 
---- Cluster id #17 ----
Size: 19
边境 大选 东盟 国王 红色 回国 柬埔寨 解除 拉那烈 马克思 曼谷 名字 请求 声明 宣布 宣言 意味着 迎春 政局 
---- Cluster id #18 ----
Size: 53
澳大利亚 比赛 冰球 参赛 场面 长野 成绩 登 冬奥会 对手 夺 夺得 夺冠 分 冠军 贺电 滑 滑雪 获得 击败 佳 角逐 金牌 锦标赛 居 决赛 领先 轮 枚 米 秒 名将 名列 男子 女子 挪威 破 轻松 上届 世界杯 世界纪录 速滑 天气 跳 选手 亚军 银 游泳 预赛 摘 中国队 妍 缪 
---- Cluster id #19 ----
Size: 50
奥委会 奥运会 大赛 大众 当中 队员 国大党 国家队 获胜 甲Ａ 教练 教练员 禁止 竞选 俱乐部 看好 来信 篮球 联赛 辽宁队 媒介 媒体 男篮 男排 女排 排球 球队 球员 人民党 人民日报 赛 赛场 赛季 赛事 体委 体育 网上 写道 新闻 训练 因特网 印度 与会者 运动员 阵线 职业道德 中文 主场 主教练 足球 
---- Cluster id #20 ----
Size: 45
爱心 充满 打工 得以 动员 富裕 感动 工程 公益 奖金 救助 具 捐 捐款 捐赠 捐助 看见 渴望 美德 母亲 那天 那些 女士 贫困 贫穷 启动 情景 人人 山区 生机 失学 她们 脱贫 希望工程 现任 献 想到 消除 辛苦 心 幸福 这么 资助 自力更生 组委会 
---- Cluster id #21 ----
Size: 114
本质 比较 标志 表达 别的 别国 不可 成熟 创立 创造性 错误 道路 得 邓 邓小平理论 地域 定位 动摇 发达 飞跃 丰富 富强 概括 纲领 高潮 搞 个别 共产党人 共识 观察 观点 光明 还要 回答 集体 继承 建国 讲 教训 叫 阶段 经历 经受 救 卷 决心 科学 口号 理论 历史 历史性 领会 论断 论述 马克思主义 毛泽东思想 面 命运 谋 判断 旗帜 前进 前列 前途 清楚 清醒 全党 确立 确认 认识 三中全会 社会主义 甚 生产力 失误 十四大 时代 时候 什么 实践 实质 世纪 逝世 它 特色 特征 唯一 为什么 伟大 系列 鲜明 相同 向前 小平 以前 意义 拥护 勇气 载 造就 怎样 展现 哲学 这个 正是 政党 郑重 之下 中国 中山 主观 著作 准确 资本主义 
---- Cluster id #22 ----
Size: 39
班长 报警 不怕 称号 乘客 冲 歹徒 刀 电台 妇联 赶来 歌声 过硬 喊 呼唤 记 郊区 竞赛 军营 刻苦 连队 脸 脸上 玲 美丽 幕 派出所 评为 青春 邱 荣誉 塞 授予 掏 听众 围 鲜花 英雄 战士 
---- Cluster id #23 ----
Size: 82
败 保 爆发 参与 草地 策划 策略 朝鲜 承认 持久 打 到达 等待 敌人 抵制 对抗 夺取 翻译 反应 封锁 风采 高级 国防 红军 后勤 回到 回忆 家具 进攻 经济基础 军 军队 军事 军委 抗日战争 抗战 可贵 兰州 联络 罗马尼亚 蒙古 命令 南斯拉夫 篇 平静 迫使 企图 侵略 清除 人民军队 日期 生涯 时期 使馆 司长 苏 苏联 文选 我党 我军 武装 伍 袭击 消极 新任 修权 引 院校 越 越南 早期 占领 战 战场 战术 战争 障碍 正常化 致力 重任 总参谋长 作战 
---- Cluster id #24 ----
Size: 57
北 唱 称为 出生 吹 大气 道德 多利 厄尔尼诺 风 哈佛 海洋 豪华 好像 红 花 荒山 劲 京城 开 科学家 克隆 利 卖 命名 牡丹 哪 呢 暖 飘 气候 全球 热带 山 上空 时节 实验 实验室 死 太平洋 提到 脱颖而出 西 细 细胞 献给 香 响应 像 延安 羊 也 踊跃 在 照 这儿 正好 
---- Cluster id #25 ----
Size: 76
安 安徽 安徽省 班子 帮扶 编者按 变 财务 层层 村 村干部 村里 村民 村委会 村务公开 大事 带领 带头 党支部 党组织 电价 该县 干群 供电 公开 河北 河北省 后面 户 花钱 怀疑 基层 计划生育 交 经济林 困扰 乱 满意 明白 农村 农户 盼 贫困户 前面 清 情绪 求 全村 全省 全县 确实 人均收入 日报 上访 实事 说法 投票 推 推行 物 喜庆 县里 乡 乡村 乡镇 修 选出 学会 一把手 意识 应付 这项 阵地 执政 致富 子文 
---- Cluster id #26 ----
Size: 54
百分点 比例 拆借 长期以来 筹资 存 存款 贷款 担保 发放 法定 分行 幅度 负债 该行 挂钩 货币 机构 降低 接近 结算 金融 金融业 考核 客户 来源 理顺 利率 利于 名义 墨 哪些 取消 商业 收回 投放 委内瑞拉 下调 下降 现金 现行 限额 信贷 信用 行长 一般 银行 用于 有利于 这次 政策性 准备金 准备金率 资金 
---- Cluster id #27 ----
Size: 32
百富勤 此次 答 大户 担 发行 发言人 方便 股票 挂牌 回报 基金 简称 交易所 开设 联网 卢布 买卖 区别 上市 上网 深圳 投资 投资者 问 讯 运作 账户 证监会 证券 只能 资格 
---- Cluster id #28 ----
Size: 128
备忘录 本次 博览会 布局 产量 城乡 城镇 成人 充足 达到 第三产业 调控 对外贸易 吨 发电 防范 放开 非法 分开 丰富多彩 扶持 覆盖 富余 改善 干旱 港口 高产 高速公路 高新技术 搞活 公里 公路 鼓励 固定资产 国民经济 国内 合理 宏观 化解 淮河 黄河 基本建设 机电 计划 继续 加大 加快 监管 减员增效 健身 交接 节水 节约 进展 警察 境外 就业 居民 军民 科普 控制 快 拉美 劳动力 劳务 力争 连锁 零售 流通 旅游业 绿化 盲目 某些 纳入 能源 农副产品 农田 排放 培育 蓬勃 浦东 清洁 全民 全年 融资 三下乡 社会化 生产资料 生态 失业率 适度 适时 市场 试点 水稻 水利 水资源 特困户 投产 投入 投向 稳中求进 项目 消费品 效益 新增 兴办 养老 移动 以内 用户 优化 优质 预定 原材料 原油 造林 增产 增长点 增长率 增添 整治 政企 职业 中介 中西部 资本金 总额 
---- Cluster id #29 ----
Size: 31
长春 城 大连 大楼 大厦 到位 店 股份 花园 假货 假冒伪劣 联 南昌 热水器 商场 商店 商厦 石家庄 实 实实在在 输出 太原 同 无 信誉 徐州 有限 有限公司 扎扎实实 郑州 中宣部 
---- Cluster id #30 ----
Size: 105
安装 办案 办事 本人 表率 宾馆 不正之风 不准 查处 出台 处分 达标 党风 党性 党员 党政 党政机关 斗争 对策 遏制 反 反腐倡廉 防止 分子 腐败 负 干部 个人 各级 公款 狠抓 会计 机 集资 纪检 纪律 纪委 监察 坚决 艰苦奋斗 减轻 健全 健行 金钱 紧密 纠正 考验 礼品 立 廉洁自律 廉政 领导班子 漏洞 落实 蔓延 配备 评议 强化 清理 庆典 全会 容易 上级 奢侈浪费 设 审计 实体 收费 受贿 土壤 外 外地 违法 违规 违纪 位置 尉 现象 行为 严格 严禁 一级 有序 娱乐 预防 源头 责任制 赠送 战斗力 账 正气 制约 制止 治理 抓好 专项 追究 准则 着重 自 自觉性 综合治理 钻研 遵守 作风 
---- Cluster id #31 ----
Size: 25
草 草原 到来 动物 动物园 封 工商局 广告 环保局 汇 镜头 念头 陕西省 商标 尚 少年 生长 温馨 野生 营养 者 这里 只 中科院 注册 
---- Cluster id #32 ----
Size: 47
报 称 春云 大雪 地震 发生 房屋 防震 负责 赶到 火灾 家园 监测 减灾 紧急 救济 救援 救灾 抗灾 抗震救灾 那曲 抢险 人民政府 伤亡 受伤 水库 慰问 物品 物资 县级 新建 雪灾 医疗队 引发 预报 预测 灾害 灾民 灾情 灾区 造成 张北 张家口 帐篷 重建 子弟兵 自救 
---- Cluster id #33 ----
Size: 39
本身 侧面 超出 单纯 懂 读者 封闭 风情 富有 革新 古典 规律 汉语 忽视 里面 内在 批评 桥 缺乏 审美 生命力 失去 诗 诗歌 诗人 双重 思 腿 文艺 欣赏 心声 形 修养 严谨 言 样子 誉为 之 种 
---- Cluster id #34 ----
Size: 61
巴西 比索 贬值 出口 储备 传真 底 点 跌 东南亚 东亚 动荡 短期 兑 兑换 菲 菲律宾 纷纷 风暴 股市 官方 韩国 汉城 合 缓 回升 汇率 降 经常 竞争力 流入 马来西亚 马尼拉 贸易 美元 墨西哥 人民币 升 收盘 顺差 私人 泰国 通货膨胀率 外汇 外贸 外债 外资 维持 下跌 效应 信心 雅加达 依赖 银行业 隐患 印度尼西亚 印尼 印尼盾 盈余 指数 至 
---- Cluster id #35 ----
Size: 70
遍 不惜 长城 春 春风 此时 大厅 动 动人 感染 敢 歌剧 工地 攻 海口 海南 惠芬 激情 技巧 家人 间 惊人 觉得 乐团 历时 联手 练 冒 梦 描绘 那 那个 年轻人 评论 奇迹 墙 人间 弱 散 试 手术 她 踏 抬 躺 题写 天地 天下 贴 听 维也纳 温暖 县城 响起 校园 雄厚 演奏 一代 遗憾 意志 音乐 音乐会 圆 战胜 这时 知 之上 重返 助 闵 
---- Cluster id #36 ----
Size: 58
毕业生 编写 不行 财经 出国 代 待遇 风气 改 高等 高度 高峰 高考 国家教委 国民 合格 呼声 怀着 回来 基金会 奖励 教材 教师 教学 教育 考试 课 课程 理想 留学生 面向 年级 培养 普及 齐全 取决于 人才 人事 融入 上去 设计师 什么样 素质 通用 西南 戏曲 小学 新加坡 学生 学者 眼光 优先 赞成 招生 智力 中小学 珠海 着手 
---- Cluster id #37 ----
Size: 107
包袱 边界 表面 成本 初步 出去 出于 传递 存量 大 代价 等于 动态 多元化 放弃 分散 分为 风险 改组 概念 钢铁 功能 公司 股份制 规模 国外 过来 海信 邯钢 合并 衡量 互补 缓慢 机会 集团 集团公司 家 兼并 简单 见解 接轨 进出口 进入 经济效益 经营 看来 可能 可谓 跨 亏损 扩展 扩张 浪潮 例如 联合 连续 垄断 纽带 排 排名 盘活 评 其 企业 强 如 失败 实力 世界 收益 手段 谁 速度 无法 下属 限度 限制 销售 销售额 效率 兴起 行列 行业 迅速 业务 一样 营销 盈利 原来 运转 杂志 增值 真正 政府部门 值得 指明 中小企业 周刊 专业化 追求 资本 资产 总部 总公司 组合 组建 做法 
---- Cluster id #38 ----
Size: 51
办公 不便 差距 长江 出租车 都市 更新 购物 广场 机关干部 交给 竣工 开工 空气 库区 老百姓 面貌 民心 难题 凝聚 贫困县 起步 企业界 气象 前所未有 全市 人心 任职 三峡 上下 上游 市民 市政府 思路 位于 县政府 相比 消息 修建 移民 优美 振奋 整顿 之内 直辖市 值班 指挥部 中外 重庆 重庆市 主 
---- Cluster id #39 ----
Size: 487
Ｂ 云 安定 把握 摆 摆脱 办 邦国 帮助 包括 薄弱 保持 保证 报告 必要 变化 变为 表明 不好 不利 不同 不懈 步伐 步骤 部署 财富 采取 参考 层次 产品 产生 产业 长期 长远 倡导 成长 成功 成就 成为 成效 程度 承受 持续 充分 初级阶段 出 出发 出现 处理 处在 传统 创建 创新 创造 此 促 促进 存在 措施 大胆 大中型 带动 带来 导向 得到 奠定 调动 调整 丢 动力 独立 独立自主 对待 对外开放 多 发 发达国家 发挥 发现 发扬 发展 发展中国家 反对 犯 方面 方式 方向 方针 防治 放 放在 奋斗 丰收 风波 符合 服务 附加值 该市 改变 改革 改造 干涉 岗位 高举 搞好 格局 个 个体 各地 各个 各位 各项 各种 各族 根本 根本性 工作 攻坚 公务员 公有制 巩固 估计 骨干 股份合作制 关键 关心 官僚主义 观念 贯彻 广大 广泛 轨道 国际 国家 国情 过程 过渡 海外 好 好处 核心 弘扬 环节 环境 还有 回归 会 混乱 活动 活力 基本 基础 机遇 机制 积极 积极性 积累 极大 集体经济 集中 及时 计划经济 加强 加以 驾驭 坚持 坚持不懈 坚定不移 坚强 坚实 肩负 艰巨 健康 建立 建设 江苏 阶层 结构 解放思想 解决 紧 进步 进行 近 精简 精神 精神文明 精心 经济 经济社会 经验 警惕 竞争 局面 举办 举世瞩目 巨大 具体 具有 决策 开辟 开创 开放 开拓进取 开展 看待 看到 考虑 靠 科技 科教兴国 科学技术 可 克服 客观 困难 扩大 来 来自 牢固 牢记 老 离 理解 利益 利用 力量 联系 良好 良性 量 灵活 领导 流动 流失 流域 路线 迈出 迈进 矛盾 没有 美好 门路 密切 面对 面临 民主 明确 明显 模范 目标 目的 内部 内容 能 能够 能力 年 农民 努力 配合 配套 批 平稳 迫切 普遍 期望 起来 千方百计 前提 前沿 强大 强调 强烈 切实 倾斜 情况 趋势 渠道 取得 全 全局 全面 全球化 全心全意 确定 群众 群众性 人 人类 任何 任务 认清 认真 如何 上 少 社会 深化 深刻 深入 生活 十五大 时机 实际 实事求是 实现 实行 使 世纪之交 事物 事业 势头 是 适当 适应 收成 手 受到 树立 水平 顺利 思想 私营 缩小 所有 所有制 台阶 态势 探索 特点 提倡 提出 提高 提供 体会 体系 体现 体制 挑战 条件 铁映 同时 突出 突破 土地 推动 推进 推向 脱离 妥善 拓宽 外部 完全 完善 围绕 为 为主 温饱 文明 稳 稳定 稳妥 问题 我国 我们 物质 物质文明 吸取 吸收 下 下决心 下去 先进 显著 现代化 乡镇企业 项 消耗 小康 协调 新 新风 信息 形成 形式 形势 需要 宣传 选择 迅猛 压力 严峻 研究 要 要求 要素 一定 一切 依靠 意见 意愿 因地制宜 因素 引导 引进 引起 应 应该 应有 影响 硬 勇于 优势 有 有的 有利 有所 有效 有些 遇到 原则 约束 运用 在于 增强 扎实 战略 战略性 掌握 这 这些 这种 振兴 整个 整体 正确 政策 政府 支持 支柱 知识 知识经济 直接 指出 指导 指引 制度 质量 治 中 中心 重大 重点 重视 重要 重要性 周边 主动 主体 主要 注入 注意 注重 抓 抓紧 抓住 转变 准 着力 着眼 自觉 自身 自我 自愿 综合国力 总结 总体 走 走向 组成部分 组织 做到 做好 作出 作为 作用 
---- Cluster id #40 ----
Size: 138
奥地利 班 保健 暴露 倍 拨 拨款 不足 部 藏 场所 朝 初中 出版 处于 穿 传 纯收入 达 大家庭 大小 丹麦 当地 得出 地 地理 顶 佛教 服装 妇女 各类 攻击 公民 共有 固定 归 罕见 汉 好评 黄金 基建 级 继 价 监狱 建成 交付 教 节日 今 近年来 经 景象 境内 旧 开办 科 可观 课题 拉萨 累计 列为 流行 论 每 每周 免费 民间 内地 年代 年均 盘 平方米 瓶 起点 权利 全国性 全区 人均 人口 人力 人权 人士 设有 省市 使用 世 首要 受灾 所 特大 特殊 通讯 同一 统计 网络 卫生 文字 西藏 习惯 现有 县 县长 享有 消灭 信仰 修复 悬挂 学术 严寒 医疗 医生 医学 遗产 以来 议论 影片 优惠 语言 原始 遭受 占有 整理 政 证实 支援 指责 中期 中央政府 撰写 状况 自由 自治区 自主 宗教 罪犯 尊重 座 
---- Cluster id #41 ----
Size: 23
本地 春耕 公顷 黄淮 结合 抗旱 科教 良种 龙头 绿色 面积 农科教 农业部 实用 水源 水准 统筹 推广 小麦 载体 证书 支撑 专利 
---- Cluster id #42 ----
Size: 18
爱尔兰 版 报刊 报纸 北爱 布莱尔 订 各方 和谈 警方 两地 南北 男女 女性 亲 缺 时报 图书馆 
---- Cluster id #43 ----
Size: 68
白色 保卫 背 边防 冰箱 部队 菜 仓库 产 称赞 创 大门 大棚 单一 诞生 东北部 恶劣 盖 高原 公斤 官兵 灌溉 海拔 寒冷 洪水 基地 纪录 艰苦创业 艰辛 结 军区 科龙 领 们 亩 农场 农科院 农业 旁 培训班 气温 全场 啥 摄氏度 射击 设想 生物 示范 蔬菜 太空 挑 停留 头 土 武警 鱼 玉米 月 栽 栽培 植物 种植 种子 重 株 猪 驻军 足够 
---- Cluster id #44 ----
Size: 116
Ａ 阿 阿尔及利亚 澳 巴基斯坦 半岛 贝宁 本报 表示 差异 大臣 大使 大使馆 抵达 定期 对话 多极化 访华 访问 非洲 夫人 感 感到 感谢 高层 高兴 关系 广阔 国 国旗 国务 浩田 荷 荷兰 合作 互访 互利 欢迎 会谈 会晤 伙伴 见面 建交 建设性 交换 介绍 经贸 看法 来访 来华 琳 领域 卢森堡 莫 莫桑比克 南非 内政 欧 欧盟 陪同 鹏 频繁 其琛 签字 前景 潜力 热烈 摄 世贸 首相 书面 双边 双方 谈 探讨 图片 外交部 外交部长 外经贸部 为期 卫生部 问候 西欧 相互 相信 协作 谢里夫 新华 信任 兴趣 亚 亚洲 也门 一行 一致 仪式 意 意大利 迎接 有助于 有着 友好 友协 友谊 援助 愿 愿意 赞赏 增进 正式 祝贺 祝愿 驻 驻华 转达 卓有成效 
---- Cluster id #45 ----
Size: 77
把 帮 笔者 产值 长途 车 陈旧 楚政 床 大地 典型 冬 奋战 份 锋 奉献 扶 扶贫 富 根 孤儿 姑娘 好事 号召 划 换 患 火车站 挤 家乡 脚 姐妹 进 举 军人 扣 拉 来到 老伴 雷 里 利税 民兵 某部 奶奶 爬 彭 企业家 亲人 青年 穷 热心 人生 如同 盛 事迹 双 睡 司令员 似 趟 脱贫致富 碗 湘西 乡亲 祥和 学 养 养猪 涌现 用品 云龙 运河 这块 住 仔细 足 
---- Cluster id #46 ----
Size: 221
爱国 爱护 榜样 宝贵 被动 别人 冰 病 不顾 才能 长 长征 彻底 成立 崇高 初 初期 出色 传达 此后 促成 打开 大桥 担负 担任 诞辰 党 党内 党中央 到 德 得知 第一线 典范 调 度过 锻炼 队 恩来 发动 风范 复杂 高尚 告别 革命家 根据地 工人阶级 公仆 公认 贡献 共产党 共产党员 共产主义 共和国 关怀 国民党 果断 海军 合影 后 华北 恢复 回顾 极端 急 记得 坚定 艰苦 艰难 将军 交谈 接触 杰出 解放 尽 精力 境界 敬爱 久 看 抗日 肯定 苦 老一辈 离开 历程 了解 领导人 领导者 领袖 留给 留下 隆重 路上 旅 率领 毛 缅怀 民主党派 哪里 那里 那样 那种 南京 难忘 内外 排除 朋友 批示 品格 品质 期间 起到 前后 前线 青 倾听 全军 全世界 让 日子 如此 善于 身 身边 身份 深厚 胜利 师 时 时间 时刻 事 事件 事情 说 岁月 所属 他 他们 谈话 天安门 同志 统一战线 统战 统战部 投身 突然 退 挖掘 外出 顽强 忘记 位 文化大革命 我 无产阶级 无限 西安 西北 牺牲 细致 下来 先生 详细 想象 协助 心情 心血 信念 休息 业绩 一起 一生 以后 赢得 幽默 忧 愉快 运动 遭到 早 泽东 战斗 战役 战友 站 照顾 这样 真诚 真理 真实 争取 政权 知识分子 之后 之际 之一 之中 直到 指挥 指示 智慧 中间 中央军委 中医 中医药 忠实 种种 周 主持 著名 卓越 资产阶级 自己 总政治部 走过 最后 左 做 崛起 
---- Cluster id #47 ----
Size: 96
安全 案件 颁布 暴力 爆炸 财产 差 呈 惩处 承包 处罚 错 打击 当事人 递增 调节 毒品 队伍 发明 发票 法官 法院 犯罪分子 方略 房地产 干警 干扰 公平 公约 公正 够 航运 合法 合同 贿赂 家庭 件 建新 解释 金额 禁毒 纠纷 可靠 劳动者 类 类型 力气 迈 每年 民事 难度 宁波 判处 赔偿 平均 破坏 抢劫 权益 全新 人民法院 上升 涉及 审理 审判 售 数额 司 司法 诉讼 随意 损害 同类 头脑 危害 维护 委托 效果 性质 严打 严厉 严肃 严重 用人 有力 增大 增多 支 知识产权 执行 致使 制 秩序 治安 中级 宗旨 最高 
---- Cluster id #48 ----
Size: 63
彼此 部分 潮流 大陆 大业 当局 对方 繁荣 分离 分裂 各 共建 共同 光辉 海内外 海峡 和平 互助 回应 佳节 加深 加速 交流 结成 局部 两岸 领土 民众 民族 凝聚力 平等 区域 融合 商谈 少数民族 深远 势力 所谓 台湾 谈判 同胞 统一 团结 完整 往来 务实 希望 现状 心愿 兄弟 一国两制 愿望 赞同 造福 中华民族 重申 主权 主张 状态 自治 自治县 自治州 祖国 
---- Cluster id #49 ----
Size: 49
北约 本国 波罗的海 倡议 成员国 大国 独联体 俄 俄罗斯 访 各国 各自 构想 哈 湖 火箭 吉 据说 扩 冷战 理事会 联盟 谋求 欧洲 签署 切尔诺梅尔金 渗透 首脑 守 条约 维和 乌 乌克兰 西方 宪章 削弱 协定 演习 叶利钦 一体化 伊朗 伊斯兰 引人注目 油气 舆论 元首 争夺 中亚 总产值 
---- Cluster id #50 ----
Size: 57
变动 步入 承诺 出路 刺激 促使 等级 低 定价 放松 干预 高速 供给 供求 后果 缓解 回落 获取 加剧 价格 经营者 买方 农产品 徘徊 泡沫 膨胀 偏 平衡 强劲 趋 热 商家 商品 上涨 失业 适用 停产 通货膨胀 通胀 统计局 投机 物价 下滑 显然 相反 消费者 需求 虚假 抑制 预计 原因 运行 章 涨幅 正 正常 总 
---- Cluster id #51 ----
Size: 103
保障 补充 常委会 常务 长官 程序 惩治 充实 抽查 筹备 代表 代表大会 地方 督促 法 法规 法律 法制 法治 繁重 赋予 附 改进 共计 规范 规则 规章制度 国家机关 候选人 环保 换届 汇报 基本法 急需 季度 纪云 监督 检查 接待 借鉴 决定 框架 老年人 立法 立足 力求 每次 难点 其余 起草 权力 权威 热点 人大 人大代表 人民 任命 任期 日常 设立 审议 实施 实效 使命 适合 市场经济 授权 特别 提请 听取 外国 污染 宪法 香港 信访 行使 行政 行政区 修订 修改 选举 选民 依据 议案 议会 有关 有益 原有 灾 针对性 征求 正当 职权 职责 执法 制定 治国 中华人民共和国 诸 主办 专门 组成 遵循 
---- Cluster id #52 ----
Size: 123
包装 避孕 玻璃 采用 彩色 测试 插 大型 地位 电厂 电信 电子 独资 短 发射 防 辐射 服务业 高档 高效 工 工艺 管制 光 含 航天 毫米 黑 化肥 化工 基因 机械 机组 激光 技术 计算机 加工 检验 轿车 接 精 井 开发 抗 空中 控股 矿 立方米 连接 码头 煤 煤炭 敏感 摩托车 年产 农 农药 品种 普通 期货 汽车 千瓦 人工 认证 容量 沙漠 摄影 设备 设计 生产 生产线 输 水电 水果 水泥 饲料 塑料 隧道 特有 天然 通信 同步 铜 透 脱 外商 卫星 相关 新型 性能 畜 循环 养殖 药品 药物 医药 仪 仪器 以上 以下 应用 用 优 优良 邮电 油田 有机 原料 允许 占 珍贵 纸 致 制品 制造 制作 中方 中药 主导 专用 装置 咨询 综合 
---- Cluster id #53 ----
Size: 46
被告 病人 波 窗口 此案 大庆 等 地上 电话 儿子 夫妻 父亲 告 歌 隔 孩子 贺卡 患者 回家 家里 民 拿 农历 女儿 钱 全家 上学 生日 时尚 收 手里 首 思念 送礼 投诉 完 药 一等奖 医院 展出 丈夫 这家 真情 值 子 子女 
---- Cluster id #54 ----
Size: 42
比重 表 从事 从业 单位 地区 东 东部 法人 分布 耕地 公报 划分 结果 居委会 快速 劳动 辆 林业 末 年龄 批发 普查 人数 人员 如下 社区 数 数据 数量 台 西部 吸纳 小型 以外 营业 拥有 占地 镇 中部 总量 总数 
---- Cluster id #55 ----
Size: 42
并非 补贴 菜篮子 产销 长工 出售 创办 大中城市 抵押 典礼 房 福利 副食品 工资 供应 购 光荣 即 建房 角 教职工 乐 例 每个 每月 平原 肉 商品房 实物 使得 市场化 享受 消费 小区 需 职工 中等 住房 住宅 装备 租 阻碍 
---- Cluster id #56 ----
Size: 52
巴金 笔 编 不幸 差别 成 传播 传媒 带有 导演 电影 反响 改编 感觉 毁 激动 激发 集 角度 角色 节奏 精彩 可能性 老虎 理 描写 某 难免 闹 弄 拍摄 圈 群体 热闹 上面 深度 熟悉 思维 玩 文学 洗 小说 写 写作 新兴 页 以为 影视 诱惑 阅读 知名 作家 
---- Cluster id #57 ----
Size: 36
阿拉法特 巴 巴勒斯坦 撤军 冲突 辞职 打破 度 方案 分歧 华盛顿 进程 抗议 克林顿 恐怖 库克 黎 黎巴嫩 南部 难民 内阁 内塔尼亚胡 前夕 士兵 西岸 协议 叙利亚 耶路撒冷 以 以色列 印 犹太人 约旦河 之前 直升机 中东 
---- Cluster id #58 ----
Size: 39
巴黎 背后 比如 冰雪 出来 大道 大树 掉 东西 断 对象 风光 感情 感人 港元 高低 故乡 杭州 后者 画 画家 江南 看出 棵 留学 美术 拍卖 平安 烧 生命 树 它们 外国人 喜欢 血 咱 扎 中国画 自然 
---- Cluster id #59 ----
Size: 71
阿根廷 北方 变成 尝试 乘 筹措 筹集 春运 地处 东方 短缺 对 飞 飞机 飞行 广 广州 航班 航空 航线 沪 货 货物 机场 季节 架 津 京 九 卡 开通 客车 客运 空 昆明 扩建 蓝天 列 列车 临时 旅客 麻烦 每人 每天 民航 南方 票 棋 签 人次 荣获 神 首都 售票 探亲 提 铁道部 通道 线 小姐 小时 选 涌 逾 运输 运营 增收 增至 折 总局 租赁 
---- Cluster id #60 ----
Size: 44
白酒 包含 杯 北风 比 拆 城市 德国 雕塑 公共 公众 喝 和谐 甲醇 假 教堂 街道 酒 聚集 空间 垃圾 类似 马克 模式 某种 哪个 内涵 啤酒 铺 三角洲 山西 山西省 市中心 填 投 挖 屋 显得 之外 中毒 周围 主题 装 总书记 
---- Cluster id #61 ----
Size: 41
爱国主义 保护 参观 档案 抵御 对口 革命 工会 工作者 鼓舞 规划 后人 激励 记录 纪念 纪念馆 建筑 精品 经费 课堂 烈士 马列主义 民政部 气氛 抢救 青少年 社会效益 神圣 师生 收藏 贴近 维修 文化部 文物 文献 勇敢 赞助 责任感 展览 庄严 最佳 
---- Cluster id #62 ----
Size: 43
ＶＣＤ 便宜 彩电 查获 厂家 传输 此举 大雨 盗版 电视 电视机 多媒体 份额 光盘 广播 国产 海关 画面 辉煌 激烈 家电 降价 接收 节目 快乐 厘米 名牌 模拟 品牌 屏幕 取代 软件 室内 数字 同样 图像 推出 网 下乡 信号 占据 转向 走私 
---- Cluster id #63 ----
Size: 27
表彰 长足 承办 打电话 大学生 代表性 动手 对此 分类 福州 沟通 获悉 技能 奖 揭晓 经济学 培训 评选 热情 提案 团中央 外来 务工青年 校 辛勤 优秀 致以 
---- Cluster id #64 ----
Size: 50
表演 场 大师 风格 感慨 歌舞团 个性 观看 观众 国家级 轰动 虎踞 华侨 华人 话剧 京剧 剧目 剧团 剧院 乐观 迈向 门口 陌生 年会 上演 社团 声 生动 替代 舞 舞蹈 舞台 喜爱 戏 戏剧 献身 象征 新人 研究会 演 演出 演员 一流 艺术 艺术家 艺术团 院 至关重要 钟山 字 
---- Cluster id #65 ----
Size: 55
澳门 闭幕 表决 波兰 布赫 参加 草案 次 大会 当选 发言 非公有制 负责人 甘肃 港 工商联 光亚 光英 贵鲜 国权 会场 会议 家华 届 开幕 两会 鲁丽 名单 乔 全国 全体 人选 石 手机 特区 提名 铁木尔・达瓦买提 通过 委员 委员会 伟长 选票 议程 圆满 酝酿 掌声 兆国 正英 知名人士 中共中央 主持人 主席台 主席团 组 孚凌 
---- Cluster id #66 ----
Size: 179
白 柏林 薄 毕 斌 兵 蔡 藏族 曹 查 常 朝鲜族 陈 程 迟 川 崔 戴 单 丁 董 杜 段 范 方 费 冯 傅 刚 高 葛 龚 古 谷 顾 关 关根 官 管 贵 郭 海南省 韩 何 贺 洪 侯 胡 虎 华 华夏 黄 回族 霍 季 家宝 贾 健 建华 姜 蒋 杰 解 金 锦华 晋 菊 俊 康 克 孔 兰 李 力 梁 亮 廖 林 刘 柳 龙 楼 卢 鲁 路 陆 吕 罗 马 满族 梅 蒙古族 孟 苗 苗族 敏 明 名 聂 宁 牛 女 平 齐 迁 秦 庆林 曲 全有 群 邵 申 沈 胜 史 舒 松 宋 孙 谭 汤 唐 涛 陶 田 土家族 万 万年 汪 王 韦 维吾尔族 伟 魏 温 文 闻 吴 武 席 夏 向 肖 谢 星 熊 徐 许 薛 严 阎 杨 扬 姚 叶 彝族 易 毅 尹 游 于 余 俞 袁 跃 云 云南省 曾 张 赵 浙江省 郑 志 忠诚 钟 朱 祝 壮族 邹 
---- Cluster id #67 ----
Size: 100
啊 百姓 波恩 不错 不见 不知 灿烂 创汇 打下 大家 当 道 道理 地球 端 多少 发出 番 翻 返回 放心 钢琴 给 功 顾客 国企 过去 海上 寒风 句 堪称 颗 口 拉开 来临 蓝 老板 利润 连 绿 棉花 牧民 难 你 您 农家 牌 捧 片 拼搏 葡萄 前 清晰 上来 上任 剩下 世人 双手 水 说话 太阳 天 天空 听到 听说 停 同事 同行 童 望 文章 乌鲁木齐 喜 想法 响 销 笑 新疆 匈牙利 选拔 呀 眼 阳光 爷爷 衣服 艺术品 意思 油 员工 远 怎么 招 震 志成 珠江 主人 自豪 总经理 坐 帷幕 
---- Cluster id #68 ----
Size: 42
采购 产业化 成果 船 船舶 到底 短短 高中 攻关 集装箱 检测 建造 节省 具备 科研 空白 临 论文 满足 漂亮 桥梁 清华 缺少 深圳市 视察 试验 缩短 托 系统 系统工程 型 学校 研制 验收 依托 造 招标 周期 专家 转化 转换 岚清 
---- Cluster id #69 ----
Size: 16
埃及 北部 残疾人 儿童 挂 合肥 家长 街 街头 开罗 冷空气 门前 食品 苏丹 特困 旨在 
---- Cluster id #70 ----
Size: 50
安排 编制 财力 财税 财政 超 超过 呈现 赤字 大于 得益 低于 抵 负担 高于 关税 国内外 好转 减免 减少 进口 开支 累 力度 粮食 弥补 其中 欠 庆 确保 生产总值 适度从紧 收入 收支 税收 税务 完成 相应 消化 预期 预算 元 增长 增幅 增加 债务 征收 支出 转移 自律 
---- Cluster id #71 ----
Size: 78
案 不够 材料 查办 待 逮捕 罚 法庭 犯罪 分工 该 公安 公安部 管辖 规定 会见 机关 检察 检察院 鉴定 结论 居住 举报 可以 理由 立案 律师 秘密 判决 聘请 期限 起诉 侵犯 轻 取 权 入 上述 涉嫌 审查 省级 时健 事实 是否 释放 收到 收集 收取 受理 属于 说明 思卿 随 贪污 提起 通知 同意 为由 未能 嫌疑人 刑法 刑事 刑事诉讼法 姓名 询问 烟 延长 一体 应当 在场 侦查 证据 证明 职务 指 罪 渎职 褚 
---- Cluster id #72 ----
Size: 28
搬 播出 电视剧 电视台 房间 功夫 故居 汉年 核 核电站 潘 全方位 认可 色彩 少奇 社 深感 塑造 线索 形象 性格 依旧 犹如 右 雨 再现 战线 这部 
---- Cluster id #73 ----
Size: 38
长沙 车辆 承担 闯 大队 倒 公安局 机动车 加重 监控 交警 交通 接到 劳动模范 民警 怕 牌子 认定 伤 事故 市区 司机 死亡 停车 违章 现场 心态 行人 巡警 责任 真相 支队 治疗 中队 中小学生 抓获 撞 追 
---- Cluster id #74 ----
Size: 70
吧 八一队 炒 吃饭 搭 答应 大姐 带 代表团 对付 顿 饭店 分钟 赶 跟 跟着 狗不理 回 记忆 家属 见 结婚 开会 客人 肯 啦 联邦 了 吗 忙 那时 耐心 你们 乒乓球 前来 亲切 请 庆祝 球 去 人家 荣 上班 深受 声音 视为 送给 踢 团长 推荐 晚 忘 为何 文革 想 想起 小伙子 新年伊始 冶金 毅仁 应邀 赢 有人 召集 真 知道 中南海 周年 着 总理 
---- Cluster id #75 ----
Size: 94
比利时 必然 参政议政 茶话会 阐述 出访 出席 打假 大局 党派 调查 调研 对外 儿女 发表 反映 防火 风貌 服从 赴 纲要 稿 各界 古巴 规范化 汗水 宏伟 呼吁 华清 环 活跃 建议 江 讲话 交往 锦涛 举行 开幕式 开拓 看望 考察 科技界 列入 履行 率 论坛 民工 宁夏 强有力 侨胞 青海 日程 入手 瑞典 瑞环 瑞士 森林 商 深切 水土 讨论 题 团体 拓展 希腊 掀起 协商 新鲜 兴 畜牧业 选平 研讨 研讨会 演讲 邀请 议题 与会 泽民 展望 章程 召开 政协 政治 职能 制订 制度化 智利 驻地 专题 做出 作 座谈 座谈会 F基 
