---- Cluster id #1 ----
Size: 88
北部 北约 本国 本轮 比分 冰球 波黑 波罗的海 传销 大国 党建 得以 独联体 俄 访 各国 各自 国际象棋 哈 湖 虎踞 滑雪 吉 甲Ａ 江淮 教练 锦标赛 决赛 冷空气 理事会 联盟 辽宁队 卢布 鸣 名人战 某种 男篮 男排 女排 棋手 气象台 签署 强劲 球队 塞拉利昂 赛 赛季 渗透 世界杯 世界纪录 手机 水浒传 苏丹 速滑 条约 万达队 网球 维和 乌 乌克兰 武术 舞剧 西方 削弱 小到中雨 亚军 演习 一体化 伊朗 伊斯兰 忧虑 油气 有待 预赛 元首 征文 争 争夺 正 致力 中国队 中亚 钟山 主场 主教练 阻碍 妍 昊 
---- Cluster id #2 ----
Size: 29
采用 彩电 传输 此举 大雨 地处 电视 电视机 多媒体 覆盖 广播 杭州 画面 接收 节目 结婚 看好 厘米 模拟 屏幕 清晰 取代 数字 图像 网 卫星 下乡 乡镇 信号 
---- Cluster id #3 ----
Size: 129
班 保健 倍 表演 拨 拨款 不足 部 财力 藏 册 场所 城镇 处于 传 纯收入 达 当地 档案 得出 地 地理 顶 儿童 丰富多彩 佛教 妇女 各类 公民 公顷 共有 归 汉 河 黄金 获得 基建 继 价 监狱 建成 交付 教 街头 节日 今 近年来 经 经典 境内 旧 可观 课题 拉萨 累计 辆 列为 流行 论 每 每周 免费 民间 年代 年均 盘 平方米 瓶 权利 全国性 全区 人次 人均 人士 设有 省市 使用 世 首要 受灾 私人 所 特殊 通讯 同一 统计 网络 卫生 西藏 习惯 现有 县 县长 享有 消灭 校 信仰 兴建 修复 悬挂 学术 严寒 医疗 医学 遗产 议论 印 影片 拥有 原始 占有 整理 政 证实 支援 中部 中期 中央政府 撰写 状况 资助 自由 自治区 自主 宗教 总数 罪犯 尊重 座 
---- Cluster id #4 ----
Size: 41
云 避孕 筹措 出生 达标 动手 防治 各地 公园 公众 关闭 淮河 环保 环保局 环境 计划生育 加剧 接 紧 空气 流域 绿色 排放 牌 欠 清洁 人口 生态 省区 受益 算 为主 污染 下决心 削减 一把手 账 指数 质量 治理 抓紧 
---- Cluster id #5 ----
Size: 112
安排 百分点 比例 编制 变化 财政 拆借 长期以来 超 呈现 赤字 筹资 刺激 促使 存 存款 大于 贷款 担 得益 等级 低于 调控 兑换 防范 风险 幅度 负债 该行 高于 工具 供求 固定资产 挂钩 关税 回落 基本建设 机构 监管 减少 降低 金融 金融业 进口 居民 开支 客户 控制 来源 理顺 利率 粮食 零售 买方 弥补 名义 平衡 其中 趋 取消 全年 商业 上涨 生产总值 失业率 适度从紧 试点 收购 收回 收入 收支 通货膨胀 通胀 投放 完成 物价 下调 下滑 下降 现金 现行 限额 相反 项目 消费品 新增 信贷 信用 行长 需求 以内 抑制 银行 用于 预定 预算 元 造林 增 增长 增长率 增幅 增加 债务 涨幅 这次 政策性 支出 准备金 准备金率 资金 总量 
---- Cluster id #6 ----
Size: 61
白色 遍 长城 春 春风 此时 动 动人 感动 感染 攻 海口 海南 回报 惠芬 激情 家人 间 惊人 觉得 军营 拉 乐观 历时 联手 练 冒 梦 评论 奇迹 墙 人间 弱 试 手术 她 抬 躺 题写 天地 天下 舞 舞台 县城 响起 欣赏 演出 演奏 一代 遗憾 艺术家 意志 音乐会 圆 酝酿 扎 这时 知 重返 助 闵 
---- Cluster id #7 ----
Size: 66
Ａ 阿根廷 包袱 变动 不如 尝试 成本 筹集 出去 出于 代价 等于 东方 多元化 飞机 飞行 费用 分工 钢铁 功能 规模 国家队 航空 合并 合资 回升 机场 机会 集团 架 看来 可能 扩张 蓝天 浪潮 例如 垄断 民航 纽带 偏 热 食品 收益 数量 无法 限度 限制 销售 销售额 行列 选 业务 盈利 运转 占据 政府部门 值得 指明 专业化 赚 资产 子 总部 总书记 组合 做法 
---- Cluster id #8 ----
Size: 99
阿 阿尔及利亚 巴基斯坦 半岛 贝宁 表示 乘 大臣 大会堂 大使 大使馆 大中 抵达 定期 对话 多极化 访问 夫人 富有 感到 感谢 高层 高兴 国 国旗 国务 荷 荷兰 合作 互访 互利 欢迎 会谈 伙伴 建交 建设性 交换 介绍 经贸 看法 科索沃 来访 琳 领域 卢森堡 贸易 莫 莫桑比克 南非 欧 欧盟 欧洲 陪同 鹏 频繁 其琛 企业家 签字 钱 前景 潜力 切尔诺梅尔金 热烈 摄 首相 双边 双方 探讨 图片 外交部 外交部长 外经贸部 卫生部 问候 西欧 相互 相信 谢里夫 兴趣 亚 也门 仪式 意 意大利 有着 友好 友协 友谊 愿 赞赏 造福 正式 祝贺 祝愿 驻 驻华 转达 卓有成效 总局 
---- Cluster id #9 ----
Size: 165
啊 爱 爱心 冰雪 病 伯伯 采访 参观 出 穿 传达 此事 错 大地 带 到 得知 度过 顿 翻 房子 飞 分钟 幅 父亲 负责人 赶到 感受 告 告别 告诉 歌声 给 关怀 官僚主义 话 怀 怀念 坏 回来 记 记得 家里 家乡 见 将军 交谈 叫 接到 接见 尽 净化 俱乐部 看 看出 看看 快乐 里 了 令 留下 罗马尼亚 忙 缅怀 民主党派 名字 那么 那时 那天 南京 难忘 你 你们 弄 女士 朋友 批示 乒乓球 前 亲切 亲人 亲属 轻松 情 请 去 去世 全家 让 人格 人群 身上 身体 深切 时 时刻 什么 事 书法 说 思念 送 他们 天 天安门 听 听到 听说 统一战线 统战 统战部 托 外出 晚 望 忘 忘记 微笑 伟人 位 慰问 文革 我 无限 西安 西北 先生 显得 献 想 想到 笑 些 新村 心 心里 心情 心中 幸福 眼睛 样子 冶金 一派 印象 颖超 永恒 有人 怎么 照顾 照片 知道 知名人士 之后 之际 指示 致 中毒 中国画 周 住 仔细 字 总理 最后 魅力 
---- Cluster id #10 ----
Size: 30
便宜 财税 乘客 窗口 打电话 杜绝 改 高峰 公平 航班 航线 缓 减免 利于 票 签 确实 失学 税 税收 税务 探亲 停留 享受 优惠 折 征收 治 中西部 转 
---- Cluster id #11 ----
Size: 34
澳大利亚 报刊 病毒 丛书 订 读者 封 海外 汉语 华人 焦点 来信 另 媒体 每天 普通话 权威 人民日报 商务 上网 时报 实用 书面 网上 文字 消息 写道 新闻 因特网 用户 语言 阅读 职业道德 中文 
---- Cluster id #12 ----
Size: 30
笔 菜 炒 吃 倒 饭 故事 官 汉城 虎 回 鸡 佳 看见 描绘 啤酒 平安 棋 取 尚 少年 升 司 汤 碗 象征 也 迎春 鱼 制作 
---- Cluster id #13 ----
Size: 40
比重 产权 产值 成分 持 创 促 大胆 大连 大厦 单一 福州 工 公益 公有制 骨干 股 股份 股份合作制 冠军 集体经济 江苏 利税 南昌 盘活 融合 山区 商场 商厦 生命力 所有制 乡村 乡镇企业 协作 兴办 徐州 有限 有限公司 中小企业 总产值 
---- Cluster id #14 ----
Size: 52
边境 波兰 传递 等待 对抗 恶化 反应 访华 感 高级 公报 固定 关系 轰动 华 回忆 会晤 柬埔寨 见面 来自 离 利 临近 轮 蒙古 敏感 莫斯科 企图 日期 身份 声明 实质 使馆 守 司长 苏 苏联 谈 谈话 特使 突然 推 外长 消除 新任 愿意 越 越南 障碍 正常 正常化 着手 
---- Cluster id #15 ----
Size: 59
背景 变革 表现 常州 超越 沉重 创作 独特 多样化 发掘 反响 氛围 关注 话题 讲究 揭示 景观 刊物 可喜 栏目 理性 灵魂 名将 名人 年轻 浓 品位 期待 情感 取胜 群体 人生 散文 商 深 时尚 试图 收获 书画 思考 塑造 题材 痛苦 推出 显 显示 现实 现实主义 性格 寻找 营造 崭新 展示 诸如 专栏 姿态 尊严 作品 作者 
---- Cluster id #16 ----
Size: 37
澳 澳门 颁奖 长官 大楼 发言 繁荣 风暴 风波 港 构想 官员 过渡 贺电 回归 基本法 驾驭 建华 交接 两地 两会 美好 内地 年会 平稳 社长 世贸 事务 特区 为首 香港 信心 亚洲 一国两制 战胜 珠海 主持人 
---- Cluster id #17 ----
Size: 90
表决 补充 草案 常委会 常务 程序 惩治 充实 抽查 筹备 大会 代表 代表大会 地方 督促 法 法规 法律 法制 法治 改进 共计 规范 规则 规章制度 国家机关 候选人 划分 换届 汇报 急需 季度 纪云 检查 借鉴 居委会 决定 框架 立法 力求 每次 难点 拟 其余 起草 热点 人大 人大代表 人选 任命 任期 日常 设立 审议 实施 实效 适合 市场经济 授权 特别 提名 提请 听取 委员会 宪法 信访 行使 行政区 修订 修改 选出 选举 依据 议案 议会 有益 原有 灾 针对性 征求 正当 职权 制定 中华人民共和国 主办 主席团 注册 专门 组成 遵循 
---- Cluster id #18 ----
Size: 94
安装 办事 本人 表率 宾馆 不正之风 不准 查处 出台 处分 党风 党性 党员 党政 党政机关 电话 斗争 遏制 反 反腐倡廉 分子 腐败 负 干部 公款 狠抓 会计 机 集资 纪检 纪律 纪委 监察 坚决 艰苦奋斗 健行 奖金 接待 金钱 紧密 考验 浪费 礼品 立 廉洁自律 廉政 漏洞 蔓延 配备 评议 强化 清理 庆典 权力 全会 容易 上级 奢侈浪费 审计 实体 收费 受贿 土壤 外 外地 违法 违规 违纪 位置 尉 行为 严格 严禁 一级 移动 有序 娱乐 源头 造 责任制 赠送 制约 制止 抓好 专项 追究 准则 着重 自 自觉性 综合治理 钻研 遵守 作风 
---- Cluster id #19 ----
Size: 73
奔 不错 不怕 尝 充满 大学生 多少 返回 姑娘 谷 观看 过来 过去 喊 合影 季节 井 块 蓝 劳动模范 连 楼房 绿 门前 棉花 目光 年龄 农家 农垦 旁 片 飘 拼搏 葡萄 前来 情景 全新 上来 生机 市区 树 数 岁月 太阳 挑 透 围 位于 乌鲁木齐 响 辛苦 新疆 心声 匈牙利 选拔 阳光 一行 迎 迎接 迎来 涌 幽默 犹如 油 远 摘 招 这块 震 主人 追 走访 坐 
---- Cluster id #20 ----
Size: 27
本身 博物馆 侧面 长远 超出 大师 单纯 对立 规律 忽视 京剧 具 剧目 里面 论述 迈向 难免 内在 社团 审美 使得 双重 腿 文艺 形 真实 自觉 
---- Cluster id #21 ----
Size: 51
搬 策划 传来 抵制 东北 对付 夺 翻译 放弃 奋战 风采 风范 感情 海上 浩田 回到 会场 家具 开阔 开幕式 康 空 来华 兰州 联络 留 南斯拉夫 派 配 平静 侵略 清除 秋 热心 深厚 跳 我党 我军 伍 袭击 校园 修权 严谨 赞扬 早期 战场 重 重任 子女 自愿 总参谋长 
---- Cluster id #22 ----
Size: 168
Ｄ 班长 办公室 办公厅 北京 北京大学 北京市 毕业 博士 部长 参加 常委 常务委员 厂 厂长 车间 成员 冲击 出任 处长 大学 代理 当选 党委 党校 党组 地委 东亚 董事长 队长 分局 福建 福建省 副 干事 工程师 工商 工商联 工业部 工作组 共青团 顾问 管理局 广东 广东省 广州 国防部 国务委员 哈尔滨 汉族 黑龙江 黑龙江省 红旗 红十字会 湖北 湖北省 湖南 湖南省 华南 华侨 化学 会长 获 吉林 吉林省 计委 加入 兼 教授 届 经理 局 局长 军分区 科长 科学院 联合会 辽宁 辽宁省 留学 伦敦 煤矿 秘书 秘书长 民革 民主党 名誉 男 内蒙古 纽约 迫害 其间 清华大学 全国 任 日内瓦 山东 陕西 上海 上海市 上将 沈阳 生 省 省长 省委 省政府 实业 市长 市委 受 书记 书记处 数学 水利部 四川 四川省 所长 天津 天津市 铁路局 外事 委员 委员长 系 厦门 县委 校长 协会 学位 学习 学院 研究生 研究室 研究所 研究员 研究院 业余 议员 游泳 院 院长 院士 浙江 政法 政委 政治部 政治局 职 职员 中共 中共中央 中华 中学 中央 中央委员 州 主编 主任 主任委员 主席 助理 住院 总队 总工会 总会 组长 组织部 
---- Cluster id #23 ----
Size: 34
包 病人 堆 发出 风 感觉 隔 古老 光明 寒冷 患者 火 急 佳节 家中 饺子 渴望 冷 妈妈 美丽 那 那个 那些 生命 添 通道 外面 温暖 温馨 喜欢 想起 言 意外 治疗 
---- Cluster id #24 ----
Size: 38
巴金 北大 本届 编 编辑 采购 场地 出版 出版社 出版物 盗版 读 读书 非法 该书 功夫 光盘 汉年 后人 画家 加拿大 加元 见解 精美 经济学 鲁迅 民营 日记 书 书店 书籍 图书 文章 问世 页 依旧 以为 这部 
---- Cluster id #25 ----
Size: 22
ＶＣＤ 办事处 厂家 城区 丢 份额 广告 国产 国家级 级 家电 降价 街道 经济林 咖啡 开发区 品牌 区 社区 统计局 县政府 知名 
---- Cluster id #26 ----
Size: 34
此次 大道 大选 丹麦 党派 东盟 对此 国大党 国王 红色 回国 获胜 击败 角逐 竞选 拉那烈 领先 麻烦 曼谷 能否 请求 人民党 上届 席 席位 相似 宣布 选民 选票 印度 盈余 阵线 政党 政局 
---- Cluster id #27 ----
Size: 44
爱国主义 保存 保护 查获 抵御 妇联 革命 工会 工作者 规划 激励 记录 纪念 纪念馆 建筑 精品 经费 课堂 烈士 民政部 纳入 气氛 抢救 青少年 热爱 社会效益 神圣 师生 室内 收藏 特有 贴近 统筹 维修 文化部 文物 文献 赞助 责任感 展出 展览 志愿 庄严 最佳 
---- Cluster id #28 ----
Size: 45
报 称 春云 单位 地震 发生 房屋 防震 负责 给予 工程 构成 火灾 监测 减灾 紧急 救济 救灾 救助 捐 捐助 抗震救灾 扩建 母亲 其他 抢险 人民政府 丧失 伤亡 损失 物品 物资 县级 相应 新建 行政 引发 有关 预报 预测 灾害 灾区 造成 张北 重建 
---- Cluster id #29 ----
Size: 109
本质 比较 标志 表达 别的 别国 不可 成熟 创立 创造性 错误 道路 得 邓 邓小平理论 地域 定位 东西 动摇 发达 飞跃 丰富 否定 富强 概括 纲领 搞 个别 共产党 共产党人 共识 观察 观点 还要 回答 集体 继承 建国 讲 教训 阶段 经历 经受 救 卷 决心 科学 口号 牢记 理论 历史 历史性 马克思 马克思主义 马列主义 毛泽东思想 面 命运 谋 判断 评价 旗帜 前进 前列 前途 清楚 清醒 全党 确立 确认 人物 认识 三中全会 社会主义 生产力 失误 十四大 时代 时候 实践 逝世 所在 它 套 特色 特征 脱离 完整 唯一 为什么 伟大 系列 鲜明 小平 以后 勇气 原理 载 造就 怎样 哲学 这个 正是 郑重 之下 中国 中山 著作 资本主义 
---- Cluster id #30 ----
Size: 50
办公 不便 差距 长江 出租车 都市 更新 广场 交给 捐款 竣工 开工 库区 老百姓 媒介 门 面貌 民心 难题 凝聚 贫困县 起步 企业界 前所未有 全市 人心 任职 三峡 上游 市民 市政府 思路 脱贫 屋 相比 形象 修建 移民 优美 运营 召集 振奋 之内 直辖市 值班 指挥部 中外 重庆 重庆市 主 
---- Cluster id #31 ----
Size: 58
背 边防 变成 产 朝 春运 大棚 对 夺得 恶劣 盖 高速 高原 公斤 公里 官兵 广 海拔 罕见 沪 基地 纪录 结 津 京 九 军区 卡 开通 客车 客运 空白 快速 列车 临时 领 旅客 们 米 徘徊 气温 上演 摄氏度 神 售票 蔬菜 提 铁道部 土 线 小时 玉米 栽 栽培 种植 种子 株 足够 
---- Cluster id #32 ----
Size: 45
办理 保值 不满 财政部 持有 储蓄 答 到期 兑付 发行 方便 付 公布 购买 古典 国债 计 计算 加 节 结算 开始 利息 满 哪些 年利率 凭证式 期 上门 深圳 诗 诗歌 诗人 事宜 提案 提前 提问 网点 问 讯 以前 营业 邮政 遇 债券 
---- Cluster id #33 ----
Size: 23
传真 大桥 带有 东京 对策 高中 基因 居 桥 桥本 桥梁 苏哈托 同类 外国 雅加达 一等奖 印度尼西亚 印尼 印尼盾 援助 这家 致以 专家 
---- Cluster id #34 ----
Size: 53
安徽 安徽省 编者按 变 财务 陈旧 村 村干部 村里 村民 村委会 村务公开 大事 党支部 电价 干群 高低 供电 公开 管 河北 后面 呼声 怀疑 基层 降 交 郊区 困扰 龙头 乱 满意 明白 农村 农户 农民 盼 前面 全村 全省 全县 上访 甚 说法 投票 推行 县里 乡 咱 这项 阵地 整顿 致富 
---- Cluster id #35 ----
Size: 22
比如 表彰 称号 成长 纲要 高潮 高度 技能 奖 奖励 领会 评选 人才 人事 人事部 深度 授予 挑选 脱颖而出 下功夫 选手 优秀 
---- Cluster id #36 ----
Size: 65
安置 帮 本领 笔者 编者 残疾人 长途 车 车站 出路 串 创业 分流 锋 奉献 服务 该厂 干 岗 岗位 工人 弘扬 换 活 火车站 姐妹 就业 开业 劳务 雷 门路 某部 女工 牌子 派出所 培训 青年 热情 上岗 社 生意 师傅 失业 事迹 市 首都 送给 她们 团中央 外来 武汉市 务工青年 吸纳 下岗 祥和 新风 新人 学 再现 找 挣 职工 职业 志愿者 中心 
---- Cluster id #37 ----
Size: 35
冰箱 不良 产量 成都 此前 大藏省 担保 倒闭 电器 跌 动作 果断 缓慢 回收 会员 获奖 巨额 科龙 拉开 论证 秒 宁 起点 迁 日本 日元 视野 输出 台 停产 同样 投产 稳 意味着 债权 
---- Cluster id #38 ----
Size: 40
服务队 歌舞团 广西 海南省 合肥 河北省 河南省 火车 江苏省 江西省 剧团 剧院 科教 科委 科协 昆 老区 南 宁夏 农科院 青海 荣获 三下乡 山东省 山西省 陕西省 深圳市 太原 铁路 图书馆 团长 宣传部 沿线 医院 艺术团 银 云南省 浙江省 中医 中医药 
---- Cluster id #39 ----
Size: 38
拜年 博览会 打破 登 电视台 夺冠 份 服装 歌 歌曲 歌舞 观众 揭晓 扣 联欢 留学生 明星 南宁 南宁市 年年 浓郁 女性 气息 庆祝 色彩 少儿 设计师 首 双拥 晚会 舞蹈 戏曲 相声 演 演唱 演员 邮票 展现 
---- Cluster id #40 ----
Size: 44
背后 被告 别人 初中 此案 等 儿子 夫妻 父母 过 孩子 喝 贺卡 花钱 回家 回去 寄 家长 经过 刊登 老伴 老人 老师 磊 买 拿 奶奶 女儿 上学 生日 收 手里 送礼 岁 同学 退休 完 小事 信 一家 丈夫 真情 值 资 
---- Cluster id #41 ----
Size: 31
爱护 变为 待 导弹 懂得 分析 改造 干涉 感人 工人阶级 估计 鼓舞 阶级 敬爱 看待 另外 倾向 设想 视为 水库 提到 吸收 信任 学会 赞成 战线 真诚 知识分子 中间 资产阶级 自我 
---- Cluster id #42 ----
Size: 70
败 保卫 爆发 部队 朝鲜 称赞 持久 出色 打 担负 诞生 到达 锻炼 夺取 封锁 国防 海军 核 洪水 红军 后勤 解放军 进攻 经济基础 军 军队 军事 军委 抗日战争 空军 旅 命令 篇 迫使 全军 人民军队 人人 认清 射击 生涯 师 时期 司令员 所属 谈判 题词 团 文选 武警 武装 消极 训练 研制 院校 占领 战 战斗 战斗力 战术 战役 战争 支 指挥 中央军委 忠诚 子弟兵 自力更生 总政治部 组建 作战 
---- Cluster id #43 ----
Size: 24
草原 动物 动物园 短短 法案 非洲 故乡 接近 镜头 据说 科特迪瓦 枚 农场 全场 啥 生长 水稻 它们 西非 野生 引人注目 营养 这里 只 
---- Cluster id #44 ----
Size: 40
包含 彼此 长期 大家庭 地区 东部 对方 对口 分离 分裂 各 各族 功 共建 光辉 互助 花园 滑 加速 结成 经济社会 民族 凝聚力 平等 迫切 妻子 强大 区域 少数民族 时健 铁木尔・达瓦买提 团结 烟 云南 至关重要 中华民族 自治 自治县 自治州 褚 
---- Cluster id #45 ----
Size: 28
班子 词 过硬 海信 呼唤 获悉 经贸委 考核 可贵 可谓 理解 领导班子 领导者 那里 启示 青岛 荣誉 谁 思 挖掘 硬 勇敢 用人 员工 在于 智慧 状态 自律 
---- Cluster id #46 ----
Size: 69
把 帮扶 楚政 床 歹徒 带领 刀 地上 电台 冬 断 分行 扶 扶贫 富 根 孤儿 挂 过年 户 划 患 挤 建房 脚 进 举 军人 刻苦 啦 来到 立足 连队 脸上 玲 流 民兵 男子 爬 彭 贫困 贫困户 评为 破 青春 穷 邱 如同 双 似 趟 特困 特困户 头 脱贫致富 温饱 鲜花 湘西 乡亲 血 养猪 夜 英雄 逾 镇 阵阵 只见 猪 足 
---- Cluster id #47 ----
Size: 65
案 百姓 办案 爆炸 本次 不够 查办 打击 毒品 队伍 发票 罚 犯罪 赋予 干警 环节 贿赂 机关 及时 监督 检察 检察长 解释 禁毒 纠正 举报 开展 恐怖 立案 力气 判决 培训班 配合 破坏 起诉 抢劫 轻 人员 认真 上下 涉嫌 审查 省级 释放 受理 思卿 贪污 提起 危害 线索 刑法 刑事 性质 一体 预防 整体 整治 正气 职务 职责 执法 治国 走私 罪 渎职 
---- Cluster id #48 ----
Size: 41
北方 比 仓库 草 草地 打工 当中 该县 高产 攻关 灌溉 贵州 国土 江西 林业 流失 面积 名列 亩 幕 南方 农业部 拍卖 人均收入 认可 试验 水利 水土 水准 踏 细 小型 兴奋 畜 畜牧业 养 优质 增收 植物 中科院 种 
---- Cluster id #49 ----
Size: 49
奥委会 奥运会 产业化 长野 成果 持续 大赛 大众 到底 革新 海关 货物 集装箱 检测 健身 建造 教练员 金牌 科研 可 篮球 联赛 良性 论文 满足 谋求 排球 清华 球员 缺少 赛场 赛事 缩短 体委 体育 系统 系统工程 协调 循环 依托 与会者 圆满 运动员 遭 这么 诸 转化 自然 组委会 
---- Cluster id #50 ----
Size: 49
参赛 层层 城 承诺 打假 大街 到位 店 防 工商局 狗不理 购物 顾客 柜台 好事 好转 活动 货 假 假货 假冒伪劣 竞赛 老板 联 门口 热水器 商标 商店 商家 商品 实 实实在在 实事 事物 贴 听众 同 投诉 为何 无 消费者 信誉 虚假 验收 引 载体 扎扎实实 真 中宣部 
---- Cluster id #51 ----
Size: 38
标准 并非 补 补贴 出售 大中城市 抵押 对象 发放 方案 房 分 分配 福利 个人 工资 购 还 货币 建 角 教职工 乐 例 每个 每月 商品房 实物 市场化 显然 现任 消费 小区 需 支付 住房 住宅 租 
---- Cluster id #52 ----
Size: 168
白 毕 斌 兵 波 布赫 蔡 藏族 曹 查 常 朝鲜族 陈 程 迟 川 崔 戴 单 丁 董 杜 段 范 方 费 冯 傅 刚 高 葛 龚 古 顾 关 光英 贵 贵鲜 郭 韩 贺 洪 侯 胡 华夏 黄 回族 霍 季 贾 健 姜 蒋 杰 解 金 锦华 晋 菊 俊 克 孔 兰 李 力 梁 亮 廖 林 刘 柳 龙 楼 卢 鲁 陆 吕 罗 马 满族 梅 蒙古族 孟 苗 苗族 敏 明 名 墨 聂 牛 女 潘 平 齐 秦 庆 庆林 曲 全有 群 邵 申 沈 胜 施 史 舒 松 宋 孙 谭 唐 涛 陶 田 土家族 万 万年 汪 王 韦 维吾尔族 伟 魏 温 文 闻 吴 武 夏 宪章 向 肖 谢 星 熊 徐 许 薛 严 阎 杨 扬 姚 叶 彝族 易 毅 尹 勇 游 于 余 俞 袁 跃 曾 张 赵 郑 志 钟 朱 祝 壮族 邹 缪 
---- Cluster id #53 ----
Size: 50
百富勤 边界 表 波音 初步 船 大 大小 动态 港元 公司 韩国 衡量 互补 集团公司 家 兼并 简单 江南 接轨 进出口 进入 距离 跨 宽 亏损 联合 连续 美元 排 排名 评 其 强 如此 实力 世界 视 数据 速度 通用 围棋 下属 相当 一样 预计 杂志 真正 周刊 总公司 
---- Cluster id #54 ----
Size: 65
办学 毕业生 弊端 编写 不行 部分 部委 财经 成人 出国 从业 代 待遇 电脑 封闭 该校 高等 高等教育 高考 高校 国家教委 国民 合格 基金会 疾病 教材 教师 教学 教育 据悉 课 课程 理想 面向 年级 培养 普及 普通 齐全 缺乏 人 人们 人文 融入 上去 设置 什么样 素质 文化 西部 西南 小学 新加坡 心理 学科 学生 学校 眼光 优先 招生 中等 中小学 重复 专业 岚清 
---- Cluster id #55 ----
Size: 129
阿拉伯 阿盟 阿齐兹 埃及 安理会 安南 奥尔布赖特 巴格达 巴黎 白宫 抱 报道 备忘录 本报 避免 布鲁塞尔 场 常任 常驻 成员国 此间 磋商 达成 打算 大规模 担心 德国 地点 电 调解 冬奥会 动武 动用 俄罗斯 发布会 发言人 法国 反对 否认 符 各方 关切 国防部长 国务卿 果 海湾 号 核查 和平 后果 缓解 记者 加紧 结束 解除 紧张 谨慎 警告 救援 局势 拒绝 决议 开罗 科恩 科尔 科威特 克林顿 扩 理事国 立场 联合国 罗马 美 美国 美军 美联社 穆巴拉克 派出 普里马科夫 前往 谴责 认为 萨达姆 艘 态度 特委会 通报 透露 突尼斯 途径 土耳其 推迟 外交 外交大臣 威胁 危机 危险 斡旋 武力 武器 西班牙 希拉克 希望 销毁 小组 协议 新华社 新闻界 行 行动 寻求 叶利钦 伊 伊拉克 议长 英 英国 约旦 招待会 之前 旨在 制裁 重申 主权 主张 准备 总统 总统府 最新 
---- Cluster id #56 ----
Size: 81
颁发 办法 保留 本 部门 采矿 采矿权 层 出资 处 登记 地面 地下 电力 发布 罚款 范围 供 公告 管理 国务院 会同 减 缴纳 开采 勘查 跨越 款 矿产 领取 绿化 没收 免 名称 内 年度 批准 平方公里 评估 起 器材 签订 情节 权限 日 设施 申请 审批 施工 手续 探矿权 特定 提交 天然气 条 条例 铁 停止 图 违反 文件 限期 线路 消防 许可证 延伸 延续 以外 义务 予以 原 暂行 责令 招标 主管 转让 资格 资料 资源 最低 作业 
---- Cluster id #57 ----
Size: 38
吧 八一队 比赛 边 倡议 吃饭 搭 答应 大姐 代表团 饭店 夫妇 跟 跟着 记忆 客人 联邦 吗 庞大 球 人家 荣 上班 上任 声音 盛 踢 推荐 喜悦 小伙子 新年伊始 毅仁 赢 云龙 运河 中南海 着 足球 
---- Cluster id #58 ----
Size: 40
本地 长春 长工 储量 创办 大庆 地质 典礼 发现 工厂 供应 光彩 光荣 何 华北 艰苦 精力 开会 勘探 利比亚 欧佩克 品质 平原 普查 亲 清 深感 石油 实验室 桶 为由 委内瑞拉 献身 用品 油田 原油 张家口 找到 直至 装备 
---- Cluster id #59 ----
Size: 51
巴西 白酒 北风 比索 贬值 出口 储备 导致 道德 东南亚 动荡 短期 兑 多利 菲律宾 股市 官方 哈佛 合 汇率 甲醇 经常 竞争力 酒 克隆 拉美 礼貌 流入 墨西哥 泡沫 人民币 山西 实验 收盘 顺差 泰国 投机 投向 外汇 外贸 外债 外资 吸取 细胞 下跌 效应 羊 依赖 银行业 隐患 至 
---- Cluster id #60 ----
Size: 123
爱国 榜样 宝贵 不顾 才能 参与 长 长征 彻底 成立 崇高 初 初期 出来 处在 创建 促成 打开 担任 诞辰 党内 党中央 德 典范 调 恩来 犯 复杂 高尚 革命家 公仆 共产主义 共和国 国民党 后 恢复 极端 坚定 艰难 艰辛 接触 杰出 解放 境界 久 抗战 老一辈 离开 历程 领导人 领袖 隆重 路上 毛 美德 面前 哪里 那样 那种 内外 内心 念头 偶然 排除 批评 品格 期间 千方百计 前后 前线 青 倾听 善于 身 身边 深情 胜利 失 失败 事件 事情 他 替代 同志 投身 退 文化大革命 无产阶级 牺牲 细致 下来 详细 想象 协助 辛勤 心血 信念 休息 修养 业绩 一起 一生 依然 拥护 忧 遭到 早 泽东 战友 站 这样 真理 争取 政治家 之一 之中 直到 忠实 主持 著名 卓越 走过 左 
---- Cluster id #61 ----
Size: 108
版 包装 玻璃 彩色 测试 插 船舶 地位 电厂 电子 独资 短 吨 发电 辐射 服务业 港口 高档 高速公路 高效 工艺 公路 管制 光 含 毫米 核电站 化肥 化工 机械 机组 激光 计算机 加工 检验 轿车 节水 精 开发 抗 空中 控股 矿 立方米 连接 良种 码头 煤 煤炭 摩托车 年产 农 农药 配套 品种 期货 汽车 千瓦 认证 容量 摄影 设备 设计 生产 生产线 输 水电 水泥 饲料 塑料 隧道 天然 通信 同步 铜 外商 相关 新型 型 性能 养殖 药 药品 药物 医药 仪 仪器 以上 以下 用 优 邮电 原料 允许 运输 占 珍贵 纸 制品 制造 中方 中药 主导 专利 专用 装置 咨询 综合 
---- Cluster id #62 ----
Size: 106
Ｂ 布局 菜篮子 产品 产销 超过 充足 存量 大型 大中型 带动 导向 低 调整 短缺 对外贸易 放开 分开 分散 扶持 副食品 富余 改制 改组 搞活 格局 供给 鼓励 股份制 国外 国有 邯钢 含量 合理 活力 机电 机制 积累 激烈 计划经济 加快 减员增效 节约 结构 经济效益 经营 境外 竞争 快 力争 连锁 量 灵活 流通 路子 盲目 名牌 内部 扭亏 农副产品 培育 配置 膨胀 批发 破产 浦东 企业 全方位 融资 肉 适度 市场 手段 水果 投入 投资 外部 小 效率 效益 行业 选择 迅速 压力 要素 引进 优化 优势 原因 约束 运行 运作 增添 增值 战略性 政企 支柱 中介 注入 转换 转向 壮大 追求 资本 资本金 总额 
---- Cluster id #63 ----
Size: 48
差别 差异 成 传播 传媒 大门 导演 灯 电视剧 电影 改编 沟通 激动 激发 集 角度 角色 节奏 精彩 可能性 老虎 理 描写 某 闹 拍 拍摄 跑 圈 热闹 上面 熟悉 思维 提醒 玩 文学 物 洗 戏剧 小说 写 写作 新兴 艺术 影视 诱惑 最终 作家 
---- Cluster id #64 ----
Size: 39
档次 掉 锭 纺织 非 分布 付出 工业 攻坚战 过度 济南 截至 解困 净 举措 昆明 困境 离退休 落后 难得 启动 契机 抢 敲 生产能力 升级 示范 淘汰 突破口 退出 武汉 陷入 压 压锭 压缩 沿海 增至 郑州 重组 
---- Cluster id #65 ----
Size: 41
报警 步入 长沙 车辆 承担 闯 大队 公安局 河南 机动车 加重 监控 交警 交通 警察 警方 民警 怕 认定 伤 失去 事故 司机 死亡 停车 违章 现场 心态 行人 巡警 一流 右 责任 真相 支队 直升机 中队 中小学生 抓获 撞 自行车 
---- Cluster id #66 ----
Size: 19
保 保险 报名 干旱 欢乐 黄淮 家庭 抗旱 科 老年人 陌生 社会化 石家庄 水源 推销 小麦 养老 医生 占地 
---- Cluster id #67 ----
Size: 31
拆 城市 雕塑 风格 该市 公共 和谐 话剧 环 街 聚集 空间 垃圾 类似 美术 模式 哪个 内涵 铺 三角洲 深受 市中心 挖 希腊 喜爱 戏 心灵 有机 之外 主题 装 
---- Cluster id #68 ----
Size: 130
比利时 闭幕 必然 参政议政 茶话会 阐述 承办 出访 出席 次 大局 大陆 大业 代表性 当局 调查 调研 对外 儿女 发表 防火 服从 赴 甘肃 稿 各界 古巴 光亚 规范化 国权 海内外 海峡 汗水 好评 号召 宏伟 呼吁 华清 回应 会议 活跃 加深 建议 江 讲话 交流 交往 锦涛 举行 开幕 开拓 看望 考察 两岸 列入 鲁丽 履行 率 论坛 马来西亚 迈 民工 民众 挪威 强有力 乔 侨胞 全体 日程 入手 瑞典 瑞环 瑞士 森林 商谈 深远 石 台湾 讨论 题 通过 同胞 统一 团体 拓展 往来 伟长 务实 希望工程 现状 向前 协商 新鲜 心愿 兴 选平 研讨 研讨会 演讲 邀请 议程 议题 应邀 与会 愿望 赞同 泽民 增进 展望 章程 兆国 正英 政协 政治 职能 制订 制度化 智利 周年 主席台 驻地 专题 祖国 组 做出 作 座谈 座谈会 孚凌 F基 
---- Cluster id #69 ----
Size: 28
爱尔兰 爱好者 奥地利 北爱 布莱尔 大厅 当做 电信 风情 歌剧 个性 华为 技巧 讲述 乐团 南北 年轻人 农历 全世界 声 维也纳 喜庆 音乐 营销 掌声 证书 祝福 崛起 
---- Cluster id #70 ----
Size: 64
伴随 被动 财富 操作 产业 创新 到来 第三产业 动力 发达国家 发明 发展中国家 分为 附加值 改变 概念 赶 高新技术 获取 机器 即 技术 价值 进步 具备 科技 科技界 科教兴国 科普 科学技术 劳动者 论断 迈进 面临 能源 农科教 蓬勃 期刊 前沿 求 趋势 取决于 全球化 人工 人类 人力 软件 生存 生物 世纪之交 挑战 消化 信息 兴起 迅猛 应用 原材料 支撑 知识 知识经济 之上 智力 周期 走向 
---- Cluster id #71 ----
Size: 78
不得 材料 撤销 处罚 大户 逮捕 定价 法定 法庭 防伪 该 干预 公安 公安部 股东 股票 挂牌 管辖 规定 会见 基金 价格 检察院 简称 鉴定 交易 交易所 结论 经营者 居住 开设 可以 理由 联网 列 律师 买卖 秘密 名单 披露 聘请 期限 区别 权 入 上市 上述 申报 事实 是否 适用 收到 收集 收取 属于 随 通知 同意 投资者 委托 未能 嫌疑人 刑事诉讼法 姓名 询问 延长 应当 营业部 在场 章 账户 侦查 证监会 证据 证明 证券 指 指定 
---- Cluster id #72 ----
Size: 452
安定 把握 摆 摆脱 办 邦国 帮助 包括 薄弱 保持 保障 保证 报告 必要 表明 不好 不利 不同 不懈 步 步伐 步骤 部署 采取 参考 层次 产生 倡导 城乡 成功 成绩 成就 成为 成效 程度 承受 充分 初级阶段 出发 出现 处理 传统 创造 此 促进 存在 措施 达到 带来 带头 党 得到 点 典型 奠定 调动 定 独立 独立自主 对待 对外开放 多 发 发挥 发扬 发展 繁重 反映 方法 方面 方式 方向 方针 防止 放 放松 放在 非公有制 分类 奋斗 丰收 风气 符合 负担 富裕 附 改革 改善 高举 搞好 个 个体 各个 各级 各位 各项 各种 根本 根本性 耕地 工作 攻坚 公务员 巩固 贡献 共同 关根 关键 关心 观念 贯彻 广大 广泛 广阔 轨道 国际 国家 国民经济 国内 国内外 国情 过程 好 核心 宏观 化解 还有 黄河 回顾 会 混乱 基本 基础 机遇 积极 积极性 极大 集中 计划 继续 家宝 家华 加大 加强 加以 坚持 坚持不懈 坚定不移 坚强 坚实 肩负 艰巨 艰苦创业 减轻 健康 健全 建立 建设 接受 阶层 结果 结合 解放思想 解决 进行 进展 近 精简 精神 精神文明 精心 经济 经验 警惕 局部 局面 举办 举世瞩目 巨大 具体 具有 决策 开创 开放 开拓进取 看到 考虑 靠 克服 客观 肯定 困难 扩大 来 劳动力 牢固 老 利益 利用 力度 力量 联系 良好 了解 领导 领土 流动 路线 落实 迈出 矛盾 没有 密切 面对 民主 明确 明显 模范 末 某些 目标 目的 内容 能 能够 能力 年 农产品 农田 农业 努力 批 贫穷 平凡 普遍 期望 起到 起来 前提 强调 强烈 切实 倾斜 情况 渠道 取得 全 全局 全面 全民 全心全意 确保 确定 群众 群众性 人民 人数 任何 任务 如 如何 上 少 社会 设 深化 深刻 深入 生产资料 生活 十五大 时机 时间 实际 实事求是 实现 实行 使 使命 世纪 事业 势头 是 适当 适时 适应 视察 收成 受到 树立 水平 水资源 顺利 说明 思想 私营 缩小 所有 台阶 态势 探索 特点 提倡 提出 提高 提供 体会 体系 体现 体制 条件 铁映 通货膨胀率 同时 突出 突破 推动 推广 推进 推向 妥善 拓宽 完全 完善 围绕 为 维护 文明 稳定 稳妥 稳中求进 问题 我国 我们 物质 物质文明 下 下去 先进 显著 现代化 项 小康 新 形成 形式 形势 需要 宣传 学者 研究 要 要求 一般 一定 一切 一致 依靠 以来 意见 意识 意义 意愿 因地制宜 因素 引导 引起 应 应该 应有 赢得 影响 涌现 勇于 优良 有 有的 有利 有利于 有力 有所 有效 有些 有助于 舆论 遇到 原则 运用 增产 增长点 增强 扎实 展开 战略 召开 者 这 这些 这种 振兴 整个 正确 政策 政府 支持 之 之间 直接 植树 指标 指出 指导 指引 只能 制度 中 种种 重大 重点 重视 重要 重要性 周边 主动 主观 主体 主要 注意 注重 抓 抓住 转变 转移 准 准确 着力 着眼 自己 自身 综合国力 总 总结 总体 走 组成部分 组织 做 做到 做好 作出 作为 作用 
---- Cluster id #73 ----
Size: 46
场面 唱 大雪 抵 第一线 房间 纷纷 感慨 故居 黑 家园 捐赠 抗灾 肯 连日来 脸 粮 路 牧民 那曲 难关 缺 热潮 热线 日子 烧 少奇 手 手中 睡 特大 通 掀起 兄弟 修 雪 雪灾 医疗队 衣服 雨 运 灾民 灾情 战士 帐篷 自救 
---- Cluster id #74 ----
Size: 42
称为 冲 大树 队 队员 敢 敢于 豪华 好像 红 花 画 荒山 劲 京城 开 棵 苦 落 卖 没 牡丹 哪 呢 女子 塞 散 山 时节 属 死 厅 献给 香 像 延安 移 云 在 照 这儿 正好 
---- Cluster id #75 ----
Size: 74
安全 案件 颁布 暴力 财产 差 呈 惩处 承包 当事人 递增 调节 懂 法官 法人 法院 犯罪分子 方略 房地产 干扰 公约 公正 够 航运 合法 合同 件 建新 金额 纠纷 考试 可靠 劳动 类 类型 每年 民事 难度 宁波 判处 赔偿 平均 权益 人民法院 如下 上升 涉及 审理 审判 售 数额 司法 诉讼 随意 损害 头脑 效果 协定 严打 严厉 严肃 严重 增大 增多 知识产权 执行 致使 制 秩序 治安 中级 宗旨 租赁 最高 
---- Cluster id #76 ----
Size: 66
报纸 杯 波恩 不见 不惜 不知 灿烂 创汇 此后 打下 大家 当 道 道理 端 对手 番 放心 风景 赶来 钢琴 国企 寒风 后者 怀着 辉煌 借 句 颗 口 来临 利润 临 难 您 捧 漂亮 生动 剩下 世人 双手 说话 掏 天空 停 同事 同行 童 投 脱 喜 想法 销 小姐 呀 眼 爷爷 艺术品 意思 原来 展 志成 珠江 自豪 总经理 帷幕 
---- Cluster id #77 ----
Size: 39
北 表面 冰 吹 大海 大气 地球 东 度 厄尔尼诺 发射 附近 海 海洋 航天 火箭 科学家 扩展 命名 南极 暖 气 气候 气象 全球 热带 上空 深处 首席 水 太空 太平洋 天气 为期 西 现象 响应 月 月球 
---- Cluster id #78 ----
Size: 22
柏林 播出 长足 岛 东北部 繁华 菲 风光 风貌 工地 教堂 景象 旅游 旅游业 马克 马尼拉 沙漠 吸引 游客 游人 愉快 总裁 
---- Cluster id #79 ----
Size: 59
阿拉法特 巴 巴勒斯坦 暴露 潮流 撤军 承认 冲突 辞职 从事 分歧 攻击 公认 国会 好处 和谈 华盛顿 家属 价值观 进程 禁止 抗议 库克 冷战 黎 黎巴嫩 南部 男女 难民 内阁 内塔尼亚胡 内政 其它 前夕 侵犯 人权 士兵 事实上 首脑 受伤 所谓 他人 外国人 西岸 相同 消耗 叙利亚 宣言 研究会 耶路撒冷 以 以色列 犹太人 预期 约旦河 珍惜 执政 指责 中东 
---- Cluster id #80 ----
Size: 53
安 薄 不幸 策略 春耕 村庄 党组织 敌人 底 动员 发动 发起 根据地 共产党员 毁 汇 机关干部 节省 借助 军民 开办 开辟 堪称 抗日 空前 累 留给 率领 每人 民 耐心 情绪 日报 势力 填 土地 拖 顽强 维持 新华 雄厚 学员 严峻 应付 踊跃 誉为 运动 遭受 掌握 政权 周围 驻军 子文 
