---- Cluster id #1 ----
Size: 75
奥委会 帮助 比分 变动 别人 波音 传销 党建 动物园 多利 歌声 个体 工人 狗不理 顾客 挂 柜台 国际象棋 互助 华为 黄淮 火箭 货 加元 角度 教练员 阶层 借 剧目 咖啡 篮球 冷空气 联赛 辽宁队 另 流动 南极 男篮 男排 女排 欧佩克 排球 牌子 气象台 青年 球队 球员 群体 塞拉利昂 赛季 身份 生意 手机 水准 水浒传 私营 司 苏丹 特征 团中央 万达队 网球 武术 舞剧 务工青年 西非 小到中雨 一等奖 移 有人 征文 之外 志愿者 主场 主教练 
---- Cluster id #2 ----
Size: 23
报刊 场地 答 大户 发行 方便 挂牌 基金 简称 交易所 开设 刊登 联网 买卖 区别 上网 深圳 问 讯 账户 证监会 只 资格 
---- Cluster id #3 ----
Size: 118
包装 玻璃 采用 彩色 测试 插 出版物 船舶 地位 电厂 电子 动物 独资 短 吨 辐射 服务业 港口 高档 高效 工业 工艺 光 广告 含 航天 毫米 化肥 化工 基因 机械 机组 激光 集装箱 计算机 加工 检测 检验 交通 轿车 接近 禁止 精 开发 空中 控股 矿 立方米 连接 良种 旅游 码头 煤 煤炭 摩托车 年产 农 农药 配套 批发 品种 普通 期货 千瓦 认证 容量 沙漠 摄影 设备 设计 生产 生产线 输 水电 水果 水泥 饲料 塑料 隧道 天然 通信 同步 外商 系统 相关 新型 型 性能 养殖 药 药品 药物 医药 仪 仪器 以上 以下 用 优 邮电 原料 允许 运输 占 珍贵 纸 致 制品 制造 制作 中方 中药 主导 专利 专用 装置 咨询 综合 
---- Cluster id #4 ----
Size: 33
百富勤 撤销 代理 担 电脑 杜绝 防伪 港元 股 股东 股票 国企 回报 会员 驾驭 交易 据悉 卢布 泡沫 披露 上市 社团 申报 提醒 投机 投资 投资者 委托 营业部 运作 证券 指定 只能 
---- Cluster id #5 ----
Size: 89
安装 办事 本领 本人 表率 宾馆 不正之风 不准 查处 出台 处分 党风 党性 党员 党政 党政机关 电话 斗争 对策 遏制 反 反腐倡廉 腐败 负 干部 公款 狠抓 会计 机 集资 纪检 纪律 纪委 监察 坚决 艰苦奋斗 减轻 健全 健行 紧密 考验 礼品 立 廉洁自律 廉政 落实 蔓延 配备 评议 强化 清理 庆典 全会 奢侈浪费 审计 实体 收费 土壤 外地 违反 违规 违纪 位置 尉 严格 严禁 一级 有序 娱乐 预防 源头 造 责任 责任制 赠送 制约 制止 治理 重要性 抓好 专项 追究 准则 着重 自 自觉性 综合治理 钻研 作风 
---- Cluster id #6 ----
Size: 32
报警 称号 乘客 歹徒 刀 告诉 喊 记 郊区 刻苦 连队 脸 脸上 玲 美丽 幕 派出所 票 评为 签 青春 邱 司机 掏 停车 围 鲜花 巡警 英雄 战士 折 抓获 
---- Cluster id #7 ----
Size: 59
安 办事处 薄 补 不幸 策略 春 春耕 大队 党组织 敌人 底 订 动员 发动 发起 根据地 工 共产党员 毁 汇 艰苦 节省 借助 军民 开办 开辟 堪称 抗日 抗战 累 留给 率领 民 模范 耐心 弄 情绪 日报 填 土地 退 拖 顽强 维持 新华 雄厚 严峻 依托 应付 踊跃 勇敢 运动 扎 掌握 政权 驻军 撰写 子文 
---- Cluster id #8 ----
Size: 38
北 吹 大气 地球 点 东 度 厄尔尼诺 菲律宾 分类 附近 告 股市 海洋 回升 开工 科学家 伦敦 纽约 暖 气 气候 气象 全球 热带 上空 时报 收盘 首席 死亡 太平洋 天气 通货膨胀率 西 现象 响应 预测 指数 
---- Cluster id #9 ----
Size: 86
Ｄ 阿 阿尔及利亚 巴基斯坦 贝宁 表示 大臣 大会堂 大使 大使馆 大中 抵达 定期 访问 非洲 夫人 富有 感到 感谢 高层 高兴 国 国旗 荷 荷兰 合作 互访 互利 欢迎 会见 会谈 建交 建设性 交换 介绍 经贸 看法 来访 来华 琳 领域 卢森堡 莫 莫桑比克 南非 陪同 鹏 频繁 其琛 签字 钱 潜力 热烈 摄 首相 书面 双边 双方 探讨 图片 外交部 外交部长 外经贸部 为期 卫生部 问候 相互 相信 谢里夫 兴趣 也门 仪式 意 议长 有着 友好 友谊 愿 赞赏 正式 祝贺 祝愿 驻 驻华 转达 卓有成效 
---- Cluster id #10 ----
Size: 41
安全 标志 不得 仓库 从事 单位 地面 地下 电力 发电 个人 核电站 奖励 距离 跨越 扩建 垃圾 绿化 内 器材 桥梁 任何 如下 射击 设施 生长 施工 水库 所在 条例 物品 线路 消防 新建 兴建 延伸 移动 应 植物 周围 作业 
---- Cluster id #11 ----
Size: 24
车辆 公园 患者 机动车 家长 节奏 净化 空气 辆 门口 跑 汽车 入 啥 随意 投诉 外来 望 为何 享受 小事 隐患 游人 自行车 
---- Cluster id #12 ----
Size: 76
案件 颁布 暴力 财产 差 呈 惩处 承包 错 当事人 递增 调节 懂 法官 法院 犯罪分子 方略 房地产 干扰 公约 公正 够 航运 合法 合同 家庭 加重 件 建新 金额 纠纷 可靠 来信 劳动 类 类型 迈 每年 民事 难度 宁波 判处 赔偿 平均 破坏 前所未有 权益 人民法院 上升 涉及 审理 审判 售 数额 司法 诉讼 头脑 维护 效果 严打 严厉 严肃 严重 增大 增多 支 知识产权 执行 致使 制 秩序 治安 中级 中外 宗旨 最高 
---- Cluster id #13 ----
Size: 62
颁发 办法 保留 本 部门 采矿 采矿权 出资 储量 处 登记 地质 发布 范围 供 公告 构成 管理 国务院 会同 减 缴纳 开采 勘查 勘探 矿产 领取 免 名称 年度 平方公里 评估 起 签订 日 申请 审批 石油 手续 探矿权 特定 提交 天然气 铁 停止 投入 图 文件 限期 许可证 延续 以外 义务 予以 原 暂行 招标 主管 转让 资料 资源 最低 
---- Cluster id #14 ----
Size: 24
版 部分 传播 大树 对象 该书 哈佛 奖 经典 经济学 卷 棵 课题 理性 平安 视为 树 愉快 再现 展现 哲学 这里 值 著作 
---- Cluster id #15 ----
Size: 47
边境 传递 对抗 反应 访华 感 高级 公报 固定 关系 黑 轰动 华 回忆 会晤 柬埔寨 见面 来自 离 利 临近 罗马尼亚 蒙古 敏感 契机 日期 设想 实质 使馆 司长 苏 苏联 谈 谈话 特使 同 突然 推 外长 消除 新任 愿意 越 越南 障碍 正常化 着手 
---- Cluster id #16 ----
Size: 44
背 被告 边防 菜 产 大门 大棚 恶劣 盖 高原 公斤 官兵 海拔 寒冷 基地 激发 纪录 艰辛 结 军分区 军区 空白 领 们 难题 偏 气温 摄氏度 蔬菜 缩短 停留 头 土 退出 现场 玉米 栽 栽培 种植 种子 重 株 猪 足够 
---- Cluster id #17 ----
Size: 51
北大 边界 表 冰箱 常州 初步 船 大 大庆 电器 动作 韩国 衡量 互补 集团公司 家 简单 江南 接轨 进入 科龙 跨 宽 亏损 联合 连续 论证 美元 宁 排 排名 评 其 强 升 实力 世界 视 书画 数 数据 速度 台 淘汰 下属 相当 一样 杂志 真正 周刊 总公司 
---- Cluster id #18 ----
Size: 42
本轮 斌 参赛 词 单一 段 过硬 海信 呼唤 竞赛 可谓 磊 理解 领导班子 领导者 轮 名人战 那里 盘 棋 棋手 启示 青岛 取胜 人民日报 赛 赛事 深圳市 挖掘 围棋 硬 用人 预赛 员工 在于 遭 战胜 争 主办 子 自律 昊 
---- Cluster id #19 ----
Size: 35
北约 波罗的海 倡议 大国 岛 多极化 俄 俄罗斯 访 伙伴 俱乐部 科尔 扩 冷战 理事会 莫斯科 谋求 欧洲 签署 切尔诺梅尔金 渗透 首脑 守 条约 乌 乌克兰 宪章 削减 协定 协作 信任 宣布 叶利钦 引人注目 舆论 
---- Cluster id #20 ----
Size: 83
表决 常委会 常务 长官 程序 惩治 充实 抽查 筹备 代表 代表大会 督促 法 法规 法律 法制 法治 方案 附 改进 共计 规范 规则 国家机关 候选人 划分 换届 汇报 基本法 季度 纪云 检查 借鉴 决定 框架 老年人 立法 立足 力求 每次 难点 拟 其余 起草 权力 权威 热点 人大 人大代表 任命 任期 日常 设立 审议 实施 市场经济 授权 特别 特区 提请 体育 宪法 香港 信访 行使 行政区 修改 选出 选举 依据 议案 议会 有益 原有 灾 征求 正当 职权 制定 中华人民共和国 专门 组成 遵循 
---- Cluster id #21 ----
Size: 51
拜年 步骤 长远 潮流 大陆 大业 当局 对此 分离 分裂 构想 光荣 海内外 海峡 和平 华人 回应 寄 加深 交流 进程 两岸 领土 民众 企图 商谈 深远 势力 所谓 台湾 谈判 同胞 统一 完整 往来 务实 希望 现状 心愿 一国两制 愿望 赞同 造福 政局 重申 主权 主张 状态 总书记 祖国 阻碍 
---- Cluster id #22 ----
Size: 42
云 保护 本地 避孕 持续 出生 达标 动手 防治 高峰 各地 公众 花钱 淮河 环保 环保局 环境 计划生育 接 紧 经济林 可 力气 良性 流域 绿色 满足 排放 人口 生态 省区 算 污染 下决心 消耗 辛勤 循环 一把手 中南海 诸 抓紧 自然 
---- Cluster id #23 ----
Size: 36
比较 标准 表达 成分 地域 定位 分析 否定 共产党人 共识 建国 阶级 经历 救 历史 历史性 领袖 毛 念头 偶然 评价 倾向 人物 套 唯一 相同 以前 拥护 原理 造就 泽东 正是 之内 直至 中山 左 
---- Cluster id #24 ----
Size: 34
吧 八一队 吃饭 答应 大姐 代表团 对付 饭店 夫妇 夫妻 赶 跟 跟着 记忆 交警 客人 联邦 吗 民警 球 人家 荣 上班 上任 声音 踢 推荐 违章 小伙子 新年伊始 毅仁 赢 支队 足球 
---- Cluster id #25 ----
Size: 48
榜样 包含 彼此 必然 差距 长期 打下 大家庭 地区 东部 懂得 锻炼 对方 对口 繁荣 高低 各 各族 共建 光辉 花园 加速 结成 景象 空 民族 凝聚力 平等 迫切 强大 区域 融合 少数民族 适合 铁木尔・达瓦买提 团结 兄弟 沿海 迎来 之下 至关重要 中华民族 中西部 忠实 自愿 自治 自治县 自治州 
---- Cluster id #26 ----
Size: 52
百姓 办案 爆炸 表彰 不够 查办 打击 毒品 队伍 发票 罚 犯罪 赋予 干警 贿赂 机关 监督 检察 检察长 解释 禁毒 纠正 举报 命名 判决 培训班 起诉 抢劫 侵犯 轻 人员 上级 上下 涉嫌 审查 释放 受理 思卿 贪污 危害 刑法 刑事 性质 一体 正气 职务 职责 执法 治国 走私 罪 渎职 
---- Cluster id #27 ----
Size: 46
北方 背后 草 草地 从业 当中 该县 攻关 灌溉 贵州 国土 户 建 江西 林业 流失 龙头 面积 亩 南方 农民 农业部 拍卖 贫困县 全县 人均收入 认可 肉 山区 试验 谁 水 水利 水土 踏 投 西部 细 小型 畜 畜牧业 验收 养 优质 增收 中科院 
---- Cluster id #28 ----
Size: 155
办公室 办公厅 北京 北京大学 北京市 毕业 博士 部长 参加 常委 常务委员 车间 成都 成员 冲击 出任 处长 大学 党委 党校 党组 地委 董事长 队长 分局 福建 福建省 副 干事 高中 工程师 工商 工业部 工作组 共青团 顾问 管理局 广东 广东省 广西 国防部 国务委员 哈尔滨 汉族 黑龙江 黑龙江省 红旗 红十字会 湖北 湖北省 湖南 湖南省 华南 化学 会长 获 吉林 吉林省 计委 加拿大 加入 兼 教授 经理 局 局长 科长 科学院 联合会 辽宁 辽宁省 煤矿 秘书 秘书长 民革 民主党 名誉 男 内蒙古 迫害 其间 清华大学 区 人事部 任 日内瓦 山东 山东省 上海 上海市 沈阳 生 省 省长 省委 省政府 实业 事务 市长 市委 受 书记 书记处 数学 水利部 四川 四川省 所长 天津 天津市 铁路局 外事 委员长 系 县委 校长 协会 学位 学习 学员 学院 研究生 研究室 研究所 研究员 研究院 业余 议员 友协 院 院长 院士 浙江 政法 政委 政治部 政治局 职 中队 中共 中华 中文 中学 中央 中央委员 主任 主任委员 主席 助理 住院 专业 总工会 总会 组长 组织部 
---- Cluster id #29 ----
Size: 53
安徽 安徽省 班子 编者按 变 财务 成 村 村干部 村里 村民 村委会 村务公开 大事 党支部 电价 干群 供电 公开 河北 河北省 后面 怀疑 基层 降 交 困扰 乱 满意 明白 农村 农户 怕 盼 前面 全村 全省 确实 上访 说法 投票 推行 县里 县政府 乡 乡村 依旧 意识 咱 这项 阵地 整顿 致富 
---- Cluster id #30 ----
Size: 49
安置 编者 长工 出路 创办 创业 第三产业 典礼 分流 富余 该厂 干 岗位 工会 光彩 活 技能 就业 块 劳动力 劳务 没 门路 民营 女工 培训 平原 庆林 全市 上岗 师傅 失业 市 市政府 书法 推销 退休 拓宽 武汉 武汉市 吸纳 下岗 兴办 优惠 找 找到 挣 职工 职业 
---- Cluster id #31 ----
Size: 47
爱 伯伯 采访 超越 此事 大街 儿子 房子 幅 父亲 国王 怀念 坏 讲述 镜头 老师 联欢 买 缅怀 面前 那么 女儿 拍 拍摄 平凡 亲属 轻松 热闹 人格 上面 身上 深切 生日 思念 微笑 先生 心中 眼睛 意外 印象 永恒 赞扬 丈夫 照片 珍惜 政治家 子女 
---- Cluster id #32 ----
Size: 47
阿根廷 尝试 乘 筹措 筹集 等待 东方 短缺 飞 飞机 飞行 公司 管制 汉城 航班 航空 航线 合肥 机场 甲Ａ 架 昆明 蓝天 联盟 每人 民航 起步 起点 人次 荣获 上门 事故 市区 首都 授予 受益 通用 厦门 小姐 星 形 选 油田 总局 租 租赁 最佳 
---- Cluster id #33 ----
Size: 57
案 补充 材料 待 逮捕 法庭 非法 该 公安 公安部 管辖 规定 检察院 鉴定 结论 经过 居住 可以 款 理由 立案 列 律师 秘密 批准 聘请 期间 期限 请求 取 权 上述 省级 事实 是否 收到 收集 收取 书 说明 随 提起 通知 同意 为由 未能 嫌疑人 刑事诉讼法 姓名 修订 询问 延长 应当 在场 侦查 证据 证明 
---- Cluster id #34 ----
Size: 37
巴西 弊端 播出 导演 电视剧 东北部 独联体 繁华 感人 功夫 故事 汉年 虎踞 话剧 精彩 警惕 看好 潘 全方位 色彩 社 深度 深感 塑造 维和 戏剧 线索 形象 性格 演 一体化 影片 右 元首 战线 这部 钟山 
---- Cluster id #35 ----
Size: 77
白色 不错 不见 不怕 尝 充满 大学生 地上 多少 返回 风景 攻击 共和国 谷 观看 过来 过去 合影 季节 井 拉开 来到 蓝 兰州 连 楼房 绿 棉花 目光 牧民 那个 年龄 农场 农家 农垦 片 拼搏 葡萄 前来 情景 圈 全家 人心 上来 生机 双手 岁月 天地 挑 透 位于 乌鲁木齐 戏 响 笑 新疆 心声 兴奋 匈牙利 选拔 阳光 一行 迎 迎接 涌 幽默 犹如 油 游客 远 摘 招 这块 震 主人 走访 坐 
---- Cluster id #36 ----
Size: 380
安定 把握 摆 摆脱 办 邦国 包括 保持 保障 保证 报告 必要 变成 变为 表明 不好 不同 不懈 步 采取 层次 产生 长 倡导 彻底 成功 成果 成就 成立 成熟 成为 程度 承担 承认 承受 充分 初 出 出发 出现 处在 传统 创造 此 促进 存在 大胆 带来 党 党中央 得到 得以 奠定 调动 定 独立 独立自主 对待 对外开放 多 发现 发展 犯 方法 方面 方式 方向 方针 防止 放 放在 非 奋斗 丰富 丰收 风波 符合 该市 改变 改革 改造 干涉 搞好 格局 个 各个 各种 根本 根本性 耕地 攻坚 公认 公务员 巩固 共同 鼓舞 关键 关心 关注 观念 贯彻 广阔 轨道 国际 国家 国民 国情 过程 过渡 好 好处 核心 河南 化解 还有 回顾 回归 会 混乱 活力 基本 基础 机遇 积极 积极性 极大 集中 疾病 计划经济 加强 加以 坚持 坚持不懈 坚定不移 坚强 坚实 艰巨 艰苦创业 健康 建立 建设 结果 结合 解放思想 解决 进行 近 精神 精心 经济 经济社会 经验 局部 局面 举世瞩目 巨大 具体 具有 决策 开放 开始 开拓进取 看待 看到 考虑 靠 克服 客观 肯定 困难 来 牢固 利益 利用 力量 良好 量 了解 领导 路线 迈出 迈向 矛盾 没有 美好 面对 明确 明显 末 某些 目标 内容 能 能够 能力 年 农业 努力 排除 庞大 批 贫穷 普遍 期望 其它 起到 起来 千方百计 前景 前提 强调 强烈 倾斜 情况 取得 全 全局 全面 全心全意 确定 人 人们 人数 任务 容易 如 如何 上 少 社会 深刻 生活 十五大 时间 实际 实现 实行 使 使命 世纪 事业 是 适当 适应 收成 手 手里 树立 水平 顺利 思想 素质 缩小 所有 态度 探索 特点 提倡 提高 体会 体系 体现 体制 条件 铁映 同时 突出 突破 推进 推向 妥善 完全 完善 为 温饱 文化 稳定 问题 我国 我们 物质 物质文明 吸取 吸收 下 下功夫 下来 下去 先进 显著 现代化 项 削弱 小康 协调 新 形成 形式 形势 需要 宣言 选择 学者 研究 要 要求 一定 一切 一致 依靠 以来 意义 因地制宜 引起 应该 应有 赢得 影响 勇于 优秀 有 有的 有利 有所 有效 有些 有助于 遇到 原则 运用 增强 扎实 崭新 展开 战略 者 这 这些 这样 这种 振兴 整个 整体 正确 政策 支持 之间 之一 直接 指标 指导 制度 质量 治 中 中等 种种 重大 重点 重视 重要 周边 主观 主体 主要 注意 抓 抓住 转变 准 着眼 自己 自觉 自我 综合国力 总体 走 尊重 做到 作用 
---- Cluster id #37 ----
Size: 72
比利时 草原 茶话会 阐述 长江 出席 打假 地 调查 发表 防火 赴 甘肃 纲要 古巴 含量 华清 环 江 讲话 锦涛 举行 看望 考察 库区 历时 列入 鲁丽 率 论坛 马来西亚 民工 宁夏 强有力 乔 日程 瑞典 瑞环 瑞士 三峡 森林 商 上游 石 讨论 提到 题 伟长 希腊 掀起 新鲜 兴 研讨 研讨会 演讲 移民 议题 迎春 与会 泽民 章程 招待会 召集 指出 智利 重庆 重庆市 驻地 作 座谈 座谈会 F基 
---- Cluster id #38 ----
Size: 27
此次 大选 丹麦 党派 国大党 获胜 击败 揭晓 警方 竞选 可能性 口号 领先 麻烦 媒体 人民党 上届 为首 席 席位 相似 选民 选票 印度 阵线 政党 执政 
---- Cluster id #39 ----
Size: 142
半岛 备忘录 本次 博览会 布局 步伐 产量 产权 超过 城乡 城镇 充足 促 达到 大中型 导向 调控 调整 东盟 对外贸易 防范 放开 分开 丰富多彩 扶持 副食品 改善 干旱 高产 高速公路 高新技术 搞活 鼓励 骨干 股份合作制 固定资产 国民经济 国内 国有 海外 好转 合理 宏观 黄河 基本建设 机电 机制 集体经济 计划 继续 加大 加快 监管 减员增效 健身 江苏 交接 节水 节约 结构 进出口 进口 进展 精简 境外 居民 科普 控制 快 扩大 力度 力争 连锁 粮食 零售 灵活 流通 旅游业 盲目 扭亏 农副产品 农田 培育 配置 破产 浦东 清洁 全民 全年 融资 社会化 社区 深化 生产能力 生产资料 生产总值 失业率 实用 适度 适时 市场 试点 收购 水稻 水资源 所有制 台阶 投产 投向 推广 稳妥 稳中求进 乡镇企业 项目 消费品 效益 新增 养老 以内 引导 引进 优化 预定 原材料 原油 约束 造林 增产 增长点 增加 增添 债务 战略性 整治 政企 支撑 植树 转换 着力 资本金 总额 总量 
---- Cluster id #40 ----
Size: 26
本身 侧面 超出 窗口 单纯 典型 对立 发掘 个别 规律 忽视 角色 里面 内在 能否 品位 墙 生命力 使得 示范 双重 腿 文艺 系统工程 效应 真实 
---- Cluster id #41 ----
Size: 47
查 长期以来 厂 厂长 串 此案 掉 给 工厂 功 公安局 过 罕见 辉煌 集 急需 佳 金钱 巨额 劳动模范 利税 令 漏洞 妻子 企业家 荣誉 设 时健 收 受贿 他人 外 忘记 销 辛苦 心态 烟 样子 云南 云南省 账 知名 珠海 赚 追 总裁 褚 
---- Cluster id #42 ----
Size: 37
澳 保险 不良 迟 传真 大藏省 倒闭 跌 东京 兑 菲 该校 官员 国防部长 国务 海上 浩田 缓 回收 开业 马尼拉 曼谷 桥本 日本 日元 上将 苏哈托 厅 外债 下跌 雅加达 印度尼西亚 印尼 印尼盾 援助 债权 职员 
---- Cluster id #43 ----
Size: 61
澳门 巴金 闭幕 波兰 布赫 参政议政 草案 承办 次 丛书 大会 代表性 当选 调研 发言 非公有制 风貌 港 稿 各界 工商联 共产党 光亚 光英 贵鲜 国权 会议 家华 建议 届 开幕 开拓 科技界 两会 名单 侨胞 全国 全体 人士 人选 提案 提名 通过 团体 委员 委员会 协商 选平 议程 圆满 酝酿 展望 兆国 正英 政协 中共中央 主持人 主席台 主席团 组 孚凌 
---- Cluster id #44 ----
Size: 41
承诺 处罚 措施 等级 定价 罚款 服务 干预 各自 给予 公平 红色 价格 紧急 经营者 拉那烈 没收 其他 情节 权限 认定 商标 商家 商品 适用 属于 损害 提供 条 违法 消费者 行为 有关 责令 章 政府 直辖市 指 注册 自主 遵守 
---- Cluster id #45 ----
Size: 31
北部 本国 病毒 布鲁塞尔 成员国 纷纷 各国 哈 湖 吉 科特迪瓦 能源 欧 欧盟 强劲 世贸 它们 网上 西方 西欧 亚 亚洲 演习 伊朗 伊斯兰 因特网 油气 争夺 中亚 主 总产值 
---- Cluster id #46 ----
Size: 49
遍 唱 称为 翻 风 敢 敢于 歌 豪华 好像 红 花 画 荒山 鸡 劲 京城 开 理 落 卖 牡丹 哪 呢 年年 旁 飘 塞 散 时节 死 脱颖而出 物 献给 香 想起 像 向前 修 延安 野生 也 意思 鱼 云 在 照 这儿 正好 
---- Cluster id #47 ----
Size: 22
波恩 波黑 冲突 村庄 对话 恶化 分子 官方 呼吁 警察 局势 科索沃 恐怖 联络 南斯拉夫 内政 普里马科夫 谴责 声明 通报 新闻界 行人 
---- Cluster id #48 ----
Size: 31
报 称 春云 地震 发生 防震 负责 核 火灾 家园 监测 减灾 饺子 救济 救灾 抗震救灾 人民政府 丧失 伤亡 损失 慰问 问世 物资 县级 预报 灾害 灾情 灾区 造成 重建 自救 
---- Cluster id #49 ----
Size: 43
ＶＣＤ 便宜 不如 彩电 厂家 传输 此举 大雨 电视 电视机 多媒体 发射 份额 覆盖 光盘 广播 国产 杭州 画面 激烈 家电 降价 接收 节目 厘米 名牌 模拟 品牌 屏幕 清晰 取代 输出 数字 同样 图像 推出 网 卫星 下乡 乡镇 信号 一流 月球 
---- Cluster id #50 ----
Size: 37
场面 冲 搭 顶 饭 房屋 奋战 赶到 赶来 感慨 交给 截至 路上 冒 命令 某 派出 迁 前线 抢 抢险 亲人 少儿 食品 受伤 危险 医疗队 灾民 张北 张家口 帐篷 这么 直升机 值班 指挥部 子弟兵 总队 
---- Cluster id #51 ----
Size: 45
爱国主义 保存 查获 抵御 分布 革命 工作者 沟通 规划 海关 记录 纪念 纪念馆 建筑 精品 经费 课堂 离退休 烈士 媒介 民政部 名人 纳入 抢救 青少年 社会效益 神圣 师生 收藏 特有 贴近 统筹 维修 文化部 文物 文献 新闻 营造 赞助 责任感 展览 真理 振奋 志愿 庄严 
---- Cluster id #52 ----
Size: 60
百分点 比例 拆借 筹资 存 存款 贷款 担保 短期 兑换 发放 法案 法定 法人 分行 幅度 负债 该行 工具 挂钩 货币 机构 降低 结算 金融 金融业 考核 客户 来源 理顺 利率 利于 名义 墨 哪些 取消 商品房 商业 收回 投放 委内瑞拉 下调 下降 现金 现行 限额 信贷 信用 行长 一般 银行 用于 有利于 月 这次 这家 政策性 准备金 准备金率 资金 
---- Cluster id #53 ----
Size: 40
办公 策划 传来 担任 德 抵制 东北 翻译 放弃 风采 风范 感情 革命家 估计 官 会场 家具 京剧 开幕式 可贵 扣 留 侵略 清除 热心 少年 深厚 我党 我军 伍 袭击 洗 修权 学会 早期 战场 真诚 知识分子 重任 总参谋长 
---- Cluster id #54 ----
Size: 95
本质 别的 别国 不可 初级阶段 创立 创造性 错误 道路 得 邓 邓小平理论 丢 东西 动摇 发达 飞跃 富强 富裕 概括 纲领 高潮 高举 搞 公有制 共产主义 观察 观点 光明 贺电 呼声 还要 回答 集体 继承 讲 教训 叫 阶段 解放 经受 决心 科学 牢记 理论 领会 论述 马克思 马克思主义 马列主义 毛泽东思想 面 命运 谋 判断 旗帜 前进 前列 前途 清楚 清醒 全党 确立 确认 认识 三中全会 社会主义 设计师 生产力 失误 十四大 时代 时候 时刻 什么 实践 逝世 它 特色 脱离 为什么 伟大 系列 鲜明 小平 以后 勇气 怎样 这个 郑重 指引 指责 中国 准确 资本主义 
---- Cluster id #55 ----
Size: 196
啊 爱国 爱护 宝贵 冰 病 不顾 才能 参观 炒 吃 崇高 初期 出来 穿 传达 此后 促成 打开 大桥 带 诞辰 党内 到 得知 典范 调 度过 队 队员 顿 恩来 分钟 封 风暴 复杂 负责人 高尚 告别 工人阶级 公仆 关怀 国民党 后 后人 话 恢复 回 回到 回去 激动 极端 记得 家属 坚定 间 艰难 见 将军 交谈 接触 接到 接见 杰出 结婚 尽 精力 敬爱 开会 看 老一辈 离开 了 领导人 留下 隆重 路 忙 每个 面貌 民主党派 名字 哪里 那 那时 那样 南京 难忘 内外 你们 朋友 品格 品质 前 前后 前夕 亲 亲切 青 倾听 情 请 去 去世 让 热爱 人群 如此 善于 身 身边 身体 深情 深受 时 事 事件 事情 书店 熟悉 说 送礼 他 他们 天安门 听 听到 同志 统一战线 统战 统战部 团 托 外出 玩 完 晚 忘 伟人 位 文革 我 无产阶级 无限 西安 西北 牺牲 细致 显得 详细 想 想到 消息 些 写道 心 心里 心情 心血 信 信念 休息 冶金 业绩 一起 颖超 遭到 早 战友 站 照顾 真 真相 知道 知名人士 之后 之际 之中 指示 智慧 治疗 中毒 中间 周 周年 主持 著名 住 卓越 资产阶级 字 总理 最后 做 崛起 魅力 
---- Cluster id #56 ----
Size: 169
白 包 毕 边 兵 波 蔡 藏族 曹 常 朝鲜族 陈 程 川 崔 戴 单 丁 董 杜 范 方 费 冯 傅 刚 高 葛 龚 古 顾 关 关根 管 贵 郭 韩 何 贺 洪 侯 胡 虎 华夏 黄 回族 霍 季 家宝 贾 健 建华 姜 蒋 杰 解 金 锦华 晋 净 菊 俊 康 克 孔 兰 乐 李 力 梁 亮 廖 林 刘 柳 楼 卢 鲁 陆 吕 罗 马 满族 梅 蒙古族 孟 苗 苗族 敏 明 名 聂 牛 女 平 齐 秦 曲 全有 群 尚 邵 申 沈 胜 施 史 舒 松 宋 孙 谭 汤 唐 涛 陶 田 土家族 万 万年 汪 王 韦 维吾尔族 伟 魏 温 文 闻 吴 武 夏 向 肖 谢 熊 徐 许 薛 严 阎 杨 扬 姚 叶 彝族 易 毅 尹 勇 游 于 余 俞 袁 跃 曾 张 赵 正 郑 志 钟 朱 祝 壮族 资 邹 缪 
---- Cluster id #57 ----
Size: 61
不惜 长城 称赞 春风 此时 大师 动 动人 改编 感染 工地 攻 观众 海口 惠芬 激情 家人 惊人 觉得 军营 乐观 乐团 联手 练 梦 描绘 年轻人 评论 奇迹 热情 人间 弱 伤 生命 试 手术 首 她 抬 躺 题写 天下 贴 舞 舞台 县城 响起 校园 心灵 演出 演奏 一代 艺术家 意志 音乐会 圆 这时 知 重返 助 闵 
---- Cluster id #58 ----
Size: 31
并非 出售 大中城市 抵押 房 分配 福利 工资 供应 购 建造 江淮 角 教职工 例 每月 鸣 派 配 实物 市场化 税 送 消费 小区 新村 需 增 住房 住宅 转 
---- Cluster id #59 ----
Size: 53
安排 比重 编制 补贴 财力 财税 财政 采购 超 呈现 赤字 大于 得益 低于 抵 地方 锭 纺织 负担 高于 关税 国内外 济南 监控 减免 减少 解困 开支 弥补 其中 欠 敲 庆 确保 适度从紧 收入 收支 税收 税务 突破口 完成 相应 压 压锭 压缩 盈余 预期 预算 元 增幅 征收 支出 转移 
---- Cluster id #60 ----
Size: 93
Ａ Ｂ 包袱 比 表面 产品 成本 出去 出于 存量 大型 代价 等于 动态 多元化 费用 分散 风险 改制 改组 钢铁 功能 股份制 规模 国家队 国外 合资 缓慢 机会 集团 兼并 见解 经济效益 经营 竞争 看来 可能 扩展 扩张 浪潮 例如 垄断 某种 目的 内部 纽带 盘活 企业 全新 甚 失败 收益 手段 数量 同类 外部 无法 陷入 限度 限制 相比 销售 销售额 小 效率 行列 行业 迅速 要素 业务 营销 盈利 优势 原来 运转 增值 占据 政府部门 值得 指明 中介 中小企业 种 重组 专业化 追求 资本 资产 总部 组合 组建 最终 做法 
---- Cluster id #61 ----
Size: 62
办学 毕业生 编写 不行 部委 财经 成人 出国 代 待遇 风气 改 高等 高等教育 高度 高考 高校 国家教委 合格 回国 回来 基金会 教材 教师 教学 教育 考试 科教 课 课程 浪费 留学 留学生 面向 年级 培养 普及 齐全 清华 人才 人事 人文 融入 上去 设置 什么样 西南 小学 新加坡 学科 学生 学校 眼光 优先 赞成 招生 中小学 中小学生 重复 转向 着 岚清 
---- Cluster id #62 ----
Size: 48
杯 拆 城市 倒 雕塑 风格 风光 歌曲 歌舞 公共 广场 喝 和谐 贺卡 欢乐 佳节 街 街道 节日 空间 快乐 老虎 类似 美术 门前 模式 哪个 闹 内涵 啤酒 铺 气氛 三角洲 市中心 室内 挖 晚会 舞蹈 喜爱 喜庆 相声 祥和 演唱 一派 有机 主题 祝福 装 
---- Cluster id #63 ----
Size: 32
搬 差别 当做 房间 故居 怀着 急 久 聚集 肯 苦 历程 那种 内心 全世界 热线 任职 日子 少奇 属 替代 投身 文化大革命 屋 想象 一生 遗产 以为 忧 雨 直到 走过 
---- Cluster id #64 ----
Size: 46
不便 朝 车站 地处 对 发 分工 高速 公里 公路 广 果断 沪 火车 货物 津 京 九 卡 开发区 开通 客车 客运 快速 昆 老区 列车 旅客 每天 南 山 商务 石家庄 提 铁道部 铁路 通 通道 为主 线 小时 修建 沿线 运 运行 运营 
---- Cluster id #65 ----
Size: 116
阿拉伯 阿盟 阿齐兹 埃及 安理会 安南 奥尔布赖特 巴格达 巴黎 白宫 抱 报道 本报 避免 编辑 场 常任 常驻 此间 磋商 达成 打电话 打算 大规模 担心 地点 电 调解 动武 动用 发布会 发言人 法国 反对 分歧 否认 符 各方 关切 国会 国务卿 果 海湾 号 核查 后果 华盛顿 获悉 记者 加紧 焦点 接受 结束 解除 紧张 谨慎 警告 救援 拒绝 决议 开罗 科恩 科威特 克林顿 库克 理事国 利比亚 立场 联合国 连日来 罗马 美 美国 美军 美联社 穆巴拉克 难民 前往 认为 萨达姆 艘 特委会 透露 途径 土耳其 推迟 外交 外交大臣 威胁 危机 斡旋 武力 武器 西班牙 希拉克 销毁 小组 协议 新华社 行 行动 叙利亚 寻求 伊 伊拉克 意大利 英 英国 约旦 之前 旨在 制裁 准备 总统 总统府 最新 
---- Cluster id #66 ----
Size: 54
奔 层层 城 城区 出租车 创 创建 档次 到底 到位 道德 店 堆 防 岗 工商局 活动 激励 假货 假冒伪劣 价值观 街头 精神文明 居委会 克隆 理想 礼貌 联 民心 南宁 南宁市 评选 群众性 热水器 人人 商店 生动 实 实实在在 实事 事物 市民 双拥 桶 文明 无 信誉 修养 引 有待 载体 扎扎实实 职业道德 中宣部 
---- Cluster id #67 ----
Size: 73
比索 贬值 变化 不利 步入 菜篮子 出口 储备 刺激 促使 导致 低 电信 东南亚 动荡 放松 附加值 供给 供求 过度 缓解 回落 汇率 加剧 经常 拉美 流入 买方 贸易 墨西哥 农产品 徘徊 膨胀 平衡 平稳 趋 热 人民币 上涨 时机 事实上 势头 顺差 泰国 态势 停产 通货膨胀 通胀 统计局 外汇 外贸 外资 稳 物价 下滑 显然 相反 需求 虚假 压力 依赖 依然 抑制 因素 引发 预计 原因 增长 增长率 涨幅 正常 至 总 
---- Cluster id #68 ----
Size: 17
长足 妇联 妇女 画家 男女 年会 女士 女性 批示 缺少 探亲 突尼斯 外国 外国人 致以 中国画 专家 
---- Cluster id #69 ----
Size: 33
爱好者 办理 保值 不满 财政部 持 持有 储蓄 到期 兑付 付 公布 购买 国债 计 计算 加 节 利息 满 年利率 凭证式 期 事宜 提前 提问 网点 营业 邮票 邮政 遇 债券 支付 
---- Cluster id #70 ----
Size: 87
薄弱 部署 参考 成效 出访 处理 大局 对外 儿女 发挥 发扬 繁重 反映 服从 各级 各位 各项 工作 贡献 官僚主义 广大 广泛 规范化 规章制度 汗水 好评 宏伟 环节 活跃 机关干部 及时 肩负 交往 接待 经贸委 举办 开创 开展 联系 履行 密切 民主 配合 切实 渠道 群众 人民 认真 入手 深入 实事求是 实效 视察 受到 思路 提出 听取 推动 拓展 围绕 象征 行政 宣传 邀请 意见 意愿 应邀 优良 有力 增进 召开 针对性 政治 职能 制订 制度化 主动 注重 专题 自身 总结 组成部分 组织 做出 做好 作出 作为 
---- Cluster id #71 ----
Size: 44
柏林 长春 长沙 大连 大楼 大厦 电视台 服务队 福州 歌舞团 购物 股份 海南省 河南省 江苏省 江西省 剧团 剧院 科委 科协 南昌 农科院 青海 三下乡 山西省 陕西省 商场 商厦 社长 图书馆 团长 新兴 徐州 宣传部 演员 医院 艺术团 有限 有限公司 浙江省 郑州 中心 中医 中医药 
---- Cluster id #72 ----
Size: 69
败 保卫 爆发 部队 参与 长征 朝鲜 持久 出色 打 担负 诞生 导弹 到达 夺取 封锁 国防 海军 红军 后勤 华北 解放军 进攻 经济基础 军 军队 军事 军委 抗日战争 科研 空军 旅 篇 迫使 庆祝 全军 人民军队 认清 生涯 胜利 师 时期 司令员 所属 文选 武警 武装 消极 协助 训练 研制 院校 占领 战 战斗 战斗力 战术 战役 战争 争取 指挥 致力 中央军委 忠诚 装备 壮大 自力更生 总政治部 作战 
---- Cluster id #73 ----
Size: 47
班 班长 伴随 北风 笔者 病人 残疾人 长途 车 大地 带头 锋 奉献 感受 姑娘 号召 洪水 弘扬 换 回家 火车站 姐妹 捐赠 军人 拉 雷 明星 某部 奶奶 日记 事迹 送给 题词 挑选 听众 同学 温馨 现任 新风 新人 学 研究会 涌现 与会者 展出 占地 真情 
---- Cluster id #74 ----
Size: 52
阿拉法特 巴 巴勒斯坦 撤军 传媒 辞职 大道 大众 读 读者 封闭 风情 革新 个性 古典 汉语 和谈 境界 抗议 黎 黎巴嫩 南部 内阁 内塔尼亚胡 凝聚 批评 桥 缺乏 审美 失去 诗 诗歌 诗人 实验 士兵 思 西岸 欣赏 心理 严谨 言 耶路撒冷 以 以色列 营养 优美 犹太人 誉为 约旦河 阅读 之 中东 
---- Cluster id #75 ----
Size: 69
被动 财富 操作 产业 产业化 成长 创新 带动 到来 盗版 动力 发达国家 发明 发展中国家 分为 概念 更新 获取 机器 积累 即 技术 价值 进步 竞争力 具备 看出 科技 科教兴国 科学技术 劳动者 论断 迈进 面临 难得 农科教 蓬勃 前沿 求 趋势 取决于 全球化 人工 人类 人力 软件 生存 生物 升级 实验室 世纪之交 太空 挑战 细胞 消化 信息 兴起 迅猛 应用 用户 支柱 知识 知识经济 之上 智力 周期 注入 转化 走向 
---- Cluster id #76 ----
Size: 66
把 帮 笔 产值 陈旧 楚政 床 带领 登 电台 冬 读书 断 份 扶贫 富 隔 根 攻坚战 孤儿 过年 好事 划 患 挤 建房 脚 进 举 开阔 啦 老百姓 老伴 老人 里 流 龙 路子 民兵 陌生 爬 彭 清 穷 如同 双 睡 似 趟 脱贫致富 碗 湘西 乡亲 血 呀 羊 养猪 夜 用品 逾 镇 阵阵 只见 州 仔细 足 
---- Cluster id #77 ----
Size: 0

---- Cluster id #78 ----
Size: 76
报纸 不知 灿烂 产销 创汇 春运 大家 当 道 道理 都市 端 短短 发出 番 放心 钢琴 广州 国家级 寒风 后者 怀 火 家中 句 颗 口 来临 老板 利润 临 临时 南北 难 难免 你 您 牌 捧 漂亮 上演 神 盛 剩下 世人 售票 说话 太阳 天 天空 添 听说 停 同事 同行 童 脱 温暖 文章 喜 喜欢 献身 想法 眼 爷爷 艺术品 云龙 运河 怎么 增至 展 志成 珠江 自豪 总经理 帷幕 
---- Cluster id #79 ----
Size: 40
爱心 打工 付出 感动 工程 公益 孩子 华侨 还 家里 家乡 奖金 救助 捐 捐款 捐助 看见 渴望 老 妈妈 美德 母亲 拿 那天 那些 贫困 企业界 启动 陕西 失学 岁 她们 脱贫 外面 希望工程 献 幸福 主编 资助 组委会 
---- Cluster id #80 ----
Size: 129
保健 暴露 倍 表演 拨 拨款 不足 部 藏 册 场所 初中 出版 出版社 处于 传 纯收入 此前 达 大小 当地 档案 得出 等 地理 儿童 佛教 服装 各类 公民 公顷 共有 归 汉 合 河 黄金 基建 级 继 价 监狱 建成 交付 教 今 近年来 经 境内 旧 竣工 科 可观 拉萨 累计 列为 流行 论 论文 落后 每 每周 免费 民间 内地 年代 年均 平方米 瓶 普查 权利 全国性 全区 人均 人权 设有 省市 使用 世 首要 受灾 书籍 私人 所 特殊 通讯 同一 统计 图书 网络 卫生 文字 西藏 习惯 戏曲 现有 县 县长 享有 消灭 校 信仰 修复 悬挂 学术 严寒 医疗 医生 医学 议论 印 拥有 语言 原始 占有 整理 政 证实 支援 中部 中期 中央政府 状况 自由 自治区 宗教 总数 罪犯 座 
---- Cluster id #81 ----
Size: 18
层 闯 大海 父母 故乡 海 海南 邯钢 看看 平静 普通话 气息 上学 深处 太原 吸引 载 撞 
---- Cluster id #82 ----
Size: 54
奥运会 澳大利亚 颁奖 报名 本届 比赛 冰球 冰雪 长野 成绩 打破 大赛 冬奥会 对手 夺 夺得 夺冠 分 冠军 滑 滑雪 获得 角逐 教练 金牌 锦标赛 居 决赛 另外 枚 米 秒 名将 名列 男子 女子 挪威 乒乓球 破 赛场 世界杯 世界纪录 速滑 体委 跳 铜 选手 亚军 页 银 游泳 运动员 中国队 妍 
---- Cluster id #83 ----
Size: 26
爱尔兰 奥地利 北爱 布莱尔 大厅 东亚 歌剧 古老 关闭 合并 技巧 教堂 精美 举措 据说 两地 浓郁 农历 全场 声 维也纳 意味着 音乐 银行业 掌声 证书 
---- Cluster id #84 ----
Size: 80
白酒 背景 比如 编 变革 表现 博物馆 差异 沉重 创作 带有 德国 灯 电影 独特 多样化 反响 氛围 感觉 话题 获奖 甲醇 假 讲究 揭示 景观 酒 具 刊物 可喜 空前 困境 栏目 冷 灵魂 鲁迅 马克 门 描写 年轻 浓 期待 期刊 情感 秋 人生 散文 山西 深 失 视野 试图 收获 思考 思维 题材 痛苦 文学 喜悦 显 显示 现实 现实主义 小说 写 写作 寻找 遗憾 艺术 影视 忧虑 诱惑 展示 诸如 专栏 姿态 尊严 作家 作品 作者 
---- Cluster id #85 ----
Size: 28
帮扶 保 大雪 第一线 扶 抗 抗旱 抗灾 粮 那曲 难关 贫困户 缺 热潮 烧 时尚 手中 水源 特大 特困 特困户 小麦 信心 雪 雪灾 一家 衣服 遭受 
