---- Cluster id #1 ----
Size: 177
爱 爱护 宝贵 北爱 波音 伯伯 不顾 采访 策划 侧面 超越 彻底 崇高 出来 穿 传销 此事 大地 大桥 大雨 诞辰 党建 到 得知 典范 调 懂得 度过 顿 恩来 饭 房子 分钟 赶到 感到 感情 感受 高尚 告别 公仆 公认 关怀 官僚主义 国际象棋 后人 华为 怀念 坏 黄淮 回到 回去 会场 记得 记忆 将军 江淮 讲述 交谈 教堂 接触 接见 结婚 尽 敬爱 净化 看 拉那烈 老一辈 冷空气 离开 历程 留 留下 流 罗马尼亚 每个 美德 缅怀 面前 鸣 名字 哪里 那 那么 那时 那样 那种 耐心 难忘 欧佩克 朋友 品格 平凡 气象台 前后 亲切 亲属 倾听 情 情景 去 去世 让 热爱 人格 人群 日子 塞拉利昂 上面 身 身边 身上 身体 深切 深情 深受 时 时刻 事 事情 释放 手机 说 死 他 投身 腿 托 挖掘 完 网球 忘 危险 伟人 位 慰问 文艺 我 无限 舞剧 务工青年 西安 西北 西非 牺牲 细致 想到 想象 小到中雨 心 心里 心情 心中 休息 冶金 一起 一生 印象 颖超 永恒 忧 赞扬 战友 站 这样 政治家 知道 知识分子 之际 直到 智慧 中间 周 周年 总理 最后 魅力 
---- Cluster id #2 ----
Size: 38
场地 撤销 答 大户 担 发行 方便 防伪 股东 股票 挂牌 回报 基金 简称 交易 交易所 开设 刊登 联网 买卖 区别 上市 申报 深圳 提醒 投资 投资者 委托 问 营业部 月球 运作 账户 证监会 证券 指定 只能 资格 
---- Cluster id #3 ----
Size: 405
安定 把握 摆脱 办 包括 保持 保障 保证 报告 本身 必要 表明 不好 不利 不同 不懈 步 步伐 步骤 部署 采取 参考 层次 产生 长期 倡导 成功 成果 成就 成为 成效 程度 承受 充分 出 出发 出现 处理 传统 创造 此 促进 存在 带来 代表团 得到 得以 奠定 调动 定 独立 对待 多 发挥 发现 发言 发扬 发展 繁重 反映 方法 方面 方式 方向 方针 防止 放 奋斗 符合 服务 附 该市 改变 改革 改造 敢于 高举 搞 格局 个 个别 各个 各级 各位 各项 各种 根本 根本性 工作 公务员 公约 巩固 贡献 共同 鼓舞 关键 关心 观念 贯彻 广大 广泛 广阔 规划 规律 轨道 国际 国家 国情 过程 过渡 好 核心 和谐 化解 环节 还有 回顾 回归 会 混乱 活力 基本 基础 积极 积极性 激励 极大 集中 及时 计划经济 加强 加以 坚持 坚持不懈 坚定不移 艰巨 健康 健全 建立 建设 接受 结合 解放思想 解决 进行 近 精简 精神 精神文明 精心 经济 经验 局面 举办 举世瞩目 巨大 具体 具有 决策 开辟 开创 开放 开始 开展 看待 看到 考虑 克服 客观 肯定 困难 来 牢固 牢记 老 理解 力量 联系 良好 量 了解 领导 领域 流失 路线 矛盾 没有 美好 密切 面对 民主 明确 模范 目标 内容 能 能够 能力 年 努力 配合 批 普遍 起到 起来 千方百计 前 前进 前景 前提 强调 强烈 切实 倾斜 情况 渠道 取得 全局 全面 全世界 全心全意 确定 群众 热点 人 任务 认清 认真 容易 如 如何 上 少 社会 深刻 深入 生动 生活 时机 时间 实际 实事求是 实现 实行 使 使命 事业 是 适应 视察 手里 受到 树立 水平 顺利 思想 素质 缩小 所有 他们 探索 特点 提倡 提出 提高 提供 体会 体系 体现 条件 同时 突出 突破 推动 推进 推向 妥善 拓宽 完全 完善 围绕 为 维护 文化 稳定 问题 我国 我们 物质 物质文明 吸取 吸收 下 下去 先进 显著 现代化 项 消极 小康 协调 新 形成 形式 形势 需要 宣传 学者 研究 要 要求 一定 一切 一致 依靠 以来 意见 意义 意愿 因地制宜 因素 引起 应该 应有 赢得 影响 勇于 优良 优秀 有 有的 有利 有利于 有所 有效 有些 遇到 原则 运用 责任感 增强 扎实 战略 掌握 召开 这 这些 这种 针对性 振兴 整个 整体 正确 政策 政府 政治 支持 支柱 之间 职责 直接 指标 指出 指导 指引 制订 制度 治 中 种种 重大 重点 重视 重要 重要性 周边 主动 主观 主题 主要 住 注意 注重 抓 抓住 专家 转变 准 准确 着眼 资产阶级 自觉 自身 综合国力 总结 总体 走 组成部分 组织 做 做到 做好 作出 作为 作用 
---- Cluster id #4 ----
Size: 41
帮 帮助 报名 别人 传播 岛 服务队 个体 工人 挂 柜台 互助 货 季节 揭晓 阶层 流动 卖 牌子 青岛 青年 热心 三下乡 社长 身份 实用 司 团中央 喜爱 下乡 新风 行动 依托 踊跃 有人 挣 征文 植树 志愿 志愿者 助 
---- Cluster id #5 ----
Size: 40
阿拉法特 巴 巴勒斯坦 波黑 撤军 冲突 辞职 打破 分歧 和谈 华盛顿 会谈 进程 警察 抗议 科索沃 克林顿 恐怖 库克 黎 黎巴嫩 联络 南部 南斯拉夫 内阁 内塔尼亚胡 前夕 士兵 西岸 叙利亚 宣布 耶路撒冷 以 以色列 印 犹太人 约旦河 直升机 直至 中东 
---- Cluster id #6 ----
Size: 78
Ａ Ｂ 包袱 变动 表面 成本 出去 出于 传递 大型 代价 等于 多元化 放弃 放在 分散 改制 改组 钢铁 功能 规模 邯钢 合并 合资 忽视 活 机会 集团 兼并 见解 节省 经营 看来 可能 扩展 扩张 浪潮 例如 垄断 目的 内部 纽带 破产 企业 塞 甚 收益 数量 同类 维持 无法 限度 限制 销售 销售额 效率 行列 行业 迅速 营销 盈利 优势 运转 战略性 政府部门 值得 指明 中介 种 专业化 壮大 追求 资产 总部 组合 组建 最终 做法 
---- Cluster id #7 ----
Size: 46
安置 出路 出售 创业 抵押 分流 分配 福利 富余 该厂 岗位 工会 工资 供应 购 介绍 就业 块 没 每月 门路 女工 上岗 实物 市 市场化 私营 退休 温暖 武汉 武汉市 吸纳 系统工程 下岗 消费 小区 需 用人 找 找到 职工 职业 中等 中心 住房 住宅 
---- Cluster id #8 ----
Size: 32
北方 草 草地 草原 该县 攻关 贵州 红色 湖北 江西 里面 面积 亩 幕 南方 人均收入 认可 试验 水土 水准 踏 细 小麦 兴奋 畜 畜牧业 雪 养 鱼 雨 这儿 中科院 
---- Cluster id #9 ----
Size: 32
变成 长江 典礼 航运 宏伟 机关干部 机遇 驾驭 肩负 艰苦创业 开工 开拓进取 跨 来自 两会 迈 迈出 期待 热烈 人选 三角洲 十五大 世纪 世纪之交 相似 心声 选票 意志 硬 酝酿 重任 自力更生 
---- Cluster id #10 ----
Size: 58
班子 帮扶 不如 纯收入 带领 党支部 地上 短 对口 扶 扶贫 富裕 给 耕地 攻坚 挂钩 灌溉 户 建 江西省 经济基础 经济林 靠 老区 累 路子 面貌 难 农田 怕 拍卖 贫困 贫困户 贫困县 贫穷 启示 穷 全村 全县 山区 失学 谁 水 水利 特困 特困户 通 投 温饱 物 县政府 消除 修 依旧 易 致富 自然 总产值 
---- Cluster id #11 ----
Size: 32
巴西 搬 颁奖 背后 播出 部 导演 电视剧 电影 东北部 改编 故事 关根 好评 黑 画 集 奖 警方 镜头 拍 拍摄 水浒传 武术 戏 性格 寻找 眼睛 演员 影片 忠实 最佳 
---- Cluster id #12 ----
Size: 40
包 层 尝 常州 吃 词 繁华 风景 隔 狗不理 古老 故居 好转 河 缓 火 饺子 客人 老板 旅游 妈妈 门口 门前 名人 浓郁 品位 气 气息 热线 商标 食品 书店 书画 贴 图书馆 为何 西班牙 一派 营造 真 
---- Cluster id #13 ----
Size: 41
百分点 保值 财政部 持有 储蓄 存 存款 到期 兑付 法定 幅度 付 公布 购买 国债 计 计算 降低 结算 利率 利息 利于 满 名义 哪些 年利率 凭证式 期 提前 提问 网点 下调 现行 营业 用于 邮政 债券 这次 支付 准备金 准备金率 
---- Cluster id #14 ----
Size: 40
班长 笔者 长途 车 带头 党组织 锋 奉献 幅 感慨 姑娘 号召 弘扬 换 回家 火车站 姐妹 捐赠 拉 雷 辆 某部 派出所 亲人 事迹 树 送给 题词 停 现任 祥和 新人 徐州 学 一家 涌现 与会者 再现 展出 真情 
---- Cluster id #15 ----
Size: 92
安装 办事 本领 本人 标准 表率 宾馆 不正之风 不准 查处 出台 处分 党风 党性 党员 党政 党政机关 第一线 典型 电话 电台 对策 遏制 反 反腐倡廉 分子 腐败 负担 干部 公款 狠抓 会计 机 集资 纪检 纪律 纪委 监察 坚决 艰苦奋斗 减轻 健行 紧密 考验 礼品 立 廉洁自律 廉政 落实 蔓延 配备 评议 强化 清理 庆典 全会 上级 奢侈浪费 审计 实体 收费 土壤 外地 违反 违规 违纪 尉 现象 行为 严格 严禁 一级 有序 娱乐 预防 源头 责任制 赠送 正气 制约 制止 治理 抓好 专项 追究 准则 着重 自 自觉性 综合治理 钻研 作风 
---- Cluster id #16 ----
Size: 51
变化 步入 菜 菜篮子 产销 刺激 促使 低 放松 副食品 高速 供给 供求 过度 后果 缓解 回落 加剧 粮 买方 徘徊 膨胀 偏 平衡 趋 热 肉 上去 上涨 失业 属 停产 通货膨胀 通胀 统计局 物价 下功夫 下滑 显然 相反 需求 虚假 依然 抑制 引发 原因 运行 涨幅 正 正常 总 
---- Cluster id #17 ----
Size: 43
ＶＣＤ 彩电 产品 厂家 抽查 电视 丢 多媒体 份额 该书 光盘 国产 国内外 国外 过硬 海信 合格 轰动 激烈 家电 经济效益 竞争 考核 可贵 领导班子 名牌 模拟 牌 品牌 取代 全方位 效应 兴 用户 优 原材料 员工 在 增值 占据 质量 资本 崛起 
---- Cluster id #18 ----
Size: 54
颁发 办法 办理 保留 本 采矿 长 长工 出资 储量 处 登记 地质 发布 范围 供 公告 管理 减 缴纳 开采 勘查 勘探 矿产 领取 没收 免 名称 年度 平方公里 平原 起 签订 日 申请 审批 石油 手续 探矿权 提交 天然气 铁 停止 限期 许可证 延续 义务 予以 原 暂行 招标 资料 资源 最低 
---- Cluster id #19 ----
Size: 44
巴金 编 编辑 成 丛书 灯 读 读书 感觉 沟通 画面 毁 激动 角度 可能性 鲁迅 描写 某 难免 弄 圈 热闹 日记 视 书 书籍 思维 玩 文章 洗 像 小说 些 写 写作 新兴 页 夜 以为 影视 诱惑 之下 之中 作家 
---- Cluster id #20 ----
Size: 49
办学 毕业生 编写 不行 部委 成人 出国 代 待遇 风气 高等教育 高度 高考 高校 国家教委 呼声 回国 回来 基金会 教材 教师 教学 教育 教职工 科教 课程 浪费 留学生 面向 年级 普及 齐全 人文 融入 设置 双重 体制 西南 新村 学科 眼光 优先 赞成 战线 招生 中小学 重复 转向 着 
---- Cluster id #21 ----
Size: 58
朝 车站 春运 大中城市 对 厄尔尼诺 发 分工 风 公里 广 广州 豪华 好像 沪 花 荒山 火车 纪录 津 劲 京 京城 九 卡 开 开发区 开通 客车 客运 昆 列车 临时 旅客 牡丹 南 南昌 山 神 石家庄 时节 售票 提 铁道部 铁路 图 网 为主 线 香 小时 信号 延安 沿线 涌 运 增至 郑州 
---- Cluster id #22 ----
Size: 123
班 倍 表演 拨 拨款 不足 藏 册 场所 出版 出版社 处于 传 此前 达 当地 档案 得出 等 地 地理 顶 儿童 佛教 各类 公民 共有 固定 汉 黄金 基建 级 继 价 监狱 建成 交付 教 节日 今 近年来 经 经典 境内 旧 竣工 开办 可观 课题 拉萨 累计 历时 列为 流行 论 每 每周 免费 民间 内地 年代 年均 平方米 平均 权利 全国性 全区 人均 设有 省市 使用 世 首要 受灾 私人 所 特大 特殊 同一 统计 图书 文字 西藏 习惯 现有 县 县长 乡 详细 享有 消灭 校 信仰 修复 悬挂 学术 雪灾 严寒 医学 遗产 议论 拥有 语言 原始 遭受 占有 整理 政 证实 支援 中央政府 撰写 庄严 状况 自由 自治区 自主 字 宗教 总数 罪犯 尊重 座 
---- Cluster id #23 ----
Size: 65
财富 产业 产业化 成长 创新 带动 导向 到来 盗版 第三产业 动力 发达国家 发明 发展中国家 分为 概念 赶 高新技术 获取 机器 积累 集装箱 即 技术 检测 进步 竞争力 科技 科技界 科教兴国 科学技术 科研 劳动者 论断 迈进 面临 农科教 蓬勃 前沿 清华 求 趋势 取决于 全球化 缺少 人工 人类 人力 软件 生物 太空 挑战 消化 信息 兴起 依赖 应用 支撑 知识 知识经济 之上 智力 注入 转化 走向 
---- Cluster id #24 ----
Size: 46
北约 本国 波罗的海 不满 大国 独联体 俄 俄罗斯 访 各国 各自 构想 哈 伙伴 吉 扩 理事会 联盟 谋求 难民 欧洲 签署 渗透 首脑 守 它们 条约 维和 乌 乌克兰 西方 宪章 削弱 协定 演习 叶利钦 一体化 伊朗 伊斯兰 意大利 忧虑 油气 舆论 元首 争夺 中亚 
---- Cluster id #25 ----
Size: 31
报警 长沙 车辆 大队 发射 改 公安局 国土 汗水 航天 火箭 监控 交警 接到 卢布 绿化 绿色 民警 青少年 庆林 设计师 授予 受伤 违章 小事 巡警 一流 造林 支队 值 中小学生 
---- Cluster id #26 ----
Size: 67
啊 百姓 报纸 波恩 不见 不惜 不知 灿烂 打下 大海 大家 大师 当 道 道理 都市 端 翻 赶来 钢琴 股份 国企 海上 寒风 后者 怀着 借 句 堪称 颗 口 来临 蓝 利润 临 美丽 南北 您 捧 漂亮 清晰 商厦 剩下 世人 双手 说话 掏 天空 同事 同行 童 喜 喜欢 献身 想法 眼 爷爷 衣服 艺术品 意思 有限公司 怎么 展 志成 珠江 总经理 帷幕 
---- Cluster id #27 ----
Size: 36
爱国主义 保存 博物馆 单位 抵御 定价 分布 干预 革命 工作者 记录 纪念 纪念馆 价格 建筑 精品 经费 经营者 课堂 烈士 民政部 抢救 社会效益 神圣 师生 收藏 特定 贴近 统筹 维修 文化部 文物 文献 赞助 展览 振奋 
---- Cluster id #28 ----
Size: 15
薄弱 初中 房间 放心 该校 管理局 海南省 火灾 平安 卫生部 消防 学会 学校 中医 中医药 
---- Cluster id #29 ----
Size: 44
安 办公 不便 城市 春 雕塑 更新 公共 公园 广场 交给 聚集 库区 老百姓 媒介 民心 哪个 铺 起步 气象 前所未有 全市 人心 任职 日报 三峡 上游 市政府 市中心 思路 外来 相比 形象 修建 移民 游人 之内 直辖市 指挥部 中外 重庆 重庆市 主 子文 
---- Cluster id #30 ----
Size: 51
摆 背 边防 部队 产 称号 称为 称赞 冲 大棚 歹徒 担负 恶劣 盖 高原 公斤 官兵 光荣 海拔 基地 结 空白 连队 玲 领 那曲 农科院 气温 青春 邱 摄氏度 蔬菜 土 武警 医疗队 英雄 玉米 栽 栽培 战士 张北 张家口 帐篷 忠诚 种植 种子 重 株 驻军 子弟兵 足够 
---- Cluster id #31 ----
Size: 70
把 奔 楚政 床 大雪 登 冬 断 房 份 富 根 工地 孤儿 过年 寒冷 好事 划 患 挤 建房 脚 进 举 拉开 来到 老伴 老人 里 脸 脸上 龙 落 冒 民 民兵 暖 爬 彭 清 秋 如同 双 水源 睡 似 躺 趟 天 填 脱贫致富 碗 湘西 乡亲 血 呀 养猪 用品 逾 咱 扎 阵阵 只见 中期 州 猪 仔细 走访 足 组 
---- Cluster id #32 ----
Size: 36
并非 层层 城区 出租车 窗口 创 大街 到底 堆 岗 汇 街 街道 街头 居委会 决心 扣 冷战 厘米 路上 南宁 南宁市 人人 荣获 市民 市区 受益 双拥 水果 天气 听到 桶 文明 新任 引人注目 整治 
---- Cluster id #33 ----
Size: 96
案件 颁布 办案 暴力 爆炸 不够 财产 查办 呈 惩处 处罚 错 打击 当事人 递增 毒品 队伍 发票 罚 法官 法人 法院 犯罪 犯罪分子 方略 房地产 干警 干扰 公正 够 合法 合同 贿赂 检察 件 建新 解释 金额 禁毒 纠纷 纠正 举报 考试 可靠 类 类型 力气 每年 民事 难度 宁波 判处 判决 培训班 赔偿 破坏 抢劫 权益 人民法院 上升 上下 涉嫌 审理 审判 受理 数额 思卿 司法 诉讼 贪污 危害 违法 线索 效果 刑事 性质 严打 严厉 严肃 严重 一体 有力 增大 增多 知识产权 职务 执法 执行 致使 秩序 治安 中级 宗旨 走私 最高 渎职 
---- Cluster id #34 ----
Size: 60
背景 变革 表现 沉重 创作 独特 多样化 发掘 反响 氛围 风格 感人 个性 关注 汉年 呼唤 虎踞 话剧 话题 讲究 揭示 景观 刊物 可喜 空前 栏目 冷 灵魂 某种 内在 年轻 期刊 情感 群体 人生 散文 深 时尚 试图 思考 塑造 题材 痛苦 文学 戏剧 显 显示 现实 现实主义 艺术 展示 这部 珍惜 真实 钟山 专栏 姿态 尊严 作品 作者 
---- Cluster id #35 ----
Size: 33
百富勤 报刊 病毒 传输 订 封 港元 海外 华侨 华人 焦点 来信 两地 另 媒体 每天 偶然 权威 人民日报 商务 上网 社团 深感 时报 推出 网络 网上 问世 消息 写道 因特网 阅读 中文 
---- Cluster id #36 ----
Size: 37
爱尔兰 拜年 伴随 唱 大小 电视台 歌 歌曲 歌声 歌舞 歌舞团 贺卡 湖 节目 节奏 竞赛 快乐 联欢 留学 明星 闹 年年 屏幕 色彩 少儿 首 听众 晚会 舞蹈 吸引 相声 演 演唱 优美 游客 丈夫 主持人 
---- Cluster id #37 ----
Size: 39
编者 变为 道德 对立 对象 犯 贵 价值 价值观 角色 借助 境界 局部 开阔 理想 利 利益 领导者 陌生 难题 清醒 权力 认识 生机 事物 手中 头脑 脱离 外部 一把手 意识 在于 知 主体 资 自己 自律 自我 走过 
---- Cluster id #38 ----
Size: 19
冰箱 博览会 成都 创办 大门 电器 动作 果断 缓慢 科龙 论证 宁 起点 迁 视野 输出 台 同样 稳 
---- Cluster id #39 ----
Size: 26
保 保健 病人 妇联 妇女 欢乐 患者 急 佳节 家庭 科 老年人 女士 女性 社区 生命 通道 突尼斯 卫生 养老 医疗 医生 医院 艺术团 治疗 中国画 
---- Cluster id #40 ----
Size: 56
比索 贬值 出口 储备 传真 底 点 电信 跌 东京 东盟 东南亚 东亚 动荡 短期 兑 兑换 菲 菲律宾 纷纷 风暴 股市 官方 韩国 汉城 合 回升 汇率 货物 经常 流入 马克 马来西亚 马尼拉 贸易 美元 墨西哥 全球 人民币 收盘 顺差 泰国 通货膨胀率 外汇 外贸 外债 下跌 下降 信心 雅加达 印度尼西亚 印尼 印尼盾 预计 指数 至 
---- Cluster id #41 ----
Size: 39
保护 本地 避孕 承办 持续 出生 达标 代表性 动手 防治 分类 各地 公众 淮河 环保 环保局 环境 计划生育 接 紧 可 空气 良性 流域 满足 排放 人口 生态 省区 算 提案 污染 下决心 消耗 辛勤 新闻 循环 中南海 抓紧 
---- Cluster id #42 ----
Size: 107
版 包装 玻璃 采用 彩色 测试 出版物 地位 电厂 电视机 电子 独资 辐射 服务业 高档 高效 工艺 管制 光 广告 含 核电站 化肥 化工 机械 机组 激光 计算机 加工 检验 接近 开发 抗 空中 控股 矿 立方米 连接 良种 码头 煤 煤炭 摩托车 年产 农 农药 配套 品种 普通 期货 汽车 千瓦 认证 容量 沙漠 摄影 设备 设计 生产 生产线 数字 水电 水泥 饲料 塑料 隧道 特有 替代 天然 通信 同步 铜 透 图像 外商 卫星 系统 相关 新型 性能 养殖 药 药品 药物 医药 仪 仪器 以上 以下 用 邮电 原料 允许 运输 占 珍贵 纸 致 制品 制造 中方 中药 主导 专利 专用 装置 综合 
---- Cluster id #43 ----
Size: 24
长足 带有 动物 动物园 多利 防火 哈佛 虎 基因 禁止 据悉 科学家 克隆 老虎 麻烦 热带 森林 实验 实验室 头 细胞 羊 野生 只 
---- Cluster id #44 ----
Size: 122
阿拉伯 阿盟 阿齐兹 埃及 安理会 安南 奥尔布赖特 巴格达 巴黎 抱 报道 备忘录 本报 避免 表示 布莱尔 常任 常驻 此间 磋商 达成 打算 大规模 担心 德国 地点 电 调解 动武 动用 发布会 发言人 法国 反对 否认 符 各方 关切 官员 国防部长 国务卿 果 海湾 号 核查 记者 加紧 结束 解除 紧张 谨慎 警告 救援 局势 拒绝 决议 开罗 科恩 科尔 科威特 理事国 利比亚 立场 联合国 连日来 罗马 美 美国 美军 美联社 穆巴拉克 派出 普里马科夫 前往 谴责 桥本 情绪 认为 萨达姆 上空 声明 艘 态度 特使 特委会 通报 透露 途径 土耳其 推迟 外长 外交 外交大臣 晚 威胁 危机 为首 斡旋 武力 武器 希拉克 袭击 销毁 小组 协议 新华社 新闻界 选择 寻求 伊 伊拉克 英 英国 约旦 之前 旨在 制裁 诸如 准备 总统 总统府 最新 
---- Cluster id #45 ----
Size: 21
阿 阿尔及利亚 大使馆 非洲 干涉 感谢 国王 贺电 建交 南非 其琛 钱 外交部长 问候 意 议长 有着 招待会 祝贺 祝愿 转达 
---- Cluster id #46 ----
Size: 130
半岛 本次 布局 产量 超过 城乡 城镇 承包 充足 达到 调控 调整 对外开放 对外贸易 吨 放开 非法 分开 丰富多彩 扶持 改善 干旱 港口 高速公路 搞好 公路 鼓励 固定资产 广播 国民经济 国内 海洋 合理 宏观 黄河 基本建设 机电 机制 计划 继续 加大 加快 减员增效 健身 交接 节水 节约 结构 进口 进展 警惕 境外 居民 抗旱 科普 快 扩大 拉美 来华 劳动力 理顺 利用 力度 力争 连锁 粮食 零售 灵活 流通 旅游业 盲目 门 明显 某些 纳入 能源 农副产品 培育 平稳 浦东 潜力 清洁 全 全民 全年 融资 深化 生产资料 生产总值 失业率 势头 适当 适度 适时 市场 试点 水资源 太平洋 态势 投产 投放 投入 投向 推广 外资 稳妥 稳中求进 项目 消费品 效益 新增 压力 验收 以内 引导 引进 优化 优质 预定 原油 增长 增长点 增长率 增加 增添 债务 政企 着力 资本金 总额 
---- Cluster id #47 ----
Size: 37
阿根廷 尝试 筹措 筹集 筹资 大楼 等待 东方 短缺 飞 飞机 飞行 公司 航班 航空 航线 合肥 机场 记 架 昆明 蓝天 每人 民航 人次 首都 通用 微笑 厦门 小姐 星 选 油田 运营 总局 租 租赁 
---- Cluster id #48 ----
Size: 25
比 比利时 布鲁塞尔 差异 成员国 丹麦 对话 多极化 海关 华 建设性 看法 科特迪瓦 曼谷 年会 欧 欧盟 世贸 双边 西欧 新华 亚 亚洲 援助 岚清 
---- Cluster id #49 ----
Size: 41
安排 编制 补贴 财力 财税 财政 采购 呈现 赤字 大于 得益 低于 抵 地方 高于 关税 加 加元 减免 减少 节 弥补 其中 庆 确保 适度从紧 收入 收支 税 税收 税务 完成 相应 预期 预算 元 增幅 征收 支出 之外 转移 
---- Cluster id #50 ----
Size: 27
安徽 安徽省 承担 倒 电价 费用 供电 机动车 加重 降 交 交通 郊区 角 农户 认定 伤 事故 司机 停车 现场 行人 责任 真相 整顿 撞 自行车 
---- Cluster id #51 ----
Size: 44
查 长期以来 厂 厂长 串 此案 掉 工厂 功 过 海南 罕见 辉煌 急需 佳 家人 金钱 苦 劳动模范 令 漏洞 妻子 荣誉 设 时健 受贿 送 挖 外 忘记 销 心态 烟 样子 云南 云南省 账 知名 之后 珠海 赚 追 总裁 褚 
---- Cluster id #52 ----
Size: 44
保险 暴露 不良 操作 拆 拆借 大藏省 倒闭 导致 法案 防范 分行 风波 风险 该行 关闭 划分 回收 会员 机构 监管 金融 金融业 经贸委 开业 客户 墨 披露 日本 日元 事件 收购 收回 苏哈托 委内瑞拉 现金 业务 银行 银行业 债权 这家 职员 注册 资金 
---- Cluster id #53 ----
Size: 36
补 产权 成分 持 促 存量 大胆 大中型 单一 非公有制 附加值 搞活 工 功夫 公有制 骨干 股 股份合作制 集体经济 江苏 精 民营 盘活 融合 生命力 所有制 台阶 停留 乡村 乡镇企业 小 协作 兴办 严峻 要素 中小企业 
---- Cluster id #54 ----
Size: 92
澳门 表决 草案 常委会 常务 长官 程序 惩治 充实 筹备 大会 代表 代表大会 督促 法 法规 法律 法制 法治 赋予 改进 共计 规范 规则 规章制度 国家机关 候选人 换届 汇报 基本法 季度 纪云 监督 检查 接待 借鉴 决定 框架 立法 立足 力求 每次 难点 拟 其余 起草 全国 人大 人大代表 人民 任命 任期 日常 设立 审议 实施 实效 市场经济 授权 特别 特区 提名 提请 听取 外国 委员会 宪法 香港 信访 行使 行政区 修订 修改 选出 选举 选民 依据 议案 议会 有益 原来 原有 灾 征求 正当 职权 制定 治国 中华人民共和国 专门 组成 遵循 
---- Cluster id #55 ----
Size: 164
白 柏林 毕 兵 波 布赫 蔡 藏族 曹 长春 朝鲜族 陈 程 迟 川 崔 戴 单 刀 丁 董 杜 范 方 费 冯 傅 刚 高 葛 龚 古 顾 关 官 管 光英 郭 海 韩 何 贺 洪 红 侯 胡 华夏 黄 回族 霍 贾 健 建华 姜 蒋 杰 金 锦华 晋 菊 俊 康 克 孔 兰 乐 李 力 梁 亮 廖 林 刘 柳 楼 卢 鲁 路 陆 吕 罗 马 满族 梅 蒙古族 孟 苗 苗族 敏 明 名 聂 牛 女 潘 齐 秦 曲 全有 群 邵 申 沈 施 史 舒 松 宋 孙 谭 汤 唐 涛 陶 田 土家族 万 万年 汪 王 韦 维吾尔族 伟 魏 温 文 闻 吴 武 席 夏 向 肖 谢 熊 徐 许 薛 严 阎 杨 扬 姚 叶 彝族 毅 尹 勇 游 于 余 俞 袁 云 曾 张 赵 郑 志 钟 朱 祝 壮族 邹 
---- Cluster id #56 ----
Size: 49
八一队 败 本轮 比分 场 打 队 队员 对手 夺冠 负 国家队 河南 击败 甲Ａ 教练 教练员 精彩 居 俱乐部 剧团 篮球 联赛 辽宁队 轮 男篮 男女 男排 女排 排球 强劲 球 球队 球员 弱 赛季 胜 输 四川 厅 万达队 位置 遇 战 浙江 支 主场 主教练 足球 
---- Cluster id #57 ----
Size: 43
变 财务 村 村干部 村里 村民 村委会 村务公开 大事 大选 干 干群 公开 公平 国大党 河北 河北省 后面 怀疑 基层 竞选 困扰 乱 满意 明白 盼 前面 全省 人民党 上访 说法 投票 推 推行 席位 喜庆 县里 印度 应付 这项 阵地 阵线 执政 
---- Cluster id #58 ----
Size: 27
爱好者 斌 参赛 常 段 番 获胜 开幕式 可谓 磊 名人战 盘 棋 棋手 取胜 赛事 深圳市 通讯 围棋 讯 赢 预赛 遭 战胜 主办 子 昊 
---- Cluster id #59 ----
Size: 112
本质 比较 表达 别的 别国 不可 成熟 初级阶段 创立 创造性 错误 打开 大树 道路 邓 邓小平理论 地域 定位 东西 动摇 发达 飞跃 分析 丰富 否定 富强 概括 纲领 共产党 共产党人 共识 观察 观点 光明 还要 回答 集体 继承 建国 讲 教训 叫 阶段 阶级 经历 经受 救 卷 科学 口号 理论 历史 历史性 领袖 论述 马克思 马克思主义 马列主义 毛泽东思想 面 命运 谋 呢 内涵 判断 评价 旗帜 前列 前途 倾向 清楚 全党 确立 确认 人物 三中全会 社会主义 生产力 失误 十四大 时代 时候 什么 实践 实质 逝世 它 套 特色 特征 唯一 为什么 伟大 系列 相同 向前 小平 以后 以前 勇气 有待 原理 造就 怎样 哲学 这个 正是 政党 郑重 中国 中山 著作 
---- Cluster id #60 ----
Size: 39
北大 边界 差别 初步 大 大庆 单纯 动态 归 衡量 互补 集团公司 家 简单 江南 进入 空间 宽 亏损 例 联合 连续 排 排名 评 其 强 如此 实力 世界 手段 数据 速度 相当 一样 杂志 真正 周刊 总公司 
---- Cluster id #61 ----
Size: 35
插 传来 村庄 当中 地处 风光 高产 高低 公顷 洪水 鸡 季 艰苦 艰辛 建造 据说 咖啡 农场 农业部 全场 全新 缺 啥 什么样 收获 水稻 司长 挑选 土地 辛苦 阳光 月 展现 这块 这里 
---- Cluster id #62 ----
Size: 63
奥地利 白色 遍 长城 春风 此时 大厅 动 动人 感染 敢 歌剧 攻 观众 海口 惠芬 激情 技巧 惊人 剧院 乐观 乐团 联手 练 梦 描绘 年轻人 评论 奇迹 墙 热情 人间 散 上演 声 试 手术 她 抬 天地 天下 维也纳 舞 舞台 鲜花 献给 县城 响起 校园 雄厚 演出 演奏 一代 遗憾 艺术家 音乐 音乐会 有限 圆 掌声 重返 祝福 闵 
---- Cluster id #63 ----
Size: 26
杯 船 船舶 当做 调节 工具 喝 激发 疾病 接轨 理性 模式 啤酒 品质 期望 人们 社会化 生存 室内 缩短 外面 屋 心理 心灵 造 周期 
---- Cluster id #64 ----
Size: 36
安全 标志 不得 仓库 地面 地下 电力 发电 个人 奖励 距离 跨越 扩建 垃圾 内 器材 桥梁 任何 设施 生长 施工 水库 损害 所在 条例 物品 线路 新建 兴建 延伸 一般 移动 应 植物 周围 作业 
---- Cluster id #65 ----
Size: 43
弊端 传媒 大道 大众 懂 读者 封闭 风情 富有 革新 古典 汉语 解 礼貌 凝聚 泡沫 配 批评 桥 缺乏 审美 失去 诗 诗歌 诗人 思 随意 同 投机 围 鲜明 欣赏 信任 行 修养 严谨 言 营养 右 誉为 崭新 者 之 
---- Cluster id #66 ----
Size: 58
被告 部分 长远 潮流 承认 大陆 大业 当局 对此 儿女 分离 分裂 攻击 海内外 海峡 好处 和平 呼吁 回应 寄 加深 交流 两岸 领土 民众 内政 企图 人权 商谈 深远 事实上 势力 所谓 台湾 谈判 同胞 统一 外国人 完整 往来 务实 希望 现状 心愿 宣言 研究会 一国两制 愿望 赞同 造福 政局 指责 重申 主权 主张 状态 祖国 阻碍 
---- Cluster id #67 ----
Size: 44
笔 边 编者按 产值 倡议 超 陈旧 闯 创汇 短短 发出 奋战 服装 国家级 浩田 怀 还 家乡 家中 军人 军营 看好 利税 跑 企业家 欠 生意 盛 挑 脱 望 乡镇 小伙子 新年伊始 学员 意味着 迎来 跃 云龙 运河 这时 浙江省 证书 自豪 
---- Cluster id #68 ----
Size: 27
便宜 乘客 承诺 打电话 大厦 杜绝 高峰 告诉 购物 顾客 降价 类似 买 票 签 确实 商场 商家 商品 上门 探亲 享受 消费者 优惠 折 值班 转 
---- Cluster id #69 ----
Size: 19
白宫 残疾人 此次 估计 国会 国民 花钱 巨额 开支 联邦 民主党 庞大 使得 首席 损失 下属 削减 迅猛 盈余 
---- Cluster id #70 ----
Size: 49
报 部门 称 措施 地震 发生 罚款 方案 房屋 防震 负责 给予 构成 国务院 会同 监测 减灾 紧急 救济 救灾 抗灾 抗震救灾 其他 抢险 情节 权限 人民政府 丧失 伤亡 适用 条 物资 县级 行政 有关 预报 预测 灾害 灾民 灾情 灾区 造成 责令 章 指 重建 主管 自救 遵守 
---- Cluster id #71 ----
Size: 54
奥委会 奥运会 澳大利亚 本届 比赛 冰球 长野 超出 成绩 大赛 冬奥会 夺 夺得 分 冠军 滑 滑雪 获得 加拿大 角逐 金牌 锦标赛 决赛 领先 另外 枚 米 秒 名将 名列 男子 女子 挪威 乒乓球 破 赛 赛场 上届 世界杯 世界纪录 速滑 体委 体育 添 跳 选手 亚军 意外 银 游泳 运动员 中国队 妍 缪 
---- Cluster id #72 ----
Size: 67
案 补充 材料 待 逮捕 法庭 该 公安 公安部 管辖 规定 会见 机关 检察院 鉴定 结论 经过 居住 可以 款 理由 立案 列 律师 秘密 名单 批准 聘请 期限 起诉 侵犯 轻 请求 取 权 入 上述 涉及 审查 省级 事实 是否 收到 收集 收取 属于 说明 随 提起 通知 同意 为由 未能 嫌疑人 刑法 刑事诉讼法 姓名 询问 延长 应当 载 在场 照片 侦查 证据 证明 罪 
---- Cluster id #73 ----
Size: 158
Ｄ 办公室 办公厅 北京 北京大学 北京市 毕业 博士 部长 参加 常委 常务委员 车间 成员 冲击 出任 处长 大学 代理 当选 党委 党校 党组 地委 东北 董事长 队长 分局 福建 福建省 副 干事 港 高中 工程师 工商 工商联 工业部 工作组 共青团 顾问 广东 广东省 广西 国务委员 哈尔滨 汉族 河南省 黑龙江 黑龙江省 红旗 红十字会 湖北省 湖南 湖南省 华南 化学 会长 获 吉林 吉林省 计委 加入 兼 检察长 江苏省 教授 届 经理 局长 军分区 科长 科委 科协 科学院 联合会 辽宁 辽宁省 伦敦 秘书 秘书长 民革 名誉 男 内蒙古 纽约 其间 清华大学 区 任 日内瓦 山东 山东省 上海 上海市 沈阳 生 省 省长 省委 省政府 实业 事务 市长 市委 受 书记 书记处 数学 水利部 四川省 所长 天津 天津市 铁路局 外事 委员 委员长 系 县委 校长 协会 宣传部 学位 学习 学院 研究生 研究室 研究所 研究员 研究院 业余 议员 友协 院 院长 院士 政法 政委 政治局 职 中共 中共中央 中华 中学 中央 中央委员 主任 主任委员 主席 助理 住院 专业 总队 总工会 总会 组长 组织部 
---- Cluster id #74 ----
Size: 45
云 邦国 比重 表 春耕 春云 从事 从业 东 东部 丰收 公报 贵鲜 家宝 家华 结果 快速 劳动 劳务 林业 龙头 末 年龄 农产品 农村 农民 农业 培训 普查 人数 人员 如下 收成 数 铁映 西部 小型 以外 增产 增收 占地 镇 致以 中部 总量 
---- Cluster id #75 ----
Size: 45
档次 锭 恶化 纺织 非 付出 工业 攻坚战 国有 含量 济南 截至 解困 净 举措 困境 离退休 理 落后 难得 难关 能否 扭亏 配置 其它 契机 抢 敲 生产能力 升级 示范 淘汰 突破口 退出 下来 陷入 压 压锭 压缩 沿海 移 有机 展开 重组 转换 
---- Cluster id #76 ----
Size: 121
办事处 薄 爆发 北 被动 才能 参与 策略 长征 成立 持久 初 初期 处在 此后 促成 担任 诞生 党 党内 党中央 到达 德 敌人 抵制 动员 斗争 独立自主 夺取 发动 发起 翻译 封锁 风采 风范 复杂 革命家 根据地 共产党员 共产主义 国民党 国务 红军 后 华北 极端 家具 坚定 坚强 艰难 杰出 解放 进攻 精力 久 军队 军民 军事 抗日 抗日战争 抗战 留给 率领 毛 命令 内外 念头 排除 派 篇 迫使 期间 前线 侵略 清除 人民军队 善于 少奇 深厚 生涯 胜利 失 失败 时期 同志 退 顽强 文化大革命 文选 我党 我军 无产阶级 武装 伍 协助 心血 信念 修权 拥护 勇敢 运动 早 早期 泽东 占领 战场 战斗 战术 战争 真理 争取 政权 之一 指挥 致力 主持 著名 卓越 总参谋长 总政治部 左 
---- Cluster id #77 ----
Size: 90
巴基斯坦 贝宁 边境 乘 大臣 大会堂 大使 大中 抵达 定期 对抗 反应 访华 访问 夫人 感 高层 高级 高兴 关系 国 荷 荷兰 合作 互访 互利 欢迎 回忆 会晤 柬埔寨 见面 交换 经贸 来访 琳 临近 领导人 卢森堡 蒙古 敏感 莫 莫桑比克 莫斯科 陪同 鹏 频繁 气氛 签字 切尔诺梅尔金 日期 摄 设想 使馆 首相 书面 双方 苏 苏联 谈 谈话 探讨 突然 图片 外交部 外经贸部 为期 相互 相信 谢里夫 也 也门 仪式 应邀 有助于 友好 友谊 圆满 愿 愿意 越 越南 赞赏 障碍 真诚 正常化 正式 驻 驻华 卓有成效 着手 
---- Cluster id #78 ----
Size: 60
北部 不错 不怕 充满 大气 大学生 地球 度 多少 返回 覆盖 共和国 谷 过来 过去 喊 毫米 合影 家园 井 兰州 离 连 楼房 绿 棉花 目光 牧民 那个 那里 农家 农垦 片 拼搏 葡萄 气候 前来 上来 岁月 太阳 位于 乌鲁木齐 西 响 新疆 兴趣 匈牙利 选拔 一行 迎 迎接 幽默 犹如 油 远 摘 招 震 主人 坐 
---- Cluster id #79 ----
Size: 15
表彰 采矿权 电脑 股份制 技能 轿车 具备 评估 评选 他人 新加坡 争 转让 咨询 资本主义 
---- Cluster id #80 ----
Size: 36
冰雪 场面 吹 得 儿子 父母 故乡 国旗 孩子 画家 获奖 家长 觉得 刻苦 老师 论文 美术 们 拿 奶奶 内心 飘 评为 普通话 上学 深处 升 书法 岁 太原 同学 温馨 小学 学生 一等奖 制作 
---- Cluster id #81 ----
Size: 51
吧 炒 吃饭 搭 答应 大姐 带 对付 饭店 夫妇 夫妻 附近 跟 跟着 光彩 话 回 见 开会 肯 啦 了 吗 忙 哪 南极 你 你们 平静 请 全家 人家 荣 上班 上任 尚 烧 少年 声音 师傅 收 手 送礼 踢 推荐 喜悦 想 想起 笑 毅仁 正好 
---- Cluster id #82 ----
Size: 29
白酒 包含 北风 不幸 查获 父亲 获悉 甲醇 假 酒 局 煤矿 农历 女儿 批发 瓶 山西 山西省 生日 售 思念 死亡 照 制 中毒 抓获 装 子女 总书记 
---- Cluster id #83 ----
Size: 102
澳 闭幕 必然 波兰 参政议政 茶话会 阐述 出访 出席 次 大局 党派 调查 调研 对外 发表 风貌 服从 福州 赴 甘肃 稿 各界 古巴 光亚 规范化 国权 杭州 华清 环 会议 活跃 建议 江 讲话 交往 锦涛 举行 开幕 开拓 看望 考察 列入 鲁丽 履行 率 论坛 民工 宁夏 强有力 乔 侨胞 青海 全体 日程 入手 瑞典 瑞环 瑞士 商 石 讨论 题 通过 团体 拓展 伟长 希腊 希望工程 掀起 象征 协商 新鲜 选平 研讨 研讨会 演讲 邀请 议程 议题 迎春 与会 泽民 增进 展望 章程 兆国 正英 政协 职能 制度化 智利 主席台 主席团 驻地 专题 做出 作 座谈 座谈会 孚凌 F基 
---- Cluster id #84 ----
Size: 23
比例 此举 贷款 担保 等级 发放 负债 货币 进出口 控制 来源 取消 商品房 商业 推销 限额 信贷 信用 行长 邮票 约束 增 政策性 
---- Cluster id #85 ----
Size: 36
榜样 彼此 差距 大家庭 地区 对方 繁荣 各 各族 共建 光辉 花园 加速 结成 经济社会 景象 空 民族 凝聚力 平等 迫切 强大 区域 少数民族 适合 铁木尔・达瓦买提 团结 响应 兄弟 至关重要 中华民族 中西部 自愿 自治 自治县 自治州 
---- Cluster id #86 ----
Size: 25
城 创建 打假 到位 店 防 工商局 活动 假货 假冒伪劣 联 群众性 热水器 商店 实 实实在在 实事 投诉 无 信誉 引 载体 扎扎实实 职业道德 中宣部 
---- Cluster id #87 ----
Size: 33
爱心 差 打工 感动 工程 公益 家里 奖金 精美 救助 具 捐 捐款 捐助 看见 渴望 母亲 那天 那些 企业界 启动 陕西 陕西省 她们 题写 听说 脱贫 献 幸福 这么 主编 资助 组委会 
---- Cluster id #88 ----
Size: 49
爱国 冰 病 参观 传达 负责人 告 工人阶级 恢复 家属 间 接收 看出 看看 棵 隆重 民主党派 南京 浓 旁 批示 迫害 亲 青 轻松 人士 视为 熟悉 提到 天安门 听 统一战线 统战 统战部 拖 外出 文革 文件 先生 显得 信 业绩 隐患 愉快 遭到 照顾 召集 知名人士 指示 
---- Cluster id #89 ----
Size: 43
保卫 朝鲜 出色 大连 导弹 锻炼 观看 国防 国防部 海军 核 后勤 解放军 军 军区 军委 空军 旅 命名 平 庆祝 全军 热潮 上将 射击 社 师 事宜 司令员 所属 团 团长 训练 研制 院校 战斗力 战役 政治部 中队 中央军委 诸 装备 作战 
---- Cluster id #90 ----
Size: 22
比如 财经 纲要 高潮 高等 坚实 京剧 经济学 剧目 课 领会 迈向 培养 人才 人事 人事部 深度 苏丹 脱颖而出 戏曲 型 形 
