---- Cluster id #1 ----
Size: 74
摆 宾馆 病毒 不错 不怕 尝 充满 大学生 党建 多少 返回 搞 共和国 姑娘 谷 观看 国际象棋 过来 过去 合影 华为 季节 艰苦创业 江淮 冷空气 连 楼房 绿 棉花 目光 牧民 那个 那里 农家 农科教 陪同 片 拼搏 葡萄 气象台 前来 融入 塞拉利昂 上来 岁月 铁木尔・达瓦买提 透 网球 位于 乌鲁木齐 舞剧 西非 响 小到中雨 小平 新疆 心声 兴奋 匈牙利 选拔 阳光 一行 迎 迎接 幽默 犹如 油 远 摘 招 这块 震 主人 坐 
---- Cluster id #2 ----
Size: 20
出国 传输 大雨 福州 覆盖 接收 农垦 培训 人次 商务 探亲 团中央 外来 网 卫星 务工青年 下乡 乡镇 校 依托 
---- Cluster id #3 ----
Size: 63
百姓 报纸 不见 不知 灿烂 产销 厂家 打下 道 道理 都市 端 番 放心 赶来 钢琴 海上 寒风 后人 后者 奖 借 句 堪称 颗 口 拉开 来临 蓝 利润 临 陌生 难 难免 捧 漂亮 清晰 上任 剩下 世人 双手 说话 掏 天空 同事 同行 童 脱 喜 先生 献身 想法 销 消息 眼 爷爷 艺术品 意思 志成 珠江 自豪 总经理 帷幕 
---- Cluster id #4 ----
Size: 47
云 保护 避孕 持续 出生 达标 动手 动物 动物园 恶化 防治 各地 公众 关闭 花钱 淮河 环保 环保局 环境 计划生育 接 紧 可 空气 良性 流域 绿色 排放 牌 清洁 人口 生存 生态 生物 算 污染 下决心 循环 野生 一把手 用户 质量 治理 中南海 诸 抓紧 自然 
---- Cluster id #5 ----
Size: 47
边境 波兰 传递 打开 对抗 反应 访华 感 高级 轰动 华 回忆 会晤 柬埔寨 见面 来自 离 临近 罗马尼亚 蒙古 敏感 日期 身份 声明 时机 实质 使馆 司长 苏 苏联 谈 谈话 特使 同 突然 推 外长 消除 新任 愿意 越 越南 障碍 真实 正常 正常化 着手 
---- Cluster id #6 ----
Size: 32
比如 表彰 长足 成长 承办 代表性 待 反腐倡廉 感人 沟通 估计 虎踞 话剧 技能 剧目 热情 人才 人事 人事部 深度 提案 提到 戏 戏剧 优秀 赞成 赞扬 真诚 知识分子 致以 钟山 钻研 
---- Cluster id #7 ----
Size: 112
阿拉伯 阿盟 阿齐兹 埃及 安理会 安南 奥尔布赖特 巴格达 巴黎 白宫 抱 报道 备忘录 避免 编辑 常任 常驻 磋商 达成 打电话 打算 大规模 担心 地点 电 电话 调解 动武 动用 发布会 发言人 法国 否认 符 各方 关切 官员 国防部长 国务卿 果 海湾 号 核查 后果 获悉 记者 加紧 加剧 焦点 结束 解除 紧张 谨慎 警告 局势 拒绝 决议 开罗 科恩 科尔 科威特 理事国 立场 联合国 罗马 美 美军 美联社 穆巴拉克 派出 普里马科夫 前往 萨达姆 艘 态度 特委会 挑选 通报 透露 突尼斯 途径 推迟 外交 外交大臣 晚 威胁 危机 为首 斡旋 武力 武器 希拉克 袭击 销毁 小组 协议 新华社 新闻界 选择 寻求 伊 伊拉克 英 约旦 招待会 之前 旨在 制裁 准备 总统 总统府 最新 
---- Cluster id #8 ----
Size: 40
阿根廷 尝试 乘 筹措 筹集 筹资 等待 地面 东方 短缺 飞 飞机 飞行 航班 航空 航线 机场 架 肩负 扩建 蓝天 每人 民航 票 起步 签 上门 食品 实体 属 维修 厦门 小姐 星 选 逾 运营 折 总局 租赁 
---- Cluster id #9 ----
Size: 54
步骤 部分 潮流 大陆 大业 当局 到来 对此 儿女 繁荣 分离 分裂 共同 构想 光荣 海内外 海峡 和平 呼吁 回应 加深 江 交流 警惕 决心 两岸 领土 民众 企图 商谈 深远 世纪之交 势力 台湾 谈判 特区 同胞 统一 完整 往来 希望 现状 香港 心愿 一国两制 愿望 赞同 政局 重申 主权 主张 状态 祖国 阻碍 
---- Cluster id #10 ----
Size: 55
贬值 不良 出口 储备 传真 大藏省 底 点 东京 东南亚 东亚 动荡 短期 兑换 对策 菲 菲律宾 分类 风暴 股市 官方 汉城 合 缓 缓慢 回升 回收 汇率 经常 竞争力 流入 马来西亚 马尼拉 贸易 桥本 人民币 日本 日元 收盘 顺差 苏哈托 通货膨胀率 外汇 外贸 下降 相比 信心 雅加达 印度尼西亚 印尼 盈余 援助 债权 指数 周边 
---- Cluster id #11 ----
Size: 30
阿拉法特 巴 巴勒斯坦 撤军 辞职 打破 分歧 华盛顿 换 进程 克林顿 库克 黎 黎巴嫩 南部 内阁 内塔尼亚胡 前夕 设想 士兵 西岸 叙利亚 宣布 耶路撒冷 以 以色列 犹太人 约旦河 直升机 中东 
---- Cluster id #12 ----
Size: 174
爱 吧 编者 别人 病 伯伯 采访 菜 参观 炒 成 吃 吃饭 出 穿 此事 错 大家 带 当 到 得知 等 顿 翻 饭 房子 封 幅 父亲 赶到 感动 感受 敢 告 告别 隔 给 工人 过 过年 话 怀 怀念 坏 还有 回 回到 回去 寄 记录 家里 见 讲述 交谈 饺子 叫 进 经过 觉得 看 看出 看见 看看 啦 来到 老人 磊 里 脸 了 流 妈妈 吗 买 忙 没 没有 哪里 那么 那时 你 你们 您 弄 女儿 女工 破 亲 亲切 情 情景 请 去 去世 全家 让 人群 日记 烧 少年 身上 身体 深切 生日 师傅 时 什么 事 收 手 书 睡 说 思念 送 送给 送礼 岁 他们 她们 天 听 听说 外出 外面 玩 完 碗 望 忘 微笑 位 我 下来 显得 想 想到 想起 笑 些 新村 心 心里 心情 心中 信 询问 呀 眼睛 一家 依然 衣服 意外 印象 颖超 永恒 有人 在 怎么 丈夫 找 照 照片 这里 真情 知道 之后 住 装 仔细 总理 走访 做 
---- Cluster id #13 ----
Size: 113
版 包装 玻璃 材料 彩色 测试 插 出版物 船舶 地位 地下 电力 电信 电子 独资 短 发电 辐射 服务业 港口 高档 高效 工艺 管制 光 含 化工 基因 机械 机组 激光 技术 计算机 加工 检验 轿车 精 空中 控股 跨越 立方米 连接 良种 码头 煤炭 摩托车 年产 农 农药 配备 配套 品种 期货 器材 千瓦 人工 认证 容量 摄影 设备 设计 设施 生产 生产线 水电 水泥 饲料 塑料 隧道 特有 天然 通信 同步 铜 外商 线路 相关 消防 新型 型 性能 养殖 药 药品 药物 医药 移动 仪 仪器 以上 以下 应用 用 优 邮电 娱乐 原料 允许 珍贵 纸 致 制品 制造 制作 中方 中药 主导 专利 专用 装置 咨询 综合 作业 
---- Cluster id #14 ----
Size: 17
邦国 长江 大桥 典礼 高中 航运 华侨 华人 节省 开工 鸣 桥 桥梁 三角洲 社团 同类 问世 
---- Cluster id #15 ----
Size: 25
爱好者 百富勤 办事处 大使馆 抵达 港元 购 国企 国务 集资 惊人 科特迪瓦 联邦 论坛 年会 企业界 日内瓦 瑞士 世贸 西班牙 新华 邮票 主 岚清 崛起 
---- Cluster id #16 ----
Size: 158
办公室 办公厅 北京 北京大学 北京市 毕业 博士 部长 参加 常委 常务委员 车间 成员 冲击 出任 大学 代理 当选 党委 党校 党组 地委 东北 董事长 队长 分局 福建 福建省 副 干事 港 工程师 工商 工商联 工业部 工作组 共青团 顾问 管理局 广东 广东省 国防部 国务委员 哈尔滨 汉族 黑龙江 黑龙江省 红旗 红十字会 湖北 湖北省 湖南 华南 化学 会长 获 吉林 吉林省 计委 加入 兼 检察长 教授 届 经理 局长 军分区 科长 科学院 联合会 辽宁 辽宁省 秘书 秘书长 民革 民主党 名誉 男 纽约 迫害 其间 清华大学 区 全国 任 山东 上海 上海市 上将 社 沈阳 生 省 省长 省委 省政府 实业 事务 市长 市委 首席 受 书记 书记处 数学 水利部 所长 天津 天津市 铁路局 外事 委员 委员长 系 县委 校长 协会 学位 学习 学员 学院 研究生 研究室 研究所 研究员 研究院 业余 议员 友协 院 院长 院士 政法 政委 政治部 政治局 职 职员 指挥部 中共 中共中央 中华 中学 中央 中央委员 州 主编 主任 主任委员 主席 助理 住院 专业 总队 总工会 总会 组长 组织部 
---- Cluster id #17 ----
Size: 43
查 长期以来 厂 厂长 串 此案 掉 工厂 功 公款 海南 罕见 辉煌 集 急需 纪委 佳 奖金 金钱 巨额 苦 劳动模范 漏洞 妻子 亲属 荣誉 设 时健 受贿 外 忘记 违纪 物品 辛苦 心态 烟 样子 云南 账 知名 赚 追 褚 
---- Cluster id #18 ----
Size: 49
奥委会 奥运会 澳大利亚 本届 冰球 冰雪 场面 长野 成绩 大赛 冬奥会 夺得 分 冠军 滑 滑雪 获得 加拿大 角逐 金牌 锦标赛 决赛 另外 枚 米 秒 名将 名列 男子 难度 女子 挪威 乒乓球 轻松 赛 赛场 上届 射击 世界杯 世界纪录 速滑 跳 选手 亚军 游泳 运动员 中国队 妍 缪 
---- Cluster id #19 ----
Size: 45
报刊 大道 订 懂 读 读者 封闭 风情 富有 革新 个性 古典 汉语 解 来信 另 凝聚 批评 缺乏 人民日报 审美 失去 诗 诗歌 诗人 时报 视野 思 网上 鲜明 写道 欣赏 心理 行 严谨 言 因特网 营养 优美 右 誉为 阅读 崭新 者 之 
---- Cluster id #20 ----
Size: 36
搬 被告 儿子 翻译 夫妻 父母 歌曲 故居 故乡 广场 孩子 贺卡 怀着 患者 回家 家长 家乡 肯 留学 拿 奶奶 平静 普通话 人们 任职 日子 上学 少奇 她 太原 文章 献 雨 这家 祝福 子女 
---- Cluster id #21 ----
Size: 129
安全 案 案件 办案 暴力 爆炸 不够 财产 查办 呈 惩处 打击 逮捕 当事人 递增 毒品 队伍 发票 法官 法庭 法院 犯罪 犯罪分子 方略 房地产 干警 干扰 公安 公正 管辖 合法 合同 狠抓 贿赂 机关 及时 检察 检察院 鉴定 件 建新 结论 解释 金额 禁毒 纠纷 纠正 居住 举报 可靠 类 理由 立案 力气 律师 秘密 民事 宁波 判处 判决 培训班 赔偿 聘请 破坏 起诉 抢劫 轻 请求 权益 人民法院 上级 上升 上述 上下 涉及 涉嫌 审查 审理 审判 省级 是否 释放 收集 受理 数额 思卿 司法 诉讼 随 贪污 提起 通知 头脑 危害 为由 委托 未能 嫌疑人 线索 刑法 刑事 刑事诉讼法 性质 姓名 严打 严厉 严肃 严重 一体 预防 在场 增大 增多 侦查 证据 证明 知识产权 职务 执行 致使 秩序 治安 中级 追究 宗旨 走私 最高 罪 渎职 
---- Cluster id #22 ----
Size: 16
大门 顶 夺 风采 风貌 概念 功夫 和谐 花园 口号 视为 首都 天安门 显然 以内 直至 
---- Cluster id #23 ----
Size: 49
变成 朝 车站 春运 地处 对 发 分工 高速 公里 公路 广 广州 沪 火车 货物 纪录 津 京 九 卡 开通 客车 客运 列 列车 临时 旅客 每天 清除 上演 神 时刻 售票 提 铁道部 铁路 通道 图 为主 线 小时 沿线 涌 运 运输 增 增收 增至 
---- Cluster id #24 ----
Size: 65
遍 不惜 长城 春 春风 此时 大师 动 动人 感染 歌剧 工地 攻 海口 惠芬 激情 技巧 家人 间 交给 拉 乐观 乐团 联手 练 冒 梦 描绘 内涵 年轻人 评论 人间 散 试 手术 抬 躺 题写 天地 天下 外地 维也纳 舞 舞台 县城 响起 校园 心灵 雄厚 演出 演奏 一代 遗憾 艺术家 意志 音乐 音乐会 酝酿 扎 掌声 这时 知 之上 重返 闵 
---- Cluster id #25 ----
Size: 50
北方 变 草 草地 承包 当中 地 该县 攻关 股份合作制 户 荒山 毁 建 江西 经济林 开发 老区 林业 龙头 面积 亩 南方 农民 农业部 拍卖 全村 全县 人均收入 认可 山区 试验 谁 水利 水准 踏 投 物 细 县政府 小型 兴建 修 畜 畜牧业 验收 养 优质 咱 致富 
---- Cluster id #26 ----
Size: 34
办事 保留 弊端 编制 部 承受 方案 干 公务员 官僚主义 广播 规划 归 国土 贺电 化肥 机构 机关干部 精简 经贸委 刻苦 民政部 墨 庞大 膨胀 卫生部 文化部 冶金 运转 政府 政企 制订 中介 组建 
---- Cluster id #27 ----
Size: 45
白色 背 边防 部队 产 称赞 大棚 恶劣 发明 盖 高原 公斤 官兵 海拔 基地 艰辛 结 军区 空白 领 们 面前 难题 配 偏 奇迹 气温 摄氏度 蔬菜 挑 停留 头 土 武警 玉米 栽 栽培 忠诚 种植 种子 重 株 猪 驻军 足够 
---- Cluster id #28 ----
Size: 165
爱国 爱护 榜样 宝贵 不顾 才能 策划 策略 长 彻底 成立 崇高 初 初期 出来 出色 传达 此后 促成 担任 诞辰 党内 第一线 典范 调 斗争 恩来 发言 风范 复杂 负责人 感情 革命家 工人阶级 公仆 共产主义 关怀 国民党 后 华北 恢复 会场 极端 急 记得 坚定 艰苦 艰难 将军 接触 接见 杰出 解放 尽 精力 境界 敬爱 久 抗日 抗战 老一辈 离开 历程 领导人 留 留给 留下 隆重 率领 每个 缅怀 面貌 民主党派 名字 那样 那种 耐心 南京 难忘 内外 内心 排除 朋友 批示 品格 品质 期间 前后 前线 青 倾听 全世界 热爱 人格 入 善于 身 身边 深厚 深情 事件 事情 所属 他 提倡 替代 同志 统一战线 统战 统战部 投身 顽强 伟人 文革 文化大革命 我党 无产阶级 无限 伍 西安 牺牲 细致 详细 想象 心血 信念 休息 修权 业绩 一起 一生 以为 赢得 勇敢 忧 遭到 早 战场 战斗 战友 站 照顾 真理 争取 政治家 知名人士 之际 之一 之中 直到 指示 智慧 中间 忠实 种种 周 主持 著名 卓越 资产阶级 字 总参谋长 走过 最后 魅力 
---- Cluster id #29 ----
Size: 17
阿 阿尔及利亚 爱尔兰 北爱 布莱尔 词 更新 和谈 黑 据说 伦敦 南北 深感 苏丹 贴 形象 英国 
---- Cluster id #30 ----
Size: 50
百分点 比例 拆借 存 存款 贷款 担保 发放 法定 防范 分行 幅度 负债 该行 工具 挂钩 货币 降低 接近 结算 金融 金融业 客户 控制 来源 理顺 利率 利于 名义 哪些 取消 商品房 商业 投放 下调 现行 限额 信贷 信用 行长 一般 银行 银行业 用于 有利于 这次 政策性 准备金 准备金率 资金 
---- Cluster id #31 ----
Size: 42
本人 场地 撤销 答 大户 发行 方便 股东 股票 挂牌 回报 基金 简称 交易 交易所 开设 刊登 联网 买卖 泡沫 披露 区别 上市 上网 申报 深圳 提醒 投机 投资 投资者 违规 问 营业部 运作 账户 证监会 证券 指定 只 只能 资格 自 
---- Cluster id #32 ----
Size: 73
颁发 办法 本 补充 不得 部门 采矿 采矿权 出资 储量 登记 地质 发布 范围 供 公告 构成 管理 规定 国务院 会同 减 缴纳 开采 勘查 勘探 可以 款 矿产 领取 没收 免 名称 内 年度 批准 平方公里 评估 起 签订 前 情节 日 申请 审批 施工 收到 手续 探矿权 特定 提交 天然气 条 铁 停止 同意 违反 文件 限期 许可证 延长 延续 应当 予以 原 暂行 招标 证书 主管 转让 资料 资源 最低 
---- Cluster id #33 ----
Size: 38
带动 锭 纺织 付出 工业 攻坚战 国有 过度 含量 济南 截至 解困 净 举措 困境 离退休 力争 落后 扭亏 配置 契机 抢 敲 生产能力 升级 淘汰 通 突破口 退出 陷入 压 压锭 压缩 沿海 移 有机 展开 重组 
---- Cluster id #34 ----
Size: 32
八一队 比分 场 打 对手 分钟 国家队 击败 甲Ａ 教练 教练员 俱乐部 篮球 辽宁队 男篮 年轻 念头 强劲 球 球队 球员 弱 赛季 输 体委 万达队 训练 赢 遇 支 主教练 足球 
---- Cluster id #35 ----
Size: 32
ＶＣＤ 便宜 彩电 此举 盗版 电视 电视机 多媒体 防伪 份额 光盘 广告 国产 杭州 画面 会员 家电 降价 厘米 名牌 模拟 品牌 屏幕 取代 软件 商标 数字 图像 推出 信号 研制 注册 
---- Cluster id #36 ----
Size: 95
本质 变为 标志 表达 别的 不可 初级阶段 创立 创造性 错误 道路 邓 邓小平理论 地域 定位 东西 发达 飞跃 富强 概括 纲领 高潮 共产党 共产党人 共识 观察 观点 光明 国情 还要 回答 集体 继承 建国 讲 教训 阶段 经历 救 卷 科学 理论 历史性 领会 论断 马克思 马克思主义 马列主义 毛泽东思想 面 命运 判断 旗帜 前列 前途 清楚 清醒 全党 确立 确认 认识 三中全会 社会主义 生产力 失误 十四大 时代 时候 实践 逝世 它 套 特色 特征 脱离 为什么 伟大 文献 系列 以后 以前 拥护 勇气 载 造就 怎样 哲学 这个 这样 正是 郑重 之下 中国 中山 重任 
---- Cluster id #37 ----
Size: 39
爱国主义 长期 抵御 对方 革命 各 各族 工作者 共建 鼓舞 光辉 纪念 纪念馆 加速 建筑 结成 举世瞩目 空 烈士 民族 平等 迫切 抢救 青少年 区域 少数民族 社会效益 收藏 贴近 文物 兄弟 赞助 展出 展览 中华民族 中西部 自治 自治县 自治州 
---- Cluster id #38 ----
Size: 19
啊 杯 病人 传来 倒 顾客 喝 咖啡 可谓 楼 哪 啤酒 瓶 铺 室内 屋 形 圆 这儿 
---- Cluster id #39 ----
Size: 34
北约 本报 彼此 表明 波罗的海 大国 独联体 俄 俄罗斯 访 伙伴 扩 理事会 莫斯科 谋求 欧洲 签署 切尔诺梅尔金 认为 渗透 首脑 守 条约 维和 乌 乌克兰 宪章 协定 协作 叶利钦 一体化 引人注目 舆论 元首 
---- Cluster id #40 ----
Size: 22
称号 乘客 冲 歹徒 刀 喊 记 连队 脸上 玲 幕 评为 青春 邱 塞 神圣 授予 围 鲜花 现金 血 英雄 
---- Cluster id #41 ----
Size: 25
北部 本国 不便 德国 非法 各国 哈 吉 警方 联盟 马克 难民 它们 土耳其 西方 希腊 演习 伊朗 伊斯兰 移民 意大利 油气 争 争夺 中亚 
---- Cluster id #42 ----
Size: 22
本地 窗口 典型 对待 发掘 高尚 个别 空前 模范 墙 全局 人心 示范 事迹 推广 系统工程 先进 效应 宣传 涌现 针对性 抓 
---- Cluster id #43 ----
Size: 31
北 变化 吹 大海 大气 地球 东 度 厄尔尼诺 附近 海 海洋 毫米 环 家园 命名 难得 暖 气候 气象 全球 热带 人类 上空 事物 太平洋 太阳 天气 西 现象 辛勤 
---- Cluster id #44 ----
Size: 43
报 称 春云 大雪 地震 房屋 防震 负责 火灾 监测 减灾 救济 救援 救灾 抗灾 抗震救灾 那曲 抢险 亲人 人民政府 丧失 伤亡 损失 特大 慰问 物资 县级 雪灾 医疗队 引发 预报 预测 灾害 灾民 灾情 灾区 造成 张北 张家口 帐篷 重建 子弟兵 自救 
---- Cluster id #45 ----
Size: 453
安定 把握 摆脱 办 包括 薄弱 保障 保证 必要 表率 不好 不同 不懈 不准 步 步伐 部署 财富 采取 参考 操作 层次 查处 差 产生 成功 成就 成为 成效 程度 充分 出发 出台 出现 处分 处理 处在 传统 创新 创造 此 促进 促使 存在 大胆 大中型 带来 带头 党 党风 党性 党员 党政 党政机关 党中央 得到 得以 奠定 调动 丢 动力 独立 对外开放 多 遏制 发达国家 发挥 发生 发扬 发展 发展中国家 繁重 反 反对 反映 犯 方面 方式 方向 方针 防止 放 奋斗 风波 风气 符合 腐败 负担 附 改变 改革 改造 干部 高举 格局 个 各个 各级 各位 各项 各种 给予 根本 根本性 工作 巩固 贡献 够 关键 关心 观念 贯彻 广大 广泛 广阔 国际 国家 过程 好 核心 环节 回顾 会 混乱 活力 基本 基础 机 机遇 机制 积极 积累 集中 计划经济 纪检 纪律 家华 加强 加以 驾驭 监察 坚持 坚持不懈 坚定不移 坚决 坚强 坚实 艰巨 艰苦奋斗 健康 健全 健行 建立 建设 接受 结合 解放思想 解决 紧密 进步 进行 近 精神 精心 经济 经受 经验 局部 局面 举办 巨大 具备 具体 具有 决策 开辟 开创 开放 开拓进取 开展 看待 看到 考虑 考验 靠 科技 科教兴国 科学技术 客观 肯定 困难 来 牢固 牢记 老 理解 理想 利益 利用 立 力量 联系 廉洁自律 廉政 良好 了解 领导 流失 路线 落实 迈出 迈向 蔓延 矛盾 每年 密切 面对 面临 民主 明确 目标 内容 能 能够 能力 年 努力 配合 批 普遍 期望 起到 起来 千方百计 前进 前提 前沿 强大 强调 强化 强烈 切实 情况 渠道 取得 全 全方位 全会 全面 全心全意 确定 群众 人 人民 任何 任务 认清 认真 容易 如何 三峡 上 少 奢侈浪费 社会 深刻 深入 审计 生活 十五大 时间 实际 实事求是 实现 实行 使 使命 世纪 事业 是 适应 受到 树立 水平 顺利 说明 思想 素质 所有 台阶 探索 特点 提出 提高 体会 体系 体现 体制 条件 铁映 突出 突破 土地 团结 推动 推进 推向 妥善 拓宽 完全 完善 围绕 为 维护 尉 稳定 问题 我国 我们 物质 物质文明 吸收 下 下去 显著 现代化 项 削弱 小康 效果 协调 新 信息 形成 形式 形势 需要 学者 严格 严禁 严峻 研究 要 要求 一定 一级 一切 一致 依靠 以来 意见 意识 意义 意愿 因地制宜 因素 引导 引进 引起 应 应该 应有 影响 硬 勇于 优良 有 有的 有利 有力 有所 有效 有些 有序 遇到 原因 原则 源头 运用 责任感 责任制 增强 扎实 战略 掌握 这 这些 这种 振奋 振兴 整个 整体 正气 正确 政策 政治 支持 支柱 知识 知识经济 职责 直接 指标 指出 指导 指引 至关重要 制度 制约 制止 治 中 重大 重点 重庆 重视 重要 重要性 周围 主动 主观 主题 主体 主要 注意 注重 抓好 抓住 专家 转变 准 准确 着眼 着重 自己 自觉性 自身 自我 自愿 综合国力 综合治理 总结 总体 走 走向 组成部分 组织 做到 做好 作出 作风 作为 作用 
---- Cluster id #46 ----
Size: 40
安徽省 出版社 处 处长 歌舞团 广西 海南省 合肥 河北省 河南省 湖南省 江苏省 江西省 剧团 剧院 科教 科委 科协 内蒙古 荣获 三下乡 山东省 山西省 陕西 陕西省 社长 四川省 图书馆 团长 县长 宣传部 演员 医学 医院 艺术团 云南省 浙江省 中医 中医药 重庆市 
---- Cluster id #47 ----
Size: 53
背景 表现 超越 沉重 创作 独特 多样化 反响 氛围 风格 关注 话题 获奖 讲究 揭示 借助 精品 景观 刊物 可喜 栏目 冷 理性 灵魂 门 浓 期待 期刊 情感 秋 群体 人生 散文 深 时尚 试图 收获 思考 塑造 题材 痛苦 显 显示 现实 现实主义 性格 展示 诸如 专栏 姿态 尊严 作品 作者 
---- Cluster id #48 ----
Size: 47
编 不幸 传媒 大众 带有 导演 灯 电视剧 电影 改编 感觉 故事 关根 画 画家 激动 角度 节奏 可能性 老虎 理 美术 描写 某 闹 拍 拍摄 跑 圈 热闹 上面 熟悉 水浒传 思维 文学 洗 小说 写 写作 新兴 艺术 影片 影视 诱惑 展现 中国画 作家 
---- Cluster id #49 ----
Size: 30
大中 杜绝 发起 国会 国民 海外 韩国 豪华 号召 汇 家具 结婚 克服 垃圾 旅游 旅游业 曼谷 难关 售 泰国 外债 吸引 响应 削减 用品 游客 预计 运动 助 总裁 
---- Cluster id #50 ----
Size: 26
变革 标准 定 懂得 方法 分析 否定 高峰 汉年 阶级 经典 历史 领袖 某些 偶然 评价 倾向 热潮 人物 唯一 迎来 原理 这部 之内 著作 左 
---- Cluster id #51 ----
Size: 142
保持 保险 本次 博览会 不利 布局 菜篮子 产量 产业 超过 城乡 城镇 充足 刺激 达到 导向 低 第三产业 调控 调整 对外贸易 吨 放开 放松 分开 丰富多彩 扶持 副食品 改善 高速公路 高新技术 搞好 搞活 供给 供求 鼓励 固定资产 国民经济 国内 合理 宏观 化解 缓解 回落 基本建设 机电 疾病 计划 继续 加大 加快 监管 减轻 减员增效 健身 节约 结构 进展 经济社会 境外 居民 科普 快 扩大 力度 连锁 粮食 零售 流通 买方 盲目 明显 纳入 能源 农产品 农副产品 农田 农业 徘徊 培育 平衡 浦东 趋 全民 全年 热 融资 上涨 社会化 深化 生产资料 生产总值 失业率 势头 适当 适度 适时 市场 试点 收成 收购 缩小 态势 通货膨胀 通胀 同时 统筹 投产 投入 投向 外资 稳妥 稳中求进 物价 下滑 相反 项目 消费品 效益 新增 需求 压力 养老 抑制 优化 预定 约束 运行 造林 增产 增长 增长点 增长率 增加 增添 债务 涨幅 支撑 着力 资本金 总 总额 
---- Cluster id #52 ----
Size: 126
奥地利 班 保健 倍 表演 拨 拨款 不足 藏 册 场所 初中 出版 处于 传 纯收入 此前 达 大家庭 当地 档案 得出 地理 儿童 佛教 妇女 各类 公民 共有 固定 汉 好评 基建 级 继 家庭 价 监狱 建成 交付 教 节日 今 近年来 经 景象 境内 旧 竣工 开办 科 可观 课题 拉萨 累计 历时 列为 流行 论 每 每周 免费 民间 内地 年代 年均 平方米 权利 全国性 全区 人均 人力 人士 设有 生长 省市 使用 世 首要 受灾 私人 所 特殊 通讯 同一 统计 图书 网络 卫生 文字 西藏 习惯 现有 县 享有 消灭 信仰 修复 修建 悬挂 学术 严寒 医疗 医生 遗产 拥有 优惠 语言 原始 遭受 占有 整理 政 支援 中期 中央政府 转 撰写 庄严 状况 自治区 自主 宗教 罪犯 尊重 座 
---- Cluster id #53 ----
Size: 29
伴随 办公 保存 层 常州 大街 读书 繁华 风景 河 精美 礼品 令 迈 名人 浓郁 品位 气 气息 热线 深受 手中 书店 书画 文化 下功夫 一派 营造 资 
---- Cluster id #54 ----
Size: 62
办学 毕业生 编写 部委 财经 陈旧 成人 代 待遇 电脑 该校 改 高等 高等教育 高度 高考 高校 国家教委 国旗 回国 回来 基金会 奖励 教材 教师 教学 教育 据悉 考试 课 课程 课堂 浪费 老师 留学生 面向 年级 培养 普及 普通 齐全 趋势 取决于 人文 上去 设置 师生 什么样 西南 小学 新加坡 学科 学生 学校 眼光 战线 招生 智力 中等 中小学 重复 转向 
---- Cluster id #55 ----
Size: 28
巴西 白酒 包含 北风 波恩 波黑 查获 冲突 分子 感慨 工商局 甲醇 假 警察 酒 局 科索沃 恐怖 联络 连日来 南斯拉夫 谴责 山西 收回 造 制 中毒 总书记 
---- Cluster id #56 ----
Size: 28
搭 答应 大姐 代表团 对付 饭店 夫妇 赶 跟 跟着 记忆 开会 客人 庆典 人家 荣 沙漠 上班 声音 师 踢 团 推荐 喜悦 小伙子 毅仁 召集 着 
---- Cluster id #57 ----
Size: 34
拆 产权 产值 城市 创汇 促 单一 雕塑 服装 附加值 工 公共 骨干 集体经济 江苏 教堂 阶层 聚集 空间 劳动力 流动 模式 哪个 盘活 融合 市中心 所有制 挑战 挖 乡村 乡镇企业 小 之外 中小企业 
---- Cluster id #58 ----
Size: 38
安 办理 薄 保值 不满 财政部 持有 储蓄 到期 兑付 付 根据地 公布 共产党员 购买 国债 计 计算 节 军民 开始 利息 满 年利率 凭证式 期 期限 日报 事宜 提前 提问 填 网点 应付 债券 政权 支付 子文 
---- Cluster id #59 ----
Size: 32
笔 冰箱 仓库 倡议 超 成都 创办 倒闭 电器 动作 短短 股 国家级 果断 军营 科龙 利税 论证 宁 起点 企业家 迁 全球化 盛 台 停产 同样 稳 意味着 跃 云龙 最佳 
---- Cluster id #60 ----
Size: 167
白 柏林 包 毕 兵 波 布赫 蔡 藏族 曹 常 朝鲜族 陈 程 迟 川 崔 戴 单 丁 董 杜 范 方 费 冯 傅 刚 高 葛 龚 古 顾 关 官 光英 贵 贵鲜 郭 韩 何 贺 洪 侯 胡 虎 华夏 黄 回族 霍 家宝 贾 健 建华 姜 蒋 杰 金 锦华 晋 菊 俊 康 克 孔 兰 李 力 梁 亮 廖 林 刘 柳 龙 卢 鲁 路 陆 吕 罗 马 满族 梅 蒙古族 孟 苗 苗族 敏 明 名 聂 牛 女 潘 平 齐 秦 庆林 曲 全有 群 尚 邵 申 沈 施 史 舒 松 宋 孙 谭 汤 唐 涛 陶 田 土家族 万 万年 汪 王 韦 维吾尔族 伟 魏 温 文 闻 吴 武 夏 向 肖 谢 熊 徐 许 薛 严 阎 杨 扬 姚 叶 彝族 易 毅 尹 勇 游 于 余 俞 袁 云 曾 张 赵 郑 志 钟 朱 祝 壮族 邹 
---- Cluster id #61 ----
Size: 24
比索 成员国 跌 兑 纷纷 核 核电站 黄金 开发区 昆 拉美 利比亚 美元 墨西哥 南 欧佩克 石油 桶 委内瑞拉 下跌 新年伊始 印尼盾 原油 至 
---- Cluster id #62 ----
Size: 41
边 称为 村庄 发出 风 敢于 古老 寒冷 好像 红 花 火 鸡 家中 劲 京城 开 渴望 落 卖 美丽 牡丹 那 那些 呢 旁 飘 时节 死 添 脱颖而出 温暖 喜欢 献给 香 像 向前 雪 延安 也 正好 
---- Cluster id #63 ----
Size: 24
本身 侧面 长远 超出 单纯 对立 规律 忽视 价值观 见解 角色 具 里面 论述 内在 能否 前所未有 生命力 使得 双重 腿 文艺 依赖 自觉 
---- Cluster id #64 ----
Size: 65
保卫 爆发 被动 参与 长征 朝鲜 持久 担负 诞生 导弹 到达 德 敌人 独立自主 夺取 发动 丰富 该书 国防 海军 红军 后勤 解放军 进攻 经济基础 军 军队 军事 军委 抗日战争 空军 灵活 旅 毛 命令 篇 迫使 全军 人民军队 生涯 胜利 失 时期 题词 文选 我军 武装 消极 协助 学会 院校 早期 泽东 占领 战斗力 战术 战役 战争 指挥 致力 中央军委 装备 自力更生 总政治部 作战 
---- Cluster id #65 ----
Size: 36
拜年 班长 播出 唱 登 电视台 度过 风光 告诉 歌 歌声 歌舞 观众 湖 佳节 节目 京剧 军人 快乐 联欢 明星 年年 农历 情绪 色彩 少儿 首 晚会 武术 舞蹈 戏曲 相声 演 演唱 夜 战士 
---- Cluster id #66 ----
Size: 97
Ｄ 巴基斯坦 半岛 贝宁 比 比利时 表示 布鲁塞尔 差异 大臣 大会堂 大使 定期 对话 多极化 访问 非洲 夫人 感到 感谢 高层 高兴 关系 国 浩田 荷 荷兰 合作 互访 互利 欢迎 会见 会谈 建交 建设性 交换 介绍 经贸 看法 来访 来华 琳 领域 卢森堡 美好 莫 莫桑比克 南非 欧 欧盟 鹏 频繁 其琛 气氛 签字 钱 前景 潜力 热烈 摄 首相 双边 双方 探讨 图片 外交部 外交部长 外经贸部 为期 问候 西欧 相互 相信 谢里夫 信任 兴趣 亚 亚洲 也门 仪式 意 议长 有助于 有着 友好 友谊 愿 赞赏 增进 正式 之间 祝贺 祝愿 驻 驻华 转达 卓有成效 
---- Cluster id #67 ----
Size: 93
表决 草案 常委会 常务 长官 程序 惩治 充实 抽查 筹备 代表 代表大会 地方 督促 法 法规 法律 法制 法治 赋予 改进 规范 规则 规章制度 国家机关 候选人 换届 汇报 季度 纪云 监督 检查 接待 借鉴 决定 框架 老年人 立法 立足 力求 每次 难点 拟 评议 起草 权力 权威 热点 人大 人大代表 任命 任期 日常 设立 审议 实施 实效 适合 市场经济 授权 特别 提名 提请 条例 听取 外国 委员会 宪法 信访 行使 行政 行政区 修订 修改 选出 选举 依据 议案 议会 有益 原有 灾 征求 正当 职权 执法 制定 治国 中华人民共和国 主办 专门 组成 遵循 
---- Cluster id #68 ----
Size: 47
报告 暴露 别国 承认 持 导致 抵制 法案 封锁 该市 干涉 耕地 攻击 公认 公约 好处 家属 抗议 类似 冷战 例如 美国 男女 内政 其它 侵犯 侵略 人权 事实 事实上 所谓 他人 外国人 限制 相同 消耗 宣言 研究会 邮政 预期 珍惜 挣 执政 指责 周刊 准则 自由 
---- Cluster id #69 ----
Size: 21
不如 不行 打工 担 得 高产 贵州 汗水 粮 谋 农科院 肉 山 实验室 水稻 延伸 一等奖 银 扎扎实实 正 子 
---- Cluster id #70 ----
Size: 25
道德 多利 过硬 哈佛 海信 呼唤 禁止 捐赠 克隆 利 领导者 启示 失学 实验 挖掘 希望工程 细胞 新闻 羊 员工 在于 职业道德 植物 中外 自律 
---- Cluster id #71 ----
Size: 63
爱心 把 帮 帮扶 楚政 床 带领 地上 冬 断 对口 奋战 份 扶 扶贫 富 妇联 根 攻坚 孤儿 好事 划 患 挤 脚 救助 举 捐 捐款 捐助 老伴 路子 美德 民兵 母亲 那天 彭 贫困 贫困户 贫困县 贫穷 启动 清 穷 如同 双 司令员 似 趟 特困 特困户 脱贫 脱贫致富 温饱 湘西 乡亲 幸福 养猪 阵阵 只见 资助 足 组委会 
---- Cluster id #72 ----
Size: 32
处罚 措施 等级 调节 定价 罚款 干预 各自 获取 价格 紧急 经营者 其他 权 权限 商品 适用 收费 收取 属于 损害 提供 违法 消费者 行为 虚假 有关 责令 章 直辖市 指 遵守 
---- Cluster id #73 ----
Size: 26
保 春耕 东北部 丰收 干旱 公顷 灌溉 黄淮 节水 井 抗 抗旱 可贵 宁夏 庆祝 缺 省区 石家庄 水果 水源 水资源 土壤 务实 小麦 原材料 运河 
---- Cluster id #74 ----
Size: 18
长春 传销 大连 大厦 购物 股份 昆明 南昌 农场 全场 啥 商场 商厦 输出 徐州 有限 有限公司 郑州 
---- Cluster id #75 ----
Size: 36
采用 差别 成分 动摇 非 非公有制 富裕 公平 公有制 股份制 积极性 激发 极大 经济效益 开阔 看好 矿 劳动 劳动者 量 迈进 煤 煤矿 倾斜 生机 手里 效率 寻找 迅猛 要素 隐患 优先 鱼 原来 资本主义 总产值 
---- Cluster id #76 ----
Size: 23
澳 澳门 颁布 颁奖 比较 参赛 丛书 大楼 电台 过渡 回归 基本法 交接 竞赛 两地 平稳 书籍 书面 听众 页 踊跃 中文 珠海 
---- Cluster id #77 ----
Size: 32
安装 报警 成熟 承诺 大队 当做 罚 房间 公安部 公安局 公益 价值 接到 老百姓 媒介 民 民警 女士 派出所 平凡 取 商家 手机 受伤 危险 祥和 小事 巡警 义务 议论 这么 值 
---- Cluster id #78 ----
Size: 50
安徽 班子 奔 编者按 财务 村 村干部 村里 村民 村委会 村务公开 大事 党支部 党组织 电价 干群 高低 供电 公开 管 河北 后面 呼声 怀疑 基层 降 交 郊区 困扰 乱 满意 明白 农村 农户 盼 前面 求 全省 确实 上访 说法 投票 推行 喜庆 县里 乡 依旧 这项 阵地 整顿 
---- Cluster id #79 ----
Size: 29
背后 大地 大树 大厅 电厂 洪水 欢乐 黄河 棵 兰州 绿化 爬 平安 青海 上游 设计师 声 生命 树 水库 水土 听到 西北 象征 愉快 造福 植树 值班 中队 
---- Cluster id #80 ----
Size: 41
比重 表 从事 从业 单位 地区 东部 法人 分布 公报 共计 划分 结果 居委会 快速 类型 末 年龄 女性 批发 平均 普查 人数 人员 如下 社区 数 数据 数量 体育 统计局 西部 吸纳 以外 营业 占 占地 镇 中部 总量 总数 
---- Cluster id #81 ----
Size: 81
Ａ Ｂ 包袱 变动 产品 成本 出去 出于 存量 大型 代价 等于 多元化 放弃 放在 费用 分散 分为 风险 改制 改组 钢铁 功能 规模 国外 邯钢 合并 合资 机会 集团 经营 竞争 看来 可能 扩展 扩张 浪潮 垄断 某种 目的 内部 纽带 破产 企业 全新 如 甚 失败 收益 手段 外部 维持 无法 限度 销售 销售额 兴起 行列 行业 迅速 业务 营销 盈利 优势 增值 占据 战略性 政府部门 值得 指明 种 注入 专业化 壮大 追求 资本 资产 总部 组合 最终 做法 
---- Cluster id #82 ----
Size: 35
层层 倡导 城区 出租车 创 创建 档次 动员 堆 岗 激励 街 街道 街头 精神文明 考核 扣 礼貌 领导班子 路上 南宁 南宁市 评选 群众性 人人 生动 市民 受益 双拥 文明 吸取 新人 修养 有待 整治 
---- Cluster id #83 ----
Size: 33
博物馆 城 打假 到位 店 防 狗不理 好转 还 活动 假货 假冒伪劣 老板 联 鲁迅 门前 民心 热水器 商店 实 实实在在 实事 投诉 退 为何 无 信誉 引 忧虑 载体 展 真 中宣部 
---- Cluster id #84 ----
Size: 48
北大 边界 波音 差距 初步 船 大 大庆 大小 动态 公司 衡量 互补 激烈 集团公司 家 兼并 简单 江南 接轨 进出口 进入 经济学 距离 跨 宽 亏损 联合 连续 排 排名 评 其 强 如此 实力 世界 视 速度 通用 拖 下属 相当 一样 油田 杂志 真正 总公司 
---- Cluster id #85 ----
Size: 25
产业化 成果 到底 东盟 国王 海关 红色 集装箱 检测 建造 经费 科研 拉那烈 论文 满足 清华 缺少 视察 缩短 托 系统 中科院 周期 转化 转换 
---- Cluster id #86 ----
Size: 32
并非 补 补贴 不正之风 出售 大中城市 抵押 对象 房 分配 福利 个人 工资 供应 即 建房 角 教职工 乐 例 每月 实物 市场化 现任 享受 消费 小区 新建 需 住房 住宅 租 
---- Cluster id #87 ----
Size: 24
此次 此间 大选 丹麦 党派 国大党 获胜 季 竞选 领先 麻烦 媒体 凝聚力 派 人民党 席 席位 相似 选民 选票 印 印度 阵线 政党 
---- Cluster id #88 ----
Size: 34
帮助 报名 残疾人 传播 岛 锻炼 服务 服务队 个体 挂 柜台 弘扬 互助 货 揭晓 牌子 蓬勃 青岛 青年 热心 生意 实用 书法 司 所在 同学 温馨 喜爱 新风 行动 赠送 征文 志愿 志愿者 
---- Cluster id #89 ----
Size: 14
长沙 出路 闯 该 合格 监控 交警 辆 市区 违章 一流 支队 中小学生 抓获 
---- Cluster id #90 ----
Size: 44
安排 财力 财税 财政 采购 呈现 赤字 大于 得益 低于 抵 高于 关税 国内外 会计 加 加元 减免 减少 进口 开支 累 弥补 其中 欠 清理 庆 确保 适度从紧 收入 收支 税 税收 税务 完成 相应 消化 预算 元 增幅 征收 支出 专项 转移 
---- Cluster id #91 ----
Size: 105
巴金 闭幕 必然 参政议政 草原 茶话会 阐述 出访 出席 次 大会 大局 调查 调研 对外 发表 防火 服从 赴 甘肃 纲要 稿 各界 古巴 光亚 规范化 国权 宏伟 华清 会议 活跃 建议 讲话 交往 锦涛 举行 开幕 开拓 看望 考察 科技界 库区 两会 列入 鲁丽 履行 率 民工 名单 强有力 乔 侨胞 全体 人选 日程 入手 瑞典 瑞环 森林 商 石 思路 讨论 题 通过 团体 拓展 伟长 协商 新鲜 兴 选平 研讨 研讨会 演讲 邀请 议程 议题 应邀 迎春 与会 圆满 泽民 展望 章程 兆国 召开 正英 政协 职能 制度化 智利 周年 主持人 主席台 主席团 驻地 专题 组 做出 作 座谈 座谈会 孚凌 F基 
---- Cluster id #92 ----
Size: 27
步入 车辆 承担 公园 机动车 加重 交通 净化 门口 怕 汽车 认定 伤 事故 司机 死亡 随意 停 停车 现场 行人 游人 责任 真相 治疗 撞 自行车 
---- Cluster id #93 ----
Size: 48
安置 本领 笔者 长工 长途 车 创业 分流 锋 奉献 富余 该厂 岗位 工程 工会 光彩 活 火车站 姐妹 就业 开业 块 劳务 雷 门路 民营 某部 平原 全市 上岗 失业 市 市政府 私营 推销 退休 武汉 武汉市 下岗 兴办 学 用人 与会者 再现 找到 职工 职业 中心 
---- Cluster id #94 ----
Size: 40
败 本轮 比赛 斌 段 队 队员 夺冠 负 河南 精彩 居 开幕式 联赛 轮 名人战 男排 女排 排球 盘 其余 棋 棋手 取胜 赛事 深圳市 升 胜 四川 厅 围棋 位置 讯 预赛 遭 战 战胜 浙江 主场 昊 
---- Cluster id #95 ----
Size: 19
表面 冰 发射 发现 轨道 航天 火箭 机器 镜头 科学家 卢布 南极 深处 水 太空 掀起 月 月球 证实 
